           ###########################################################
           #                     ADPRES 1.2                          #
           #        ABU DHABI POLYTECHNIC REACTOR SIMULATOR          #
           ###########################################################


  =============================INPUT DATA STARTS HERE===========================
     1: ! IAEA3D Adjoint input data                                                                         
     2:                                                                                                     
     3: %MODE                                                                                               
     4: ADJOINT                                                                                             
     5:                                                                                                     
     6: %CASE                                                                                               
     7: IAEA3D                                                                                              
     8: ADJOINT PROBLEM WITH 10 CM NODE SIZE                                                                
     9:                                                                                                     
    10: %XSEC                                                                                               
    11: 2  5    ! Number of groups and number of materials                                                  
    12: ! sigtr   siga   nu*sigf sigf   chi   sigs_g1  sigs_g2                                              
    13: 0.222222  0.010  0.000  0.000    1.0   0.1922   0.020                                               
    14: 0.833333  0.080  0.135  0.135    0.0   0.000    0.7533   ! MAT1 : Outer Fuel                        
    15: 0.222222  0.010  0.000  0.000    1.0   0.1922   0.020                                               
    16: 0.833333  0.085  0.135  0.135    0.0   0.000    0.7483   ! MAT2 : Inner Fuel                        
    17: 0.222222  0.0100 0.000  0.000    1.0   0.1922   0.020                                               
    18: 0.833333  0.1300 0.135  0.135    0.0   0.000    0.7033   ! MAT3 : Inner Fuel + Control Rod          
    19: 0.166667  0.000  0.000  0.000    0.0   0.1267   0.040                                               
    20: 1.111111  0.010  0.000  0.000    0.0   0.000    1.1011   ! MAT4 : Reflector                         
    21: 0.166667  0.000  0.000  0.000    0.0   0.000    0.040                                               
    22: 1.111111  0.055  0.000  0.000    0.0   0.000    0.000    ! MAT5 : Reflector + Control Rod           
    23: %GEOM                                                                                               
    24: 9 9 19         !nx, ny, nz                                                                          
    25: 10.0 8*20.0    !x-direction assembly size in cm                                                     
    26: 1  8*2         !x-direction assembly divided into 2 (10 cm each)                                    
    27: 8*20.0 10.0    !y-direction assembly size in cm                                                     
    28: 8*2  1         !y-direction assembly divided into 2 (10 cm each)                                    
    29: 19*20.0        !z-direction assembly  in cm                                                         
    30: 19*1           !z-direction nodal is not divided                                                    
    31: 4              !np number of planar type                                                            
    32: 1  13*2  4*3  4     !planar assignment (from bottom to top)                                         
    33: ! Planar_type_1 (Bottom Reflector)                                                                  
    34:   4  4  4  4  4  4  4  4  4                                                                         
    35:   4  4  4  4  4  4  4  4  4                                                                         
    36:   4  4  4  4  4  4  4  4  4                                                                         
    37:   4  4  4  4  4  4  4  4  4                                                                         
    38:   4  4  4  4  4  4  4  4  0                                                                         
    39:   4  4  4  4  4  4  4  4  0                                                                         
    40:   4  4  4  4  4  4  4  0  0                                                                         
    41:   4  4  4  4  4  4  0  0  0                                                                         
    42:   4  4  4  4  0  0  0  0  0                                                                         
    43: ! Planar_type_2 (Fuel)                                                                              
    44:   3  2  2  2  3  2  2  1  4                                                                         
    45:   2  2  2  2  2  2  2  1  4                                                                         
    46:   2  2  2  2  2  2  1  1  4                                                                         
    47:   2  2  2  2  2  2  1  4  4                                                                         
    48:   3  2  2  2  3  1  1  4  0                                                                         
    49:   2  2  2  2  1  1  4  4  0                                                                         
    50:   2  2  1  1  1  4  4  0  0                                                                         
    51:   1  1  1  4  4  4  0  0  0                                                                         
    52:   4  4  4  4  0  0  0  0  0                                                                         
    53: ! Planar_type_3 (Fuel+Partial Control Rods)                                                         
    54:   3  2  2  2  3  2  2  1  4                                                                         
    55:   2  2  2  2  2  2  2  1  4                                                                         
    56:   2  2  3  2  2  2  1  1  4                                                                         
    57:   2  2  2  2  2  2  1  4  4                                                                         
    58:   3  2  2  2  3  1  1  4  0                                                                         
    59:   2  2  2  2  1  1  4  4  0                                                                         
    60:   2  2  1  1  1  4  4  0  0                                                                         
    61:   1  1  1  4  4  4  0  0  0                                                                         
    62:   4  4  4  4  0  0  0  0  0                                                                         
    63: ! Planar_type_4 (Top reflectors)                                                                    
    64:   5  4  4  4  5  4  4  4  4                                                                         
    65:   4  4  4  4  4  4  4  4  4                                                                         
    66:   4  4  5  4  4  4  4  4  4                                                                         
    67:   4  4  4  4  4  4  4  4  4                                                                         
    68:   5  4  4  4  5  4  4  4  0                                                                         
    69:   4  4  4  4  4  4  4  4  0                                                                         
    70:   4  4  4  4  4  4  4  0  0                                                                         
    71:   4  4  4  4  4  4  0  0  0                                                                         
    72:   4  4  4  4  0  0  0  0  0                                                                         
    73: ! Boundary conditions (east), (west), (north), (south), (bottom), (top)                             
    74: 1 2 2 1 1 1                                                                                         
  =============================INPUT DATA   ENDS HERE===========================



                              START READING INPUT
  ******************************************************************************
  CALCULATION MODE : ADJOINT CALCULATION                                         

  CASE ID : IAEA3D                                                                                              
  ADJOINT PROBLEM WITH 10 CM NODE SIZE                                                                


            >>>> READING MACROSCOPIC CROSS SECTIONS <<<<
            --------------------------------------------

     MATERIAL  1
    GROUP   TRANSPORT  DIFFUSION  ABSORPTION  REMOVAL    NU*FISS    KAP*FIS   FISS. SPCTR
       1     0.222222  1.500002   0.010000    0.030000   0.000000   0.000000  1.000000
       2     0.833333  0.400000   0.080000    0.080000   0.135000   0.135000  0.000000
   --SCATTERING MATRIX--
     G/G'          1          2
      1        0.192200    0.020000
      2        0.000000    0.753300

     MATERIAL  2
    GROUP   TRANSPORT  DIFFUSION  ABSORPTION  REMOVAL    NU*FISS    KAP*FIS   FISS. SPCTR
       1     0.222222  1.500002   0.010000    0.030000   0.000000   0.000000  1.000000
       2     0.833333  0.400000   0.085000    0.085000   0.135000   0.135000  0.000000
   --SCATTERING MATRIX--
     G/G'          1          2
      1        0.192200    0.020000
      2        0.000000    0.748300

     MATERIAL  3
    GROUP   TRANSPORT  DIFFUSION  ABSORPTION  REMOVAL    NU*FISS    KAP*FIS   FISS. SPCTR
       1     0.222222  1.500002   0.010000    0.030000   0.000000   0.000000  1.000000
       2     0.833333  0.400000   0.130000    0.130000   0.135000   0.135000  0.000000
   --SCATTERING MATRIX--
     G/G'          1          2
      1        0.192200    0.020000
      2        0.000000    0.703300

     MATERIAL  4
    GROUP   TRANSPORT  DIFFUSION  ABSORPTION  REMOVAL    NU*FISS    KAP*FIS   FISS. SPCTR
       1     0.166667  1.999996   0.000000    0.040000   0.000000   0.000000  0.000000
       2     1.111111  0.300000   0.010000    0.010000   0.000000   0.000000  0.000000
   --SCATTERING MATRIX--
     G/G'          1          2
      1        0.126700    0.040000
      2        0.000000    1.101100

     MATERIAL  5
    GROUP   TRANSPORT  DIFFUSION  ABSORPTION  REMOVAL    NU*FISS    KAP*FIS   FISS. SPCTR
       1     0.166667  1.999996   0.000000    0.040000   0.000000   0.000000  0.000000
       2     1.111111  0.300000   0.055000    0.055000   0.000000   0.000000  0.000000
   --SCATTERING MATRIX--
     G/G'          1          2
      1        0.000000    0.040000
      2        0.000000    0.000000

  ...Macroscopic CX Card is successfully read...


            >>>>>READING CORE GEOMETRY<<<<<
            -------------------------------
  Number of assembly in x, y and z directions respectively :
           9           9          19
  Number of nodes in x, y and z directions respectively :
          17          17          19

  x-directed nodes division (delta-x)
    10.00  10.00  10.00  10.00  10.00  10.00  10.00  10.00  10.00  10.00
    10.00  10.00  10.00  10.00  10.00  10.00  10.00
  y-directed nodes division (delta-y)
    10.00  10.00  10.00  10.00  10.00  10.00  10.00  10.00  10.00  10.00
    10.00  10.00  10.00  10.00  10.00  10.00  10.00

   Planar Region :  1
        1  2  3  4  5  6  7  8  9 10 11 12 13 14 15 16 17
    17  4  4  4  4  4  4  4  4  4  4  4  4  4  4  4  4  4 
    16  4  4  4  4  4  4  4  4  4  4  4  4  4  4  4  4  4 
    15  4  4  4  4  4  4  4  4  4  4  4  4  4  4  4  4  4 
    14  4  4  4  4  4  4  4  4  4  4  4  4  4  4  4  4  4 
    13  4  4  4  4  4  4  4  4  4  4  4  4  4  4  4  4  4 
    12  4  4  4  4  4  4  4  4  4  4  4  4  4  4  4  4  4 
    11  4  4  4  4  4  4  4  4  4  4  4  4  4  4  4  4  4 
    10  4  4  4  4  4  4  4  4  4  4  4  4  4  4  4       
     9  4  4  4  4  4  4  4  4  4  4  4  4  4  4  4       
     8  4  4  4  4  4  4  4  4  4  4  4  4  4  4  4       
     7  4  4  4  4  4  4  4  4  4  4  4  4  4  4  4       
     6  4  4  4  4  4  4  4  4  4  4  4  4  4             
     5  4  4  4  4  4  4  4  4  4  4  4  4  4             
     4  4  4  4  4  4  4  4  4  4  4  4                   
     3  4  4  4  4  4  4  4  4  4  4  4                   
     2  4  4  4  4  4  4  4                               
     1  4  4  4  4  4  4  4                               
   Planar Region :  2
        1  2  3  4  5  6  7  8  9 10 11 12 13 14 15 16 17
    17  3  2  2  2  2  2  2  3  3  2  2  2  2  1  1  4  4 
    16  2  2  2  2  2  2  2  2  2  2  2  2  2  1  1  4  4 
    15  2  2  2  2  2  2  2  2  2  2  2  2  2  1  1  4  4 
    14  2  2  2  2  2  2  2  2  2  2  2  1  1  1  1  4  4 
    13  2  2  2  2  2  2  2  2  2  2  2  1  1  1  1  4  4 
    12  2  2  2  2  2  2  2  2  2  2  2  1  1  4  4  4  4 
    11  2  2  2  2  2  2  2  2  2  2  2  1  1  4  4  4  4 
    10  3  2  2  2  2  2  2  3  3  1  1  1  1  4  4       
     9  3  2  2  2  2  2  2  3  3  1  1  1  1  4  4       
     8  2  2  2  2  2  2  2  1  1  1  1  4  4  4  4       
     7  2  2  2  2  2  2  2  1  1  1  1  4  4  4  4       
     6  2  2  2  1  1  1  1  1  1  4  4  4  4             
     5  2  2  2  1  1  1  1  1  1  4  4  4  4             
     4  1  1  1  1  1  4  4  4  4  4  4                   
     3  1  1  1  1  1  4  4  4  4  4  4                   
     2  4  4  4  4  4  4  4                               
     1  4  4  4  4  4  4  4                               
   Planar Region :  3
        1  2  3  4  5  6  7  8  9 10 11 12 13 14 15 16 17
    17  3  2  2  2  2  2  2  3  3  2  2  2  2  1  1  4  4 
    16  2  2  2  2  2  2  2  2  2  2  2  2  2  1  1  4  4 
    15  2  2  2  2  2  2  2  2  2  2  2  2  2  1  1  4  4 
    14  2  2  2  3  3  2  2  2  2  2  2  1  1  1  1  4  4 
    13  2  2  2  3  3  2  2  2  2  2  2  1  1  1  1  4  4 
    12  2  2  2  2  2  2  2  2  2  2  2  1  1  4  4  4  4 
    11  2  2  2  2  2  2  2  2  2  2  2  1  1  4  4  4  4 
    10  3  2  2  2  2  2  2  3  3  1  1  1  1  4  4       
     9  3  2  2  2  2  2  2  3  3  1  1  1  1  4  4       
     8  2  2  2  2  2  2  2  1  1  1  1  4  4  4  4       
     7  2  2  2  2  2  2  2  1  1  1  1  4  4  4  4       
     6  2  2  2  1  1  1  1  1  1  4  4  4  4             
     5  2  2  2  1  1  1  1  1  1  4  4  4  4             
     4  1  1  1  1  1  4  4  4  4  4  4                   
     3  1  1  1  1  1  4  4  4  4  4  4                   
     2  4  4  4  4  4  4  4                               
     1  4  4  4  4  4  4  4                               
   Planar Region :  4
        1  2  3  4  5  6  7  8  9 10 11 12 13 14 15 16 17
    17  5  4  4  4  4  4  4  5  5  4  4  4  4  4  4  4  4 
    16  4  4  4  4  4  4  4  4  4  4  4  4  4  4  4  4  4 
    15  4  4  4  4  4  4  4  4  4  4  4  4  4  4  4  4  4 
    14  4  4  4  5  5  4  4  4  4  4  4  4  4  4  4  4  4 
    13  4  4  4  5  5  4  4  4  4  4  4  4  4  4  4  4  4 
    12  4  4  4  4  4  4  4  4  4  4  4  4  4  4  4  4  4 
    11  4  4  4  4  4  4  4  4  4  4  4  4  4  4  4  4  4 
    10  5  4  4  4  4  4  4  5  5  4  4  4  4  4  4       
     9  5  4  4  4  4  4  4  5  5  4  4  4  4  4  4       
     8  4  4  4  4  4  4  4  4  4  4  4  4  4  4  4       
     7  4  4  4  4  4  4  4  4  4  4  4  4  4  4  4       
     6  4  4  4  4  4  4  4  4  4  4  4  4  4             
     5  4  4  4  4  4  4  4  4  4  4  4  4  4             
     4  4  4  4  4  4  4  4  4  4  4  4                   
     3  4  4  4  4  4  4  4  4  4  4  4                   
     2  4  4  4  4  4  4  4                               
     1  4  4  4  4  4  4  4                               

  Planar Region Assignment to planes.
 --------------------------------------
   Plane Number     Planar Region    delta-z
       19 (TOP)            4          20.00
       18                  3          20.00
       17                  3          20.00
       16                  3          20.00
       15                  3          20.00
       14                  2          20.00
       13                  2          20.00
       12                  2          20.00
       11                  2          20.00
       10                  2          20.00
        9                  2          20.00
        8                  2          20.00
        7                  2          20.00
        6                  2          20.00
        5                  2          20.00
        4                  2          20.00
        3                  2          20.00
        2                  2          20.00
        1 (BOTTOM)         1          20.00

   Boundary conditions
  X-directed West   : REFLECTIVE
  X-directed East   : ZERO INCOMING CURRENT
  Y-directed North  : REFLECTIVE
  Y-directed South  : ZERO INCOMING CURRENT
  Z-directed Bottom : ZERO INCOMING CURRENT
  Z-directed Top    : ZERO INCOMING CURRENT

  ...Core geometry is successfully read...


  ************************  STOP READING INPUT  ********************************


  ==============================================================================
                           CALCULATION RESULTS
  ==============================================================================

  Itr     k-eff     Fis.Src Error   Inner Error
 ----------------------------------------------------
    1     1.014974    2.52039E-01    1.83093E+02
    2     1.009395    3.03451E-01    7.45479E+00
    3     1.010200    2.48829E-01    2.55885E+00
    4     1.012551    1.93502E-01    1.52170E+00
     ...FISSION SOURCE EXTRAPOLATED...
    5     1.028281    8.82031E+00    7.57641E-01
    6     1.024005    5.75822E-01    6.62905E+00
    7     1.024825    1.96993E-01    1.37675E+00
    8     1.024252    8.06097E-02    5.57592E-01
    9     1.024041    3.66248E-02    4.46014E-01
     ...FISSION SOURCE EXTRAPOLATED...
   10     1.024074    9.56908E-01    3.03630E-01
   11     1.024435    1.73257E-01    9.34589E-01
   12     1.025540    1.32503E-01    2.80535E-01
   13     1.026189    1.00212E-01    1.46255E-01
   14     1.026602    7.41349E-02    1.18679E-01
     ...FISSION SOURCE EXTRAPOLATED...
   15     1.028587    7.48450E-01    9.56445E-02
   16     1.028269    1.11466E-01    7.06605E-01
   17     1.028170    5.44755E-02    3.18547E-01
   18     1.027993    3.19517E-02    1.51712E-01
   19     1.027925    1.96415E-02    1.35036E-01
     ...FISSION SOURCE EXTRAPOLATED...
   20     1.027538    3.26094E-01    8.99153E-02
   21     1.027690    8.21607E-02    3.18860E-01
     .....NODAL COUPLING UPDATED..... 
MAX. CHANGE IN NODAL COUPLING COEF.=  1.81001E-01 AT NODE I =  9, J =  9, K = 19
   22     1.028005    5.97606E-02    9.53648E-02
   23     1.028499    4.61809E-02    6.32802E-01
   24     1.028934    3.02891E-02    2.91868E-01
     ...FISSION SOURCE EXTRAPOLATED...
   25     1.029683    1.06859E-01    2.44189E-01
   26     1.028853    1.36826E-02    1.79470E-01
   27     1.028946    8.47496E-03    1.00032E-01
   28     1.029007    6.43617E-03    5.00968E-02
   29     1.029019    5.51115E-03    3.52982E-02
     ...FISSION SOURCE EXTRAPOLATED...
   30     1.028946    1.16413E-01    1.98694E-02
   31     1.029072    8.20091E-03    1.15163E-01
   32     1.028808    7.39144E-03    3.09056E-02
   33     1.028833    5.84359E-03    3.28014E-02
   34     1.028856    4.78025E-03    1.78482E-02
     ...FISSION SOURCE EXTRAPOLATED...
   35     1.028977    3.59404E-02    1.17346E-02
   36     1.028928    2.50452E-03    3.53986E-02
   37     1.028941    1.92233E-03    1.44697E-02
   38     1.028937    1.57702E-03    1.30679E-02
   39     1.028933    1.15083E-03    8.58489E-03
     ...FISSION SOURCE EXTRAPOLATED...
   40     1.028900    2.23237E-02    7.96148E-03
   41     1.028943    3.67254E-03    2.19227E-02
   42     1.028916    2.81436E-03    8.21488E-03
   43     1.028920    2.06263E-03    8.46786E-03
     .....NODAL COUPLING UPDATED..... 
MAX. CHANGE IN NODAL COUPLING COEF.=  6.26421E-02 AT NODE I =  8, J =  9, K = 19
   44     1.028924    1.59754E-03    4.07423E-03
     ...FISSION SOURCE EXTRAPOLATED...
   45     1.028874    4.28241E-03    1.84906E-01
   46     1.029098    8.99887E-03    1.11005E-01
   47     1.029120    4.50429E-03    1.03022E-01
   48     1.029114    2.69111E-03    3.54699E-02
   49     1.029103    1.95060E-03    5.25424E-03
     ...FISSION SOURCE EXTRAPOLATED...
   50     1.029091    2.04295E-02    3.54819E-03
   51     1.029107    2.71716E-03    2.02425E-02
   52     1.029073    1.94272E-03    8.10528E-03
   53     1.029080    1.42272E-03    7.10732E-03
   54     1.029083    1.06400E-03    3.89937E-03
     ...FISSION SOURCE EXTRAPOLATED...
   55     1.029088    1.04857E-02    1.10457E-03
   56     1.029092    1.96096E-03    1.02411E-02
   57     1.029082    1.46222E-03    4.43392E-03
   58     1.029079    1.07387E-03    3.45794E-03
   59     1.029077    7.89400E-04    3.13316E-03
     ...FISSION SOURCE EXTRAPOLATED...
   60     1.029069    7.39868E-03    1.33508E-03
   61     1.029075    1.01405E-03    7.16948E-03
   62     1.029069    8.07746E-04    3.42314E-03
   63     1.029071    6.21791E-04    2.06713E-03
   64     1.029072    4.87621E-04    1.81906E-03
     ...FISSION SOURCE EXTRAPOLATED...
   65     1.029073    5.10324E-03    7.17351E-04
     .....NODAL COUPLING UPDATED..... 
MAX. CHANGE IN NODAL COUPLING COEF.=  1.75762E-02 AT NODE I = 10, J =  4, K =  1
   66     1.029075    9.51136E-04    4.99472E-03
   67     1.029087    1.87004E-03    5.56312E-02
   68     1.029092    1.04520E-03    3.04235E-02
   69     1.029094    6.36629E-04    1.65560E-02
     ...FISSION SOURCE EXTRAPOLATED...
   70     1.029101    4.36767E-03    1.38403E-02
   71     1.029093    8.08673E-04    1.17734E-02
   72     1.029088    5.75004E-04    5.24220E-03
   73     1.029090    3.66370E-04    2.27919E-03
   74     1.029090    2.54194E-04    1.49094E-03
     ...FISSION SOURCE EXTRAPOLATED...
   75     1.029093    2.70563E-03    6.88898E-04
   76     1.029094    6.19838E-04    2.65249E-03
   77     1.029091    4.63073E-04    1.28416E-03
   78     1.029090    3.40851E-04    1.00961E-03
   79     1.029089    2.51466E-04    8.81616E-04
     ...FISSION SOURCE EXTRAPOLATED...
   80     1.029086    2.68232E-03    4.07943E-04
   81     1.029087    4.13055E-04    2.60738E-03
   82     1.029087    2.81680E-04    1.28430E-03
   83     1.029087    1.81266E-04    8.27387E-04
   84     1.029088    1.32719E-04    6.99956E-04
     ...FISSION SOURCE EXTRAPOLATED...
   85     1.029089    1.42592E-03    2.86006E-04
   86     1.029090    3.30601E-04    1.39873E-03
   87     1.029089    2.56266E-04    6.92067E-04
     .....NODAL COUPLING UPDATED..... 
MAX. CHANGE IN NODAL COUPLING COEF.=  8.40769E-03 AT NODE I = 12, J =  8, K = 19
   88     1.029088    1.94020E-04    5.03988E-04
   89     1.029089    4.61362E-04    3.74280E-02
     ...FISSION SOURCE EXTRAPOLATED...
   90     1.029091    2.04250E-03    1.05912E-02
   91     1.029089    3.70586E-04    5.27171E-03
   92     1.029089    2.10101E-04    3.13752E-03
   93     1.029089    1.21639E-04    1.64491E-03
   94     1.029089    8.81084E-05    1.19324E-03
     ...FISSION SOURCE EXTRAPOLATED...
   95     1.029089    2.47033E-03    6.54548E-04
   96     1.029090    5.38604E-04    2.40153E-03
   97     1.029089    3.83609E-04    8.91809E-04
   98     1.029089    2.84076E-04    8.34474E-04
   99     1.029089    2.11355E-04    6.85761E-04
     ...FISSION SOURCE EXTRAPOLATED...
  100     1.029089    9.85512E-04    3.14924E-04
  101     1.029089    1.31730E-04    9.48438E-04
  102     1.029089    7.07898E-05    5.08478E-04
  103     1.029089    5.05454E-05    3.32043E-04
  104     1.029089    3.84706E-05    3.01365E-04
     ...FISSION SOURCE EXTRAPOLATED...
  105     1.029089    1.08680E-03    1.49360E-04
  106     1.029090    2.31810E-04    1.06228E-03
  107     1.029090    1.72529E-04    4.11942E-04
  108     1.029090    1.34681E-04    3.75698E-04
  109     1.029089    9.79047E-05    2.94327E-04
     ...FISSION SOURCE EXTRAPOLATED...
     .....NODAL COUPLING UPDATED..... 
MAX. CHANGE IN NODAL COUPLING COEF.=  3.03493E-03 AT NODE I = 10, J =  6, K = 19
  110     1.029089    4.08786E-04    1.31759E-04
  111     1.029090    1.88048E-04    1.18920E-02
  112     1.029090    6.24465E-05    2.64079E-03
  113     1.029090    3.76569E-05    1.39566E-03
  114     1.029090    2.38528E-05    7.97169E-04
     ...FISSION SOURCE EXTRAPOLATED...
  115     1.029090    7.17420E-04    3.77711E-04
  116     1.029090    1.38972E-04    7.00485E-04
  117     1.029089    7.25030E-05    2.99079E-04
  118     1.029090    5.14189E-05    2.70398E-04
  119     1.029090    3.80048E-05    2.02154E-04
     ...FISSION SOURCE EXTRAPOLATED...
  120     1.029090    1.75215E-04    1.08025E-04
  121     1.029090    1.51532E-05    1.69271E-04
  122     1.029090    1.05677E-05    9.77013E-05
  123     1.029090    7.35961E-06    7.22664E-05
  124     1.029090    4.98482E-06    5.86264E-05
     ...FISSION SOURCE EXTRAPOLATED...
  125     1.029090    1.30303E-04    3.47165E-05
  126     1.029090    1.91639E-05    1.28016E-04
  127     1.029090    1.31159E-05    6.04964E-05
  128     1.029090    1.03031E-05    5.55566E-05
  129     1.029090    7.47226E-06    2.90375E-05
     ...FISSION SOURCE EXTRAPOLATED...
  130     1.029090    4.25202E-05    2.17169E-05
  131     1.029090    7.39525E-06    4.08336E-05
     .....NODAL COUPLING UPDATED..... 
MAX. CHANGE IN NODAL COUPLING COEF.=  1.02016E-03 AT NODE I = 12, J =  8, K = 19
  132     1.029090    6.23446E-06    2.42039E-05
  133     1.029090    3.61283E-05    6.60894E-03
  134     1.029090    1.89518E-05    6.35317E-04
     ...FISSION SOURCE EXTRAPOLATED...
  135     1.029090    4.56404E-05    2.96474E-04
  136     1.029090    4.97798E-06    1.74240E-04
  137     1.029090    3.30810E-06    9.45893E-05
  138     1.029090    2.12505E-06    4.95711E-05
  139     1.029090    1.73975E-06    3.10858E-05
     ...FISSION SOURCE EXTRAPOLATED...
  140     1.029090    8.81829E-05    1.62897E-05
  141     1.029090    1.08304E-05    8.70783E-05
  142     1.029090    5.63317E-06    2.80811E-05
  143     1.029090    4.30873E-06    1.88945E-05
  144     1.029090    3.69436E-06    2.19085E-05
     ...FISSION SOURCE EXTRAPOLATED...
  145     1.029090    3.40681E-05    1.88041E-05
  146     1.029090    8.10859E-06    3.21257E-05
  147     1.029090    4.02022E-06    1.39221E-05
  148     1.029090    2.33288E-06    1.15648E-05
  149     1.029090    1.44417E-06    7.75306E-06

  MULTIPLICATION EFFECTIVE (K-EFF) =  1.029090


     Radial Power Distribution
   ==============================
           1       2       3       4       5       6       7       8       9
     9   0.743   1.303   1.448   1.215   0.624   0.974   0.982   0.719        
     8   1.303   1.422   1.458   1.315   1.093   1.078   0.999   0.702        
     7   1.448   1.458   1.395   1.336   1.205   1.113   1.017   0.593        
     6   1.215   1.315   1.336   1.202   0.992   0.944   0.794                
     5   0.624   1.093   1.205   0.992   0.487   0.712   0.511                
     4   0.974   1.078   1.113   0.944   0.712   0.495                        
     3   0.982   0.999   1.017   0.794   0.511                                
     2   0.719   0.702   0.593                                                
     1                                                                        

   MAX POS.       Maximum Value
  (  8,  3)          1.458


     Axial Power Density Distribution
   ====================================

     Plane Number        Power      Height
    -----------------------------------------
        19  (TOP)        0.000      380.00
        18               0.177      360.00
        17               0.352      340.00
        16               0.538      320.00
        15               0.744      300.00
        14               0.977      280.00
        13               1.185      260.00
        12               1.353      240.00
        11               1.475      220.00
        10               1.544      200.00
         9               1.560      180.00
         8               1.519      160.00
         7               1.425      140.00
         6               1.281      120.00
         5               1.090      100.00
         4               0.861       80.00
         3               0.601       60.00
         2               0.318       40.00
         1  (BOTTOM)     0.000       20.00

   MAX POS.       Maximum Value
    (  9)             1.560


     Radial Flux Distribution
   ==============================
    Group :   1
             1          2          3          4          5          6          7          8          9
     9   1.854E-02  2.390E-02  2.619E-02  2.227E-02  1.557E-02  1.788E-02  1.773E-02  1.245E-02  3.480E-03 
     8   2.390E-02  2.573E-02  2.639E-02  2.380E-02  2.004E-02  1.952E-02  1.798E-02  1.216E-02  3.317E-03 
     7   2.619E-02  2.639E-02  2.571E-02  2.420E-02  2.180E-02  2.009E-02  1.754E-02  1.033E-02  2.529E-03 
     6   2.227E-02  2.380E-02  2.420E-02  2.175E-02  1.817E-02  1.702E-02  1.377E-02  5.720E-03  9.669E-04 
     5   1.557E-02  2.004E-02  2.180E-02  1.817E-02  1.210E-02  1.247E-02  8.899E-03  2.548E-03            
     4   1.788E-02  1.952E-02  2.009E-02  1.702E-02  1.247E-02  8.644E-03  3.828E-03  7.723E-04            
     3   1.773E-02  1.798E-02  1.754E-02  1.377E-02  8.899E-03  3.828E-03  8.733E-04                       
     2   1.245E-02  1.216E-02  1.033E-02  5.720E-03  2.548E-03  7.723E-04                                  
     1   3.480E-03  3.317E-03  2.529E-03  9.669E-04                                                        

    Group :   2
             1          2          3          4          5          6          7          8          9
     9   1.392E-02  2.440E-02  2.711E-02  2.275E-02  1.168E-02  1.823E-02  1.839E-02  1.346E-02  1.942E-03 
     8   2.440E-02  2.661E-02  2.728E-02  2.461E-02  2.046E-02  2.019E-02  1.870E-02  1.315E-02  1.859E-03 
     7   2.711E-02  2.728E-02  2.609E-02  2.501E-02  2.256E-02  2.085E-02  1.905E-02  1.110E-02  1.410E-03 
     6   2.275E-02  2.461E-02  2.501E-02  2.250E-02  1.857E-02  1.768E-02  1.488E-02  3.565E-03  3.026E-04 
     5   1.168E-02  2.046E-02  2.256E-02  1.857E-02  9.127E-03  1.333E-02  9.570E-03  1.369E-03            
     4   1.823E-02  2.019E-02  2.085E-02  1.768E-02  1.333E-02  9.265E-03  2.398E-03  2.475E-04            
     3   1.839E-02  1.870E-02  1.905E-02  1.488E-02  9.570E-03  2.398E-03  2.734E-04                       
     2   1.346E-02  1.315E-02  1.110E-02  3.565E-03  1.369E-03  2.475E-04                                  
     1   1.942E-03  1.859E-03  1.410E-03  3.026E-04                                                        



  CPU time breakdown in seconds
    Input reading time   :    0.0087  ( 4.5%)
    XSEC processing time :    0.0003  ( 0.2%)
    CMFD time            :    0.1083  (56.5%)
    Nodal update time    :    0.0744  (38.8%)
    T-H time             :    0.0000  ( 0.0%)
    ------------------------------------------
    Total time           :    0.1917
