            ###########################################################
            #                     ADPRES-X 0.1                        #
            #        ABU DHABI POLYTECHNIC REACTOR SIMULATOR          #
            ###########################################################  


  =============================INPUT DATA STARTS HERE===========================
     1: ! DVP BWR REACTOR PROBLEM                                                                           
     2: ! THIS PROBLEM IS TO DEMONSTRATE ADF FEATURE IN ADPRES                                              
     3: !See:                                                                                               
     4: !=========                                                                                          
     5: ! K.S. Smith, Assembly Homogenization Techniques for LWR Analysis.                                  
     6: ! Progress in Nuclear Energy, Vol. 17 No.3, pp. 303-335, 1986.                                      
     7: !=========                                                                                          
     8:                                                                                                     
     9:                                                                                                     
    10:                                                                                                     
    11: %MODE                                                                                               
    12: FORWARD                                                                                             
    13: %CASE                                                                                               
    14: DVP                                                                                                 
    15: PROBLEM TEST                                                                                        
    16: %XSEC                                                                                               
    17: 2  4    ! Number of groups and number of materials                                                  
    18: ! sigtr    siga   nu*sigf    sigf   chi sigs_g1 sigs_g2                                             
    19: ! COMPOSITION 1                                                                                     
    20: 0.20574  0.00654  0.00415  0.00415  1.0  0.0  0.01462                                               
    21: 0.68866  0.04850  0.06099  0.06099  0.0  0.0  0.00000                                               
    22: ! COMPOSITION 2                                                                                     
    23: 0.23793  0.00944  0.00437  0.00437  1.0  0.0  0.01798                                               
    24: 0.85348  0.06661  0.07142  0.07142  0.0  0.0  0.00000                                               
    25: ! COMPOSITION 3                                                                                     
    26: 0.24090  0.00696  0.00437  0.00437  1.0  0.0  0.02030                                               
    27: 0.88551  0.05106  0.06330  0.06330  0.0  0.0  0.00000                                               
    28: ! COMPOSITION 4                                                                                     
    29: 0.23600  0.000038  0.00000  0.00000  1.0  0.0  0.04575                                              
    30: 1.36422  0.01031  0.00000  0.00000  0.0  0.0  0.00000                                               
    31: %GEOM                                                                                               
    32: 12 12 2        !nx, ny, nz                                                                          
    33: 12*15.313    !x-direction assembly size in cm                                                       
    34: 12*2         !x-direction assembly divided into 20 cm each                                          
    35: 12*15.313    !y-direction assembly size in cm                                                       
    36: 12*2         !y-direction assembly divided into 20 cm each                                          
    37: 2*15.313     !z-direction assembly size in cm                                                       
    38: 2*1          !z-direction assembly divided into 20 cm each                                          
    39: 1            !np number of planar type                                                              
    40: 1 1          !planar assignment (from bottom to top)                                                
    41: ! Planar_type_1                                                                                     
    42:  4 4 4 4 4 4 4 4 0 0 0 0                                                                            
    43:  1 1 3 4 4 4 4 4 4 4 0 0                                                                            
    44:  1 3 3 1 4 4 4 4 4 4 4 0                                                                            
    45:  1 3 3 3 1 1 3 4 4 4 4 0                                                                            
    46:  1 3 3 1 1 1 3 3 4 4 4 4                                                                            
    47:  1 1 1 1 1 1 1 3 3 4 4 4                                                                            
    48:  1 1 1 1 1 1 1 3 1 4 4 4                                                                            
    49:  1 2 2 1 1 3 3 3 1 4 4 4                                                                            
    50:  1 2 2 1 1 3 3 1 3 1 4 4                                                                            
    51:  1 1 1 1 1 1 1 1 1 3 3 4                                                                            
    52:  1 1 1 1 1 1 1 1 1 3 1 4                                                                            
    53:  1 2 2 1 1 2 2 1 1 3 1 4                                                                            
    54: ! Boundary conditions (east), (west), (north), (south), (bottom), (top)                             
    55: 0 2 0 2 2 2                                                                                         
    56: %ADF                                                                                                
    57: !g1 -> east  west  north  south                                                                     
    58: !g2 -> east  west  north  south                                                                     
    59: ! COMPOSITION 1                                                                                     
    60:   0.9966 0.9288 0.9966 0.9288  1.0000  1.0000                                                       
    61:   1.1332 1.6570 1.1332 1.6570  1.0000  1.0000                                                       
    62: ! COMPOSITION 2                                                                                     
    63:   1.0787 0.8423 1.0787 0.8423  1.0000  1.0000                                                       
    64:   1.6423 0.6809 1.6423 0.6809  1.0000  1.0000                                                       
    65: ! COMPOSITION 3                                                                                     
    66:   0.9989 0.9114 0.9989 0.9114  1.0000  1.0000                                                       
    67:   1.1664 1.5805 1.1664 1.5805  1.0000  1.0000                                                       
    68: ! COMPOSITION 4                                                                                     
    69: 1.0000  1.0000  1.0000  1.0000  1.0000  1.0000                                                      
    70: 1.0000  1.0000  1.0000  1.0000  1.0000  1.0000                                                      
    71: ! ADF ROTATION DUE TO DIAGONALLY SYMMETRIC ADFs                                                     
    72:  1     ! 90 degree counter clock-wise                                                               
    73:  2  2  1  1  1  2                                                                                   
    74:  2  2  3  3  1  2                                                                                   
    75:  2  2  5  5  1  2                                                                                   
    76:  2  2  7  7  1  2                                                                                   
    77:  2  2  9  9  1  2                                                                                   
    78:  2  2 11 11  1  2                                                                                   
    79:  4  4  1  1  1  2                                                                                   
    80:  4  4  3  3  1  2                                                                                   
    81:  4  4  5  5  1  2                                                                                   
    82:  4  4  7  7  1  2                                                                                   
    83:  4  4  9  9  1  2                                                                                   
    84:  6  6  1  1  1  2                                                                                   
    85:  6  6  3  3  1  2                                                                                   
    86:  6  6  5  5  1  2                                                                                   
    87:  6  6  7  7  1  2                                                                                   
    88:  6  6  9  9  1  2                                                                                   
    89:  8  8  1  1  1  2                                                                                   
    90:  8  8  3  3  1  2                                                                                   
    91:  8  8  5  5  1  2                                                                                   
    92:  8  8  7  7  1  2                                                                                   
    93: 10 10  1  1  1  2                                                                                   
    94: 10 10  3  3  1  2                                                                                   
    95:  0  0  0  0  0  0                                                                                   
    96:  2      ! 180 degree counter clock-wise                                                             
    97:  2  2  2  2  1  2                                                                                   
    98:  2  2  4  4  1  2                                                                                   
    99:  2  2  6  6  1  2                                                                                   
   100:  2  2  8  8  1  2                                                                                   
   101:  2  2 10 10  1  2                                                                                   
   102:  4  4  2  2  1  2                                                                                   
   103:  4  4  4  4  1  2                                                                                   
   104:  4  4  6  6  1  2                                                                                   
   105:  4  4  8  8  1  2                                                                                   
   106:  4  4 10 10  1  2                                                                                   
   107:  6  6  2  2  1  2                                                                                   
   108:  6  6  4  4  1  2                                                                                   
   109:  6  6  6  6  1  2                                                                                   
   110:  6  6  8  8  1  2                                                                                   
   111:  8  8  2  2  1  2                                                                                   
   112:  8  8  4  4  1  2                                                                                   
   113:  8  8  6  6  1  2                                                                                   
   114:  8  8  8  8  1  2                                                                                   
   115: 10 10  2  2  1  2                                                                                   
   116: 10 10  4  4  1  2                                                                                   
   117:  0  0  0  0  0  0                                                                                   
   118:  3     ! 270 degree counter clock-wise                                                              
   119:  1  1  2  2  1  2                                                                                   
   120:  1  1  4  4  1  2                                                                                   
   121:  1  1  6  6  1  2                                                                                   
   122:  1  1  8  8  1  2                                                                                   
   123:  1  1 10 10  1  2                                                                                   
   124:  3  3  2  2  1  2                                                                                   
   125:  3  3  4  4  1  2                                                                                   
   126:  3  3  6  6  1  2                                                                                   
   127:  3  3  8  8  1  2                                                                                   
   128:  3  3 10 10  1  2                                                                                   
   129:  5  5  2  2  1  2                                                                                   
   130:  5  5  4  4  1  2                                                                                   
   131:  5  5  6  6  1  2                                                                                   
   132:  5  5  8  8  1  2                                                                                   
   133:  7  7  2  2  1  2                                                                                   
   134:  7  7  4  4  1  2                                                                                   
   135:  7  7  6  6  1  2                                                                                   
   136:  7  7  8  8  1  2                                                                                   
   137:  9  9  2  2  1  2                                                                                   
   138:  9  9  4  4  1  2                                                                                   
   139:  9  9  6  6  1  2                                                                                   
   140: 11 11  2  2  1  2                                                                                   
   141:  0  0  0  0  0  0                                                                                   
   142:  0   ! ADF INPUTS END                                                                               
   143:  ! ADF PRINT (OPTIONAL)                                                                             
   144:  1                                                                                                  
  =============================INPUT DATA   ENDS HERE===========================



                              START READING INPUT
  ******************************************************************************
  CALCULATION MODE :       FORWARD CALCULATION

  CASE ID :   DVP                                                                                               
   PROBLEM TEST                                                                                      


            >>>> READING MACROSCOPIC CROSS SECTIONS <<<<
            --------------------------------------------

     MATERIAL  1
    GROUP   TRANSPORT  DIFFUSION  ABSORPTION  REMOVAL    NU*FISS    KAP*FIS   FISS. SPCTR
       1     0.205740  1.620168   0.006540    0.021160   0.004150   0.004150  1.000000
       2     0.688660  0.484032   0.048500    0.048500   0.060990   0.060990  0.000000
   --SCATTERING MATRIX--
     G/G'          1          2
      1        0.000000    0.014620
      2        0.000000    0.000000

     MATERIAL  2
    GROUP   TRANSPORT  DIFFUSION  ABSORPTION  REMOVAL    NU*FISS    KAP*FIS   FISS. SPCTR
       1     0.237930  1.400972   0.009440    0.027420   0.004370   0.004370  1.000000
       2     0.853480  0.390558   0.066610    0.066610   0.071420   0.071420  0.000000
   --SCATTERING MATRIX--
     G/G'          1          2
      1        0.000000    0.017980
      2        0.000000    0.000000

     MATERIAL  3
    GROUP   TRANSPORT  DIFFUSION  ABSORPTION  REMOVAL    NU*FISS    KAP*FIS   FISS. SPCTR
       1     0.240900  1.383700   0.006960    0.027260   0.004370   0.004370  1.000000
       2     0.885510  0.376431   0.051060    0.051060   0.063300   0.063300  0.000000
   --SCATTERING MATRIX--
     G/G'          1          2
      1        0.000000    0.020300
      2        0.000000    0.000000

     MATERIAL  4
    GROUP   TRANSPORT  DIFFUSION  ABSORPTION  REMOVAL    NU*FISS    KAP*FIS   FISS. SPCTR
       1     0.236000  1.412429   0.000038    0.045788   0.000000   0.000000  1.000000
       2     1.364220  0.244340   0.010310    0.010310   0.000000   0.000000  0.000000
   --SCATTERING MATRIX--
     G/G'          1          2
      1        0.000000    0.045750
      2        0.000000    0.000000

  ...Macroscopic CX Card is successfully read...


            >>>>>READING CORE GEOMETRY<<<<<
            -------------------------------
  Number of assembly in x, y and z directions respectively :
          12          12           2
  Number of nodes in x, y and z directions respectively :
          24          24           2

  x-directed nodes division (delta-x)
     7.66   7.66   7.66   7.66   7.66   7.66   7.66   7.66   7.66   7.66
     7.66   7.66   7.66   7.66   7.66   7.66   7.66   7.66   7.66   7.66
     7.66   7.66   7.66   7.66
  y-directed nodes division (delta-y)
     7.66   7.66   7.66   7.66   7.66   7.66   7.66   7.66   7.66   7.66
     7.66   7.66   7.66   7.66   7.66   7.66   7.66   7.66   7.66   7.66
     7.66   7.66   7.66   7.66

   Planar Region :  1
        1  2  3  4  5  6  7  8  9 10 11 12 13 14 15 16 17 18 19 20 21 22 23 24
    24  4  4  4  4  4  4  4  4  4  4  4  4  4  4  4  4                         
    23  4  4  4  4  4  4  4  4  4  4  4  4  4  4  4  4                         
    22  1  1  1  1  3  3  4  4  4  4  4  4  4  4  4  4  4  4  4  4             
    21  1  1  1  1  3  3  4  4  4  4  4  4  4  4  4  4  4  4  4  4             
    20  1  1  3  3  3  3  1  1  4  4  4  4  4  4  4  4  4  4  4  4  4  4       
    19  1  1  3  3  3  3  1  1  4  4  4  4  4  4  4  4  4  4  4  4  4  4       
    18  1  1  3  3  3  3  3  3  1  1  1  1  3  3  4  4  4  4  4  4  4  4       
    17  1  1  3  3  3  3  3  3  1  1  1  1  3  3  4  4  4  4  4  4  4  4       
    16  1  1  3  3  3  3  1  1  1  1  1  1  3  3  3  3  4  4  4  4  4  4  4  4 
    15  1  1  3  3  3  3  1  1  1  1  1  1  3  3  3  3  4  4  4  4  4  4  4  4 
    14  1  1  1  1  1  1  1  1  1  1  1  1  1  1  3  3  3  3  4  4  4  4  4  4 
    13  1  1  1  1  1  1  1  1  1  1  1  1  1  1  3  3  3  3  4  4  4  4  4  4 
    12  1  1  1  1  1  1  1  1  1  1  1  1  1  1  3  3  1  1  4  4  4  4  4  4 
    11  1  1  1  1  1  1  1  1  1  1  1  1  1  1  3  3  1  1  4  4  4  4  4  4 
    10  1  1  2  2  2  2  1  1  1  1  3  3  3  3  3  3  1  1  4  4  4  4  4  4 
     9  1  1  2  2  2  2  1  1  1  1  3  3  3  3  3  3  1  1  4  4  4  4  4  4 
     8  1  1  2  2  2  2  1  1  1  1  3  3  3  3  1  1  3  3  1  1  4  4  4  4 
     7  1  1  2  2  2  2  1  1  1  1  3  3  3  3  1  1  3  3  1  1  4  4  4  4 
     6  1  1  1  1  1  1  1  1  1  1  1  1  1  1  1  1  1  1  3  3  3  3  4  4 
     5  1  1  1  1  1  1  1  1  1  1  1  1  1  1  1  1  1  1  3  3  3  3  4  4 
     4  1  1  1  1  1  1  1  1  1  1  1  1  1  1  1  1  1  1  3  3  1  1  4  4 
     3  1  1  1  1  1  1  1  1  1  1  1  1  1  1  1  1  1  1  3  3  1  1  4  4 
     2  1  1  2  2  2  2  1  1  1  1  2  2  2  2  1  1  1  1  3  3  1  1  4  4 
     1  1  1  2  2  2  2  1  1  1  1  2  2  2  2  1  1  1  1  3  3  1  1  4  4 

  Planar Region Assignment to planes.
 --------------------------------------
   Plane Number     Planar Region    delta-z
        2 (TOP)            1          15.31
        1 (BOTTOM)         1          15.31

   Boundary conditions
  X-directed West   : REFLECTIVE
  X-directed East   : ZERO FLUX
  Y-directed North  : ZERO FLUX
  Y-directed South  : REFLECTIVE
  Z-directed Bottom : REFLECTIVE
  Z-directed Top    : REFLECTIVE

  ...Core geometry is successfully read...


          >>>>>READING ASSEMBLY DISCONTINUITY FACTOR<<<<<
          -----------------------------------------------

  ADF VALUES ON PLANAR NUMBER :   1

    GROUP :   1

   EAST ADF
           1       2       3       4       5       6       7       8       9      10      11      12
    12  1.0000  1.0000  1.0000  1.0000  1.0000  1.0000  1.0000  1.0000                                
    11  0.9966  0.9288  0.9989  1.0000  1.0000  1.0000  1.0000  1.0000  1.0000  1.0000                
    10  0.9966  0.9114  0.9989  0.9288  1.0000  1.0000  1.0000  1.0000  1.0000  1.0000  1.0000        
     9  0.9966  0.9114  0.9989  0.9114  0.9966  0.9288  0.9989  1.0000  1.0000  1.0000  1.0000        
     8  0.9966  0.9114  0.9989  0.9288  0.9966  0.9288  0.9989  0.9114  1.0000  1.0000  1.0000  1.0000
     7  0.9966  0.9288  0.9966  0.9288  0.9966  0.9288  0.9966  0.9114  0.9989  1.0000  1.0000  1.0000
     6  0.9966  0.9288  0.9966  0.9288  0.9966  0.9288  0.9966  0.9114  0.9966  1.0000  1.0000  1.0000
     5  0.9966  0.8423  1.0787  0.9288  0.9966  0.9114  0.9989  0.9114  0.9966  1.0000  1.0000  1.0000
     4  0.9966  0.8423  1.0787  0.9288  0.9966  0.9114  0.9989  0.9288  0.9989  0.9288  1.0000  1.0000
     3  0.9966  0.9288  0.9966  0.9288  0.9966  0.9288  0.9966  0.9288  0.9966  0.9114  0.9989  1.0000
     2  0.9966  0.9288  0.9966  0.9288  0.9966  0.9288  0.9966  0.9288  0.9966  0.9114  0.9966  1.0000
     1  0.9966  0.8423  1.0787  0.9288  0.9966  0.8423  1.0787  0.9288  0.9966  0.9114  0.9966  1.0000


   WEST ADF
           1       2       3       4       5       6       7       8       9      10      11      12
    12  1.0000  1.0000  1.0000  1.0000  1.0000  1.0000  1.0000  1.0000                                
    11  0.9288  0.9966  0.9114  1.0000  1.0000  1.0000  1.0000  1.0000  1.0000  1.0000                
    10  0.9288  0.9989  0.9114  0.9966  1.0000  1.0000  1.0000  1.0000  1.0000  1.0000  1.0000        
     9  0.9288  0.9989  0.9114  0.9989  0.9288  0.9966  0.9114  1.0000  1.0000  1.0000  1.0000        
     8  0.9288  0.9989  0.9114  0.9966  0.9288  0.9966  0.9114  0.9989  1.0000  1.0000  1.0000  1.0000
     7  0.9288  0.9966  0.9288  0.9966  0.9288  0.9966  0.9288  0.9989  0.9114  1.0000  1.0000  1.0000
     6  0.9288  0.9966  0.9288  0.9966  0.9288  0.9966  0.9288  0.9989  0.9288  1.0000  1.0000  1.0000
     5  0.9288  1.0787  0.8423  0.9966  0.9288  0.9989  0.9114  0.9989  0.9288  1.0000  1.0000  1.0000
     4  0.9288  1.0787  0.8423  0.9966  0.9288  0.9989  0.9114  0.9966  0.9114  0.9966  1.0000  1.0000
     3  0.9288  0.9966  0.9288  0.9966  0.9288  0.9966  0.9288  0.9966  0.9288  0.9989  0.9114  1.0000
     2  0.9288  0.9966  0.9288  0.9966  0.9288  0.9966  0.9288  0.9966  0.9288  0.9989  0.9288  1.0000
     1  0.9288  1.0787  0.8423  0.9966  0.9288  1.0787  0.8423  0.9966  0.9288  0.9989  0.9288  1.0000


   NORTH ADF
           1       2       3       4       5       6       7       8       9      10      11      12
    12  1.0000  1.0000  1.0000  1.0000  1.0000  1.0000  1.0000  1.0000                                
    11  0.9966  0.9966  0.9989  1.0000  1.0000  1.0000  1.0000  1.0000  1.0000  1.0000                
    10  0.9288  0.9114  0.9114  0.9288  1.0000  1.0000  1.0000  1.0000  1.0000  1.0000  1.0000        
     9  0.9966  0.9989  0.9989  0.9989  0.9966  0.9966  0.9989  1.0000  1.0000  1.0000  1.0000        
     8  0.9288  0.9114  0.9114  0.9288  0.9288  0.9288  0.9114  0.9114  1.0000  1.0000  1.0000  1.0000
     7  0.9966  0.9966  0.9966  0.9966  0.9966  0.9966  0.9966  0.9989  0.9989  1.0000  1.0000  1.0000
     6  0.9288  0.9288  0.9288  0.9288  0.9288  0.9288  0.9288  0.9114  0.9288  1.0000  1.0000  1.0000
     5  0.9966  1.0787  1.0787  0.9966  0.9966  0.9989  0.9989  0.9989  0.9966  1.0000  1.0000  1.0000
     4  0.9288  0.8423  0.8423  0.9288  0.9288  0.9114  0.9114  0.9288  0.9114  0.9288  1.0000  1.0000
     3  0.9966  0.9966  0.9966  0.9966  0.9966  0.9966  0.9966  0.9966  0.9966  0.9989  0.9989  1.0000
     2  0.9288  0.9288  0.9288  0.9288  0.9288  0.9288  0.9288  0.9288  0.9288  0.9114  0.9288  1.0000
     1  0.9966  1.0787  1.0787  0.9966  0.9966  1.0787  1.0787  0.9966  0.9966  0.9989  0.9966  1.0000


   SOUTH ADF
           1       2       3       4       5       6       7       8       9      10      11      12
    12  1.0000  1.0000  1.0000  1.0000  1.0000  1.0000  1.0000  1.0000                                
    11  0.9288  0.9288  0.9114  1.0000  1.0000  1.0000  1.0000  1.0000  1.0000  1.0000                
    10  0.9966  0.9989  0.9989  0.9966  1.0000  1.0000  1.0000  1.0000  1.0000  1.0000  1.0000        
     9  0.9288  0.9114  0.9114  0.9114  0.9288  0.9288  0.9114  1.0000  1.0000  1.0000  1.0000        
     8  0.9966  0.9989  0.9989  0.9966  0.9966  0.9966  0.9989  0.9989  1.0000  1.0000  1.0000  1.0000
     7  0.9288  0.9288  0.9288  0.9288  0.9288  0.9288  0.9288  0.9114  0.9114  1.0000  1.0000  1.0000
     6  0.9966  0.9966  0.9966  0.9966  0.9966  0.9966  0.9966  0.9989  0.9966  1.0000  1.0000  1.0000
     5  0.9288  0.8423  0.8423  0.9288  0.9288  0.9114  0.9114  0.9114  0.9288  1.0000  1.0000  1.0000
     4  0.9966  1.0787  1.0787  0.9966  0.9966  0.9989  0.9989  0.9966  0.9989  0.9966  1.0000  1.0000
     3  0.9288  0.9288  0.9288  0.9288  0.9288  0.9288  0.9288  0.9288  0.9288  0.9114  0.9114  1.0000
     2  0.9966  0.9966  0.9966  0.9966  0.9966  0.9966  0.9966  0.9966  0.9966  0.9989  0.9966  1.0000
     1  0.9288  0.8423  0.8423  0.9288  0.9288  0.8423  0.8423  0.9288  0.9288  0.9114  0.9288  1.0000


   TOP ADF
           1       2       3       4       5       6       7       8       9      10      11      12
    12  1.0000  1.0000  1.0000  1.0000  1.0000  1.0000  1.0000  1.0000                                
    11  1.0000  1.0000  1.0000  1.0000  1.0000  1.0000  1.0000  1.0000  1.0000  1.0000                
    10  1.0000  1.0000  1.0000  1.0000  1.0000  1.0000  1.0000  1.0000  1.0000  1.0000  1.0000        
     9  1.0000  1.0000  1.0000  1.0000  1.0000  1.0000  1.0000  1.0000  1.0000  1.0000  1.0000        
     8  1.0000  1.0000  1.0000  1.0000  1.0000  1.0000  1.0000  1.0000  1.0000  1.0000  1.0000  1.0000
     7  1.0000  1.0000  1.0000  1.0000  1.0000  1.0000  1.0000  1.0000  1.0000  1.0000  1.0000  1.0000
     6  1.0000  1.0000  1.0000  1.0000  1.0000  1.0000  1.0000  1.0000  1.0000  1.0000  1.0000  1.0000
     5  1.0000  1.0000  1.0000  1.0000  1.0000  1.0000  1.0000  1.0000  1.0000  1.0000  1.0000  1.0000
     4  1.0000  1.0000  1.0000  1.0000  1.0000  1.0000  1.0000  1.0000  1.0000  1.0000  1.0000  1.0000
     3  1.0000  1.0000  1.0000  1.0000  1.0000  1.0000  1.0000  1.0000  1.0000  1.0000  1.0000  1.0000
     2  1.0000  1.0000  1.0000  1.0000  1.0000  1.0000  1.0000  1.0000  1.0000  1.0000  1.0000  1.0000
     1  1.0000  1.0000  1.0000  1.0000  1.0000  1.0000  1.0000  1.0000  1.0000  1.0000  1.0000  1.0000


   BOTTOM ADF
           1       2       3       4       5       6       7       8       9      10      11      12
    12  1.0000  1.0000  1.0000  1.0000  1.0000  1.0000  1.0000  1.0000                                
    11  1.0000  1.0000  1.0000  1.0000  1.0000  1.0000  1.0000  1.0000  1.0000  1.0000                
    10  1.0000  1.0000  1.0000  1.0000  1.0000  1.0000  1.0000  1.0000  1.0000  1.0000  1.0000        
     9  1.0000  1.0000  1.0000  1.0000  1.0000  1.0000  1.0000  1.0000  1.0000  1.0000  1.0000        
     8  1.0000  1.0000  1.0000  1.0000  1.0000  1.0000  1.0000  1.0000  1.0000  1.0000  1.0000  1.0000
     7  1.0000  1.0000  1.0000  1.0000  1.0000  1.0000  1.0000  1.0000  1.0000  1.0000  1.0000  1.0000
     6  1.0000  1.0000  1.0000  1.0000  1.0000  1.0000  1.0000  1.0000  1.0000  1.0000  1.0000  1.0000
     5  1.0000  1.0000  1.0000  1.0000  1.0000  1.0000  1.0000  1.0000  1.0000  1.0000  1.0000  1.0000
     4  1.0000  1.0000  1.0000  1.0000  1.0000  1.0000  1.0000  1.0000  1.0000  1.0000  1.0000  1.0000
     3  1.0000  1.0000  1.0000  1.0000  1.0000  1.0000  1.0000  1.0000  1.0000  1.0000  1.0000  1.0000
     2  1.0000  1.0000  1.0000  1.0000  1.0000  1.0000  1.0000  1.0000  1.0000  1.0000  1.0000  1.0000
     1  1.0000  1.0000  1.0000  1.0000  1.0000  1.0000  1.0000  1.0000  1.0000  1.0000  1.0000  1.0000




    GROUP :   2

   EAST ADF
           1       2       3       4       5       6       7       8       9      10      11      12
    12  1.0000  1.0000  1.0000  1.0000  1.0000  1.0000  1.0000  1.0000                                
    11  1.1332  1.6570  1.1664  1.0000  1.0000  1.0000  1.0000  1.0000  1.0000  1.0000                
    10  1.1332  1.5805  1.1664  1.6570  1.0000  1.0000  1.0000  1.0000  1.0000  1.0000  1.0000        
     9  1.1332  1.5805  1.1664  1.5805  1.1332  1.6570  1.1664  1.0000  1.0000  1.0000  1.0000        
     8  1.1332  1.5805  1.1664  1.6570  1.1332  1.6570  1.1664  1.5805  1.0000  1.0000  1.0000  1.0000
     7  1.1332  1.6570  1.1332  1.6570  1.1332  1.6570  1.1332  1.5805  1.1664  1.0000  1.0000  1.0000
     6  1.1332  1.6570  1.1332  1.6570  1.1332  1.6570  1.1332  1.5805  1.1332  1.0000  1.0000  1.0000
     5  1.1332  0.6809  1.6423  1.6570  1.1332  1.5805  1.1664  1.5805  1.1332  1.0000  1.0000  1.0000
     4  1.1332  0.6809  1.6423  1.6570  1.1332  1.5805  1.1664  1.6570  1.1664  1.6570  1.0000  1.0000
     3  1.1332  1.6570  1.1332  1.6570  1.1332  1.6570  1.1332  1.6570  1.1332  1.5805  1.1664  1.0000
     2  1.1332  1.6570  1.1332  1.6570  1.1332  1.6570  1.1332  1.6570  1.1332  1.5805  1.1332  1.0000
     1  1.1332  0.6809  1.6423  1.6570  1.1332  0.6809  1.6423  1.6570  1.1332  1.5805  1.1332  1.0000


   WEST ADF
           1       2       3       4       5       6       7       8       9      10      11      12
    12  1.0000  1.0000  1.0000  1.0000  1.0000  1.0000  1.0000  1.0000                                
    11  1.6570  1.1332  1.5805  1.0000  1.0000  1.0000  1.0000  1.0000  1.0000  1.0000                
    10  1.6570  1.1664  1.5805  1.1332  1.0000  1.0000  1.0000  1.0000  1.0000  1.0000  1.0000        
     9  1.6570  1.1664  1.5805  1.1664  1.6570  1.1332  1.5805  1.0000  1.0000  1.0000  1.0000        
     8  1.6570  1.1664  1.5805  1.1332  1.6570  1.1332  1.5805  1.1664  1.0000  1.0000  1.0000  1.0000
     7  1.6570  1.1332  1.6570  1.1332  1.6570  1.1332  1.6570  1.1664  1.5805  1.0000  1.0000  1.0000
     6  1.6570  1.1332  1.6570  1.1332  1.6570  1.1332  1.6570  1.1664  1.6570  1.0000  1.0000  1.0000
     5  1.6570  1.6423  0.6809  1.1332  1.6570  1.1664  1.5805  1.1664  1.6570  1.0000  1.0000  1.0000
     4  1.6570  1.6423  0.6809  1.1332  1.6570  1.1664  1.5805  1.1332  1.5805  1.1332  1.0000  1.0000
     3  1.6570  1.1332  1.6570  1.1332  1.6570  1.1332  1.6570  1.1332  1.6570  1.1664  1.5805  1.0000
     2  1.6570  1.1332  1.6570  1.1332  1.6570  1.1332  1.6570  1.1332  1.6570  1.1664  1.6570  1.0000
     1  1.6570  1.6423  0.6809  1.1332  1.6570  1.6423  0.6809  1.1332  1.6570  1.1664  1.6570  1.0000


   NORTH ADF
           1       2       3       4       5       6       7       8       9      10      11      12
    12  1.0000  1.0000  1.0000  1.0000  1.0000  1.0000  1.0000  1.0000                                
    11  1.1332  1.1332  1.1664  1.0000  1.0000  1.0000  1.0000  1.0000  1.0000  1.0000                
    10  1.6570  1.5805  1.5805  1.6570  1.0000  1.0000  1.0000  1.0000  1.0000  1.0000  1.0000        
     9  1.1332  1.1664  1.1664  1.1664  1.1332  1.1332  1.1664  1.0000  1.0000  1.0000  1.0000        
     8  1.6570  1.5805  1.5805  1.6570  1.6570  1.6570  1.5805  1.5805  1.0000  1.0000  1.0000  1.0000
     7  1.1332  1.1332  1.1332  1.1332  1.1332  1.1332  1.1332  1.1664  1.1664  1.0000  1.0000  1.0000
     6  1.6570  1.6570  1.6570  1.6570  1.6570  1.6570  1.6570  1.5805  1.6570  1.0000  1.0000  1.0000
     5  1.1332  1.6423  1.6423  1.1332  1.1332  1.1664  1.1664  1.1664  1.1332  1.0000  1.0000  1.0000
     4  1.6570  0.6809  0.6809  1.6570  1.6570  1.5805  1.5805  1.6570  1.5805  1.6570  1.0000  1.0000
     3  1.1332  1.1332  1.1332  1.1332  1.1332  1.1332  1.1332  1.1332  1.1332  1.1664  1.1664  1.0000
     2  1.6570  1.6570  1.6570  1.6570  1.6570  1.6570  1.6570  1.6570  1.6570  1.5805  1.6570  1.0000
     1  1.1332  1.6423  1.6423  1.1332  1.1332  1.6423  1.6423  1.1332  1.1332  1.1664  1.1332  1.0000


   SOUTH ADF
           1       2       3       4       5       6       7       8       9      10      11      12
    12  1.0000  1.0000  1.0000  1.0000  1.0000  1.0000  1.0000  1.0000                                
    11  1.6570  1.6570  1.5805  1.0000  1.0000  1.0000  1.0000  1.0000  1.0000  1.0000                
    10  1.1332  1.1664  1.1664  1.1332  1.0000  1.0000  1.0000  1.0000  1.0000  1.0000  1.0000        
     9  1.6570  1.5805  1.5805  1.5805  1.6570  1.6570  1.5805  1.0000  1.0000  1.0000  1.0000        
     8  1.1332  1.1664  1.1664  1.1332  1.1332  1.1332  1.1664  1.1664  1.0000  1.0000  1.0000  1.0000
     7  1.6570  1.6570  1.6570  1.6570  1.6570  1.6570  1.6570  1.5805  1.5805  1.0000  1.0000  1.0000
     6  1.1332  1.1332  1.1332  1.1332  1.1332  1.1332  1.1332  1.1664  1.1332  1.0000  1.0000  1.0000
     5  1.6570  0.6809  0.6809  1.6570  1.6570  1.5805  1.5805  1.5805  1.6570  1.0000  1.0000  1.0000
     4  1.1332  1.6423  1.6423  1.1332  1.1332  1.1664  1.1664  1.1332  1.1664  1.1332  1.0000  1.0000
     3  1.6570  1.6570  1.6570  1.6570  1.6570  1.6570  1.6570  1.6570  1.6570  1.5805  1.5805  1.0000
     2  1.1332  1.1332  1.1332  1.1332  1.1332  1.1332  1.1332  1.1332  1.1332  1.1664  1.1332  1.0000
     1  1.6570  0.6809  0.6809  1.6570  1.6570  0.6809  0.6809  1.6570  1.6570  1.5805  1.6570  1.0000


   TOP ADF
           1       2       3       4       5       6       7       8       9      10      11      12
    12  1.0000  1.0000  1.0000  1.0000  1.0000  1.0000  1.0000  1.0000                                
    11  1.0000  1.0000  1.0000  1.0000  1.0000  1.0000  1.0000  1.0000  1.0000  1.0000                
    10  1.0000  1.0000  1.0000  1.0000  1.0000  1.0000  1.0000  1.0000  1.0000  1.0000  1.0000        
     9  1.0000  1.0000  1.0000  1.0000  1.0000  1.0000  1.0000  1.0000  1.0000  1.0000  1.0000        
     8  1.0000  1.0000  1.0000  1.0000  1.0000  1.0000  1.0000  1.0000  1.0000  1.0000  1.0000  1.0000
     7  1.0000  1.0000  1.0000  1.0000  1.0000  1.0000  1.0000  1.0000  1.0000  1.0000  1.0000  1.0000
     6  1.0000  1.0000  1.0000  1.0000  1.0000  1.0000  1.0000  1.0000  1.0000  1.0000  1.0000  1.0000
     5  1.0000  1.0000  1.0000  1.0000  1.0000  1.0000  1.0000  1.0000  1.0000  1.0000  1.0000  1.0000
     4  1.0000  1.0000  1.0000  1.0000  1.0000  1.0000  1.0000  1.0000  1.0000  1.0000  1.0000  1.0000
     3  1.0000  1.0000  1.0000  1.0000  1.0000  1.0000  1.0000  1.0000  1.0000  1.0000  1.0000  1.0000
     2  1.0000  1.0000  1.0000  1.0000  1.0000  1.0000  1.0000  1.0000  1.0000  1.0000  1.0000  1.0000
     1  1.0000  1.0000  1.0000  1.0000  1.0000  1.0000  1.0000  1.0000  1.0000  1.0000  1.0000  1.0000


   BOTTOM ADF
           1       2       3       4       5       6       7       8       9      10      11      12
    12  1.0000  1.0000  1.0000  1.0000  1.0000  1.0000  1.0000  1.0000                                
    11  1.0000  1.0000  1.0000  1.0000  1.0000  1.0000  1.0000  1.0000  1.0000  1.0000                
    10  1.0000  1.0000  1.0000  1.0000  1.0000  1.0000  1.0000  1.0000  1.0000  1.0000  1.0000        
     9  1.0000  1.0000  1.0000  1.0000  1.0000  1.0000  1.0000  1.0000  1.0000  1.0000  1.0000        
     8  1.0000  1.0000  1.0000  1.0000  1.0000  1.0000  1.0000  1.0000  1.0000  1.0000  1.0000  1.0000
     7  1.0000  1.0000  1.0000  1.0000  1.0000  1.0000  1.0000  1.0000  1.0000  1.0000  1.0000  1.0000
     6  1.0000  1.0000  1.0000  1.0000  1.0000  1.0000  1.0000  1.0000  1.0000  1.0000  1.0000  1.0000
     5  1.0000  1.0000  1.0000  1.0000  1.0000  1.0000  1.0000  1.0000  1.0000  1.0000  1.0000  1.0000
     4  1.0000  1.0000  1.0000  1.0000  1.0000  1.0000  1.0000  1.0000  1.0000  1.0000  1.0000  1.0000
     3  1.0000  1.0000  1.0000  1.0000  1.0000  1.0000  1.0000  1.0000  1.0000  1.0000  1.0000  1.0000
     2  1.0000  1.0000  1.0000  1.0000  1.0000  1.0000  1.0000  1.0000  1.0000  1.0000  1.0000  1.0000
     1  1.0000  1.0000  1.0000  1.0000  1.0000  1.0000  1.0000  1.0000  1.0000  1.0000  1.0000  1.0000



   ...Assembly Discontinuity Factors are successfully read...


  ************************  STOP READING INPUT  ********************************


  ==============================================================================
                           CALCULATION RESULTS
  ==============================================================================

   Itr     k-eff     Fis.Src Error   Inner Error
  ----------------------------------------------------
    1     0.884067    5.41387E-01    4.68791E+02
    2     0.987426    1.80014E-01    1.26852E+02
    3     1.006767    1.15480E-01    1.66585E+02
    4     1.013166    9.82412E-02    8.17222E+01
     ...FISSION SOURCE EXTRAPOLATED...
    5     1.026804    4.50108E-01    5.88982E+00
    6     1.020097    2.59544E-02    9.37774E+00
    7     1.023954    2.41510E-02    4.84213E+01
    8     1.024188    2.09327E-02    7.13366E-01
    9     1.024182    1.80994E-02    9.73808E+02
     ...FISSION SOURCE EXTRAPOLATED...
   10     1.024346    1.59127E-01    1.72535E+00
   11     1.024161    1.36218E-02    1.92102E+00
   12     1.024833    1.64209E-02    4.10166E+00
   13     1.024981    1.18339E-02    1.64749E-01
   14     1.025079    8.02168E-03    1.39589E-01
     ...FISSION SOURCE EXTRAPOLATED...
   15     1.025615    6.79380E-02    2.44107E-01
   16     1.025359    8.81345E-03    7.99135E+00
   17     1.025312    6.52016E-03    1.97541E+00
   18     1.025258    4.53726E-03    6.74467E-02
   19     1.025216    3.15336E-03    2.96660E-02
     ...FISSION SOURCE EXTRAPOLATED...
     .....NODAL COUPLING UPDATED..... 
MAX. CHANGE IN NODAL COUPLING COEF.=  1.60736E-01 AT NODE I = 22, J = 20, K =  1
   20     1.024958    3.24312E-02    1.43106E-02
   21     1.028240    8.74050E-02    4.55163E-01
   22     1.027170    2.20777E-02    1.67941E-01
   23     1.026851    1.40215E-02    1.57748E-01
   24     1.026762    7.72485E-03    2.89664E-02
     ...FISSION SOURCE EXTRAPOLATED...
   25     1.026690    1.28261E-02    2.46707E-02
   26     1.026665    2.52651E-03    4.64435E-02
   27     1.026707    2.92444E-03    9.41924E-02
   28     1.026704    2.22717E-03    4.47416E-02
   29     1.026698    1.85149E-03    2.55947E-02
     ...FISSION SOURCE EXTRAPOLATED...
   30     1.026627    3.25810E-02    1.12950E-02
   31     1.026485    1.66221E-03    2.84901E-01
   32     1.026642    1.84775E-03    2.38637E-01
   33     1.026676    1.34580E-03    3.18443E-02
   34     1.026688    1.06977E-03    1.07881E-02
     ...FISSION SOURCE EXTRAPOLATED...
   35     1.026746    6.42018E-03    1.22674E-02
   36     1.026722    4.70761E-04    3.08490E-02
   37     1.026733    3.04569E-04    3.67961E-02
   38     1.026732    2.31629E-04    8.74779E-03
   39     1.026729    1.86766E-04    4.63406E-03
     ...FISSION SOURCE EXTRAPOLATED...
     .....NODAL COUPLING UPDATED..... 
MAX. CHANGE IN NODAL COUPLING COEF.=  1.61879E-01 AT NODE I = 20, J = 22, K =  2
   40     1.026712    2.97593E-03    2.58032E-03
   41     1.027008    1.09807E-02    2.49035E-01
   42     1.026898    2.19165E-03    8.80300E-02
   43     1.026851    1.25401E-03    1.94424E-02
   44     1.026830    6.85721E-04    9.83300E-03
     ...FISSION SOURCE EXTRAPOLATED...
   45     1.026792    1.53632E-03    1.07779E-02
   46     1.026811    1.30502E-04    1.63689E-02
   47     1.026802    1.05702E-04    6.90291E-03
   48     1.026802    8.58052E-05    4.32741E-02
   49     1.026802    7.85598E-05    4.78347E-03
     ...FISSION SOURCE EXTRAPOLATED...
   50     1.026797    1.50939E-03    2.66233E-03
   51     1.026810    1.02709E-04    3.06924E-02
   52     1.026797    1.12133E-04    3.94054E-02
   53     1.026796    6.49739E-05    3.55826E-03
   54     1.026796    4.42961E-05    2.01802E-03
     ...FISSION SOURCE EXTRAPOLATED...
   55     1.026798    3.24604E-04    9.26557E-04
   56     1.026795    4.43890E-05    3.38854E-03
   57     1.026799    3.84846E-05    4.34104E-03
   58     1.026799    2.65460E-05    5.64307E-04
   59     1.026800    2.02842E-05    2.86424E-04
     ...FISSION SOURCE EXTRAPOLATED...
     .....NODAL COUPLING UPDATED..... 
MAX. CHANGE IN NODAL COUPLING COEF.=  3.95077E-02 AT NODE I = 24, J = 16, K =  2
   60     1.026800    2.62115E-04    2.93493E-04
   61     1.026862    2.34548E-03    2.30186E-02
   62     1.026846    4.50560E-04    1.86594E-03
   63     1.026838    3.08320E-04    2.89052E-03
   64     1.026833    1.87110E-04    1.25184E-03
     ...FISSION SOURCE EXTRAPOLATED...
   65     1.026817    5.84868E-04    4.09797E-04
   66     1.026827    4.24894E-05    3.44280E-03
   67     1.026821    3.70468E-05    1.86728E-03
   68     1.026821    2.26750E-05    5.71868E-03
   69     1.026821    1.94922E-05    2.07970E-03
     ...FISSION SOURCE EXTRAPOLATED...
   70     1.026821    2.41112E-04    9.15357E-04
   71     1.026824    2.69050E-05    7.60946E-03
   72     1.026821    2.95816E-05    9.26839E-03
   73     1.026820    1.99793E-05    2.37633E-04
   74     1.026820    1.24066E-05    3.47263E-04
     ...FISSION SOURCE EXTRAPOLATED...
   75     1.026819    8.48083E-05    1.64560E-04
   76     1.026820    9.39292E-06    7.10657E-04
   77     1.026820    7.99960E-06    3.25903E-04
   78     1.026820    5.52603E-06    1.01416E-04
   79     1.026820    4.36560E-06    5.49021E-05
     ...FISSION SOURCE EXTRAPOLATED...
     .....NODAL COUPLING UPDATED..... 
MAX. CHANGE IN NODAL COUPLING COEF.=  2.63134E-02 AT NODE I = 24, J = 16, K =  2
   80     1.026821    5.17993E-05    2.59174E-04
   81     1.026834    5.08678E-04    5.86777E-03
   82     1.026831    1.02235E-04    4.24298E-04
   83     1.026829    7.07580E-05    3.53182E-04
   84     1.026828    4.48343E-05    3.08440E-04
     ...FISSION SOURCE EXTRAPOLATED...
   85     1.026824    1.64087E-04    5.80881E-05
   86     1.026827    1.43381E-05    9.90416E-04
   87     1.026825    1.21417E-05    2.54636E-04
   88     1.026825    5.91503E-06    1.23434E-03
   89     1.026825    4.97013E-06    6.37133E-04
     ...FISSION SOURCE EXTRAPOLATED...
   90     1.026825    6.23865E-05    3.25571E-04
   91     1.026826    8.48267E-06    1.18322E-03
   92     1.026825    9.42451E-06    1.61196E-03
   93     1.026825    6.50674E-06    1.22155E-04
   94     1.026825    4.33882E-06    2.91628E-05
     ...FISSION SOURCE EXTRAPOLATED...
   95     1.026825    1.76134E-05    2.13405E-05
   96     1.026825    1.72247E-06    9.09444E-05
   97     1.026825    1.78559E-06    4.84671E-05
   98     1.026825    1.29437E-06    1.53545E-05
   99     1.026825    1.18181E-06    3.93851E-05
     ...FISSION SOURCE EXTRAPOLATED...
     .....NODAL COUPLING UPDATED..... 
MAX. CHANGE IN NODAL COUPLING COEF.=  1.46682E-02 AT NODE I = 24, J = 16, K =  2
  100     1.026825    1.83423E-05    6.46301E-06
  101     1.026828    1.13283E-04    2.13346E-03
  102     1.026827    2.28906E-05    8.97623E-05
  103     1.026827    1.57190E-05    7.24500E-05
  104     1.026827    1.02650E-05    1.09699E-04
     ...FISSION SOURCE EXTRAPOLATED...
  105     1.026826    3.99489E-05    4.47342E-05
  106     1.026826    3.88836E-06    2.07919E-04
  107     1.026826    3.04211E-06    7.85260E-05
  108     1.026826    1.35953E-06    1.99020E-04
  109     1.026826    1.14070E-06    4.10780E-05
     ...FISSION SOURCE EXTRAPOLATED...
  110     1.026826    1.31925E-05    7.21959E-05
  111     1.026826    2.04934E-06    1.00658E-04
  112     1.026826    2.35385E-06    1.09081E-04
  113     1.026826    1.61448E-06    1.87664E-05
  114     1.026826    1.11613E-06    5.46645E-06
     ...FISSION SOURCE EXTRAPOLATED...
  115     1.026826    4.42958E-06    3.61677E-06
  116     1.026826    3.85228E-07    1.72779E-05
  117     1.026826    4.17884E-07    1.01279E-05
  118     1.026826    3.09324E-07    3.26878E-06
  119     1.026826    2.78456E-07    8.95215E-06
     ...FISSION SOURCE EXTRAPOLATED...
     .....NODAL COUPLING UPDATED..... 
MAX. CHANGE IN NODAL COUPLING COEF.=  8.39107E-03 AT NODE I = 24, J = 16, K =  1
  120     1.026826    4.52572E-06    1.22168E-06

 MULTIPLICATION EFFECTIVE (K-EFF) =  1.026826


     Radial Power Distribution
   ==============================
           1       2       3       4       5       6       7       8       9      10      11      12
    12                                                                                                
    11   0.564   0.529   0.536                                                                        
    10   0.889   1.038   0.909   0.632                                                                
     9   1.197   1.443   1.336   1.078   0.756   0.577   0.518                                        
     8   1.365   1.635   1.545   1.149   0.961   0.823   0.807   0.578                                
     7   1.358   1.364   1.322   1.237   1.154   1.049   0.927   0.820   0.514                        
     6   1.249   1.213   1.209   1.247   1.266   1.238   1.125   1.036   0.572                        
     5   1.100   0.892   0.916   1.198   1.332   1.623   1.511   1.206   0.716                        
     4   1.020   0.824   0.862   1.161   1.317   1.630   1.516   1.067   0.913   0.524                
     3   1.011   0.983   1.024   1.138   1.227   1.255   1.179   1.018   0.848   0.692   0.412        
     2   0.979   0.954   0.988   1.076   1.115   1.079   1.021   0.952   0.850   0.768   0.394        
     1   0.920   0.745   0.771   0.997   1.015   0.805   0.761   0.883   0.841   0.790   0.416        



   MAX POS.       Maximum Value
  (  8,  2)          1.635


     Axial Power Density Distribution
   ====================================

     Plane Number        Power      Height
    -----------------------------------------
         2  (TOP)        1.000       30.63
         1  (BOTTOM)     1.000       15.31

   MAX POS.       Maximum Value
    (  2)             1.000


     Radial Flux Distribution
   ==============================
    Group :   1
             1          2          3          4          5          6          7          8          9         10         11         12
    12   9.502E-04  8.528E-04  5.770E-04  1.663E-04  2.861E-05                                                                              
    11   5.680E-03  5.172E-03  3.960E-03  1.333E-03  2.917E-04  8.062E-05  4.023E-05  1.397E-05                                             
    10   1.012E-02  9.532E-03  8.146E-03  5.634E-03  1.991E-03  1.072E-03  6.265E-04  1.671E-04  2.482E-05                                  
     9   1.360E-02  1.312E-02  1.195E-02  9.881E-03  7.435E-03  5.680E-03  3.848E-03  1.114E-03  1.957E-04  2.472E-05                       
     8   1.555E-02  1.515E-02  1.427E-02  1.290E-02  1.116E-02  9.438E-03  7.422E-03  4.466E-03  1.110E-03  1.655E-04  1.377E-05            
     7   1.578E-02  1.554E-02  1.506E-02  1.438E-02  1.345E-02  1.219E-02  1.040E-02  7.424E-03  3.807E-03  6.152E-04  3.914E-05            
     6   1.454E-02  1.396E-02  1.391E-02  1.451E-02  1.471E-02  1.409E-02  1.252E-02  9.536E-03  5.509E-03  1.027E-03  7.495E-05            
     5   1.266E-02  1.000E-02  1.028E-02  1.379E-02  1.517E-02  1.503E-02  1.373E-02  1.103E-02  6.922E-03  1.777E-03  2.475E-04  2.349E-05 
     4   1.173E-02  9.233E-03  9.668E-03  1.336E-02  1.499E-02  1.509E-02  1.398E-02  1.178E-02  8.532E-03  4.669E-03  1.069E-03  1.300E-04 
     3   1.176E-02  1.131E-02  1.179E-02  1.324E-02  1.425E-02  1.428E-02  1.341E-02  1.180E-02  9.513E-03  6.350E-03  3.042E-03  4.395E-04 
     2   1.139E-02  1.098E-02  1.138E-02  1.252E-02  1.298E-02  1.242E-02  1.175E-02  1.108E-02  9.690E-03  7.093E-03  3.839E-03  6.323E-04 
     1   1.058E-02  8.359E-03  8.650E-03  1.147E-02  1.168E-02  9.034E-03  8.537E-03  1.016E-02  9.576E-03  7.301E-03  4.086E-03  6.897E-04 



    Group :   2
             1          2          3          4          5          6          7          8          9         10         11         12
    12   6.450E-03  5.794E-03  4.266E-03  2.254E-03  6.847E-04  1.991E-04  8.118E-05  2.745E-05                                             
    11   5.445E-03  5.140E-03  5.197E-03  9.298E-03  4.403E-03  1.771E-03  9.002E-04  3.543E-04  8.198E-05  1.329E-05                       
    10   8.369E-03  9.730E-03  8.560E-03  6.238E-03  1.341E-02  8.499E-03  5.215E-03  2.399E-03  6.079E-04  1.100E-04  1.325E-05            
     9   1.127E-02  1.354E-02  1.258E-02  1.010E-02  7.328E-03  5.596E-03  5.028E-03  7.867E-03  2.933E-03  6.054E-04  8.130E-05            
     8   1.285E-02  1.529E-02  1.446E-02  1.085E-02  9.003E-03  7.736E-03  7.564E-03  5.572E-03  7.840E-03  2.376E-03  3.490E-04  2.683E-05 
     7   1.273E-02  1.284E-02  1.244E-02  1.160E-02  1.081E-02  9.827E-03  8.761E-03  7.702E-03  4.991E-03  5.109E-03  8.732E-04  7.749E-05 
     6   1.171E-02  1.139E-02  1.135E-02  1.168E-02  1.187E-02  1.166E-02  1.065E-02  9.706E-03  5.567E-03  8.089E-03  1.640E-03  1.777E-04 
     5   1.034E-02  7.108E-03  7.303E-03  1.125E-02  1.253E-02  1.519E-02  1.419E-02  1.131E-02  6.968E-03  1.198E-02  3.760E-03  5.648E-04 
     4   9.577E-03  6.568E-03  6.874E-03  1.090E-02  1.239E-02  1.525E-02  1.420E-02  1.011E-02  8.535E-03  5.165E-03  7.487E-03  1.773E-03 
     3   9.471E-03  9.230E-03  9.622E-03  1.066E-02  1.150E-02  1.182E-02  1.110E-02  9.551E-03  8.006E-03  6.490E-03  4.003E-03  3.250E-03 
     2   9.173E-03  8.962E-03  9.284E-03  1.008E-02  1.045E-02  1.014E-02  9.585E-03  8.923E-03  8.001E-03  7.193E-03  3.833E-03  4.296E-03 
     1   8.639E-03  5.944E-03  6.148E-03  9.365E-03  9.536E-03  6.421E-03  6.072E-03  8.294E-03  7.912E-03  7.396E-03  4.034E-03  4.689E-03 





Total elapsed time :      0.051 seconds
