           ###########################################################
           #                     ADPRES 1.2                          #
           #        ABU DHABI POLYTECHNIC REACTOR SIMULATOR          #
           ###########################################################


  =============================INPUT DATA STARTS HERE===========================
     1: ! IAEA3D Fixed Source input data                                                                    
     2: ! NODE SIZE = 20 cm                                                                                 
     3:                                                                                                     
     4: %MODE                                                                                               
     5: FIXEDSRC                                                                                            
     6: %CASE                                                                                               
     7: IAEA3D                                                                                              
     8: 20 CM NODE SIZE                                                                                     
     9: %   XSEC                                                                                            
    10: 2  5    ! Number of groups and number of materials                                                  
    11: ! sigtr   siga   nu*sigf sigf   chi   sigs_g1  sigs_g2                                              
    12: 0.222222  0.010  0.000   0.000     1.0   0.1922   0.020                                             
    13: 0.833333  0.080  0.0675  0.0675    0.0   0.000    0.7533   ! MAT1 : Outer Fuel                      
    14: 0.222222  0.010  0.000   0.000     1.0   0.1922   0.020                                             
    15: 0.833333  0.085  0.0675  0.0675    0.0   0.000    0.7483   ! MAT2 : Inner Fuel                      
    16: 0.222222  0.0100 0.000   0.000     1.0   0.1922   0.020                                             
    17: 0.833333  0.1300 0.0675  0.0675    0.0   0.000    0.7033   ! MAT3 : Inner Fuel + Control Rod        
    18: 0.166667  0.000  0.000   0.000     0.0   0.1267   0.040                                             
    19: 1.111111  0.010  0.000   0.000     0.0   0.000    1.1011   ! MAT4 : Reflector                       
    20: 0.166667  0.000  0.000   0.000     0.0   0.000    0.040                                             
    21: 1.111111  0.055  0.000   0.000     0.0   0.000    0.000    ! MAT5 : Reflector + Control Rod         
    22: %GEOM                                                                                               
    23: 9 9 19       !nx, ny, nz                                                                            
    24: 10. 8*20.    !x-direction assembly size in cm                                                       
    25: 1  8*1       !x-direction assembly divided into 20 cm each                                          
    26: 8*20. 10.    !y-direction assembly size in cm                                                       
    27: 8*1  1       !y-direction assembly divided into 20 cm each                                          
    28: 19*20.       !z-direction nodal  in cm                                                              
    29: 19*1       !z-direction assembly divided into 20 cm each                                            
    30: 4          !np number of planar type                                                                
    31: 1  13*2  4*3  4     !planar assignment (from bottom to top)                                         
    32: ! Planar_type_1 (Bottom Reflector)                                                                  
    33:   4  4  4  4  4  4  4  4  4                                                                         
    34:   4  4  4  4  4  4  4  4  4                                                                         
    35:   4  4  4  4  4  4  4  4  4                                                                         
    36:   4  4  4  4  4  4  4  4  4                                                                         
    37:   4  4  4  4  4  4  4  4  0                                                                         
    38:   4  4  4  4  4  4  4  4  0                                                                         
    39:   4  4  4  4  4  4  4  0  0                                                                         
    40:   4  4  4  4  4  4  0  0  0                                                                         
    41:   4  4  4  4  0  0  0  0  0                                                                         
    42: ! Planar_type_2 (Fuel)                                                                              
    43:   3  2  2  2  3  2  2  1  4                                                                         
    44:   2  2  2  2  2  2  2  1  4                                                                         
    45:   2  2  2  2  2  2  1  1  4                                                                         
    46:   2  2  2  2  2  2  1  4  4                                                                         
    47:   3  2  2  2  3  1  1  4  0                                                                         
    48:   2  2  2  2  1  1  4  4  0                                                                         
    49:   2  2  1  1  1  4  4  0  0                                                                         
    50:   1  1  1  4  4  4  0  0  0                                                                         
    51:   4  4  4  4  0  0  0  0  0                                                                         
    52: ! Planar_type_3 (Fuel+Partial Control Rods)                                                         
    53:   3  2  2  2  3  2  2  1  4                                                                         
    54:   2  2  2  2  2  2  2  1  4                                                                         
    55:   2  2  3  2  2  2  1  1  4                                                                         
    56:   2  2  2  2  2  2  1  4  4                                                                         
    57:   3  2  2  2  3  1  1  4  0                                                                         
    58:   2  2  2  2  1  1  4  4  0                                                                         
    59:   2  2  1  1  1  4  4  0  0                                                                         
    60:   1  1  1  4  4  4  0  0  0                                                                         
    61:   4  4  4  4  0  0  0  0  0                                                                         
    62: ! Planar_type_4 (Top reflectors)                                                                    
    63:   5  4  4  4  5  4  4  4  4                                                                         
    64:   4  4  4  4  4  4  4  4  4                                                                         
    65:   4  4  5  4  4  4  4  4  4                                                                         
    66:   4  4  4  4  4  4  4  4  4                                                                         
    67:   5  4  4  4  5  4  4  4  0                                                                         
    68:   4  4  4  4  4  4  4  4  0                                                                         
    69:   4  4  4  4  4  4  4  0  0                                                                         
    70:   4  4  4  4  4  4  0  0  0                                                                         
    71:   4  4  4  4  0  0  0  0  0                                                                         
    72: ! Boundary conditions (east), (west), (north), (south), (bottom), (top)                             
    73: 1 2 2 1 1 1                                                                                         
    74: %ESRC                                                                                               
    75: 2         ! Number of source                                                                        
    76: ! Repeat this input segment according to the number of sources                                      
    77: 100000.       ! Source Density (n/cm3.s)                                                            
    78: 1.0  0.0  ! Source energy spectrum                                                                  
    79: 10        ! z-position of the source                                                                
    80: 2  9      ! x-y position of the source                                                              
    81: 2  8                                                                                                
    82: 1  8                                                                                                
    83: 0  0      ! x-y position ends                                                                       
    84: 0         !  z-position ends                                                                        
    85: 200000.       ! Source Density (n/cm3.s)                                                            
    86: 1.0  0.0  ! Source energy spectrum                                                                  
    87: 10        ! z-position of the source                                                                
    88: 1  9      ! x-y position of the source                                                              
    89: 0  0      ! x-y position ends                                                                       
    90: 0         !  z-position ends                                                                        
  =============================INPUT DATA   ENDS HERE===========================



                              START READING INPUT
  ******************************************************************************
  CALCULATION MODE : FIXED SOURCE CALCULATION                                    

  CASE ID : IAEA3D                                                                                              
  20 CM NODE SIZE                                                                                     


            >>>> READING MACROSCOPIC CROSS SECTIONS <<<<
            --------------------------------------------

     MATERIAL  1
    GROUP   TRANSPORT  DIFFUSION  ABSORPTION  REMOVAL    NU*FISS    KAP*FIS   FISS. SPCTR
       1     0.222222  1.500002   0.010000    0.030000   0.000000   0.000000  1.000000
       2     0.833333  0.400000   0.080000    0.080000   0.067500   0.067500  0.000000
   --SCATTERING MATRIX--
     G/G'          1          2
      1        0.192200    0.020000
      2        0.000000    0.753300

     MATERIAL  2
    GROUP   TRANSPORT  DIFFUSION  ABSORPTION  REMOVAL    NU*FISS    KAP*FIS   FISS. SPCTR
       1     0.222222  1.500002   0.010000    0.030000   0.000000   0.000000  1.000000
       2     0.833333  0.400000   0.085000    0.085000   0.067500   0.067500  0.000000
   --SCATTERING MATRIX--
     G/G'          1          2
      1        0.192200    0.020000
      2        0.000000    0.748300

     MATERIAL  3
    GROUP   TRANSPORT  DIFFUSION  ABSORPTION  REMOVAL    NU*FISS    KAP*FIS   FISS. SPCTR
       1     0.222222  1.500002   0.010000    0.030000   0.000000   0.000000  1.000000
       2     0.833333  0.400000   0.130000    0.130000   0.067500   0.067500  0.000000
   --SCATTERING MATRIX--
     G/G'          1          2
      1        0.192200    0.020000
      2        0.000000    0.703300

     MATERIAL  4
    GROUP   TRANSPORT  DIFFUSION  ABSORPTION  REMOVAL    NU*FISS    KAP*FIS   FISS. SPCTR
       1     0.166667  1.999996   0.000000    0.040000   0.000000   0.000000  0.000000
       2     1.111111  0.300000   0.010000    0.010000   0.000000   0.000000  0.000000
   --SCATTERING MATRIX--
     G/G'          1          2
      1        0.126700    0.040000
      2        0.000000    1.101100

     MATERIAL  5
    GROUP   TRANSPORT  DIFFUSION  ABSORPTION  REMOVAL    NU*FISS    KAP*FIS   FISS. SPCTR
       1     0.166667  1.999996   0.000000    0.040000   0.000000   0.000000  0.000000
       2     1.111111  0.300000   0.055000    0.055000   0.000000   0.000000  0.000000
   --SCATTERING MATRIX--
     G/G'          1          2
      1        0.000000    0.040000
      2        0.000000    0.000000

  ...Macroscopic CX Card is successfully read...


            >>>>>READING CORE GEOMETRY<<<<<
            -------------------------------
  Number of assembly in x, y and z directions respectively :
           9           9          19
  Number of nodes in x, y and z directions respectively :
           9           9          19

  x-directed nodes division (delta-x)
    10.00  20.00  20.00  20.00  20.00  20.00  20.00  20.00  20.00
  y-directed nodes division (delta-y)
    20.00  20.00  20.00  20.00  20.00  20.00  20.00  20.00  10.00

   Planar Region :  1
        1  2  3  4  5  6  7  8  9
     9  4  4  4  4  4  4  4  4  4 
     8  4  4  4  4  4  4  4  4  4 
     7  4  4  4  4  4  4  4  4  4 
     6  4  4  4  4  4  4  4  4  4 
     5  4  4  4  4  4  4  4  4    
     4  4  4  4  4  4  4  4  4    
     3  4  4  4  4  4  4  4       
     2  4  4  4  4  4  4          
     1  4  4  4  4                
   Planar Region :  2
        1  2  3  4  5  6  7  8  9
     9  3  2  2  2  3  2  2  1  4 
     8  2  2  2  2  2  2  2  1  4 
     7  2  2  2  2  2  2  1  1  4 
     6  2  2  2  2  2  2  1  4  4 
     5  3  2  2  2  3  1  1  4    
     4  2  2  2  2  1  1  4  4    
     3  2  2  1  1  1  4  4       
     2  1  1  1  4  4  4          
     1  4  4  4  4                
   Planar Region :  3
        1  2  3  4  5  6  7  8  9
     9  3  2  2  2  3  2  2  1  4 
     8  2  2  2  2  2  2  2  1  4 
     7  2  2  3  2  2  2  1  1  4 
     6  2  2  2  2  2  2  1  4  4 
     5  3  2  2  2  3  1  1  4    
     4  2  2  2  2  1  1  4  4    
     3  2  2  1  1  1  4  4       
     2  1  1  1  4  4  4          
     1  4  4  4  4                
   Planar Region :  4
        1  2  3  4  5  6  7  8  9
     9  5  4  4  4  5  4  4  4  4 
     8  4  4  4  4  4  4  4  4  4 
     7  4  4  5  4  4  4  4  4  4 
     6  4  4  4  4  4  4  4  4  4 
     5  5  4  4  4  5  4  4  4    
     4  4  4  4  4  4  4  4  4    
     3  4  4  4  4  4  4  4       
     2  4  4  4  4  4  4          
     1  4  4  4  4                

  Planar Region Assignment to planes.
 --------------------------------------
   Plane Number     Planar Region    delta-z
       19 (TOP)            4          20.00
       18                  3          20.00
       17                  3          20.00
       16                  3          20.00
       15                  3          20.00
       14                  2          20.00
       13                  2          20.00
       12                  2          20.00
       11                  2          20.00
       10                  2          20.00
        9                  2          20.00
        8                  2          20.00
        7                  2          20.00
        6                  2          20.00
        5                  2          20.00
        4                  2          20.00
        3                  2          20.00
        2                  2          20.00
        1 (BOTTOM)         1          20.00

   Boundary conditions
  X-directed West   : REFLECTIVE
  X-directed East   : ZERO INCOMING CURRENT
  Y-directed North  : REFLECTIVE
  Y-directed South  : ZERO INCOMING CURRENT
  Z-directed Bottom : ZERO INCOMING CURRENT
  Z-directed Top    : ZERO INCOMING CURRENT

  ...Core geometry is successfully read...


            >>>>>READING EXTRA SOURCE<<<<<
            -------------------------------
     SOURCE   1
 -----------------
  Source Density  :  1.000E+05  n/(m^3*s)
  Source Spectrum :  1.00  0.00
  Source Position 
   Plane number :  10
         1  2  3  4  5  6  7  8  9
      9  0  X  0  0  0  0  0  0  0
      8  X  X  0  0  0  0  0  0  0
      7  0  0  0  0  0  0  0  0  0
      6  0  0  0  0  0  0  0  0  0
      5  0  0  0  0  0  0  0  0  0
      4  0  0  0  0  0  0  0  0  0
      3  0  0  0  0  0  0  0  0  0
      2  0  0  0  0  0  0  0  0  0
      1  0  0  0  0  0  0  0  0  0

     SOURCE   2
 -----------------
  Source Density  :  2.000E+05  n/(m^3*s)
  Source Spectrum :  1.00  0.00
  Source Position 
   Plane number :  10
         1  2  3  4  5  6  7  8  9
      9  X  0  0  0  0  0  0  0  0
      8  0  0  0  0  0  0  0  0  0
      7  0  0  0  0  0  0  0  0  0
      6  0  0  0  0  0  0  0  0  0
      5  0  0  0  0  0  0  0  0  0
      4  0  0  0  0  0  0  0  0  0
      3  0  0  0  0  0  0  0  0  0
      2  0  0  0  0  0  0  0  0  0
      1  0  0  0  0  0  0  0  0  0



  ************************  STOP READING INPUT  ********************************


  ==============================================================================
                           CALCULATION RESULTS
  ==============================================================================

  Itr     k-eff     Fis.Src Error   Inner Error
 ----------------------------------------------------
    1    2.21449E+00    9.23089E+01
    2    1.69140E+00    8.91365E+00
    3    1.36456E+00    6.46440E+00
    4    1.17292E+00    1.19086E+00
     ...FISSION SOURCE EXTRAPOLATED...
    5    1.18121E+01    1.06640E+00
    6    4.36672E-01    1.50327E+01
    7    4.05597E-01    2.72574E+00
    8    4.72520E-01    1.67504E+00
    9    5.14092E-01    1.66049E+00
     ...FISSION SOURCE EXTRAPOLATED...
   10    1.71275E+00    2.02562E+00
   11    2.26140E-01    1.67952E+00
   12    1.07052E-01    8.14210E+01
   13    7.83215E-02    1.03036E+00
   14    5.89836E-02    3.23339E-01
     ...FISSION SOURCE EXTRAPOLATED...
     .....NODAL COUPLING UPDATED..... 
MAX. CHANGE IN NODAL COUPLING COEF.=  1.98938E-01 AT NODE I =  1, J =  1, K = 19
   15    7.75813E-02    2.18089E-01
   16    3.23854E-01    3.23854E-01
   17    2.30726E-01    2.31892E-01
   18    2.20898E-01    2.30979E-01
   19    1.92767E-01    2.11770E-01
     ...FISSION SOURCE EXTRAPOLATED...
   20    2.39465E-01    1.90801E-01
   21    1.09871E-01    1.93169E-01
   22    1.12424E-01    1.48483E-01
   23    9.29017E-02    1.29989E-01
   24    7.00036E-02    1.17674E-01
     ...FISSION SOURCE EXTRAPOLATED...
   25    8.89316E-02    9.75010E-02
   26    1.17590E-02    6.98209E-02
   27    8.29183E-03    6.92532E-02
   28    6.38725E-03    3.09990E-02
   29    4.82213E-03    7.61211E-03
     ...FISSION SOURCE EXTRAPOLATED...
     .....NODAL COUPLING UPDATED..... 
MAX. CHANGE IN NODAL COUPLING COEF.=  1.11387E-01 AT NODE I =  4, J =  1, K = 19
   30    6.70407E-03    4.39020E-03
   31    9.16958E-02    2.42164E-01
   32    3.54834E-02    4.58722E-02
   33    3.52966E-02    4.80629E-02
   34    2.69034E-02    3.11193E-02
     ...FISSION SOURCE EXTRAPOLATED...
   35    3.91689E-02    3.12058E-02
   36    1.50987E-02    2.80343E-02
   37    1.34172E-02    1.93590E-02
   38    9.02368E-03    1.59184E-02
   39    6.88871E-03    1.28532E-02
     ...FISSION SOURCE EXTRAPOLATED...
   40    1.05771E-02    9.86772E-03
   41    4.29683E-03    8.61935E-03
   42    3.90406E-03    6.73677E-03
   43    3.31110E-03    4.25836E-03
   44    2.57608E-03    3.35055E-03
     ...FISSION SOURCE EXTRAPOLATED...
     .....NODAL COUPLING UPDATED..... 
MAX. CHANGE IN NODAL COUPLING COEF.=  7.20798E-02 AT NODE I =  4, J =  1, K = 19
   45    3.75894E-03    2.78725E-03
   46    3.42118E-02    1.56894E-01
   47    1.44380E-02    2.08650E-02
   48    8.23750E-03    1.16327E-02
   49    6.18265E-03    6.98195E-03
     ...FISSION SOURCE EXTRAPOLATED...
   50    6.43287E-03    5.58251E-03
   51    2.38123E-03    4.54882E-03
   52    2.36437E-03    2.73990E-03
   53    2.19647E-03    2.49055E-03
   54    1.98599E-03    2.51537E-03
     ...FISSION SOURCE EXTRAPOLATED...
   55    3.19427E-03    2.49199E-03
   56    1.29286E-03    2.59491E-03
   57    1.16645E-03    1.85698E-03
   58    9.54361E-04    1.35953E-03
   59    7.23206E-04    1.10827E-03
     ...FISSION SOURCE EXTRAPOLATED...
     .....NODAL COUPLING UPDATED..... 
MAX. CHANGE IN NODAL COUPLING COEF.=  2.54685E-02 AT NODE I =  4, J =  1, K = 19
   60    1.02257E-03    8.14957E-04
   61    2.09889E-02    5.44462E-02
   62    5.81786E-03    6.64165E-03
   63    2.91248E-03    3.83220E-03
   64    1.67152E-03    2.41001E-03
     ...FISSION SOURCE EXTRAPOLATED...
   65    1.55989E-03    1.71905E-03
   66    5.96679E-04    1.21298E-03
   67    5.73812E-04    8.92242E-04
   68    5.31477E-04    7.60505E-04
   69    5.04799E-04    7.07928E-04
     ...FISSION SOURCE EXTRAPOLATED...
   70    8.34040E-04    6.70632E-04
   71    3.32714E-04    7.05020E-04
   72    2.97145E-04    5.23750E-04
   73    2.39751E-04    4.07579E-04
   74    1.78312E-04    2.96399E-04
     ...FISSION SOURCE EXTRAPOLATED...
     .....NODAL COUPLING UPDATED..... 
MAX. CHANGE IN NODAL COUPLING COEF.=  1.21366E-02 AT NODE I =  4, J =  1, K = 19
   75    2.47213E-04    2.00630E-04
   76    1.81168E-02    1.92424E-02
   77    3.84107E-03    4.42426E-03
   78    1.30821E-03    1.70435E-03
   79    7.66580E-04    1.16565E-03
     ...FISSION SOURCE EXTRAPOLATED...
   80    6.17803E-04    8.73398E-04
   81    1.96870E-04    5.85878E-04
   82    1.82650E-04    3.51986E-04
   83    1.66141E-04    2.37372E-04
   84    1.47865E-04    2.05020E-04
     ...FISSION SOURCE EXTRAPOLATED...
   85    2.40226E-04    1.91100E-04
   86    8.64639E-05    1.95518E-04
   87    7.75538E-05    1.50384E-04
   88    6.19623E-05    1.14613E-04
   89    4.52938E-05    7.86410E-05
     ...FISSION SOURCE EXTRAPOLATED...
     .....NODAL COUPLING UPDATED..... 
MAX. CHANGE IN NODAL COUPLING COEF.=  3.72445E-03 AT NODE I =  4, J =  1, K = 19
   90    6.13379E-05    4.90359E-05
   91    1.52155E-02    1.52155E-02
   92    3.53766E-03    4.02067E-03
   93    8.05035E-04    1.26895E-03
   94    2.82549E-04    6.30541E-04
     ...FISSION SOURCE EXTRAPOLATED...
   95    2.41562E-04    3.49699E-04
   96    8.22805E-05    2.34621E-04
   97    6.71574E-05    1.50003E-04
   98    5.44814E-05    9.31521E-05
   99    4.51776E-05    7.38437E-05
     ...FISSION SOURCE EXTRAPOLATED...
  100    7.04216E-05    6.18051E-05
  101    2.29266E-05    5.65687E-05
  102    2.22987E-05    4.99203E-05
  103    1.72804E-05    3.53346E-05
  104    1.21746E-05    2.15450E-05
     ...FISSION SOURCE EXTRAPOLATED...
     .....NODAL COUPLING UPDATED..... 
MAX. CHANGE IN NODAL COUPLING COEF.=  6.50370E-03 AT NODE I =  9, J =  6, K = 11
  105    1.56136E-05    1.18256E-05
  106    1.27737E-02    1.77939E-02
  107    2.65167E-03    3.30030E-03
  108    5.93900E-04    1.30064E-03
  109    1.77546E-04    6.11848E-04
     ...FISSION SOURCE EXTRAPOLATED...
  110    1.31529E-04    2.77946E-04
  111    3.11691E-05    1.25003E-04
  112    2.83808E-05    8.87180E-05
  113    2.01099E-05    4.66289E-05
  114    1.45704E-05    2.76730E-05
     ...FISSION SOURCE EXTRAPOLATED...
  115    2.01248E-05    1.76767E-05
  116    5.29636E-06    1.51026E-05
  117    6.30806E-06    1.66541E-05
  118    4.38592E-06    8.78201E-06


     Radial Power Distribution
   ==============================
           1       2       3       4       5       6       7       8       9
     9   4.214   8.529   2.448   0.337   0.031   0.006   0.001   0.000        
     8   8.529  13.888   3.915   0.549   0.075   0.010   0.002   0.000        
     7   2.448   3.915   1.395   0.252   0.038   0.006   0.001   0.000        
     6   0.337   0.549   0.252   0.070   0.013   0.002   0.000                
     5   0.031   0.075   0.038   0.013   0.002   0.001   0.000                
     4   0.006   0.010   0.006   0.002   0.001   0.000                        
     3   0.001   0.002   0.001   0.000   0.000                                
     2   0.000   0.000   0.000                                                
     1                                                                        

   MAX POS.       Maximum Value
  (  8,  2)         13.888


     Axial Power Density Distribution
   ====================================

     Plane Number        Power      Height
    -----------------------------------------
        19  (TOP)        0.000      380.00
        18               0.000      360.00
        17               0.000      340.00
        16               0.000      320.00
        15               0.002      300.00
        14               0.011      280.00
        13               0.073      260.00
        12               0.494      240.00
        11               3.321      220.00
        10               9.199      200.00
         9               3.321      180.00
         8               0.494      160.00
         7               0.073      140.00
         6               0.011      120.00
         5               0.002      100.00
         4               0.000       80.00
         3               0.000       60.00
         2               0.000       40.00
         1  (BOTTOM)     0.000       20.00

   MAX POS.       Maximum Value
    ( 10)             9.199


     Radial Flux Distribution
   ==============================
    Group :   1
             1          2          3          4          5          6          7          8          9
     9   3.996E+05  2.901E+05  7.783E+04  1.058E+04  1.329E+03  1.801E+02  2.531E+01  3.836E+00  3.310E-01 
     8   2.901E+05  2.330E+05  6.218E+04  8.582E+03  1.196E+03  1.588E+02  2.363E+01  3.396E+00  3.036E-01 
     7   7.783E+04  6.218E+04  2.196E+04  3.951E+03  6.014E+02  9.427E+01  1.441E+01  2.239E+00  1.910E-01 
     6   1.058E+04  8.582E+03  3.951E+03  1.102E+03  2.120E+02  3.639E+01  6.542E+00  7.585E-01  6.874E-02 
     5   1.329E+03  1.196E+03  6.014E+02  2.120E+02  5.223E+01  1.084E+01  2.127E+00  2.420E-01            
     4   1.801E+02  1.588E+02  9.427E+01  3.639E+01  1.084E+01  2.712E+00  4.313E-01  5.272E-02            
     3   2.531E+01  2.363E+01  1.441E+01  6.542E+00  2.127E+00  4.313E-01  7.107E-02                       
     2   3.836E+00  3.396E+00  2.239E+00  7.585E-01  2.420E-01  5.272E-02                                  
     1   3.310E-01  3.036E-01  1.910E-01  6.874E-02                                                        

    Group :   2
             1          2          3          4          5          6          7          8          9
     9   6.507E+04  6.584E+04  1.890E+04  2.599E+03  2.366E+02  4.259E+01  6.162E+00  1.054E+00  7.909E-01 
     8   6.584E+04  5.361E+04  1.511E+04  2.118E+03  2.896E+02  3.890E+01  5.890E+00  9.375E-01  7.189E-01 
     7   1.890E+04  1.511E+04  5.384E+03  9.717E+02  1.478E+02  2.323E+01  3.737E+00  6.969E-01  4.836E-01 
     6   2.599E+03  2.118E+03  9.717E+02  2.705E+02  5.165E+01  8.946E+00  1.796E+00  1.565E+00  2.581E-01 
     5   2.366E+02  2.896E+02  1.478E+02  5.165E+01  9.262E+00  2.698E+00  6.446E-01  6.195E-01            
     4   4.259E+01  3.890E+01  2.323E+01  8.946E+00  2.698E+00  8.043E-01  8.923E-01  1.899E-01            
     3   6.162E+00  5.890E+00  3.737E+00  1.796E+00  6.446E-01  8.923E-01  2.556E-01                       
     2   1.054E+00  9.375E-01  6.969E-01  1.565E+00  6.195E-01  1.899E-01                                  
     1   7.909E-01  7.189E-01  4.836E-01  2.581E-01                                                        



  CPU time breakdown in seconds
    Input reading time   :    0.0071  (12.7%)
    XSEC processing time :    0.0003  ( 0.5%)
    CMFD time            :    0.0210  (37.8%)
    Nodal update time    :    0.0272  (48.9%)
    T-H time             :    0.0000  ( 0.0%)
    ------------------------------------------
    Total time           :    0.0556
