           ###########################################################
           #                     ADPRES 1.2                          #
           #        ABU DHABI POLYTECHNIC REACTOR SIMULATOR          #
           ###########################################################


  =============================INPUT DATA STARTS HERE===========================
     1: ! IAEA3D input data                                                                                 
     2: ! NODE SIZE = 10 cm                                                                                 
     3: ! PARCS K-EFF  : 1.029096                                                                           
     4: ! ADPRES K-EFF : 1.029082 (ERROR = 1.4 PCM)                                                         
     5:                                                                                                     
     6: %MODE                                                                                               
     7: FORWARD                                                                                             
     8: %CASE                                                                                               
     9: IAEA3D                                                                                              
    10: 10 CM NODE SIZE                                                                                     
    11: %XSEC                                                                                               
    12: 2  5    ! Number of groups and number of materials                                                  
    13: ! sigtr   siga   nu*sigf sigf   chi   sigs_g1  sigs_g2                                              
    14: 0.222222  0.010  0.000  0.000    1.0   0.1922   0.020                                               
    15: 0.833333  0.080  0.135  0.135    0.0   0.000    0.7533   ! MAT1 : Outer Fuel                        
    16: 0.222222  0.010  0.000  0.000    1.0   0.1922   0.020                                               
    17: 0.833333  0.085  0.135  0.135    0.0   0.000    0.7483   ! MAT2 : Inner Fuel                        
    18: 0.222222  0.0100 0.000  0.000    1.0   0.1922   0.020                                               
    19: 0.833333  0.1300 0.135  0.135    0.0   0.000    0.7033   ! MAT3 : Inner Fuel + Control Rod          
    20: 0.166667  0.000  0.000  0.000    0.0   0.1267   0.040                                               
    21: 1.111111  0.010  0.000  0.000    0.0   0.000    1.1011   ! MAT4 : Reflector                         
    22: 0.166667  0.000  0.000  0.000    0.0   0.000    0.040                                               
    23: 1.111111  0.055  0.000  0.000    0.0   0.000    0.000    ! MAT5 : Reflector + Control Rod           
    24: %GEOM                                                                                               
    25: 9 9 19         !nx, ny, nz                                                                          
    26: 10.0 8*20.0    !x-direction assembly size in cm                                                     
    27: 1  8*2         !x-direction assembly divided into 2 (10 cm each)                                    
    28: 8*20.0 10.0    !y-direction assembly size in cm                                                     
    29: 8*2  1         !y-direction assembly divided into 2 (10 cm each)                                    
    30: 19*20.0        !z-direction assembly  in cm                                                         
    31: 19*1           !z-direction nodal is not divided                                                    
    32: 4              !np number of planar type                                                            
    33: 1  13*2  4*3  4     !planar assignment (from bottom to top)                                         
    34: ! Planar_type_1 (Bottom Reflector)                                                                  
    35:   4  4  4  4  4  4  4  4  4                                                                         
    36:   4  4  4  4  4  4  4  4  4                                                                         
    37:   4  4  4  4  4  4  4  4  4                                                                         
    38:   4  4  4  4  4  4  4  4  4                                                                         
    39:   4  4  4  4  4  4  4  4  0                                                                         
    40:   4  4  4  4  4  4  4  4  0                                                                         
    41:   4  4  4  4  4  4  4  0  0                                                                         
    42:   4  4  4  4  4  4  0  0  0                                                                         
    43:   4  4  4  4  0  0  0  0  0                                                                         
    44: ! Planar_type_2 (Fuel)                                                                              
    45:   3  2  2  2  3  2  2  1  4                                                                         
    46:   2  2  2  2  2  2  2  1  4                                                                         
    47:   2  2  2  2  2  2  1  1  4                                                                         
    48:   2  2  2  2  2  2  1  4  4                                                                         
    49:   3  2  2  2  3  1  1  4  0                                                                         
    50:   2  2  2  2  1  1  4  4  0                                                                         
    51:   2  2  1  1  1  4  4  0  0                                                                         
    52:   1  1  1  4  4  4  0  0  0                                                                         
    53:   4  4  4  4  0  0  0  0  0                                                                         
    54: ! Planar_type_3 (Fuel+Partial Control Rods)                                                         
    55:   3  2  2  2  3  2  2  1  4                                                                         
    56:   2  2  2  2  2  2  2  1  4                                                                         
    57:   2  2  3  2  2  2  1  1  4                                                                         
    58:   2  2  2  2  2  2  1  4  4                                                                         
    59:   3  2  2  2  3  1  1  4  0                                                                         
    60:   2  2  2  2  1  1  4  4  0                                                                         
    61:   2  2  1  1  1  4  4  0  0                                                                         
    62:   1  1  1  4  4  4  0  0  0                                                                         
    63:   4  4  4  4  0  0  0  0  0                                                                         
    64: ! Planar_type_4 (Top reflectors)                                                                    
    65:   5  4  4  4  5  4  4  4  4                                                                         
    66:   4  4  4  4  4  4  4  4  4                                                                         
    67:   4  4  5  4  4  4  4  4  4                                                                         
    68:   4  4  4  4  4  4  4  4  4                                                                         
    69:   5  4  4  4  5  4  4  4  0                                                                         
    70:   4  4  4  4  4  4  4  4  0                                                                         
    71:   4  4  4  4  4  4  4  0  0                                                                         
    72:   4  4  4  4  4  4  0  0  0                                                                         
    73:   4  4  4  4  0  0  0  0  0                                                                         
    74: ! Boundary conditions (east), (west), (north), (south), (bottom), (top)                             
    75: 1 2 2 1 1 1                                                                                         
    76:                                                                                                     
    77: %EXTR                                                                                               
  =============================INPUT DATA   ENDS HERE===========================



                              START READING INPUT
  ******************************************************************************
  CALCULATION MODE : FORWARD CALCULATION                                         

  CASE ID : IAEA3D                                                                                              
  10 CM NODE SIZE                                                                                     


            >>>> READING MACROSCOPIC CROSS SECTIONS <<<<
            --------------------------------------------

     MATERIAL  1
    GROUP   TRANSPORT  DIFFUSION  ABSORPTION  REMOVAL    NU*FISS    KAP*FIS   FISS. SPCTR
       1     0.222222  1.500002   0.010000    0.030000   0.000000   0.000000  1.000000
       2     0.833333  0.400000   0.080000    0.080000   0.135000   0.135000  0.000000
   --SCATTERING MATRIX--
     G/G'          1          2
      1        0.192200    0.020000
      2        0.000000    0.753300

     MATERIAL  2
    GROUP   TRANSPORT  DIFFUSION  ABSORPTION  REMOVAL    NU*FISS    KAP*FIS   FISS. SPCTR
       1     0.222222  1.500002   0.010000    0.030000   0.000000   0.000000  1.000000
       2     0.833333  0.400000   0.085000    0.085000   0.135000   0.135000  0.000000
   --SCATTERING MATRIX--
     G/G'          1          2
      1        0.192200    0.020000
      2        0.000000    0.748300

     MATERIAL  3
    GROUP   TRANSPORT  DIFFUSION  ABSORPTION  REMOVAL    NU*FISS    KAP*FIS   FISS. SPCTR
       1     0.222222  1.500002   0.010000    0.030000   0.000000   0.000000  1.000000
       2     0.833333  0.400000   0.130000    0.130000   0.135000   0.135000  0.000000
   --SCATTERING MATRIX--
     G/G'          1          2
      1        0.192200    0.020000
      2        0.000000    0.703300

     MATERIAL  4
    GROUP   TRANSPORT  DIFFUSION  ABSORPTION  REMOVAL    NU*FISS    KAP*FIS   FISS. SPCTR
       1     0.166667  1.999996   0.000000    0.040000   0.000000   0.000000  0.000000
       2     1.111111  0.300000   0.010000    0.010000   0.000000   0.000000  0.000000
   --SCATTERING MATRIX--
     G/G'          1          2
      1        0.126700    0.040000
      2        0.000000    1.101100

     MATERIAL  5
    GROUP   TRANSPORT  DIFFUSION  ABSORPTION  REMOVAL    NU*FISS    KAP*FIS   FISS. SPCTR
       1     0.166667  1.999996   0.000000    0.040000   0.000000   0.000000  0.000000
       2     1.111111  0.300000   0.055000    0.055000   0.000000   0.000000  0.000000
   --SCATTERING MATRIX--
     G/G'          1          2
      1        0.000000    0.040000
      2        0.000000    0.000000

  ...Macroscopic CX Card is successfully read...


            >>>>>READING CORE GEOMETRY<<<<<
            -------------------------------
  Number of assembly in x, y and z directions respectively :
           9           9          19
  Number of nodes in x, y and z directions respectively :
          17          17          19

  x-directed nodes division (delta-x)
    10.00  10.00  10.00  10.00  10.00  10.00  10.00  10.00  10.00  10.00
    10.00  10.00  10.00  10.00  10.00  10.00  10.00
  y-directed nodes division (delta-y)
    10.00  10.00  10.00  10.00  10.00  10.00  10.00  10.00  10.00  10.00
    10.00  10.00  10.00  10.00  10.00  10.00  10.00

   Planar Region :  1
        1  2  3  4  5  6  7  8  9 10 11 12 13 14 15 16 17
    17  4  4  4  4  4  4  4  4  4  4  4  4  4  4  4  4  4 
    16  4  4  4  4  4  4  4  4  4  4  4  4  4  4  4  4  4 
    15  4  4  4  4  4  4  4  4  4  4  4  4  4  4  4  4  4 
    14  4  4  4  4  4  4  4  4  4  4  4  4  4  4  4  4  4 
    13  4  4  4  4  4  4  4  4  4  4  4  4  4  4  4  4  4 
    12  4  4  4  4  4  4  4  4  4  4  4  4  4  4  4  4  4 
    11  4  4  4  4  4  4  4  4  4  4  4  4  4  4  4  4  4 
    10  4  4  4  4  4  4  4  4  4  4  4  4  4  4  4       
     9  4  4  4  4  4  4  4  4  4  4  4  4  4  4  4       
     8  4  4  4  4  4  4  4  4  4  4  4  4  4  4  4       
     7  4  4  4  4  4  4  4  4  4  4  4  4  4  4  4       
     6  4  4  4  4  4  4  4  4  4  4  4  4  4             
     5  4  4  4  4  4  4  4  4  4  4  4  4  4             
     4  4  4  4  4  4  4  4  4  4  4  4                   
     3  4  4  4  4  4  4  4  4  4  4  4                   
     2  4  4  4  4  4  4  4                               
     1  4  4  4  4  4  4  4                               
   Planar Region :  2
        1  2  3  4  5  6  7  8  9 10 11 12 13 14 15 16 17
    17  3  2  2  2  2  2  2  3  3  2  2  2  2  1  1  4  4 
    16  2  2  2  2  2  2  2  2  2  2  2  2  2  1  1  4  4 
    15  2  2  2  2  2  2  2  2  2  2  2  2  2  1  1  4  4 
    14  2  2  2  2  2  2  2  2  2  2  2  1  1  1  1  4  4 
    13  2  2  2  2  2  2  2  2  2  2  2  1  1  1  1  4  4 
    12  2  2  2  2  2  2  2  2  2  2  2  1  1  4  4  4  4 
    11  2  2  2  2  2  2  2  2  2  2  2  1  1  4  4  4  4 
    10  3  2  2  2  2  2  2  3  3  1  1  1  1  4  4       
     9  3  2  2  2  2  2  2  3  3  1  1  1  1  4  4       
     8  2  2  2  2  2  2  2  1  1  1  1  4  4  4  4       
     7  2  2  2  2  2  2  2  1  1  1  1  4  4  4  4       
     6  2  2  2  1  1  1  1  1  1  4  4  4  4             
     5  2  2  2  1  1  1  1  1  1  4  4  4  4             
     4  1  1  1  1  1  4  4  4  4  4  4                   
     3  1  1  1  1  1  4  4  4  4  4  4                   
     2  4  4  4  4  4  4  4                               
     1  4  4  4  4  4  4  4                               
   Planar Region :  3
        1  2  3  4  5  6  7  8  9 10 11 12 13 14 15 16 17
    17  3  2  2  2  2  2  2  3  3  2  2  2  2  1  1  4  4 
    16  2  2  2  2  2  2  2  2  2  2  2  2  2  1  1  4  4 
    15  2  2  2  2  2  2  2  2  2  2  2  2  2  1  1  4  4 
    14  2  2  2  3  3  2  2  2  2  2  2  1  1  1  1  4  4 
    13  2  2  2  3  3  2  2  2  2  2  2  1  1  1  1  4  4 
    12  2  2  2  2  2  2  2  2  2  2  2  1  1  4  4  4  4 
    11  2  2  2  2  2  2  2  2  2  2  2  1  1  4  4  4  4 
    10  3  2  2  2  2  2  2  3  3  1  1  1  1  4  4       
     9  3  2  2  2  2  2  2  3  3  1  1  1  1  4  4       
     8  2  2  2  2  2  2  2  1  1  1  1  4  4  4  4       
     7  2  2  2  2  2  2  2  1  1  1  1  4  4  4  4       
     6  2  2  2  1  1  1  1  1  1  4  4  4  4             
     5  2  2  2  1  1  1  1  1  1  4  4  4  4             
     4  1  1  1  1  1  4  4  4  4  4  4                   
     3  1  1  1  1  1  4  4  4  4  4  4                   
     2  4  4  4  4  4  4  4                               
     1  4  4  4  4  4  4  4                               
   Planar Region :  4
        1  2  3  4  5  6  7  8  9 10 11 12 13 14 15 16 17
    17  5  4  4  4  4  4  4  5  5  4  4  4  4  4  4  4  4 
    16  4  4  4  4  4  4  4  4  4  4  4  4  4  4  4  4  4 
    15  4  4  4  4  4  4  4  4  4  4  4  4  4  4  4  4  4 
    14  4  4  4  5  5  4  4  4  4  4  4  4  4  4  4  4  4 
    13  4  4  4  5  5  4  4  4  4  4  4  4  4  4  4  4  4 
    12  4  4  4  4  4  4  4  4  4  4  4  4  4  4  4  4  4 
    11  4  4  4  4  4  4  4  4  4  4  4  4  4  4  4  4  4 
    10  5  4  4  4  4  4  4  5  5  4  4  4  4  4  4       
     9  5  4  4  4  4  4  4  5  5  4  4  4  4  4  4       
     8  4  4  4  4  4  4  4  4  4  4  4  4  4  4  4       
     7  4  4  4  4  4  4  4  4  4  4  4  4  4  4  4       
     6  4  4  4  4  4  4  4  4  4  4  4  4  4             
     5  4  4  4  4  4  4  4  4  4  4  4  4  4             
     4  4  4  4  4  4  4  4  4  4  4  4                   
     3  4  4  4  4  4  4  4  4  4  4  4                   
     2  4  4  4  4  4  4  4                               
     1  4  4  4  4  4  4  4                               

  Planar Region Assignment to planes.
 --------------------------------------
   Plane Number     Planar Region    delta-z
       19 (TOP)            4          20.00
       18                  3          20.00
       17                  3          20.00
       16                  3          20.00
       15                  3          20.00
       14                  2          20.00
       13                  2          20.00
       12                  2          20.00
       11                  2          20.00
       10                  2          20.00
        9                  2          20.00
        8                  2          20.00
        7                  2          20.00
        6                  2          20.00
        5                  2          20.00
        4                  2          20.00
        3                  2          20.00
        2                  2          20.00
        1 (BOTTOM)         1          20.00

   Boundary conditions
  X-directed West   : REFLECTIVE
  X-directed East   : ZERO INCOMING CURRENT
  Y-directed North  : REFLECTIVE
  Y-directed South  : ZERO INCOMING CURRENT
  Z-directed Bottom : ZERO INCOMING CURRENT
  Z-directed Top    : ZERO INCOMING CURRENT

  ...Core geometry is successfully read...


            >>>>>READING FLUX TRANSFORMATION<<<<<
            -------------------------------------
  EXPONENTIAL FLUX TRANSFORMATION IS ACTIVE


  ************************  STOP READING INPUT  ********************************


  ==============================================================================
                           CALCULATION RESULTS
  ==============================================================================

  Itr     k-eff     Fis.Src Error   Inner Error
 ----------------------------------------------------
    1     0.981424    5.47871E-01    8.55259E+03
    2     1.001319    2.41976E-01    8.56379E+00
    3     1.009804    1.67297E-01    6.27992E-01
    4     1.013500    1.33833E-01    1.44559E-01
     ...FISSION SOURCE EXTRAPOLATED...
    5     1.026980    2.65156E+00    1.31348E-01
    6     1.024050    2.69425E-01    1.90647E+00
    7     1.024688    9.31087E-02    4.43462E+01
    8     1.024358    3.99972E-02    1.10592E+00
    9     1.024191    3.47063E-02    1.96477E-01
     ...FISSION SOURCE EXTRAPOLATED...
   10     1.023838    1.12907E+00    5.87407E-02
   11     1.024188    1.12316E-01    9.62168E-01
   12     1.025744    1.03113E-01    4.24920E-01
   13     1.026299    8.09335E-02    1.86532E-01
   14     1.026714    6.40064E-02    8.00816E-02
     ...FISSION SOURCE EXTRAPOLATED...
   15     1.028565    5.05638E-01    6.73943E-02
   16     1.028253    6.31685E-02    4.20531E-01
   17     1.028196    3.63469E-02    4.93252E-01
   18     1.028082    2.21127E-02    2.48688E-01
   19     1.028020    1.29756E-02    6.24972E-02
     ...FISSION SOURCE EXTRAPOLATED...
   20     1.027400    3.54750E-01    2.34432E-02
   21     1.027655    6.04390E-02    3.09183E-01
     .....NODAL COUPLING UPDATED..... 
MAX. CHANGE IN NODAL COUPLING COEF.=  3.16843E-01 AT NODE I =  6, J =  4, K = 19
   22     1.028084    5.88420E-02    1.59061E-01
   23     1.032373    1.30872E-01    4.33336E-01
   24     1.030818    5.51189E-02    1.84604E-01
     ...FISSION SOURCE EXTRAPOLATED...
   25     1.029029    1.07105E-01    1.14532E-01
   26     1.029615    1.28000E-02    7.92164E-02
   27     1.029310    9.21108E-03    7.02347E-02
   28     1.029268    7.70113E-03    2.33171E-02
   29     1.029252    6.77810E-03    1.26452E-02
     ...FISSION SOURCE EXTRAPOLATED...
   30     1.028885    8.85937E-02    8.34156E-03
   31     1.029019    1.01734E-02    8.43263E-02
   32     1.028826    5.42157E-03    8.78422E-02
   33     1.028802    4.30053E-03    2.23840E-02
   34     1.028806    3.96582E-03    4.21410E-03
     ...FISSION SOURCE EXTRAPOLATED...
   35     1.028882    4.00875E-02    4.15830E-03
   36     1.028869    3.16753E-03    3.66234E-02
   37     1.028896    2.89270E-03    2.66432E-02
   38     1.028890    2.29630E-03    7.77722E-03
   39     1.028884    1.75597E-03    4.50688E-03
     ...FISSION SOURCE EXTRAPOLATED...
   40     1.028806    2.11309E-02    2.01927E-03
   41     1.028850    5.04331E-03    1.98071E-02
   42     1.028822    2.16511E-03    2.31885E-02
   43     1.028816    1.32030E-03    7.40873E-03
     .....NODAL COUPLING UPDATED..... 
MAX. CHANGE IN NODAL COUPLING COEF.=  7.77068E-02 AT NODE I = 13, J =  6, K = 19
   44     1.028815    9.88078E-04    1.75021E-03
     ...FISSION SOURCE EXTRAPOLATED...
   45     1.028749    2.70297E-03    1.01361E-01
   46     1.029184    1.79029E-02    2.54126E-02
   47     1.029130    7.71244E-03    1.02339E-02
   48     1.029084    5.16741E-03    7.30180E-03
   49     1.029046    3.73690E-03    4.77112E-03
     ...FISSION SOURCE EXTRAPOLATED...
   50     1.028894    2.60208E-02    3.45389E-03
   51     1.028998    2.72863E-03    2.28899E-02
   52     1.028973    1.53306E-03    1.53902E-02
   53     1.028980    1.13497E-03    1.55657E-03
   54     1.028984    1.08660E-03    1.08660E-03
     ...FISSION SOURCE EXTRAPOLATED...
   55     1.029008    2.33384E-02    1.05436E-03
   56     1.029009    2.73691E-03    2.15387E-02
   57     1.029003    1.84511E-03    9.83932E-03
   58     1.028990    1.28141E-03    2.51189E-03
   59     1.028982    9.58612E-04    1.31166E-03
     ...FISSION SOURCE EXTRAPOLATED...
   60     1.028957    3.62385E-03    7.81147E-04
   61     1.028967    3.17276E-04    2.97034E-03
   62     1.028964    3.10507E-04    2.33945E-03
   63     1.028966    2.64908E-04    3.56434E-04
   64     1.028966    2.34934E-04    2.64160E-04
     ...FISSION SOURCE EXTRAPOLATED...
   65     1.028972    7.96762E-03    2.25512E-04
     .....NODAL COUPLING UPDATED..... 
MAX. CHANGE IN NODAL COUPLING COEF.=  9.59384E-03 AT NODE I = 13, J =  7, K = 19
   66     1.028973    9.35948E-04    7.33196E-03
   67     1.029140    3.29672E-03    3.07920E-02
   68     1.029115    1.48019E-03    4.09482E-03
   69     1.029102    1.18427E-03    2.15202E-03
     ...FISSION SOURCE EXTRAPOLATED...
   70     1.029051    5.24286E-03    1.08493E-03
   71     1.029076    4.68687E-04    4.47135E-03
   72     1.029064    2.97197E-04    4.10696E-03
   73     1.029065    2.40066E-04    7.22833E-04
   74     1.029065    2.25154E-04    5.88166E-04
     ...FISSION SOURCE EXTRAPOLATED...
   75     1.029067    4.52712E-03    2.25768E-04
   76     1.029066    5.41916E-04    4.39262E-03
   77     1.029063    4.49023E-04    4.09320E-03
   78     1.029059    2.86348E-04    1.02676E-03
   79     1.029057    2.05863E-04    2.77957E-04
     ...FISSION SOURCE EXTRAPOLATED...
   80     1.029050    8.85328E-04    1.75320E-04
   81     1.029052    1.19252E-04    7.58061E-04
   82     1.029052    9.36462E-05    5.70339E-04
   83     1.029053    8.00869E-05    1.55104E-04
   84     1.029053    7.01886E-05    7.92477E-05
     ...FISSION SOURCE EXTRAPOLATED...
   85     1.029055    1.39428E-03    6.88354E-05
   86     1.029055    1.88081E-04    1.35060E-03
   87     1.029053    1.08592E-04    1.20189E-03
     .....NODAL COUPLING UPDATED..... 
MAX. CHANGE IN NODAL COUPLING COEF.=  7.06979E-03 AT NODE I = 10, J =  6, K = 19
   88     1.029053    8.09990E-05    2.29796E-04
   89     1.029097    8.74304E-04    7.62786E-03
     ...FISSION SOURCE EXTRAPOLATED...
   90     1.029088    1.00450E-03    1.44001E-03
   91     1.029089    4.13243E-04    8.96275E-04
   92     1.029086    1.82495E-04    8.18932E-04
   93     1.029085    1.44250E-04    3.07788E-04
   94     1.029084    1.25895E-04    1.51294E-04
     ...FISSION SOURCE EXTRAPOLATED...
   95     1.029076    1.68868E-03    1.24464E-04
   96     1.029081    1.94833E-04    1.56586E-03
   97     1.029078    8.03913E-05    1.47759E-03
   98     1.029077    7.00997E-05    1.50746E-04
   99     1.029077    5.89739E-05    8.19896E-05
     ...FISSION SOURCE EXTRAPOLATED...
  100     1.029078    6.02650E-04    1.23325E-04
  101     1.029078    5.60653E-05    5.44002E-04
  102     1.029078    4.29217E-05    5.72034E-04
  103     1.029078    2.94079E-05    7.34477E-05
  104     1.029077    2.58479E-05    3.93366E-05
     ...FISSION SOURCE EXTRAPOLATED...
  105     1.029076    2.66503E-04    2.45627E-05
  106     1.029077    2.64558E-05    2.42296E-04
  107     1.029076    2.70479E-05    2.06213E-04
  108     1.029076    1.91791E-05    3.50766E-05
  109     1.029076    1.56900E-05    2.79154E-05
     ...FISSION SOURCE EXTRAPOLATED...
     .....NODAL COUPLING UPDATED..... 
MAX. CHANGE IN NODAL COUPLING COEF.=  2.95708E-03 AT NODE I = 12, J =  8, K = 19
  110     1.029076    1.39353E-04    2.50027E-05
  111     1.029088    2.72689E-04    3.43600E-03
  112     1.029087    1.33611E-04    4.30031E-04
  113     1.029086    7.84636E-05    2.05477E-04
  114     1.029086    6.42833E-05    8.26350E-05
     ...FISSION SOURCE EXTRAPOLATED...
  115     1.029082    5.28830E-04    6.02213E-05
  116     1.029084    6.59343E-05    4.72776E-04
  117     1.029083    5.33407E-05    4.38936E-04
  118     1.029083    3.60340E-05    9.12013E-05
  119     1.029083    2.87736E-05    8.59804E-05
     ...FISSION SOURCE EXTRAPOLATED...
  120     1.029084    3.82801E-04    4.74233E-05
  121     1.029084    6.93807E-05    4.04142E-04
  122     1.029083    4.11835E-05    4.28494E-04
  123     1.029083    2.61380E-05    9.62027E-05
  124     1.029083    2.04651E-05    3.91481E-05
     ...FISSION SOURCE EXTRAPOLATED...
  125     1.029082    1.08870E-04    2.56609E-05
  126     1.029083    1.24363E-05    9.51748E-05
  127     1.029082    1.20168E-05    8.28493E-05
  128     1.029082    9.48481E-06    2.04727E-05
  129     1.029082    7.46358E-06    9.66768E-06

  MULTIPLICATION EFFECTIVE (K-EFF) =  1.029082


     Radial Power Distribution
   ==============================
           1       2       3       4       5       6       7       8       9
     9   0.727   1.276   1.417   1.190   0.610   0.953   0.961   0.780        
     8   1.276   1.392   1.426   1.287   1.069   1.055   0.977   0.760        
     7   1.417   1.426   1.364   1.308   1.179   1.089   1.001   0.715        
     6   1.190   1.287   1.308   1.176   0.971   0.924   0.869                
     5   0.610   1.069   1.179   0.971   0.477   0.701   0.614                
     4   0.953   1.055   1.089   0.924   0.701   0.601                        
     3   0.961   0.977   1.001   0.869   0.614                                
     2   0.780   0.760   0.715                                                
     1                                                                        

   MAX POS.       Maximum Value
  (  7,  2)          1.426


     Axial Power Density Distribution
   ====================================

     Plane Number        Power      Height
    -----------------------------------------
        19  (TOP)        0.000      380.00
        18               0.195      360.00
        17               0.353      340.00
        16               0.538      320.00
        15               0.743      300.00
        14               0.975      280.00
        13               1.182      260.00
        12               1.349      240.00
        11               1.470      220.00
        10               1.539      200.00
         9               1.554      180.00
         8               1.514      160.00
         7               1.420      140.00
         6               1.276      120.00
         5               1.087      100.00
         4               0.858       80.00
         3               0.599       60.00
         2               0.348       40.00
         1  (BOTTOM)     0.000       20.00

   MAX POS.       Maximum Value
    (  9)             1.554


     Radial Flux Distribution
   ==============================
    Group :   1
             1          2          3          4          5          6          7          8          9
     9   1.896E-02  2.444E-02  2.677E-02  2.277E-02  1.591E-02  1.827E-02  1.811E-02  1.257E-02  2.090E-03 
     8   2.444E-02  2.631E-02  2.698E-02  2.433E-02  2.048E-02  1.994E-02  1.836E-02  1.227E-02  1.996E-03 
     7   2.677E-02  2.698E-02  2.630E-02  2.474E-02  2.228E-02  2.052E-02  1.789E-02  1.029E-02  1.510E-03 
     6   2.277E-02  2.433E-02  2.474E-02  2.223E-02  1.857E-02  1.739E-02  1.389E-02  3.679E-03  4.451E-04 
     5   1.591E-02  2.048E-02  2.228E-02  1.857E-02  1.237E-02  1.272E-02  8.883E-03  1.498E-03            
     4   1.827E-02  1.994E-02  2.052E-02  1.739E-02  1.272E-02  8.612E-03  2.464E-03  3.581E-04            
     3   1.811E-02  1.836E-02  1.789E-02  1.389E-02  8.883E-03  2.464E-03  4.021E-04                       
     2   1.257E-02  1.227E-02  1.029E-02  3.679E-03  1.498E-03  3.581E-04                                  
     1   2.090E-03  1.996E-03  1.510E-03  4.451E-04                                                        

    Group :   2
             1          2          3          4          5          6          7          8          9
     9   1.102E-02  1.913E-02  2.124E-02  1.785E-02  9.245E-03  1.433E-02  1.445E-02  1.165E-02  1.613E-02 
     8   1.913E-02  2.085E-02  2.134E-02  1.929E-02  1.606E-02  1.586E-02  1.468E-02  1.135E-02  1.533E-02 
     7   2.124E-02  2.134E-02  2.030E-02  1.958E-02  1.771E-02  1.637E-02  1.501E-02  1.064E-02  1.179E-02 
     6   1.785E-02  1.929E-02  1.958E-02  1.763E-02  1.458E-02  1.388E-02  1.298E-02  2.514E-02  5.695E-03 
     5   9.245E-03  1.606E-02  1.771E-02  1.458E-02  7.216E-03  1.051E-02  9.145E-03  1.216E-02            
     4   1.433E-02  1.586E-02  1.637E-02  1.388E-02  1.051E-02  8.946E-03  1.678E-02  4.530E-03            
     3   1.445E-02  1.468E-02  1.501E-02  1.298E-02  9.145E-03  1.678E-02  5.178E-03                       
     2   1.165E-02  1.135E-02  1.064E-02  2.514E-02  1.216E-02  4.530E-03                                  
     1   1.613E-02  1.533E-02  1.179E-02  5.695E-03                                                        



  CPU time breakdown in seconds
    Input reading time   :    0.0034  ( 2.2%)
    XSEC processing time :    0.0003  ( 0.2%)
    CMFD time            :    0.0904  (58.6%)
    Nodal update time    :    0.0601  (39.0%)
    T-H time             :    0.0000  ( 0.0%)
    ------------------------------------------
    Total time           :    0.1542
