           ###########################################################
           #                     ADPRES 1.2                          #
           #        ABU DHABI POLYTECHNIC REACTOR SIMULATOR          #
           ###########################################################


  =============================INPUT DATA STARTS HERE===========================
     1: ! UO-MOX REACTOR PROBLEM                                                                            
     2:                                                                                                     
     3:                                                                                                     
     4: %MODE                                                                                               
     5: FORWARD                                                                                             
     6: %CASE                                                                                               
     7: UOX-MOX                                                                                             
     8: PROBLEM TEST                                                                                        
     9:                                                                                                     
    10: %GEOM                                                                                               
    11: 9 9 2                  !nx, ny, nz                                                                  
    12: 10.71  8*21.42          !x-direction assembly size in cm                                            
    13: 1  8*2                  !x-direction assembly division                                              
    14: 10.71  8*21.42          !y-direction assembly size in cm                                            
    15: 1  8*2                  !y-direction assembly ddivision                                             
    16: 2*21.42                 !z-direction assembly size in cm                                            
    17: 22*1                    !z-direction assembly division                                              
    18: 1                       !np number of planar type                                                   
    19: 2*1                                                                                                 
    20:                                                                                                     
    21: ! Planar_type_1                                                                                     
    22:  26 26 26 26 26  0  0  0  0                                                                         
    23:   4  8 17  9 26 26 26  0  0                                                                         
    24:   7 12  7 15  2 10 26 26  0                                                                         
    25:  16  4 16  9  7 15 10 26  0                                                                         
    26:  11  1  3  1  6  7  2 26 26                                                                         
    27:   7 13  1 14  1  9 15  9 26                                                                         
    28:   3 10  3  1  3 16  7 17 26                                                                         
    29:   1  2 10 13  1  4 12  8 26                                                                         
    30:   5  1  3  7 11 16  7  4 26                                                                         
    31:                                                                                                     
    32: ! Boundary conditions (east), (west), (north), (south), (bottom), (top)                             
    33: 0 2 0 2 2 2                                                                                         
    34:                                                                                                     
    35: %XSEC                                                                                               
    36: 2  27    ! Number of groups and number of materials                                                 
    37:  !u42 UNRODDED. BURN-UP:    0.15                                                                    
    38: 2.34544E-01  9.98037E-03  7.59247E-03  9.76397E-14  1.00000E+00  5.28264E-01  1.77629E-02           
    39: 8.66255E-01  1.17854E-01  1.56179E-01  2.07650E-12  0.00000E+00  1.79595E-03  1.35588E+00           
    40:  !u42 UNRODDED. BURN-UP:   17.50                                                                    
    41: 2.34060E-01  1.05182E-02  6.37658E-03  7.98642E-14  1.00000E+00  5.29794E-01  1.73011E-02           
    42: 8.90166E-01  1.16461E-01  1.60507E-01  2.02949E-12  0.00000E+00  1.77298E-03  1.37200E+00           
    43:  !u42 UNRODDED. BURN-UP:   22.50                                                                    
    44: 2.33976E-01  1.07120E-02  6.06207E-03  7.54039E-14  1.00000E+00  5.30879E-01  1.72784E-02           
    45: 8.91182E-01  1.15242E-01  1.55663E-01  1.95013E-12  0.00000E+00  1.76810E-03  1.37396E+00           
    46:  !u42 UNRODDED. BURN-UP:   32.50                                                                    
    47: 2.34373E-01  1.10352E-02  5.49309E-03  6.74266E-14  1.00000E+00  5.33030E-01  1.73025E-02           
    48: 8.99875E-01  1.12037E-01  1.43996E-01  1.77454E-12  0.00000E+00  1.70253E-03  1.37812E+00           
    49:  !u42 UNRODDED. BURN-UP:   35.00                                                                    
    50: 2.34237E-01  1.11075E-02  5.36375E-03  6.56277E-14  1.00000E+00  5.33516E-01  1.73101E-02           
    51: 9.00204E-01  1.11068E-01  1.40842E-01  1.72910E-12  0.00000E+00  1.67425E-03  1.37876E+00           
    52:  !u42 UNRODDED. BURN-UP:   37.50                                                                    
    53: 2.34345E-01  1.11916E-02  5.24444E-03  6.39616E-14  1.00000E+00  5.34041E-01  1.73219E-02           
    54: 8.99349E-01  1.10102E-01  1.37694E-01  1.68425E-12  0.00000E+00  1.66484E-03  1.38006E+00           
    55:  !u45 UNRODDED. BURN-UP:    0.15                                                                    
    56: 2.34210E-01  1.01350E-02  7.92582E-03  1.02056E-13  1.00000E+00  5.27567E-01  1.75495E-02           
    57: 8.60367E-01  1.22015E-01  1.64920E-01  2.19279E-12  0.00000E+00  1.86721E-03  1.35489E+00           
    58:  !u45 UNRODDED. BURN-UP:   17.50                                                                    
    59: 2.34206E-01  1.06286E-02  6.67634E-03  8.38651E-14  1.00000E+00  5.29261E-01  1.71506E-02           
    60: 8.85733E-01  1.20500E-01  1.68613E-01  2.13826E-12  0.00000E+00  1.84672E-03  1.37029E+00           
    61:  !u45 UNRODDED. BURN-UP:   20.00                                                                    
    62: 2.34154E-01  1.07118E-02  6.50779E-03  8.14759E-14  1.00000E+00  5.29773E-01  1.71403E-02           
    63: 8.89900E-01  1.19930E-01  1.66382E-01  2.10039E-12  0.00000E+00  1.83478E-03  1.37185E+00           
    64:  !u45 UNRODDED. BURN-UP:   32.50                                                                    
    65: 2.34325E-01  1.11090E-02  5.75540E-03  7.09140E-14  1.00000E+00  5.32420E-01  1.71556E-02           
    66: 8.96792E-01  1.15888E-01  1.51878E-01  1.87896E-12  0.00000E+00  1.75181E-03  1.37649E+00           
    67:  !u45 UNRODDED. BURN-UP:   37.50                                                                    
    68: 2.34595E-01  1.12536E-02  5.48584E-03  6.71711E-14  1.00000E+00  5.33537E-01  1.71856E-02           
    69: 8.98788E-01  1.13996E-01  1.45567E-01  1.78784E-12  0.00000E+00  1.71294E-03  1.37816E+00           
    70:  !m40 UNRODDED. BURN-UP:    0.15                                                                    
    71: 2.34297E-01  1.17344E-02  8.31627E-03  9.69696E-14  1.00000E+00  5.19237E-01  1.51764E-02           
    72: 9.07557E-01  2.50064E-01  3.64904E-01  4.26563E-12  0.00000E+00  3.61004E-03  1.31659E+00           
    73:  !m40 UNRODDED. BURN-UP:   22.50                                                                    
    74: 2.35521E-01  1.23542E-02  6.99915E-03  8.14831E-14  1.00000E+00  5.24624E-01  1.50572E-02           
    75: 8.98229E-01  1.92322E-01  2.72063E-01  3.17327E-12  0.00000E+00  2.81240E-03  1.32071E+00           
    76:  !m40 UNRODDED. BURN-UP:   37.50                                                                    
    77: 2.36316E-01  1.26992E-02  6.25232E-03  7.26936E-14  1.00000E+00  5.27756E-01  1.51017E-02           
    78: 8.96383E-01  1.65223E-01  2.23744E-01  2.60452E-12  0.00000E+00  2.41806E-03  1.32346E+00           
    79:  !m43 UNRODDED. BURN-UP:    0.15                                                                    
    80: 2.34031E-01  1.19189E-02  8.70410E-03  1.01413E-13  1.00000E+00  5.18629E-01  1.49782E-02           
    81: 9.06947E-01  2.58500E-01  3.80820E-01  4.45107E-12  0.00000E+00  3.68292E-03  1.31752E+00           
    82:  !m43 UNRODDED. BURN-UP:   17.50                                                                    
    83: 2.34985E-01  1.24275E-02  7.64869E-03  8.90212E-14  1.00000E+00  5.22945E-01  1.48776E-02           
    84: 8.99449E-01  2.14730E-01  3.08507E-01  3.60045E-12  0.00000E+00  3.09513E-03  1.31889E+00           
    85:  !m43 UNRODDED. BURN-UP:   35.00                                                                    
    86: 2.36113E-01  1.28111E-02  6.73999E-03  7.83420E-14  1.00000E+00  5.26554E-01  1.48811E-02           
    87: 8.92584E-01  1.79408E-01  2.49055E-01  2.90054E-12  0.00000E+00  2.63490E-03  1.32215E+00           
    88:    !u42 RODDED. BURN-UP:   17.50                                                                    
    89: 2.34695E-01  1.61698E-02  6.19342E-03  7.74095E-14  1.00000E+00  5.20833E-01  1.36187E-02           
    90: 8.73850E-01  1.52942E-01  1.68689E-01  2.13010E-12  0.00000E+00  2.19889E-03  1.30693E+00           
    91:    !u42 RODDED. BURN-UP:   22.50                                                                    
    92: 2.34714E-01  1.63306E-02  5.89870E-03  7.32239E-14  1.00000E+00  5.21501E-01  1.35653E-02           
    93: 8.84962E-01  1.51976E-01  1.64038E-01  2.05224E-12  0.00000E+00  2.16935E-03  1.30942E+00           
    94:    !u42 RODDED. BURN-UP:   32.50                                                                    
    95: 2.34896E-01  1.65954E-02  5.36541E-03  6.56794E-14  1.00000E+00  5.22690E-01  1.35122E-02           
    96: 8.88244E-01  1.49124E-01  1.52796E-01  1.88079E-12  0.00000E+00  2.11930E-03  1.31245E+00           
    97:    !u42 RODDED. BURN-UP:   35.00                                                                    
    98: 2.34783E-01  1.66647E-02  5.24655E-03  6.40043E-14  1.00000E+00  5.22934E-01  1.34932E-02           
    99: 8.94907E-01  1.48362E-01  1.49704E-01  1.83585E-12  0.00000E+00  2.12155E-03  1.31299E+00           
   100:    !u42 RODDED. BURN-UP:   37.50                                                                    
   101: 2.35069E-01  1.67194E-02  5.13258E-03  6.24168E-14  1.00000E+00  5.23230E-01  1.34902E-02           
   102: 8.95411E-01  1.47265E-01  1.46659E-01  1.79199E-12  0.00000E+00  2.11397E-03  1.31437E+00           
   103:    !u45 RODDED. BURN-UP:    0.15                                                                    
   104: 2.34908E-01  1.58219E-02  7.65195E-03  9.83508E-14  1.00000E+00  5.18746E-01  1.38168E-02           
   105: 8.55500E-01  1.54259E-01  1.70693E-01  2.26951E-12  0.00000E+00  2.22653E-03  1.29336E+00           
   106:    !u45 RODDED. BURN-UP:   20.00                                                                    
   107: 2.34623E-01  1.63177E-02  6.32396E-03  7.90279E-14  1.00000E+00  5.20700E-01  1.34727E-02           
   108: 8.80177E-01  1.56871E-01  1.75038E-01  2.20669E-12  0.00000E+00  2.26112E-03  1.30590E+00           
   109:    !u45 RODDED. BURN-UP:   37.50                                                                    
   110: 2.35039E-01  1.67724E-02  5.36125E-03  6.54697E-14  1.00000E+00  5.22934E-01  1.33871E-02           
   111: 8.90765E-01  1.51366E-01  1.54621E-01  1.89692E-12  0.00000E+00  2.15770E-03  1.31257E+00           
   112: ! reflector                                                                                         
   113: 2.52078E-01  2.28946E-03  0.00000E+00  0.00000E+00  0.00000E+00  6.28598E-01  2.84275E-02           
   114: 1.32879E+00  3.79706E-02  0.00000E+00  0.00000E+00  0.00000E+00  6.83220E-04  1.98425E+00           
   115: ! reflector (axial)                                                                                 
   116: 1.71190E-01  1.00281E-03  0.00000E+00  0.00000E+00  0.00000E+00  6.66798E-01  4.35628E-02           
   117: 1.36174E+00  2.99824E-02  0.00000E+00  0.00000E+00  0.00000E+00  4.54319E-04  2.08645E+00           
   118:                                                                                                     
   119: %ADF                                                                                                
   120: !g1 -> east  west  north  south                                                                     
   121: !g2 -> east  west  north  south                                                                     
   122:  !u42 UNRODDED. BURN-UP:    0.15                                                                    
   123: 1.00820E+00  1.00820E+00  1.00820E+00  1.00820E+00  1.00000E+00  1.00000E+00                        
   124: 1.02765E+00  1.02765E+00  1.02765E+00  1.02765E+00  1.00000E+00  1.00000E+00                        
   125:  !u42 UNRODDED. BURN-UP:   17.50                                                                    
   126: 1.00121E+00  1.00121E+00  1.00121E+00  1.00121E+00  1.00000E+00  1.00000E+00                        
   127: 9.65625E-01  9.65625E-01  9.65625E-01  9.65625E-01  1.00000E+00  1.00000E+00                        
   128:  !u42 UNRODDED. BURN-UP:   22.50                                                                    
   129: 9.99939E-01  9.99939E-01  9.99939E-01  9.99939E-01  1.00000E+00  1.00000E+00                        
   130: 9.58700E-01  9.58700E-01  9.58700E-01  9.58700E-01  1.00000E+00  1.00000E+00                        
   131:  !u42 UNRODDED. BURN-UP:   32.50                                                                    
   132: 1.00216E+00  1.00216E+00  1.00216E+00  1.00216E+00  1.00000E+00  1.00000E+00                        
   133: 9.52719E-01  9.52719E-01  9.52719E-01  9.52719E-01  1.00000E+00  1.00000E+00                        
   134:  !u42 UNRODDED. BURN-UP:   35.00                                                                    
   135: 1.00257E+00  1.00257E+00  1.00257E+00  1.00257E+00  1.00000E+00  1.00000E+00                        
   136: 9.49727E-01  9.49727E-01  9.49727E-01  9.49727E-01  1.00000E+00  1.00000E+00                        
   137:  !u42 UNRODDED. BURN-UP:   37.50                                                                    
   138: 1.00347E+00  1.00347E+00  1.00347E+00  1.00347E+00  1.00000E+00  1.00000E+00                        
   139: 9.46229E-01  9.46229E-01  9.46229E-01  9.46229E-01  1.00000E+00  1.00000E+00                        
   140:  !u45 UNRODDED. BURN-UP:    0.15                                                                    
   141: 1.00854E+00  1.00854E+00  1.00854E+00  1.00854E+00  1.00000E+00  1.00000E+00                        
   142: 1.02661E+00  1.02661E+00  1.02661E+00  1.02661E+00  1.00000E+00  1.00000E+00                        
   143:  !u45 UNRODDED. BURN-UP:   17.50                                                                    
   144: 1.00053E+00  1.00053E+00  1.00053E+00  1.00053E+00  1.00000E+00  1.00000E+00                        
   145: 9.67569E-01  9.67569E-01  9.67569E-01  9.67569E-01  1.00000E+00  1.00000E+00                        
   146:  !u45 UNRODDED. BURN-UP:   20.00                                                                    
   147: 1.00046E+00  1.00046E+00  1.00046E+00  1.00046E+00  1.00000E+00  1.00000E+00                        
   148: 9.63609E-01  9.63609E-01  9.63609E-01  9.63609E-01  1.00000E+00  1.00000E+00                        
   149:  !u45 UNRODDED. BURN-UP:   32.50                                                                    
   150: 1.00191E+00  1.00191E+00  1.00191E+00  1.00191E+00  1.00000E+00  1.00000E+00                        
   151: 9.50400E-01  9.50400E-01  9.50400E-01  9.50400E-01  1.00000E+00  1.00000E+00                        
   152:  !u45 UNRODDED. BURN-UP:   37.50                                                                    
   153: 1.00248E+00  1.00248E+00  1.00248E+00  1.00248E+00  1.00000E+00  1.00000E+00                        
   154: 9.46750E-01  9.46750E-01  9.46750E-01  9.46750E-01  1.00000E+00  1.00000E+00                        
   155:  !m40 UNRODDED. BURN-UP:    0.15                                                                    
   156: 1.00099E+00  1.00099E+00  1.00099E+00  1.00099E+00  1.00000E+00  1.00000E+00                        
   157: 1.33012E+00  1.33012E+00  1.33012E+00  1.33012E+00  1.00000E+00  1.00000E+00                        
   158:  !m40 UNRODDED. BURN-UP:   22.50                                                                    
   159: 9.87912E-01  9.87912E-01  9.87912E-01  9.87912E-01  1.00000E+00  1.00000E+00                        
   160: 1.18136E+00  1.18136E+00  1.18136E+00  1.18136E+00  1.00000E+00  1.00000E+00                        
   161:  !m40 UNRODDED. BURN-UP:   37.50                                                                    
   162: 9.88934E-01  9.88934E-01  9.88934E-01  9.88934E-01  1.00000E+00  1.00000E+00                        
   163: 1.12555E+00  1.12555E+00  1.12555E+00  1.12555E+00  1.00000E+00  1.00000E+00                        
   164:  !m43 UNRODDED. BURN-UP:    0.15                                                                    
   165: 9.98132E-01  9.98132E-01  9.98132E-01  9.98132E-01  1.00000E+00  1.00000E+00                        
   166: 1.37061E+00  1.37061E+00  1.37061E+00  1.37061E+00  1.00000E+00  1.00000E+00                        
   167:  !m43 UNRODDED. BURN-UP:   17.50                                                                    
   168: 9.90490E-01  9.90490E-01  9.90490E-01  9.90490E-01  1.00000E+00  1.00000E+00                        
   169: 1.26002E+00  1.26002E+00  1.26002E+00  1.26002E+00  1.00000E+00  1.00000E+00                        
   170:  !m43 UNRODDED. BURN-UP:   35.00                                                                    
   171: 9.86466E-01  9.86466E-01  9.86466E-01  9.86466E-01  1.00000E+00  1.00000E+00                        
   172: 1.17609E+00  1.17609E+00  1.17609E+00  1.17609E+00  1.00000E+00  1.00000E+00                        
   173:    !u42 RODDED. BURN-UP:   17.50                                                                    
   174: 1.06443E+00  1.06443E+00  1.06443E+00  1.06443E+00  1.00000E+00  1.00000E+00                        
   175: 1.37474E+00  1.37474E+00  1.37474E+00  1.37474E+00  1.00000E+00  1.00000E+00                        
   176:    !u42 RODDED. BURN-UP:   22.50                                                                    
   177: 1.06421E+00  1.06421E+00  1.06421E+00  1.06421E+00  1.00000E+00  1.00000E+00                        
   178: 1.37383E+00  1.37383E+00  1.37383E+00  1.37383E+00  1.00000E+00  1.00000E+00                        
   179:    !u42 RODDED. BURN-UP:   32.50                                                                    
   180: 1.06747E+00  1.06747E+00  1.06747E+00  1.06747E+00  1.00000E+00  1.00000E+00                        
   181: 1.36334E+00  1.36334E+00  1.36334E+00  1.36334E+00  1.00000E+00  1.00000E+00                        
   182:    !u42 RODDED. BURN-UP:   35.00                                                                    
   183: 1.06752E+00  1.06752E+00  1.06752E+00  1.06752E+00  1.00000E+00  1.00000E+00                        
   184: 1.36214E+00  1.36214E+00  1.36214E+00  1.36214E+00  1.00000E+00  1.00000E+00                        
   185:    !u42 RODDED. BURN-UP:   37.50                                                                    
   186: 1.06786E+00  1.06786E+00  1.06786E+00  1.06786E+00  1.00000E+00  1.00000E+00                        
   187: 1.35987E+00  1.35987E+00  1.35987E+00  1.35987E+00  1.00000E+00  1.00000E+00                        
   188:    !u45 RODDED. BURN-UP:    0.15                                                                    
   189: 1.06915E+00  1.06915E+00  1.06915E+00  1.06915E+00  1.00000E+00  1.00000E+00                        
   190: 1.42485E+00  1.42485E+00  1.42485E+00  1.42485E+00  1.00000E+00  1.00000E+00                        
   191:    !u45 RODDED. BURN-UP:   20.00                                                                    
   192: 1.06390E+00  1.06390E+00  1.06390E+00  1.06390E+00  1.00000E+00  1.00000E+00                        
   193: 1.37502E+00  1.37502E+00  1.37502E+00  1.37502E+00  1.00000E+00  1.00000E+00                        
   194:    !u45 RODDED. BURN-UP:   37.50                                                                    
   195: 1.06716E+00  1.06716E+00  1.06716E+00  1.06716E+00  1.00000E+00  1.00000E+00                        
   196: 1.36005E+00  1.36005E+00  1.36005E+00  1.36005E+00  1.00000E+00  1.00000E+00                        
   197: ! reflector                                                                                         
   198: 1.22730E+00  1.22730E+00  1.22730E+00  1.22730E+00  1.00000E+00  1.00000E+00                        
   199: 2.40027E-01  2.40027E-01  2.40027E-01  2.40027E-01  1.00000E+00  1.00000E+00                        
   200: ! reflector (axial)                                                                                 
   201: 1.01082E+00  1.01082E+00  1.01082E+00  1.01082E+00  1.00000E+00  1.00000E+00                        
   202: 1.03533E+00  1.03533E+00  1.03533E+00  1.03533E+00  1.00000E+00  1.00000E+00                        
   203:  0   ! ADF INPUTS END                                                                               
   204:  1                                                                                                  
  =============================INPUT DATA   ENDS HERE===========================



                              START READING INPUT
  ******************************************************************************
  CALCULATION MODE : FORWARD CALCULATION                                         

  CASE ID : UOX-MOX                                                                                             
  PROBLEM TEST                                                                                        


            >>>> READING MACROSCOPIC CROSS SECTIONS <<<<
            --------------------------------------------

     MATERIAL  1
    GROUP   TRANSPORT  DIFFUSION  ABSORPTION  REMOVAL    NU*FISS    KAP*FIS   FISS. SPCTR
       1     0.234544  1.421197   0.009980    0.027743   0.007592   0.000000  1.000000
       2     0.866255  0.384798   0.117854    0.119650   0.156179   0.000000  0.000000
   --SCATTERING MATRIX--
     G/G'          1          2
      1        0.528264    0.017763
      2        0.001796    1.355880

     MATERIAL  2
    GROUP   TRANSPORT  DIFFUSION  ABSORPTION  REMOVAL    NU*FISS    KAP*FIS   FISS. SPCTR
       1     0.234060  1.424136   0.010518    0.027819   0.006377   0.000000  1.000000
       2     0.890166  0.374462   0.116461    0.118234   0.160507   0.000000  0.000000
   --SCATTERING MATRIX--
     G/G'          1          2
      1        0.529794    0.017301
      2        0.001773    1.372000

     MATERIAL  3
    GROUP   TRANSPORT  DIFFUSION  ABSORPTION  REMOVAL    NU*FISS    KAP*FIS   FISS. SPCTR
       1     0.233976  1.424648   0.010712    0.027990   0.006062   0.000000  1.000000
       2     0.891182  0.374035   0.115242    0.117010   0.155663   0.000000  0.000000
   --SCATTERING MATRIX--
     G/G'          1          2
      1        0.530879    0.017278
      2        0.001768    1.373960

     MATERIAL  4
    GROUP   TRANSPORT  DIFFUSION  ABSORPTION  REMOVAL    NU*FISS    KAP*FIS   FISS. SPCTR
       1     0.234373  1.422234   0.011035    0.028338   0.005493   0.000000  1.000000
       2     0.899875  0.370422   0.112037    0.113740   0.143996   0.000000  0.000000
   --SCATTERING MATRIX--
     G/G'          1          2
      1        0.533030    0.017302
      2        0.001703    1.378120

     MATERIAL  5
    GROUP   TRANSPORT  DIFFUSION  ABSORPTION  REMOVAL    NU*FISS    KAP*FIS   FISS. SPCTR
       1     0.234237  1.423060   0.011107    0.028418   0.005364   0.000000  1.000000
       2     0.900204  0.370286   0.111068    0.112742   0.140842   0.000000  0.000000
   --SCATTERING MATRIX--
     G/G'          1          2
      1        0.533516    0.017310
      2        0.001674    1.378760

     MATERIAL  6
    GROUP   TRANSPORT  DIFFUSION  ABSORPTION  REMOVAL    NU*FISS    KAP*FIS   FISS. SPCTR
       1     0.234345  1.422404   0.011192    0.028514   0.005244   0.000000  1.000000
       2     0.899349  0.370638   0.110102    0.111767   0.137694   0.000000  0.000000
   --SCATTERING MATRIX--
     G/G'          1          2
      1        0.534041    0.017322
      2        0.001665    1.380060

     MATERIAL  7
    GROUP   TRANSPORT  DIFFUSION  ABSORPTION  REMOVAL    NU*FISS    KAP*FIS   FISS. SPCTR
       1     0.234210  1.423224   0.010135    0.027685   0.007926   0.000000  1.000000
       2     0.860367  0.387432   0.122015    0.123882   0.164920   0.000000  0.000000
   --SCATTERING MATRIX--
     G/G'          1          2
      1        0.527567    0.017549
      2        0.001867    1.354890

     MATERIAL  8
    GROUP   TRANSPORT  DIFFUSION  ABSORPTION  REMOVAL    NU*FISS    KAP*FIS   FISS. SPCTR
       1     0.234206  1.423248   0.010629    0.027779   0.006676   0.000000  1.000000
       2     0.885733  0.376336   0.120500    0.122347   0.168613   0.000000  0.000000
   --SCATTERING MATRIX--
     G/G'          1          2
      1        0.529261    0.017151
      2        0.001847    1.370290

     MATERIAL  9
    GROUP   TRANSPORT  DIFFUSION  ABSORPTION  REMOVAL    NU*FISS    KAP*FIS   FISS. SPCTR
       1     0.234154  1.423565   0.010712    0.027852   0.006508   0.000000  1.000000
       2     0.889900  0.374574   0.119930    0.121765   0.166382   0.000000  0.000000
   --SCATTERING MATRIX--
     G/G'          1          2
      1        0.529773    0.017140
      2        0.001835    1.371850

     MATERIAL 10
    GROUP   TRANSPORT  DIFFUSION  ABSORPTION  REMOVAL    NU*FISS    KAP*FIS   FISS. SPCTR
       1     0.234325  1.422526   0.011109    0.028265   0.005755   0.000000  1.000000
       2     0.896792  0.371695   0.115888    0.117640   0.151878   0.000000  0.000000
   --SCATTERING MATRIX--
     G/G'          1          2
      1        0.532420    0.017156
      2        0.001752    1.376490

     MATERIAL 11
    GROUP   TRANSPORT  DIFFUSION  ABSORPTION  REMOVAL    NU*FISS    KAP*FIS   FISS. SPCTR
       1     0.234595  1.420888   0.011254    0.028439   0.005486   0.000000  1.000000
       2     0.898788  0.370870   0.113996    0.115709   0.145567   0.000000  0.000000
   --SCATTERING MATRIX--
     G/G'          1          2
      1        0.533537    0.017186
      2        0.001713    1.378160

     MATERIAL 12
    GROUP   TRANSPORT  DIFFUSION  ABSORPTION  REMOVAL    NU*FISS    KAP*FIS   FISS. SPCTR
       1     0.234297  1.422696   0.011734    0.026911   0.008316   0.000000  1.000000
       2     0.907557  0.367286   0.250064    0.253674   0.364904   0.000000  0.000000
   --SCATTERING MATRIX--
     G/G'          1          2
      1        0.519237    0.015176
      2        0.003610    1.316590

     MATERIAL 13
    GROUP   TRANSPORT  DIFFUSION  ABSORPTION  REMOVAL    NU*FISS    KAP*FIS   FISS. SPCTR
       1     0.235521  1.415302   0.012354    0.027411   0.006999   0.000000  1.000000
       2     0.898229  0.371101   0.192322    0.195134   0.272063   0.000000  0.000000
   --SCATTERING MATRIX--
     G/G'          1          2
      1        0.524624    0.015057
      2        0.002812    1.320710

     MATERIAL 14
    GROUP   TRANSPORT  DIFFUSION  ABSORPTION  REMOVAL    NU*FISS    KAP*FIS   FISS. SPCTR
       1     0.236316  1.410541   0.012699    0.027801   0.006252   0.000000  1.000000
       2     0.896383  0.371865   0.165223    0.167641   0.223744   0.000000  0.000000
   --SCATTERING MATRIX--
     G/G'          1          2
      1        0.527756    0.015102
      2        0.002418    1.323460

     MATERIAL 15
    GROUP   TRANSPORT  DIFFUSION  ABSORPTION  REMOVAL    NU*FISS    KAP*FIS   FISS. SPCTR
       1     0.234031  1.424313   0.011919    0.026897   0.008704   0.000000  1.000000
       2     0.906947  0.367533   0.258500    0.262183   0.380820   0.000000  0.000000
   --SCATTERING MATRIX--
     G/G'          1          2
      1        0.518629    0.014978
      2        0.003683    1.317520

     MATERIAL 16
    GROUP   TRANSPORT  DIFFUSION  ABSORPTION  REMOVAL    NU*FISS    KAP*FIS   FISS. SPCTR
       1     0.234985  1.418530   0.012427    0.027305   0.007649   0.000000  1.000000
       2     0.899449  0.370597   0.214730    0.217825   0.308507   0.000000  0.000000
   --SCATTERING MATRIX--
     G/G'          1          2
      1        0.522945    0.014878
      2        0.003095    1.318890

     MATERIAL 17
    GROUP   TRANSPORT  DIFFUSION  ABSORPTION  REMOVAL    NU*FISS    KAP*FIS   FISS. SPCTR
       1     0.236113  1.411753   0.012811    0.027692   0.006740   0.000000  1.000000
       2     0.892584  0.373448   0.179408    0.182043   0.249055   0.000000  0.000000
   --SCATTERING MATRIX--
     G/G'          1          2
      1        0.526554    0.014881
      2        0.002635    1.322150

     MATERIAL 18
    GROUP   TRANSPORT  DIFFUSION  ABSORPTION  REMOVAL    NU*FISS    KAP*FIS   FISS. SPCTR
       1     0.234695  1.420283   0.016170    0.029789   0.006193   0.000000  1.000000
       2     0.873850  0.381454   0.152942    0.155141   0.168689   0.000000  0.000000
   --SCATTERING MATRIX--
     G/G'          1          2
      1        0.520833    0.013619
      2        0.002199    1.306930

     MATERIAL 19
    GROUP   TRANSPORT  DIFFUSION  ABSORPTION  REMOVAL    NU*FISS    KAP*FIS   FISS. SPCTR
       1     0.234714  1.420168   0.016331    0.029896   0.005899   0.000000  1.000000
       2     0.884962  0.376664   0.151976    0.154145   0.164038   0.000000  0.000000
   --SCATTERING MATRIX--
     G/G'          1          2
      1        0.521501    0.013565
      2        0.002169    1.309420

     MATERIAL 20
    GROUP   TRANSPORT  DIFFUSION  ABSORPTION  REMOVAL    NU*FISS    KAP*FIS   FISS. SPCTR
       1     0.234896  1.419068   0.016595    0.030108   0.005365   0.000000  1.000000
       2     0.888244  0.375272   0.149124    0.151243   0.152796   0.000000  0.000000
   --SCATTERING MATRIX--
     G/G'          1          2
      1        0.522690    0.013512
      2        0.002119    1.312450

     MATERIAL 21
    GROUP   TRANSPORT  DIFFUSION  ABSORPTION  REMOVAL    NU*FISS    KAP*FIS   FISS. SPCTR
       1     0.234783  1.419751   0.016665    0.030158   0.005247   0.000000  1.000000
       2     0.894907  0.372478   0.148362    0.150484   0.149704   0.000000  0.000000
   --SCATTERING MATRIX--
     G/G'          1          2
      1        0.522934    0.013493
      2        0.002122    1.312990

     MATERIAL 22
    GROUP   TRANSPORT  DIFFUSION  ABSORPTION  REMOVAL    NU*FISS    KAP*FIS   FISS. SPCTR
       1     0.235069  1.418023   0.016719    0.030210   0.005133   0.000000  1.000000
       2     0.895411  0.372269   0.147265    0.149379   0.146659   0.000000  0.000000
   --SCATTERING MATRIX--
     G/G'          1          2
      1        0.523230    0.013490
      2        0.002114    1.314370

     MATERIAL 23
    GROUP   TRANSPORT  DIFFUSION  ABSORPTION  REMOVAL    NU*FISS    KAP*FIS   FISS. SPCTR
       1     0.234908  1.418995   0.015822    0.029639   0.007652   0.000000  1.000000
       2     0.855500  0.389636   0.154259    0.156486   0.170693   0.000000  0.000000
   --SCATTERING MATRIX--
     G/G'          1          2
      1        0.518746    0.013817
      2        0.002227    1.293360

     MATERIAL 24
    GROUP   TRANSPORT  DIFFUSION  ABSORPTION  REMOVAL    NU*FISS    KAP*FIS   FISS. SPCTR
       1     0.234623  1.420719   0.016318    0.029790   0.006324   0.000000  1.000000
       2     0.880177  0.378712   0.156871    0.159132   0.175038   0.000000  0.000000
   --SCATTERING MATRIX--
     G/G'          1          2
      1        0.520700    0.013473
      2        0.002261    1.305900

     MATERIAL 25
    GROUP   TRANSPORT  DIFFUSION  ABSORPTION  REMOVAL    NU*FISS    KAP*FIS   FISS. SPCTR
       1     0.235039  1.418204   0.016772    0.030159   0.005361   0.000000  1.000000
       2     0.890765  0.374210   0.151366    0.153524   0.154621   0.000000  0.000000
   --SCATTERING MATRIX--
     G/G'          1          2
      1        0.522934    0.013387
      2        0.002158    1.312570

     MATERIAL 26
    GROUP   TRANSPORT  DIFFUSION  ABSORPTION  REMOVAL    NU*FISS    KAP*FIS   FISS. SPCTR
       1     0.252078  1.322342   0.002289    0.030717   0.000000   0.000000  0.000000
       2     1.328790  0.250855   0.037971    0.038654   0.000000   0.000000  0.000000
   --SCATTERING MATRIX--
     G/G'          1          2
      1        0.628598    0.028428
      2        0.000683    1.984250

     MATERIAL 27
    GROUP   TRANSPORT  DIFFUSION  ABSORPTION  REMOVAL    NU*FISS    KAP*FIS   FISS. SPCTR
       1     0.171190  1.947154   0.001003    0.044566   0.000000   0.000000  0.000000
       2     1.361740  0.244785   0.029982    0.030437   0.000000   0.000000  0.000000
   --SCATTERING MATRIX--
     G/G'          1          2
      1        0.666798    0.043563
      2        0.000454    2.086450

  ...Macroscopic CX Card is successfully read...


            >>>>>READING CORE GEOMETRY<<<<<
            -------------------------------
  Number of assembly in x, y and z directions respectively :
           9           9           2
  Number of nodes in x, y and z directions respectively :
          17          17           2

  x-directed nodes division (delta-x)
    10.71  10.71  10.71  10.71  10.71  10.71  10.71  10.71  10.71  10.71
    10.71  10.71  10.71  10.71  10.71  10.71  10.71
  y-directed nodes division (delta-y)
    10.71  10.71  10.71  10.71  10.71  10.71  10.71  10.71  10.71  10.71
    10.71  10.71  10.71  10.71  10.71  10.71  10.71

   Planar Region :  1
        1  2  3  4  5  6  7  8  9 10 11 12 13 14 15 16 17
    17  26 26 26 26 26 26 26 26 26                        
    16  26 26 26 26 26 26 26 26 26                        
    15  4  8  8  17 17 9  9  26 26 26 26 26 26            
    14  4  8  8  17 17 9  9  26 26 26 26 26 26            
    13  7  12 12 7  7  15 15 2  2  10 10 26 26 26 26      
    12  7  12 12 7  7  15 15 2  2  10 10 26 26 26 26      
    11  16 4  4  16 16 9  9  7  7  15 15 10 10 26 26      
    10  16 4  4  16 16 9  9  7  7  15 15 10 10 26 26      
     9  11 1  1  3  3  1  1  6  6  7  7  2  2  26 26 26 26
     8  11 1  1  3  3  1  1  6  6  7  7  2  2  26 26 26 26
     7  7  13 13 1  1  14 14 1  1  9  9  15 15 9  9  26 26
     6  7  13 13 1  1  14 14 1  1  9  9  15 15 9  9  26 26
     5  3  10 10 3  3  1  1  3  3  16 16 7  7  17 17 26 26
     4  3  10 10 3  3  1  1  3  3  16 16 7  7  17 17 26 26
     3  1  2  2  10 10 13 13 1  1  4  4  12 12 8  8  26 26
     2  1  2  2  10 10 13 13 1  1  4  4  12 12 8  8  26 26
     1  5  1  1  3  3  7  7  11 11 16 16 7  7  4  4  26 26

  Planar Region Assignment to planes.
 --------------------------------------
   Plane Number     Planar Region    delta-z
        2 (TOP)            1          21.42
        1 (BOTTOM)         1          21.42

   Boundary conditions
  X-directed West   : REFLECTIVE
  X-directed East   : ZERO FLUX
  Y-directed North  : ZERO FLUX
  Y-directed South  : REFLECTIVE
  Z-directed Bottom : REFLECTIVE
  Z-directed Top    : REFLECTIVE

  ...Core geometry is successfully read...


          >>>>>READING ASSEMBLY DISCONTINUITY FACTOR<<<<<
          -----------------------------------------------

  ADF VALUES ON PLANAR NUMBER :   1

    GROUP :   1

   EAST ADF
           1       2       3       4       5       6       7       8       9
     9  1.2273  1.2273  1.2273  1.2273  1.2273                                
     8  1.0022  1.0005  0.9865  1.0005  1.2273  1.2273  1.2273                
     7  1.0085  1.0010  1.0085  0.9981  1.0012  1.0019  1.2273  1.2273        
     6  0.9905  1.0022  0.9905  1.0005  1.0085  0.9981  1.0019  1.2273        
     5  1.0025  1.0082  0.9999  1.0082  1.0035  1.0085  1.0012  1.2273  1.2273
     4  1.0085  0.9879  1.0082  0.9889  1.0082  1.0005  0.9981  1.0005  1.2273
     3  0.9999  1.0019  0.9999  1.0082  0.9999  0.9905  1.0085  0.9865  1.2273
     2  1.0082  1.0012  1.0019  0.9879  1.0082  1.0022  1.0010  1.0005  1.2273
     1  1.0026  1.0082  0.9999  1.0085  1.0025  0.9905  1.0085  1.0022  1.2273
   WEST ADF
           1       2       3       4       5       6       7       8       9
     9  1.2273  1.2273  1.2273  1.2273  1.2273                                
     8  1.0022  1.0005  0.9865  1.0005  1.2273  1.2273  1.2273                
     7  1.0085  1.0010  1.0085  0.9981  1.0012  1.0019  1.2273  1.2273        
     6  0.9905  1.0022  0.9905  1.0005  1.0085  0.9981  1.0019  1.2273        
     5  1.0025  1.0082  0.9999  1.0082  1.0035  1.0085  1.0012  1.2273  1.2273
     4  1.0085  0.9879  1.0082  0.9889  1.0082  1.0005  0.9981  1.0005  1.2273
     3  0.9999  1.0019  0.9999  1.0082  0.9999  0.9905  1.0085  0.9865  1.2273
     2  1.0082  1.0012  1.0019  0.9879  1.0082  1.0022  1.0010  1.0005  1.2273
     1  1.0026  1.0082  0.9999  1.0085  1.0025  0.9905  1.0085  1.0022  1.2273
   NORTH ADF
           1       2       3       4       5       6       7       8       9
     9  1.2273  1.2273  1.2273  1.2273  1.2273                                
     8  1.0022  1.0005  0.9865  1.0005  1.2273  1.2273  1.2273                
     7  1.0085  1.0010  1.0085  0.9981  1.0012  1.0019  1.2273  1.2273        
     6  0.9905  1.0022  0.9905  1.0005  1.0085  0.9981  1.0019  1.2273        
     5  1.0025  1.0082  0.9999  1.0082  1.0035  1.0085  1.0012  1.2273  1.2273
     4  1.0085  0.9879  1.0082  0.9889  1.0082  1.0005  0.9981  1.0005  1.2273
     3  0.9999  1.0019  0.9999  1.0082  0.9999  0.9905  1.0085  0.9865  1.2273
     2  1.0082  1.0012  1.0019  0.9879  1.0082  1.0022  1.0010  1.0005  1.2273
     1  1.0026  1.0082  0.9999  1.0085  1.0025  0.9905  1.0085  1.0022  1.2273
   SOUTH ADF
           1       2       3       4       5       6       7       8       9
     9  1.2273  1.2273  1.2273  1.2273  1.2273                                
     8  1.0022  1.0005  0.9865  1.0005  1.2273  1.2273  1.2273                
     7  1.0085  1.0010  1.0085  0.9981  1.0012  1.0019  1.2273  1.2273        
     6  0.9905  1.0022  0.9905  1.0005  1.0085  0.9981  1.0019  1.2273        
     5  1.0025  1.0082  0.9999  1.0082  1.0035  1.0085  1.0012  1.2273  1.2273
     4  1.0085  0.9879  1.0082  0.9889  1.0082  1.0005  0.9981  1.0005  1.2273
     3  0.9999  1.0019  0.9999  1.0082  0.9999  0.9905  1.0085  0.9865  1.2273
     2  1.0082  1.0012  1.0019  0.9879  1.0082  1.0022  1.0010  1.0005  1.2273
     1  1.0026  1.0082  0.9999  1.0085  1.0025  0.9905  1.0085  1.0022  1.2273
   TOP ADF
           1       2       3       4       5       6       7       8       9
     9  1.0000  1.0000  1.0000  1.0000  1.0000                                
     8  1.0000  1.0000  1.0000  1.0000  1.0000  1.0000  1.0000                
     7  1.0000  1.0000  1.0000  1.0000  1.0000  1.0000  1.0000  1.0000        
     6  1.0000  1.0000  1.0000  1.0000  1.0000  1.0000  1.0000  1.0000        
     5  1.0000  1.0000  1.0000  1.0000  1.0000  1.0000  1.0000  1.0000  1.0000
     4  1.0000  1.0000  1.0000  1.0000  1.0000  1.0000  1.0000  1.0000  1.0000
     3  1.0000  1.0000  1.0000  1.0000  1.0000  1.0000  1.0000  1.0000  1.0000
     2  1.0000  1.0000  1.0000  1.0000  1.0000  1.0000  1.0000  1.0000  1.0000
     1  1.0000  1.0000  1.0000  1.0000  1.0000  1.0000  1.0000  1.0000  1.0000
   BOTTOM ADF
           1       2       3       4       5       6       7       8       9
     9  1.0000  1.0000  1.0000  1.0000  1.0000                                
     8  1.0000  1.0000  1.0000  1.0000  1.0000  1.0000  1.0000                
     7  1.0000  1.0000  1.0000  1.0000  1.0000  1.0000  1.0000  1.0000        
     6  1.0000  1.0000  1.0000  1.0000  1.0000  1.0000  1.0000  1.0000        
     5  1.0000  1.0000  1.0000  1.0000  1.0000  1.0000  1.0000  1.0000  1.0000
     4  1.0000  1.0000  1.0000  1.0000  1.0000  1.0000  1.0000  1.0000  1.0000
     3  1.0000  1.0000  1.0000  1.0000  1.0000  1.0000  1.0000  1.0000  1.0000
     2  1.0000  1.0000  1.0000  1.0000  1.0000  1.0000  1.0000  1.0000  1.0000
     1  1.0000  1.0000  1.0000  1.0000  1.0000  1.0000  1.0000  1.0000  1.0000


    GROUP :   2

   EAST ADF
           1       2       3       4       5       6       7       8       9
     9  0.2400  0.2400  0.2400  0.2400  0.2400                                
     8  0.9527  0.9676  1.1761  0.9636  0.2400  0.2400  0.2400                
     7  1.0266  1.3301  1.0266  1.3706  0.9656  0.9504  0.2400  0.2400        
     6  1.2600  0.9527  1.2600  0.9636  1.0266  1.3706  0.9504  0.2400        
     5  0.9467  1.0276  0.9587  1.0276  0.9462  1.0266  0.9656  0.2400  0.2400
     4  1.0266  1.1814  1.0276  1.1256  1.0276  0.9636  1.3706  0.9636  0.2400
     3  0.9587  0.9504  0.9587  1.0276  0.9587  1.2600  1.0266  1.1761  0.2400
     2  1.0276  0.9656  0.9504  1.1814  1.0276  0.9527  1.3301  0.9676  0.2400
     1  0.9497  1.0276  0.9587  1.0266  0.9467  1.2600  1.0266  0.9527  0.2400
   WEST ADF
           1       2       3       4       5       6       7       8       9
     9  0.2400  0.2400  0.2400  0.2400  0.2400                                
     8  0.9527  0.9676  1.1761  0.9636  0.2400  0.2400  0.2400                
     7  1.0266  1.3301  1.0266  1.3706  0.9656  0.9504  0.2400  0.2400        
     6  1.2600  0.9527  1.2600  0.9636  1.0266  1.3706  0.9504  0.2400        
     5  0.9467  1.0276  0.9587  1.0276  0.9462  1.0266  0.9656  0.2400  0.2400
     4  1.0266  1.1814  1.0276  1.1256  1.0276  0.9636  1.3706  0.9636  0.2400
     3  0.9587  0.9504  0.9587  1.0276  0.9587  1.2600  1.0266  1.1761  0.2400
     2  1.0276  0.9656  0.9504  1.1814  1.0276  0.9527  1.3301  0.9676  0.2400
     1  0.9497  1.0276  0.9587  1.0266  0.9467  1.2600  1.0266  0.9527  0.2400
   NORTH ADF
           1       2       3       4       5       6       7       8       9
     9  0.2400  0.2400  0.2400  0.2400  0.2400                                
     8  0.9527  0.9676  1.1761  0.9636  0.2400  0.2400  0.2400                
     7  1.0266  1.3301  1.0266  1.3706  0.9656  0.9504  0.2400  0.2400        
     6  1.2600  0.9527  1.2600  0.9636  1.0266  1.3706  0.9504  0.2400        
     5  0.9467  1.0276  0.9587  1.0276  0.9462  1.0266  0.9656  0.2400  0.2400
     4  1.0266  1.1814  1.0276  1.1256  1.0276  0.9636  1.3706  0.9636  0.2400
     3  0.9587  0.9504  0.9587  1.0276  0.9587  1.2600  1.0266  1.1761  0.2400
     2  1.0276  0.9656  0.9504  1.1814  1.0276  0.9527  1.3301  0.9676  0.2400
     1  0.9497  1.0276  0.9587  1.0266  0.9467  1.2600  1.0266  0.9527  0.2400
   SOUTH ADF
           1       2       3       4       5       6       7       8       9
     9  0.2400  0.2400  0.2400  0.2400  0.2400                                
     8  0.9527  0.9676  1.1761  0.9636  0.2400  0.2400  0.2400                
     7  1.0266  1.3301  1.0266  1.3706  0.9656  0.9504  0.2400  0.2400        
     6  1.2600  0.9527  1.2600  0.9636  1.0266  1.3706  0.9504  0.2400        
     5  0.9467  1.0276  0.9587  1.0276  0.9462  1.0266  0.9656  0.2400  0.2400
     4  1.0266  1.1814  1.0276  1.1256  1.0276  0.9636  1.3706  0.9636  0.2400
     3  0.9587  0.9504  0.9587  1.0276  0.9587  1.2600  1.0266  1.1761  0.2400
     2  1.0276  0.9656  0.9504  1.1814  1.0276  0.9527  1.3301  0.9676  0.2400
     1  0.9497  1.0276  0.9587  1.0266  0.9467  1.2600  1.0266  0.9527  0.2400
   TOP ADF
           1       2       3       4       5       6       7       8       9
     9  1.0000  1.0000  1.0000  1.0000  1.0000                                
     8  1.0000  1.0000  1.0000  1.0000  1.0000  1.0000  1.0000                
     7  1.0000  1.0000  1.0000  1.0000  1.0000  1.0000  1.0000  1.0000        
     6  1.0000  1.0000  1.0000  1.0000  1.0000  1.0000  1.0000  1.0000        
     5  1.0000  1.0000  1.0000  1.0000  1.0000  1.0000  1.0000  1.0000  1.0000
     4  1.0000  1.0000  1.0000  1.0000  1.0000  1.0000  1.0000  1.0000  1.0000
     3  1.0000  1.0000  1.0000  1.0000  1.0000  1.0000  1.0000  1.0000  1.0000
     2  1.0000  1.0000  1.0000  1.0000  1.0000  1.0000  1.0000  1.0000  1.0000
     1  1.0000  1.0000  1.0000  1.0000  1.0000  1.0000  1.0000  1.0000  1.0000
   BOTTOM ADF
           1       2       3       4       5       6       7       8       9
     9  1.0000  1.0000  1.0000  1.0000  1.0000                                
     8  1.0000  1.0000  1.0000  1.0000  1.0000  1.0000  1.0000                
     7  1.0000  1.0000  1.0000  1.0000  1.0000  1.0000  1.0000  1.0000        
     6  1.0000  1.0000  1.0000  1.0000  1.0000  1.0000  1.0000  1.0000        
     5  1.0000  1.0000  1.0000  1.0000  1.0000  1.0000  1.0000  1.0000  1.0000
     4  1.0000  1.0000  1.0000  1.0000  1.0000  1.0000  1.0000  1.0000  1.0000
     3  1.0000  1.0000  1.0000  1.0000  1.0000  1.0000  1.0000  1.0000  1.0000
     2  1.0000  1.0000  1.0000  1.0000  1.0000  1.0000  1.0000  1.0000  1.0000
     1  1.0000  1.0000  1.0000  1.0000  1.0000  1.0000  1.0000  1.0000  1.0000

   ...Assembly Discontinuity Factors are successfully read...


  ************************  STOP READING INPUT  ********************************


  ==============================================================================
                           CALCULATION RESULTS
  ==============================================================================

  Itr     k-eff     Fis.Src Error   Inner Error
 ----------------------------------------------------
    1     1.031967    3.97651E-01    3.02210E+01
    2     1.040460    2.26076E-01    3.80679E+00
    3     1.044394    1.51705E-01    1.33645E+00
    4     1.046740    1.14846E-01    3.36430E-01
     ...FISSION SOURCE EXTRAPOLATED...
    5     1.053855    5.49910E-01    1.44910E-01
    6     1.053133    4.07531E-02    3.93121E-01
    7     1.053313    2.76608E-02    3.62354E-01
    8     1.053344    1.94772E-02    6.93357E-02
    9     1.053437    1.53669E-02    1.97991E-02
     ...FISSION SOURCE EXTRAPOLATED...
   10     1.055144    2.61461E-01    1.43564E-02
   11     1.055160    1.91612E-02    2.38376E-01
   12     1.055324    9.88889E-03    1.95608E-01
   13     1.055305    8.39170E-03    2.46494E-02
   14     1.055299    7.94712E-03    7.96783E-03
     ...FISSION SOURCE EXTRAPOLATED...
     .....NODAL COUPLING UPDATED..... 
MAX. CHANGE IN NODAL COUPLING COEF.=  6.53553E-02 AT NODE I =  8, J = 17, K =  1
   15     1.055236    8.93936E-02    7.75876E-03
   16     1.053277    5.57983E-02    2.40329E-01
   17     1.053344    3.13573E-02    3.27715E-02
   18     1.053441    1.98693E-02    2.90918E-02
   19     1.053532    1.35008E-02    1.96890E-02
     ...FISSION SOURCE EXTRAPOLATED...
   20     1.053982    7.73672E-02    1.41681E-02
   21     1.054046    7.90565E-03    5.98906E-02
   22     1.054062    4.07013E-03    5.65146E-02
   23     1.054075    3.64925E-03    7.90420E-03
   24     1.054086    3.18606E-03    3.26391E-03
     ...FISSION SOURCE EXTRAPOLATED...
   25     1.054310    6.28308E-02    3.06261E-03
   26     1.054291    4.59983E-03    6.06218E-02
   27     1.054294    3.57840E-03    4.91051E-02
   28     1.054299    2.47671E-03    8.10374E-03
   29     1.054307    1.98894E-03    3.07741E-03
     ...FISSION SOURCE EXTRAPOLATED...
     .....NODAL COUPLING UPDATED..... 
MAX. CHANGE IN NODAL COUPLING COEF.=  3.90424E-02 AT NODE I =  9, J = 17, K =  1
   30     1.054371    1.10873E-02    1.75594E-03
   31     1.054338    2.66888E-03    4.43175E-02
   32     1.054351    1.50832E-03    1.61297E-02
   33     1.054356    1.04994E-03    2.75888E-03
   34     1.054359    9.51300E-04    1.13773E-03
     ...FISSION SOURCE EXTRAPOLATED...
   35     1.054396    1.62218E-02    8.74780E-04
   36     1.054391    1.57024E-03    1.49827E-02
   37     1.054387    7.48054E-04    6.70345E-03
   38     1.054387    5.90191E-04    1.17269E-03
   39     1.054388    5.03782E-04    5.80405E-04
     ...FISSION SOURCE EXTRAPOLATED...
   40     1.054401    2.76320E-03    4.59839E-04
   41     1.054405    4.39536E-04    2.28394E-03
   42     1.054405    3.36573E-04    1.91362E-03
   43     1.054406    2.54130E-04    3.46072E-04
   44     1.054406    2.24871E-04    2.55636E-04
     ...FISSION SOURCE EXTRAPOLATED...
     .....NODAL COUPLING UPDATED..... 
MAX. CHANGE IN NODAL COUPLING COEF.=  2.32837E-02 AT NODE I =  9, J = 17, K =  2
   45     1.054416    3.74306E-03    2.03483E-04
   46     1.054412    3.31368E-04    1.58941E-02
   47     1.054413    2.47546E-04    2.57586E-03
   48     1.054413    1.94427E-04    3.06479E-04
   49     1.054414    1.52068E-04    1.79242E-04
     ...FISSION SOURCE EXTRAPOLATED...
   50     1.054417    7.96115E-04    1.35128E-04
   51     1.054418    9.81372E-05    6.29578E-04
   52     1.054417    8.67387E-05    4.44992E-04
   53     1.054418    7.52711E-05    7.58887E-05
   54     1.054418    6.58888E-05    6.63962E-05
     ...FISSION SOURCE EXTRAPOLATED...
   55     1.054420    1.06058E-03    5.90198E-05
   56     1.054420    8.21789E-05    9.58905E-04
   57     1.054420    6.97818E-05    5.33943E-04
   58     1.054420    5.37563E-05    7.05327E-05
   59     1.054420    4.09889E-05    4.64817E-05
     ...FISSION SOURCE EXTRAPOLATED...
     .....NODAL COUPLING UPDATED..... 
MAX. CHANGE IN NODAL COUPLING COEF.=  1.03551E-02 AT NODE I = 17, J =  9, K =  2
   60     1.054421    2.08612E-04    3.36480E-05
   61     1.054420    4.34890E-05    5.31693E-03
   62     1.054420    2.82866E-05    2.15509E-04
   63     1.054421    2.02514E-05    2.04333E-05
   64     1.054421    1.74345E-05    1.75831E-05
     ...FISSION SOURCE EXTRAPOLATED...
   65     1.054421    2.86309E-04    1.54863E-05
   66     1.054421    2.42537E-05    2.57915E-04
   67     1.054421    2.03927E-05    1.58282E-04
   68     1.054421    1.54558E-05    2.06010E-05
   69     1.054421    1.15727E-05    1.30593E-05
     ...FISSION SOURCE EXTRAPOLATED...
   70     1.054421    5.42313E-05    9.54719E-06
   71     1.054421    6.81076E-06    4.17120E-05
   72     1.054421    5.98805E-06    2.39536E-05
   73     1.054421    5.10987E-06    5.15682E-06
   74     1.054421    4.44474E-06    4.48026E-06
     ...FISSION SOURCE EXTRAPOLATED...
     .....NODAL COUPLING UPDATED..... 
MAX. CHANGE IN NODAL COUPLING COEF.=  4.74282E-03 AT NODE I =  9, J = 17, K =  2
   75     1.054422    7.64047E-05    3.97196E-06
   76     1.054422    1.40859E-05    2.06844E-03
   77     1.054422    5.44547E-06    2.39184E-04
   78     1.054422    3.95303E-06    2.17023E-05
   79     1.054422    2.91221E-06    3.20367E-06

  MULTIPLICATION EFFECTIVE (K-EFF) =  1.054422


     Radial Power Distribution
   ==============================
           1       2       3       4       5       6       7       8       9
     9                                                                        
     8   0.406   0.478   0.386   0.328                                        
     7   0.985   0.945   0.977   0.850   0.560   0.270                        
     6   1.015   0.910   1.090   1.111   1.033   0.714   0.270                
     5   1.027   1.329   1.225   1.283   0.890   1.033   0.560                
     4   1.491   1.254   1.420   1.064   1.283   1.111   0.850   0.328        
     3   1.368   1.209   1.288   1.420   1.225   1.090   0.977   0.386        
     2   1.662   1.492   1.209   1.254   1.329   0.910   0.945   0.478        
     1   1.327   1.662   1.368   1.491   1.027   1.015   0.985   0.406        

   MAX POS.       Maximum Value
  (  2,  1)          1.662


     Axial Power Density Distribution
   ====================================

     Plane Number        Power      Height
    -----------------------------------------
         2  (TOP)        1.000       42.84
         1  (BOTTOM)     1.000       21.42

   MAX POS.       Maximum Value
    (  1)             1.000


     Radial Flux Distribution
   ==============================
    Group :   1
             1          2          3          4          5          6          7          8          9
     9   8.060E-04  8.428E-04  7.540E-04  5.275E-04  1.237E-04                                             
     8   7.875E-03  8.348E-03  7.654E-03  5.863E-03  1.557E-03  5.273E-04  9.609E-05                       
     7   1.619E-02  1.653E-02  1.616E-02  1.475E-02  9.868E-03  5.210E-03  9.556E-04  9.609E-05            
     6   1.868E-02  1.817E-02  2.011E-02  1.947E-02  1.654E-02  1.235E-02  5.210E-03  5.273E-04            
     5   2.011E-02  2.170E-02  2.202E-02  2.089E-02  1.770E-02  1.654E-02  9.868E-03  1.557E-03  1.237E-04 
     4   2.404E-02  2.371E-02  2.333E-02  2.141E-02  2.089E-02  1.947E-02  1.475E-02  5.863E-03  5.275E-04 
     3   2.443E-02  2.288E-02  2.297E-02  2.333E-02  2.202E-02  2.011E-02  1.616E-02  7.654E-03  7.540E-04 
     2   2.682E-02  2.565E-02  2.288E-02  2.371E-02  2.170E-02  1.817E-02  1.653E-02  8.348E-03  8.428E-04 
     1   2.580E-02  2.682E-02  2.443E-02  2.404E-02  2.011E-02  1.868E-02  1.619E-02  7.875E-03  8.060E-04 

    Group :   2
             1          2          3          4          5          6          7          8          9
     9   4.667E-03  4.803E-03  4.130E-03  2.994E-03  7.715E-04                                             
     8   8.837E-03  8.373E-03  4.901E-03  5.845E-03  8.859E-03  3.046E-03  5.991E-04                       
     7   1.611E-02  7.907E-03  1.593E-02  6.727E-03  1.045E-02  5.471E-03  5.424E-03  5.991E-04            
     6   1.018E-02  1.966E-02  1.093E-02  1.993E-02  1.705E-02  5.657E-03  5.471E-03  3.046E-03            
     5   2.214E-02  2.333E-02  2.402E-02  2.255E-02  2.053E-02  1.705E-02  1.045E-02  8.859E-03  7.715E-04 
     4   2.453E-02  1.457E-02  2.489E-02  1.530E-02  2.255E-02  1.993E-02  6.727E-03  5.845E-03  2.994E-03 
     3   2.687E-02  2.466E-02  2.530E-02  2.489E-02  2.402E-02  1.093E-02  1.593E-02  4.901E-03  4.130E-03 
     2   2.928E-02  2.802E-02  2.466E-02  1.457E-02  2.333E-02  1.966E-02  7.907E-03  8.373E-03  4.803E-03 
     1   2.979E-02  2.928E-02  2.687E-02  2.453E-02  2.214E-02  1.018E-02  1.611E-02  8.837E-03  4.667E-03 



  CPU time breakdown in seconds
    Input reading time   :    0.0111  (45.0%)
    XSEC processing time :    0.0000  ( 0.1%)
    CMFD time            :    0.0055  (22.5%)
    Nodal update time    :    0.0080  (32.4%)
    T-H time             :    0.0000  ( 0.0%)
    ------------------------------------------
    Total time           :    0.0246
