           ###########################################################
           #                     ADPRES 1.2                          #
           #        ABU DHABI POLYTECHNIC REACTOR SIMULATOR          #
           ###########################################################


  =============================INPUT DATA STARTS HERE===========================
     1: ! NOX-MOX REACTOR PROBLEM                                                                           
     2:                                                                                                     
     3:                                                                                                     
     4: %MODE                                                                                               
     5: FORWARD                                                                                             
     6: %CASE                                                                                               
     7: UOX-MOX                                                                                             
     8: PROBLEM TEST                                                                                        
     9:                                                                                                     
    10: %GEOM                                                                                               
    11: 9 9 2               !nx, ny, nz                                                                     
    12: 10.71  8*21.42      !x-direction assembly size in cm                                                
    13: 1  8*2              !x-direction assembly division                                                  
    14: 10.71  8*21.42      !y-direction assembly size in cm                                                
    15: 1  8*2              !y-direction assembly ddivision                                                 
    16: 2*10.71             !z-direction assembly size in cm                                                
    17: 1 1                 !z-direction assembly division                                                  
    18: 1                   !np number of planar type                                                       
    19: 1 1                                                                                                 
    20:                                                                                                     
    21: ! Planar_type_1                                                                                     
    22:  26 26 26 26 26  0  0  0  0                                                                         
    23:   4  8 17  9 26 26 26  0  0                                                                         
    24:   7 12  7 15  2 10 26 26  0                                                                         
    25:  16  4 16  9  7 15 10 26  0                                                                         
    26:  11  1  3  1  6  7  2 26 26                                                                         
    27:   7 13  1 14  1  9 15  9 26                                                                         
    28:   3 10  3  1  3 16  7 17 26                                                                         
    29:   1  2 10 13  1  4 12  8 26                                                                         
    30:   5  1  3  7 11 16  7  4 26                                                                         
    31:                                                                                                     
    32: ! Boundary conditions (east), (west), (north), (south), (bottom), (top)                             
    33: 0 2 0 2 2 2                                                                                         
    34:                                                                                                     
    35: %XSEC                                                                                               
    36: 2  26    ! Number of groups and number of materials                                                 
    37: ! sigtr           siga        nu*sigf     kap*sigf       chi         sigs_g1       sigs_g2          
    38:   2.42628E-01  9.94228E-03  7.62589E-03  9.88973E-14  1.00000E+00  5.30344E-01  1.74866E-02         
    39:   8.79010E-01  1.18334E-01  1.57892E-01  2.10180E-12  0.00000E+00  0.00000E+00  1.35558E+00  !MAT  1
    40:   2.40542E-01  1.03909E-02  6.39660E-03  8.10545E-14  1.00000E+00  5.30226E-01  1.70733E-02         
    41:   9.03889E-01  1.16488E-01  1.61268E-01  2.05038E-12  0.00000E+00  0.00000E+00  1.37062E+00  !MAT  2
    42:   2.39594E-01  1.05744E-02  6.08059E-03  7.65910E-14  1.00000E+00  5.30861E-01  1.70480E-02         
    43:   9.07752E-01  1.15171E-01  1.56260E-01  1.96985E-12  0.00000E+00  0.00000E+00  1.37277E+00  !MAT  3
    44:   2.37615E-01  1.08959E-02  5.50317E-03  6.85255E-14  1.00000E+00  5.32146E-01  1.70564E-02         
    45:   9.13842E-01  1.11650E-01  1.44055E-01  1.78878E-12  0.00000E+00  0.00000E+00  1.37615E+00  !MAT  4
    46:   2.37110E-01  1.09687E-02  5.37044E-03  6.66874E-14  1.00000E+00  5.32461E-01  1.70660E-02         
    47:   9.15128E-01  1.10633E-01  1.40796E-01  1.74224E-12  0.00000E+00  0.00000E+00  1.37687E+00  !MAT  5
    48:   2.36594E-01  1.10387E-02  5.24249E-03  6.49213E-14  1.00000E+00  5.32735E-01  1.70776E-02         
    49:   9.16344E-01  1.09587E-01  1.37521E-01  1.69596E-12  0.00000E+00  0.00000E+00  1.37755E+00  !MAT  6
    50:   2.42850E-01  1.00974E-02  7.96089E-03  1.03335E-13  1.00000E+00  5.29572E-01  1.72761E-02         
    51:   8.77593E-01  1.22496E-01  1.66723E-01  2.21942E-12  0.00000E+00  0.00000E+00  1.35448E+00  !MAT  7
    52:   2.40811E-01  1.05022E-02  6.70231E-03  8.51295E-14  1.00000E+00  5.29615E-01  1.69166E-02         
    53:   9.01786E-01  1.20673E-01  1.69672E-01  2.16299E-12  0.00000E+00  0.00000E+00  1.36903E+00  !MAT  8
    54:   2.40364E-01  1.05895E-02  6.53620E-03  8.27830E-14  1.00000E+00  5.29923E-01  1.69018E-02         
    55:   9.03833E-01  1.20028E-01  1.67314E-01  2.12402E-12  0.00000E+00  0.00000E+00  1.37019E+00  !MAT  9
    56:   2.38011E-01  1.09752E-02  5.77059E-03  7.20788E-14  1.00000E+00  5.31479E-01  1.69098E-02         
    57:   9.11882E-01  1.15670E-01  1.52273E-01  1.89758E-12  0.00000E+00  0.00000E+00  1.37467E+00  !MAT 10
    58:   2.37023E-01  1.11095E-02  5.49420E-03  6.82594E-14  1.00000E+00  5.32098E-01  1.69338E-02         
    59:   9.14453E-01  1.13515E-01  1.45519E-01  1.80135E-12  0.00000E+00  0.00000E+00  1.37613E+00  !MAT 11
    60:   2.42172E-01  1.15996E-02  8.33977E-03  9.89194E-14  1.00000E+00  5.21033E-01  1.50023E-02         
    61:   9.06462E-01  2.51194E-01  3.67816E-01  4.34691E-12  0.00000E+00  0.00000E+00  1.31985E+00  !MAT 12
    62:   2.40535E-01  1.22430E-02  7.04385E-03  8.34796E-14  1.00000E+00  5.24500E-01  1.48329E-02         
    63:   9.03729E-01  1.92891E-01  2.73756E-01  3.22866E-12  0.00000E+00  0.00000E+00  1.32118E+00  !MAT 13
    64:   2.39156E-01  1.25635E-02  6.29380E-03  7.45469E-14  1.00000E+00  5.26342E-01  1.48696E-02         
    65:   9.02742E-01  1.64843E-01  2.24266E-01  2.64012E-12  0.00000E+00  0.00000E+00  1.32278E+00  !MAT 14
    66:   2.42178E-01  1.17871E-02  8.72688E-03  1.03419E-13  1.00000E+00  5.20474E-01  1.48126E-02         
    67:   9.08432E-01  2.59823E-01  3.83999E-01  4.53755E-12  0.00000E+00  0.00000E+00  1.32091E+00  !MAT 15
    68:   2.40854E-01  1.23192E-02  7.69412E-03  9.11290E-14  1.00000E+00  5.23279E-01  1.46595E-02         
    69:   9.05341E-01  2.15772E-01  3.10884E-01  3.66854E-12  0.00000E+00  0.00000E+00  1.32041E+00  !MAT 16
    70:   2.39534E-01  1.26778E-02  6.78762E-03  8.03392E-14  1.00000E+00  5.25322E-01  1.46506E-02         
    71:   9.04104E-01  1.79663E-01  2.50662E-01  2.95217E-12  0.00000E+00  0.00000E+00  1.32215E+00  !MAT 17
    72:   2.31319E-01  1.60447E-02  6.21042E-03  7.85755E-14  1.00000E+00  5.20604E-01  1.34626E-02         
    73:   8.84772E-01  1.52033E-01  1.68974E-01  2.14574E-12  0.00000E+00  0.00000E+00  1.30658E+00  !MAT 18
    74:   2.30112E-01  1.61940E-02  5.91172E-03  7.43415E-14  1.00000E+00  5.20840E-01  1.34085E-02         
    75:   8.88279E-01  1.50903E-01  1.64057E-01  2.06556E-12  0.00000E+00  0.00000E+00  1.30854E+00  !MAT 19
    76:   2.27550E-01  1.64514E-02  5.36925E-03  6.67270E-14  1.00000E+00  5.21144E-01  1.33409E-02         
    77:   8.93661E-01  1.47406E-01  1.51743E-01  1.88206E-12  0.00000E+00  0.00000E+00  1.31176E+00  !MAT 20
    78:   2.26881E-01  1.65083E-02  5.24546E-03  6.50020E-14  1.00000E+00  5.21191E-01  1.33284E-02         
    79:   8.94766E-01  1.46358E-01  1.48419E-01  1.83450E-12  0.00000E+00  0.00000E+00  1.31245E+00  !MAT 21
    80:   2.26197E-01  1.65626E-02  5.12666E-03  6.33507E-14  1.00000E+00  5.21193E-01  1.33165E-02         
    81:   8.95795E-01  1.45268E-01  1.45069E-01  1.78710E-12  0.00000E+00  0.00000E+00  1.31312E+00  !MAT 22
    82:   2.34634E-01  1.57704E-02  7.67997E-03  9.95507E-14  1.00000E+00  5.20245E-01  1.36307E-02         
    83:   8.61541E-01  1.54373E-01  1.72919E-01  2.30188E-12  0.00000E+00  0.00000E+00  1.29329E+00  !MAT 23
    84:   2.31255E-01  1.61934E-02  6.34202E-03  8.02061E-14  1.00000E+00  5.20250E-01  1.33148E-02         
    85:   8.85156E-01  1.55992E-01  1.75430E-01  2.22434E-12  0.00000E+00  0.00000E+00  1.30604E+00  !MAT 24
    86:   2.26931E-01  1.66123E-02  5.36073E-03  6.64699E-14  1.00000E+00  5.20858E-01  1.32191E-02         
    87:   8.94518E-01  1.49519E-01  1.53407E-01  1.89687E-12  0.00000E+00  0.00000E+00  1.31168E+00  !MAT 25
    88:   3.01887E-01  2.42533E-03  0.00000E+00  0.00000E+00  0.00000E+00  6.40121E-01  2.75262E-02         
    89:   1.22567E+00  3.72376E-02  0.00000E+00  0.00000E+00  0.00000E+00  0.00000E+00  1.99026E+00  !MAT 26
    90:                                                                                                     
    91: %ADF                                                                                                
    92: !g1 -> east  west  north  south                                                                     
    93: !g2 -> east  west  north  south                                                                     
    94:   1.01079  1.01079  1.01079  1.01079  1.00000  1.00000                                              
    95:   1.00307  1.00307  1.00307  1.00307  1.00000  1.00000  !MAT  1 : u42u  0.15                        
    96:   1.00249  1.00249  1.00249  1.00249  1.00000  1.00000                                              
    97:   0.94632  0.94632  0.94632  0.94632  1.00000  1.00000  !MAT  2 : u42u 17.50                        
    98:   1.00219  1.00219  1.00219  1.00219  1.00000  1.00000                                              
    99:   0.94368  0.94368  0.94368  0.94368  1.00000  1.00000  !MAT  3 : u42u 22.50                        
   100:   1.00208  1.00208  1.00208  1.00208  1.00000  1.00000                                              
   101:   0.94181  0.94181  0.94181  0.94181  1.00000  1.00000  !MAT  4 : u42u 32.50                        
   102:   1.00210  1.00210  1.00210  1.00210  1.00000  1.00000                                              
   103:   0.94162  0.94162  0.94162  0.94162  1.00000  1.00000  !MAT  5 : u42u 35.00                        
   104:   1.00210  1.00210  1.00210  1.00210  1.00000  1.00000                                              
   105:   0.94150  0.94150  0.94150  0.94150  1.00000  1.00000  !MAT  6 : u42u 37.50                        
   106:   1.01036  1.01036  1.01036  1.01036  1.00000  1.00000                                              
   107:   1.00058  1.00058  1.00058  1.00058  1.00000  1.00000  !MAT  7 : u45u  0.15                        
   108:   1.00241  1.00241  1.00241  1.00241  1.00000  1.00000                                              
   109:   0.94603  0.94603  0.94603  0.94603  1.00000  1.00000  !MAT  8 : u45u 17.50                        
   110:   1.00220  1.00220  1.00220  1.00220  1.00000  1.00000                                              
   111:   0.94436  0.94436  0.94436  0.94436  1.00000  1.00000  !MAT  9 : u45u 20.00                        
   112:   1.00192  1.00192  1.00192  1.00192  1.00000  1.00000                                              
   113:   0.94103  0.94103  0.94103  0.94103  1.00000  1.00000  !MAT 10 : u45u 32.50                        
   114:   1.00193  1.00193  1.00193  1.00193  1.00000  1.00000                                              
   115:   0.94066  0.94066  0.94066  0.94066  1.00000  1.00000  !MAT 11 : u45u 37.50                        
   116:   1.00462  1.00462  1.00462  1.00462  1.00000  1.00000                                              
   117:   1.25708  1.25708  1.25708  1.25708  1.00000  1.00000  !MAT 12 : m40m  0.15                        
   118:   0.99607  0.99607  0.99607  0.99607  1.00000  1.00000                                              
   119:   1.13217  1.13217  1.13217  1.13217  1.00000  1.00000  !MAT 13 : m40m 22.50                        
   120:   0.99572  0.99572  0.99572  0.99572  1.00000  1.00000                                              
   121:   1.08069  1.08069  1.08069  1.08069  1.00000  1.00000  !MAT 14 : m40m 37.50                        
   122:   1.00346  1.00346  1.00346  1.00346  1.00000  1.00000                                              
   123:   1.29433  1.29433  1.29433  1.29433  1.00000  1.00000  !MAT 15 : m43m  0.15                        
   124:   0.99626  0.99626  0.99626  0.99626  1.00000  1.00000                                              
   125:   1.19983  1.19983  1.19983  1.19983  1.00000  1.00000  !MAT 16 : m43m 17.50                        
   126:   0.99438  0.99438  0.99438  0.99438  1.00000  1.00000                                              
   127:   1.12742  1.12742  1.12742  1.12742  1.00000  1.00000  !MAT 17 : m43m 35.00                        
   128:   1.05635  1.05635  1.05635  1.05635  1.00000  1.00000                                              
   129:   1.33443  1.33443  1.33443  1.33443  1.00000  1.00000  !MAT 18 : u42r 17.50                        
   130:   1.05615  1.05615  1.05615  1.05615  1.00000  1.00000                                              
   131:   1.33271  1.33271  1.33271  1.33271  1.00000  1.00000  !MAT 19 : u42r 22.50                        
   132:   1.05623  1.05623  1.05623  1.05623  1.00000  1.00000                                              
   133:   1.33209  1.33209  1.33209  1.33209  1.00000  1.00000  !MAT 20 : u42r 32.50                        
   134:   1.05629  1.05629  1.05629  1.05629  1.00000  1.00000                                              
   135:   1.33218  1.33218  1.33218  1.33218  1.00000  1.00000  !MAT 21 : u42r 35.00                        
   136:   1.05634  1.05634  1.05634  1.05634  1.00000  1.00000                                              
   137:   1.33231  1.33231  1.33231  1.33231  1.00000  1.00000  !MAT 22 : u42r 37.50                        
   138:   1.06288  1.06288  1.06288  1.06288  1.00000  1.00000                                              
   139:   1.38018  1.38018  1.38018  1.38018  1.00000  1.00000  !MAT 23 : u45r  0.15                        
   140:   1.05568  1.05568  1.05568  1.05568  1.00000  1.00000                                              
   141:   1.33250  1.33250  1.33250  1.33250  1.00000  1.00000  !MAT 24 : u45r 20.00                        
   142:   1.05580  1.05580  1.05580  1.05580  1.00000  1.00000                                              
   143:   1.33102  1.33102  1.33102  1.33102  1.00000  1.00000  !MAT 25 : u45r 37.50                        
   144:   1.17639  1.17639  1.17639  1.17639  1.00000  1.00000                                              
   145:   0.22755  0.22755  0.22755  0.22755  1.00000  1.00000  !MAT 26 : refl  0.00                        
   146:  0   ! ADF INPUTS END                                                                               
   147:  1                                                                                                  
  =============================INPUT DATA   ENDS HERE===========================



                              START READING INPUT
  ******************************************************************************
  CALCULATION MODE : FORWARD CALCULATION                                         

  CASE ID : UOX-MOX                                                                                             
  PROBLEM TEST                                                                                        


            >>>> READING MACROSCOPIC CROSS SECTIONS <<<<
            --------------------------------------------

     MATERIAL  1
    GROUP   TRANSPORT  DIFFUSION  ABSORPTION  REMOVAL    NU*FISS    KAP*FIS   FISS. SPCTR
       1     0.242628  1.373845   0.009942    0.027429   0.007626   0.000000  1.000000
       2     0.879010  0.379214   0.118334    0.118334   0.157892   0.000000  0.000000
   --SCATTERING MATRIX--
     G/G'          1          2
      1        0.530344    0.017487
      2        0.000000    1.355580

     MATERIAL  2
    GROUP   TRANSPORT  DIFFUSION  ABSORPTION  REMOVAL    NU*FISS    KAP*FIS   FISS. SPCTR
       1     0.240542  1.385759   0.010391    0.027464   0.006397   0.000000  1.000000
       2     0.903889  0.368777   0.116488    0.116488   0.161268   0.000000  0.000000
   --SCATTERING MATRIX--
     G/G'          1          2
      1        0.530226    0.017073
      2        0.000000    1.370620

     MATERIAL  3
    GROUP   TRANSPORT  DIFFUSION  ABSORPTION  REMOVAL    NU*FISS    KAP*FIS   FISS. SPCTR
       1     0.239594  1.391242   0.010574    0.027622   0.006081   0.000000  1.000000
       2     0.907752  0.367207   0.115171    0.115171   0.156260   0.000000  0.000000
   --SCATTERING MATRIX--
     G/G'          1          2
      1        0.530861    0.017048
      2        0.000000    1.372770

     MATERIAL  4
    GROUP   TRANSPORT  DIFFUSION  ABSORPTION  REMOVAL    NU*FISS    KAP*FIS   FISS. SPCTR
       1     0.237615  1.402830   0.010896    0.027952   0.005503   0.000000  1.000000
       2     0.913842  0.364760   0.111650    0.111650   0.144055   0.000000  0.000000
   --SCATTERING MATRIX--
     G/G'          1          2
      1        0.532146    0.017056
      2        0.000000    1.376150

     MATERIAL  5
    GROUP   TRANSPORT  DIFFUSION  ABSORPTION  REMOVAL    NU*FISS    KAP*FIS   FISS. SPCTR
       1     0.237110  1.405817   0.010969    0.028035   0.005370   0.000000  1.000000
       2     0.915128  0.364248   0.110633    0.110633   0.140796   0.000000  0.000000
   --SCATTERING MATRIX--
     G/G'          1          2
      1        0.532461    0.017066
      2        0.000000    1.376870

     MATERIAL  6
    GROUP   TRANSPORT  DIFFUSION  ABSORPTION  REMOVAL    NU*FISS    KAP*FIS   FISS. SPCTR
       1     0.236594  1.408883   0.011039    0.028116   0.005242   0.000000  1.000000
       2     0.916344  0.363764   0.109587    0.109587   0.137521   0.000000  0.000000
   --SCATTERING MATRIX--
     G/G'          1          2
      1        0.532735    0.017078
      2        0.000000    1.377550

     MATERIAL  7
    GROUP   TRANSPORT  DIFFUSION  ABSORPTION  REMOVAL    NU*FISS    KAP*FIS   FISS. SPCTR
       1     0.242850  1.372589   0.010097    0.027373   0.007961   0.000000  1.000000
       2     0.877593  0.379827   0.122496    0.122496   0.166723   0.000000  0.000000
   --SCATTERING MATRIX--
     G/G'          1          2
      1        0.529572    0.017276
      2        0.000000    1.354480

     MATERIAL  8
    GROUP   TRANSPORT  DIFFUSION  ABSORPTION  REMOVAL    NU*FISS    KAP*FIS   FISS. SPCTR
       1     0.240811  1.384211   0.010502    0.027419   0.006702   0.000000  1.000000
       2     0.901786  0.369637   0.120673    0.120673   0.169672   0.000000  0.000000
   --SCATTERING MATRIX--
     G/G'          1          2
      1        0.529615    0.016917
      2        0.000000    1.369030

     MATERIAL  9
    GROUP   TRANSPORT  DIFFUSION  ABSORPTION  REMOVAL    NU*FISS    KAP*FIS   FISS. SPCTR
       1     0.240364  1.386786   0.010589    0.027491   0.006536   0.000000  1.000000
       2     0.903833  0.368800   0.120028    0.120028   0.167314   0.000000  0.000000
   --SCATTERING MATRIX--
     G/G'          1          2
      1        0.529923    0.016902
      2        0.000000    1.370190

     MATERIAL 10
    GROUP   TRANSPORT  DIFFUSION  ABSORPTION  REMOVAL    NU*FISS    KAP*FIS   FISS. SPCTR
       1     0.238011  1.400495   0.010975    0.027885   0.005771   0.000000  1.000000
       2     0.911882  0.365544   0.115670    0.115670   0.152273   0.000000  0.000000
   --SCATTERING MATRIX--
     G/G'          1          2
      1        0.531479    0.016910
      2        0.000000    1.374670

     MATERIAL 11
    GROUP   TRANSPORT  DIFFUSION  ABSORPTION  REMOVAL    NU*FISS    KAP*FIS   FISS. SPCTR
       1     0.237023  1.406333   0.011109    0.028043   0.005494   0.000000  1.000000
       2     0.914453  0.364517   0.113515    0.113515   0.145519   0.000000  0.000000
   --SCATTERING MATRIX--
     G/G'          1          2
      1        0.532098    0.016934
      2        0.000000    1.376130

     MATERIAL 12
    GROUP   TRANSPORT  DIFFUSION  ABSORPTION  REMOVAL    NU*FISS    KAP*FIS   FISS. SPCTR
       1     0.242172  1.376432   0.011600    0.026602   0.008340   0.000000  1.000000
       2     0.906462  0.367730   0.251194    0.251194   0.367816   0.000000  0.000000
   --SCATTERING MATRIX--
     G/G'          1          2
      1        0.521033    0.015002
      2        0.000000    1.319850

     MATERIAL 13
    GROUP   TRANSPORT  DIFFUSION  ABSORPTION  REMOVAL    NU*FISS    KAP*FIS   FISS. SPCTR
       1     0.240535  1.385800   0.012243    0.027076   0.007044   0.000000  1.000000
       2     0.903729  0.368842   0.192891    0.192891   0.273756   0.000000  0.000000
   --SCATTERING MATRIX--
     G/G'          1          2
      1        0.524500    0.014833
      2        0.000000    1.321180

     MATERIAL 14
    GROUP   TRANSPORT  DIFFUSION  ABSORPTION  REMOVAL    NU*FISS    KAP*FIS   FISS. SPCTR
       1     0.239156  1.393790   0.012564    0.027433   0.006294   0.000000  1.000000
       2     0.902742  0.369245   0.164843    0.164843   0.224266   0.000000  0.000000
   --SCATTERING MATRIX--
     G/G'          1          2
      1        0.526342    0.014870
      2        0.000000    1.322780

     MATERIAL 15
    GROUP   TRANSPORT  DIFFUSION  ABSORPTION  REMOVAL    NU*FISS    KAP*FIS   FISS. SPCTR
       1     0.242178  1.376398   0.011787    0.026600   0.008727   0.000000  1.000000
       2     0.908432  0.366933   0.259823    0.259823   0.383999   0.000000  0.000000
   --SCATTERING MATRIX--
     G/G'          1          2
      1        0.520474    0.014813
      2        0.000000    1.320910

     MATERIAL 16
    GROUP   TRANSPORT  DIFFUSION  ABSORPTION  REMOVAL    NU*FISS    KAP*FIS   FISS. SPCTR
       1     0.240854  1.383964   0.012319    0.026979   0.007694   0.000000  1.000000
       2     0.905341  0.368185   0.215772    0.215772   0.310884   0.000000  0.000000
   --SCATTERING MATRIX--
     G/G'          1          2
      1        0.523279    0.014660
      2        0.000000    1.320410

     MATERIAL 17
    GROUP   TRANSPORT  DIFFUSION  ABSORPTION  REMOVAL    NU*FISS    KAP*FIS   FISS. SPCTR
       1     0.239534  1.391591   0.012678    0.027328   0.006788   0.000000  1.000000
       2     0.904104  0.368689   0.179663    0.179663   0.250662   0.000000  0.000000
   --SCATTERING MATRIX--
     G/G'          1          2
      1        0.525322    0.014651
      2        0.000000    1.322150

     MATERIAL 18
    GROUP   TRANSPORT  DIFFUSION  ABSORPTION  REMOVAL    NU*FISS    KAP*FIS   FISS. SPCTR
       1     0.231319  1.441011   0.016045    0.029507   0.006210   0.000000  1.000000
       2     0.884772  0.376745   0.152033    0.152033   0.168974   0.000000  0.000000
   --SCATTERING MATRIX--
     G/G'          1          2
      1        0.520604    0.013463
      2        0.000000    1.306580

     MATERIAL 19
    GROUP   TRANSPORT  DIFFUSION  ABSORPTION  REMOVAL    NU*FISS    KAP*FIS   FISS. SPCTR
       1     0.230112  1.448570   0.016194    0.029603   0.005912   0.000000  1.000000
       2     0.888279  0.375257   0.150903    0.150903   0.164057   0.000000  0.000000
   --SCATTERING MATRIX--
     G/G'          1          2
      1        0.520840    0.013409
      2        0.000000    1.308540

     MATERIAL 20
    GROUP   TRANSPORT  DIFFUSION  ABSORPTION  REMOVAL    NU*FISS    KAP*FIS   FISS. SPCTR
       1     0.227550  1.464880   0.016451    0.029792   0.005369   0.000000  1.000000
       2     0.893661  0.372998   0.147406    0.147406   0.151743   0.000000  0.000000
   --SCATTERING MATRIX--
     G/G'          1          2
      1        0.521144    0.013341
      2        0.000000    1.311760

     MATERIAL 21
    GROUP   TRANSPORT  DIFFUSION  ABSORPTION  REMOVAL    NU*FISS    KAP*FIS   FISS. SPCTR
       1     0.226881  1.469199   0.016508    0.029837   0.005245   0.000000  1.000000
       2     0.894766  0.372537   0.146358    0.146358   0.148419   0.000000  0.000000
   --SCATTERING MATRIX--
     G/G'          1          2
      1        0.521191    0.013328
      2        0.000000    1.312450

     MATERIAL 22
    GROUP   TRANSPORT  DIFFUSION  ABSORPTION  REMOVAL    NU*FISS    KAP*FIS   FISS. SPCTR
       1     0.226197  1.473642   0.016563    0.029879   0.005127   0.000000  1.000000
       2     0.895795  0.372109   0.145268    0.145268   0.145069   0.000000  0.000000
   --SCATTERING MATRIX--
     G/G'          1          2
      1        0.521193    0.013317
      2        0.000000    1.313120

     MATERIAL 23
    GROUP   TRANSPORT  DIFFUSION  ABSORPTION  REMOVAL    NU*FISS    KAP*FIS   FISS. SPCTR
       1     0.234634  1.420652   0.015770    0.029401   0.007680   0.000000  1.000000
       2     0.861541  0.386904   0.154373    0.154373   0.172919   0.000000  0.000000
   --SCATTERING MATRIX--
     G/G'          1          2
      1        0.520245    0.013631
      2        0.000000    1.293290

     MATERIAL 24
    GROUP   TRANSPORT  DIFFUSION  ABSORPTION  REMOVAL    NU*FISS    KAP*FIS   FISS. SPCTR
       1     0.231255  1.441410   0.016193    0.029508   0.006342   0.000000  1.000000
       2     0.885156  0.376581   0.155992    0.155992   0.175430   0.000000  0.000000
   --SCATTERING MATRIX--
     G/G'          1          2
      1        0.520250    0.013315
      2        0.000000    1.306040

     MATERIAL 25
    GROUP   TRANSPORT  DIFFUSION  ABSORPTION  REMOVAL    NU*FISS    KAP*FIS   FISS. SPCTR
       1     0.226931  1.468875   0.016612    0.029831   0.005361   0.000000  1.000000
       2     0.894518  0.372640   0.149519    0.149519   0.153407   0.000000  0.000000
   --SCATTERING MATRIX--
     G/G'          1          2
      1        0.520858    0.013219
      2        0.000000    1.311680

     MATERIAL 26
    GROUP   TRANSPORT  DIFFUSION  ABSORPTION  REMOVAL    NU*FISS    KAP*FIS   FISS. SPCTR
       1     0.301887  1.104166   0.002425    0.029952   0.000000   0.000000  0.000000
       2     1.225670  0.271960   0.037238    0.037238   0.000000   0.000000  0.000000
   --SCATTERING MATRIX--
     G/G'          1          2
      1        0.640121    0.027526
      2        0.000000    1.990260

  ...Macroscopic CX Card is successfully read...


            >>>>>READING CORE GEOMETRY<<<<<
            -------------------------------
  Number of assembly in x, y and z directions respectively :
           9           9           2
  Number of nodes in x, y and z directions respectively :
          17          17           2

  x-directed nodes division (delta-x)
    10.71  10.71  10.71  10.71  10.71  10.71  10.71  10.71  10.71  10.71
    10.71  10.71  10.71  10.71  10.71  10.71  10.71
  y-directed nodes division (delta-y)
    10.71  10.71  10.71  10.71  10.71  10.71  10.71  10.71  10.71  10.71
    10.71  10.71  10.71  10.71  10.71  10.71  10.71

   Planar Region :  1
        1  2  3  4  5  6  7  8  9 10 11 12 13 14 15 16 17
    17  26 26 26 26 26 26 26 26 26                        
    16  26 26 26 26 26 26 26 26 26                        
    15  4  8  8  17 17 9  9  26 26 26 26 26 26            
    14  4  8  8  17 17 9  9  26 26 26 26 26 26            
    13  7  12 12 7  7  15 15 2  2  10 10 26 26 26 26      
    12  7  12 12 7  7  15 15 2  2  10 10 26 26 26 26      
    11  16 4  4  16 16 9  9  7  7  15 15 10 10 26 26      
    10  16 4  4  16 16 9  9  7  7  15 15 10 10 26 26      
     9  11 1  1  3  3  1  1  6  6  7  7  2  2  26 26 26 26
     8  11 1  1  3  3  1  1  6  6  7  7  2  2  26 26 26 26
     7  7  13 13 1  1  14 14 1  1  9  9  15 15 9  9  26 26
     6  7  13 13 1  1  14 14 1  1  9  9  15 15 9  9  26 26
     5  3  10 10 3  3  1  1  3  3  16 16 7  7  17 17 26 26
     4  3  10 10 3  3  1  1  3  3  16 16 7  7  17 17 26 26
     3  1  2  2  10 10 13 13 1  1  4  4  12 12 8  8  26 26
     2  1  2  2  10 10 13 13 1  1  4  4  12 12 8  8  26 26
     1  5  1  1  3  3  7  7  11 11 16 16 7  7  4  4  26 26

  Planar Region Assignment to planes.
 --------------------------------------
   Plane Number     Planar Region    delta-z
        2 (TOP)            1          10.71
        1 (BOTTOM)         1          10.71

   Boundary conditions
  X-directed West   : REFLECTIVE
  X-directed East   : ZERO FLUX
  Y-directed North  : ZERO FLUX
  Y-directed South  : REFLECTIVE
  Z-directed Bottom : REFLECTIVE
  Z-directed Top    : REFLECTIVE

  ...Core geometry is successfully read...


          >>>>>READING ASSEMBLY DISCONTINUITY FACTOR<<<<<
          -----------------------------------------------

  ADF VALUES ON PLANAR NUMBER :   1

    GROUP :   1

   EAST ADF
           1       2       3       4       5       6       7       8       9
     9  1.1764  1.1764  1.1764  1.1764  1.1764                                
     8  1.0021  1.0024  0.9944  1.0022  1.1764  1.1764  1.1764                
     7  1.0104  1.0046  1.0104  1.0035  1.0025  1.0019  1.1764  1.1764        
     6  0.9963  1.0021  0.9963  1.0022  1.0104  1.0035  1.0019  1.1764        
     5  1.0019  1.0108  1.0022  1.0108  1.0021  1.0104  1.0025  1.1764  1.1764
     4  1.0104  0.9961  1.0108  0.9957  1.0108  1.0022  1.0035  1.0022  1.1764
     3  1.0022  1.0019  1.0022  1.0108  1.0022  0.9963  1.0104  0.9944  1.1764
     2  1.0108  1.0025  1.0019  0.9961  1.0108  1.0021  1.0046  1.0024  1.1764
     1  1.0021  1.0108  1.0022  1.0104  1.0019  0.9963  1.0104  1.0021  1.1764
   WEST ADF
           1       2       3       4       5       6       7       8       9
     9  1.1764  1.1764  1.1764  1.1764  1.1764                                
     8  1.0021  1.0024  0.9944  1.0022  1.1764  1.1764  1.1764                
     7  1.0104  1.0046  1.0104  1.0035  1.0025  1.0019  1.1764  1.1764        
     6  0.9963  1.0021  0.9963  1.0022  1.0104  1.0035  1.0019  1.1764        
     5  1.0019  1.0108  1.0022  1.0108  1.0021  1.0104  1.0025  1.1764  1.1764
     4  1.0104  0.9961  1.0108  0.9957  1.0108  1.0022  1.0035  1.0022  1.1764
     3  1.0022  1.0019  1.0022  1.0108  1.0022  0.9963  1.0104  0.9944  1.1764
     2  1.0108  1.0025  1.0019  0.9961  1.0108  1.0021  1.0046  1.0024  1.1764
     1  1.0021  1.0108  1.0022  1.0104  1.0019  0.9963  1.0104  1.0021  1.1764
   NORTH ADF
           1       2       3       4       5       6       7       8       9
     9  1.1764  1.1764  1.1764  1.1764  1.1764                                
     8  1.0021  1.0024  0.9944  1.0022  1.1764  1.1764  1.1764                
     7  1.0104  1.0046  1.0104  1.0035  1.0025  1.0019  1.1764  1.1764        
     6  0.9963  1.0021  0.9963  1.0022  1.0104  1.0035  1.0019  1.1764        
     5  1.0019  1.0108  1.0022  1.0108  1.0021  1.0104  1.0025  1.1764  1.1764
     4  1.0104  0.9961  1.0108  0.9957  1.0108  1.0022  1.0035  1.0022  1.1764
     3  1.0022  1.0019  1.0022  1.0108  1.0022  0.9963  1.0104  0.9944  1.1764
     2  1.0108  1.0025  1.0019  0.9961  1.0108  1.0021  1.0046  1.0024  1.1764
     1  1.0021  1.0108  1.0022  1.0104  1.0019  0.9963  1.0104  1.0021  1.1764
   SOUTH ADF
           1       2       3       4       5       6       7       8       9
     9  1.1764  1.1764  1.1764  1.1764  1.1764                                
     8  1.0021  1.0024  0.9944  1.0022  1.1764  1.1764  1.1764                
     7  1.0104  1.0046  1.0104  1.0035  1.0025  1.0019  1.1764  1.1764        
     6  0.9963  1.0021  0.9963  1.0022  1.0104  1.0035  1.0019  1.1764        
     5  1.0019  1.0108  1.0022  1.0108  1.0021  1.0104  1.0025  1.1764  1.1764
     4  1.0104  0.9961  1.0108  0.9957  1.0108  1.0022  1.0035  1.0022  1.1764
     3  1.0022  1.0019  1.0022  1.0108  1.0022  0.9963  1.0104  0.9944  1.1764
     2  1.0108  1.0025  1.0019  0.9961  1.0108  1.0021  1.0046  1.0024  1.1764
     1  1.0021  1.0108  1.0022  1.0104  1.0019  0.9963  1.0104  1.0021  1.1764
   TOP ADF
           1       2       3       4       5       6       7       8       9
     9  1.0000  1.0000  1.0000  1.0000  1.0000                                
     8  1.0000  1.0000  1.0000  1.0000  1.0000  1.0000  1.0000                
     7  1.0000  1.0000  1.0000  1.0000  1.0000  1.0000  1.0000  1.0000        
     6  1.0000  1.0000  1.0000  1.0000  1.0000  1.0000  1.0000  1.0000        
     5  1.0000  1.0000  1.0000  1.0000  1.0000  1.0000  1.0000  1.0000  1.0000
     4  1.0000  1.0000  1.0000  1.0000  1.0000  1.0000  1.0000  1.0000  1.0000
     3  1.0000  1.0000  1.0000  1.0000  1.0000  1.0000  1.0000  1.0000  1.0000
     2  1.0000  1.0000  1.0000  1.0000  1.0000  1.0000  1.0000  1.0000  1.0000
     1  1.0000  1.0000  1.0000  1.0000  1.0000  1.0000  1.0000  1.0000  1.0000
   BOTTOM ADF
           1       2       3       4       5       6       7       8       9
     9  1.0000  1.0000  1.0000  1.0000  1.0000                                
     8  1.0000  1.0000  1.0000  1.0000  1.0000  1.0000  1.0000                
     7  1.0000  1.0000  1.0000  1.0000  1.0000  1.0000  1.0000  1.0000        
     6  1.0000  1.0000  1.0000  1.0000  1.0000  1.0000  1.0000  1.0000        
     5  1.0000  1.0000  1.0000  1.0000  1.0000  1.0000  1.0000  1.0000  1.0000
     4  1.0000  1.0000  1.0000  1.0000  1.0000  1.0000  1.0000  1.0000  1.0000
     3  1.0000  1.0000  1.0000  1.0000  1.0000  1.0000  1.0000  1.0000  1.0000
     2  1.0000  1.0000  1.0000  1.0000  1.0000  1.0000  1.0000  1.0000  1.0000
     1  1.0000  1.0000  1.0000  1.0000  1.0000  1.0000  1.0000  1.0000  1.0000


    GROUP :   2

   EAST ADF
           1       2       3       4       5       6       7       8       9
     9  0.2276  0.2276  0.2276  0.2276  0.2276                                
     8  0.9418  0.9460  1.1274  0.9444  0.2276  0.2276  0.2276                
     7  1.0006  1.2571  1.0006  1.2943  0.9463  0.9410  0.2276  0.2276        
     6  1.1998  0.9418  1.1998  0.9444  1.0006  1.2943  0.9410  0.2276        
     5  0.9407  1.0031  0.9437  1.0031  0.9415  1.0006  0.9463  0.2276  0.2276
     4  1.0006  1.1322  1.0031  1.0807  1.0031  0.9444  1.2943  0.9444  0.2276
     3  0.9437  0.9410  0.9437  1.0031  0.9437  1.1998  1.0006  1.1274  0.2276
     2  1.0031  0.9463  0.9410  1.1322  1.0031  0.9418  1.2571  0.9460  0.2276
     1  0.9416  1.0031  0.9437  1.0006  0.9407  1.1998  1.0006  0.9418  0.2276
   WEST ADF
           1       2       3       4       5       6       7       8       9
     9  0.2276  0.2276  0.2276  0.2276  0.2276                                
     8  0.9418  0.9460  1.1274  0.9444  0.2276  0.2276  0.2276                
     7  1.0006  1.2571  1.0006  1.2943  0.9463  0.9410  0.2276  0.2276        
     6  1.1998  0.9418  1.1998  0.9444  1.0006  1.2943  0.9410  0.2276        
     5  0.9407  1.0031  0.9437  1.0031  0.9415  1.0006  0.9463  0.2276  0.2276
     4  1.0006  1.1322  1.0031  1.0807  1.0031  0.9444  1.2943  0.9444  0.2276
     3  0.9437  0.9410  0.9437  1.0031  0.9437  1.1998  1.0006  1.1274  0.2276
     2  1.0031  0.9463  0.9410  1.1322  1.0031  0.9418  1.2571  0.9460  0.2276
     1  0.9416  1.0031  0.9437  1.0006  0.9407  1.1998  1.0006  0.9418  0.2276
   NORTH ADF
           1       2       3       4       5       6       7       8       9
     9  0.2276  0.2276  0.2276  0.2276  0.2276                                
     8  0.9418  0.9460  1.1274  0.9444  0.2276  0.2276  0.2276                
     7  1.0006  1.2571  1.0006  1.2943  0.9463  0.9410  0.2276  0.2276        
     6  1.1998  0.9418  1.1998  0.9444  1.0006  1.2943  0.9410  0.2276        
     5  0.9407  1.0031  0.9437  1.0031  0.9415  1.0006  0.9463  0.2276  0.2276
     4  1.0006  1.1322  1.0031  1.0807  1.0031  0.9444  1.2943  0.9444  0.2276
     3  0.9437  0.9410  0.9437  1.0031  0.9437  1.1998  1.0006  1.1274  0.2276
     2  1.0031  0.9463  0.9410  1.1322  1.0031  0.9418  1.2571  0.9460  0.2276
     1  0.9416  1.0031  0.9437  1.0006  0.9407  1.1998  1.0006  0.9418  0.2276
   SOUTH ADF
           1       2       3       4       5       6       7       8       9
     9  0.2276  0.2276  0.2276  0.2276  0.2276                                
     8  0.9418  0.9460  1.1274  0.9444  0.2276  0.2276  0.2276                
     7  1.0006  1.2571  1.0006  1.2943  0.9463  0.9410  0.2276  0.2276        
     6  1.1998  0.9418  1.1998  0.9444  1.0006  1.2943  0.9410  0.2276        
     5  0.9407  1.0031  0.9437  1.0031  0.9415  1.0006  0.9463  0.2276  0.2276
     4  1.0006  1.1322  1.0031  1.0807  1.0031  0.9444  1.2943  0.9444  0.2276
     3  0.9437  0.9410  0.9437  1.0031  0.9437  1.1998  1.0006  1.1274  0.2276
     2  1.0031  0.9463  0.9410  1.1322  1.0031  0.9418  1.2571  0.9460  0.2276
     1  0.9416  1.0031  0.9437  1.0006  0.9407  1.1998  1.0006  0.9418  0.2276
   TOP ADF
           1       2       3       4       5       6       7       8       9
     9  1.0000  1.0000  1.0000  1.0000  1.0000                                
     8  1.0000  1.0000  1.0000  1.0000  1.0000  1.0000  1.0000                
     7  1.0000  1.0000  1.0000  1.0000  1.0000  1.0000  1.0000  1.0000        
     6  1.0000  1.0000  1.0000  1.0000  1.0000  1.0000  1.0000  1.0000        
     5  1.0000  1.0000  1.0000  1.0000  1.0000  1.0000  1.0000  1.0000  1.0000
     4  1.0000  1.0000  1.0000  1.0000  1.0000  1.0000  1.0000  1.0000  1.0000
     3  1.0000  1.0000  1.0000  1.0000  1.0000  1.0000  1.0000  1.0000  1.0000
     2  1.0000  1.0000  1.0000  1.0000  1.0000  1.0000  1.0000  1.0000  1.0000
     1  1.0000  1.0000  1.0000  1.0000  1.0000  1.0000  1.0000  1.0000  1.0000
   BOTTOM ADF
           1       2       3       4       5       6       7       8       9
     9  1.0000  1.0000  1.0000  1.0000  1.0000                                
     8  1.0000  1.0000  1.0000  1.0000  1.0000  1.0000  1.0000                
     7  1.0000  1.0000  1.0000  1.0000  1.0000  1.0000  1.0000  1.0000        
     6  1.0000  1.0000  1.0000  1.0000  1.0000  1.0000  1.0000  1.0000        
     5  1.0000  1.0000  1.0000  1.0000  1.0000  1.0000  1.0000  1.0000  1.0000
     4  1.0000  1.0000  1.0000  1.0000  1.0000  1.0000  1.0000  1.0000  1.0000
     3  1.0000  1.0000  1.0000  1.0000  1.0000  1.0000  1.0000  1.0000  1.0000
     2  1.0000  1.0000  1.0000  1.0000  1.0000  1.0000  1.0000  1.0000  1.0000
     1  1.0000  1.0000  1.0000  1.0000  1.0000  1.0000  1.0000  1.0000  1.0000

   ...Assembly Discontinuity Factors are successfully read...


  ************************  STOP READING INPUT  ********************************


  ==============================================================================
                           CALCULATION RESULTS
  ==============================================================================

  Itr     k-eff     Fis.Src Error   Inner Error
 ----------------------------------------------------
    1     1.042116    3.55929E-01    5.01568E+02
    2     1.051598    2.14273E-01    3.99797E+00
    3     1.055231    1.44535E-01    1.38341E+00
    4     1.057271    1.08565E-01    3.33019E-01
     ...FISSION SOURCE EXTRAPOLATED...
    5     1.063441    4.94808E-01    1.37407E-01
    6     1.063106    3.24145E-02    3.62859E-01
    7     1.063139    2.70747E-02    3.57314E-01
    8     1.063187    1.92974E-02    5.45364E-02
    9     1.063284    1.52949E-02    1.95353E-02
     ...FISSION SOURCE EXTRAPOLATED...
   10     1.064929    2.42849E-01    1.38824E-02
   11     1.065014    1.71118E-02    2.24209E-01
   12     1.065061    9.43627E-03    1.92692E-01
   13     1.065016    7.95630E-03    2.48134E-02
   14     1.064998    7.55186E-03    7.58279E-03
     ...FISSION SOURCE EXTRAPOLATED...
     .....NODAL COUPLING UPDATED..... 
MAX. CHANGE IN NODAL COUPLING COEF.=  6.81026E-02 AT NODE I = 17, J =  8, K =  1
   15     1.064845    8.38670E-02    7.27400E-03
   16     1.061992    7.65682E-02    2.32623E-01
   17     1.062310    4.28655E-02    4.50511E-02
   18     1.062531    2.76191E-02    3.67686E-02
   19     1.062702    1.86837E-02    2.37636E-02
     ...FISSION SOURCE EXTRAPOLATED...
   20     1.063483    1.06714E-01    1.83340E-02
   21     1.063505    1.24357E-02    8.10265E-02
   22     1.063457    4.40715E-03    7.48941E-02
   23     1.063446    3.67015E-03    6.56093E-03
   24     1.063446    3.49566E-03    3.50474E-03
     ...FISSION SOURCE EXTRAPOLATED...
   25     1.063529    6.88331E-02    3.37439E-03
   26     1.063553    7.28966E-03    6.78333E-02
   27     1.063581    5.47532E-03    4.75182E-02
   28     1.063615    3.62406E-03    1.05702E-02
   29     1.063640    2.65613E-03    5.08417E-03
     ...FISSION SOURCE EXTRAPOLATED...
     .....NODAL COUPLING UPDATED..... 
MAX. CHANGE IN NODAL COUPLING COEF.=  4.02969E-02 AT NODE I = 17, J =  9, K =  2
   30     1.063771    1.40620E-02    2.89981E-03
   31     1.063709    2.52982E-03    6.32458E-02
   32     1.063718    1.32315E-03    1.51209E-02
   33     1.063719    1.21480E-03    1.88102E-03
   34     1.063720    1.10872E-03    1.11714E-03
     ...FISSION SOURCE EXTRAPOLATED...
   35     1.063729    1.95877E-02    1.02494E-03
   36     1.063732    1.26887E-03    1.82926E-02
   37     1.063734    1.00318E-03    6.58653E-03
   38     1.063738    7.65825E-04    1.27454E-03
   39     1.063742    6.34390E-04    7.69384E-04
     ...FISSION SOURCE EXTRAPOLATED...
   40     1.063766    3.20970E-03    5.77682E-04
   41     1.063768    4.05099E-04    2.63118E-03
   42     1.063767    3.06899E-04    2.45434E-03
   43     1.063767    2.74278E-04    3.26227E-04
   44     1.063767    2.45793E-04    2.47418E-04
     ...FISSION SOURCE EXTRAPOLATED...
     .....NODAL COUPLING UPDATED..... 
MAX. CHANGE IN NODAL COUPLING COEF.=  2.09943E-02 AT NODE I = 17, J =  9, K =  2
   45     1.063773    4.37490E-03    2.24044E-04
   46     1.063769    3.40353E-04    2.80326E-02
   47     1.063771    2.87103E-04    2.98917E-03
   48     1.063772    2.22040E-04    3.97839E-04
   49     1.063773    1.73264E-04    2.23645E-04
     ...FISSION SOURCE EXTRAPOLATED...
   50     1.063779    8.43836E-04    1.63220E-04
   51     1.063780    1.00218E-04    6.65365E-04
   52     1.063779    8.96562E-05    5.35872E-04
   53     1.063779    7.93937E-05    8.03887E-05
   54     1.063779    7.04299E-05    7.08456E-05
     ...FISSION SOURCE EXTRAPOLATED...
   55     1.063779    1.23456E-03    6.36594E-05
   56     1.063780    9.45962E-05    1.13367E-03
   57     1.063780    7.90703E-05    5.06643E-04
   58     1.063780    5.97274E-05    9.55639E-05
   59     1.063781    4.52364E-05    5.70013E-05
     ...FISSION SOURCE EXTRAPOLATED...
     .....NODAL COUPLING UPDATED..... 
MAX. CHANGE IN NODAL COUPLING COEF.=  7.15979E-03 AT NODE I = 17, J =  9, K =  1
   60     1.063782    2.08044E-04    3.86995E-05
   61     1.063782    3.86436E-05    8.00819E-03
   62     1.063781    2.46423E-05    2.94028E-04
   63     1.063782    1.93237E-05    2.19036E-05
   64     1.063782    1.68688E-05    1.69942E-05
     ...FISSION SOURCE EXTRAPOLATED...
   65     1.063782    3.04651E-04    1.51090E-05
   66     1.063782    2.59973E-05    2.78854E-04
   67     1.063782    2.14415E-05    1.58523E-04
   68     1.063782    1.58951E-05    3.03279E-05
   69     1.063782    1.18340E-05    1.53955E-05
     ...FISSION SOURCE EXTRAPOLATED...
   70     1.063782    4.98371E-05    1.03922E-05
   71     1.063782    5.79036E-06    3.79415E-05
   72     1.063782    5.24069E-06    2.28254E-05
   73     1.063782    4.56280E-06    4.61440E-06

  MULTIPLICATION EFFECTIVE (K-EFF) =  1.063782


     Radial Power Distribution
   ==============================
           1       2       3       4       5       6       7       8       9
     9                                                                        
     8   0.411   0.485   0.394   0.333                                        
     7   0.987   0.962   0.983   0.869   0.568   0.273                        
     6   1.019   0.908   1.101   1.119   1.043   0.728   0.273                
     5   1.017   1.319   1.221   1.283   0.893   1.043   0.568                
     4   1.475   1.247   1.409   1.065   1.283   1.119   0.869   0.333        
     3   1.355   1.198   1.279   1.409   1.221   1.101   0.983   0.394        
     2   1.643   1.480   1.198   1.247   1.319   0.908   0.962   0.485        
     1   1.310   1.643   1.355   1.475   1.017   1.019   0.987   0.411        

   MAX POS.       Maximum Value
  (  1,  2)          1.643


     Axial Power Density Distribution
   ====================================

     Plane Number        Power      Height
    -----------------------------------------
         2  (TOP)        1.000       21.42
         1  (BOTTOM)     1.000       10.71

   MAX POS.       Maximum Value
    (  1)             1.000


     Radial Flux Distribution
   ==============================
    Group :   1
             1          2          3          4          5          6          7          8          9
     9   8.099E-04  8.495E-04  7.643E-04  5.325E-04  1.129E-04                                             
     8   7.978E-03  8.481E-03  7.749E-03  5.973E-03  1.573E-03  5.263E-04  8.818E-05                       
     7   1.630E-02  1.668E-02  1.636E-02  1.495E-02  1.003E-02  5.293E-03  9.659E-04  8.818E-05            
     6   1.860E-02  1.819E-02  2.014E-02  1.967E-02  1.674E-02  1.248E-02  5.293E-03  5.263E-04            
     5   1.998E-02  2.158E-02  2.199E-02  2.094E-02  1.783E-02  1.674E-02  1.003E-02  1.573E-03  1.129E-04 
     4   2.385E-02  2.340E-02  2.322E-02  2.128E-02  2.094E-02  1.967E-02  1.495E-02  5.973E-03  5.325E-04 
     3   2.420E-02  2.271E-02  2.280E-02  2.322E-02  2.199E-02  2.014E-02  1.636E-02  7.749E-03  7.643E-04 
     2   2.656E-02  2.544E-02  2.271E-02  2.340E-02  2.158E-02  1.819E-02  1.668E-02  8.481E-03  8.495E-04 
     1   2.554E-02  2.656E-02  2.420E-02  2.385E-02  1.998E-02  1.860E-02  1.630E-02  7.978E-03  8.099E-04 

    Group :   2
             1          2          3          4          5          6          7          8          9
     9   4.754E-03  4.890E-03  4.210E-03  3.050E-03  7.351E-04                                             
     8   8.962E-03  8.491E-03  4.969E-03  5.934E-03  9.037E-03  3.082E-03  5.743E-04                       
     7   1.613E-02  8.008E-03  1.601E-02  6.844E-03  1.061E-02  5.545E-03  5.541E-03  5.743E-04            
     6   1.016E-02  1.966E-02  1.096E-02  2.009E-02  1.721E-02  5.741E-03  5.545E-03  3.082E-03            
     5   2.200E-02  2.315E-02  2.399E-02  2.255E-02  2.070E-02  1.721E-02  1.061E-02  9.037E-03  7.351E-04 
     4   2.426E-02  1.441E-02  2.468E-02  1.528E-02  2.255E-02  2.009E-02  6.844E-03  5.934E-03  3.050E-03 
     3   2.668E-02  2.449E-02  2.518E-02  2.468E-02  2.399E-02  1.096E-02  1.601E-02  4.969E-03  4.210E-03 
     2   2.896E-02  2.786E-02  2.449E-02  1.441E-02  2.315E-02  1.966E-02  8.008E-03  8.491E-03  4.890E-03 
     1   2.953E-02  2.896E-02  2.668E-02  2.426E-02  2.200E-02  1.016E-02  1.613E-02  8.962E-03  4.754E-03 



  CPU time breakdown in seconds
    Input reading time   :    0.0105  (46.1%)
    XSEC processing time :    0.0000  ( 0.2%)
    CMFD time            :    0.0056  (24.8%)
    Nodal update time    :    0.0066  (29.0%)
    T-H time             :    0.0000  ( 0.0%)
    ------------------------------------------
    Total time           :    0.0227
