           ###########################################################
           #                     ADPRES 1.2                          #
           #        ABU DHABI POLYTECHNIC REACTOR SIMULATOR          #
           ###########################################################


  =============================INPUT DATA STARTS HERE===========================
     1: ! CRITICAL BORON CONCENTRATION SEARCH CALCULATION                                                   
     2:                                                                                                     
     3: %MODE                                                                                               
     4: BCSEARCH                                                                                            
     5:                                                                                                     
     6: ! CASE CARD                                                                                         
     7: %CASE                                                                                               
     8: PWR Transient UO2/MOX Benchmark (with XS from Serpent) - Part3                                      
     9: 10.803 CM NODE SIZE                                                                                 
    10:                                                                                                     
    11: %GEOM                                                                                               
    12: 9 9 22                  !nx, ny, nz                                                                 
    13: 10.71  8*21.42          !x-direction assembly size in cm                                            
    14: 1  8*2                  !x-direction assembly division                                              
    15: 10.71  8*21.42          !y-direction assembly size in cm                                            
    16: 1  8*2                  !y-direction assembly division                                              
    17: 21.42 20*18.288 21.42   !z-direction assembly size in cm                                            
    18: 22*1                    !z-direction assembly division                                              
    19: 2                       !np number of planar type                                                   
    20: 2 20*1 2                                                                                            
    21:                                                                                                     
    22: ! Planar_type_1                                                                                     
    23: 18 18 18 18 18  0  0  0  0                                                                          
    24:  4  8 17  9 18 18 18  0  0                                                                          
    25:  7 12  7 15  2 10 18 18  0                                                                          
    26: 16  4 16  9  7 15 10 18  0                                                                          
    27: 11  1  3  1  6  7  2 18 18                                                                          
    28:  7 13  1 14  1  9 15  9 18                                                                          
    29:  3 10  3  1  3 16  7 17 18                                                                          
    30:  1  2 10 13  1  4 12  8 18                                                                          
    31:  5  1  3  7 11 16  7  4 18                                                                          
    32:                                                                                                     
    33:  ! Planar_type_2                                                                                    
    34:  19 19 19 19 19  0  0  0  0                                                                         
    35:  19 19 19 19 19 19 19  0  0                                                                         
    36:  19 19 19 19 19 19 19 19  0                                                                         
    37:  19 19 19 19 19 19 19 19  0                                                                         
    38:  19 19 19 19 19 19 19 19 19                                                                         
    39:  19 19 19 19 19 19 19 19 19                                                                         
    40:  19 19 19 19 19 19 19 19 19                                                                         
    41:  19 19 19 19 19 19 19 19 19                                                                         
    42:  19 19 19 19 19 19 19 19 19                                                                         
    43:                                                                                                     
    44: ! Boundary conditions (east), (west), (north), (south), (bottom), (top)                             
    45: 0 2 0 2 0 0                                                                                         
    46:                                                                                                     
    47: ! CONTROL CARD                                                                                      
    48: %CROD                                                                                               
    49: 8    200.                   ! Number of CR banks and max number of banks                            
    50: 21.42  1.8288                ! Zero step pos. (cm) and cm/step (total 200 steps)                    
    51: 0. 0. 0. 0.  200. 200. 200. 200.           ! CR Bank pos.                                           
    52: 0  0  0  0  0  0  0  0  0                                                                           
    53: 0  0  0  0  0  0  0  0  0                                                                           
    54: 3  0  2  0  5  0  0  0  0                                                                           
    55: 0  6  0  7  0  0  0  0  0                                                                           
    56: 8  0  0  0  4  0  5  0  0                                                                           
    57: 0  0  0  0  0  7  0  0  0                                                                           
    58: 1  0  3  0  0  0  2  0  0                                                                           
    59: 0  0  0  0  0  6  0  0  0                                                                           
    60: 4  0  1  0  8  0  3  0  0                                                                           
    61: 1                                                                                                   
    62:                                                                                                     
    63: ! THERMAL-HYDRAULIC CARD                                                                            
    64: %THER                                                                                               
    65: 0.0001                              ! Percent power in %                                            
    66: 891.25e6                            ! Reactor thermal power for full geometry in Watt               
    67: 560.  82.121243523                  ! Inlet coolant temp. (Kelvin) and Fuel Assembly Mass flow rate 
    68: 3.951E-03  5.9E-05  5.73E-04  1.26E-2 ! Fuel meat rad., gap thinkness, cladding thinkness and pin pi
    69: 264  25                                ! Number of fuel pin and guide tubes                         
    70: 0.0                                  ! FRACTION OF HEAT DEPOSITED IN COOLANT                        
    71: 1                                                                                                   
    72:                                                                                                     
    73:                                                                                                     
    74: ! XSEC CARD                                                                                         
    75: %XTAB                                                                                               
    76: 2  19    ! Number of groups and number of materials                                                 
    77: ! XTAB files for each material                                                                      
    78: smpl/xsec/SERPENT_CMM/u42.tab      1  !MAT  1 : u42u  0.15 GWD/TON                                  
    79: smpl/xsec/SERPENT_CMM/u42.tab      2  !MAT  2 : u42u  17.5 GWD/TON                                  
    80: smpl/xsec/SERPENT_CMM/u42.tab      4  !MAT  3 : u42u  22.5 GWD/TON                                  
    81: smpl/xsec/SERPENT_CMM/u42.tab      5  !MAT  4 : u42u  32.5 GWD/TON                                  
    82: smpl/xsec/SERPENT_CMM/u42.tab      6  !MAT  5 : u42u  35.0 GWD/TON                                  
    83: smpl/xsec/SERPENT_CMM/u42.tab      7  !MAT  6 : u42u  37.5 GWD/TON                                  
    84: smpl/xsec/SERPENT_CMM/u45.tab      1  !MAT  7 : u45u  0.15 GWD/TON                                  
    85: smpl/xsec/SERPENT_CMM/u45.tab      2  !MAT  8 : u45u  17.5 GWD/TON                                  
    86: smpl/xsec/SERPENT_CMM/u45.tab      3  !MAT  9 : u45u  20.5 GWD/TON                                  
    87: smpl/xsec/SERPENT_CMM/u45.tab      5  !MAT  10: u45u  32.5 GWD/TON                                  
    88: smpl/xsec/SERPENT_CMM/u45.tab      7  !MAT  11: u45u  37.5 GWD/TON                                  
    89: smpl/xsec/SERPENT_CMM/m40.tab      1  !MAT  12: m40m  0.15 GWD/TON                                  
    90: smpl/xsec/SERPENT_CMM/m40.tab      4  !MAT  13: m40m  22.5 GWD/TON                                  
    91: smpl/xsec/SERPENT_CMM/m40.tab      7  !MAT  14: m40m  37.5 GWD/TON                                  
    92: smpl/xsec/SERPENT_CMM/m43.tab      1  !MAT  15: m43m  0.15 GWD/TON                                  
    93: smpl/xsec/SERPENT_CMM/m43.tab      2  !MAT  16: m43m  17.5 GWD/TON                                  
    94: smpl/xsec/SERPENT_CMM/m43.tab      6  !MAT  17: m43m  35.0 GWD/TON                                  
    95: smpl/xsec/SERPENT_CMM/refr.tab     1  !MAT  18: RADIAL REFLECTOR                                    
    96: smpl/xsec/SERPENT_CMM/refa.tab     1  !MAT  19: AXIAL REFLECTOR                                     
    97:                                                                                                     
    98: %ITER                                                                                               
    99: 800 2 1.e-5 1.e-5 5 20 20 40                                                                        
  =============================INPUT DATA   ENDS HERE===========================



                              START READING INPUT
  ******************************************************************************
  CALCULATION MODE : CRITICAL BORON CONCENTRATION SEARCH WITH T-H FEEDBACK       

  CASE ID : PWR Transient UO2/MOX Benchmark (with XS from Serpent) - Part3                                      
  10.803 CM NODE SIZE                                                                                 


            >>>> READING TABULAR XSEC FILE <<<<
            --------------------------------------------

  ...XTAB FILE Card is successfully read...


            >>>>>READING CORE GEOMETRY<<<<<
            -------------------------------
  Number of assembly in x, y and z directions respectively :
           9           9          22
  Number of nodes in x, y and z directions respectively :
          17          17          22

  x-directed nodes division (delta-x)
    10.71  10.71  10.71  10.71  10.71  10.71  10.71  10.71  10.71  10.71
    10.71  10.71  10.71  10.71  10.71  10.71  10.71
  y-directed nodes division (delta-y)
    10.71  10.71  10.71  10.71  10.71  10.71  10.71  10.71  10.71  10.71
    10.71  10.71  10.71  10.71  10.71  10.71  10.71

   Planar Region :  1
        1  2  3  4  5  6  7  8  9 10 11 12 13 14 15 16 17
    17  18 18 18 18 18 18 18 18 18                        
    16  18 18 18 18 18 18 18 18 18                        
    15  4  8  8  17 17 9  9  18 18 18 18 18 18            
    14  4  8  8  17 17 9  9  18 18 18 18 18 18            
    13  7  12 12 7  7  15 15 2  2  10 10 18 18 18 18      
    12  7  12 12 7  7  15 15 2  2  10 10 18 18 18 18      
    11  16 4  4  16 16 9  9  7  7  15 15 10 10 18 18      
    10  16 4  4  16 16 9  9  7  7  15 15 10 10 18 18      
     9  11 1  1  3  3  1  1  6  6  7  7  2  2  18 18 18 18
     8  11 1  1  3  3  1  1  6  6  7  7  2  2  18 18 18 18
     7  7  13 13 1  1  14 14 1  1  9  9  15 15 9  9  18 18
     6  7  13 13 1  1  14 14 1  1  9  9  15 15 9  9  18 18
     5  3  10 10 3  3  1  1  3  3  16 16 7  7  17 17 18 18
     4  3  10 10 3  3  1  1  3  3  16 16 7  7  17 17 18 18
     3  1  2  2  10 10 13 13 1  1  4  4  12 12 8  8  18 18
     2  1  2  2  10 10 13 13 1  1  4  4  12 12 8  8  18 18
     1  5  1  1  3  3  7  7  11 11 16 16 7  7  4  4  18 18
   Planar Region :  2
        1  2  3  4  5  6  7  8  9 10 11 12 13 14 15 16 17
    17  19 19 19 19 19 19 19 19 19                        
    16  19 19 19 19 19 19 19 19 19                        
    15  19 19 19 19 19 19 19 19 19 19 19 19 19            
    14  19 19 19 19 19 19 19 19 19 19 19 19 19            
    13  19 19 19 19 19 19 19 19 19 19 19 19 19 19 19      
    12  19 19 19 19 19 19 19 19 19 19 19 19 19 19 19      
    11  19 19 19 19 19 19 19 19 19 19 19 19 19 19 19      
    10  19 19 19 19 19 19 19 19 19 19 19 19 19 19 19      
     9  19 19 19 19 19 19 19 19 19 19 19 19 19 19 19 19 19
     8  19 19 19 19 19 19 19 19 19 19 19 19 19 19 19 19 19
     7  19 19 19 19 19 19 19 19 19 19 19 19 19 19 19 19 19
     6  19 19 19 19 19 19 19 19 19 19 19 19 19 19 19 19 19
     5  19 19 19 19 19 19 19 19 19 19 19 19 19 19 19 19 19
     4  19 19 19 19 19 19 19 19 19 19 19 19 19 19 19 19 19
     3  19 19 19 19 19 19 19 19 19 19 19 19 19 19 19 19 19
     2  19 19 19 19 19 19 19 19 19 19 19 19 19 19 19 19 19
     1  19 19 19 19 19 19 19 19 19 19 19 19 19 19 19 19 19

  Planar Region Assignment to planes.
 --------------------------------------
   Plane Number     Planar Region    delta-z
       22 (TOP)            2          21.42
       21                  1          18.29
       20                  1          18.29
       19                  1          18.29
       18                  1          18.29
       17                  1          18.29
       16                  1          18.29
       15                  1          18.29
       14                  1          18.29
       13                  1          18.29
       12                  1          18.29
       11                  1          18.29
       10                  1          18.29
        9                  1          18.29
        8                  1          18.29
        7                  1          18.29
        6                  1          18.29
        5                  1          18.29
        4                  1          18.29
        3                  1          18.29
        2                  1          18.29
        1 (BOTTOM)         2          21.42

   Boundary conditions
  X-directed West   : REFLECTIVE
  X-directed East   : ZERO FLUX
  Y-directed North  : ZERO FLUX
  Y-directed South  : REFLECTIVE
  Z-directed Bottom : ZERO FLUX
  Z-directed Top    : ZERO FLUX

  ...Core geometry is successfully read...


            >>>> READING CONTROL RODS INSERTION <<<<
            --------------------------------------------
  NUMBER OF CONTROL ROD BANK  :  8
  MAX. NUMBER OF STEPS        : 200
  FULLY INSERTED POSITION (cm): 21.4 (FROM BOTTOM OF THE CORE)
  STEP SIZE (cm)              :   1.8288
  INITIAL CONTROL ROD BANK POSITION (STEPS) : 
  (0 means fully inserted) 
    Bank  1  Bank  2  Bank  3  Bank  4  Bank  5  Bank  6  Bank  7  Bank  8
      0.0      0.0      0.0      0.0    200.0    200.0    200.0    200.0

  CONTROL ROD BANK MAP : 
  0  0  0  0  0  0  0  0  0
  0  0  0  0  0  0  0  0  0
  3  0  2  0  5  0  0  0  0
  0  6  0  7  0  0  0  0  0
  8  0  0  0  4  0  5  0  0
  0  0  0  0  0  7  0  0  0
  1  0  3  0  0  0  2  0  0
  0  0  0  0  0  6  0  0  0
  4  0  1  0  8  0  3  0  0

  ...Control Rods Insertion card is successfully read...


            >>>>>READING ITERATION CONTROL<<<<<
            ------------------------------------
  MAXIMUM NUMBER OF OUTER ITERATION                     :   800
  MAXIMUM NUMBER OF INNER ITERATION                     :     2
  FISSION SOURCE ERROR CRITERIA                     :    1.000E-05
  FLUX ERROR CRITERIA                               :    1.000E-05
  OUTER ITERATION FISSION SOURCE EXTRAPOLATION INTERVAL :     5
  NODAL UPDATE INTERVAL                                 :    20
  MAX. NUMBER OF T-H ITERATION                          :    20
  MAX. NUMBER OF OUTER ITERATION PER T-H ITERATION      :    40


            >>>>   READING THERMAL-HYDRAULIC DATA   <<<<
            --------------------------------------------
  REACTOR PERCENT POWER (%)                :      0.00010
  REACTOR POWER (Watt)                     :   8.9125E+08
  COOLANT INLET TEMPERATURE (Kelvin)       :   5.6000E+02
  FUEL ASSEMBLY MASS FLOW RATE (Kg/s)      :   8.2121E+01
  FUEL MEAT RADIUS (m)                     :   3.9510E-03
  GAP THICKNESS (m)                        :   5.9000E-05
  CLAD THICKNESS (m)                       :   5.7300E-04
  PIN PITCH(m)                             :   1.2600E-02
  FRACTION OF HEAT DEPOSITED IN COOL.      :   0.0000E+00

  ...Thermal-hydraulic Card is successfully read...


  ************************  STOP READING INPUT  ********************************


 =========================================================================
                   CRITICAL BORON CONCENTRATION SEARCH
 =========================================================================

Itr  Boron Conc.   K-EFF     FLUX ERR.    FISS. SRC. ERR.  DOPPLER ERR.
 -----------------------------------------------------------------------
  1     0.00       1.09192   5.34852E-04  7.90804E-04      8.51291E-05
  2   500.00       1.05134   1.07641E-04  1.17915E-05      3.73542E-06
  3  1132.57       1.00506   3.96791E-05  3.24492E-06      4.36728E-06
  4  1201.78       1.00036   1.86763E-06  9.18296E-06      4.35677E-07
  5  1207.06       1.00000   1.94343E-06  7.84799E-06      3.29471E-08


     Radial Power Distribution
   ==============================
           1       2       3       4       5       6       7       8       9
     9                                                                        
     8   0.295   0.388   0.325   0.366                                        
     7   0.501   0.829   0.564   1.031   0.820   0.426                        
     6   1.196   1.117   1.373   1.485   1.386   1.069   0.426                
     5   1.370   1.817   1.699   1.679   0.636   1.386   0.820                
     4   1.582   1.414   1.640   1.357   1.679   1.485   1.031   0.366        
     3   0.539   0.846   0.637   1.640   1.699   1.373   0.564   0.325        
     2   0.846   0.864   0.846   1.414   1.817   1.117   0.829   0.388        
     1   0.372   0.846   0.539   1.582   1.370   1.196   0.501   0.295        

   MAX POS.       Maximum Value
  (  2,  5)          1.817


     Axial Power Density Distribution
   ====================================

     Plane Number        Power      Height
    -----------------------------------------
        22  (TOP)        0.000      408.60
        21               0.209      387.18
        20               0.423      368.89
        19               0.638      350.60
        18               0.838      332.32
        17               1.018      314.03
        16               1.176      295.74
        15               1.306      277.45
        14               1.407      259.16
        13               1.475      240.88
        12               1.510      222.59
        11               1.510      204.30
        10               1.475      186.01
         9               1.407      167.72
         8               1.306      149.44
         7               1.176      131.15
         6               1.018      112.86
         5               0.838       94.57
         4               0.638       76.28
         3               0.423       58.00
         2               0.209       39.71
         1  (BOTTOM)     0.000       21.42

   MAX POS.       Maximum Value
    ( 11)             1.510


     Radial Flux Distribution
   ==============================
    Group :   1
             1          2          3          4          5          6          7          8          9
     9   6.145E-04  6.761E-04  6.627E-04  5.515E-04  1.457E-04                                             
     8   5.576E-03  6.547E-03  6.255E-03  6.326E-03  2.069E-03  8.003E-04  1.498E-04                       
     7   1.067E-02  1.407E-02  1.208E-02  1.729E-02  1.396E-02  7.958E-03  1.492E-03  1.498E-04            
     6   2.126E-02  2.150E-02  2.447E-02  2.515E-02  2.152E-02  1.778E-02  7.958E-03  8.003E-04            
     5   2.594E-02  2.866E-02  2.953E-02  2.651E-02  1.691E-02  2.152E-02  1.396E-02  2.069E-03  1.457E-04 
     4   2.471E-02  2.574E-02  2.610E-02  2.633E-02  2.651E-02  2.515E-02  1.729E-02  6.326E-03  5.515E-04 
     3   1.275E-02  1.569E-02  1.503E-02  2.610E-02  2.953E-02  2.447E-02  1.208E-02  6.255E-03  6.627E-04 
     2   1.329E-02  1.438E-02  1.569E-02  2.574E-02  2.866E-02  2.150E-02  1.407E-02  6.547E-03  6.761E-04 
     1   9.645E-03  1.329E-02  1.275E-02  2.471E-02  2.594E-02  2.126E-02  1.067E-02  5.576E-03  6.145E-04 

    Group :   2
             1          2          3          4          5          6          7          8          9
     9   3.453E-03  3.738E-03  3.528E-03  3.034E-03  8.719E-04                                             
     8   6.565E-03  6.966E-03  4.263E-03  6.699E-03  1.145E-02  4.473E-03  8.960E-04                       
     7   7.407E-03  7.234E-03  8.300E-03  8.529E-03  1.567E-02  8.856E-03  8.230E-03  8.960E-04            
     6   1.249E-02  2.474E-02  1.432E-02  2.732E-02  2.340E-02  8.851E-03  8.856E-03  4.473E-03            
     5   3.025E-02  3.271E-02  3.411E-02  3.021E-02  1.311E-02  2.340E-02  1.567E-02  1.145E-02  8.719E-04 
     4   2.668E-02  1.704E-02  2.943E-02  2.016E-02  3.021E-02  2.732E-02  8.529E-03  6.699E-03  3.034E-03 
     3   9.562E-03  1.766E-02  1.131E-02  2.943E-02  3.411E-02  1.432E-02  8.300E-03  4.263E-03  3.528E-03 
     2   1.525E-02  1.662E-02  1.766E-02  1.704E-02  3.271E-02  2.474E-02  7.234E-03  6.966E-03  3.738E-03 
     1   7.478E-03  1.525E-02  9.562E-03  2.668E-02  3.025E-02  1.249E-02  7.407E-03  6.565E-03  3.453E-03 


   HEAT FLUX HOT CHANNEL FACTOR :  2.786

  AVERAGE DOPPLER TEMPERATURE     :   560.0 K (  286.9 C)
  MAX FUEL CENTERLINE TEMPERATURE :   560.0 K (  286.9 C)
  AVERAGE MODERATOR TEMPERATURE   :   560.0 K (  286.9 C)
  MAXIMUM MODERATOR TEMPERATURE   :   560.0 K (  286.9 C)
  OUTLET MODERATOR TEMPERATURE    :   560.0 K (  286.9 C)
  AVERAGE MODERATOR DENSITY       :   751.9 kg/m3 (  0.752 g/cc)
  OUTLET MODERATOR DENSITY        :   751.9 kg/m3 (  0.752 g/cc)


  CPU time breakdown in seconds
    Input reading time   :    0.0267  ( 3.5%)
    XSEC processing time :    0.2842  (37.4%)
    CMFD time            :    0.2334  (30.7%)
    Nodal update time    :    0.2035  (26.8%)
    T-H time             :    0.0115  ( 1.5%)
    ------------------------------------------
    Total time           :    0.7593
