           ###########################################################
           #                     ADPRES 1.2                          #
           #        ABU DHABI POLYTECHNIC REACTOR SIMULATOR          #
           ###########################################################


  =============================INPUT DATA STARTS HERE===========================
     1: ! UO-MOX REACTOR PROBLEM                                                                            
     2:                                                                                                     
     3: %MODE                                                                                               
     4: FORWARD                                                                                             
     5: %CASE                                                                                               
     6: UOX-MOX                                                                                             
     7: PROBLEM TEST                                                                                        
     8:                                                                                                     
     9: %GEOM                                                                                               
    10: 9 9 2                  !nx, ny, nz                                                                  
    11: 10.71  8*21.42          !x-direction assembly size in cm                                            
    12: 1  8*2                  !x-direction assembly division                                              
    13: 10.71  8*21.42          !y-direction assembly size in cm                                            
    14: 1  8*2                  !y-direction assembly ddivision                                             
    15: 2*21.42                 !z-direction assembly size in cm                                            
    16: 22*1                    !z-direction assembly division                                              
    17: 1                       !np number of planar type                                                   
    18: 2*1                                                                                                 
    19:                                                                                                     
    20: ! Planar_type_1                                                                                     
    21: 26 26 26 26 26  0  0  0  0                                                                          
    22:  4  8 17  9 26 26 26  0  0                                                                          
    23: 23 12 23 15 18 10 26 26  0                                                                          
    24: 16 20 16 24  7 15 10 26  0                                                                          
    25: 25  1  3  1 22  7 18 26 26                                                                          
    26:  7 13  1 14  1 24 15  9 26                                                                          
    27: 19 10 19  1  3 16 23 17 26                                                                          
    28:  1  2 10 13  1 20 12  8 26                                                                          
    29: 21  1 19  7 25 16 23  4 26                                                                          
    30:                                                                                                     
    31: ! Boundary conditions (east), (west), (north), (south), (bottom), (top)                             
    32: 0 2 0 2 2 2                                                                                         
    33:                                                                                                     
    34: %XSEC                                                                                               
    35: 2  27    ! Number of groups and number of materials                                                 
    36:  !u42 UNRODDED. BURN-UP:    0.15                                                                    
    37: 2.34544E-01  9.98037E-03  7.59247E-03  9.76397E-14  1.00000E+00  5.28264E-01  1.77629E-02           
    38: 8.66255E-01  1.17854E-01  1.56179E-01  2.07650E-12  0.00000E+00  1.79595E-03  1.35588E+00           
    39:  !u42 UNRODDED. BURN-UP:   17.50                                                                    
    40: 2.34060E-01  1.05182E-02  6.37658E-03  7.98642E-14  1.00000E+00  5.29794E-01  1.73011E-02           
    41: 8.90166E-01  1.16461E-01  1.60507E-01  2.02949E-12  0.00000E+00  1.77298E-03  1.37200E+00           
    42:  !u42 UNRODDED. BURN-UP:   22.50                                                                    
    43: 2.33976E-01  1.07120E-02  6.06207E-03  7.54039E-14  1.00000E+00  5.30879E-01  1.72784E-02           
    44: 8.91182E-01  1.15242E-01  1.55663E-01  1.95013E-12  0.00000E+00  1.76810E-03  1.37396E+00           
    45:  !u42 UNRODDED. BURN-UP:   32.50                                                                    
    46: 2.34373E-01  1.10352E-02  5.49309E-03  6.74266E-14  1.00000E+00  5.33030E-01  1.73025E-02           
    47: 8.99875E-01  1.12037E-01  1.43996E-01  1.77454E-12  0.00000E+00  1.70253E-03  1.37812E+00           
    48:  !u42 UNRODDED. BURN-UP:   35.00                                                                    
    49: 2.34237E-01  1.11075E-02  5.36375E-03  6.56277E-14  1.00000E+00  5.33516E-01  1.73101E-02           
    50: 9.00204E-01  1.11068E-01  1.40842E-01  1.72910E-12  0.00000E+00  1.67425E-03  1.37876E+00           
    51:  !u42 UNRODDED. BURN-UP:   37.50                                                                    
    52: 2.34345E-01  1.11916E-02  5.24444E-03  6.39616E-14  1.00000E+00  5.34041E-01  1.73219E-02           
    53: 8.99349E-01  1.10102E-01  1.37694E-01  1.68425E-12  0.00000E+00  1.66484E-03  1.38006E+00           
    54:  !u45 UNRODDED. BURN-UP:    0.15                                                                    
    55: 2.34210E-01  1.01350E-02  7.92582E-03  1.02056E-13  1.00000E+00  5.27567E-01  1.75495E-02           
    56: 8.60367E-01  1.22015E-01  1.64920E-01  2.19279E-12  0.00000E+00  1.86721E-03  1.35489E+00           
    57:  !u45 UNRODDED. BURN-UP:   17.50                                                                    
    58: 2.34206E-01  1.06286E-02  6.67634E-03  8.38651E-14  1.00000E+00  5.29261E-01  1.71506E-02           
    59: 8.85733E-01  1.20500E-01  1.68613E-01  2.13826E-12  0.00000E+00  1.84672E-03  1.37029E+00           
    60:  !u45 UNRODDED. BURN-UP:   20.00                                                                    
    61: 2.34154E-01  1.07118E-02  6.50779E-03  8.14759E-14  1.00000E+00  5.29773E-01  1.71403E-02           
    62: 8.89900E-01  1.19930E-01  1.66382E-01  2.10039E-12  0.00000E+00  1.83478E-03  1.37185E+00           
    63:  !u45 UNRODDED. BURN-UP:   32.50                                                                    
    64: 2.34325E-01  1.11090E-02  5.75540E-03  7.09140E-14  1.00000E+00  5.32420E-01  1.71556E-02           
    65: 8.96792E-01  1.15888E-01  1.51878E-01  1.87896E-12  0.00000E+00  1.75181E-03  1.37649E+00           
    66:  !u45 UNRODDED. BURN-UP:   37.50                                                                    
    67: 2.34595E-01  1.12536E-02  5.48584E-03  6.71711E-14  1.00000E+00  5.33537E-01  1.71856E-02           
    68: 8.98788E-01  1.13996E-01  1.45567E-01  1.78784E-12  0.00000E+00  1.71294E-03  1.37816E+00           
    69:  !m40 UNRODDED. BURN-UP:    0.15                                                                    
    70: 2.34297E-01  1.17344E-02  8.31627E-03  9.69696E-14  1.00000E+00  5.19237E-01  1.51764E-02           
    71: 9.07557E-01  2.50064E-01  3.64904E-01  4.26563E-12  0.00000E+00  3.61004E-03  1.31659E+00           
    72:  !m40 UNRODDED. BURN-UP:   22.50                                                                    
    73: 2.35521E-01  1.23542E-02  6.99915E-03  8.14831E-14  1.00000E+00  5.24624E-01  1.50572E-02           
    74: 8.98229E-01  1.92322E-01  2.72063E-01  3.17327E-12  0.00000E+00  2.81240E-03  1.32071E+00           
    75:  !m40 UNRODDED. BURN-UP:   37.50                                                                    
    76: 2.36316E-01  1.26992E-02  6.25232E-03  7.26936E-14  1.00000E+00  5.27756E-01  1.51017E-02           
    77: 8.96383E-01  1.65223E-01  2.23744E-01  2.60452E-12  0.00000E+00  2.41806E-03  1.32346E+00           
    78:  !m43 UNRODDED. BURN-UP:    0.15                                                                    
    79: 2.34031E-01  1.19189E-02  8.70410E-03  1.01413E-13  1.00000E+00  5.18629E-01  1.49782E-02           
    80: 9.06947E-01  2.58500E-01  3.80820E-01  4.45107E-12  0.00000E+00  3.68292E-03  1.31752E+00           
    81:  !m43 UNRODDED. BURN-UP:   17.50                                                                    
    82: 2.34985E-01  1.24275E-02  7.64869E-03  8.90212E-14  1.00000E+00  5.22945E-01  1.48776E-02           
    83: 8.99449E-01  2.14730E-01  3.08507E-01  3.60045E-12  0.00000E+00  3.09513E-03  1.31889E+00           
    84:  !m43 UNRODDED. BURN-UP:   35.00                                                                    
    85: 2.36113E-01  1.28111E-02  6.73999E-03  7.83420E-14  1.00000E+00  5.26554E-01  1.48811E-02           
    86: 8.92584E-01  1.79408E-01  2.49055E-01  2.90054E-12  0.00000E+00  2.63490E-03  1.32215E+00           
    87:    !u42 RODDED. BURN-UP:   17.50                                                                    
    88: 2.34695E-01  1.61698E-02  6.19342E-03  7.74095E-14  1.00000E+00  5.20833E-01  1.36187E-02           
    89: 8.73850E-01  1.52942E-01  1.68689E-01  2.13010E-12  0.00000E+00  2.19889E-03  1.30693E+00           
    90:    !u42 RODDED. BURN-UP:   22.50                                                                    
    91: 2.34714E-01  1.63306E-02  5.89870E-03  7.32239E-14  1.00000E+00  5.21501E-01  1.35653E-02           
    92: 8.84962E-01  1.51976E-01  1.64038E-01  2.05224E-12  0.00000E+00  2.16935E-03  1.30942E+00           
    93:    !u42 RODDED. BURN-UP:   32.50                                                                    
    94: 2.34896E-01  1.65954E-02  5.36541E-03  6.56794E-14  1.00000E+00  5.22690E-01  1.35122E-02           
    95: 8.88244E-01  1.49124E-01  1.52796E-01  1.88079E-12  0.00000E+00  2.11930E-03  1.31245E+00           
    96:    !u42 RODDED. BURN-UP:   35.00                                                                    
    97: 2.34783E-01  1.66647E-02  5.24655E-03  6.40043E-14  1.00000E+00  5.22934E-01  1.34932E-02           
    98: 8.94907E-01  1.48362E-01  1.49704E-01  1.83585E-12  0.00000E+00  2.12155E-03  1.31299E+00           
    99:    !u42 RODDED. BURN-UP:   37.50                                                                    
   100: 2.35069E-01  1.67194E-02  5.13258E-03  6.24168E-14  1.00000E+00  5.23230E-01  1.34902E-02           
   101: 8.95411E-01  1.47265E-01  1.46659E-01  1.79199E-12  0.00000E+00  2.11397E-03  1.31437E+00           
   102:    !u45 RODDED. BURN-UP:    0.15                                                                    
   103: 2.34908E-01  1.58219E-02  7.65195E-03  9.83508E-14  1.00000E+00  5.18746E-01  1.38168E-02           
   104: 8.55500E-01  1.54259E-01  1.70693E-01  2.26951E-12  0.00000E+00  2.22653E-03  1.29336E+00           
   105:    !u45 RODDED. BURN-UP:   20.00                                                                    
   106: 2.34623E-01  1.63177E-02  6.32396E-03  7.90279E-14  1.00000E+00  5.20700E-01  1.34727E-02           
   107: 8.80177E-01  1.56871E-01  1.75038E-01  2.20669E-12  0.00000E+00  2.26112E-03  1.30590E+00           
   108:    !u45 RODDED. BURN-UP:   37.50                                                                    
   109: 2.35039E-01  1.67724E-02  5.36125E-03  6.54697E-14  1.00000E+00  5.22934E-01  1.33871E-02           
   110: 8.90765E-01  1.51366E-01  1.54621E-01  1.89692E-12  0.00000E+00  2.15770E-03  1.31257E+00           
   111: ! reflector                                                                                         
   112: 2.52078E-01  2.28946E-03  0.00000E+00  0.00000E+00  0.00000E+00  6.28598E-01  2.84275E-02           
   113: 1.32879E+00  3.79706E-02  0.00000E+00  0.00000E+00  0.00000E+00  6.83220E-04  1.98425E+00           
   114: ! reflector (axial)                                                                                 
   115: 1.71190E-01  1.00281E-03  0.00000E+00  0.00000E+00  0.00000E+00  6.66798E-01  4.35628E-02           
   116: 1.36174E+00  2.99824E-02  0.00000E+00  0.00000E+00  0.00000E+00  4.54319E-04  2.08645E+00           
   117:                                                                                                     
   118: %ADF                                                                                                
   119: !g1 -> east  west  north  south                                                                     
   120: !g2 -> east  west  north  south                                                                     
   121:  !u42 UNRODDED. BURN-UP:    0.15                                                                    
   122: 1.00820E+00  1.00820E+00  1.00820E+00  1.00820E+00  1.00000E+00  1.00000E+00                        
   123: 1.02765E+00  1.02765E+00  1.02765E+00  1.02765E+00  1.00000E+00  1.00000E+00                        
   124:  !u42 UNRODDED. BURN-UP:   17.50                                                                    
   125: 1.00121E+00  1.00121E+00  1.00121E+00  1.00121E+00  1.00000E+00  1.00000E+00                        
   126: 9.65625E-01  9.65625E-01  9.65625E-01  9.65625E-01  1.00000E+00  1.00000E+00                        
   127:  !u42 UNRODDED. BURN-UP:   22.50                                                                    
   128: 9.99939E-01  9.99939E-01  9.99939E-01  9.99939E-01  1.00000E+00  1.00000E+00                        
   129: 9.58700E-01  9.58700E-01  9.58700E-01  9.58700E-01  1.00000E+00  1.00000E+00                        
   130:  !u42 UNRODDED. BURN-UP:   32.50                                                                    
   131: 1.00216E+00  1.00216E+00  1.00216E+00  1.00216E+00  1.00000E+00  1.00000E+00                        
   132: 9.52719E-01  9.52719E-01  9.52719E-01  9.52719E-01  1.00000E+00  1.00000E+00                        
   133:  !u42 UNRODDED. BURN-UP:   35.00                                                                    
   134: 1.00257E+00  1.00257E+00  1.00257E+00  1.00257E+00  1.00000E+00  1.00000E+00                        
   135: 9.49727E-01  9.49727E-01  9.49727E-01  9.49727E-01  1.00000E+00  1.00000E+00                        
   136:  !u42 UNRODDED. BURN-UP:   37.50                                                                    
   137: 1.00347E+00  1.00347E+00  1.00347E+00  1.00347E+00  1.00000E+00  1.00000E+00                        
   138: 9.46229E-01  9.46229E-01  9.46229E-01  9.46229E-01  1.00000E+00  1.00000E+00                        
   139:  !u45 UNRODDED. BURN-UP:    0.15                                                                    
   140: 1.00854E+00  1.00854E+00  1.00854E+00  1.00854E+00  1.00000E+00  1.00000E+00                        
   141: 1.02661E+00  1.02661E+00  1.02661E+00  1.02661E+00  1.00000E+00  1.00000E+00                        
   142:  !u45 UNRODDED. BURN-UP:   17.50                                                                    
   143: 1.00053E+00  1.00053E+00  1.00053E+00  1.00053E+00  1.00000E+00  1.00000E+00                        
   144: 9.67569E-01  9.67569E-01  9.67569E-01  9.67569E-01  1.00000E+00  1.00000E+00                        
   145:  !u45 UNRODDED. BURN-UP:   20.00                                                                    
   146: 1.00046E+00  1.00046E+00  1.00046E+00  1.00046E+00  1.00000E+00  1.00000E+00                        
   147: 9.63609E-01  9.63609E-01  9.63609E-01  9.63609E-01  1.00000E+00  1.00000E+00                        
   148:  !u45 UNRODDED. BURN-UP:   32.50                                                                    
   149: 1.00191E+00  1.00191E+00  1.00191E+00  1.00191E+00  1.00000E+00  1.00000E+00                        
   150: 9.50400E-01  9.50400E-01  9.50400E-01  9.50400E-01  1.00000E+00  1.00000E+00                        
   151:  !u45 UNRODDED. BURN-UP:   37.50                                                                    
   152: 1.00248E+00  1.00248E+00  1.00248E+00  1.00248E+00  1.00000E+00  1.00000E+00                        
   153: 9.46750E-01  9.46750E-01  9.46750E-01  9.46750E-01  1.00000E+00  1.00000E+00                        
   154:  !m40 UNRODDED. BURN-UP:    0.15                                                                    
   155: 1.00099E+00  1.00099E+00  1.00099E+00  1.00099E+00  1.00000E+00  1.00000E+00                        
   156: 1.33012E+00  1.33012E+00  1.33012E+00  1.33012E+00  1.00000E+00  1.00000E+00                        
   157:  !m40 UNRODDED. BURN-UP:   22.50                                                                    
   158: 9.87912E-01  9.87912E-01  9.87912E-01  9.87912E-01  1.00000E+00  1.00000E+00                        
   159: 1.18136E+00  1.18136E+00  1.18136E+00  1.18136E+00  1.00000E+00  1.00000E+00                        
   160:  !m40 UNRODDED. BURN-UP:   37.50                                                                    
   161: 9.88934E-01  9.88934E-01  9.88934E-01  9.88934E-01  1.00000E+00  1.00000E+00                        
   162: 1.12555E+00  1.12555E+00  1.12555E+00  1.12555E+00  1.00000E+00  1.00000E+00                        
   163:  !m43 UNRODDED. BURN-UP:    0.15                                                                    
   164: 9.98132E-01  9.98132E-01  9.98132E-01  9.98132E-01  1.00000E+00  1.00000E+00                        
   165: 1.37061E+00  1.37061E+00  1.37061E+00  1.37061E+00  1.00000E+00  1.00000E+00                        
   166:  !m43 UNRODDED. BURN-UP:   17.50                                                                    
   167: 9.90490E-01  9.90490E-01  9.90490E-01  9.90490E-01  1.00000E+00  1.00000E+00                        
   168: 1.26002E+00  1.26002E+00  1.26002E+00  1.26002E+00  1.00000E+00  1.00000E+00                        
   169:  !m43 UNRODDED. BURN-UP:   35.00                                                                    
   170: 9.86466E-01  9.86466E-01  9.86466E-01  9.86466E-01  1.00000E+00  1.00000E+00                        
   171: 1.17609E+00  1.17609E+00  1.17609E+00  1.17609E+00  1.00000E+00  1.00000E+00                        
   172:    !u42 RODDED. BURN-UP:   17.50                                                                    
   173: 1.06443E+00  1.06443E+00  1.06443E+00  1.06443E+00  1.00000E+00  1.00000E+00                        
   174: 1.37474E+00  1.37474E+00  1.37474E+00  1.37474E+00  1.00000E+00  1.00000E+00                        
   175:    !u42 RODDED. BURN-UP:   22.50                                                                    
   176: 1.06421E+00  1.06421E+00  1.06421E+00  1.06421E+00  1.00000E+00  1.00000E+00                        
   177: 1.37383E+00  1.37383E+00  1.37383E+00  1.37383E+00  1.00000E+00  1.00000E+00                        
   178:    !u42 RODDED. BURN-UP:   32.50                                                                    
   179: 1.06747E+00  1.06747E+00  1.06747E+00  1.06747E+00  1.00000E+00  1.00000E+00                        
   180: 1.36334E+00  1.36334E+00  1.36334E+00  1.36334E+00  1.00000E+00  1.00000E+00                        
   181:    !u42 RODDED. BURN-UP:   35.00                                                                    
   182: 1.06752E+00  1.06752E+00  1.06752E+00  1.06752E+00  1.00000E+00  1.00000E+00                        
   183: 1.36214E+00  1.36214E+00  1.36214E+00  1.36214E+00  1.00000E+00  1.00000E+00                        
   184:    !u42 RODDED. BURN-UP:   37.50                                                                    
   185: 1.06786E+00  1.06786E+00  1.06786E+00  1.06786E+00  1.00000E+00  1.00000E+00                        
   186: 1.35987E+00  1.35987E+00  1.35987E+00  1.35987E+00  1.00000E+00  1.00000E+00                        
   187:    !u45 RODDED. BURN-UP:    0.15                                                                    
   188: 1.06915E+00  1.06915E+00  1.06915E+00  1.06915E+00  1.00000E+00  1.00000E+00                        
   189: 1.42485E+00  1.42485E+00  1.42485E+00  1.42485E+00  1.00000E+00  1.00000E+00                        
   190:    !u45 RODDED. BURN-UP:   20.00                                                                    
   191: 1.06390E+00  1.06390E+00  1.06390E+00  1.06390E+00  1.00000E+00  1.00000E+00                        
   192: 1.37502E+00  1.37502E+00  1.37502E+00  1.37502E+00  1.00000E+00  1.00000E+00                        
   193:    !u45 RODDED. BURN-UP:   37.50                                                                    
   194: 1.06716E+00  1.06716E+00  1.06716E+00  1.06716E+00  1.00000E+00  1.00000E+00                        
   195: 1.36005E+00  1.36005E+00  1.36005E+00  1.36005E+00  1.00000E+00  1.00000E+00                        
   196: ! reflector                                                                                         
   197: 1.22730E+00  1.22730E+00  1.22730E+00  1.22730E+00  1.00000E+00  1.00000E+00                        
   198: 2.40027E-01  2.40027E-01  2.40027E-01  2.40027E-01  1.00000E+00  1.00000E+00                        
   199: ! reflector (axial)                                                                                 
   200: 1.01082E+00  1.01082E+00  1.01082E+00  1.01082E+00  1.00000E+00  1.00000E+00                        
   201: 1.03533E+00  1.03533E+00  1.03533E+00  1.03533E+00  1.00000E+00  1.00000E+00                        
   202:  0   ! ADF INPUTS END                                                                               
   203:  1                                                                                                  
  =============================INPUT DATA   ENDS HERE===========================



                              START READING INPUT
  ******************************************************************************
  CALCULATION MODE : FORWARD CALCULATION                                         

  CASE ID : UOX-MOX                                                                                             
  PROBLEM TEST                                                                                        


            >>>> READING MACROSCOPIC CROSS SECTIONS <<<<
            --------------------------------------------

     MATERIAL  1
    GROUP   TRANSPORT  DIFFUSION  ABSORPTION  REMOVAL    NU*FISS    KAP*FIS   FISS. SPCTR
       1     0.234544  1.421197   0.009980    0.027743   0.007592   0.000000  1.000000
       2     0.866255  0.384798   0.117854    0.119650   0.156179   0.000000  0.000000
   --SCATTERING MATRIX--
     G/G'          1          2
      1        0.528264    0.017763
      2        0.001796    1.355880

     MATERIAL  2
    GROUP   TRANSPORT  DIFFUSION  ABSORPTION  REMOVAL    NU*FISS    KAP*FIS   FISS. SPCTR
       1     0.234060  1.424136   0.010518    0.027819   0.006377   0.000000  1.000000
       2     0.890166  0.374462   0.116461    0.118234   0.160507   0.000000  0.000000
   --SCATTERING MATRIX--
     G/G'          1          2
      1        0.529794    0.017301
      2        0.001773    1.372000

     MATERIAL  3
    GROUP   TRANSPORT  DIFFUSION  ABSORPTION  REMOVAL    NU*FISS    KAP*FIS   FISS. SPCTR
       1     0.233976  1.424648   0.010712    0.027990   0.006062   0.000000  1.000000
       2     0.891182  0.374035   0.115242    0.117010   0.155663   0.000000  0.000000
   --SCATTERING MATRIX--
     G/G'          1          2
      1        0.530879    0.017278
      2        0.001768    1.373960

     MATERIAL  4
    GROUP   TRANSPORT  DIFFUSION  ABSORPTION  REMOVAL    NU*FISS    KAP*FIS   FISS. SPCTR
       1     0.234373  1.422234   0.011035    0.028338   0.005493   0.000000  1.000000
       2     0.899875  0.370422   0.112037    0.113740   0.143996   0.000000  0.000000
   --SCATTERING MATRIX--
     G/G'          1          2
      1        0.533030    0.017302
      2        0.001703    1.378120

     MATERIAL  5
    GROUP   TRANSPORT  DIFFUSION  ABSORPTION  REMOVAL    NU*FISS    KAP*FIS   FISS. SPCTR
       1     0.234237  1.423060   0.011107    0.028418   0.005364   0.000000  1.000000
       2     0.900204  0.370286   0.111068    0.112742   0.140842   0.000000  0.000000
   --SCATTERING MATRIX--
     G/G'          1          2
      1        0.533516    0.017310
      2        0.001674    1.378760

     MATERIAL  6
    GROUP   TRANSPORT  DIFFUSION  ABSORPTION  REMOVAL    NU*FISS    KAP*FIS   FISS. SPCTR
       1     0.234345  1.422404   0.011192    0.028514   0.005244   0.000000  1.000000
       2     0.899349  0.370638   0.110102    0.111767   0.137694   0.000000  0.000000
   --SCATTERING MATRIX--
     G/G'          1          2
      1        0.534041    0.017322
      2        0.001665    1.380060

     MATERIAL  7
    GROUP   TRANSPORT  DIFFUSION  ABSORPTION  REMOVAL    NU*FISS    KAP*FIS   FISS. SPCTR
       1     0.234210  1.423224   0.010135    0.027685   0.007926   0.000000  1.000000
       2     0.860367  0.387432   0.122015    0.123882   0.164920   0.000000  0.000000
   --SCATTERING MATRIX--
     G/G'          1          2
      1        0.527567    0.017549
      2        0.001867    1.354890

     MATERIAL  8
    GROUP   TRANSPORT  DIFFUSION  ABSORPTION  REMOVAL    NU*FISS    KAP*FIS   FISS. SPCTR
       1     0.234206  1.423248   0.010629    0.027779   0.006676   0.000000  1.000000
       2     0.885733  0.376336   0.120500    0.122347   0.168613   0.000000  0.000000
   --SCATTERING MATRIX--
     G/G'          1          2
      1        0.529261    0.017151
      2        0.001847    1.370290

     MATERIAL  9
    GROUP   TRANSPORT  DIFFUSION  ABSORPTION  REMOVAL    NU*FISS    KAP*FIS   FISS. SPCTR
       1     0.234154  1.423565   0.010712    0.027852   0.006508   0.000000  1.000000
       2     0.889900  0.374574   0.119930    0.121765   0.166382   0.000000  0.000000
   --SCATTERING MATRIX--
     G/G'          1          2
      1        0.529773    0.017140
      2        0.001835    1.371850

     MATERIAL 10
    GROUP   TRANSPORT  DIFFUSION  ABSORPTION  REMOVAL    NU*FISS    KAP*FIS   FISS. SPCTR
       1     0.234325  1.422526   0.011109    0.028265   0.005755   0.000000  1.000000
       2     0.896792  0.371695   0.115888    0.117640   0.151878   0.000000  0.000000
   --SCATTERING MATRIX--
     G/G'          1          2
      1        0.532420    0.017156
      2        0.001752    1.376490

     MATERIAL 11
    GROUP   TRANSPORT  DIFFUSION  ABSORPTION  REMOVAL    NU*FISS    KAP*FIS   FISS. SPCTR
       1     0.234595  1.420888   0.011254    0.028439   0.005486   0.000000  1.000000
       2     0.898788  0.370870   0.113996    0.115709   0.145567   0.000000  0.000000
   --SCATTERING MATRIX--
     G/G'          1          2
      1        0.533537    0.017186
      2        0.001713    1.378160

     MATERIAL 12
    GROUP   TRANSPORT  DIFFUSION  ABSORPTION  REMOVAL    NU*FISS    KAP*FIS   FISS. SPCTR
       1     0.234297  1.422696   0.011734    0.026911   0.008316   0.000000  1.000000
       2     0.907557  0.367286   0.250064    0.253674   0.364904   0.000000  0.000000
   --SCATTERING MATRIX--
     G/G'          1          2
      1        0.519237    0.015176
      2        0.003610    1.316590

     MATERIAL 13
    GROUP   TRANSPORT  DIFFUSION  ABSORPTION  REMOVAL    NU*FISS    KAP*FIS   FISS. SPCTR
       1     0.235521  1.415302   0.012354    0.027411   0.006999   0.000000  1.000000
       2     0.898229  0.371101   0.192322    0.195134   0.272063   0.000000  0.000000
   --SCATTERING MATRIX--
     G/G'          1          2
      1        0.524624    0.015057
      2        0.002812    1.320710

     MATERIAL 14
    GROUP   TRANSPORT  DIFFUSION  ABSORPTION  REMOVAL    NU*FISS    KAP*FIS   FISS. SPCTR
       1     0.236316  1.410541   0.012699    0.027801   0.006252   0.000000  1.000000
       2     0.896383  0.371865   0.165223    0.167641   0.223744   0.000000  0.000000
   --SCATTERING MATRIX--
     G/G'          1          2
      1        0.527756    0.015102
      2        0.002418    1.323460

     MATERIAL 15
    GROUP   TRANSPORT  DIFFUSION  ABSORPTION  REMOVAL    NU*FISS    KAP*FIS   FISS. SPCTR
       1     0.234031  1.424313   0.011919    0.026897   0.008704   0.000000  1.000000
       2     0.906947  0.367533   0.258500    0.262183   0.380820   0.000000  0.000000
   --SCATTERING MATRIX--
     G/G'          1          2
      1        0.518629    0.014978
      2        0.003683    1.317520

     MATERIAL 16
    GROUP   TRANSPORT  DIFFUSION  ABSORPTION  REMOVAL    NU*FISS    KAP*FIS   FISS. SPCTR
       1     0.234985  1.418530   0.012427    0.027305   0.007649   0.000000  1.000000
       2     0.899449  0.370597   0.214730    0.217825   0.308507   0.000000  0.000000
   --SCATTERING MATRIX--
     G/G'          1          2
      1        0.522945    0.014878
      2        0.003095    1.318890

     MATERIAL 17
    GROUP   TRANSPORT  DIFFUSION  ABSORPTION  REMOVAL    NU*FISS    KAP*FIS   FISS. SPCTR
       1     0.236113  1.411753   0.012811    0.027692   0.006740   0.000000  1.000000
       2     0.892584  0.373448   0.179408    0.182043   0.249055   0.000000  0.000000
   --SCATTERING MATRIX--
     G/G'          1          2
      1        0.526554    0.014881
      2        0.002635    1.322150

     MATERIAL 18
    GROUP   TRANSPORT  DIFFUSION  ABSORPTION  REMOVAL    NU*FISS    KAP*FIS   FISS. SPCTR
       1     0.234695  1.420283   0.016170    0.029789   0.006193   0.000000  1.000000
       2     0.873850  0.381454   0.152942    0.155141   0.168689   0.000000  0.000000
   --SCATTERING MATRIX--
     G/G'          1          2
      1        0.520833    0.013619
      2        0.002199    1.306930

     MATERIAL 19
    GROUP   TRANSPORT  DIFFUSION  ABSORPTION  REMOVAL    NU*FISS    KAP*FIS   FISS. SPCTR
       1     0.234714  1.420168   0.016331    0.029896   0.005899   0.000000  1.000000
       2     0.884962  0.376664   0.151976    0.154145   0.164038   0.000000  0.000000
   --SCATTERING MATRIX--
     G/G'          1          2
      1        0.521501    0.013565
      2        0.002169    1.309420

     MATERIAL 20
    GROUP   TRANSPORT  DIFFUSION  ABSORPTION  REMOVAL    NU*FISS    KAP*FIS   FISS. SPCTR
       1     0.234896  1.419068   0.016595    0.030108   0.005365   0.000000  1.000000
       2     0.888244  0.375272   0.149124    0.151243   0.152796   0.000000  0.000000
   --SCATTERING MATRIX--
     G/G'          1          2
      1        0.522690    0.013512
      2        0.002119    1.312450

     MATERIAL 21
    GROUP   TRANSPORT  DIFFUSION  ABSORPTION  REMOVAL    NU*FISS    KAP*FIS   FISS. SPCTR
       1     0.234783  1.419751   0.016665    0.030158   0.005247   0.000000  1.000000
       2     0.894907  0.372478   0.148362    0.150484   0.149704   0.000000  0.000000
   --SCATTERING MATRIX--
     G/G'          1          2
      1        0.522934    0.013493
      2        0.002122    1.312990

     MATERIAL 22
    GROUP   TRANSPORT  DIFFUSION  ABSORPTION  REMOVAL    NU*FISS    KAP*FIS   FISS. SPCTR
       1     0.235069  1.418023   0.016719    0.030210   0.005133   0.000000  1.000000
       2     0.895411  0.372269   0.147265    0.149379   0.146659   0.000000  0.000000
   --SCATTERING MATRIX--
     G/G'          1          2
      1        0.523230    0.013490
      2        0.002114    1.314370

     MATERIAL 23
    GROUP   TRANSPORT  DIFFUSION  ABSORPTION  REMOVAL    NU*FISS    KAP*FIS   FISS. SPCTR
       1     0.234908  1.418995   0.015822    0.029639   0.007652   0.000000  1.000000
       2     0.855500  0.389636   0.154259    0.156486   0.170693   0.000000  0.000000
   --SCATTERING MATRIX--
     G/G'          1          2
      1        0.518746    0.013817
      2        0.002227    1.293360

     MATERIAL 24
    GROUP   TRANSPORT  DIFFUSION  ABSORPTION  REMOVAL    NU*FISS    KAP*FIS   FISS. SPCTR
       1     0.234623  1.420719   0.016318    0.029790   0.006324   0.000000  1.000000
       2     0.880177  0.378712   0.156871    0.159132   0.175038   0.000000  0.000000
   --SCATTERING MATRIX--
     G/G'          1          2
      1        0.520700    0.013473
      2        0.002261    1.305900

     MATERIAL 25
    GROUP   TRANSPORT  DIFFUSION  ABSORPTION  REMOVAL    NU*FISS    KAP*FIS   FISS. SPCTR
       1     0.235039  1.418204   0.016772    0.030159   0.005361   0.000000  1.000000
       2     0.890765  0.374210   0.151366    0.153524   0.154621   0.000000  0.000000
   --SCATTERING MATRIX--
     G/G'          1          2
      1        0.522934    0.013387
      2        0.002158    1.312570

     MATERIAL 26
    GROUP   TRANSPORT  DIFFUSION  ABSORPTION  REMOVAL    NU*FISS    KAP*FIS   FISS. SPCTR
       1     0.252078  1.322342   0.002289    0.030717   0.000000   0.000000  0.000000
       2     1.328790  0.250855   0.037971    0.038654   0.000000   0.000000  0.000000
   --SCATTERING MATRIX--
     G/G'          1          2
      1        0.628598    0.028428
      2        0.000683    1.984250

     MATERIAL 27
    GROUP   TRANSPORT  DIFFUSION  ABSORPTION  REMOVAL    NU*FISS    KAP*FIS   FISS. SPCTR
       1     0.171190  1.947154   0.001003    0.044566   0.000000   0.000000  0.000000
       2     1.361740  0.244785   0.029982    0.030437   0.000000   0.000000  0.000000
   --SCATTERING MATRIX--
     G/G'          1          2
      1        0.666798    0.043563
      2        0.000454    2.086450

  ...Macroscopic CX Card is successfully read...


            >>>>>READING CORE GEOMETRY<<<<<
            -------------------------------
  Number of assembly in x, y and z directions respectively :
           9           9           2
  Number of nodes in x, y and z directions respectively :
          17          17           2

  x-directed nodes division (delta-x)
    10.71  10.71  10.71  10.71  10.71  10.71  10.71  10.71  10.71  10.71
    10.71  10.71  10.71  10.71  10.71  10.71  10.71
  y-directed nodes division (delta-y)
    10.71  10.71  10.71  10.71  10.71  10.71  10.71  10.71  10.71  10.71
    10.71  10.71  10.71  10.71  10.71  10.71  10.71

   Planar Region :  1
        1  2  3  4  5  6  7  8  9 10 11 12 13 14 15 16 17
    17  26 26 26 26 26 26 26 26 26                        
    16  26 26 26 26 26 26 26 26 26                        
    15  4  8  8  17 17 9  9  26 26 26 26 26 26            
    14  4  8  8  17 17 9  9  26 26 26 26 26 26            
    13  23 12 12 23 23 15 15 18 18 10 10 26 26 26 26      
    12  23 12 12 23 23 15 15 18 18 10 10 26 26 26 26      
    11  16 20 20 16 16 24 24 7  7  15 15 10 10 26 26      
    10  16 20 20 16 16 24 24 7  7  15 15 10 10 26 26      
     9  25 1  1  3  3  1  1  22 22 7  7  18 18 26 26 26 26
     8  25 1  1  3  3  1  1  22 22 7  7  18 18 26 26 26 26
     7  7  13 13 1  1  14 14 1  1  24 24 15 15 9  9  26 26
     6  7  13 13 1  1  14 14 1  1  24 24 15 15 9  9  26 26
     5  19 10 10 19 19 1  1  3  3  16 16 23 23 17 17 26 26
     4  19 10 10 19 19 1  1  3  3  16 16 23 23 17 17 26 26
     3  1  2  2  10 10 13 13 1  1  20 20 12 12 8  8  26 26
     2  1  2  2  10 10 13 13 1  1  20 20 12 12 8  8  26 26
     1  21 1  1  19 19 7  7  25 25 16 16 23 23 4  4  26 26

  Planar Region Assignment to planes.
 --------------------------------------
   Plane Number     Planar Region    delta-z
        2 (TOP)            1          21.42
        1 (BOTTOM)         1          21.42

   Boundary conditions
  X-directed West   : REFLECTIVE
  X-directed East   : ZERO FLUX
  Y-directed North  : ZERO FLUX
  Y-directed South  : REFLECTIVE
  Z-directed Bottom : REFLECTIVE
  Z-directed Top    : REFLECTIVE

  ...Core geometry is successfully read...


          >>>>>READING ASSEMBLY DISCONTINUITY FACTOR<<<<<
          -----------------------------------------------

  ADF VALUES ON PLANAR NUMBER :   1

    GROUP :   1

   EAST ADF
           1       2       3       4       5       6       7       8       9
     9  1.2273  1.2273  1.2273  1.2273  1.2273                                
     8  1.0022  1.0005  0.9865  1.0005  1.2273  1.2273  1.2273                
     7  1.0692  1.0010  1.0692  0.9981  1.0644  1.0019  1.2273  1.2273        
     6  0.9905  1.0675  0.9905  1.0639  1.0085  0.9981  1.0019  1.2273        
     5  1.0672  1.0082  0.9999  1.0082  1.0679  1.0085  1.0644  1.2273  1.2273
     4  1.0085  0.9879  1.0082  0.9889  1.0082  1.0639  0.9981  1.0005  1.2273
     3  1.0642  1.0019  1.0642  1.0082  0.9999  0.9905  1.0692  0.9865  1.2273
     2  1.0082  1.0012  1.0019  0.9879  1.0082  1.0675  1.0010  1.0005  1.2273
     1  1.0675  1.0082  1.0642  1.0085  1.0672  0.9905  1.0692  1.0022  1.2273
   WEST ADF
           1       2       3       4       5       6       7       8       9
     9  1.2273  1.2273  1.2273  1.2273  1.2273                                
     8  1.0022  1.0005  0.9865  1.0005  1.2273  1.2273  1.2273                
     7  1.0692  1.0010  1.0692  0.9981  1.0644  1.0019  1.2273  1.2273        
     6  0.9905  1.0675  0.9905  1.0639  1.0085  0.9981  1.0019  1.2273        
     5  1.0672  1.0082  0.9999  1.0082  1.0679  1.0085  1.0644  1.2273  1.2273
     4  1.0085  0.9879  1.0082  0.9889  1.0082  1.0639  0.9981  1.0005  1.2273
     3  1.0642  1.0019  1.0642  1.0082  0.9999  0.9905  1.0692  0.9865  1.2273
     2  1.0082  1.0012  1.0019  0.9879  1.0082  1.0675  1.0010  1.0005  1.2273
     1  1.0675  1.0082  1.0642  1.0085  1.0672  0.9905  1.0692  1.0022  1.2273
   NORTH ADF
           1       2       3       4       5       6       7       8       9
     9  1.2273  1.2273  1.2273  1.2273  1.2273                                
     8  1.0022  1.0005  0.9865  1.0005  1.2273  1.2273  1.2273                
     7  1.0692  1.0010  1.0692  0.9981  1.0644  1.0019  1.2273  1.2273        
     6  0.9905  1.0675  0.9905  1.0639  1.0085  0.9981  1.0019  1.2273        
     5  1.0672  1.0082  0.9999  1.0082  1.0679  1.0085  1.0644  1.2273  1.2273
     4  1.0085  0.9879  1.0082  0.9889  1.0082  1.0639  0.9981  1.0005  1.2273
     3  1.0642  1.0019  1.0642  1.0082  0.9999  0.9905  1.0692  0.9865  1.2273
     2  1.0082  1.0012  1.0019  0.9879  1.0082  1.0675  1.0010  1.0005  1.2273
     1  1.0675  1.0082  1.0642  1.0085  1.0672  0.9905  1.0692  1.0022  1.2273
   SOUTH ADF
           1       2       3       4       5       6       7       8       9
     9  1.2273  1.2273  1.2273  1.2273  1.2273                                
     8  1.0022  1.0005  0.9865  1.0005  1.2273  1.2273  1.2273                
     7  1.0692  1.0010  1.0692  0.9981  1.0644  1.0019  1.2273  1.2273        
     6  0.9905  1.0675  0.9905  1.0639  1.0085  0.9981  1.0019  1.2273        
     5  1.0672  1.0082  0.9999  1.0082  1.0679  1.0085  1.0644  1.2273  1.2273
     4  1.0085  0.9879  1.0082  0.9889  1.0082  1.0639  0.9981  1.0005  1.2273
     3  1.0642  1.0019  1.0642  1.0082  0.9999  0.9905  1.0692  0.9865  1.2273
     2  1.0082  1.0012  1.0019  0.9879  1.0082  1.0675  1.0010  1.0005  1.2273
     1  1.0675  1.0082  1.0642  1.0085  1.0672  0.9905  1.0692  1.0022  1.2273
   TOP ADF
           1       2       3       4       5       6       7       8       9
     9  1.0000  1.0000  1.0000  1.0000  1.0000                                
     8  1.0000  1.0000  1.0000  1.0000  1.0000  1.0000  1.0000                
     7  1.0000  1.0000  1.0000  1.0000  1.0000  1.0000  1.0000  1.0000        
     6  1.0000  1.0000  1.0000  1.0000  1.0000  1.0000  1.0000  1.0000        
     5  1.0000  1.0000  1.0000  1.0000  1.0000  1.0000  1.0000  1.0000  1.0000
     4  1.0000  1.0000  1.0000  1.0000  1.0000  1.0000  1.0000  1.0000  1.0000
     3  1.0000  1.0000  1.0000  1.0000  1.0000  1.0000  1.0000  1.0000  1.0000
     2  1.0000  1.0000  1.0000  1.0000  1.0000  1.0000  1.0000  1.0000  1.0000
     1  1.0000  1.0000  1.0000  1.0000  1.0000  1.0000  1.0000  1.0000  1.0000
   BOTTOM ADF
           1       2       3       4       5       6       7       8       9
     9  1.0000  1.0000  1.0000  1.0000  1.0000                                
     8  1.0000  1.0000  1.0000  1.0000  1.0000  1.0000  1.0000                
     7  1.0000  1.0000  1.0000  1.0000  1.0000  1.0000  1.0000  1.0000        
     6  1.0000  1.0000  1.0000  1.0000  1.0000  1.0000  1.0000  1.0000        
     5  1.0000  1.0000  1.0000  1.0000  1.0000  1.0000  1.0000  1.0000  1.0000
     4  1.0000  1.0000  1.0000  1.0000  1.0000  1.0000  1.0000  1.0000  1.0000
     3  1.0000  1.0000  1.0000  1.0000  1.0000  1.0000  1.0000  1.0000  1.0000
     2  1.0000  1.0000  1.0000  1.0000  1.0000  1.0000  1.0000  1.0000  1.0000
     1  1.0000  1.0000  1.0000  1.0000  1.0000  1.0000  1.0000  1.0000  1.0000


    GROUP :   2

   EAST ADF
           1       2       3       4       5       6       7       8       9
     9  0.2400  0.2400  0.2400  0.2400  0.2400                                
     8  0.9527  0.9676  1.1761  0.9636  0.2400  0.2400  0.2400                
     7  1.4248  1.3301  1.4248  1.3706  1.3747  0.9504  0.2400  0.2400        
     6  1.2600  1.3633  1.2600  1.3750  1.0266  1.3706  0.9504  0.2400        
     5  1.3600  1.0276  0.9587  1.0276  1.3599  1.0266  1.3747  0.2400  0.2400
     4  1.0266  1.1814  1.0276  1.1256  1.0276  1.3750  1.3706  0.9636  0.2400
     3  1.3738  0.9504  1.3738  1.0276  0.9587  1.2600  1.4248  1.1761  0.2400
     2  1.0276  0.9656  0.9504  1.1814  1.0276  1.3633  1.3301  0.9676  0.2400
     1  1.3621  1.0276  1.3738  1.0266  1.3600  1.2600  1.4248  0.9527  0.2400
   WEST ADF
           1       2       3       4       5       6       7       8       9
     9  0.2400  0.2400  0.2400  0.2400  0.2400                                
     8  0.9527  0.9676  1.1761  0.9636  0.2400  0.2400  0.2400                
     7  1.4248  1.3301  1.4248  1.3706  1.3747  0.9504  0.2400  0.2400        
     6  1.2600  1.3633  1.2600  1.3750  1.0266  1.3706  0.9504  0.2400        
     5  1.3600  1.0276  0.9587  1.0276  1.3599  1.0266  1.3747  0.2400  0.2400
     4  1.0266  1.1814  1.0276  1.1256  1.0276  1.3750  1.3706  0.9636  0.2400
     3  1.3738  0.9504  1.3738  1.0276  0.9587  1.2600  1.4248  1.1761  0.2400
     2  1.0276  0.9656  0.9504  1.1814  1.0276  1.3633  1.3301  0.9676  0.2400
     1  1.3621  1.0276  1.3738  1.0266  1.3600  1.2600  1.4248  0.9527  0.2400
   NORTH ADF
           1       2       3       4       5       6       7       8       9
     9  0.2400  0.2400  0.2400  0.2400  0.2400                                
     8  0.9527  0.9676  1.1761  0.9636  0.2400  0.2400  0.2400                
     7  1.4248  1.3301  1.4248  1.3706  1.3747  0.9504  0.2400  0.2400        
     6  1.2600  1.3633  1.2600  1.3750  1.0266  1.3706  0.9504  0.2400        
     5  1.3600  1.0276  0.9587  1.0276  1.3599  1.0266  1.3747  0.2400  0.2400
     4  1.0266  1.1814  1.0276  1.1256  1.0276  1.3750  1.3706  0.9636  0.2400
     3  1.3738  0.9504  1.3738  1.0276  0.9587  1.2600  1.4248  1.1761  0.2400
     2  1.0276  0.9656  0.9504  1.1814  1.0276  1.3633  1.3301  0.9676  0.2400
     1  1.3621  1.0276  1.3738  1.0266  1.3600  1.2600  1.4248  0.9527  0.2400
   SOUTH ADF
           1       2       3       4       5       6       7       8       9
     9  0.2400  0.2400  0.2400  0.2400  0.2400                                
     8  0.9527  0.9676  1.1761  0.9636  0.2400  0.2400  0.2400                
     7  1.4248  1.3301  1.4248  1.3706  1.3747  0.9504  0.2400  0.2400        
     6  1.2600  1.3633  1.2600  1.3750  1.0266  1.3706  0.9504  0.2400        
     5  1.3600  1.0276  0.9587  1.0276  1.3599  1.0266  1.3747  0.2400  0.2400
     4  1.0266  1.1814  1.0276  1.1256  1.0276  1.3750  1.3706  0.9636  0.2400
     3  1.3738  0.9504  1.3738  1.0276  0.9587  1.2600  1.4248  1.1761  0.2400
     2  1.0276  0.9656  0.9504  1.1814  1.0276  1.3633  1.3301  0.9676  0.2400
     1  1.3621  1.0276  1.3738  1.0266  1.3600  1.2600  1.4248  0.9527  0.2400
   TOP ADF
           1       2       3       4       5       6       7       8       9
     9  1.0000  1.0000  1.0000  1.0000  1.0000                                
     8  1.0000  1.0000  1.0000  1.0000  1.0000  1.0000  1.0000                
     7  1.0000  1.0000  1.0000  1.0000  1.0000  1.0000  1.0000  1.0000        
     6  1.0000  1.0000  1.0000  1.0000  1.0000  1.0000  1.0000  1.0000        
     5  1.0000  1.0000  1.0000  1.0000  1.0000  1.0000  1.0000  1.0000  1.0000
     4  1.0000  1.0000  1.0000  1.0000  1.0000  1.0000  1.0000  1.0000  1.0000
     3  1.0000  1.0000  1.0000  1.0000  1.0000  1.0000  1.0000  1.0000  1.0000
     2  1.0000  1.0000  1.0000  1.0000  1.0000  1.0000  1.0000  1.0000  1.0000
     1  1.0000  1.0000  1.0000  1.0000  1.0000  1.0000  1.0000  1.0000  1.0000
   BOTTOM ADF
           1       2       3       4       5       6       7       8       9
     9  1.0000  1.0000  1.0000  1.0000  1.0000                                
     8  1.0000  1.0000  1.0000  1.0000  1.0000  1.0000  1.0000                
     7  1.0000  1.0000  1.0000  1.0000  1.0000  1.0000  1.0000  1.0000        
     6  1.0000  1.0000  1.0000  1.0000  1.0000  1.0000  1.0000  1.0000        
     5  1.0000  1.0000  1.0000  1.0000  1.0000  1.0000  1.0000  1.0000  1.0000
     4  1.0000  1.0000  1.0000  1.0000  1.0000  1.0000  1.0000  1.0000  1.0000
     3  1.0000  1.0000  1.0000  1.0000  1.0000  1.0000  1.0000  1.0000  1.0000
     2  1.0000  1.0000  1.0000  1.0000  1.0000  1.0000  1.0000  1.0000  1.0000
     1  1.0000  1.0000  1.0000  1.0000  1.0000  1.0000  1.0000  1.0000  1.0000

   ...Assembly Discontinuity Factors are successfully read...


  ************************  STOP READING INPUT  ********************************


  ==============================================================================
                           CALCULATION RESULTS
  ==============================================================================

  Itr     k-eff     Fis.Src Error   Inner Error
 ----------------------------------------------------
    1     0.946176    5.48952E-01    3.03283E+01
    2     0.950420    2.40038E-01    3.81947E+00
    3     0.955517    1.31965E-01    1.43064E+00
    4     0.958649    8.49881E-02    2.73764E-01
     ...FISSION SOURCE EXTRAPOLATED...
    5     0.980720    1.44524E+00    9.85542E-02
    6     0.978804    1.82333E-01    1.03908E+00
    7     0.977816    8.92854E-02    8.19512E-01
    8     0.977725    7.89861E-02    1.91407E-01
    9     0.977899    7.40581E-02    8.28360E-02
     ...FISSION SOURCE EXTRAPOLATED...
   10     0.981268    2.25606E+00    7.15653E-02
   11     0.982029    1.12349E-01    1.71726E+00
   12     0.982728    7.86439E-02    3.03379E-01
   13     0.983188    5.85127E-02    7.37955E-02
   14     0.983521    4.56810E-02    5.25896E-02
     ...FISSION SOURCE EXTRAPOLATED...
     .....NODAL COUPLING UPDATED..... 
MAX. CHANGE IN NODAL COUPLING COEF.=  6.79807E-02 AT NODE I =  8, J = 17, K =  1
   15     0.985614    3.74385E-01    4.31829E-02
   16     0.982983    8.82693E-02    3.59119E-01
   17     0.982303    5.83797E-02    2.24675E-01
   18     0.982126    3.86563E-02    6.73804E-02
   19     0.982109    2.96394E-02    4.05440E-02
     ...FISSION SOURCE EXTRAPOLATED...
   20     0.982271    1.59894E-01    2.86845E-02
   21     0.982388    1.34636E-02    1.26055E-01
   22     0.982512    1.25046E-02    7.23545E-02
   23     0.982583    1.12278E-02    1.64991E-02
   24     0.982640    9.84220E-03    1.16266E-02
     ...FISSION SOURCE EXTRAPOLATED...
   25     0.983368    1.39074E-01    9.75005E-03
   26     0.983351    9.48396E-03    1.20262E-01
   27     0.983314    8.32430E-03    1.14993E-01
   28     0.983313    6.07165E-03    1.54271E-02
   29     0.983309    4.58324E-03    5.71268E-03
     ...FISSION SOURCE EXTRAPOLATED...
     .....NODAL COUPLING UPDATED..... 
MAX. CHANGE IN NODAL COUPLING COEF.=  3.94904E-02 AT NODE I =  9, J = 17, K =  1
   30     0.983300    2.39896E-02    4.14101E-03
   31     0.983228    4.04339E-03    3.59006E-02
   32     0.983222    2.50168E-03    1.45090E-02
   33     0.983225    1.84145E-03    2.66501E-03
   34     0.983231    1.43025E-03    1.70408E-03
     ...FISSION SOURCE EXTRAPOLATED...
   35     0.983309    1.48560E-02    1.36267E-03
   36     0.983312    1.99876E-03    1.22895E-02
   37     0.983308    1.76471E-03    1.15829E-02
   38     0.983308    1.34889E-03    1.72852E-03
   39     0.983308    1.02557E-03    1.14455E-03
     ...FISSION SOURCE EXTRAPOLATED...
   40     0.983310    5.65571E-03    8.92392E-04
   41     0.983311    5.55798E-04    4.37117E-03
   42     0.983313    4.11801E-04    1.05312E-03
   43     0.983314    3.13528E-04    3.72883E-04
   44     0.983315    2.53950E-04    2.84944E-04
     ...FISSION SOURCE EXTRAPOLATED...
     .....NODAL COUPLING UPDATED..... 
MAX. CHANGE IN NODAL COUPLING COEF.=  1.94663E-02 AT NODE I =  9, J = 17, K =  2
   45     0.983328    2.58401E-03    2.38833E-04
   46     0.983324    5.12085E-04    1.72248E-02
   47     0.983323    3.86432E-04    1.30394E-03
   48     0.983323    2.87385E-04    3.44905E-04
   49     0.983323    2.22407E-04    2.56395E-04
     ...FISSION SOURCE EXTRAPOLATED...
   50     0.983324    1.39239E-03    2.00585E-04
   51     0.983324    1.57898E-04    1.08461E-03
   52     0.983325    1.15386E-04    4.14963E-04
   53     0.983325    8.63308E-05    1.00964E-04
   54     0.983325    6.62394E-05    7.63309E-05
     ...FISSION SOURCE EXTRAPOLATED...
   55     0.983328    5.68336E-04    6.39157E-05
   56     0.983328    1.04550E-04    4.62109E-04
   57     0.983328    8.50341E-05    4.32502E-04
   58     0.983328    6.24200E-05    6.99852E-05
   59     0.983328    4.61112E-05    5.00242E-05
     ...FISSION SOURCE EXTRAPOLATED...
     .....NODAL COUPLING UPDATED..... 
MAX. CHANGE IN NODAL COUPLING COEF.=  8.45267E-03 AT NODE I = 17, J =  9, K =  2
   60     0.983328    2.93002E-04    3.90648E-05
   61     0.983327    9.11808E-05    4.93517E-03
   62     0.983327    3.30506E-05    4.39323E-04
   63     0.983327    2.11761E-05    5.91830E-05
   64     0.983328    1.34474E-05    1.44847E-05
     ...FISSION SOURCE EXTRAPOLATED...
   65     0.983328    1.17773E-04    1.25108E-05
   66     0.983328    2.98069E-05    9.98844E-05
   67     0.983328    2.35659E-05    9.28426E-05
   68     0.983328    1.70829E-05    1.76956E-05
   69     0.983328    1.25561E-05    1.34888E-05
     ...FISSION SOURCE EXTRAPOLATED...
   70     0.983328    7.74740E-05    1.06493E-05
   71     0.983328    9.67010E-06    5.92403E-05
   72     0.983328    6.97722E-06    1.59275E-05
   73     0.983328    4.73936E-06    4.82093E-06

  MULTIPLICATION EFFECTIVE (K-EFF) =  0.983328


     Radial Power Distribution
   ==============================
           1       2       3       4       5       6       7       8       9
     9                                                                        
     8   0.196   0.253   0.192   0.176                                        
     7   0.289   0.469   0.322   0.431   0.181   0.178                        
     6   0.659   0.441   0.976   0.518   0.687   0.533   0.178                
     5   0.727   1.847   1.946   1.695   0.497   0.687   0.181                
     4   2.187   2.089   2.473   1.846   1.695   0.518   0.431   0.176        
     3   1.137   1.769   1.156   2.473   1.946   0.976   0.322   0.192        
     2   2.421   2.323   1.769   2.089   1.847   0.441   0.469   0.253        
     1   1.122   2.421   1.137   2.187   0.727   0.659   0.289   0.196        

   MAX POS.       Maximum Value
  (  3,  4)          2.473


     Axial Power Density Distribution
   ====================================

     Plane Number        Power      Height
    -----------------------------------------
         2  (TOP)        1.000       42.84
         1  (BOTTOM)     1.000       21.42

   MAX POS.       Maximum Value
    (  2)             1.000


     Radial Flux Distribution
   ==============================
    Group :   1
             1          2          3          4          5          6          7          8          9
     9   4.110E-04  4.420E-04  3.925E-04  2.792E-04  6.309E-05                                             
     8   3.606E-03  4.163E-03  3.618E-03  2.959E-03  6.831E-04  2.826E-04  6.334E-05                       
     7   6.010E-03  7.874E-03  6.742E-03  7.186E-03  4.114E-03  3.277E-03  6.723E-04  6.334E-05            
     6   1.172E-02  1.144E-02  1.719E-02  1.166E-02  1.050E-02  8.694E-03  3.277E-03  2.826E-04            
     5   1.843E-02  2.862E-02  3.287E-02  2.617E-02  1.289E-02  1.050E-02  4.114E-03  6.831E-04  6.309E-05 
     4   3.349E-02  3.725E-02  3.839E-02  3.503E-02  2.617E-02  1.166E-02  7.186E-03  2.959E-03  2.792E-04 
     3   2.623E-02  3.183E-02  2.664E-02  3.839E-02  3.287E-02  1.719E-02  6.742E-03  3.618E-03  3.925E-04 
     2   3.705E-02  3.764E-02  3.183E-02  3.725E-02  2.862E-02  1.144E-02  7.874E-03  4.163E-03  4.420E-04 
     1   2.842E-02  3.705E-02  2.623E-02  3.349E-02  1.843E-02  1.172E-02  6.010E-03  3.606E-03  4.110E-04 

    Group :   2
             1          2          3          4          5          6          7          8          9
     9   2.663E-03  2.815E-03  2.406E-03  1.771E-03  4.393E-04                                             
     8   4.472E-03  4.659E-03  2.550E-03  3.290E-03  4.267E-03  1.808E-03  4.416E-04                       
     7   4.301E-03  4.089E-03  4.768E-03  3.557E-03  3.074E-03  3.793E-03  4.265E-03  4.416E-04            
     6   6.877E-03  8.586E-03  1.023E-02  8.447E-03  1.185E-02  4.425E-03  3.793E-03  1.808E-03            
     5   1.415E-02  3.396E-02  4.009E-02  3.120E-02  1.034E-02  1.185E-02  3.074E-03  4.267E-03  4.393E-04 
     4   3.767E-02  2.546E-02  4.544E-02  2.786E-02  3.120E-02  8.447E-03  3.557E-03  3.290E-03  1.771E-03 
     3   2.033E-02  3.779E-02  2.068E-02  4.544E-02  4.009E-02  1.023E-02  4.768E-03  2.550E-03  2.406E-03 
     2   4.468E-02  4.577E-02  3.779E-02  2.546E-02  3.396E-02  8.586E-03  4.089E-03  4.659E-03  2.815E-03 
     1   2.279E-02  4.468E-02  2.033E-02  3.767E-02  1.415E-02  6.877E-03  4.301E-03  4.472E-03  2.663E-03 



  CPU time breakdown in seconds
    Input reading time   :    0.0142  (32.0%)
    XSEC processing time :    0.0001  ( 0.2%)
    CMFD time            :    0.0142  (32.1%)
    Nodal update time    :    0.0158  (35.7%)
    T-H time             :    0.0000  ( 0.0%)
    ------------------------------------------
    Total time           :    0.0442
