           ###########################################################
           #                     ADPRES 1.2                          #
           #        ABU DHABI POLYTECHNIC REACTOR SIMULATOR          #
           ###########################################################


  =============================INPUT DATA STARTS HERE===========================
     1: ! NOX-MOX REACTOR PROBLEM                                                                           
     2:                                                                                                     
     3:                                                                                                     
     4: %MODE                                                                                               
     5: FORWARD                                                                                             
     6: %CASE                                                                                               
     7: UOX-MOX                                                                                             
     8: PROBLEM TEST                                                                                        
     9: %XSEC                                                                                               
    10: 2  26    ! Number of groups and number of materials                                                 
    11: ! sigtr           siga        nu*sigf     kap*sigf       chi         sigs_g1       sigs_g2          
    12:   2.42628E-01  9.94228E-03  7.62589E-03  9.88973E-14  1.00000E+00  5.30344E-01  1.74866E-02         
    13:   8.79010E-01  1.18334E-01  1.57892E-01  2.10180E-12  0.00000E+00  0.00000E+00  1.35558E+00  !MAT  1
    14:   2.40542E-01  1.03909E-02  6.39660E-03  8.10545E-14  1.00000E+00  5.30226E-01  1.70733E-02         
    15:   9.03889E-01  1.16488E-01  1.61268E-01  2.05038E-12  0.00000E+00  0.00000E+00  1.37062E+00  !MAT  2
    16:   2.39594E-01  1.05744E-02  6.08059E-03  7.65910E-14  1.00000E+00  5.30861E-01  1.70480E-02         
    17:   9.07752E-01  1.15171E-01  1.56260E-01  1.96985E-12  0.00000E+00  0.00000E+00  1.37277E+00  !MAT  3
    18:   2.37615E-01  1.08959E-02  5.50317E-03  6.85255E-14  1.00000E+00  5.32146E-01  1.70564E-02         
    19:   9.13842E-01  1.11650E-01  1.44055E-01  1.78878E-12  0.00000E+00  0.00000E+00  1.37615E+00  !MAT  4
    20:   2.37110E-01  1.09687E-02  5.37044E-03  6.66874E-14  1.00000E+00  5.32461E-01  1.70660E-02         
    21:   9.15128E-01  1.10633E-01  1.40796E-01  1.74224E-12  0.00000E+00  0.00000E+00  1.37687E+00  !MAT  5
    22:   2.36594E-01  1.10387E-02  5.24249E-03  6.49213E-14  1.00000E+00  5.32735E-01  1.70776E-02         
    23:   9.16344E-01  1.09587E-01  1.37521E-01  1.69596E-12  0.00000E+00  0.00000E+00  1.37755E+00  !MAT  6
    24:   2.42850E-01  1.00974E-02  7.96089E-03  1.03335E-13  1.00000E+00  5.29572E-01  1.72761E-02         
    25:   8.77593E-01  1.22496E-01  1.66723E-01  2.21942E-12  0.00000E+00  0.00000E+00  1.35448E+00  !MAT  7
    26:   2.40811E-01  1.05022E-02  6.70231E-03  8.51295E-14  1.00000E+00  5.29615E-01  1.69166E-02         
    27:   9.01786E-01  1.20673E-01  1.69672E-01  2.16299E-12  0.00000E+00  0.00000E+00  1.36903E+00  !MAT  8
    28:   2.40364E-01  1.05895E-02  6.53620E-03  8.27830E-14  1.00000E+00  5.29923E-01  1.69018E-02         
    29:   9.03833E-01  1.20028E-01  1.67314E-01  2.12402E-12  0.00000E+00  0.00000E+00  1.37019E+00  !MAT  9
    30:   2.38011E-01  1.09752E-02  5.77059E-03  7.20788E-14  1.00000E+00  5.31479E-01  1.69098E-02         
    31:   9.11882E-01  1.15670E-01  1.52273E-01  1.89758E-12  0.00000E+00  0.00000E+00  1.37467E+00  !MAT 10
    32:   2.37023E-01  1.11095E-02  5.49420E-03  6.82594E-14  1.00000E+00  5.32098E-01  1.69338E-02         
    33:   9.14453E-01  1.13515E-01  1.45519E-01  1.80135E-12  0.00000E+00  0.00000E+00  1.37613E+00  !MAT 11
    34:   2.42172E-01  1.15996E-02  8.33977E-03  9.89194E-14  1.00000E+00  5.21033E-01  1.50023E-02         
    35:   9.06462E-01  2.51194E-01  3.67816E-01  4.34691E-12  0.00000E+00  0.00000E+00  1.31985E+00  !MAT 12
    36:   2.40535E-01  1.22430E-02  7.04385E-03  8.34796E-14  1.00000E+00  5.24500E-01  1.48329E-02         
    37:   9.03729E-01  1.92891E-01  2.73756E-01  3.22866E-12  0.00000E+00  0.00000E+00  1.32118E+00  !MAT 13
    38:   2.39156E-01  1.25635E-02  6.29380E-03  7.45469E-14  1.00000E+00  5.26342E-01  1.48696E-02         
    39:   9.02742E-01  1.64843E-01  2.24266E-01  2.64012E-12  0.00000E+00  0.00000E+00  1.32278E+00  !MAT 14
    40:   2.42178E-01  1.17871E-02  8.72688E-03  1.03419E-13  1.00000E+00  5.20474E-01  1.48126E-02         
    41:   9.08432E-01  2.59823E-01  3.83999E-01  4.53755E-12  0.00000E+00  0.00000E+00  1.32091E+00  !MAT 15
    42:   2.40854E-01  1.23192E-02  7.69412E-03  9.11290E-14  1.00000E+00  5.23279E-01  1.46595E-02         
    43:   9.05341E-01  2.15772E-01  3.10884E-01  3.66854E-12  0.00000E+00  0.00000E+00  1.32041E+00  !MAT 16
    44:   2.39534E-01  1.26778E-02  6.78762E-03  8.03392E-14  1.00000E+00  5.25322E-01  1.46506E-02         
    45:   9.04104E-01  1.79663E-01  2.50662E-01  2.95217E-12  0.00000E+00  0.00000E+00  1.32215E+00  !MAT 17
    46:   2.31319E-01  1.60447E-02  6.21042E-03  7.85755E-14  1.00000E+00  5.20604E-01  1.34626E-02         
    47:   8.84772E-01  1.52033E-01  1.68974E-01  2.14574E-12  0.00000E+00  0.00000E+00  1.30658E+00  !MAT 18
    48:   2.30112E-01  1.61940E-02  5.91172E-03  7.43415E-14  1.00000E+00  5.20840E-01  1.34085E-02         
    49:   8.88279E-01  1.50903E-01  1.64057E-01  2.06556E-12  0.00000E+00  0.00000E+00  1.30854E+00  !MAT 19
    50:   2.27550E-01  1.64514E-02  5.36925E-03  6.67270E-14  1.00000E+00  5.21144E-01  1.33409E-02         
    51:   8.93661E-01  1.47406E-01  1.51743E-01  1.88206E-12  0.00000E+00  0.00000E+00  1.31176E+00  !MAT 20
    52:   2.26881E-01  1.65083E-02  5.24546E-03  6.50020E-14  1.00000E+00  5.21191E-01  1.33284E-02         
    53:   8.94766E-01  1.46358E-01  1.48419E-01  1.83450E-12  0.00000E+00  0.00000E+00  1.31245E+00  !MAT 21
    54:   2.26197E-01  1.65626E-02  5.12666E-03  6.33507E-14  1.00000E+00  5.21193E-01  1.33165E-02         
    55:   8.95795E-01  1.45268E-01  1.45069E-01  1.78710E-12  0.00000E+00  0.00000E+00  1.31312E+00  !MAT 22
    56:   2.34634E-01  1.57704E-02  7.67997E-03  9.95507E-14  1.00000E+00  5.20245E-01  1.36307E-02         
    57:   8.61541E-01  1.54373E-01  1.72919E-01  2.30188E-12  0.00000E+00  0.00000E+00  1.29329E+00  !MAT 23
    58:   2.31255E-01  1.61934E-02  6.34202E-03  8.02061E-14  1.00000E+00  5.20250E-01  1.33148E-02         
    59:   8.85156E-01  1.55992E-01  1.75430E-01  2.22434E-12  0.00000E+00  0.00000E+00  1.30604E+00  !MAT 24
    60:   2.26931E-01  1.66123E-02  5.36073E-03  6.64699E-14  1.00000E+00  5.20858E-01  1.32191E-02         
    61:   8.94518E-01  1.49519E-01  1.53407E-01  1.89687E-12  0.00000E+00  0.00000E+00  1.31168E+00  !MAT 25
    62:   3.01887E-01  2.42533E-03  0.00000E+00  0.00000E+00  0.00000E+00  6.40121E-01  2.75262E-02         
    63:   1.22567E+00  3.72376E-02  0.00000E+00  0.00000E+00  0.00000E+00  0.00000E+00  1.99026E+00  !MAT 26
    64:                                                                                                     
    65: %GEOM                                                                                               
    66: 9 9 2               !nx, ny, nz                                                                     
    67: 10.71  8*21.42      !x-direction assembly size in cm                                                
    68: 1  8*2              !x-direction assembly division                                                  
    69: 10.71  8*21.42      !y-direction assembly size in cm                                                
    70: 1  8*2              !y-direction assembly ddivision                                                 
    71: 2*10.71             !z-direction assembly size in cm                                                
    72: 1 1                 !z-direction assembly division                                                  
    73: 1                   !np number of planar type                                                       
    74: 1 1                 !planar assignment (from bottom to top)                                         
    75:                                                                                                     
    76: ! Planar_type_1                                                                                     
    77:  26 26 26 26 26  0  0  0  0                                                                         
    78:   4  8 17  9 26 26 26  0  0                                                                         
    79:  23 12 23 15 18 10 26 26  0                                                                         
    80:  16 20 16 24  7 15 10 26  0                                                                         
    81:  25  1  3  1 22  7 18 26 26                                                                         
    82:   7 13  1 14  1 24 15  9 26                                                                         
    83:  19 10 19  1  3 16 23 17 26                                                                         
    84:   1  2 10 13  1 20 12  8 26                                                                         
    85:  21  1 19  7 25 16 23  4 26                                                                         
    86:                                                                                                     
    87: ! Boundary conditions (east), (west), (north), (south), (bottom), (top)                             
    88: 0 2 0 2 2 2                                                                                         
    89:                                                                                                     
    90: %ADF                                                                                                
    91:   1.01079  1.01079  1.01079  1.01079  1.00000  1.00000                                              
    92:   1.00307  1.00307  1.00307  1.00307  1.00000  1.00000  !MAT  1 : u42u  0.15                        
    93:   1.00249  1.00249  1.00249  1.00249  1.00000  1.00000                                              
    94:   0.94632  0.94632  0.94632  0.94632  1.00000  1.00000  !MAT  2 : u42u 17.50                        
    95:   1.00219  1.00219  1.00219  1.00219  1.00000  1.00000                                              
    96:   0.94368  0.94368  0.94368  0.94368  1.00000  1.00000  !MAT  3 : u42u 22.50                        
    97:   1.00208  1.00208  1.00208  1.00208  1.00000  1.00000                                              
    98:   0.94181  0.94181  0.94181  0.94181  1.00000  1.00000  !MAT  4 : u42u 32.50                        
    99:   1.00210  1.00210  1.00210  1.00210  1.00000  1.00000                                              
   100:   0.94162  0.94162  0.94162  0.94162  1.00000  1.00000  !MAT  5 : u42u 35.00                        
   101:   1.00210  1.00210  1.00210  1.00210  1.00000  1.00000                                              
   102:   0.94150  0.94150  0.94150  0.94150  1.00000  1.00000  !MAT  6 : u42u 37.50                        
   103:   1.01036  1.01036  1.01036  1.01036  1.00000  1.00000                                              
   104:   1.00058  1.00058  1.00058  1.00058  1.00000  1.00000  !MAT  7 : u45u  0.15                        
   105:   1.00241  1.00241  1.00241  1.00241  1.00000  1.00000                                              
   106:   0.94603  0.94603  0.94603  0.94603  1.00000  1.00000  !MAT  8 : u45u 17.50                        
   107:   1.00220  1.00220  1.00220  1.00220  1.00000  1.00000                                              
   108:   0.94436  0.94436  0.94436  0.94436  1.00000  1.00000  !MAT  9 : u45u 20.00                        
   109:   1.00192  1.00192  1.00192  1.00192  1.00000  1.00000                                              
   110:   0.94103  0.94103  0.94103  0.94103  1.00000  1.00000  !MAT 10 : u45u 32.50                        
   111:   1.00193  1.00193  1.00193  1.00193  1.00000  1.00000                                              
   112:   0.94066  0.94066  0.94066  0.94066  1.00000  1.00000  !MAT 11 : u45u 37.50                        
   113:   1.00462  1.00462  1.00462  1.00462  1.00000  1.00000                                              
   114:   1.25708  1.25708  1.25708  1.25708  1.00000  1.00000  !MAT 12 : m40m  0.15                        
   115:   0.99607  0.99607  0.99607  0.99607  1.00000  1.00000                                              
   116:   1.13217  1.13217  1.13217  1.13217  1.00000  1.00000  !MAT 13 : m40m 22.50                        
   117:   0.99572  0.99572  0.99572  0.99572  1.00000  1.00000                                              
   118:   1.08069  1.08069  1.08069  1.08069  1.00000  1.00000  !MAT 14 : m40m 37.50                        
   119:   1.00346  1.00346  1.00346  1.00346  1.00000  1.00000                                              
   120:   1.29433  1.29433  1.29433  1.29433  1.00000  1.00000  !MAT 15 : m43m  0.15                        
   121:   0.99626  0.99626  0.99626  0.99626  1.00000  1.00000                                              
   122:   1.19983  1.19983  1.19983  1.19983  1.00000  1.00000  !MAT 16 : m43m 17.50                        
   123:   0.99438  0.99438  0.99438  0.99438  1.00000  1.00000                                              
   124:   1.12742  1.12742  1.12742  1.12742  1.00000  1.00000  !MAT 17 : m43m 35.00                        
   125:   1.05635  1.05635  1.05635  1.05635  1.00000  1.00000                                              
   126:   1.33443  1.33443  1.33443  1.33443  1.00000  1.00000  !MAT 18 : u42r 17.50                        
   127:   1.05615  1.05615  1.05615  1.05615  1.00000  1.00000                                              
   128:   1.33271  1.33271  1.33271  1.33271  1.00000  1.00000  !MAT 19 : u42r 22.50                        
   129:   1.05623  1.05623  1.05623  1.05623  1.00000  1.00000                                              
   130:   1.33209  1.33209  1.33209  1.33209  1.00000  1.00000  !MAT 20 : u42r 32.50                        
   131:   1.05629  1.05629  1.05629  1.05629  1.00000  1.00000                                              
   132:   1.33218  1.33218  1.33218  1.33218  1.00000  1.00000  !MAT 21 : u42r 35.00                        
   133:   1.05634  1.05634  1.05634  1.05634  1.00000  1.00000                                              
   134:   1.33231  1.33231  1.33231  1.33231  1.00000  1.00000  !MAT 22 : u42r 37.50                        
   135:   1.06288  1.06288  1.06288  1.06288  1.00000  1.00000                                              
   136:   1.38018  1.38018  1.38018  1.38018  1.00000  1.00000  !MAT 23 : u45r  0.15                        
   137:   1.05568  1.05568  1.05568  1.05568  1.00000  1.00000                                              
   138:   1.33250  1.33250  1.33250  1.33250  1.00000  1.00000  !MAT 24 : u45r 20.00                        
   139:   1.05580  1.05580  1.05580  1.05580  1.00000  1.00000                                              
   140:   1.33102  1.33102  1.33102  1.33102  1.00000  1.00000  !MAT 25 : u45r 37.50                        
   141:   1.17639  1.17639  1.17639  1.17639  1.00000  1.00000                                              
   142:   0.22755  0.22755  0.22755  0.22755  1.00000  1.00000  !MAT 26 : refl  0.00                        
   143:  0   ! ADF INPUTS END                                                                               
   144:  1                                                                                                  
   145:                                                                                                     
   146:                                                                                                     
  =============================INPUT DATA   ENDS HERE===========================



                              START READING INPUT
  ******************************************************************************
  CALCULATION MODE : FORWARD CALCULATION                                         

  CASE ID : UOX-MOX                                                                                             
  PROBLEM TEST                                                                                        


            >>>> READING MACROSCOPIC CROSS SECTIONS <<<<
            --------------------------------------------

     MATERIAL  1
    GROUP   TRANSPORT  DIFFUSION  ABSORPTION  REMOVAL    NU*FISS    KAP*FIS   FISS. SPCTR
       1     0.242628  1.373845   0.009942    0.027429   0.007626   0.000000  1.000000
       2     0.879010  0.379214   0.118334    0.118334   0.157892   0.000000  0.000000
   --SCATTERING MATRIX--
     G/G'          1          2
      1        0.530344    0.017487
      2        0.000000    1.355580

     MATERIAL  2
    GROUP   TRANSPORT  DIFFUSION  ABSORPTION  REMOVAL    NU*FISS    KAP*FIS   FISS. SPCTR
       1     0.240542  1.385759   0.010391    0.027464   0.006397   0.000000  1.000000
       2     0.903889  0.368777   0.116488    0.116488   0.161268   0.000000  0.000000
   --SCATTERING MATRIX--
     G/G'          1          2
      1        0.530226    0.017073
      2        0.000000    1.370620

     MATERIAL  3
    GROUP   TRANSPORT  DIFFUSION  ABSORPTION  REMOVAL    NU*FISS    KAP*FIS   FISS. SPCTR
       1     0.239594  1.391242   0.010574    0.027622   0.006081   0.000000  1.000000
       2     0.907752  0.367207   0.115171    0.115171   0.156260   0.000000  0.000000
   --SCATTERING MATRIX--
     G/G'          1          2
      1        0.530861    0.017048
      2        0.000000    1.372770

     MATERIAL  4
    GROUP   TRANSPORT  DIFFUSION  ABSORPTION  REMOVAL    NU*FISS    KAP*FIS   FISS. SPCTR
       1     0.237615  1.402830   0.010896    0.027952   0.005503   0.000000  1.000000
       2     0.913842  0.364760   0.111650    0.111650   0.144055   0.000000  0.000000
   --SCATTERING MATRIX--
     G/G'          1          2
      1        0.532146    0.017056
      2        0.000000    1.376150

     MATERIAL  5
    GROUP   TRANSPORT  DIFFUSION  ABSORPTION  REMOVAL    NU*FISS    KAP*FIS   FISS. SPCTR
       1     0.237110  1.405817   0.010969    0.028035   0.005370   0.000000  1.000000
       2     0.915128  0.364248   0.110633    0.110633   0.140796   0.000000  0.000000
   --SCATTERING MATRIX--
     G/G'          1          2
      1        0.532461    0.017066
      2        0.000000    1.376870

     MATERIAL  6
    GROUP   TRANSPORT  DIFFUSION  ABSORPTION  REMOVAL    NU*FISS    KAP*FIS   FISS. SPCTR
       1     0.236594  1.408883   0.011039    0.028116   0.005242   0.000000  1.000000
       2     0.916344  0.363764   0.109587    0.109587   0.137521   0.000000  0.000000
   --SCATTERING MATRIX--
     G/G'          1          2
      1        0.532735    0.017078
      2        0.000000    1.377550

     MATERIAL  7
    GROUP   TRANSPORT  DIFFUSION  ABSORPTION  REMOVAL    NU*FISS    KAP*FIS   FISS. SPCTR
       1     0.242850  1.372589   0.010097    0.027373   0.007961   0.000000  1.000000
       2     0.877593  0.379827   0.122496    0.122496   0.166723   0.000000  0.000000
   --SCATTERING MATRIX--
     G/G'          1          2
      1        0.529572    0.017276
      2        0.000000    1.354480

     MATERIAL  8
    GROUP   TRANSPORT  DIFFUSION  ABSORPTION  REMOVAL    NU*FISS    KAP*FIS   FISS. SPCTR
       1     0.240811  1.384211   0.010502    0.027419   0.006702   0.000000  1.000000
       2     0.901786  0.369637   0.120673    0.120673   0.169672   0.000000  0.000000
   --SCATTERING MATRIX--
     G/G'          1          2
      1        0.529615    0.016917
      2        0.000000    1.369030

     MATERIAL  9
    GROUP   TRANSPORT  DIFFUSION  ABSORPTION  REMOVAL    NU*FISS    KAP*FIS   FISS. SPCTR
       1     0.240364  1.386786   0.010589    0.027491   0.006536   0.000000  1.000000
       2     0.903833  0.368800   0.120028    0.120028   0.167314   0.000000  0.000000
   --SCATTERING MATRIX--
     G/G'          1          2
      1        0.529923    0.016902
      2        0.000000    1.370190

     MATERIAL 10
    GROUP   TRANSPORT  DIFFUSION  ABSORPTION  REMOVAL    NU*FISS    KAP*FIS   FISS. SPCTR
       1     0.238011  1.400495   0.010975    0.027885   0.005771   0.000000  1.000000
       2     0.911882  0.365544   0.115670    0.115670   0.152273   0.000000  0.000000
   --SCATTERING MATRIX--
     G/G'          1          2
      1        0.531479    0.016910
      2        0.000000    1.374670

     MATERIAL 11
    GROUP   TRANSPORT  DIFFUSION  ABSORPTION  REMOVAL    NU*FISS    KAP*FIS   FISS. SPCTR
       1     0.237023  1.406333   0.011109    0.028043   0.005494   0.000000  1.000000
       2     0.914453  0.364517   0.113515    0.113515   0.145519   0.000000  0.000000
   --SCATTERING MATRIX--
     G/G'          1          2
      1        0.532098    0.016934
      2        0.000000    1.376130

     MATERIAL 12
    GROUP   TRANSPORT  DIFFUSION  ABSORPTION  REMOVAL    NU*FISS    KAP*FIS   FISS. SPCTR
       1     0.242172  1.376432   0.011600    0.026602   0.008340   0.000000  1.000000
       2     0.906462  0.367730   0.251194    0.251194   0.367816   0.000000  0.000000
   --SCATTERING MATRIX--
     G/G'          1          2
      1        0.521033    0.015002
      2        0.000000    1.319850

     MATERIAL 13
    GROUP   TRANSPORT  DIFFUSION  ABSORPTION  REMOVAL    NU*FISS    KAP*FIS   FISS. SPCTR
       1     0.240535  1.385800   0.012243    0.027076   0.007044   0.000000  1.000000
       2     0.903729  0.368842   0.192891    0.192891   0.273756   0.000000  0.000000
   --SCATTERING MATRIX--
     G/G'          1          2
      1        0.524500    0.014833
      2        0.000000    1.321180

     MATERIAL 14
    GROUP   TRANSPORT  DIFFUSION  ABSORPTION  REMOVAL    NU*FISS    KAP*FIS   FISS. SPCTR
       1     0.239156  1.393790   0.012564    0.027433   0.006294   0.000000  1.000000
       2     0.902742  0.369245   0.164843    0.164843   0.224266   0.000000  0.000000
   --SCATTERING MATRIX--
     G/G'          1          2
      1        0.526342    0.014870
      2        0.000000    1.322780

     MATERIAL 15
    GROUP   TRANSPORT  DIFFUSION  ABSORPTION  REMOVAL    NU*FISS    KAP*FIS   FISS. SPCTR
       1     0.242178  1.376398   0.011787    0.026600   0.008727   0.000000  1.000000
       2     0.908432  0.366933   0.259823    0.259823   0.383999   0.000000  0.000000
   --SCATTERING MATRIX--
     G/G'          1          2
      1        0.520474    0.014813
      2        0.000000    1.320910

     MATERIAL 16
    GROUP   TRANSPORT  DIFFUSION  ABSORPTION  REMOVAL    NU*FISS    KAP*FIS   FISS. SPCTR
       1     0.240854  1.383964   0.012319    0.026979   0.007694   0.000000  1.000000
       2     0.905341  0.368185   0.215772    0.215772   0.310884   0.000000  0.000000
   --SCATTERING MATRIX--
     G/G'          1          2
      1        0.523279    0.014660
      2        0.000000    1.320410

     MATERIAL 17
    GROUP   TRANSPORT  DIFFUSION  ABSORPTION  REMOVAL    NU*FISS    KAP*FIS   FISS. SPCTR
       1     0.239534  1.391591   0.012678    0.027328   0.006788   0.000000  1.000000
       2     0.904104  0.368689   0.179663    0.179663   0.250662   0.000000  0.000000
   --SCATTERING MATRIX--
     G/G'          1          2
      1        0.525322    0.014651
      2        0.000000    1.322150

     MATERIAL 18
    GROUP   TRANSPORT  DIFFUSION  ABSORPTION  REMOVAL    NU*FISS    KAP*FIS   FISS. SPCTR
       1     0.231319  1.441011   0.016045    0.029507   0.006210   0.000000  1.000000
       2     0.884772  0.376745   0.152033    0.152033   0.168974   0.000000  0.000000
   --SCATTERING MATRIX--
     G/G'          1          2
      1        0.520604    0.013463
      2        0.000000    1.306580

     MATERIAL 19
    GROUP   TRANSPORT  DIFFUSION  ABSORPTION  REMOVAL    NU*FISS    KAP*FIS   FISS. SPCTR
       1     0.230112  1.448570   0.016194    0.029603   0.005912   0.000000  1.000000
       2     0.888279  0.375257   0.150903    0.150903   0.164057   0.000000  0.000000
   --SCATTERING MATRIX--
     G/G'          1          2
      1        0.520840    0.013409
      2        0.000000    1.308540

     MATERIAL 20
    GROUP   TRANSPORT  DIFFUSION  ABSORPTION  REMOVAL    NU*FISS    KAP*FIS   FISS. SPCTR
       1     0.227550  1.464880   0.016451    0.029792   0.005369   0.000000  1.000000
       2     0.893661  0.372998   0.147406    0.147406   0.151743   0.000000  0.000000
   --SCATTERING MATRIX--
     G/G'          1          2
      1        0.521144    0.013341
      2        0.000000    1.311760

     MATERIAL 21
    GROUP   TRANSPORT  DIFFUSION  ABSORPTION  REMOVAL    NU*FISS    KAP*FIS   FISS. SPCTR
       1     0.226881  1.469199   0.016508    0.029837   0.005245   0.000000  1.000000
       2     0.894766  0.372537   0.146358    0.146358   0.148419   0.000000  0.000000
   --SCATTERING MATRIX--
     G/G'          1          2
      1        0.521191    0.013328
      2        0.000000    1.312450

     MATERIAL 22
    GROUP   TRANSPORT  DIFFUSION  ABSORPTION  REMOVAL    NU*FISS    KAP*FIS   FISS. SPCTR
       1     0.226197  1.473642   0.016563    0.029879   0.005127   0.000000  1.000000
       2     0.895795  0.372109   0.145268    0.145268   0.145069   0.000000  0.000000
   --SCATTERING MATRIX--
     G/G'          1          2
      1        0.521193    0.013317
      2        0.000000    1.313120

     MATERIAL 23
    GROUP   TRANSPORT  DIFFUSION  ABSORPTION  REMOVAL    NU*FISS    KAP*FIS   FISS. SPCTR
       1     0.234634  1.420652   0.015770    0.029401   0.007680   0.000000  1.000000
       2     0.861541  0.386904   0.154373    0.154373   0.172919   0.000000  0.000000
   --SCATTERING MATRIX--
     G/G'          1          2
      1        0.520245    0.013631
      2        0.000000    1.293290

     MATERIAL 24
    GROUP   TRANSPORT  DIFFUSION  ABSORPTION  REMOVAL    NU*FISS    KAP*FIS   FISS. SPCTR
       1     0.231255  1.441410   0.016193    0.029508   0.006342   0.000000  1.000000
       2     0.885156  0.376581   0.155992    0.155992   0.175430   0.000000  0.000000
   --SCATTERING MATRIX--
     G/G'          1          2
      1        0.520250    0.013315
      2        0.000000    1.306040

     MATERIAL 25
    GROUP   TRANSPORT  DIFFUSION  ABSORPTION  REMOVAL    NU*FISS    KAP*FIS   FISS. SPCTR
       1     0.226931  1.468875   0.016612    0.029831   0.005361   0.000000  1.000000
       2     0.894518  0.372640   0.149519    0.149519   0.153407   0.000000  0.000000
   --SCATTERING MATRIX--
     G/G'          1          2
      1        0.520858    0.013219
      2        0.000000    1.311680

     MATERIAL 26
    GROUP   TRANSPORT  DIFFUSION  ABSORPTION  REMOVAL    NU*FISS    KAP*FIS   FISS. SPCTR
       1     0.301887  1.104166   0.002425    0.029952   0.000000   0.000000  0.000000
       2     1.225670  0.271960   0.037238    0.037238   0.000000   0.000000  0.000000
   --SCATTERING MATRIX--
     G/G'          1          2
      1        0.640121    0.027526
      2        0.000000    1.990260

  ...Macroscopic CX Card is successfully read...


            >>>>>READING CORE GEOMETRY<<<<<
            -------------------------------
  Number of assembly in x, y and z directions respectively :
           9           9           2
  Number of nodes in x, y and z directions respectively :
          17          17           2

  x-directed nodes division (delta-x)
    10.71  10.71  10.71  10.71  10.71  10.71  10.71  10.71  10.71  10.71
    10.71  10.71  10.71  10.71  10.71  10.71  10.71
  y-directed nodes division (delta-y)
    10.71  10.71  10.71  10.71  10.71  10.71  10.71  10.71  10.71  10.71
    10.71  10.71  10.71  10.71  10.71  10.71  10.71

   Planar Region :  1
        1  2  3  4  5  6  7  8  9 10 11 12 13 14 15 16 17
    17  26 26 26 26 26 26 26 26 26                        
    16  26 26 26 26 26 26 26 26 26                        
    15  4  8  8  17 17 9  9  26 26 26 26 26 26            
    14  4  8  8  17 17 9  9  26 26 26 26 26 26            
    13  23 12 12 23 23 15 15 18 18 10 10 26 26 26 26      
    12  23 12 12 23 23 15 15 18 18 10 10 26 26 26 26      
    11  16 20 20 16 16 24 24 7  7  15 15 10 10 26 26      
    10  16 20 20 16 16 24 24 7  7  15 15 10 10 26 26      
     9  25 1  1  3  3  1  1  22 22 7  7  18 18 26 26 26 26
     8  25 1  1  3  3  1  1  22 22 7  7  18 18 26 26 26 26
     7  7  13 13 1  1  14 14 1  1  24 24 15 15 9  9  26 26
     6  7  13 13 1  1  14 14 1  1  24 24 15 15 9  9  26 26
     5  19 10 10 19 19 1  1  3  3  16 16 23 23 17 17 26 26
     4  19 10 10 19 19 1  1  3  3  16 16 23 23 17 17 26 26
     3  1  2  2  10 10 13 13 1  1  20 20 12 12 8  8  26 26
     2  1  2  2  10 10 13 13 1  1  20 20 12 12 8  8  26 26
     1  21 1  1  19 19 7  7  25 25 16 16 23 23 4  4  26 26

  Planar Region Assignment to planes.
 --------------------------------------
   Plane Number     Planar Region    delta-z
        2 (TOP)            1          10.71
        1 (BOTTOM)         1          10.71

   Boundary conditions
  X-directed West   : REFLECTIVE
  X-directed East   : ZERO FLUX
  Y-directed North  : ZERO FLUX
  Y-directed South  : REFLECTIVE
  Z-directed Bottom : REFLECTIVE
  Z-directed Top    : REFLECTIVE

  ...Core geometry is successfully read...


          >>>>>READING ASSEMBLY DISCONTINUITY FACTOR<<<<<
          -----------------------------------------------

  ADF VALUES ON PLANAR NUMBER :   1

    GROUP :   1

   EAST ADF
           1       2       3       4       5       6       7       8       9
     9  1.1764  1.1764  1.1764  1.1764  1.1764                                
     8  1.0021  1.0024  0.9944  1.0022  1.1764  1.1764  1.1764                
     7  1.0629  1.0046  1.0629  1.0035  1.0563  1.0019  1.1764  1.1764        
     6  0.9963  1.0562  0.9963  1.0557  1.0104  1.0035  1.0019  1.1764        
     5  1.0558  1.0108  1.0022  1.0108  1.0563  1.0104  1.0563  1.1764  1.1764
     4  1.0104  0.9961  1.0108  0.9957  1.0108  1.0557  1.0035  1.0022  1.1764
     3  1.0561  1.0019  1.0561  1.0108  1.0022  0.9963  1.0629  0.9944  1.1764
     2  1.0108  1.0025  1.0019  0.9961  1.0108  1.0562  1.0046  1.0024  1.1764
     1  1.0563  1.0108  1.0561  1.0104  1.0558  0.9963  1.0629  1.0021  1.1764
   WEST ADF
           1       2       3       4       5       6       7       8       9
     9  1.1764  1.1764  1.1764  1.1764  1.1764                                
     8  1.0021  1.0024  0.9944  1.0022  1.1764  1.1764  1.1764                
     7  1.0629  1.0046  1.0629  1.0035  1.0563  1.0019  1.1764  1.1764        
     6  0.9963  1.0562  0.9963  1.0557  1.0104  1.0035  1.0019  1.1764        
     5  1.0558  1.0108  1.0022  1.0108  1.0563  1.0104  1.0563  1.1764  1.1764
     4  1.0104  0.9961  1.0108  0.9957  1.0108  1.0557  1.0035  1.0022  1.1764
     3  1.0561  1.0019  1.0561  1.0108  1.0022  0.9963  1.0629  0.9944  1.1764
     2  1.0108  1.0025  1.0019  0.9961  1.0108  1.0562  1.0046  1.0024  1.1764
     1  1.0563  1.0108  1.0561  1.0104  1.0558  0.9963  1.0629  1.0021  1.1764
   NORTH ADF
           1       2       3       4       5       6       7       8       9
     9  1.1764  1.1764  1.1764  1.1764  1.1764                                
     8  1.0021  1.0024  0.9944  1.0022  1.1764  1.1764  1.1764                
     7  1.0629  1.0046  1.0629  1.0035  1.0563  1.0019  1.1764  1.1764        
     6  0.9963  1.0562  0.9963  1.0557  1.0104  1.0035  1.0019  1.1764        
     5  1.0558  1.0108  1.0022  1.0108  1.0563  1.0104  1.0563  1.1764  1.1764
     4  1.0104  0.9961  1.0108  0.9957  1.0108  1.0557  1.0035  1.0022  1.1764
     3  1.0561  1.0019  1.0561  1.0108  1.0022  0.9963  1.0629  0.9944  1.1764
     2  1.0108  1.0025  1.0019  0.9961  1.0108  1.0562  1.0046  1.0024  1.1764
     1  1.0563  1.0108  1.0561  1.0104  1.0558  0.9963  1.0629  1.0021  1.1764
   SOUTH ADF
           1       2       3       4       5       6       7       8       9
     9  1.1764  1.1764  1.1764  1.1764  1.1764                                
     8  1.0021  1.0024  0.9944  1.0022  1.1764  1.1764  1.1764                
     7  1.0629  1.0046  1.0629  1.0035  1.0563  1.0019  1.1764  1.1764        
     6  0.9963  1.0562  0.9963  1.0557  1.0104  1.0035  1.0019  1.1764        
     5  1.0558  1.0108  1.0022  1.0108  1.0563  1.0104  1.0563  1.1764  1.1764
     4  1.0104  0.9961  1.0108  0.9957  1.0108  1.0557  1.0035  1.0022  1.1764
     3  1.0561  1.0019  1.0561  1.0108  1.0022  0.9963  1.0629  0.9944  1.1764
     2  1.0108  1.0025  1.0019  0.9961  1.0108  1.0562  1.0046  1.0024  1.1764
     1  1.0563  1.0108  1.0561  1.0104  1.0558  0.9963  1.0629  1.0021  1.1764
   TOP ADF
           1       2       3       4       5       6       7       8       9
     9  1.0000  1.0000  1.0000  1.0000  1.0000                                
     8  1.0000  1.0000  1.0000  1.0000  1.0000  1.0000  1.0000                
     7  1.0000  1.0000  1.0000  1.0000  1.0000  1.0000  1.0000  1.0000        
     6  1.0000  1.0000  1.0000  1.0000  1.0000  1.0000  1.0000  1.0000        
     5  1.0000  1.0000  1.0000  1.0000  1.0000  1.0000  1.0000  1.0000  1.0000
     4  1.0000  1.0000  1.0000  1.0000  1.0000  1.0000  1.0000  1.0000  1.0000
     3  1.0000  1.0000  1.0000  1.0000  1.0000  1.0000  1.0000  1.0000  1.0000
     2  1.0000  1.0000  1.0000  1.0000  1.0000  1.0000  1.0000  1.0000  1.0000
     1  1.0000  1.0000  1.0000  1.0000  1.0000  1.0000  1.0000  1.0000  1.0000
   BOTTOM ADF
           1       2       3       4       5       6       7       8       9
     9  1.0000  1.0000  1.0000  1.0000  1.0000                                
     8  1.0000  1.0000  1.0000  1.0000  1.0000  1.0000  1.0000                
     7  1.0000  1.0000  1.0000  1.0000  1.0000  1.0000  1.0000  1.0000        
     6  1.0000  1.0000  1.0000  1.0000  1.0000  1.0000  1.0000  1.0000        
     5  1.0000  1.0000  1.0000  1.0000  1.0000  1.0000  1.0000  1.0000  1.0000
     4  1.0000  1.0000  1.0000  1.0000  1.0000  1.0000  1.0000  1.0000  1.0000
     3  1.0000  1.0000  1.0000  1.0000  1.0000  1.0000  1.0000  1.0000  1.0000
     2  1.0000  1.0000  1.0000  1.0000  1.0000  1.0000  1.0000  1.0000  1.0000
     1  1.0000  1.0000  1.0000  1.0000  1.0000  1.0000  1.0000  1.0000  1.0000


    GROUP :   2

   EAST ADF
           1       2       3       4       5       6       7       8       9
     9  0.2276  0.2276  0.2276  0.2276  0.2276                                
     8  0.9418  0.9460  1.1274  0.9444  0.2276  0.2276  0.2276                
     7  1.3802  1.2571  1.3802  1.2943  1.3344  0.9410  0.2276  0.2276        
     6  1.1998  1.3321  1.1998  1.3325  1.0006  1.2943  0.9410  0.2276        
     5  1.3310  1.0031  0.9437  1.0031  1.3323  1.0006  1.3344  0.2276  0.2276
     4  1.0006  1.1322  1.0031  1.0807  1.0031  1.3325  1.2943  0.9444  0.2276
     3  1.3327  0.9410  1.3327  1.0031  0.9437  1.1998  1.3802  1.1274  0.2276
     2  1.0031  0.9463  0.9410  1.1322  1.0031  1.3321  1.2571  0.9460  0.2276
     1  1.3322  1.0031  1.3327  1.0006  1.3310  1.1998  1.3802  0.9418  0.2276
   WEST ADF
           1       2       3       4       5       6       7       8       9
     9  0.2276  0.2276  0.2276  0.2276  0.2276                                
     8  0.9418  0.9460  1.1274  0.9444  0.2276  0.2276  0.2276                
     7  1.3802  1.2571  1.3802  1.2943  1.3344  0.9410  0.2276  0.2276        
     6  1.1998  1.3321  1.1998  1.3325  1.0006  1.2943  0.9410  0.2276        
     5  1.3310  1.0031  0.9437  1.0031  1.3323  1.0006  1.3344  0.2276  0.2276
     4  1.0006  1.1322  1.0031  1.0807  1.0031  1.3325  1.2943  0.9444  0.2276
     3  1.3327  0.9410  1.3327  1.0031  0.9437  1.1998  1.3802  1.1274  0.2276
     2  1.0031  0.9463  0.9410  1.1322  1.0031  1.3321  1.2571  0.9460  0.2276
     1  1.3322  1.0031  1.3327  1.0006  1.3310  1.1998  1.3802  0.9418  0.2276
   NORTH ADF
           1       2       3       4       5       6       7       8       9
     9  0.2276  0.2276  0.2276  0.2276  0.2276                                
     8  0.9418  0.9460  1.1274  0.9444  0.2276  0.2276  0.2276                
     7  1.3802  1.2571  1.3802  1.2943  1.3344  0.9410  0.2276  0.2276        
     6  1.1998  1.3321  1.1998  1.3325  1.0006  1.2943  0.9410  0.2276        
     5  1.3310  1.0031  0.9437  1.0031  1.3323  1.0006  1.3344  0.2276  0.2276
     4  1.0006  1.1322  1.0031  1.0807  1.0031  1.3325  1.2943  0.9444  0.2276
     3  1.3327  0.9410  1.3327  1.0031  0.9437  1.1998  1.3802  1.1274  0.2276
     2  1.0031  0.9463  0.9410  1.1322  1.0031  1.3321  1.2571  0.9460  0.2276
     1  1.3322  1.0031  1.3327  1.0006  1.3310  1.1998  1.3802  0.9418  0.2276
   SOUTH ADF
           1       2       3       4       5       6       7       8       9
     9  0.2276  0.2276  0.2276  0.2276  0.2276                                
     8  0.9418  0.9460  1.1274  0.9444  0.2276  0.2276  0.2276                
     7  1.3802  1.2571  1.3802  1.2943  1.3344  0.9410  0.2276  0.2276        
     6  1.1998  1.3321  1.1998  1.3325  1.0006  1.2943  0.9410  0.2276        
     5  1.3310  1.0031  0.9437  1.0031  1.3323  1.0006  1.3344  0.2276  0.2276
     4  1.0006  1.1322  1.0031  1.0807  1.0031  1.3325  1.2943  0.9444  0.2276
     3  1.3327  0.9410  1.3327  1.0031  0.9437  1.1998  1.3802  1.1274  0.2276
     2  1.0031  0.9463  0.9410  1.1322  1.0031  1.3321  1.2571  0.9460  0.2276
     1  1.3322  1.0031  1.3327  1.0006  1.3310  1.1998  1.3802  0.9418  0.2276
   TOP ADF
           1       2       3       4       5       6       7       8       9
     9  1.0000  1.0000  1.0000  1.0000  1.0000                                
     8  1.0000  1.0000  1.0000  1.0000  1.0000  1.0000  1.0000                
     7  1.0000  1.0000  1.0000  1.0000  1.0000  1.0000  1.0000  1.0000        
     6  1.0000  1.0000  1.0000  1.0000  1.0000  1.0000  1.0000  1.0000        
     5  1.0000  1.0000  1.0000  1.0000  1.0000  1.0000  1.0000  1.0000  1.0000
     4  1.0000  1.0000  1.0000  1.0000  1.0000  1.0000  1.0000  1.0000  1.0000
     3  1.0000  1.0000  1.0000  1.0000  1.0000  1.0000  1.0000  1.0000  1.0000
     2  1.0000  1.0000  1.0000  1.0000  1.0000  1.0000  1.0000  1.0000  1.0000
     1  1.0000  1.0000  1.0000  1.0000  1.0000  1.0000  1.0000  1.0000  1.0000
   BOTTOM ADF
           1       2       3       4       5       6       7       8       9
     9  1.0000  1.0000  1.0000  1.0000  1.0000                                
     8  1.0000  1.0000  1.0000  1.0000  1.0000  1.0000  1.0000                
     7  1.0000  1.0000  1.0000  1.0000  1.0000  1.0000  1.0000  1.0000        
     6  1.0000  1.0000  1.0000  1.0000  1.0000  1.0000  1.0000  1.0000        
     5  1.0000  1.0000  1.0000  1.0000  1.0000  1.0000  1.0000  1.0000  1.0000
     4  1.0000  1.0000  1.0000  1.0000  1.0000  1.0000  1.0000  1.0000  1.0000
     3  1.0000  1.0000  1.0000  1.0000  1.0000  1.0000  1.0000  1.0000  1.0000
     2  1.0000  1.0000  1.0000  1.0000  1.0000  1.0000  1.0000  1.0000  1.0000
     1  1.0000  1.0000  1.0000  1.0000  1.0000  1.0000  1.0000  1.0000  1.0000

   ...Assembly Discontinuity Factors are successfully read...


  ************************  STOP READING INPUT  ********************************


  ==============================================================================
                           CALCULATION RESULTS
  ==============================================================================

  Itr     k-eff     Fis.Src Error   Inner Error
 ----------------------------------------------------
    1     0.954771    5.15733E-01    2.10670E+03
    2     0.960796    2.27295E-01    4.05401E+00
    3     0.965887    1.25976E-01    1.50387E+00
    4     0.968784    8.35044E-02    2.89534E-01
     ...FISSION SOURCE EXTRAPOLATED...
    5     0.988171    1.11061E+00    1.03630E-01
    6     0.987100    1.42296E-01    8.79382E-01
    7     0.986039    8.25068E-02    7.50168E-01
    8     0.986027    7.29394E-02    1.53348E-01
    9     0.986245    6.86252E-02    7.64056E-02
     ...FISSION SOURCE EXTRAPOLATED...
   10     0.990190    2.39282E+00    6.68964E-02
   11     0.991101    1.04180E-01    1.86969E+00
   12     0.991666    8.43870E-02    4.55122E-01
   13     0.992101    6.08282E-02    7.27005E-02
   14     0.992416    4.37975E-02    5.59922E-02
     ...FISSION SOURCE EXTRAPOLATED...
     .....NODAL COUPLING UPDATED..... 
MAX. CHANGE IN NODAL COUPLING COEF.=  7.04366E-02 AT NODE I = 17, J =  8, K =  1
   15     0.994232    3.17685E-01    4.37907E-02
   16     0.990937    1.12330E-01    3.44656E-01
   17     0.990156    7.33456E-02    2.17397E-01
   18     0.990021    4.97276E-02    6.89287E-02
   19     0.990042    3.46462E-02    4.75162E-02
     ...FISSION SOURCE EXTRAPOLATED...
   20     0.990400    1.94254E-01    3.37556E-02
   21     0.990546    2.19690E-02    1.52431E-01
   22     0.990668    1.07291E-02    1.18793E-01
   23     0.990741    1.01775E-02    1.99446E-02
   24     0.990801    9.28903E-03    1.20356E-02
     ...FISSION SOURCE EXTRAPOLATED...
   25     0.991518    1.22944E-01    9.73586E-03
   26     0.991526    1.31890E-02    1.09211E-01
   27     0.991483    1.01159E-02    1.07165E-01
   28     0.991487    7.33368E-03    1.77101E-02
   29     0.991487    5.51686E-03    7.46345E-03
     ...FISSION SOURCE EXTRAPOLATED...
     .....NODAL COUPLING UPDATED..... 
MAX. CHANGE IN NODAL COUPLING COEF.=  3.97986E-02 AT NODE I = 17, J =  9, K =  1
   30     0.991498    3.03186E-02    5.13347E-03
   31     0.991405    4.49898E-03    5.90616E-02
   32     0.991403    2.85904E-03    1.59677E-02
   33     0.991406    2.09008E-03    2.86803E-03
   34     0.991413    1.63904E-03    1.92286E-03
     ...FISSION SOURCE EXTRAPOLATED...
   35     0.991507    1.69579E-02    1.61279E-03
   36     0.991513    2.46892E-03    1.43455E-02
   37     0.991508    2.18571E-03    1.39201E-02
   38     0.991509    1.64590E-03    2.35318E-03
   39     0.991509    1.24618E-03    1.43111E-03
     ...FISSION SOURCE EXTRAPOLATED...
   40     0.991513    6.84605E-03    1.10758E-03
   41     0.991514    6.38973E-04    5.32166E-03
   42     0.991515    5.06935E-04    1.88144E-03
   43     0.991517    3.45686E-04    3.63717E-04
   44     0.991518    2.72470E-04    3.18593E-04
     ...FISSION SOURCE EXTRAPOLATED...
     .....NODAL COUPLING UPDATED..... 
MAX. CHANGE IN NODAL COUPLING COEF.=  1.74806E-02 AT NODE I = 17, J =  9, K =  2
   45     0.991532    2.84889E-03    2.73045E-04
   46     0.991529    5.84259E-04    2.82881E-02
   47     0.991527    4.59115E-04    2.35290E-03
   48     0.991527    3.50030E-04    4.31661E-04
   49     0.991527    2.72954E-04    3.18262E-04
     ...FISSION SOURCE EXTRAPOLATED...
   50     0.991529    1.71033E-03    2.60589E-04
   51     0.991530    1.75002E-04    1.34805E-03
   52     0.991530    1.34656E-04    6.98481E-04
   53     0.991530    9.22816E-05    1.32314E-04
   54     0.991531    7.25670E-05    9.45178E-05
     ...FISSION SOURCE EXTRAPOLATED...
   55     0.991534    6.34011E-04    7.33527E-05
   56     0.991534    1.24004E-04    5.27211E-04
   57     0.991534    1.03122E-04    5.07574E-04
   58     0.991534    7.60212E-05    1.00276E-04
   59     0.991534    5.62642E-05    6.59979E-05
     ...FISSION SOURCE EXTRAPOLATED...
     .....NODAL COUPLING UPDATED..... 
MAX. CHANGE IN NODAL COUPLING COEF.=  5.60285E-03 AT NODE I = 17, J =  9, K =  2
   60     0.991534    3.51699E-04    5.00348E-05
   61     0.991533    8.18435E-05    7.06722E-03
   62     0.991533    3.76134E-05    6.54432E-04
   63     0.991534    2.45218E-05    7.10871E-05
   64     0.991534    1.50958E-05    1.73606E-05
     ...FISSION SOURCE EXTRAPOLATED...
   65     0.991535    1.39173E-04    1.35836E-05
   66     0.991535    3.61091E-05    1.21570E-04
   67     0.991535    2.94666E-05    1.17689E-04
   68     0.991535    2.15445E-05    2.75175E-05
   69     0.991535    1.58513E-05    1.88469E-05
     ...FISSION SOURCE EXTRAPOLATED...
   70     0.991535    9.33423E-05    1.42519E-05
   71     0.991535    1.08400E-05    7.16854E-05
   72     0.991535    8.32357E-06    2.54642E-05
   73     0.991535    5.64441E-06    7.71202E-06

  MULTIPLICATION EFFECTIVE (K-EFF) =  0.991535


     Radial Power Distribution
   ==============================
           1       2       3       4       5       6       7       8       9
     9                                                                        
     8   0.200   0.259   0.197   0.179                                        
     7   0.293   0.477   0.325   0.437   0.184   0.180                        
     6   0.659   0.442   0.975   0.521   0.687   0.541   0.180                
     5   0.726   1.831   1.947   1.687   0.498   0.687   0.184                
     4   2.165   2.089   2.470   1.858   1.687   0.521   0.437   0.179        
     3   1.145   1.762   1.168   2.470   1.947   0.975   0.325   0.197        
     2   2.405   2.321   1.762   2.089   1.831   0.442   0.477   0.259        
     1   1.128   2.405   1.145   2.165   0.726   0.659   0.293   0.200        

   MAX POS.       Maximum Value
  (  3,  4)          2.470


     Axial Power Density Distribution
   ====================================

     Plane Number        Power      Height
    -----------------------------------------
         2  (TOP)        1.000       21.42
         1  (BOTTOM)     1.000       10.71

   MAX POS.       Maximum Value
    (  1)             1.000


     Radial Flux Distribution
   ==============================
    Group :   1
             1          2          3          4          5          6          7          8          9
     9   4.172E-04  4.503E-04  4.008E-04  2.837E-04  5.818E-05                                             
     8   3.691E-03  4.263E-03  3.685E-03  3.020E-03  6.930E-04  2.836E-04  5.809E-05                       
     7   6.091E-03  7.939E-03  6.814E-03  7.217E-03  4.169E-03  3.313E-03  6.775E-04  5.809E-05            
     6   1.162E-02  1.150E-02  1.703E-02  1.173E-02  1.051E-02  8.742E-03  3.313E-03  2.836E-04            
     5   1.846E-02  2.843E-02  3.292E-02  2.610E-02  1.298E-02  1.051E-02  4.169E-03  6.930E-04  5.818E-05 
     4   3.324E-02  3.697E-02  3.846E-02  3.499E-02  2.610E-02  1.173E-02  7.217E-03  3.020E-03  2.837E-04 
     3   2.634E-02  3.175E-02  2.684E-02  3.846E-02  3.292E-02  1.703E-02  6.814E-03  3.685E-03  4.008E-04 
     2   3.687E-02  3.760E-02  3.175E-02  3.697E-02  2.843E-02  1.150E-02  7.939E-03  4.263E-03  4.503E-04 
     1   2.862E-02  3.687E-02  2.634E-02  3.324E-02  1.846E-02  1.162E-02  6.091E-03  3.691E-03  4.172E-04 

    Group :   2
             1          2          3          4          5          6          7          8          9
     9   2.738E-03  2.894E-03  2.469E-03  1.814E-03  4.223E-04                                             
     8   4.579E-03  4.757E-03  2.599E-03  3.343E-03  4.363E-03  1.834E-03  4.224E-04                       
     7   4.345E-03  4.134E-03  4.796E-03  3.582E-03  3.129E-03  3.823E-03  4.339E-03  4.224E-04            
     6   6.827E-03  8.669E-03  1.014E-02  8.523E-03  1.182E-02  4.461E-03  3.823E-03  1.834E-03            
     5   1.426E-02  3.361E-02  4.012E-02  3.100E-02  1.050E-02  1.182E-02  3.129E-03  4.363E-03  4.223E-04 
     4   3.722E-02  2.528E-02  4.531E-02  2.793E-02  3.100E-02  8.523E-03  3.582E-03  3.343E-03  1.814E-03 
     3   2.058E-02  3.768E-02  2.101E-02  4.531E-02  4.012E-02  1.014E-02  4.796E-03  2.599E-03  2.469E-03 
     2   4.435E-02  4.578E-02  3.768E-02  2.528E-02  3.361E-02  8.669E-03  4.134E-03  4.757E-03  2.894E-03 
     1   2.314E-02  4.435E-02  2.058E-02  3.722E-02  1.426E-02  6.827E-03  4.345E-03  4.579E-03  2.738E-03 



  CPU time breakdown in seconds
    Input reading time   :    0.0118  (49.1%)
    XSEC processing time :    0.0000  ( 0.1%)
    CMFD time            :    0.0055  (22.9%)
    Nodal update time    :    0.0067  (27.9%)
    T-H time             :    0.0000  ( 0.0%)
    ------------------------------------------
    Total time           :    0.0241
