           ###########################################################
           #                     ADPRES 1.2                          #
           #        ABU DHABI POLYTECHNIC REACTOR SIMULATOR          #
           ###########################################################


  =============================INPUT DATA STARTS HERE===========================
     1: %MODE                                                                                               
     2: RODEJECT                                                                                            
     3:                                                                                                     
     4: ! CASE CARD                                                                                         
     5: %CASE                                                                                               
     6: MOX TRANSIENT PROBLEM                                                                               
     7: WITH XSEC FROM SERPENT                                                                              
     8:                                                                                                     
     9: ! XTAB CARD                                                                                         
    10: %XTAB                                                                                               
    11: 2  19    ! Number of groups and number of materials                                                 
    12: ! XTAB files for each material                                                                      
    13: smpl/xsec/SERPENT_CMM/u42.tab      1  !MAT  1 : u42u  0.15 GWD/TON                                  
    14: smpl/xsec/SERPENT_CMM/u42.tab      2  !MAT  2 : u42u  17.5 GWD/TON                                  
    15: smpl/xsec/SERPENT_CMM/u42.tab      4  !MAT  3 : u42u  22.5 GWD/TON                                  
    16: smpl/xsec/SERPENT_CMM/u42.tab      5  !MAT  4 : u42u  32.5 GWD/TON                                  
    17: smpl/xsec/SERPENT_CMM/u42.tab      6  !MAT  5 : u42u  35.0 GWD/TON                                  
    18: smpl/xsec/SERPENT_CMM/u42.tab      7  !MAT  6 : u42u  37.5 GWD/TON                                  
    19: smpl/xsec/SERPENT_CMM/u45.tab      1  !MAT  7 : u45u  0.15 GWD/TON                                  
    20: smpl/xsec/SERPENT_CMM/u45.tab      2  !MAT  8 : u45u  17.5 GWD/TON                                  
    21: smpl/xsec/SERPENT_CMM/u45.tab      3  !MAT  9 : u45u  20.5 GWD/TON                                  
    22: smpl/xsec/SERPENT_CMM/u45.tab      5  !MAT  10: u45u  32.5 GWD/TON                                  
    23: smpl/xsec/SERPENT_CMM/u45.tab      7  !MAT  11: u45u  37.5 GWD/TON                                  
    24: smpl/xsec/SERPENT_CMM/m40.tab      1  !MAT  12: m40m  0.15 GWD/TON                                  
    25: smpl/xsec/SERPENT_CMM/m40.tab      4  !MAT  13: m40m  22.5 GWD/TON                                  
    26: smpl/xsec/SERPENT_CMM/m40.tab      7  !MAT  14: m40m  37.5 GWD/TON                                  
    27: smpl/xsec/SERPENT_CMM/m43.tab      1  !MAT  15: m43m  0.15 GWD/TON                                  
    28: smpl/xsec/SERPENT_CMM/m43.tab      2  !MAT  16: m43m  17.5 GWD/TON                                  
    29: smpl/xsec/SERPENT_CMM/m43.tab      6  !MAT  17: m43m  35.0 GWD/TON                                  
    30: smpl/xsec/SERPENT_CMM/refr.tab     1  !MAT  18: RADIAL REFLECTOR                                    
    31: smpl/xsec/SERPENT_CMM/refa.tab     1  !MAT  19: AXIAL REFLECTOR                                     
    32: 1                                                                                                   
    33:                                                                                                     
    34: %GEOM                                                                                               
    35: 17 17 22                !nx, ny, nz                                                                 
    36: 17*21.42                !x-direction assembly size in cm                                            
    37: 17*2                    !x-direction assembly division                                              
    38: 17*21.42                !y-direction assembly size in cm                                            
    39: 17*2                    !y-direction assembly ddivision                                             
    40: 21.42 20*18.288 21.42   !z-direction assembly size in cm                                            
    41: 22*1                    !z-direction assembly division                                              
    42: 2                       !np number of planar type                                                   
    43: 2 20*1 2                                                                                            
    44: ! Planar_type_1                                                                                     
    45:  0  0   0   0  18  18  18  18  18  18  18  18  18   0   0   0   0                                   
    46:  0  0  18  18  18   9  17   8   4   8  17   9  18  18  18   0   0                                   
    47:  0 18  18  10   2  15   7  12   7  12   7  15   2  10  18  18   0                                   
    48:  0 18  10  15   7   9  16   4  16   4  16   9   7  15  10  18   0                                   
    49: 18 18   2   7   6   1   3   1  11   1   3   1   6   7   2  18  18                                   
    50: 18  9  15   9   1  14   1  13   7  13   1  14   1   9  15   9  18                                   
    51: 18 17   7  16   3   1   3  10   3  10   3   1   3  16   7  17  18                                   
    52: 18  8  12   4   1  13  10   2   1   2  10  13   1   4  12   8  18                                   
    53: 18  4   7  16  11   7   3   1   5   1   3   7  11  16   7   4  18                                   
    54: 18  8  12   4   1  13  10   2   1   2  10  13   1   4  12   8  18                                   
    55: 18 17   7  16   3   1   3  10   3  10   3   1   3  16   7  17  18                                   
    56: 18  9  15   9   1  14   1  13   7  13   1  14   1   9  15   9  18                                   
    57: 18 18   2   7   6   1   3   1  11   1   3   1   6   7   2  18  18                                   
    58:  0 18  10  15   7   9  16   4  16   4  16   9   7  15  10  18   0                                   
    59:  0 18  18  10   2  15   7  12   7  12   7  15   2  10  18  18   0                                   
    60:  0  0  18  18  18   9  17   8   4   8  17   9  18  18  18   0   0                                   
    61:  0  0   0   0  18  18  18  18  18  18  18  18  18   0   0   0   0                                   
    62: ! Planar_type_2                                                                                     
    63: 0  0  0  0 19 19 19 19 19 19 19 19 19  0  0  0  0                                                   
    64: 0  0 19 19 19 19 19 19 19 19 19 19 19 19 19  0  0                                                   
    65: 0 19 19 19 19 19 19 19 19 19 19 19 19 19 19 19  0                                                   
    66: 0 19 19 19 19 19 19 19 19 19 19 19 19 19 19 19  0                                                   
    67: 19 19 19 19 19 19 19 19 19 19 19 19 19 19 19 19 19                                                  
    68: 19 19 19 19 19 19 19 19 19 19 19 19 19 19 19 19 19                                                  
    69: 19 19 19 19 19 19 19 19 19 19 19 19 19 19 19 19 19                                                  
    70: 19 19 19 19 19 19 19 19 19 19 19 19 19 19 19 19 19                                                  
    71: 19 19 19 19 19 19 19 19 19 19 19 19 19 19 19 19 19                                                  
    72: 19 19 19 19 19 19 19 19 19 19 19 19 19 19 19 19 19                                                  
    73: 19 19 19 19 19 19 19 19 19 19 19 19 19 19 19 19 19                                                  
    74: 19 19 19 19 19 19 19 19 19 19 19 19 19 19 19 19 19                                                  
    75: 19 19 19 19 19 19 19 19 19 19 19 19 19 19 19 19 19                                                  
    76: 0 19 19 19 19 19 19 19 19 19 19 19 19 19 19 19  0                                                   
    77: 0 19 19 19 19 19 19 19 19 19 19 19 19 19 19 19  0                                                   
    78: 0  0 19 19 19 19 19 19 19 19 19 19 19 19 19 0   0                                                   
    79: 0  0  0  0 19 19 19 19 19 19 19 19 19  0  0  0  0                                                   
    80:                                                                                                     
    81: ! Boundary conditions (east), (west), (north), (south), (bottom), (top)                             
    82: 0 0 0 0 0 0                                                                                         
    83:                                                                                                     
    84: ! CONTROL CARD                                                                                      
    85: %CROD                                                                                               
    86: 9    200.                   ! Number of CR banks and max number of banks                            
    87: 21.42  1.8288                ! Zero step pos. (cm) and cm/step (total 200 steps)                    
    88: 0. 0. 0. 0.  200. 200. 200. 200. 0.           ! CR Bank pos.                                        
    89: 0  0  0  0  0  0  0  0  0  0  0  0  0  0  0  0  0                                                   
    90: 0  0  0  0  0  0  0  0  0  0  0  0  0  0  0  0  0                                                   
    91: 0  0  0  0  5  0  2  0  3  0  2  0  5  0  0  0  0                                                   
    92: 0  0  0  0  0  7  0  6  0  6  0  7  0  0  0  0  0                                                   
    93: 0  0  5  0  4  0  0  0  8  0  0  0  9  0  5  0  0                                                   
    94: 0  0  0  7  0  0  0  0  0  0  0  0  0  7  0  0  0                                                   
    95: 0  0  2  0  0  0  3  0  1  0  3  0  0  0  2  0  0                                                   
    96: 0  0  0  6  0  0  0  0  0  0  0  0  0  6  0  0  0                                                   
    97: 0  0  3  0  8  0  1  0  4  0  1  0  8  0  3  0  0                                                   
    98: 0  0  0  6  0  0  0  0  0  0  0  0  0  6  0  0  0                                                   
    99: 0  0  2  0  0  0  3  0  1  0  3  0  0  0  2  0  0                                                   
   100: 0  0  0  7  0  0  0  0  0  0  0  0  0  7  0  0  0                                                   
   101: 0  0  5  0  4  0  0  0  8  0  0  0  4  0  5  0  0                                                   
   102: 0  0  0  0  0  7  0  6  0  6  0  7  0  0  0  0  0                                                   
   103: 0  0  0  0  5  0  2  0  3  0  2  0  5  0  0  0  0                                                   
   104: 0  0  0  0  0  0  0  0  0  0  0  0  0  0  0  0  0                                                   
   105: 0  0  0  0  0  0  0  0  0  0  0  0  0  0  0  0  0                                                   
   106: 1                                                                                                   
   107:                                                                                                     
   108: ! BORON CONCENTRATION                                                                               
   109: %BCON                                                                                               
   110: 1207.06  1208.2  ! Since %xtab exist, second number is dummy                                        
   111:                                                                                                     
   112: ! THERMAL-HYDRAULIC CARD                                                                            
   113: %THER                                                                                               
   114: 0.0001                              ! Percent power in %                                            
   115: 3565.0e6                            ! Reactor thermal power for full geometry in Watt               
   116: 560.  82.121243523                  ! Inlet coolant temp. (Kelvin) and Fuel Assembly Mass flow rate 
   117: 3.951E-03  5.9E-05  5.73E-04  1.26E-2 ! Fuel meat rad., gap thinkness, cladding thinkness and pin pi
   118: 264  25                              ! Number of fuel pin and guide tubes                           
   119: 0.0                                  ! FRACTION OF HEAT DEPOSITED IN COOLANT                        
   120: 1                                                                                                   
   121:                                                                                                     
   122: %EJCT                                                                                               
   123: ! Final Bank Pos (steps)     Starts Move (seconds)     Speed (steps/seconds)                        
   124:      0.                       0.0                     0.0       ! Bank 1                            
   125:      0.                       0.0                     0.0       ! Bank 2                            
   126:      0.                       0.0                     0.0       ! Bank 3                            
   127:      0.                       0.0                     0.0       ! Bank 4                            
   128:      200.                     0.0                     0.0       ! Bank 5                            
   129:      200.                     0.0                     0.0       ! Bank 6                            
   130:      200.                     0.0                     0.0       ! Bank 7                            
   131:      200.                     0.0                     0.0       ! Bank 8                            
   132:      200.                     0.0                  2000.0       ! Bank 9                            
   133: 1.0  0.002  1.0  0.002            ! (seconds) total time, 1st time step, when to start 2nd time step
   134: 1                                                                                                   
   135:                                                                                                     
   136: ! Iteration control card (see manual or output file for description)                                
   137: %ITER                                                                                               
   138: 1200 3 1.e-5 1.e-5 20 40 20 80                                                                      
  =============================INPUT DATA   ENDS HERE===========================



                              START READING INPUT
  ******************************************************************************
  CALCULATION MODE : ROD EJECTION CALCULATION WITH T-H FEEDBACK                  

  CASE ID : MOX TRANSIENT PROBLEM                                                                               
  WITH XSEC FROM SERPENT                                                                              


            >>>> READING TABULAR XSEC FILE <<<<
            --------------------------------------------

     MATERIAL  1
     XTAB FILE smpl/xsec/SERPENT_CMM/u42.tab. COMPOSITION NUMBER  1
    GROUP   TRANSPORT    DIFFUSION  ABSORPTION    NU*FISS      KAP*FIS    FISS. SPCTR  NEUTRON VELOCITY
       1     0.219922    1.515689    0.009479     0.007444   9.57487E-14    1.000000     2.12515E+07     1.00709E+00
       2     0.778788    0.428015    0.104242     0.153146   2.03615E-12    0.000000     4.47217E+05     1.02494E+00
   --SCATTERING MATRIX--
     G/G'          1          2
      1        0.481284    0.015137
      2        0.001835    1.195630
   --BETA AND LAMBDA--
      GROUP        1            2            3            4            5            6
        BETA   2.14291E-04  1.17806E-03  1.22003E-03  2.80494E-03  1.27269E-03  5.33499E-04
      LAMBDA   1.33659E-02  3.25396E-02  1.21201E-01  3.07150E-01  8.66716E-01  2.91141E+00

     MATERIAL  2
     XTAB FILE smpl/xsec/SERPENT_CMM/u42.tab. COMPOSITION NUMBER  2
    GROUP   TRANSPORT    DIFFUSION  ABSORPTION    NU*FISS      KAP*FIS    FISS. SPCTR  NEUTRON VELOCITY
       1     0.219834    1.516296    0.009974     0.006247   7.82687E-14    1.000000     2.16250E+07     9.99513E-01
       2     0.799848    0.416746    0.103677     0.159245   2.01147E-12    0.000000     4.37727E+05     9.57118E-01
   --SCATTERING MATRIX--
     G/G'          1          2
      1        0.482844    0.014711
      2        0.001831    1.210770
   --BETA AND LAMBDA--
      GROUP        1            2            3            4            5            6
        BETA   1.75506E-04  9.95106E-04  9.48589E-04  2.27835E-03  1.10981E-03  4.19633E-04
      LAMBDA   1.33659E-02  3.20900E-02  1.20371E-01  3.07651E-01  8.71063E-01  2.92001E+00

     MATERIAL  3
     XTAB FILE smpl/xsec/SERPENT_CMM/u42.tab. COMPOSITION NUMBER  4
    GROUP   TRANSPORT    DIFFUSION  ABSORPTION    NU*FISS      KAP*FIS    FISS. SPCTR  NEUTRON VELOCITY
       1     0.219856    1.516144    0.010162     0.005945   7.39788E-14    1.000000     2.16688E+07     1.00085E+00
       2     0.807008    0.413048    0.102595     0.154736   1.93645E-12    0.000000     4.35669E+05     9.55051E-01
   --SCATTERING MATRIX--
     G/G'          1          2
      1        0.483899    0.014680
      2        0.001801    1.213030
   --BETA AND LAMBDA--
      GROUP        1            2            3            4            5            6
        BETA   1.61597E-04  9.89494E-04  9.22919E-04  2.19671E-03  1.06463E-03  4.43168E-04
      LAMBDA   1.33750E-02  3.19618E-02  1.20234E-01  3.08040E-01  8.73400E-01  2.92578E+00

     MATERIAL  4
     XTAB FILE smpl/xsec/SERPENT_CMM/u42.tab. COMPOSITION NUMBER  5
    GROUP   TRANSPORT    DIFFUSION  ABSORPTION    NU*FISS      KAP*FIS    FISS. SPCTR  NEUTRON VELOCITY
       1     0.220123    1.514305    0.010475     0.005387   6.61644E-14    1.000000     2.17220E+07     1.00082E+00
       2     0.807936    0.412574    0.099536     0.143538   1.76719E-12    0.000000     4.32275E+05     9.46390E-01
   --SCATTERING MATRIX--
     G/G'          1          2
      1        0.486104    0.014695
      2        0.001758    1.216860
   --BETA AND LAMBDA--
      GROUP        1            2            3            4            5            6
        BETA   1.41860E-04  8.94923E-04  8.45018E-04  2.00452E-03  1.06169E-03  4.21629E-04
      LAMBDA   1.33871E-02  3.17306E-02  1.19904E-01  3.08825E-01  8.76144E-01  2.93654E+00

     MATERIAL  5
     XTAB FILE smpl/xsec/SERPENT_CMM/u42.tab. COMPOSITION NUMBER  6
    GROUP   TRANSPORT    DIFFUSION  ABSORPTION    NU*FISS      KAP*FIS    FISS. SPCTR  NEUTRON VELOCITY
       1     0.220050    1.514807    0.010549     0.005261   6.44058E-14    1.000000     2.17098E+07     1.00071E+00
       2     0.811074    0.410978    0.098685     0.140621   1.72475E-12    0.000000     4.31226E+05     9.43312E-01
   --SCATTERING MATRIX--
     G/G'          1          2
      1        0.486596    0.014695
      2        0.001732    1.217440
   --BETA AND LAMBDA--
      GROUP        1            2            3            4            5            6
        BETA   1.34247E-04  9.06046E-04  8.62473E-04  1.98519E-03  1.05692E-03  3.98040E-04
      LAMBDA   1.33859E-02  3.16686E-02  1.19833E-01  3.08894E-01  8.76713E-01  2.93600E+00

     MATERIAL  6
     XTAB FILE smpl/xsec/SERPENT_CMM/u42.tab. COMPOSITION NUMBER  7
    GROUP   TRANSPORT    DIFFUSION  ABSORPTION    NU*FISS      KAP*FIS    FISS. SPCTR  NEUTRON VELOCITY
       1     0.220107    1.514415    0.010615     0.005133   6.26458E-14    1.000000     2.17137E+07     1.00235E+00
       2     0.811984    0.410517    0.097797     0.137674   1.68243E-12    0.000000     4.30524E+05     9.42854E-01
   --SCATTERING MATRIX--
     G/G'          1          2
      1        0.487066    0.014709
      2        0.001709    1.218060
   --BETA AND LAMBDA--
      GROUP        1            2            3            4            5            6
        BETA   1.29344E-04  9.01347E-04  8.50063E-04  1.95617E-03  1.03328E-03  4.21366E-04
      LAMBDA   1.34053E-02  3.16169E-02  1.19680E-01  3.09314E-01  8.78226E-01  2.94537E+00

     MATERIAL  7
     XTAB FILE smpl/xsec/SERPENT_CMM/u45.tab. COMPOSITION NUMBER  1
    GROUP   TRANSPORT    DIFFUSION  ABSORPTION    NU*FISS      KAP*FIS    FISS. SPCTR  NEUTRON VELOCITY
       1     0.220035    1.514911    0.009631     0.007771   1.00078E-13    1.000000     2.14660E+07     1.00662E+00
       2     0.777507    0.428721    0.108297     0.161703   2.14999E-12    0.000000     4.49926E+05     1.02561E+00
   --SCATTERING MATRIX--
     G/G'          1          2
      1        0.480702    0.014951
      2        0.001910    1.194050
   --BETA AND LAMBDA--
      GROUP        1            2            3            4            5            6
        BETA   2.25494E-04  1.20150E-03  1.18746E-03  2.80071E-03  1.27123E-03  5.37941E-04
      LAMBDA   1.33639E-02  3.25436E-02  1.21214E-01  3.07057E-01  8.66397E-01  2.90966E+00

     MATERIAL  8
     XTAB FILE smpl/xsec/SERPENT_CMM/u45.tab. COMPOSITION NUMBER  2
    GROUP   TRANSPORT    DIFFUSION  ABSORPTION    NU*FISS      KAP*FIS    FISS. SPCTR  NEUTRON VELOCITY
       1     0.219689    1.517296    0.010085     0.006548   8.22746E-14    1.000000     2.17914E+07     9.99196E-01
       2     0.801637    0.415816    0.107723     0.167290   2.11931E-12    0.000000     4.40408E+05     9.62309E-01
   --SCATTERING MATRIX--
     G/G'          1          2
      1        0.482310    0.014572
      2        0.001892    1.208700
   --BETA AND LAMBDA--
      GROUP        1            2            3            4            5            6
        BETA   1.73193E-04  9.99871E-04  9.31320E-04  2.31996E-03  1.11852E-03  4.45859E-04
      LAMBDA   1.33605E-02  3.21479E-02  1.20444E-01  3.07448E-01  8.70739E-01  2.91663E+00

     MATERIAL  9
     XTAB FILE smpl/xsec/SERPENT_CMM/u45.tab. COMPOSITION NUMBER  3
    GROUP   TRANSPORT    DIFFUSION  ABSORPTION    NU*FISS      KAP*FIS    FISS. SPCTR  NEUTRON VELOCITY
       1     0.219715    1.517117    0.010171     0.006386   7.99707E-14    1.000000     2.18192E+07     9.99624E-01
       2     0.802782    0.415223    0.107190     0.165165   2.08290E-12    0.000000     4.39367E+05     9.57611E-01
   --SCATTERING MATRIX--
     G/G'          1          2
      1        0.482870    0.014564
      2        0.001906    1.209930
   --BETA AND LAMBDA--
      GROUP        1            2            3            4            5            6
        BETA   1.64556E-04  9.46398E-04  9.30036E-04  2.22407E-03  1.13298E-03  4.42450E-04
      LAMBDA   1.33773E-02  3.20840E-02  1.20328E-01  3.07571E-01  8.71997E-01  2.92413E+00

     MATERIAL 10
     XTAB FILE smpl/xsec/SERPENT_CMM/u45.tab. COMPOSITION NUMBER  5
    GROUP   TRANSPORT    DIFFUSION  ABSORPTION    NU*FISS      KAP*FIS    FISS. SPCTR  NEUTRON VELOCITY
       1     0.220016    1.515041    0.010545     0.005642   6.95478E-14    1.000000     2.18718E+07     1.00122E+00
       2     0.808747    0.412160    0.103423     0.151395   1.87109E-12    0.000000     4.34548E+05     9.44752E-01
   --SCATTERING MATRIX--
     G/G'          1          2
      1        0.485486    0.014565
      2        0.001811    1.214770
   --BETA AND LAMBDA--
      GROUP        1            2            3            4            5            6
        BETA   1.43115E-04  9.55951E-04  8.49612E-04  2.05304E-03  1.06871E-03  4.13310E-04
      LAMBDA   1.33811E-02  3.18117E-02  1.19895E-01  3.08230E-01  8.75204E-01  2.93207E+00

     MATERIAL 11
     XTAB FILE smpl/xsec/SERPENT_CMM/u45.tab. COMPOSITION NUMBER  7
    GROUP   TRANSPORT    DIFFUSION  ABSORPTION    NU*FISS      KAP*FIS    FISS. SPCTR  NEUTRON VELOCITY
       1     0.219928    1.515648    0.010682     0.005379   6.58913E-14    1.000000     2.18722E+07     1.00174E+00
       2     0.810871    0.411081    0.101463     0.145087   1.78025E-12    0.000000     4.32794E+05     9.41584E-01
   --SCATTERING MATRIX--
     G/G'          1          2
      1        0.486517    0.014584
      2        0.001774    1.216900
   --BETA AND LAMBDA--
      GROUP        1            2            3            4            5            6
        BETA   1.52090E-04  8.98118E-04  8.14572E-04  2.05198E-03  1.11312E-03  4.17227E-04
      LAMBDA   1.33927E-02  3.16943E-02  1.19785E-01  3.08953E-01  8.76954E-01  2.94272E+00

     MATERIAL 12
     XTAB FILE smpl/xsec/SERPENT_CMM/m40.tab. COMPOSITION NUMBER  1
    GROUP   TRANSPORT    DIFFUSION  ABSORPTION    NU*FISS      KAP*FIS    FISS. SPCTR  NEUTRON VELOCITY
       1     0.220719    1.510216    0.011226     0.008162   9.51892E-14    1.000000     1.95465E+07     1.00165E+00
       2     0.820235    0.406388    0.238210     0.363796   4.25295E-12    0.000000     4.51853E+05     1.33226E+00
   --SCATTERING MATRIX--
     G/G'          1          2
      1        0.475578    0.012941
      2        0.003870    1.158510
   --BETA AND LAMBDA--
      GROUP        1            2            3            4            5            6
        BETA   8.82928E-05  5.89735E-04  5.15773E-04  1.08877E-03  6.13172E-04  2.16079E-04
      LAMBDA   1.33229E-02  3.10230E-02  1.16408E-01  3.04479E-01  8.77645E-01  2.89773E+00

     MATERIAL 13
     XTAB FILE smpl/xsec/SERPENT_CMM/m40.tab. COMPOSITION NUMBER  4
    GROUP   TRANSPORT    DIFFUSION  ABSORPTION    NU*FISS      KAP*FIS    FISS. SPCTR  NEUTRON VELOCITY
       1     0.221897    1.502198    0.011792     0.006868   7.99726E-14    1.000000     1.95630E+07     9.90584E-01
       2     0.817872    0.407562    0.180988     0.272327   3.17657E-12    0.000000     4.34128E+05     1.18850E+00
   --SCATTERING MATRIX--
     G/G'          1          2
      1        0.480567    0.012798
      2        0.003022    1.163520
   --BETA AND LAMBDA--
      GROUP        1            2            3            4            5            6
        BETA   9.31617E-05  6.75282E-04  5.52649E-04  1.27608E-03  6.97608E-04  2.47229E-04
      LAMBDA   1.33745E-02  3.08184E-02  1.16963E-01  3.06165E-01  8.78297E-01  2.92517E+00

     MATERIAL 14
     XTAB FILE smpl/xsec/SERPENT_CMM/m40.tab. COMPOSITION NUMBER  7
    GROUP   TRANSPORT    DIFFUSION  ABSORPTION    NU*FISS      KAP*FIS    FISS. SPCTR  NEUTRON VELOCITY
       1     0.222945    1.495137    0.012121     0.006136   7.13634E-14    1.000000     1.94800E+07     9.90785E-01
       2     0.808917    0.412074    0.153967     0.224278   2.61097E-12    0.000000     4.24793E+05     1.12511E+00
   --SCATTERING MATRIX--
     G/G'          1          2
      1        0.483499    0.012806
      2        0.002574    1.167340
   --BETA AND LAMBDA--
      GROUP        1            2            3            4            5            6
        BETA   9.04087E-05  7.44158E-04  5.97227E-04  1.33246E-03  7.96130E-04  2.79177E-04
      LAMBDA   1.34220E-02  3.06788E-02  1.17023E-01  3.07455E-01  8.79282E-01  2.95063E+00

     MATERIAL 15
     XTAB FILE smpl/xsec/SERPENT_CMM/m43.tab. COMPOSITION NUMBER  1
    GROUP   TRANSPORT    DIFFUSION  ABSORPTION    NU*FISS      KAP*FIS    FISS. SPCTR  NEUTRON VELOCITY
       1     0.220350    1.512745    0.011399     0.008546   9.95871E-14    1.000000     1.97586E+07     9.99814E-01
       2     0.819512    0.406746    0.246635     0.379552   4.43653E-12    0.000000     4.54246E+05     1.37063E+00
   --SCATTERING MATRIX--
     G/G'          1          2
      1        0.474942    0.012761
      2        0.003970    1.159210
   --BETA AND LAMBDA--
      GROUP        1            2            3            4            5            6
        BETA   9.03239E-05  5.93518E-04  5.11999E-04  1.07891E-03  6.02403E-04  2.35205E-04
      LAMBDA   1.33347E-02  3.10323E-02  1.16370E-01  3.04433E-01  8.78207E-01  2.88955E+00

     MATERIAL 16
     XTAB FILE smpl/xsec/SERPENT_CMM/m43.tab. COMPOSITION NUMBER  2
    GROUP   TRANSPORT    DIFFUSION  ABSORPTION    NU*FISS      KAP*FIS    FISS. SPCTR  NEUTRON VELOCITY
       1     0.221610    1.504144    0.011864     0.007505   8.73610E-14    1.000000     1.97849E+07     9.90326E-01
       2     0.815673    0.408660    0.203141     0.308235   3.59755E-12    0.000000     4.41616E+05     1.26037E+00
   --SCATTERING MATRIX--
     G/G'          1          2
      1        0.479000    0.012635
      2        0.003354    1.161460
   --BETA AND LAMBDA--
      GROUP        1            2            3            4            5            6
        BETA   9.68713E-05  6.74582E-04  5.48380E-04  1.19769E-03  6.80774E-04  2.32154E-04
      LAMBDA   1.33651E-02  3.08495E-02  1.16549E-01  3.05601E-01  8.78537E-01  2.93004E+00

     MATERIAL 17
     XTAB FILE smpl/xsec/SERPENT_CMM/m43.tab. COMPOSITION NUMBER  6
    GROUP   TRANSPORT    DIFFUSION  ABSORPTION    NU*FISS      KAP*FIS    FISS. SPCTR  NEUTRON VELOCITY
       1     0.222554    1.497764    0.012223     0.006605   7.67907E-14    1.000000     1.97188E+07     9.89869E-01
       2     0.806785    0.413163    0.168181     0.249535   2.90639E-12    0.000000     4.29562E+05     1.17898E+00
   --SCATTERING MATRIX--
     G/G'          1          2
      1        0.482394    0.012625
      2        0.002808    1.165660
   --BETA AND LAMBDA--
      GROUP        1            2            3            4            5            6
        BETA   8.74140E-05  7.26097E-04  5.86616E-04  1.32407E-03  7.60024E-04  2.79045E-04
      LAMBDA   1.34005E-02  3.06848E-02  1.16999E-01  3.06855E-01  8.78565E-01  2.94641E+00

     MATERIAL 18
     XTAB FILE smpl/xsec/SERPENT_CMM/refr.tab. COMPOSITION NUMBER  1
    GROUP   TRANSPORT    DIFFUSION  ABSORPTION    NU*FISS      KAP*FIS    FISS. SPCTR  NEUTRON VELOCITY
       1     0.252383    1.320744    0.001931     0.000000   0.00000E+00    0.000000     1.32518E+07     1.22678E+00
       2     1.360570    0.244995    0.017115     0.000000   0.00000E+00    0.000000     3.64513E+05     1.60585E-01
   --SCATTERING MATRIX--
     G/G'          1          2
      1        0.628627    0.028768
      2        0.000340    2.050280
   --BETA AND LAMBDA--
      GROUP        1            2            3            4            5            6
        BETA   0.00000E+00  0.00000E+00  0.00000E+00  0.00000E+00  0.00000E+00  0.00000E+00
      LAMBDA   0.00000E+00  0.00000E+00  0.00000E+00  0.00000E+00  0.00000E+00  0.00000E+00

     MATERIAL 19
     XTAB FILE smpl/xsec/SERPENT_CMM/refa.tab. COMPOSITION NUMBER  1
    GROUP   TRANSPORT    DIFFUSION  ABSORPTION    NU*FISS      KAP*FIS    FISS. SPCTR  NEUTRON VELOCITY
       1     0.151007    2.207403    0.000377     0.000000   0.00000E+00    0.000000     1.22683E+07     1.00924E+00
       2     1.188910    0.280369    0.008950     0.000000   0.00000E+00    0.000000     3.58268E+05     1.02785E+00
   --SCATTERING MATRIX--
     G/G'          1          2
      1        0.585596    0.038411
      2        0.000244    1.834520
   --BETA AND LAMBDA--
      GROUP        1            2            3            4            5            6
        BETA   0.00000E+00  0.00000E+00  0.00000E+00  0.00000E+00  0.00000E+00  0.00000E+00
      LAMBDA   0.00000E+00  0.00000E+00  0.00000E+00  0.00000E+00  0.00000E+00  0.00000E+00

  ...XTAB FILE Card is successfully read...


            >>>>>READING CORE GEOMETRY<<<<<
            -------------------------------
  Number of assembly in x, y and z directions respectively :
          17          17          22
  Number of nodes in x, y and z directions respectively :
          34          34          22

  x-directed nodes division (delta-x)
    10.71  10.71  10.71  10.71  10.71  10.71  10.71  10.71  10.71  10.71
    10.71  10.71  10.71  10.71  10.71  10.71  10.71  10.71  10.71  10.71
    10.71  10.71  10.71  10.71  10.71  10.71  10.71  10.71  10.71  10.71
    10.71  10.71  10.71  10.71
  y-directed nodes division (delta-y)
    10.71  10.71  10.71  10.71  10.71  10.71  10.71  10.71  10.71  10.71
    10.71  10.71  10.71  10.71  10.71  10.71  10.71  10.71  10.71  10.71
    10.71  10.71  10.71  10.71  10.71  10.71  10.71  10.71  10.71  10.71
    10.71  10.71  10.71  10.71

   Planar Region :  1
        1  2  3  4  5  6  7  8  9 10 11 12 13 14 15 16 17 18 19 20 21 22 23 24 25 26 27 28 29 30 31 32 33 34
    34                          18 18 18 18 18 18 18 18 18 18 18 18 18 18 18 18 18 18                        
    33                          18 18 18 18 18 18 18 18 18 18 18 18 18 18 18 18 18 18                        
    32              18 18 18 18 18 18 9  9  17 17 8  8  4  4  8  8  17 17 9  9  18 18 18 18 18 18            
    31              18 18 18 18 18 18 9  9  17 17 8  8  4  4  8  8  17 17 9  9  18 18 18 18 18 18            
    30        18 18 18 18 10 10 2  2  15 15 7  7  12 12 7  7  12 12 7  7  15 15 2  2  10 10 18 18 18 18      
    29        18 18 18 18 10 10 2  2  15 15 7  7  12 12 7  7  12 12 7  7  15 15 2  2  10 10 18 18 18 18      
    28        18 18 10 10 15 15 7  7  9  9  16 16 4  4  16 16 4  4  16 16 9  9  7  7  15 15 10 10 18 18      
    27        18 18 10 10 15 15 7  7  9  9  16 16 4  4  16 16 4  4  16 16 9  9  7  7  15 15 10 10 18 18      
    26  18 18 18 18 2  2  7  7  6  6  1  1  3  3  1  1  11 11 1  1  3  3  1  1  6  6  7  7  2  2  18 18 18 18
    25  18 18 18 18 2  2  7  7  6  6  1  1  3  3  1  1  11 11 1  1  3  3  1  1  6  6  7  7  2  2  18 18 18 18
    24  18 18 9  9  15 15 9  9  1  1  14 14 1  1  13 13 7  7  13 13 1  1  14 14 1  1  9  9  15 15 9  9  18 18
    23  18 18 9  9  15 15 9  9  1  1  14 14 1  1  13 13 7  7  13 13 1  1  14 14 1  1  9  9  15 15 9  9  18 18
    22  18 18 17 17 7  7  16 16 3  3  1  1  3  3  10 10 3  3  10 10 3  3  1  1  3  3  16 16 7  7  17 17 18 18
    21  18 18 17 17 7  7  16 16 3  3  1  1  3  3  10 10 3  3  10 10 3  3  1  1  3  3  16 16 7  7  17 17 18 18
    20  18 18 8  8  12 12 4  4  1  1  13 13 10 10 2  2  1  1  2  2  10 10 13 13 1  1  4  4  12 12 8  8  18 18
    19  18 18 8  8  12 12 4  4  1  1  13 13 10 10 2  2  1  1  2  2  10 10 13 13 1  1  4  4  12 12 8  8  18 18
    18  18 18 4  4  7  7  16 16 11 11 7  7  3  3  1  1  5  5  1  1  3  3  7  7  11 11 16 16 7  7  4  4  18 18
    17  18 18 4  4  7  7  16 16 11 11 7  7  3  3  1  1  5  5  1  1  3  3  7  7  11 11 16 16 7  7  4  4  18 18
    16  18 18 8  8  12 12 4  4  1  1  13 13 10 10 2  2  1  1  2  2  10 10 13 13 1  1  4  4  12 12 8  8  18 18
    15  18 18 8  8  12 12 4  4  1  1  13 13 10 10 2  2  1  1  2  2  10 10 13 13 1  1  4  4  12 12 8  8  18 18
    14  18 18 17 17 7  7  16 16 3  3  1  1  3  3  10 10 3  3  10 10 3  3  1  1  3  3  16 16 7  7  17 17 18 18
    13  18 18 17 17 7  7  16 16 3  3  1  1  3  3  10 10 3  3  10 10 3  3  1  1  3  3  16 16 7  7  17 17 18 18
    12  18 18 9  9  15 15 9  9  1  1  14 14 1  1  13 13 7  7  13 13 1  1  14 14 1  1  9  9  15 15 9  9  18 18
    11  18 18 9  9  15 15 9  9  1  1  14 14 1  1  13 13 7  7  13 13 1  1  14 14 1  1  9  9  15 15 9  9  18 18
    10  18 18 18 18 2  2  7  7  6  6  1  1  3  3  1  1  11 11 1  1  3  3  1  1  6  6  7  7  2  2  18 18 18 18
     9  18 18 18 18 2  2  7  7  6  6  1  1  3  3  1  1  11 11 1  1  3  3  1  1  6  6  7  7  2  2  18 18 18 18
     8        18 18 10 10 15 15 7  7  9  9  16 16 4  4  16 16 4  4  16 16 9  9  7  7  15 15 10 10 18 18      
     7        18 18 10 10 15 15 7  7  9  9  16 16 4  4  16 16 4  4  16 16 9  9  7  7  15 15 10 10 18 18      
     6        18 18 18 18 10 10 2  2  15 15 7  7  12 12 7  7  12 12 7  7  15 15 2  2  10 10 18 18 18 18      
     5        18 18 18 18 10 10 2  2  15 15 7  7  12 12 7  7  12 12 7  7  15 15 2  2  10 10 18 18 18 18      
     4              18 18 18 18 18 18 9  9  17 17 8  8  4  4  8  8  17 17 9  9  18 18 18 18 18 18            
     3              18 18 18 18 18 18 9  9  17 17 8  8  4  4  8  8  17 17 9  9  18 18 18 18 18 18            
     2                          18 18 18 18 18 18 18 18 18 18 18 18 18 18 18 18 18 18                        
     1                          18 18 18 18 18 18 18 18 18 18 18 18 18 18 18 18 18 18                        
   Planar Region :  2
        1  2  3  4  5  6  7  8  9 10 11 12 13 14 15 16 17 18 19 20 21 22 23 24 25 26 27 28 29 30 31 32 33 34
    34                          19 19 19 19 19 19 19 19 19 19 19 19 19 19 19 19 19 19                        
    33                          19 19 19 19 19 19 19 19 19 19 19 19 19 19 19 19 19 19                        
    32              19 19 19 19 19 19 19 19 19 19 19 19 19 19 19 19 19 19 19 19 19 19 19 19 19 19            
    31              19 19 19 19 19 19 19 19 19 19 19 19 19 19 19 19 19 19 19 19 19 19 19 19 19 19            
    30        19 19 19 19 19 19 19 19 19 19 19 19 19 19 19 19 19 19 19 19 19 19 19 19 19 19 19 19 19 19      
    29        19 19 19 19 19 19 19 19 19 19 19 19 19 19 19 19 19 19 19 19 19 19 19 19 19 19 19 19 19 19      
    28        19 19 19 19 19 19 19 19 19 19 19 19 19 19 19 19 19 19 19 19 19 19 19 19 19 19 19 19 19 19      
    27        19 19 19 19 19 19 19 19 19 19 19 19 19 19 19 19 19 19 19 19 19 19 19 19 19 19 19 19 19 19      
    26  19 19 19 19 19 19 19 19 19 19 19 19 19 19 19 19 19 19 19 19 19 19 19 19 19 19 19 19 19 19 19 19 19 19
    25  19 19 19 19 19 19 19 19 19 19 19 19 19 19 19 19 19 19 19 19 19 19 19 19 19 19 19 19 19 19 19 19 19 19
    24  19 19 19 19 19 19 19 19 19 19 19 19 19 19 19 19 19 19 19 19 19 19 19 19 19 19 19 19 19 19 19 19 19 19
    23  19 19 19 19 19 19 19 19 19 19 19 19 19 19 19 19 19 19 19 19 19 19 19 19 19 19 19 19 19 19 19 19 19 19
    22  19 19 19 19 19 19 19 19 19 19 19 19 19 19 19 19 19 19 19 19 19 19 19 19 19 19 19 19 19 19 19 19 19 19
    21  19 19 19 19 19 19 19 19 19 19 19 19 19 19 19 19 19 19 19 19 19 19 19 19 19 19 19 19 19 19 19 19 19 19
    20  19 19 19 19 19 19 19 19 19 19 19 19 19 19 19 19 19 19 19 19 19 19 19 19 19 19 19 19 19 19 19 19 19 19
    19  19 19 19 19 19 19 19 19 19 19 19 19 19 19 19 19 19 19 19 19 19 19 19 19 19 19 19 19 19 19 19 19 19 19
    18  19 19 19 19 19 19 19 19 19 19 19 19 19 19 19 19 19 19 19 19 19 19 19 19 19 19 19 19 19 19 19 19 19 19
    17  19 19 19 19 19 19 19 19 19 19 19 19 19 19 19 19 19 19 19 19 19 19 19 19 19 19 19 19 19 19 19 19 19 19
    16  19 19 19 19 19 19 19 19 19 19 19 19 19 19 19 19 19 19 19 19 19 19 19 19 19 19 19 19 19 19 19 19 19 19
    15  19 19 19 19 19 19 19 19 19 19 19 19 19 19 19 19 19 19 19 19 19 19 19 19 19 19 19 19 19 19 19 19 19 19
    14  19 19 19 19 19 19 19 19 19 19 19 19 19 19 19 19 19 19 19 19 19 19 19 19 19 19 19 19 19 19 19 19 19 19
    13  19 19 19 19 19 19 19 19 19 19 19 19 19 19 19 19 19 19 19 19 19 19 19 19 19 19 19 19 19 19 19 19 19 19
    12  19 19 19 19 19 19 19 19 19 19 19 19 19 19 19 19 19 19 19 19 19 19 19 19 19 19 19 19 19 19 19 19 19 19
    11  19 19 19 19 19 19 19 19 19 19 19 19 19 19 19 19 19 19 19 19 19 19 19 19 19 19 19 19 19 19 19 19 19 19
    10  19 19 19 19 19 19 19 19 19 19 19 19 19 19 19 19 19 19 19 19 19 19 19 19 19 19 19 19 19 19 19 19 19 19
     9  19 19 19 19 19 19 19 19 19 19 19 19 19 19 19 19 19 19 19 19 19 19 19 19 19 19 19 19 19 19 19 19 19 19
     8        19 19 19 19 19 19 19 19 19 19 19 19 19 19 19 19 19 19 19 19 19 19 19 19 19 19 19 19 19 19      
     7        19 19 19 19 19 19 19 19 19 19 19 19 19 19 19 19 19 19 19 19 19 19 19 19 19 19 19 19 19 19      
     6        19 19 19 19 19 19 19 19 19 19 19 19 19 19 19 19 19 19 19 19 19 19 19 19 19 19 19 19 19 19      
     5        19 19 19 19 19 19 19 19 19 19 19 19 19 19 19 19 19 19 19 19 19 19 19 19 19 19 19 19 19 19      
     4              19 19 19 19 19 19 19 19 19 19 19 19 19 19 19 19 19 19 19 19 19 19 19 19 19 19            
     3              19 19 19 19 19 19 19 19 19 19 19 19 19 19 19 19 19 19 19 19 19 19 19 19 19 19            
     2                          19 19 19 19 19 19 19 19 19 19 19 19 19 19 19 19 19 19                        
     1                          19 19 19 19 19 19 19 19 19 19 19 19 19 19 19 19 19 19                        

  Planar Region Assignment to planes.
 --------------------------------------
   Plane Number     Planar Region    delta-z
       22 (TOP)            2          21.42
       21                  1          18.29
       20                  1          18.29
       19                  1          18.29
       18                  1          18.29
       17                  1          18.29
       16                  1          18.29
       15                  1          18.29
       14                  1          18.29
       13                  1          18.29
       12                  1          18.29
       11                  1          18.29
       10                  1          18.29
        9                  1          18.29
        8                  1          18.29
        7                  1          18.29
        6                  1          18.29
        5                  1          18.29
        4                  1          18.29
        3                  1          18.29
        2                  1          18.29
        1 (BOTTOM)         2          21.42

   Boundary conditions
  X-directed West   : ZERO FLUX
  X-directed East   : ZERO FLUX
  Y-directed North  : ZERO FLUX
  Y-directed South  : ZERO FLUX
  Z-directed Bottom : ZERO FLUX
  Z-directed Top    : ZERO FLUX

  ...Core geometry is successfully read...


            >>>> READING CONTROL RODS INSERTION <<<<
            --------------------------------------------
  NUMBER OF CONTROL ROD BANK  :  9
  MAX. NUMBER OF STEPS        : 200
  FULLY INSERTED POSITION (cm): 21.4 (FROM BOTTOM OF THE CORE)
  STEP SIZE (cm)              :   1.8288
  INITIAL CONTROL ROD BANK POSITION (STEPS) : 
  (0 means fully inserted) 
    Bank  1  Bank  2  Bank  3  Bank  4  Bank  5  Bank  6  Bank  7  Bank  8  Bank  9
      0.0      0.0      0.0      0.0    200.0    200.0    200.0    200.0      0.0

  CONTROL ROD BANK MAP : 
  0  0  0  0  0  0  0  0  0  0  0  0  0  0  0  0  0
  0  0  0  0  0  0  0  0  0  0  0  0  0  0  0  0  0
  0  0  0  0  5  0  2  0  3  0  2  0  5  0  0  0  0
  0  0  0  0  0  7  0  6  0  6  0  7  0  0  0  0  0
  0  0  5  0  4  0  0  0  8  0  0  0  9  0  5  0  0
  0  0  0  7  0  0  0  0  0  0  0  0  0  7  0  0  0
  0  0  2  0  0  0  3  0  1  0  3  0  0  0  2  0  0
  0  0  0  6  0  0  0  0  0  0  0  0  0  6  0  0  0
  0  0  3  0  8  0  1  0  4  0  1  0  8  0  3  0  0
  0  0  0  6  0  0  0  0  0  0  0  0  0  6  0  0  0
  0  0  2  0  0  0  3  0  1  0  3  0  0  0  2  0  0
  0  0  0  7  0  0  0  0  0  0  0  0  0  7  0  0  0
  0  0  5  0  4  0  0  0  8  0  0  0  4  0  5  0  0
  0  0  0  0  0  7  0  6  0  6  0  7  0  0  0  0  0
  0  0  0  0  5  0  2  0  3  0  2  0  5  0  0  0  0
  0  0  0  0  0  0  0  0  0  0  0  0  0  0  0  0  0
  0  0  0  0  0  0  0  0  0  0  0  0  0  0  0  0  0

  ...Control Rods Insertion card is successfully read...


            >>>>     READING ROD EJECTION DATA      <<<<
            --------------------------------------------
                           Bank  1  Bank  2  Bank  3  Bank  4  Bank  5  Bank  6  Bank  7  Bank  8  Bank  9
  FINAL BANK POS. (STEP)      0.0      0.0      0.0      0.0    200.0    200.0    200.0    200.0    200.0
  STARTS MOVE (SECOND)        0.0      0.0      0.0      0.0      0.0      0.0      0.0      0.0      0.0
  SPEED (STEP/SECOND)         0.0      0.0      0.0      0.0      0.0      0.0      0.0      0.0   2000.0

  TIME PARAMETERS IN SECONDS : 
    TOTAL SIMULATION TIME         :   1.00
    FIRST TIME STEP               : 0.0020
    SECOND TIME STEP              : 0.0020
    WHEN SECOND TIME STEP APPLY?  :   1.00

  ...Rod Ejection Card is successfully read...


            >>>>>READING ITERATION CONTROL<<<<<
            ------------------------------------
  MAXIMUM NUMBER OF OUTER ITERATION                     :  1200
  MAXIMUM NUMBER OF INNER ITERATION                     :     3
  FISSION SOURCE ERROR CRITERIA                     :    1.000E-05
  FLUX ERROR CRITERIA                               :    1.000E-05
  OUTER ITERATION FISSION SOURCE EXTRAPOLATION INTERVAL :    20
  NODAL UPDATE INTERVAL                                 :    40
  MAX. NUMBER OF T-H ITERATION                          :    20
  MAX. NUMBER OF OUTER ITERATION PER T-H ITERATION      :    80


            >>>>   READING THERMAL-HYDRAULIC DATA   <<<<
            --------------------------------------------
  REACTOR PERCENT POWER (%)                :      0.00010
  REACTOR POWER (Watt)                     :   3.5650E+09
  COOLANT INLET TEMPERATURE (Kelvin)       :   5.6000E+02
  FUEL ASSEMBLY MASS FLOW RATE (Kg/s)      :   8.2121E+01
  FUEL MEAT RADIUS (m)                     :   3.9510E-03
  GAP THICKNESS (m)                        :   5.9000E-05
  CLAD THICKNESS (m)                       :   5.7300E-04
  PIN PITCH(m)                             :   1.2600E-02
  FRACTION OF HEAT DEPOSITED IN COOL.      :   0.0000E+00

  ...Thermal-hydraulic Card is successfully read...


            >>>>       READING BORON CONCENTRATION        <<<<
            --------------------------------------------------

  ...Boron Concentration card is successfully read...


  ************************  STOP READING INPUT  ********************************

  CORE AVERAGED DELAYED NEUTRON FRACTION:  561.87 PCM

  TRANSIENT RESULTS :

  Step  Time(s)  React.($)   Rel. Power   Avg. Tm   Max. Tm   Avg. Tf   Max. Tf
 --------------------------------------------------------------------------------
   0     0.000    0.0000     1.0000E-06    286.85    286.85    286.85    286.85
   1     0.002    0.0006     1.0002E-06    286.85    286.85    286.85    286.85
   2     0.004    0.0005     1.0002E-06    286.85    286.85    286.85    286.85
   3     0.006    0.0010     1.0006E-06    286.85    286.85    286.85    286.85
   4     0.008    0.0019     1.0013E-06    286.85    286.85    286.85    286.85
   5     0.010    0.0034     1.0026E-06    286.85    286.85    286.85    286.85
   6     0.012    0.0054     1.0044E-06    286.85    286.85    286.85    286.85
   7     0.014    0.0085     1.0071E-06    286.85    286.85    286.85    286.85
   8     0.016    0.0126     1.0107E-06    286.85    286.85    286.85    286.85
   9     0.018    0.0175     1.0152E-06    286.85    286.85    286.85    286.85
  10     0.020    0.0255     1.0219E-06    286.85    286.85    286.85    286.85
  11     0.022    0.0325     1.0290E-06    286.85    286.85    286.85    286.85
  12     0.024    0.0430     1.0383E-06    286.85    286.85    286.85    286.85
  13     0.026    0.0555     1.0500E-06    286.85    286.85    286.85    286.85
  14     0.028    0.0685     1.0631E-06    286.85    286.85    286.85    286.85
  15     0.030    0.0893     1.0814E-06    286.85    286.85    286.85    286.85
  16     0.032    0.1048     1.0999E-06    286.85    286.85    286.85    286.85
  17     0.034    0.1271     1.1225E-06    286.85    286.85    286.85    286.85
  18     0.036    0.1526     1.1497E-06    286.85    286.85    286.85    286.85
  19     0.038    0.1766     1.1793E-06    286.85    286.85    286.85    286.85
  20     0.040    0.2136     1.2187E-06    286.85    286.85    286.85    286.85
  21     0.042    0.2390     1.2585E-06    286.85    286.85    286.85    286.85
  22     0.044    0.2739     1.3055E-06    286.85    286.85    286.85    286.85
  23     0.046    0.3120     1.3609E-06    286.85    286.85    286.85    286.85
  24     0.048    0.3456     1.4211E-06    286.85    286.85    286.85    286.85
  25     0.050    0.3953     1.4988E-06    286.85    286.85    286.85    286.85
  26     0.052    0.4276     1.5785E-06    286.85    286.85    286.85    286.85
  27     0.054    0.4700     1.6714E-06    286.85    286.85    286.85    286.85
  28     0.056    0.5144     1.7803E-06    286.85    286.85    286.85    286.85
  29     0.058    0.5517     1.8996E-06    286.85    286.85    286.85    286.85
  30     0.060    0.6044     2.0495E-06    286.85    286.85    286.85    286.85
  31     0.062    0.6376     2.2087E-06    286.85    286.85    286.85    286.85
  32     0.064    0.6791     2.3932E-06    286.85    286.85    286.85    286.85
  33     0.066    0.7212     2.6099E-06    286.85    286.85    286.85    286.85
  34     0.068    0.7553     2.8515E-06    286.85    286.85    286.85    286.85
  35     0.070    0.8015     3.1507E-06    286.85    286.85    286.85    286.85
  36     0.072    0.8297     3.4788E-06    286.85    286.85    286.85    286.85
  37     0.074    0.8637     3.8616E-06    286.85    286.85    286.85    286.85
  38     0.076    0.8973     4.3140E-06    286.85    286.85    286.85    286.85
  39     0.078    0.9234     4.8279E-06    286.85    286.85    286.85    286.85
  40     0.080    0.9573     5.4559E-06    286.85    286.85    286.85    286.85
  41     0.082    0.9773     6.1610E-06    286.85    286.85    286.85    286.85
  42     0.084    1.0002     6.9852E-06    286.85    286.85    286.85    286.85
  43     0.086    1.0218     7.9527E-06    286.85    286.85    286.85    286.85
  44     0.088    1.0375     9.0575E-06    286.85    286.85    286.85    286.85
  45     0.090    1.0564     1.0369E-05    286.85    286.85    286.85    286.85
  46     0.092    1.0668     1.1847E-05    286.85    286.85    286.85    286.85
  47     0.094    1.0774     1.3537E-05    286.85    286.85    286.85    286.85
  48     0.096    1.0864     1.5466E-05    286.85    286.85    286.85    286.85
  49     0.098    1.0920     1.7626E-05    286.85    286.85    286.85    286.85
  50     0.100    1.0974     2.0062E-05    286.85    286.85    286.85    286.85
  51     0.102    1.1007     2.2775E-05    286.85    286.85    286.85    286.85
  52     0.104    1.1032     2.5796E-05    286.85    286.85    286.85    286.85
  53     0.106    1.1054     2.9163E-05    286.85    286.85    286.85    286.85
  54     0.108    1.1074     3.2913E-05    286.85    286.85    286.85    286.85
  55     0.110    1.1090     3.7091E-05    286.85    286.85    286.85    286.85
  56     0.112    1.1105     4.1745E-05    286.85    286.85    286.85    286.85
  57     0.114    1.1117     4.6929E-05    286.85    286.85    286.85    286.85
  58     0.116    1.1129     5.2706E-05    286.85    286.85    286.85    286.85
  59     0.118    1.1139     5.9141E-05    286.85    286.85    286.85    286.85
  60     0.120    1.1148     6.6313E-05    286.85    286.85    286.85    286.85
  61     0.122    1.1155     7.4304E-05    286.85    286.85    286.85    286.85
  62     0.124    1.1162     8.3209E-05    286.85    286.85    286.85    286.85
  63     0.126    1.1168     9.3133E-05    286.85    286.85    286.85    286.85
  64     0.128    1.1174     1.0419E-04    286.85    286.85    286.85    286.85
  65     0.130    1.1179     1.1652E-04    286.85    286.85    286.85    286.85
  66     0.132    1.1183     1.3026E-04    286.85    286.85    286.85    286.85
  67     0.134    1.1187     1.4557E-04    286.85    286.85    286.85    286.85
  68     0.136    1.1191     1.6264E-04    286.85    286.85    286.85    286.85
  69     0.138    1.1194     1.8166E-04    286.85    286.85    286.85    286.85
  70     0.140    1.1196     2.0287E-04    286.85    286.85    286.85    286.86
  71     0.142    1.1199     2.2650E-04    286.85    286.85    286.85    286.86
  72     0.144    1.1201     2.5285E-04    286.85    286.85    286.85    286.86
  73     0.146    1.1203     2.8221E-04    286.85    286.85    286.85    286.86
  74     0.148    1.1205     3.1495E-04    286.85    286.85    286.85    286.86
  75     0.150    1.1206     3.5144E-04    286.85    286.85    286.85    286.86
  76     0.152    1.1208     3.9211E-04    286.85    286.85    286.85    286.86
  77     0.154    1.1209     4.3746E-04    286.85    286.85    286.85    286.86
  78     0.156    1.1210     4.8800E-04    286.85    286.85    286.85    286.86
  79     0.158    1.1211     5.4434E-04    286.85    286.85    286.85    286.86
  80     0.160    1.1212     6.0715E-04    286.85    286.85    286.85    286.86
  81     0.162    1.1213     6.7716E-04    286.85    286.85    286.85    286.87
  82     0.164    1.1214     7.5520E-04    286.85    286.85    286.85    286.87
  83     0.166    1.1214     8.4220E-04    286.85    286.85    286.85    286.87
  84     0.168    1.1215     9.3918E-04    286.85    286.85    286.85    286.87
  85     0.170    1.1215     1.0473E-03    286.85    286.85    286.85    286.87
  86     0.172    1.1216     1.1678E-03    286.85    286.85    286.85    286.88
  87     0.174    1.1216     1.3021E-03    286.85    286.85    286.85    286.88
  88     0.176    1.1216     1.4518E-03    286.85    286.85    286.85    286.88
  89     0.178    1.1217     1.6188E-03    286.85    286.85    286.85    286.89
  90     0.180    1.1217     1.8048E-03    286.85    286.85    286.85    286.89
  91     0.182    1.1217     2.0122E-03    286.85    286.85    286.85    286.89
  92     0.184    1.1217     2.2433E-03    286.85    286.85    286.86    286.90
  93     0.186    1.1217     2.5010E-03    286.85    286.85    286.86    286.91
  94     0.188    1.1217     2.7882E-03    286.85    286.85    286.86    286.91
  95     0.190    1.1217     3.1083E-03    286.85    286.85    286.86    286.92
  96     0.192    1.1218     3.4651E-03    286.85    286.85    286.86    286.93
  97     0.194    1.1217     3.8628E-03    286.85    286.85    286.86    286.94
  98     0.196    1.1217     4.3060E-03    286.85    286.85    286.86    286.94
  99     0.198    1.1217     4.7999E-03    286.85    286.85    286.86    286.96
 100     0.200    1.1217     5.3504E-03    286.85    286.85    286.86    286.97
 101     0.202    1.1217     5.9638E-03    286.85    286.85    286.86    286.98
 102     0.204    1.1217     6.6475E-03    286.85    286.85    286.87    287.00
 103     0.206    1.1217     7.4092E-03    286.85    286.85    286.87    287.01
 104     0.208    1.1217     8.2580E-03    286.85    286.85    286.87    287.03
 105     0.210    1.1216     9.2038E-03    286.85    286.85    286.87    287.05
 106     0.212    1.1216     1.0257E-02    286.85    286.85    286.87    287.08
 107     0.214    1.1216     1.1431E-02    286.85    286.85    286.88    287.10
 108     0.216    1.1215     1.2739E-02    286.85    286.85    286.88    287.13
 109     0.218    1.1215     1.4196E-02    286.85    286.85    286.88    287.16
 110     0.220    1.1214     1.5818E-02    286.85    286.85    286.89    287.20
 111     0.222    1.1213     1.7624E-02    286.85    286.85    286.89    287.24
 112     0.224    1.1213     1.9636E-02    286.85    286.85    286.90    287.28
 113     0.226    1.1212     2.1876E-02    286.85    286.85    286.90    287.33
 114     0.228    1.1211     2.4369E-02    286.85    286.85    286.91    287.39
 115     0.230    1.1210     2.7144E-02    286.85    286.85    286.91    287.45
 116     0.232    1.1209     3.0232E-02    286.85    286.85    286.92    287.52
 117     0.234    1.1208     3.3667E-02    286.85    286.85    286.93    287.59
 118     0.236    1.1206     3.7489E-02    286.85    286.85    286.94    287.68
 119     0.238    1.1205     4.1738E-02    286.85    286.85    286.95    287.77
 120     0.240    1.1203     4.6462E-02    286.85    286.85    286.96    287.88
 121     0.242    1.1201     5.1712E-02    286.85    286.85    286.97    287.99
 122     0.244    1.1199     5.7545E-02    286.85    286.85    286.99    288.12
 123     0.246    1.1196     6.4022E-02    286.85    286.85    287.00    288.27
 124     0.248    1.1194     7.1211E-02    286.85    286.85    287.02    288.43
 125     0.250    1.1191     7.9188E-02    286.85    286.85    287.04    288.61
 126     0.252    1.1187     8.8033E-02    286.85    286.85    287.06    288.81
 127     0.254    1.1183     9.7836E-02    286.85    286.85    287.08    289.03
 128     0.256    1.1179     1.0868E-01    286.85    286.85    287.11    289.27
 129     0.258    1.1174     1.2069E-01    286.85    286.86    287.14    289.55
 130     0.260    1.1169     1.3396E-01    286.85    286.86    287.17    289.85
 131     0.262    1.1164     1.4861E-01    286.85    286.86    287.21    290.18
 132     0.264    1.1158     1.6478E-01    286.85    286.86    287.25    290.55
 133     0.266    1.1151     1.8261E-01    286.85    286.86    287.29    290.97
 134     0.268    1.1143     2.0223E-01    286.85    286.86    287.34    291.42
 135     0.270    1.1134     2.2379E-01    286.85    286.86    287.40    291.93
 136     0.272    1.1125     2.4746E-01    286.85    286.86    287.46    292.48
 137     0.274    1.1115     2.7339E-01    286.85    286.86    287.52    293.10
 138     0.276    1.1103     3.0175E-01    286.85    286.86    287.60    293.78
 139     0.278    1.1091     3.3269E-01    286.85    286.87    287.68    294.53
 140     0.280    1.1077     3.6637E-01    286.85    286.87    287.76    295.35
 141     0.282    1.1061     4.0282E-01    286.85    286.87    287.86    296.25
 142     0.284    1.1044     4.4226E-01    286.85    286.87    287.97    297.24
 143     0.286    1.1025     4.8480E-01    286.85    286.87    288.09    298.33
 144     0.288    1.1004     5.3055E-01    286.85    286.88    288.21    299.52
 145     0.290    1.0982     5.7955E-01    286.85    286.88    288.35    300.81
 146     0.292    1.0958     6.3182E-01    286.85    286.88    288.50    302.23
 147     0.294    1.0931     6.8732E-01    286.85    286.89    288.67    303.76
 148     0.296    1.0902     7.4594E-01    286.85    286.89    288.85    305.42
 149     0.298    1.0871     8.0753E-01    286.86    286.89    289.04    307.22
 150     0.300    1.0838     8.7183E-01    286.86    286.90    289.25    309.15
 151     0.302    1.0803     9.3862E-01    286.86    286.90    289.47    311.23
 152     0.304    1.0765     1.0074E+00    286.86    286.91    289.71    313.46
 153     0.306    1.0724     1.0777E+00    286.86    286.92    289.97    315.84
 154     0.308    1.0680     1.1489E+00    286.86    286.92    290.24    318.38
 155     0.310    1.0633     1.2202E+00    286.86    286.93    290.53    321.06
 156     0.312    1.0583     1.2908E+00    286.86    286.94    290.83    323.89
 157     0.314    1.0531     1.3599E+00    286.86    286.95    291.15    326.87
 158     0.316    1.0476     1.4267E+00    286.86    286.96    291.48    329.98
 159     0.318    1.0418     1.4901E+00    286.86    286.97    291.83    333.23
 160     0.320    1.0359     1.5492E+00    286.87    286.98    292.19    336.59
 161     0.322    1.0297     1.6032E+00    286.87    287.00    292.56    340.06
 162     0.324    1.0234     1.6512E+00    286.87    287.01    292.94    343.63
 163     0.326    1.0169     1.6925E+00    286.87    287.03    293.32    347.27
 164     0.328    1.0103     1.7263E+00    286.87    287.04    293.71    350.97
 165     0.330    1.0036     1.7524E+00    286.88    287.06    294.11    354.72
 166     0.332    0.9969     1.7702E+00    286.88    287.08    294.50    358.49
 167     0.334    0.9901     1.7798E+00    286.88    287.10    294.90    362.27
 168     0.336    0.9835     1.7815E+00    286.88    287.12    295.29    366.04
 169     0.338    0.9767     1.7759E+00    286.89    287.15    295.67    369.79
 170     0.340    0.9700     1.7625E+00    286.89    287.17    296.05    373.50
 171     0.342    0.9634     1.7418E+00    286.89    287.20    296.43    377.16
 172     0.344    0.9570     1.7142E+00    286.90    287.23    296.79    380.74
 173     0.346    0.9507     1.6807E+00    286.90    287.26    297.14    384.25
 174     0.348    0.9446     1.6420E+00    286.91    287.29    297.48    387.66
 175     0.350    0.9386     1.5990E+00    286.91    287.33    297.81    390.97
 176     0.352    0.9329     1.5524E+00    286.91    287.36    298.12    394.18
 177     0.354    0.9274     1.5031E+00    286.92    287.40    298.42    397.28
 178     0.356    0.9221     1.4518E+00    286.92    287.44    298.70    400.27
 179     0.358    0.9170     1.3992E+00    286.93    287.48    298.97    403.14
 180     0.360    0.9121     1.3460E+00    286.93    287.52    299.22    405.90
 181     0.362    0.9075     1.2928E+00    286.94    287.57    299.47    408.54
 182     0.364    0.9031     1.2401E+00    286.95    287.62    299.69    411.06
 183     0.366    0.8988     1.1883E+00    286.95    287.66    299.91    413.48
 184     0.368    0.8948     1.1378E+00    286.96    287.71    300.11    415.79
 185     0.370    0.8910     1.0890E+00    286.96    287.76    300.30    418.00
 186     0.372    0.8873     1.0420E+00    286.97    287.82    300.47    420.10
 187     0.374    0.8838     9.9711E-01    286.98    287.87    300.64    422.12
 188     0.376    0.8805     9.5440E-01    286.99    287.93    300.80    424.04
 189     0.378    0.8773     9.1390E-01    286.99    287.99    300.94    425.88
 190     0.380    0.8743     8.7566E-01    287.00    288.04    301.08    427.64
 191     0.382    0.8714     8.3969E-01    287.01    288.10    301.21    429.32
 192     0.384    0.8686     8.0595E-01    287.02    288.17    301.34    430.94
 193     0.386    0.8659     7.7441E-01    287.02    288.23    301.45    432.49
 194     0.388    0.8633     7.4498E-01    287.03    288.29    301.56    433.98
 195     0.390    0.8608     7.1759E-01    287.04    288.36    301.66    435.41
 196     0.392    0.8583     6.9215E-01    287.05    288.42    301.76    436.79
 197     0.394    0.8560     6.6856E-01    287.06    288.49    301.85    438.12
 198     0.396    0.8537     6.4670E-01    287.07    288.56    301.94    439.41
 199     0.398    0.8515     6.2649E-01    287.08    288.63    302.03    440.66
 200     0.400    0.8493     6.0780E-01    287.08    288.70    302.11    441.86
 201     0.402    0.8471     5.9054E-01    287.09    288.77    302.19    443.03
 202     0.404    0.8449     5.7468E-01    287.10    288.84    302.26    444.17
 203     0.406    0.8428     5.6002E-01    287.11    288.91    302.33    445.28
 204     0.408    0.8408     5.4646E-01    287.12    288.98    302.40    446.36
 205     0.410    0.8388     5.3394E-01    287.13    289.06    302.47    447.42
 206     0.412    0.8368     5.2236E-01    287.14    289.13    302.54    448.45
 207     0.414    0.8348     5.1165E-01    287.15    289.21    302.60    449.46
 208     0.416    0.8329     5.0173E-01    287.16    289.28    302.66    450.44
 209     0.418    0.8310     4.9253E-01    287.17    289.36    302.72    451.41
 210     0.420    0.8291     4.8400E-01    287.18    289.44    302.78    452.36
 211     0.422    0.8272     4.7607E-01    287.19    289.51    302.84    453.30
 212     0.424    0.8253     4.6868E-01    287.20    289.59    302.90    454.22
 213     0.426    0.8234     4.6179E-01    287.21    289.67    302.95    455.13
 214     0.428    0.8216     4.5535E-01    287.22    289.75    303.01    456.02
 215     0.430    0.8197     4.4932E-01    287.23    289.83    303.06    456.90
 216     0.432    0.8179     4.4365E-01    287.24    289.91    303.12    457.76
 217     0.434    0.8160     4.3832E-01    287.25    289.99    303.17    458.62
 218     0.436    0.8142     4.3329E-01    287.26    290.06    303.22    459.47
 219     0.438    0.8124     4.2854E-01    287.27    290.14    303.27    460.30
 220     0.440    0.8106     4.2403E-01    287.28    290.22    303.32    461.13
 221     0.442    0.8088     4.1975E-01    287.29    290.30    303.37    461.95
 222     0.444    0.8070     4.1567E-01    287.30    290.38    303.42    462.76
 223     0.446    0.8052     4.1178E-01    287.31    290.45    303.47    463.56
 224     0.448    0.8034     4.0805E-01    287.32    290.53    303.52    464.35
 225     0.450    0.8016     4.0447E-01    287.33    290.61    303.57    465.13
 226     0.452    0.7998     4.0103E-01    287.34    290.69    303.62    465.91
 227     0.454    0.7980     3.9772E-01    287.35    290.77    303.66    466.68
 228     0.456    0.7962     3.9452E-01    287.37    290.85    303.71    467.45
 229     0.458    0.7944     3.9143E-01    287.38    290.93    303.76    468.20
 230     0.460    0.7926     3.8843E-01    287.39    291.01    303.80    468.95
 231     0.462    0.7909     3.8552E-01    287.40    291.09    303.85    469.70
 232     0.464    0.7891     3.8270E-01    287.41    291.16    303.89    470.44
 233     0.466    0.7874     3.7995E-01    287.42    291.24    303.94    471.17
 234     0.468    0.7856     3.7727E-01    287.43    291.32    303.98    471.90
 235     0.470    0.7839     3.7466E-01    287.44    291.40    304.03    472.62
 236     0.472    0.7821     3.7211E-01    287.45    291.48    304.07    473.33
 237     0.474    0.7804     3.6962E-01    287.46    291.56    304.11    474.04
 238     0.476    0.7787     3.6718E-01    287.47    291.64    304.16    474.75
 239     0.478    0.7769     3.6480E-01    287.48    291.72    304.20    475.45
 240     0.480    0.7752     3.6246E-01    287.49    291.80    304.24    476.14
 241     0.482    0.7735     3.6017E-01    287.50    291.88    304.28    476.83
 242     0.484    0.7718     3.5793E-01    287.51    291.96    304.33    477.52
 243     0.486    0.7701     3.5573E-01    287.52    292.04    304.37    478.20
 244     0.488    0.7684     3.5356E-01    287.53    292.12    304.41    478.87
 245     0.490    0.7667     3.5144E-01    287.54    292.20    304.45    479.54
 246     0.492    0.7650     3.4935E-01    287.55    292.27    304.49    480.21
 247     0.494    0.7633     3.4730E-01    287.56    292.35    304.53    480.87
 248     0.496    0.7617     3.4529E-01    287.58    292.43    304.57    481.53
 249     0.498    0.7600     3.4331E-01    287.59    292.51    304.61    482.18
 250     0.500    0.7584     3.4136E-01    287.60    292.59    304.65    482.83
 251     0.502    0.7567     3.3944E-01    287.61    292.67    304.69    483.48
 252     0.504    0.7551     3.3755E-01    287.62    292.75    304.73    484.12
 253     0.506    0.7534     3.3570E-01    287.63    292.83    304.77    484.75
 254     0.508    0.7518     3.3387E-01    287.64    292.90    304.80    485.39
 255     0.510    0.7502     3.3207E-01    287.65    292.98    304.84    486.01
 256     0.512    0.7485     3.3030E-01    287.66    293.06    304.88    486.64
 257     0.514    0.7469     3.2855E-01    287.67    293.14    304.92    487.26
 258     0.516    0.7453     3.2683E-01    287.68    293.22    304.95    487.88
 259     0.518    0.7437     3.2514E-01    287.69    293.30    304.99    488.49
 260     0.520    0.7421     3.2347E-01    287.70    293.38    305.03    489.10
 261     0.522    0.7405     3.2183E-01    287.71    293.46    305.07    489.71
 262     0.524    0.7390     3.2021E-01    287.72    293.54    305.10    490.31
 263     0.526    0.7374     3.1862E-01    287.73    293.62    305.14    490.91
 264     0.528    0.7358     3.1705E-01    287.74    293.70    305.17    491.51
 265     0.530    0.7343     3.1550E-01    287.75    293.78    305.21    492.10
 266     0.532    0.7327     3.1397E-01    287.76    293.86    305.25    492.69
 267     0.534    0.7312     3.1246E-01    287.77    293.94    305.28    493.28
 268     0.536    0.7296     3.1098E-01    287.78    294.02    305.32    493.86
 269     0.538    0.7281     3.0952E-01    287.79    294.10    305.35    494.44
 270     0.540    0.7266     3.0808E-01    287.80    294.18    305.39    495.02
 271     0.542    0.7251     3.0665E-01    287.81    294.26    305.42    495.59
 272     0.544    0.7236     3.0525E-01    287.82    294.34    305.46    496.16
 273     0.546    0.7221     3.0387E-01    287.83    294.42    305.49    496.73
 274     0.548    0.7206     3.0250E-01    287.84    294.50    305.52    497.30
 275     0.550    0.7191     3.0116E-01    287.85    294.57    305.56    497.86
 276     0.552    0.7176     2.9983E-01    287.86    294.65    305.59    498.42
 277     0.554    0.7161     2.9852E-01    287.87    294.73    305.62    498.97
 278     0.556    0.7147     2.9723E-01    287.88    294.81    305.66    499.53
 279     0.558    0.7132     2.9596E-01    287.89    294.89    305.69    500.08
 280     0.560    0.7118     2.9470E-01    287.90    294.97    305.72    500.63
 281     0.562    0.7103     2.9346E-01    287.91    295.04    305.76    501.17
 282     0.564    0.7089     2.9223E-01    287.92    295.12    305.79    501.72
 283     0.566    0.7075     2.9102E-01    287.93    295.20    305.82    502.26
 284     0.568    0.7060     2.8983E-01    287.94    295.28    305.85    502.79
 285     0.570    0.7046     2.8865E-01    287.95    295.35    305.89    503.33
 286     0.572    0.7032     2.8749E-01    287.96    295.43    305.92    503.86
 287     0.574    0.7018     2.8635E-01    287.97    295.51    305.95    504.39
 288     0.576    0.7004     2.8521E-01    287.98    295.58    305.98    504.92
 289     0.578    0.6990     2.8410E-01    287.99    295.66    306.01    505.44
 290     0.580    0.6976     2.8299E-01    288.00    295.73    306.04    505.97
 291     0.582    0.6963     2.8190E-01    288.01    295.81    306.08    506.49
 292     0.584    0.6949     2.8083E-01    288.02    295.89    306.11    507.00
 293     0.586    0.6935     2.7977E-01    288.03    295.96    306.14    507.52
 294     0.588    0.6922     2.7872E-01    288.04    296.04    306.17    508.03
 295     0.590    0.6909     2.7768E-01    288.05    296.11    306.20    508.55
 296     0.592    0.6895     2.7666E-01    288.06    296.19    306.23    509.05
 297     0.594    0.6882     2.7565E-01    288.07    296.26    306.26    509.56
 298     0.596    0.6869     2.7465E-01    288.08    296.33    306.29    510.07
 299     0.598    0.6855     2.7367E-01    288.09    296.41    306.32    510.57
 300     0.600    0.6842     2.7269E-01    288.10    296.48    306.35    511.07
 301     0.602    0.6829     2.7173E-01    288.11    296.55    306.38    511.57
 302     0.604    0.6816     2.7078E-01    288.12    296.63    306.41    512.06
 303     0.606    0.6804     2.6984E-01    288.12    296.70    306.44    512.56
 304     0.608    0.6791     2.6892E-01    288.13    296.78    306.47    513.05
 305     0.610    0.6778     2.6800E-01    288.14    296.86    306.50    513.54
 306     0.612    0.6765     2.6710E-01    288.15    296.93    306.53    514.03
 307     0.614    0.6753     2.6620E-01    288.16    297.01    306.56    514.52
 308     0.616    0.6740     2.6532E-01    288.17    297.09    306.59    515.00
 309     0.618    0.6728     2.6445E-01    288.18    297.16    306.61    515.48
 310     0.620    0.6715     2.6359E-01    288.19    297.24    306.64    515.96
 311     0.622    0.6703     2.6273E-01    288.20    297.31    306.67    516.44
 312     0.624    0.6691     2.6189E-01    288.21    297.39    306.70    516.92
 313     0.626    0.6679     2.6106E-01    288.22    297.46    306.73    517.39
 314     0.628    0.6667     2.6024E-01    288.23    297.54    306.76    517.87
 315     0.630    0.6655     2.5943E-01    288.23    297.61    306.78    518.34
 316     0.632    0.6643     2.5862E-01    288.24    297.69    306.81    518.81
 317     0.634    0.6631     2.5783E-01    288.25    297.76    306.84    519.28
 318     0.636    0.6619     2.5705E-01    288.26    297.84    306.87    519.74
 319     0.638    0.6607     2.5627E-01    288.27    297.91    306.90    520.21
 320     0.640    0.6596     2.5551E-01    288.28    297.98    306.92    520.67
 321     0.642    0.6584     2.5475E-01    288.29    298.06    306.95    521.13
 322     0.644    0.6572     2.5400E-01    288.30    298.13    306.98    521.59
 323     0.646    0.6561     2.5326E-01    288.31    298.20    307.01    522.05
 324     0.648    0.6550     2.5253E-01    288.31    298.27    307.03    522.51
 325     0.650    0.6538     2.5181E-01    288.32    298.35    307.06    522.96
 326     0.652    0.6527     2.5110E-01    288.33    298.42    307.09    523.42
 327     0.654    0.6516     2.5039E-01    288.34    298.49    307.11    523.87
 328     0.656    0.6505     2.4969E-01    288.35    298.56    307.14    524.32
 329     0.658    0.6494     2.4900E-01    288.36    298.63    307.17    524.77
 330     0.660    0.6483     2.4832E-01    288.37    298.70    307.20    525.22
 331     0.662    0.6472     2.4765E-01    288.37    298.77    307.22    525.66
 332     0.664    0.6461     2.4698E-01    288.38    298.84    307.25    526.11
 333     0.666    0.6450     2.4632E-01    288.39    298.91    307.27    526.55
 334     0.668    0.6439     2.4567E-01    288.40    298.98    307.30    526.99
 335     0.670    0.6429     2.4502E-01    288.41    299.05    307.33    527.43
 336     0.672    0.6418     2.4439E-01    288.42    299.12    307.35    527.87
 337     0.674    0.6408     2.4376E-01    288.42    299.19    307.38    528.31
 338     0.676    0.6397     2.4313E-01    288.43    299.26    307.41    528.74
 339     0.678    0.6387     2.4252E-01    288.44    299.33    307.43    529.18
 340     0.680    0.6376     2.4191E-01    288.45    299.40    307.46    529.61
 341     0.682    0.6366     2.4131E-01    288.46    299.46    307.48    530.04
 342     0.684    0.6356     2.4071E-01    288.46    299.53    307.51    530.47
 343     0.686    0.6346     2.4012E-01    288.47    299.60    307.53    530.90
 344     0.688    0.6336     2.3954E-01    288.48    299.66    307.56    531.33
 345     0.690    0.6326     2.3896E-01    288.49    299.73    307.59    531.76
 346     0.692    0.6316     2.3839E-01    288.50    299.80    307.61    532.18
 347     0.694    0.6306     2.3783E-01    288.50    299.86    307.64    532.61
 348     0.696    0.6296     2.3727E-01    288.51    299.93    307.66    533.03
 349     0.698    0.6287     2.3672E-01    288.52    300.00    307.69    533.45
 350     0.700    0.6277     2.3618E-01    288.53    300.07    307.71    533.87
 351     0.702    0.6267     2.3564E-01    288.54    300.13    307.74    534.29
 352     0.704    0.6258     2.3511E-01    288.54    300.20    307.76    534.71
 353     0.706    0.6248     2.3458E-01    288.55    300.27    307.79    535.12
 354     0.708    0.6239     2.3406E-01    288.56    300.33    307.81    535.54
 355     0.710    0.6230     2.3354E-01    288.57    300.40    307.84    535.95
 356     0.712    0.6220     2.3303E-01    288.57    300.47    307.86    536.37
 357     0.714    0.6211     2.3253E-01    288.58    300.53    307.88    536.78
 358     0.716    0.6202     2.3203E-01    288.59    300.60    307.91    537.19
 359     0.718    0.6193     2.3154E-01    288.60    300.66    307.93    537.60
 360     0.720    0.6184     2.3105E-01    288.60    300.73    307.96    538.01
 361     0.722    0.6175     2.3057E-01    288.61    300.79    307.98    538.42
 362     0.724    0.6166     2.3009E-01    288.62    300.86    308.01    538.82
 363     0.726    0.6157     2.2962E-01    288.63    300.92    308.03    539.23
 364     0.728    0.6148     2.2915E-01    288.63    300.98    308.05    539.64
 365     0.730    0.6140     2.2869E-01    288.64    301.05    308.08    540.04
 366     0.732    0.6130     2.2825E-01    288.65    301.11    308.10    540.44
 367     0.734    0.6121     2.2779E-01    288.66    301.17    308.13    540.84
 368     0.736    0.6112     2.2734E-01    288.66    301.24    308.15    541.24
 369     0.738    0.6104     2.2689E-01    288.67    301.30    308.17    541.64
 370     0.740    0.6095     2.2644E-01    288.68    301.36    308.20    542.04
 371     0.742    0.6087     2.2600E-01    288.68    301.42    308.22    542.44
 372     0.744    0.6078     2.2556E-01    288.69    301.48    308.24    542.83
 373     0.746    0.6070     2.2513E-01    288.70    301.54    308.27    543.23
 374     0.748    0.6062     2.2470E-01    288.71    301.60    308.29    543.62
 375     0.750    0.6053     2.2428E-01    288.71    301.66    308.31    544.02
 376     0.752    0.6045     2.2386E-01    288.72    301.72    308.34    544.41
 377     0.754    0.6037     2.2345E-01    288.73    301.78    308.36    544.80
 378     0.756    0.6029     2.2304E-01    288.73    301.84    308.38    545.19
 379     0.758    0.6021     2.2264E-01    288.74    301.90    308.41    545.58
 380     0.760    0.6013     2.2223E-01    288.75    301.96    308.43    545.97
 381     0.762    0.6005     2.2184E-01    288.75    302.02    308.45    546.36
 382     0.764    0.5997     2.2145E-01    288.76    302.08    308.48    546.74
 383     0.766    0.5990     2.2106E-01    288.77    302.13    308.50    547.13
 384     0.768    0.5982     2.2067E-01    288.77    302.19    308.52    547.51
 385     0.770    0.5974     2.2029E-01    288.78    302.25    308.54    547.90
 386     0.772    0.5966     2.1992E-01    288.79    302.31    308.57    548.28
 387     0.774    0.5959     2.1954E-01    288.79    302.36    308.59    548.66
 388     0.776    0.5951     2.1918E-01    288.80    302.42    308.61    549.04
 389     0.778    0.5944     2.1881E-01    288.81    302.47    308.64    549.42
 390     0.780    0.5936     2.1845E-01    288.81    302.53    308.66    549.80
 391     0.782    0.5929     2.1810E-01    288.82    302.58    308.68    550.18
 392     0.784    0.5922     2.1774E-01    288.82    302.64    308.70    550.56
 393     0.786    0.5915     2.1739E-01    288.83    302.69    308.72    550.94
 394     0.788    0.5907     2.1705E-01    288.84    302.75    308.75    551.31
 395     0.790    0.5900     2.1671E-01    288.84    302.81    308.77    551.69
 396     0.792    0.5893     2.1637E-01    288.85    302.87    308.79    552.06
 397     0.794    0.5886     2.1603E-01    288.86    302.93    308.81    552.44
 398     0.796    0.5879     2.1570E-01    288.86    302.99    308.84    552.81
 399     0.798    0.5872     2.1537E-01    288.87    303.04    308.86    553.18
 400     0.800    0.5865     2.1505E-01    288.87    303.10    308.88    553.55
 401     0.802    0.5858     2.1473E-01    288.88    303.16    308.90    553.92
 402     0.804    0.5852     2.1441E-01    288.89    303.22    308.92    554.29
 403     0.806    0.5845     2.1410E-01    288.89    303.28    308.95    554.66
 404     0.808    0.5838     2.1378E-01    288.90    303.33    308.97    555.03
 405     0.810    0.5832     2.1348E-01    288.90    303.39    308.99    555.40
 406     0.812    0.5825     2.1317E-01    288.91    303.45    309.01    555.76
 407     0.814    0.5818     2.1287E-01    288.91    303.50    309.03    556.13
 408     0.816    0.5812     2.1257E-01    288.92    303.56    309.05    556.49
 409     0.818    0.5805     2.1228E-01    288.93    303.61    309.07    556.86
 410     0.820    0.5799     2.1199E-01    288.93    303.67    309.10    557.22
 411     0.822    0.5793     2.1170E-01    288.94    303.72    309.12    557.58
 412     0.824    0.5786     2.1141E-01    288.94    303.78    309.14    557.94
 413     0.826    0.5780     2.1113E-01    288.95    303.83    309.16    558.31
 414     0.828    0.5774     2.1085E-01    288.95    303.88    309.18    558.67
 415     0.830    0.5768     2.1057E-01    288.96    303.94    309.20    559.03
 416     0.832    0.5762     2.1030E-01    288.96    303.99    309.22    559.38
 417     0.834    0.5756     2.1003E-01    288.97    304.04    309.24    559.74
 418     0.836    0.5750     2.0976E-01    288.98    304.09    309.27    560.10
 419     0.838    0.5744     2.0949E-01    288.98    304.14    309.29    560.46
 420     0.840    0.5738     2.0923E-01    288.99    304.19    309.31    560.81
 421     0.842    0.5732     2.0897E-01    288.99    304.24    309.33    561.17
 422     0.844    0.5726     2.0871E-01    289.00    304.29    309.35    561.52
 423     0.846    0.5720     2.0846E-01    289.00    304.34    309.37    561.88
 424     0.848    0.5714     2.0821E-01    289.01    304.39    309.39    562.23
 425     0.850    0.5709     2.0796E-01    289.01    304.44    309.41    562.58
 426     0.852    0.5703     2.0771E-01    289.02    304.49    309.43    562.94
 427     0.854    0.5697     2.0746E-01    289.02    304.53    309.45    563.29
 428     0.856    0.5692     2.0722E-01    289.03    304.58    309.47    563.64
 429     0.858    0.5686     2.0698E-01    289.03    304.63    309.49    563.99
 430     0.860    0.5681     2.0675E-01    289.04    304.67    309.51    564.34
 431     0.862    0.5675     2.0651E-01    289.04    304.72    309.54    564.69
 432     0.864    0.5670     2.0628E-01    289.05    304.77    309.56    565.03
 433     0.866    0.5664     2.0605E-01    289.05    304.81    309.58    565.38
 434     0.868    0.5659     2.0582E-01    289.06    304.85    309.60    565.73
 435     0.870    0.5654     2.0560E-01    289.06    304.90    309.62    566.07
 436     0.872    0.5648     2.0537E-01    289.07    304.94    309.64    566.42
 437     0.874    0.5643     2.0515E-01    289.07    304.98    309.66    566.76
 438     0.876    0.5638     2.0493E-01    289.07    305.03    309.68    567.11
 439     0.878    0.5633     2.0472E-01    289.08    305.09    309.70    567.45
 440     0.880    0.5628     2.0450E-01    289.08    305.14    309.72    567.79
 441     0.882    0.5622     2.0429E-01    289.09    305.19    309.74    568.14
 442     0.884    0.5617     2.0408E-01    289.09    305.24    309.76    568.48
 443     0.886    0.5612     2.0387E-01    289.10    305.29    309.78    568.82
 444     0.888    0.5607     2.0367E-01    289.10    305.33    309.80    569.16
 445     0.890    0.5602     2.0347E-01    289.11    305.38    309.82    569.50
 446     0.892    0.5598     2.0326E-01    289.11    305.43    309.84    569.84
 447     0.894    0.5593     2.0306E-01    289.12    305.48    309.86    570.18
 448     0.896    0.5588     2.0287E-01    289.12    305.52    309.88    570.52
 449     0.898    0.5583     2.0267E-01    289.12    305.57    309.90    570.85
 450     0.900    0.5578     2.0248E-01    289.13    305.62    309.92    571.19
 451     0.902    0.5573     2.0229E-01    289.13    305.66    309.94    571.53
 452     0.904    0.5569     2.0210E-01    289.14    305.71    309.96    571.86
 453     0.906    0.5564     2.0191E-01    289.14    305.75    309.97    572.20
 454     0.908    0.5559     2.0172E-01    289.14    305.80    309.99    572.53
 455     0.910    0.5555     2.0154E-01    289.15    305.84    310.01    572.87
 456     0.912    0.5550     2.0135E-01    289.15    305.88    310.03    573.20
 457     0.914    0.5546     2.0117E-01    289.16    305.93    310.05    573.53
 458     0.916    0.5541     2.0099E-01    289.16    305.97    310.07    573.86
 459     0.918    0.5537     2.0082E-01    289.16    306.01    310.09    574.20
 460     0.920    0.5532     2.0064E-01    289.17    306.05    310.11    574.53
 461     0.922    0.5528     2.0047E-01    289.17    306.09    310.13    574.86
 462     0.924    0.5523     2.0030E-01    289.18    306.13    310.15    575.19
 463     0.926    0.5519     2.0013E-01    289.18    306.17    310.17    575.52
 464     0.928    0.5515     1.9996E-01    289.18    306.21    310.19    575.84
 465     0.930    0.5510     1.9979E-01    289.19    306.25    310.21    576.17
 466     0.932    0.5506     1.9962E-01    289.19    306.29    310.23    576.50
 467     0.934    0.5502     1.9946E-01    289.20    306.33    310.24    576.83
 468     0.936    0.5498     1.9930E-01    289.20    306.37    310.26    577.15
 469     0.938    0.5493     1.9914E-01    289.20    306.40    310.28    577.48
 470     0.940    0.5489     1.9898E-01    289.21    306.44    310.30    577.81
 471     0.942    0.5485     1.9882E-01    289.21    306.48    310.32    578.13
 472     0.944    0.5481     1.9866E-01    289.21    306.51    310.34    578.45
 473     0.946    0.5477     1.9851E-01    289.22    306.55    310.36    578.78
 474     0.948    0.5473     1.9835E-01    289.22    306.58    310.38    579.10
 475     0.950    0.5469     1.9820E-01    289.22    306.62    310.39    579.42
 476     0.952    0.5465     1.9805E-01    289.23    306.65    310.41    579.75
 477     0.954    0.5461     1.9790E-01    289.23    306.68    310.43    580.07
 478     0.956    0.5457     1.9775E-01    289.23    306.72    310.45    580.39
 479     0.958    0.5453     1.9761E-01    289.24    306.75    310.47    580.71
 480     0.960    0.5449     1.9746E-01    289.24    306.78    310.49    581.03
 481     0.962    0.5445     1.9732E-01    289.24    306.81    310.51    581.35
 482     0.964    0.5441     1.9717E-01    289.25    306.85    310.52    581.67
 483     0.966    0.5437     1.9703E-01    289.25    306.89    310.54    581.99
 484     0.968    0.5433     1.9689E-01    289.25    306.93    310.56    582.31
 485     0.970    0.5430     1.9675E-01    289.26    306.97    310.58    582.62
 486     0.972    0.5426     1.9662E-01    289.26    307.01    310.60    582.94
 487     0.974    0.5422     1.9648E-01    289.26    307.05    310.62    583.26
 488     0.976    0.5418     1.9635E-01    289.27    307.08    310.63    583.57
 489     0.978    0.5415     1.9621E-01    289.27    307.12    310.65    583.89
 490     0.980    0.5411     1.9608E-01    289.27    307.16    310.67    584.20
 491     0.982    0.5407     1.9595E-01    289.27    307.19    310.69    584.52
 492     0.984    0.5404     1.9582E-01    289.28    307.23    310.71    584.83
 493     0.986    0.5400     1.9569E-01    289.28    307.27    310.73    585.14
 494     0.988    0.5396     1.9556E-01    289.28    307.30    310.74    585.46
 495     0.990    0.5393     1.9543E-01    289.29    307.33    310.76    585.77
 496     0.992    0.5389     1.9531E-01    289.29    307.37    310.78    586.08
 497     0.994    0.5386     1.9529E-01    289.29    307.40    310.80    586.39
 498     0.996    0.5382     1.9514E-01    289.29    307.44    310.82    586.70
 499     0.998    0.5379     1.9500E-01    289.30    307.47    310.83    587.01
 500     1.000    0.5375     1.9486E-01    289.30    307.50    310.85    587.32


  CPU time breakdown in seconds
    Input reading time   :    0.0361  ( 0.0%)
    XSEC processing time :   64.4496  (22.1%)
    CMFD time            :  190.0112  (65.0%)
    Nodal update time    :   34.4763  (11.8%)
    T-H time             :    3.1874  ( 1.1%)
    ------------------------------------------
    Total time           :  292.1606
