           ###########################################################
           #                     ADPRES 1.2                          #
           #        ABU DHABI POLYTECHNIC REACTOR SIMULATOR          #
           ###########################################################


  =============================INPUT DATA STARTS HERE===========================
     1: %MODE                                                                                               
     2: RODEJECT                                                                                            
     3:                                                                                                     
     4: ! CASE CARD                                                                                         
     5: %CASE                                                                                               
     6: MOX TRANSIENT PROBLEM                                                                               
     7: WITH XSEC FROM HELIOS                                                                               
     8:                                                                                                     
     9: ! XTAB CARD                                                                                         
    10: %XTAB                                                                                               
    11: 2  18    ! Number of groups and number of materials                                                 
    12: ! XTAB files for each material                                                                      
    13: smpl/xsec/HELIOS/2G_XSEC_u42   1  !MAT  1 : u42u  0.15 GWD/TON                                      
    14: smpl/xsec/HELIOS/2G_XSEC_u42   2  !MAT  2 : u42u  17.5 GWD/TON                                      
    15: smpl/xsec/HELIOS/2G_XSEC_u42   4  !MAT  3 : u42u  22.5 GWD/TON                                      
    16: smpl/xsec/HELIOS/2G_XSEC_u42   5  !MAT  4 : u42u  32.5 GWD/TON                                      
    17: smpl/xsec/HELIOS/2G_XSEC_u42   6  !MAT  5 : u42u  35.0 GWD/TON                                      
    18: smpl/xsec/HELIOS/2G_XSEC_u42   7  !MAT  6 : u42u  37.5 GWD/TON                                      
    19: smpl/xsec/HELIOS/2G_XSEC_u45   1  !MAT  7 : u45u  0.15 GWD/TON                                      
    20: smpl/xsec/HELIOS/2G_XSEC_u45   2  !MAT  8 : u45u  17.5 GWD/TON                                      
    21: smpl/xsec/HELIOS/2G_XSEC_u45   3  !MAT  9 : u45u  20.5 GWD/TON                                      
    22: smpl/xsec/HELIOS/2G_XSEC_u45   5  !MAT  10: u45u  32.5 GWD/TON                                      
    23: smpl/xsec/HELIOS/2G_XSEC_u45   7  !MAT  11: u45u  37.5 GWD/TON                                      
    24: smpl/xsec/HELIOS/2G_XSEC_m40   1  !MAT  12: m40m  0.15 GWD/TON                                      
    25: smpl/xsec/HELIOS/2G_XSEC_m40   4  !MAT  13: m40m  22.5 GWD/TON                                      
    26: smpl/xsec/HELIOS/2G_XSEC_m40   7  !MAT  14: m40m  37.5 GWD/TON                                      
    27: smpl/xsec/HELIOS/2G_XSEC_m43   1  !MAT  15: m43m  0.15 GWD/TON                                      
    28: smpl/xsec/HELIOS/2G_XSEC_m43   2  !MAT  16: m43m  17.5 GWD/TON                                      
    29: smpl/xsec/HELIOS/2G_XSEC_m43   6  !MAT  17: m43m  35.0 GWD/TON                                      
    30: smpl/xsec/HELIOS/2G_XSEC_refl  1  !MAT  18: REFLECTOR                                               
    31: 1                                                                                                   
    32:                                                                                                     
    33: %GEOM                                                                                               
    34: 17 17 22                !nx, ny, nz                                                                 
    35: 17*21.42                !x-direction assembly size in cm                                            
    36: 17*2                    !x-direction assembly division                                              
    37: 17*21.42                !y-direction assembly size in cm                                            
    38: 17*2                    !y-direction assembly ddivision                                             
    39: 21.42 20*18.288 21.42   !z-direction assembly size in cm                                            
    40: 22*1                    !z-direction assembly division                                              
    41: 2                       !np number of planar type                                                   
    42: 2 20*1 2                                                                                            
    43: ! Planar_type_1                                                                                     
    44:  0  0   0   0  18  18  18  18  18  18  18  18  18   0   0   0   0                                   
    45:  0  0  18  18  18   9  17   8   4   8  17   9  18  18  18   0   0                                   
    46:  0 18  18  10   2  15   7  12   7  12   7  15   2  10  18  18   0                                   
    47:  0 18  10  15   7   9  16   4  16   4  16   9   7  15  10  18   0                                   
    48: 18 18   2   7   6   1   3   1  11   1   3   1   6   7   2  18  18                                   
    49: 18  9  15   9   1  14   1  13   7  13   1  14   1   9  15   9  18                                   
    50: 18 17   7  16   3   1   3  10   3  10   3   1   3  16   7  17  18                                   
    51: 18  8  12   4   1  13  10   2   1   2  10  13   1   4  12   8  18                                   
    52: 18  4   7  16  11   7   3   1   5   1   3   7  11  16   7   4  18                                   
    53: 18  8  12   4   1  13  10   2   1   2  10  13   1   4  12   8  18                                   
    54: 18 17   7  16   3   1   3  10   3  10   3   1   3  16   7  17  18                                   
    55: 18  9  15   9   1  14   1  13   7  13   1  14   1   9  15   9  18                                   
    56: 18 18   2   7   6   1   3   1  11   1   3   1   6   7   2  18  18                                   
    57:  0 18  10  15   7   9  16   4  16   4  16   9   7  15  10  18   0                                   
    58:  0 18  18  10   2  15   7  12   7  12   7  15   2  10  18  18   0                                   
    59:  0  0  18  18  18   9  17   8   4   8  17   9  18  18  18   0   0                                   
    60:  0  0   0   0  18  18  18  18  18  18  18  18  18   0   0   0   0                                   
    61: ! Planar_type_2                                                                                     
    62:  0  0  0  0 18 18 18 18 18 18 18 18 18  0  0  0  0                                                  
    63:  0  0 18 18 18 18 18 18 18 18 18 18 18 18 18  0  0                                                  
    64:  0 18 18 18 18 18 18 18 18 18 18 18 18 18 18 18  0                                                  
    65:  0 18 18 18 18 18 18 18 18 18 18 18 18 18 18 18  0                                                  
    66: 18 18 18 18 18 18 18 18 18 18 18 18 18 18 18 18 18                                                  
    67: 18 18 18 18 18 18 18 18 18 18 18 18 18 18 18 18 18                                                  
    68: 18 18 18 18 18 18 18 18 18 18 18 18 18 18 18 18 18                                                  
    69: 18 18 18 18 18 18 18 18 18 18 18 18 18 18 18 18 18                                                  
    70: 18 18 18 18 18 18 18 18 18 18 18 18 18 18 18 18 18                                                  
    71: 18 18 18 18 18 18 18 18 18 18 18 18 18 18 18 18 18                                                  
    72: 18 18 18 18 18 18 18 18 18 18 18 18 18 18 18 18 18                                                  
    73: 18 18 18 18 18 18 18 18 18 18 18 18 18 18 18 18 18                                                  
    74: 18 18 18 18 18 18 18 18 18 18 18 18 18 18 18 18 18                                                  
    75:  0 18 18 18 18 18 18 18 18 18 18 18 18 18 18 18  0                                                  
    76:  0 18 18 18 18 18 18 18 18 18 18 18 18 18 18 18  0                                                  
    77:  0  0 18 18 18 18 18 18 18 18 18 18 18 18 18 0   0                                                  
    78:  0  0  0  0 18 18 18 18 18 18 18 18 18  0  0  0  0                                                  
    79:                                                                                                     
    80: ! Boundary conditions (east), (west), (north), (south), (bottom), (top)                             
    81: 0 0 0 0 0 0                                                                                         
    82:                                                                                                     
    83: ! CONTROL CARD                                                                                      
    84: %CROD                                                                                               
    85: 9    200.                   ! Number of CR banks and max number of banks                            
    86: 21.42  1.8288                ! Zero step pos. (cm) and cm/step (total 200 steps)                    
    87: 0. 0. 0. 0.  200. 200. 200. 200. 0.           ! CR Bank pos.                                        
    88: 0  0  0  0  0  0  0  0  0  0  0  0  0  0  0  0  0                                                   
    89: 0  0  0  0  0  0  0  0  0  0  0  0  0  0  0  0  0                                                   
    90: 0  0  0  0  5  0  2  0  3  0  2  0  5  0  0  0  0                                                   
    91: 0  0  0  0  0  7  0  6  0  6  0  7  0  0  0  0  0                                                   
    92: 0  0  5  0  4  0  0  0  8  0  0  0  9  0  5  0  0                                                   
    93: 0  0  0  7  0  0  0  0  0  0  0  0  0  7  0  0  0                                                   
    94: 0  0  2  0  0  0  3  0  1  0  3  0  0  0  2  0  0                                                   
    95: 0  0  0  6  0  0  0  0  0  0  0  0  0  6  0  0  0                                                   
    96: 0  0  3  0  8  0  1  0  4  0  1  0  8  0  3  0  0                                                   
    97: 0  0  0  6  0  0  0  0  0  0  0  0  0  6  0  0  0                                                   
    98: 0  0  2  0  0  0  3  0  1  0  3  0  0  0  2  0  0                                                   
    99: 0  0  0  7  0  0  0  0  0  0  0  0  0  7  0  0  0                                                   
   100: 0  0  5  0  4  0  0  0  8  0  0  0  4  0  5  0  0                                                   
   101: 0  0  0  0  0  7  0  6  0  6  0  7  0  0  0  0  0                                                   
   102: 0  0  0  0  5  0  2  0  3  0  2  0  5  0  0  0  0                                                   
   103: 0  0  0  0  0  0  0  0  0  0  0  0  0  0  0  0  0                                                   
   104: 0  0  0  0  0  0  0  0  0  0  0  0  0  0  0  0  0                                                   
   105: 1                                                                                                   
   106:                                                                                                     
   107: ! BORON CONCENTRATION                                                                               
   108: %BCON                                                                                               
   109: 1341.99  1341.0  ! Since %xtab exist, second number is dummy                                        
   110:                                                                                                     
   111: ! THERMAL-HYDRAULIC CARD                                                                            
   112: %THER                                                                                               
   113: 0.0001                              ! Percent power in %                                            
   114: 3565.0e6                            ! Reactor thermal power for full geometry in Watt               
   115: 560.  82.121243523                  ! Inlet coolant temp. (Kelvin) and Fuel Assembly Mass flow rate 
   116: 3.951E-03  5.9E-05  5.73E-04  1.26E-2 ! Fuel meat rad., gap thinkness, cladding thinkness and pin pi
   117: 264  25                                ! Number of fuel pin and guide tubes                         
   118: 0.0                                  ! FRACTION OF HEAT DEPOSITED IN COOLANT                        
   119: 1                                                                                                   
   120:                                                                                                     
   121: %EJCT                                                                                               
   122: ! Final Bank Pos (steps)     Starts Move (seconds)     Speed (steps/seconds)                        
   123:      0.                       0.0                     0.0       ! Bank 1                            
   124:      0.                       0.0                     0.0       ! Bank 2                            
   125:      0.                       0.0                     0.0       ! Bank 3                            
   126:      0.                       0.0                     0.0       ! Bank 4                            
   127:      200.                     0.0                     0.0       ! Bank 5                            
   128:      200.                     0.0                     0.0       ! Bank 6                            
   129:      200.                     0.0                     0.0       ! Bank 7                            
   130:      200.                     0.0                     0.0       ! Bank 8                            
   131:      200.                     0.0                  2000.0       ! Bank 9                            
   132: 1.0  0.002  1.0  0.002            ! (seconds) total time, 1st time step, when to start 2nd time step
   133: 1                                                                                                   
   134:                                                                                                     
   135: ! Iteration control card (see manual or output file for description)                                
   136: %ITER                                                                                               
   137: 1200 3 1.e-5 1.e-5 20 40 20 80                                                                      
  =============================INPUT DATA   ENDS HERE===========================



                              START READING INPUT
  ******************************************************************************
  CALCULATION MODE : ROD EJECTION CALCULATION WITH T-H FEEDBACK                  

  CASE ID : MOX TRANSIENT PROBLEM                                                                               
  WITH XSEC FROM HELIOS                                                                               


            >>>> READING TABULAR XSEC FILE <<<<
            --------------------------------------------

     MATERIAL  1
     XTAB FILE smpl/xsec/HELIOS/2G_XSEC_u42. COMPOSITION NUMBER  1
    GROUP   TRANSPORT    DIFFUSION  ABSORPTION    NU*FISS      KAP*FIS    FISS. SPCTR  NEUTRON VELOCITY
       1     0.229048    1.455299    0.009439     0.007481   9.70273E-14    1.000000     1.79429E+07     1.00860E+00
       2     0.785837    0.424176    0.104767     0.154901   2.06197E-12    0.000000     4.22094E+05     9.98990E-01
   --SCATTERING MATRIX--
     G/G'          1          2
      1        0.483225    0.014866
      2        0.000000    1.195350
   --BETA AND LAMBDA--
      GROUP        1            2            3            4            5            6
        BETA   2.45232E-04  1.30968E-03  1.27501E-03  2.95585E-03  1.31463E-03  5.47075E-04
      LAMBDA   1.33535E-02  3.26024E-02  1.21051E-01  3.05532E-01  8.60589E-01  2.89036E+00

     MATERIAL  2
     XTAB FILE smpl/xsec/HELIOS/2G_XSEC_u42. COMPOSITION NUMBER  2
    GROUP   TRANSPORT    DIFFUSION  ABSORPTION    NU*FISS      KAP*FIS    FISS. SPCTR  NEUTRON VELOCITY
       1     0.227182    1.467252    0.009858     0.006276   7.95434E-14    1.000000     1.82444E+07     1.00125E+00
       2     0.808587    0.412242    0.103749     0.159960   2.03201E-12    0.000000     4.11206E+05     9.41370E-01
   --SCATTERING MATRIX--
     G/G'          1          2
      1        0.483118    0.014481
      2        0.000000    1.209490
   --BETA AND LAMBDA--
      GROUP        1            2            3            4            5            6
        BETA   1.86953E-04  1.06844E-03  9.99030E-04  2.29298E-03  1.07961E-03  4.32194E-04
      LAMBDA   1.33553E-02  3.21573E-02  1.20047E-01  3.05441E-01  8.64836E-01  2.89466E+00

     MATERIAL  3
     XTAB FILE smpl/xsec/HELIOS/2G_XSEC_u42. COMPOSITION NUMBER  4
    GROUP   TRANSPORT    DIFFUSION  ABSORPTION    NU*FISS      KAP*FIS    FISS. SPCTR  NEUTRON VELOCITY
       1     0.226389    1.472392    0.010030     0.005966   7.51612E-14    1.000000     1.82434E+07     1.00097E+00
       2     0.812097    0.410460    0.102543     0.155249   1.95539E-12    0.000000     4.09155E+05     9.38770E-01
   --SCATTERING MATRIX--
     G/G'          1          2
      1        0.483742    0.014455
      2        0.000000    1.211600
   --BETA AND LAMBDA--
      GROUP        1            2            3            4            5            6
        BETA   1.73474E-04  1.01633E-03  9.38242E-04  2.15395E-03  1.03139E-03  4.08895E-04
      LAMBDA   1.33585E-02  3.20264E-02  1.19816E-01  3.05557E-01  8.66116E-01  2.89832E+00

     MATERIAL  4
     XTAB FILE smpl/xsec/HELIOS/2G_XSEC_u42. COMPOSITION NUMBER  5
    GROUP   TRANSPORT    DIFFUSION  ABSORPTION    NU*FISS      KAP*FIS    FISS. SPCTR  NEUTRON VELOCITY
       1     0.224782    1.482918    0.010334     0.005397   6.72309E-14    1.000000     1.81942E+07     1.00086E+00
       2     0.817605    0.407695    0.099179     0.143521   1.78070E-12    0.000000     4.05398E+05     9.36950E-01
   --SCATTERING MATRIX--
     G/G'          1          2
      1        0.485006    0.014455
      2        0.000000    1.214980
   --BETA AND LAMBDA--
      GROUP        1            2            3            4            5            6
        BETA   1.49676E-04  9.26112E-04  8.32341E-04  1.91515E-03  9.49097E-04  3.69269E-04
      LAMBDA   1.33669E-02  3.17628E-02  1.19372E-01  3.05879E-01  8.68703E-01  2.90712E+00

     MATERIAL  5
     XTAB FILE smpl/xsec/HELIOS/2G_XSEC_u42. COMPOSITION NUMBER  6
    GROUP   TRANSPORT    DIFFUSION  ABSORPTION    NU*FISS      KAP*FIS    FISS. SPCTR  NEUTRON VELOCITY
       1     0.224373    1.485621    0.010403     0.005266   6.54199E-14    1.000000     1.81768E+07     1.00087E+00
       2     0.818775    0.407112    0.098193     0.140363   1.73552E-12    0.000000     4.04511E+05     9.36790E-01
   --SCATTERING MATRIX--
     G/G'          1          2
      1        0.485275    0.014462
      2        0.000000    1.215710
   --BETA AND LAMBDA--
      GROUP        1            2            3            4            5            6
        BETA   1.44291E-04  9.05743E-04  8.08493E-04  1.86182E-03  9.30693E-04  3.60462E-04
      LAMBDA   1.33693E-02  3.16975E-02  1.19263E-01  3.05973E-01  8.69351E-01  2.90952E+00

     MATERIAL  6
     XTAB FILE smpl/xsec/HELIOS/2G_XSEC_u42. COMPOSITION NUMBER  7
    GROUP   TRANSPORT    DIFFUSION  ABSORPTION    NU*FISS      KAP*FIS    FISS. SPCTR  NEUTRON VELOCITY
       1     0.223959    1.488368    0.010469     0.005140   6.36795E-14    1.000000     1.81589E+07     1.00087E+00
       2     0.819868    0.406570    0.097172     0.137181   1.69049E-12    0.000000     4.03641E+05     9.36700E-01
   --SCATTERING MATRIX--
     G/G'          1          2
      1        0.485560    0.014469
      2        0.000000    1.216440
   --BETA AND LAMBDA--
      GROUP        1            2            3            4            5            6
        BETA   1.39111E-04  8.86085E-04  7.85555E-04  1.81063E-03  9.12987E-04  3.52016E-04
      LAMBDA   1.33719E-02  3.16326E-02  1.19154E-01  3.06072E-01  8.69997E-01  2.91198E+00

     MATERIAL  7
     XTAB FILE smpl/xsec/HELIOS/2G_XSEC_u45. COMPOSITION NUMBER  1
    GROUP   TRANSPORT    DIFFUSION  ABSORPTION    NU*FISS      KAP*FIS    FISS. SPCTR  NEUTRON VELOCITY
       1     0.229147    1.454670    0.009594     0.007809   1.01372E-13    1.000000     1.81329E+07     1.00820E+00
       2     0.784603    0.424843    0.108868     0.163559   2.17728E-12    0.000000     4.24454E+05     9.96350E-01
   --SCATTERING MATRIX--
     G/G'          1          2
      1        0.482550    0.014679
      2        0.000000    1.194010
   --BETA AND LAMBDA--
      GROUP        1            2            3            4            5            6
        BETA   2.48078E-04  1.32414E-03  1.28872E-03  2.98614E-03  1.32654E-03  5.52093E-04
      LAMBDA   1.33532E-02  3.26046E-02  1.21047E-01  3.05492E-01  8.60438E-01  2.88985E+00

     MATERIAL  8
     XTAB FILE smpl/xsec/HELIOS/2G_XSEC_u45. COMPOSITION NUMBER  2
    GROUP   TRANSPORT    DIFFUSION  ABSORPTION    NU*FISS      KAP*FIS    FISS. SPCTR  NEUTRON VELOCITY
       1     0.227344    1.466207    0.009971     0.006576   8.35451E-14    1.000000     1.83949E+07     1.00118E+00
       2     0.806708    0.413202    0.107875     0.168190   2.14227E-12    0.000000     4.13698E+05     9.41030E-01
   --SCATTERING MATRIX--
     G/G'          1          2
      1        0.482573    0.014347
      2        0.000000    1.207720
   --BETA AND LAMBDA--
      GROUP        1            2            3            4            5            6
        BETA   1.92194E-04  1.09112E-03  1.02344E-03  2.34890E-03  1.09980E-03  4.41571E-04
      LAMBDA   1.33546E-02  3.21947E-02  1.20117E-01  3.05394E-01  8.64368E-01  2.89355E+00

     MATERIAL  9
     XTAB FILE smpl/xsec/HELIOS/2G_XSEC_u45. COMPOSITION NUMBER  3
    GROUP   TRANSPORT    DIFFUSION  ABSORPTION    NU*FISS      KAP*FIS    FISS. SPCTR  NEUTRON VELOCITY
       1     0.226953    1.468733    0.010053     0.006413   8.12446E-14    1.000000     1.83966E+07     1.00100E+00
       2     0.808559    0.412256    0.107292     0.165988   2.10537E-12    0.000000     4.12621E+05     9.39370E-01
   --SCATTERING MATRIX--
     G/G'          1          2
      1        0.482881    0.014332
      2        0.000000    1.208840
   --BETA AND LAMBDA--
      GROUP        1            2            3            4            5            6
        BETA   1.85511E-04  1.06493E-03  9.93078E-04  2.27909E-03  1.07543E-03  4.29815E-04
      LAMBDA   1.33558E-02  3.21343E-02  1.20008E-01  3.05440E-01  8.64962E-01  2.89512E+00

     MATERIAL 10
     XTAB FILE smpl/xsec/HELIOS/2G_XSEC_u45. COMPOSITION NUMBER  5
    GROUP   TRANSPORT    DIFFUSION  ABSORPTION    NU*FISS      KAP*FIS    FISS. SPCTR  NEUTRON VELOCITY
       1     0.225018    1.481363    0.010416     0.005661   7.07275E-14    1.000000     1.83362E+07     1.00071E+00
       2     0.815846    0.408574    0.103160     0.151595   1.88754E-12    0.000000     4.07712E+05     9.36110E-01
   --SCATTERING MATRIX--
     G/G'          1          2
      1        0.484461    0.014328
      2        0.000000    1.213320
   --BETA AND LAMBDA--
      GROUP        1            2            3            4            5            6
        BETA   1.55698E-04  9.50751E-04  8.59655E-04  1.97675E-03  9.70807E-04  3.79454E-04
      LAMBDA   1.33648E-02  3.18259E-02  1.19482E-01  3.05782E-01  8.67989E-01  2.90485E+00

     MATERIAL 11
     XTAB FILE smpl/xsec/HELIOS/2G_XSEC_u45. COMPOSITION NUMBER  7
    GROUP   TRANSPORT    DIFFUSION  ABSORPTION    NU*FISS      KAP*FIS    FISS. SPCTR  NEUTRON VELOCITY
       1     0.224223    1.486615    0.010542     0.005388   6.69679E-14    1.000000     1.82963E+07     1.00073E+00
       2     0.818169    0.407414    0.101068     0.145048   1.79409E-12    0.000000     4.05875E+05     9.35800E-01
   --SCATTERING MATRIX--
     G/G'          1          2
      1        0.485021    0.014347
      2        0.000000    1.214840
   --BETA AND LAMBDA--
      GROUP        1            2            3            4            5            6
        BETA   1.45180E-04  9.10783E-04  8.12987E-04  1.87226E-03  9.34672E-04  3.62180E-04
      LAMBDA   1.33694E-02  3.17020E-02  1.19276E-01  3.05957E-01  8.69217E-01  2.90936E+00

     MATERIAL 12
     XTAB FILE smpl/xsec/HELIOS/2G_XSEC_m40. COMPOSITION NUMBER  1
    GROUP   TRANSPORT    DIFFUSION  ABSORPTION    NU*FISS      KAP*FIS    FISS. SPCTR  NEUTRON VELOCITY
       1     0.228636    1.457921    0.011093     0.008188   9.71310E-14    1.000000     1.95047E+07     1.00464E+00
       2     0.815569    0.408713    0.239482     0.366941   4.33680E-12    0.000000     4.46285E+05     1.25269E+00
   --SCATTERING MATRIX--
     G/G'          1          2
      1        0.477294    0.012775
      2        0.000000    1.161750
   --BETA AND LAMBDA--
      GROUP        1            2            3            4            5            6
        BETA   9.68130E-05  6.52186E-04  5.49697E-04  1.18295E-03  6.71243E-04  2.35929E-04
      LAMBDA   1.33339E-02  3.10291E-02  1.16272E-01  3.03992E-01  8.77543E-01  2.88755E+00

     MATERIAL 13
     XTAB FILE smpl/xsec/HELIOS/2G_XSEC_m40. COMPOSITION NUMBER  4
    GROUP   TRANSPORT    DIFFUSION  ABSORPTION    NU*FISS      KAP*FIS    FISS. SPCTR  NEUTRON VELOCITY
       1     0.227413    1.465762    0.011685     0.006915   8.19569E-14    1.000000     1.95818E+07     9.97060E-01
       2     0.811931    0.410544    0.181520     0.273905   3.23062E-12    0.000000     4.29919E+05     1.12998E+00
   --SCATTERING MATRIX--
     G/G'          1          2
      1        0.480334    0.012576
      2        0.000000    1.164730
   --BETA AND LAMBDA--
      GROUP        1            2            3            4            5            6
        BETA   9.38540E-05  7.09951E-04  5.72418E-04  1.28454E-03  7.35784E-04  2.60674E-04
      LAMBDA   1.33791E-02  3.07927E-02  1.16686E-01  3.05746E-01  8.78051E-01  2.92167E+00

     MATERIAL 14
     XTAB FILE smpl/xsec/HELIOS/2G_XSEC_m40. COMPOSITION NUMBER  7
    GROUP   TRANSPORT    DIFFUSION  ABSORPTION    NU*FISS      KAP*FIS    FISS. SPCTR  NEUTRON VELOCITY
       1     0.226361    1.472574    0.011980     0.006174   7.31420E-14    1.000000     1.94975E+07     9.96650E-01
       2     0.810540    0.411248    0.153555     0.224652   2.64488E-12    0.000000     4.21069E+05     1.07897E+00
   --SCATTERING MATRIX--
     G/G'          1          2
      1        0.481991    0.012582
      2        0.000000    1.167270
   --BETA AND LAMBDA--
      GROUP        1            2            3            4            5            6
        BETA   9.12619E-05  7.41690E-04  5.83091E-04  1.34128E-03  7.72831E-04  2.75035E-04
      LAMBDA   1.34101E-02  3.06611E-02  1.16941E-01  3.06779E-01  8.78420E-01  2.94106E+00

     MATERIAL 15
     XTAB FILE smpl/xsec/HELIOS/2G_XSEC_m43. COMPOSITION NUMBER  1
    GROUP   TRANSPORT    DIFFUSION  ABSORPTION    NU*FISS      KAP*FIS    FISS. SPCTR  NEUTRON VELOCITY
       1     0.228605    1.458119    0.011274     0.008567   1.01530E-13    1.000000     1.97123E+07     1.00378E+00
       2     0.817560    0.407717    0.248017     0.382948   4.52538E-12    0.000000     4.48495E+05     1.29022E+00
   --SCATTERING MATRIX--
     G/G'          1          2
      1        0.476719    0.012601
      2        0.000000    1.162390
   --BETA AND LAMBDA--
      GROUP        1            2            3            4            5            6
        BETA   9.70662E-05  6.54092E-04  5.50589E-04  1.18324E-03  6.71390E-04  2.35689E-04
      LAMBDA   1.33333E-02  3.10246E-02  1.16238E-01  3.03907E-01  8.77445E-01  2.88666E+00

     MATERIAL 16
     XTAB FILE smpl/xsec/HELIOS/2G_XSEC_m43. COMPOSITION NUMBER  2
    GROUP   TRANSPORT    DIFFUSION  ABSORPTION    NU*FISS      KAP*FIS    FISS. SPCTR  NEUTRON VELOCITY
       1     0.227579    1.464693    0.011766     0.007553   8.94721E-14    1.000000     1.97905E+07     9.97420E-01
       2     0.813873    0.409564    0.204243     0.310724   3.66689E-12    0.000000     4.36990E+05     1.19752E+00
   --SCATTERING MATRIX--
     G/G'          1          2
      1        0.479252    0.012432
      2        0.000000    1.163180
   --BETA AND LAMBDA--
      GROUP        1            2            3            4            5            6
        BETA   9.45247E-05  6.92547E-04  5.64681E-04  1.25190E-03  7.15486E-04  2.52753E-04
      LAMBDA   1.33655E-02  3.08519E-02  1.16549E-01  3.05231E-01  8.77883E-01  2.91217E+00

     MATERIAL 17
     XTAB FILE smpl/xsec/HELIOS/2G_XSEC_m43. COMPOSITION NUMBER  6
    GROUP   TRANSPORT    DIFFUSION  ABSORPTION    NU*FISS      KAP*FIS    FISS. SPCTR  NEUTRON VELOCITY
       1     0.226563    1.471261    0.012097     0.006660   7.88410E-14    1.000000     1.97466E+07     9.95750E-01
       2     0.812048    0.410485    0.168360     0.250926   2.95551E-12    0.000000     4.25751E+05     1.12639E+00
   --SCATTERING MATRIX--
     G/G'          1          2
      1        0.481016    0.012393
      2        0.000000    1.166040
   --BETA AND LAMBDA--
      GROUP        1            2            3            4            5            6
        BETA   9.22906E-05  7.35654E-04  5.81560E-04  1.32739E-03  7.63539E-04  2.71132E-04
      LAMBDA   1.34008E-02  3.06926E-02  1.16842E-01  3.06431E-01  8.78226E-01  2.93527E+00

     MATERIAL 18
     XTAB FILE smpl/xsec/HELIOS/2G_XSEC_refl. COMPOSITION NUMBER  1
    GROUP   TRANSPORT    DIFFUSION  ABSORPTION    NU*FISS      KAP*FIS    FISS. SPCTR  NEUTRON VELOCITY
       1     0.303521    1.098222    0.002045     0.000000   0.00000E+00    1.000000     1.35479E+07     1.15642E+00
       2     1.275640    0.261307    0.016275     0.000000   0.00000E+00    0.000000     3.62628E+05     1.46140E-01
   --SCATTERING MATRIX--
     G/G'          1          2
      1        0.637098    0.027340
      2        0.000000    2.055600
   --BETA AND LAMBDA--
      GROUP        1            2            3            4            5            6
        BETA   0.00000E+00  0.00000E+00  0.00000E+00  0.00000E+00  0.00000E+00  0.00000E+00
      LAMBDA   0.00000E+00  0.00000E+00  0.00000E+00  0.00000E+00  0.00000E+00  0.00000E+00

  ...XTAB FILE Card is successfully read...


            >>>>>READING CORE GEOMETRY<<<<<
            -------------------------------
  Number of assembly in x, y and z directions respectively :
          17          17          22
  Number of nodes in x, y and z directions respectively :
          34          34          22

  x-directed nodes division (delta-x)
    10.71  10.71  10.71  10.71  10.71  10.71  10.71  10.71  10.71  10.71
    10.71  10.71  10.71  10.71  10.71  10.71  10.71  10.71  10.71  10.71
    10.71  10.71  10.71  10.71  10.71  10.71  10.71  10.71  10.71  10.71
    10.71  10.71  10.71  10.71
  y-directed nodes division (delta-y)
    10.71  10.71  10.71  10.71  10.71  10.71  10.71  10.71  10.71  10.71
    10.71  10.71  10.71  10.71  10.71  10.71  10.71  10.71  10.71  10.71
    10.71  10.71  10.71  10.71  10.71  10.71  10.71  10.71  10.71  10.71
    10.71  10.71  10.71  10.71

   Planar Region :  1
        1  2  3  4  5  6  7  8  9 10 11 12 13 14 15 16 17 18 19 20 21 22 23 24 25 26 27 28 29 30 31 32 33 34
    34                          18 18 18 18 18 18 18 18 18 18 18 18 18 18 18 18 18 18                        
    33                          18 18 18 18 18 18 18 18 18 18 18 18 18 18 18 18 18 18                        
    32              18 18 18 18 18 18 9  9  17 17 8  8  4  4  8  8  17 17 9  9  18 18 18 18 18 18            
    31              18 18 18 18 18 18 9  9  17 17 8  8  4  4  8  8  17 17 9  9  18 18 18 18 18 18            
    30        18 18 18 18 10 10 2  2  15 15 7  7  12 12 7  7  12 12 7  7  15 15 2  2  10 10 18 18 18 18      
    29        18 18 18 18 10 10 2  2  15 15 7  7  12 12 7  7  12 12 7  7  15 15 2  2  10 10 18 18 18 18      
    28        18 18 10 10 15 15 7  7  9  9  16 16 4  4  16 16 4  4  16 16 9  9  7  7  15 15 10 10 18 18      
    27        18 18 10 10 15 15 7  7  9  9  16 16 4  4  16 16 4  4  16 16 9  9  7  7  15 15 10 10 18 18      
    26  18 18 18 18 2  2  7  7  6  6  1  1  3  3  1  1  11 11 1  1  3  3  1  1  6  6  7  7  2  2  18 18 18 18
    25  18 18 18 18 2  2  7  7  6  6  1  1  3  3  1  1  11 11 1  1  3  3  1  1  6  6  7  7  2  2  18 18 18 18
    24  18 18 9  9  15 15 9  9  1  1  14 14 1  1  13 13 7  7  13 13 1  1  14 14 1  1  9  9  15 15 9  9  18 18
    23  18 18 9  9  15 15 9  9  1  1  14 14 1  1  13 13 7  7  13 13 1  1  14 14 1  1  9  9  15 15 9  9  18 18
    22  18 18 17 17 7  7  16 16 3  3  1  1  3  3  10 10 3  3  10 10 3  3  1  1  3  3  16 16 7  7  17 17 18 18
    21  18 18 17 17 7  7  16 16 3  3  1  1  3  3  10 10 3  3  10 10 3  3  1  1  3  3  16 16 7  7  17 17 18 18
    20  18 18 8  8  12 12 4  4  1  1  13 13 10 10 2  2  1  1  2  2  10 10 13 13 1  1  4  4  12 12 8  8  18 18
    19  18 18 8  8  12 12 4  4  1  1  13 13 10 10 2  2  1  1  2  2  10 10 13 13 1  1  4  4  12 12 8  8  18 18
    18  18 18 4  4  7  7  16 16 11 11 7  7  3  3  1  1  5  5  1  1  3  3  7  7  11 11 16 16 7  7  4  4  18 18
    17  18 18 4  4  7  7  16 16 11 11 7  7  3  3  1  1  5  5  1  1  3  3  7  7  11 11 16 16 7  7  4  4  18 18
    16  18 18 8  8  12 12 4  4  1  1  13 13 10 10 2  2  1  1  2  2  10 10 13 13 1  1  4  4  12 12 8  8  18 18
    15  18 18 8  8  12 12 4  4  1  1  13 13 10 10 2  2  1  1  2  2  10 10 13 13 1  1  4  4  12 12 8  8  18 18
    14  18 18 17 17 7  7  16 16 3  3  1  1  3  3  10 10 3  3  10 10 3  3  1  1  3  3  16 16 7  7  17 17 18 18
    13  18 18 17 17 7  7  16 16 3  3  1  1  3  3  10 10 3  3  10 10 3  3  1  1  3  3  16 16 7  7  17 17 18 18
    12  18 18 9  9  15 15 9  9  1  1  14 14 1  1  13 13 7  7  13 13 1  1  14 14 1  1  9  9  15 15 9  9  18 18
    11  18 18 9  9  15 15 9  9  1  1  14 14 1  1  13 13 7  7  13 13 1  1  14 14 1  1  9  9  15 15 9  9  18 18
    10  18 18 18 18 2  2  7  7  6  6  1  1  3  3  1  1  11 11 1  1  3  3  1  1  6  6  7  7  2  2  18 18 18 18
     9  18 18 18 18 2  2  7  7  6  6  1  1  3  3  1  1  11 11 1  1  3  3  1  1  6  6  7  7  2  2  18 18 18 18
     8        18 18 10 10 15 15 7  7  9  9  16 16 4  4  16 16 4  4  16 16 9  9  7  7  15 15 10 10 18 18      
     7        18 18 10 10 15 15 7  7  9  9  16 16 4  4  16 16 4  4  16 16 9  9  7  7  15 15 10 10 18 18      
     6        18 18 18 18 10 10 2  2  15 15 7  7  12 12 7  7  12 12 7  7  15 15 2  2  10 10 18 18 18 18      
     5        18 18 18 18 10 10 2  2  15 15 7  7  12 12 7  7  12 12 7  7  15 15 2  2  10 10 18 18 18 18      
     4              18 18 18 18 18 18 9  9  17 17 8  8  4  4  8  8  17 17 9  9  18 18 18 18 18 18            
     3              18 18 18 18 18 18 9  9  17 17 8  8  4  4  8  8  17 17 9  9  18 18 18 18 18 18            
     2                          18 18 18 18 18 18 18 18 18 18 18 18 18 18 18 18 18 18                        
     1                          18 18 18 18 18 18 18 18 18 18 18 18 18 18 18 18 18 18                        
   Planar Region :  2
        1  2  3  4  5  6  7  8  9 10 11 12 13 14 15 16 17 18 19 20 21 22 23 24 25 26 27 28 29 30 31 32 33 34
    34                          18 18 18 18 18 18 18 18 18 18 18 18 18 18 18 18 18 18                        
    33                          18 18 18 18 18 18 18 18 18 18 18 18 18 18 18 18 18 18                        
    32              18 18 18 18 18 18 18 18 18 18 18 18 18 18 18 18 18 18 18 18 18 18 18 18 18 18            
    31              18 18 18 18 18 18 18 18 18 18 18 18 18 18 18 18 18 18 18 18 18 18 18 18 18 18            
    30        18 18 18 18 18 18 18 18 18 18 18 18 18 18 18 18 18 18 18 18 18 18 18 18 18 18 18 18 18 18      
    29        18 18 18 18 18 18 18 18 18 18 18 18 18 18 18 18 18 18 18 18 18 18 18 18 18 18 18 18 18 18      
    28        18 18 18 18 18 18 18 18 18 18 18 18 18 18 18 18 18 18 18 18 18 18 18 18 18 18 18 18 18 18      
    27        18 18 18 18 18 18 18 18 18 18 18 18 18 18 18 18 18 18 18 18 18 18 18 18 18 18 18 18 18 18      
    26  18 18 18 18 18 18 18 18 18 18 18 18 18 18 18 18 18 18 18 18 18 18 18 18 18 18 18 18 18 18 18 18 18 18
    25  18 18 18 18 18 18 18 18 18 18 18 18 18 18 18 18 18 18 18 18 18 18 18 18 18 18 18 18 18 18 18 18 18 18
    24  18 18 18 18 18 18 18 18 18 18 18 18 18 18 18 18 18 18 18 18 18 18 18 18 18 18 18 18 18 18 18 18 18 18
    23  18 18 18 18 18 18 18 18 18 18 18 18 18 18 18 18 18 18 18 18 18 18 18 18 18 18 18 18 18 18 18 18 18 18
    22  18 18 18 18 18 18 18 18 18 18 18 18 18 18 18 18 18 18 18 18 18 18 18 18 18 18 18 18 18 18 18 18 18 18
    21  18 18 18 18 18 18 18 18 18 18 18 18 18 18 18 18 18 18 18 18 18 18 18 18 18 18 18 18 18 18 18 18 18 18
    20  18 18 18 18 18 18 18 18 18 18 18 18 18 18 18 18 18 18 18 18 18 18 18 18 18 18 18 18 18 18 18 18 18 18
    19  18 18 18 18 18 18 18 18 18 18 18 18 18 18 18 18 18 18 18 18 18 18 18 18 18 18 18 18 18 18 18 18 18 18
    18  18 18 18 18 18 18 18 18 18 18 18 18 18 18 18 18 18 18 18 18 18 18 18 18 18 18 18 18 18 18 18 18 18 18
    17  18 18 18 18 18 18 18 18 18 18 18 18 18 18 18 18 18 18 18 18 18 18 18 18 18 18 18 18 18 18 18 18 18 18
    16  18 18 18 18 18 18 18 18 18 18 18 18 18 18 18 18 18 18 18 18 18 18 18 18 18 18 18 18 18 18 18 18 18 18
    15  18 18 18 18 18 18 18 18 18 18 18 18 18 18 18 18 18 18 18 18 18 18 18 18 18 18 18 18 18 18 18 18 18 18
    14  18 18 18 18 18 18 18 18 18 18 18 18 18 18 18 18 18 18 18 18 18 18 18 18 18 18 18 18 18 18 18 18 18 18
    13  18 18 18 18 18 18 18 18 18 18 18 18 18 18 18 18 18 18 18 18 18 18 18 18 18 18 18 18 18 18 18 18 18 18
    12  18 18 18 18 18 18 18 18 18 18 18 18 18 18 18 18 18 18 18 18 18 18 18 18 18 18 18 18 18 18 18 18 18 18
    11  18 18 18 18 18 18 18 18 18 18 18 18 18 18 18 18 18 18 18 18 18 18 18 18 18 18 18 18 18 18 18 18 18 18
    10  18 18 18 18 18 18 18 18 18 18 18 18 18 18 18 18 18 18 18 18 18 18 18 18 18 18 18 18 18 18 18 18 18 18
     9  18 18 18 18 18 18 18 18 18 18 18 18 18 18 18 18 18 18 18 18 18 18 18 18 18 18 18 18 18 18 18 18 18 18
     8        18 18 18 18 18 18 18 18 18 18 18 18 18 18 18 18 18 18 18 18 18 18 18 18 18 18 18 18 18 18      
     7        18 18 18 18 18 18 18 18 18 18 18 18 18 18 18 18 18 18 18 18 18 18 18 18 18 18 18 18 18 18      
     6        18 18 18 18 18 18 18 18 18 18 18 18 18 18 18 18 18 18 18 18 18 18 18 18 18 18 18 18 18 18      
     5        18 18 18 18 18 18 18 18 18 18 18 18 18 18 18 18 18 18 18 18 18 18 18 18 18 18 18 18 18 18      
     4              18 18 18 18 18 18 18 18 18 18 18 18 18 18 18 18 18 18 18 18 18 18 18 18 18 18            
     3              18 18 18 18 18 18 18 18 18 18 18 18 18 18 18 18 18 18 18 18 18 18 18 18 18 18            
     2                          18 18 18 18 18 18 18 18 18 18 18 18 18 18 18 18 18 18                        
     1                          18 18 18 18 18 18 18 18 18 18 18 18 18 18 18 18 18 18                        

  Planar Region Assignment to planes.
 --------------------------------------
   Plane Number     Planar Region    delta-z
       22 (TOP)            2          21.42
       21                  1          18.29
       20                  1          18.29
       19                  1          18.29
       18                  1          18.29
       17                  1          18.29
       16                  1          18.29
       15                  1          18.29
       14                  1          18.29
       13                  1          18.29
       12                  1          18.29
       11                  1          18.29
       10                  1          18.29
        9                  1          18.29
        8                  1          18.29
        7                  1          18.29
        6                  1          18.29
        5                  1          18.29
        4                  1          18.29
        3                  1          18.29
        2                  1          18.29
        1 (BOTTOM)         2          21.42

   Boundary conditions
  X-directed West   : ZERO FLUX
  X-directed East   : ZERO FLUX
  Y-directed North  : ZERO FLUX
  Y-directed South  : ZERO FLUX
  Z-directed Bottom : ZERO FLUX
  Z-directed Top    : ZERO FLUX

  ...Core geometry is successfully read...


            >>>> READING CONTROL RODS INSERTION <<<<
            --------------------------------------------
  NUMBER OF CONTROL ROD BANK  :  9
  MAX. NUMBER OF STEPS        : 200
  FULLY INSERTED POSITION (cm): 21.4 (FROM BOTTOM OF THE CORE)
  STEP SIZE (cm)              :   1.8288
  INITIAL CONTROL ROD BANK POSITION (STEPS) : 
  (0 means fully inserted) 
    Bank  1  Bank  2  Bank  3  Bank  4  Bank  5  Bank  6  Bank  7  Bank  8  Bank  9
      0.0      0.0      0.0      0.0    200.0    200.0    200.0    200.0      0.0

  CONTROL ROD BANK MAP : 
  0  0  0  0  0  0  0  0  0  0  0  0  0  0  0  0  0
  0  0  0  0  0  0  0  0  0  0  0  0  0  0  0  0  0
  0  0  0  0  5  0  2  0  3  0  2  0  5  0  0  0  0
  0  0  0  0  0  7  0  6  0  6  0  7  0  0  0  0  0
  0  0  5  0  4  0  0  0  8  0  0  0  9  0  5  0  0
  0  0  0  7  0  0  0  0  0  0  0  0  0  7  0  0  0
  0  0  2  0  0  0  3  0  1  0  3  0  0  0  2  0  0
  0  0  0  6  0  0  0  0  0  0  0  0  0  6  0  0  0
  0  0  3  0  8  0  1  0  4  0  1  0  8  0  3  0  0
  0  0  0  6  0  0  0  0  0  0  0  0  0  6  0  0  0
  0  0  2  0  0  0  3  0  1  0  3  0  0  0  2  0  0
  0  0  0  7  0  0  0  0  0  0  0  0  0  7  0  0  0
  0  0  5  0  4  0  0  0  8  0  0  0  4  0  5  0  0
  0  0  0  0  0  7  0  6  0  6  0  7  0  0  0  0  0
  0  0  0  0  5  0  2  0  3  0  2  0  5  0  0  0  0
  0  0  0  0  0  0  0  0  0  0  0  0  0  0  0  0  0
  0  0  0  0  0  0  0  0  0  0  0  0  0  0  0  0  0

  ...Control Rods Insertion card is successfully read...


            >>>>     READING ROD EJECTION DATA      <<<<
            --------------------------------------------
                           Bank  1  Bank  2  Bank  3  Bank  4  Bank  5  Bank  6  Bank  7  Bank  8  Bank  9
  FINAL BANK POS. (STEP)      0.0      0.0      0.0      0.0    200.0    200.0    200.0    200.0    200.0
  STARTS MOVE (SECOND)        0.0      0.0      0.0      0.0      0.0      0.0      0.0      0.0      0.0
  SPEED (STEP/SECOND)         0.0      0.0      0.0      0.0      0.0      0.0      0.0      0.0   2000.0

  TIME PARAMETERS IN SECONDS : 
    TOTAL SIMULATION TIME         :   1.00
    FIRST TIME STEP               : 0.0020
    SECOND TIME STEP              : 0.0020
    WHEN SECOND TIME STEP APPLY?  :   1.00

  ...Rod Ejection Card is successfully read...


            >>>>>READING ITERATION CONTROL<<<<<
            ------------------------------------
  MAXIMUM NUMBER OF OUTER ITERATION                     :  1200
  MAXIMUM NUMBER OF INNER ITERATION                     :     3
  FISSION SOURCE ERROR CRITERIA                     :    1.000E-05
  FLUX ERROR CRITERIA                               :    1.000E-05
  OUTER ITERATION FISSION SOURCE EXTRAPOLATION INTERVAL :    20
  NODAL UPDATE INTERVAL                                 :    40
  MAX. NUMBER OF T-H ITERATION                          :    20
  MAX. NUMBER OF OUTER ITERATION PER T-H ITERATION      :    80


            >>>>   READING THERMAL-HYDRAULIC DATA   <<<<
            --------------------------------------------
  REACTOR PERCENT POWER (%)                :      0.00010
  REACTOR POWER (Watt)                     :   3.5650E+09
  COOLANT INLET TEMPERATURE (Kelvin)       :   5.6000E+02
  FUEL ASSEMBLY MASS FLOW RATE (Kg/s)      :   8.2121E+01
  FUEL MEAT RADIUS (m)                     :   3.9510E-03
  GAP THICKNESS (m)                        :   5.9000E-05
  CLAD THICKNESS (m)                       :   5.7300E-04
  PIN PITCH(m)                             :   1.2600E-02
  FRACTION OF HEAT DEPOSITED IN COOL.      :   0.0000E+00

  ...Thermal-hydraulic Card is successfully read...


            >>>>       READING BORON CONCENTRATION        <<<<
            --------------------------------------------------

  ...Boron Concentration card is successfully read...


  ************************  STOP READING INPUT  ********************************

  CORE AVERAGED DELAYED NEUTRON FRACTION:  579.58 PCM

  TRANSIENT RESULTS :

  Step  Time(s)  React.($)   Rel. Power   Avg. Tm   Max. Tm   Avg. Tf   Max. Tf
 --------------------------------------------------------------------------------
   0     0.000    0.0000     1.0000E-06    286.85    286.85    286.85    286.85
   1     0.002    0.0007     1.0002E-06    286.85    286.85    286.85    286.85
   2     0.004    0.0010     1.0005E-06    286.85    286.85    286.85    286.85
   3     0.006    0.0016     1.0010E-06    286.85    286.85    286.85    286.85
   4     0.008    0.0026     1.0019E-06    286.85    286.85    286.85    286.85
   5     0.010    0.0042     1.0032E-06    286.85    286.85    286.85    286.85
   6     0.012    0.0064     1.0052E-06    286.85    286.85    286.85    286.85
   7     0.014    0.0096     1.0080E-06    286.85    286.85    286.85    286.85
   8     0.016    0.0138     1.0117E-06    286.85    286.85    286.85    286.85
   9     0.018    0.0189     1.0163E-06    286.85    286.85    286.85    286.85
  10     0.020    0.0270     1.0231E-06    286.85    286.85    286.85    286.85
  11     0.022    0.0341     1.0304E-06    286.85    286.85    286.85    286.85
  12     0.024    0.0448     1.0399E-06    286.85    286.85    286.85    286.85
  13     0.026    0.0575     1.0516E-06    286.85    286.85    286.85    286.85
  14     0.028    0.0707     1.0649E-06    286.85    286.85    286.85    286.85
  15     0.030    0.0913     1.0832E-06    286.85    286.85    286.85    286.85
  16     0.032    0.1071     1.1018E-06    286.85    286.85    286.85    286.85
  17     0.034    0.1294     1.1245E-06    286.85    286.85    286.85    286.85
  18     0.036    0.1548     1.1517E-06    286.85    286.85    286.85    286.85
  19     0.038    0.1790     1.1814E-06    286.85    286.85    286.85    286.85
  20     0.040    0.2155     1.2205E-06    286.85    286.85    286.85    286.85
  21     0.042    0.2412     1.2603E-06    286.85    286.85    286.85    286.85
  22     0.044    0.2760     1.3071E-06    286.85    286.85    286.85    286.85
  23     0.046    0.3138     1.3623E-06    286.85    286.85    286.85    286.85
  24     0.048    0.3475     1.4222E-06    286.85    286.85    286.85    286.85
  25     0.050    0.3963     1.4990E-06    286.85    286.85    286.85    286.85
  26     0.052    0.4290     1.5782E-06    286.85    286.85    286.85    286.85
  27     0.054    0.4710     1.6703E-06    286.85    286.85    286.85    286.85
  28     0.056    0.5149     1.7780E-06    286.85    286.85    286.85    286.85
  29     0.058    0.5523     1.8961E-06    286.85    286.85    286.85    286.85
  30     0.060    0.6041     2.0433E-06    286.85    286.85    286.85    286.85
  31     0.062    0.6375     2.2004E-06    286.85    286.85    286.85    286.85
  32     0.064    0.6787     2.3820E-06    286.85    286.85    286.85    286.85
  33     0.066    0.7203     2.5945E-06    286.85    286.85    286.85    286.85
  34     0.068    0.7544     2.8316E-06    286.85    286.85    286.85    286.85
  35     0.070    0.7999     3.1233E-06    286.85    286.85    286.85    286.85
  36     0.072    0.8283     3.4438E-06    286.85    286.85    286.85    286.85
  37     0.074    0.8622     3.8167E-06    286.85    286.85    286.85    286.85
  38     0.076    0.8954     4.2549E-06    286.85    286.85    286.85    286.85
  39     0.078    0.9216     4.7528E-06    286.85    286.85    286.85    286.85
  40     0.080    0.9552     5.3578E-06    286.85    286.85    286.85    286.85
  41     0.082    0.9755     6.0387E-06    286.85    286.85    286.85    286.85
  42     0.084    0.9985     6.8331E-06    286.85    286.85    286.85    286.85
  43     0.086    1.0203     7.7636E-06    286.85    286.85    286.85    286.85
  44     0.088    1.0363     8.8251E-06    286.85    286.85    286.85    286.85
  45     0.090    1.0556     1.0083E-05    286.85    286.85    286.85    286.85
  46     0.092    1.0664     1.1503E-05    286.85    286.85    286.85    286.85
  47     0.094    1.0775     1.3128E-05    286.85    286.85    286.85    286.85
  48     0.096    1.0869     1.4983E-05    286.85    286.85    286.85    286.85
  49     0.098    1.0931     1.7065E-05    286.85    286.85    286.85    286.85
  50     0.100    1.0990     1.9417E-05    286.85    286.85    286.85    286.85
  51     0.102    1.1025     2.2039E-05    286.85    286.85    286.85    286.85
  52     0.104    1.1053     2.4959E-05    286.85    286.85    286.85    286.85
  53     0.106    1.1077     2.8213E-05    286.85    286.85    286.85    286.85
  54     0.108    1.1098     3.1838E-05    286.85    286.85    286.85    286.85
  55     0.110    1.1116     3.5877E-05    286.85    286.85    286.85    286.85
  56     0.112    1.1132     4.0378E-05    286.85    286.85    286.85    286.85
  57     0.114    1.1146     4.5393E-05    286.85    286.85    286.85    286.85
  58     0.116    1.1158     5.0982E-05    286.85    286.85    286.85    286.85
  59     0.118    1.1169     5.7210E-05    286.85    286.85    286.85    286.85
  60     0.120    1.1178     6.4151E-05    286.85    286.85    286.85    286.85
  61     0.122    1.1187     7.1888E-05    286.85    286.85    286.85    286.85
  62     0.124    1.1194     8.0511E-05    286.85    286.85    286.85    286.85
  63     0.126    1.1201     9.0123E-05    286.85    286.85    286.85    286.85
  64     0.128    1.1207     1.0084E-04    286.85    286.85    286.85    286.85
  65     0.130    1.1212     1.1278E-04    286.85    286.85    286.85    286.85
  66     0.132    1.1217     1.2609E-04    286.85    286.85    286.85    286.85
  67     0.134    1.1221     1.4094E-04    286.85    286.85    286.85    286.85
  68     0.136    1.1224     1.5748E-04    286.85    286.85    286.85    286.85
  69     0.138    1.1228     1.7593E-04    286.85    286.85    286.85    286.85
  70     0.140    1.1231     1.9649E-04    286.85    286.85    286.85    286.86
  71     0.142    1.1233     2.1942E-04    286.85    286.85    286.85    286.86
  72     0.144    1.1236     2.4498E-04    286.85    286.85    286.85    286.86
  73     0.146    1.1238     2.7348E-04    286.85    286.85    286.85    286.86
  74     0.148    1.1240     3.0525E-04    286.85    286.85    286.85    286.86
  75     0.150    1.1242     3.4068E-04    286.85    286.85    286.85    286.86
  76     0.152    1.1243     3.8017E-04    286.85    286.85    286.85    286.86
  77     0.154    1.1244     4.2421E-04    286.85    286.85    286.85    286.86
  78     0.156    1.1246     4.7330E-04    286.85    286.85    286.85    286.86
  79     0.158    1.1247     5.2804E-04    286.85    286.85    286.85    286.86
  80     0.160    1.1248     5.8907E-04    286.85    286.85    286.85    286.86
  81     0.162    1.1248     6.5711E-04    286.85    286.85    286.85    286.87
  82     0.164    1.1249     7.3297E-04    286.85    286.85    286.85    286.87
  83     0.166    1.1250     8.1755E-04    286.85    286.85    286.85    286.87
  84     0.168    1.1251     9.1185E-04    286.85    286.85    286.85    286.87
  85     0.170    1.1251     1.0170E-03    286.85    286.85    286.85    286.87
  86     0.172    1.1251     1.1342E-03    286.85    286.85    286.85    286.88
  87     0.174    1.1252     1.2649E-03    286.85    286.85    286.85    286.88
  88     0.176    1.1252     1.4106E-03    286.85    286.85    286.85    286.88
  89     0.178    1.1253     1.5731E-03    286.85    286.85    286.85    286.89
  90     0.180    1.1253     1.7542E-03    286.85    286.85    286.85    286.89
  91     0.182    1.1253     1.9561E-03    286.85    286.85    286.85    286.89
  92     0.184    1.1253     2.1812E-03    286.85    286.85    286.86    286.90
  93     0.186    1.1253     2.4322E-03    286.85    286.85    286.86    286.90
  94     0.188    1.1253     2.7119E-03    286.85    286.85    286.86    286.91
  95     0.190    1.1253     3.0238E-03    286.85    286.85    286.86    286.92
  96     0.192    1.1253     3.3715E-03    286.85    286.85    286.86    286.93
  97     0.194    1.1253     3.7591E-03    286.85    286.85    286.86    286.93
  98     0.196    1.1253     4.1911E-03    286.85    286.85    286.86    286.94
  99     0.198    1.1253     4.6727E-03    286.85    286.85    286.86    286.96
 100     0.200    1.1253     5.2095E-03    286.85    286.85    286.86    286.97
 101     0.202    1.1253     5.8078E-03    286.85    286.85    286.86    286.98
 102     0.204    1.1253     6.4746E-03    286.85    286.85    286.87    287.00
 103     0.206    1.1253     7.2178E-03    286.85    286.85    286.87    287.01
 104     0.208    1.1252     8.0461E-03    286.85    286.85    286.87    287.03
 105     0.210    1.1252     8.9691E-03    286.85    286.85    286.87    287.05
 106     0.212    1.1252     9.9975E-03    286.85    286.85    286.87    287.07
 107     0.214    1.1251     1.1143E-02    286.85    286.85    286.88    287.10
 108     0.216    1.1251     1.2420E-02    286.85    286.85    286.88    287.13
 109     0.218    1.1250     1.3842E-02    286.85    286.85    286.88    287.16
 110     0.220    1.1250     1.5427E-02    286.85    286.85    286.89    287.20
 111     0.222    1.1249     1.7191E-02    286.85    286.85    286.89    287.24
 112     0.224    1.1248     1.9156E-02    286.85    286.85    286.90    287.28
 113     0.226    1.1247     2.1344E-02    286.85    286.85    286.90    287.33
 114     0.228    1.1246     2.3780E-02    286.85    286.85    286.91    287.39
 115     0.230    1.1245     2.6491E-02    286.85    286.85    286.91    287.45
 116     0.232    1.1244     2.9508E-02    286.85    286.85    286.92    287.51
 117     0.234    1.1243     3.2866E-02    286.85    286.85    286.93    287.59
 118     0.236    1.1241     3.6600E-02    286.85    286.85    286.94    287.68
 119     0.238    1.1239     4.0753E-02    286.85    286.85    286.95    287.77
 120     0.240    1.1237     4.5369E-02    286.85    286.85    286.96    287.87
 121     0.242    1.1235     5.0500E-02    286.85    286.85    286.97    287.99
 122     0.244    1.1233     5.6199E-02    286.85    286.85    286.98    288.12
 123     0.246    1.1230     6.2528E-02    286.85    286.85    287.00    288.27
 124     0.248    1.1227     6.9553E-02    286.85    286.85    287.02    288.43
 125     0.250    1.1224     7.7345E-02    286.85    286.85    287.03    288.61
 126     0.252    1.1220     8.5984E-02    286.85    286.85    287.06    288.80
 127     0.254    1.1216     9.5557E-02    286.85    286.85    287.08    289.02
 128     0.256    1.1212     1.0615E-01    286.85    286.85    287.10    289.27
 129     0.258    1.1207     1.1788E-01    286.85    286.86    287.13    289.54
 130     0.260    1.1201     1.3084E-01    286.85    286.86    287.17    289.84
 131     0.262    1.1195     1.4515E-01    286.85    286.86    287.20    290.18
 132     0.264    1.1188     1.6093E-01    286.85    286.86    287.24    290.55
 133     0.266    1.1181     1.7832E-01    286.85    286.86    287.28    290.96
 134     0.268    1.1172     1.9745E-01    286.85    286.86    287.33    291.42
 135     0.270    1.1163     2.1846E-01    286.85    286.86    287.38    291.92
 136     0.272    1.1153     2.4151E-01    286.85    286.86    287.44    292.47
 137     0.274    1.1141     2.6673E-01    286.85    286.86    287.51    293.09
 138     0.276    1.1129     2.9428E-01    286.85    286.86    287.58    293.77
 139     0.278    1.1115     3.2431E-01    286.85    286.87    287.66    294.51
 140     0.280    1.1100     3.5696E-01    286.85    286.87    287.74    295.33
 141     0.282    1.1083     3.9236E-01    286.85    286.87    287.84    296.23
 142     0.284    1.1065     4.3062E-01    286.85    286.87    287.94    297.22
 143     0.286    1.1044     4.7185E-01    286.85    286.87    288.06    298.30
 144     0.288    1.1022     5.1609E-01    286.85    286.88    288.18    299.48
 145     0.290    1.0998     5.6339E-01    286.85    286.88    288.31    300.77
 146     0.292    1.0972     6.1372E-01    286.85    286.88    288.46    302.17
 147     0.294    1.0943     6.6701E-01    286.85    286.89    288.62    303.69
 148     0.296    1.0913     7.2313E-01    286.85    286.89    288.80    305.33
 149     0.298    1.0880     7.8186E-01    286.86    286.89    288.98    307.11
 150     0.300    1.0845     8.4296E-01    286.86    286.90    289.18    309.02
 151     0.302    1.0807     9.0607E-01    286.86    286.90    289.40    311.08
 152     0.304    1.0765     9.7071E-01    286.86    286.91    289.63    313.27
 153     0.306    1.0721     1.0364E+00    286.86    286.92    289.88    315.61
 154     0.308    1.0674     1.1024E+00    286.86    286.92    290.14    318.09
 155     0.310    1.0625     1.1681E+00    286.86    286.93    290.41    320.71
 156     0.312    1.0572     1.2326E+00    286.86    286.94    290.70    323.48
 157     0.314    1.0517     1.2953E+00    286.86    286.95    291.00    326.37
 158     0.316    1.0460     1.3551E+00    286.86    286.96    291.32    329.39
 159     0.318    1.0400     1.4113E+00    286.86    286.97    291.65    332.53
 160     0.320    1.0338     1.4630E+00    286.87    286.98    291.98    335.77
 161     0.322    1.0274     1.5094E+00    286.87    287.00    292.33    339.10
 162     0.324    1.0208     1.5497E+00    286.87    287.01    292.68    342.52
 163     0.326    1.0141     1.5834E+00    286.87    287.03    293.04    345.99
 164     0.328    1.0074     1.6098E+00    286.87    287.04    293.41    349.52
 165     0.330    1.0005     1.6288E+00    286.88    287.06    293.77    353.07
 166     0.332    0.9937     1.6402E+00    286.88    287.08    294.14    356.63
 167     0.334    0.9869     1.6436E+00    286.88    287.10    294.50    360.20
 168     0.336    0.9800     1.6407E+00    286.88    287.12    294.86    363.74
 169     0.338    0.9732     1.6306E+00    286.89    287.15    295.21    367.25
 170     0.340    0.9666     1.6134E+00    286.89    287.17    295.56    370.72
 171     0.342    0.9600     1.5899E+00    286.89    287.20    295.89    374.12
 172     0.344    0.9536     1.5606E+00    286.90    287.23    296.22    377.45
 173     0.346    0.9474     1.5263E+00    286.90    287.26    296.54    380.70
 174     0.348    0.9414     1.4878E+00    286.90    287.29    296.84    383.85
 175     0.350    0.9356     1.4457E+00    286.91    287.32    297.14    386.91
 176     0.352    0.9300     1.4009E+00    286.91    287.35    297.42    389.86
 177     0.354    0.9246     1.3541E+00    286.92    287.39    297.68    392.71
 178     0.356    0.9195     1.3058E+00    286.92    287.43    297.94    395.45
 179     0.358    0.9146     1.2569E+00    286.93    287.47    298.18    398.08
 180     0.360    0.9099     1.2078E+00    286.93    287.51    298.40    400.61
 181     0.362    0.9055     1.1590E+00    286.94    287.55    298.62    403.02
 182     0.364    0.9013     1.1109E+00    286.94    287.60    298.82    405.33
 183     0.366    0.8973     1.0640E+00    286.95    287.65    299.01    407.54
 184     0.368    0.8935     1.0185E+00    286.95    287.69    299.18    409.65
 185     0.370    0.8899     9.7472E-01    286.96    287.74    299.35    411.67
 186     0.372    0.8864     9.3272E-01    286.97    287.79    299.51    413.60
 187     0.374    0.8832     8.9269E-01    286.97    287.85    299.66    415.44
 188     0.376    0.8801     8.5469E-01    286.98    287.90    299.80    417.19
 189     0.378    0.8772     8.1879E-01    286.99    287.95    299.93    418.88
 190     0.380    0.8744     7.8499E-01    286.99    288.01    300.05    420.49
 191     0.382    0.8717     7.5327E-01    287.00    288.07    300.16    422.03
 192     0.384    0.8692     7.2360E-01    287.01    288.13    300.27    423.51
 193     0.386    0.8668     6.9591E-01    287.02    288.19    300.38    424.94
 194     0.388    0.8644     6.7013E-01    287.02    288.25    300.47    426.31
 195     0.390    0.8622     6.4618E-01    287.03    288.31    300.56    427.62
 196     0.392    0.8600     6.2398E-01    287.04    288.37    300.65    428.90
 197     0.394    0.8578     6.0347E-01    287.05    288.44    300.74    430.12
 198     0.396    0.8557     5.8449E-01    287.05    288.50    300.82    431.31
 199     0.398    0.8537     5.6694E-01    287.06    288.57    300.89    432.46
 200     0.400    0.8517     5.5074E-01    287.07    288.63    300.96    433.58
 201     0.402    0.8499     5.3580E-01    287.08    288.70    301.04    434.67
 202     0.404    0.8480     5.2201E-01    287.09    288.77    301.10    435.73
 203     0.406    0.8462     5.0931E-01    287.10    288.84    301.17    436.76
 204     0.408    0.8444     4.9760E-01    287.11    288.90    301.23    437.76
 205     0.410    0.8427     4.8680E-01    287.11    288.97    301.29    438.75
 206     0.412    0.8410     4.7684E-01    287.12    289.04    301.35    439.71
 207     0.414    0.8393     4.6764E-01    287.13    289.11    301.41    440.65
 208     0.416    0.8376     4.5915E-01    287.14    289.19    301.47    441.58
 209     0.418    0.8359     4.5129E-01    287.15    289.26    301.53    442.49
 210     0.420    0.8343     4.4402E-01    287.16    289.33    301.58    443.38
 211     0.422    0.8327     4.3727E-01    287.17    289.41    301.63    444.26
 212     0.424    0.8310     4.3100E-01    287.18    289.48    301.69    445.12
 213     0.426    0.8294     4.2517E-01    287.19    289.55    301.74    445.98
 214     0.428    0.8278     4.1974E-01    287.20    289.63    301.79    446.82
 215     0.430    0.8262     4.1466E-01    287.21    289.70    301.84    447.65
 216     0.432    0.8246     4.0991E-01    287.22    289.78    301.89    448.47
 217     0.434    0.8230     4.0545E-01    287.22    289.85    301.94    449.28
 218     0.436    0.8215     4.0125E-01    287.23    289.93    301.99    450.08
 219     0.438    0.8199     3.9730E-01    287.24    290.00    302.04    450.88
 220     0.440    0.8183     3.9356E-01    287.25    290.08    302.08    451.66
 221     0.442    0.8168     3.9001E-01    287.26    290.15    302.13    452.44
 222     0.444    0.8152     3.8664E-01    287.27    290.22    302.18    453.21
 223     0.446    0.8137     3.8344E-01    287.28    290.30    302.22    453.98
 224     0.448    0.8121     3.8038E-01    287.29    290.37    302.27    454.73
 225     0.450    0.8106     3.7745E-01    287.30    290.45    302.32    455.48
 226     0.452    0.8090     3.7463E-01    287.31    290.52    302.36    456.23
 227     0.454    0.8075     3.7193E-01    287.32    290.60    302.41    456.97
 228     0.456    0.8060     3.6933E-01    287.33    290.67    302.45    457.70
 229     0.458    0.8044     3.6681E-01    287.34    290.74    302.50    458.43
 230     0.460    0.8029     3.6438E-01    287.35    290.82    302.54    459.15
 231     0.462    0.8014     3.6202E-01    287.36    290.89    302.58    459.86
 232     0.464    0.7999     3.5972E-01    287.37    290.97    302.63    460.58
 233     0.466    0.7984     3.5750E-01    287.38    291.04    302.67    461.28
 234     0.468    0.7969     3.5533E-01    287.39    291.12    302.71    461.98
 235     0.470    0.7954     3.5321E-01    287.40    291.19    302.76    462.68
 236     0.472    0.7939     3.5115E-01    287.41    291.27    302.80    463.37
 237     0.474    0.7924     3.4913E-01    287.42    291.34    302.84    464.06
 238     0.476    0.7909     3.4715E-01    287.43    291.42    302.88    464.74
 239     0.478    0.7894     3.4522E-01    287.44    291.49    302.92    465.42
 240     0.480    0.7879     3.4333E-01    287.45    291.57    302.96    466.10
 241     0.482    0.7865     3.4147E-01    287.46    291.64    303.01    466.77
 242     0.484    0.7850     3.3965E-01    287.47    291.72    303.05    467.44
 243     0.486    0.7835     3.3786E-01    287.48    291.79    303.09    468.10
 244     0.488    0.7821     3.3610E-01    287.49    291.87    303.13    468.76
 245     0.490    0.7806     3.3437E-01    287.50    291.94    303.17    469.41
 246     0.492    0.7792     3.3267E-01    287.51    292.02    303.21    470.06
 247     0.494    0.7777     3.3100E-01    287.52    292.09    303.25    470.71
 248     0.496    0.7763     3.2935E-01    287.52    292.17    303.29    471.36
 249     0.498    0.7748     3.2773E-01    287.53    292.24    303.33    472.00
 250     0.500    0.7734     3.2613E-01    287.54    292.32    303.36    472.63
 251     0.502    0.7720     3.2456E-01    287.55    292.39    303.40    473.27
 252     0.504    0.7706     3.2301E-01    287.56    292.46    303.44    473.89
 253     0.506    0.7691     3.2149E-01    287.57    292.54    303.48    474.52
 254     0.508    0.7677     3.1998E-01    287.58    292.61    303.52    475.14
 255     0.510    0.7663     3.1850E-01    287.59    292.69    303.56    475.76
 256     0.512    0.7649     3.1704E-01    287.60    292.76    303.59    476.38
 257     0.514    0.7635     3.1560E-01    287.61    292.84    303.63    476.99
 258     0.516    0.7622     3.1417E-01    287.62    292.91    303.67    477.60
 259     0.518    0.7608     3.1277E-01    287.63    292.99    303.71    478.21
 260     0.520    0.7594     3.1139E-01    287.64    293.06    303.74    478.81
 261     0.522    0.7580     3.1002E-01    287.65    293.14    303.78    479.41
 262     0.524    0.7567     3.0868E-01    287.66    293.22    303.82    480.01
 263     0.526    0.7553     3.0735E-01    287.67    293.29    303.85    480.60
 264     0.528    0.7539     3.0604E-01    287.68    293.37    303.89    481.20
 265     0.530    0.7526     3.0474E-01    287.69    293.44    303.92    481.78
 266     0.532    0.7512     3.0346E-01    287.70    293.52    303.96    482.37
 267     0.534    0.7499     3.0220E-01    287.71    293.60    304.00    482.95
 268     0.536    0.7486     3.0096E-01    287.72    293.67    304.03    483.53
 269     0.538    0.7472     2.9973E-01    287.73    293.75    304.07    484.11
 270     0.540    0.7459     2.9851E-01    287.73    293.82    304.10    484.69
 271     0.542    0.7446     2.9732E-01    287.74    293.90    304.14    485.26
 272     0.544    0.7433     2.9613E-01    287.75    293.97    304.17    485.83
 273     0.546    0.7420     2.9497E-01    287.76    294.05    304.21    486.39
 274     0.548    0.7407     2.9381E-01    287.77    294.12    304.24    486.96
 275     0.550    0.7394     2.9267E-01    287.78    294.20    304.27    487.52
 276     0.552    0.7381     2.9155E-01    287.79    294.27    304.31    488.08
 277     0.554    0.7368     2.9044E-01    287.80    294.35    304.34    488.64
 278     0.556    0.7355     2.8934E-01    287.81    294.42    304.38    489.19
 279     0.558    0.7343     2.8825E-01    287.82    294.50    304.41    489.74
 280     0.560    0.7330     2.8718E-01    287.83    294.57    304.44    490.29
 281     0.562    0.7317     2.8612E-01    287.84    294.64    304.48    490.84
 282     0.564    0.7305     2.8508E-01    287.85    294.72    304.51    491.38
 283     0.566    0.7292     2.8404E-01    287.86    294.79    304.54    491.92
 284     0.568    0.7280     2.8302E-01    287.86    294.86    304.58    492.46
 285     0.570    0.7268     2.8201E-01    287.87    294.94    304.61    493.00
 286     0.572    0.7255     2.8102E-01    287.88    295.01    304.64    493.54
 287     0.574    0.7243     2.8003E-01    287.89    295.08    304.67    494.07
 288     0.576    0.7231     2.7906E-01    287.90    295.16    304.71    494.60
 289     0.578    0.7219     2.7810E-01    287.91    295.23    304.74    495.13
 290     0.580    0.7206     2.7715E-01    287.92    295.30    304.77    495.66
 291     0.582    0.7194     2.7621E-01    287.93    295.37    304.80    496.18
 292     0.584    0.7182     2.7528E-01    287.94    295.45    304.83    496.70
 293     0.586    0.7170     2.7436E-01    287.95    295.52    304.87    497.22
 294     0.588    0.7159     2.7345E-01    287.95    295.59    304.90    497.74
 295     0.590    0.7147     2.7256E-01    287.96    295.66    304.93    498.26
 296     0.592    0.7135     2.7167E-01    287.97    295.73    304.96    498.77
 297     0.594    0.7123     2.7079E-01    287.98    295.80    304.99    499.29
 298     0.596    0.7112     2.6992E-01    287.99    295.87    305.02    499.80
 299     0.598    0.7100     2.6907E-01    288.00    295.95    305.05    500.31
 300     0.600    0.7088     2.6822E-01    288.01    296.02    305.08    500.81
 301     0.602    0.7077     2.6738E-01    288.02    296.09    305.11    501.32
 302     0.604    0.7066     2.6655E-01    288.03    296.16    305.15    501.82
 303     0.606    0.7054     2.6573E-01    288.03    296.23    305.18    502.32
 304     0.608    0.7043     2.6492E-01    288.04    296.30    305.21    502.82
 305     0.610    0.7032     2.6412E-01    288.05    296.37    305.24    503.32
 306     0.612    0.7020     2.6333E-01    288.06    296.45    305.27    503.81
 307     0.614    0.7009     2.6254E-01    288.07    296.52    305.30    504.31
 308     0.616    0.6998     2.6177E-01    288.08    296.59    305.33    504.80
 309     0.618    0.6987     2.6100E-01    288.09    296.67    305.36    505.29
 310     0.620    0.6976     2.6024E-01    288.09    296.74    305.39    505.78
 311     0.622    0.6965     2.5949E-01    288.10    296.81    305.42    506.27
 312     0.624    0.6954     2.5875E-01    288.11    296.89    305.45    506.75
 313     0.626    0.6943     2.5802E-01    288.12    296.96    305.47    507.23
 314     0.628    0.6933     2.5729E-01    288.13    297.03    305.50    507.72
 315     0.630    0.6922     2.5658E-01    288.14    297.10    305.53    508.20
 316     0.632    0.6911     2.5586E-01    288.14    297.17    305.56    508.67
 317     0.634    0.6901     2.5516E-01    288.15    297.24    305.59    509.15
 318     0.636    0.6890     2.5447E-01    288.16    297.31    305.62    509.63
 319     0.638    0.6879     2.5378E-01    288.17    297.39    305.65    510.10
 320     0.640    0.6869     2.5310E-01    288.18    297.46    305.68    510.57
 321     0.642    0.6859     2.5243E-01    288.19    297.53    305.71    511.04
 322     0.644    0.6848     2.5176E-01    288.19    297.60    305.74    511.51
 323     0.646    0.6838     2.5110E-01    288.20    297.67    305.76    511.98
 324     0.648    0.6828     2.5045E-01    288.21    297.74    305.79    512.45
 325     0.650    0.6818     2.4980E-01    288.22    297.81    305.82    512.91
 326     0.652    0.6807     2.4917E-01    288.23    297.87    305.85    513.38
 327     0.654    0.6797     2.4853E-01    288.24    297.94    305.88    513.84
 328     0.656    0.6787     2.4791E-01    288.24    298.01    305.90    514.30
 329     0.658    0.6777     2.4729E-01    288.25    298.08    305.93    514.76
 330     0.660    0.6767     2.4668E-01    288.26    298.15    305.96    515.22
 331     0.662    0.6758     2.4607E-01    288.27    298.22    305.99    515.67
 332     0.664    0.6748     2.4547E-01    288.28    298.29    306.02    516.13
 333     0.666    0.6738     2.4488E-01    288.28    298.35    306.04    516.58
 334     0.668    0.6728     2.4430E-01    288.29    298.42    306.07    517.03
 335     0.670    0.6719     2.4371E-01    288.30    298.49    306.10    517.48
 336     0.672    0.6709     2.4314E-01    288.31    298.55    306.13    517.93
 337     0.674    0.6700     2.4257E-01    288.31    298.62    306.15    518.38
 338     0.676    0.6690     2.4201E-01    288.32    298.69    306.18    518.83
 339     0.678    0.6681     2.4145E-01    288.33    298.75    306.21    519.28
 340     0.680    0.6671     2.4090E-01    288.34    298.82    306.23    519.72
 341     0.682    0.6662     2.4035E-01    288.35    298.88    306.26    520.16
 342     0.684    0.6653     2.3981E-01    288.35    298.95    306.29    520.61
 343     0.686    0.6643     2.3928E-01    288.36    299.01    306.31    521.05
 344     0.688    0.6634     2.3875E-01    288.37    299.08    306.34    521.49
 345     0.690    0.6625     2.3823E-01    288.38    299.14    306.37    521.92
 346     0.692    0.6616     2.3771E-01    288.38    299.21    306.39    522.36
 347     0.694    0.6607     2.3720E-01    288.39    299.27    306.42    522.80
 348     0.696    0.6598     2.3669E-01    288.40    299.33    306.45    523.23
 349     0.698    0.6589     2.3619E-01    288.41    299.40    306.47    523.66
 350     0.700    0.6580     2.3569E-01    288.41    299.47    306.50    524.10
 351     0.702    0.6571     2.3520E-01    288.42    299.54    306.53    524.53
 352     0.704    0.6563     2.3471E-01    288.43    299.60    306.55    524.96
 353     0.706    0.6554     2.3423E-01    288.44    299.67    306.58    525.39
 354     0.708    0.6545     2.3375E-01    288.44    299.74    306.60    525.81
 355     0.710    0.6536     2.3328E-01    288.45    299.81    306.63    526.24
 356     0.712    0.6528     2.3281E-01    288.46    299.87    306.65    526.67
 357     0.714    0.6519     2.3234E-01    288.46    299.94    306.68    527.09
 358     0.716    0.6511     2.3189E-01    288.47    300.01    306.71    527.51
 359     0.718    0.6502     2.3143E-01    288.48    300.07    306.73    527.94
 360     0.720    0.6494     2.3098E-01    288.49    300.13    306.76    528.36
 361     0.722    0.6486     2.3054E-01    288.49    300.19    306.78    528.78
 362     0.724    0.6477     2.3011E-01    288.50    300.26    306.81    529.20
 363     0.726    0.6468     2.2967E-01    288.51    300.32    306.83    529.62
 364     0.728    0.6460     2.2923E-01    288.51    300.38    306.86    530.03
 365     0.730    0.6451     2.2880E-01    288.52    300.44    306.88    530.45
 366     0.732    0.6443     2.2836E-01    288.53    300.50    306.91    530.86
 367     0.734    0.6435     2.2794E-01    288.53    300.57    306.93    531.28
 368     0.736    0.6427     2.2751E-01    288.54    300.63    306.96    531.69
 369     0.738    0.6419     2.2709E-01    288.55    300.69    306.98    532.10
 370     0.740    0.6411     2.2668E-01    288.55    300.75    307.01    532.51
 371     0.742    0.6403     2.2626E-01    288.56    300.81    307.03    532.92
 372     0.744    0.6395     2.2586E-01    288.57    300.87    307.06    533.33
 373     0.746    0.6387     2.2545E-01    288.58    300.93    307.08    533.74
 374     0.748    0.6379     2.2505E-01    288.58    300.99    307.11    534.15
 375     0.750    0.6371     2.2465E-01    288.59    301.05    307.13    534.55
 376     0.752    0.6363     2.2426E-01    288.59    301.10    307.16    534.96
 377     0.754    0.6356     2.2387E-01    288.60    301.16    307.18    535.36
 378     0.756    0.6348     2.2349E-01    288.61    301.22    307.21    535.76
 379     0.758    0.6340     2.2311E-01    288.61    301.28    307.23    536.17
 380     0.760    0.6333     2.2273E-01    288.62    301.34    307.25    536.57
 381     0.762    0.6325     2.2236E-01    288.63    301.39    307.28    536.97
 382     0.764    0.6318     2.2199E-01    288.63    301.45    307.30    537.37
 383     0.766    0.6310     2.2162E-01    288.64    301.51    307.33    537.77
 384     0.768    0.6303     2.2126E-01    288.65    301.56    307.35    538.16
 385     0.770    0.6296     2.2090E-01    288.65    301.62    307.37    538.56
 386     0.772    0.6288     2.2054E-01    288.66    301.67    307.40    538.96
 387     0.774    0.6281     2.2019E-01    288.67    301.73    307.42    539.35
 388     0.776    0.6274     2.1984E-01    288.67    301.78    307.45    539.75
 389     0.778    0.6267     2.1950E-01    288.68    301.84    307.47    540.14
 390     0.780    0.6259     2.1915E-01    288.68    301.89    307.49    540.53
 391     0.782    0.6252     2.1882E-01    288.69    301.95    307.52    540.92
 392     0.784    0.6245     2.1848E-01    288.70    302.00    307.54    541.31
 393     0.786    0.6238     2.1815E-01    288.70    302.05    307.56    541.70
 394     0.788    0.6231     2.1782E-01    288.71    302.10    307.59    542.09
 395     0.790    0.6224     2.1749E-01    288.71    302.16    307.61    542.48
 396     0.792    0.6217     2.1717E-01    288.72    302.22    307.63    542.87
 397     0.794    0.6211     2.1685E-01    288.73    302.28    307.66    543.25
 398     0.796    0.6204     2.1653E-01    288.73    302.34    307.68    543.64
 399     0.798    0.6197     2.1622E-01    288.74    302.40    307.70    544.02
 400     0.800    0.6190     2.1591E-01    288.74    302.45    307.73    544.41
 401     0.802    0.6184     2.1560E-01    288.75    302.51    307.75    544.79
 402     0.804    0.6177     2.1529E-01    288.75    302.57    307.77    545.17
 403     0.806    0.6170     2.1499E-01    288.76    302.62    307.79    545.56
 404     0.808    0.6164     2.1469E-01    288.77    302.68    307.82    545.94
 405     0.810    0.6157     2.1440E-01    288.77    302.74    307.84    546.32
 406     0.812    0.6151     2.1410E-01    288.78    302.79    307.86    546.70
 407     0.814    0.6144     2.1381E-01    288.78    302.85    307.89    547.07
 408     0.816    0.6138     2.1353E-01    288.79    302.90    307.91    547.45
 409     0.818    0.6132     2.1324E-01    288.79    302.96    307.93    547.83
 410     0.820    0.6125     2.1296E-01    288.80    303.01    307.95    548.21
 411     0.822    0.6119     2.1268E-01    288.80    303.06    307.98    548.58
 412     0.824    0.6113     2.1240E-01    288.81    303.12    308.00    548.96
 413     0.826    0.6107     2.1213E-01    288.82    303.17    308.02    549.33
 414     0.828    0.6100     2.1186E-01    288.82    303.22    308.04    549.70
 415     0.830    0.6094     2.1159E-01    288.83    303.28    308.07    550.08
 416     0.832    0.6088     2.1132E-01    288.83    303.33    308.09    550.45
 417     0.834    0.6082     2.1106E-01    288.84    303.38    308.11    550.82
 418     0.836    0.6076     2.1079E-01    288.84    303.43    308.13    551.19
 419     0.838    0.6070     2.1054E-01    288.85    303.48    308.15    551.56
 420     0.840    0.6064     2.1028E-01    288.85    303.53    308.18    551.93
 421     0.842    0.6058     2.1002E-01    288.86    303.58    308.20    552.30
 422     0.844    0.6052     2.0977E-01    288.86    303.63    308.22    552.66
 423     0.846    0.6047     2.0952E-01    288.87    303.68    308.24    553.03
 424     0.848    0.6041     2.0928E-01    288.87    303.73    308.26    553.40
 425     0.850    0.6035     2.0903E-01    288.88    303.78    308.29    553.76
 426     0.852    0.6029     2.0879E-01    288.88    303.83    308.31    554.13
 427     0.854    0.6024     2.0855E-01    288.89    303.87    308.33    554.49
 428     0.856    0.6018     2.0831E-01    288.89    303.92    308.35    554.85
 429     0.858    0.6012     2.0808E-01    288.90    303.97    308.37    555.22
 430     0.860    0.6007     2.0784E-01    288.90    304.01    308.39    555.58
 431     0.862    0.6001     2.0761E-01    288.91    304.06    308.42    555.94
 432     0.864    0.5996     2.0738E-01    288.91    304.10    308.44    556.30
 433     0.866    0.5990     2.0716E-01    288.92    304.15    308.46    556.66
 434     0.868    0.5985     2.0693E-01    288.92    304.19    308.48    557.02
 435     0.870    0.5979     2.0671E-01    288.93    304.24    308.50    557.38
 436     0.872    0.5974     2.0649E-01    288.93    304.28    308.52    557.74
 437     0.874    0.5969     2.0627E-01    288.94    304.33    308.54    558.09
 438     0.876    0.5963     2.0605E-01    288.94    304.37    308.56    558.45
 439     0.878    0.5958     2.0584E-01    288.94    304.42    308.59    558.81
 440     0.880    0.5953     2.0563E-01    288.95    304.47    308.61    559.16
 441     0.882    0.5947     2.0542E-01    288.95    304.52    308.63    559.52
 442     0.884    0.5942     2.0521E-01    288.96    304.57    308.65    559.87
 443     0.886    0.5937     2.0500E-01    288.96    304.62    308.67    560.22
 444     0.888    0.5932     2.0479E-01    288.97    304.66    308.69    560.58
 445     0.890    0.5927     2.0459E-01    288.97    304.71    308.71    560.93
 446     0.892    0.5922     2.0439E-01    288.98    304.76    308.73    561.28
 447     0.894    0.5917     2.0419E-01    288.98    304.81    308.75    561.63
 448     0.896    0.5912     2.0399E-01    288.98    304.86    308.77    561.98
 449     0.898    0.5907     2.0380E-01    288.99    304.90    308.80    562.33
 450     0.900    0.5902     2.0360E-01    288.99    304.95    308.82    562.68
 451     0.902    0.5897     2.0341E-01    289.00    304.99    308.84    563.03
 452     0.904    0.5892     2.0322E-01    289.00    305.04    308.86    563.38
 453     0.906    0.5887     2.0303E-01    289.00    305.08    308.88    563.73
 454     0.908    0.5882     2.0285E-01    289.01    305.13    308.90    564.07
 455     0.910    0.5877     2.0266E-01    289.01    305.17    308.92    564.42
 456     0.912    0.5872     2.0248E-01    289.02    305.22    308.94    564.77
 457     0.914    0.5868     2.0229E-01    289.02    305.26    308.96    565.11
 458     0.916    0.5863     2.0211E-01    289.03    305.30    308.98    565.45
 459     0.918    0.5858     2.0193E-01    289.03    305.35    309.00    565.80
 460     0.920    0.5853     2.0176E-01    289.03    305.39    309.02    566.14
 461     0.922    0.5849     2.0158E-01    289.04    305.43    309.04    566.48
 462     0.924    0.5844     2.0141E-01    289.04    305.47    309.06    566.83
 463     0.926    0.5840     2.0123E-01    289.04    305.51    309.08    567.17
 464     0.928    0.5835     2.0106E-01    289.05    305.55    309.10    567.51
 465     0.930    0.5830     2.0089E-01    289.05    305.59    309.12    567.85
 466     0.932    0.5826     2.0072E-01    289.06    305.63    309.14    568.19
 467     0.934    0.5821     2.0056E-01    289.06    305.67    309.16    568.53
 468     0.936    0.5817     2.0039E-01    289.06    305.71    309.18    568.87
 469     0.938    0.5812     2.0023E-01    289.07    305.75    309.20    569.21
 470     0.940    0.5808     2.0007E-01    289.07    305.78    309.22    569.54
 471     0.942    0.5804     1.9990E-01    289.07    305.82    309.24    569.88
 472     0.944    0.5799     1.9974E-01    289.08    305.86    309.26    570.22
 473     0.946    0.5795     1.9959E-01    289.08    305.89    309.28    570.55
 474     0.948    0.5790     1.9943E-01    289.08    305.93    309.30    570.89
 475     0.950    0.5786     1.9927E-01    289.09    305.97    309.32    571.22
 476     0.952    0.5782     1.9912E-01    289.09    306.00    309.34    571.56
 477     0.954    0.5777     1.9897E-01    289.10    306.04    309.36    571.89
 478     0.956    0.5773     1.9881E-01    289.10    306.07    309.38    572.22
 479     0.958    0.5769     1.9866E-01    289.10    306.10    309.40    572.56
 480     0.960    0.5765     1.9851E-01    289.11    306.14    309.42    572.89
 481     0.962    0.5761     1.9837E-01    289.11    306.17    309.44    573.22
 482     0.964    0.5756     1.9822E-01    289.11    306.20    309.46    573.55
 483     0.966    0.5752     1.9807E-01    289.12    306.24    309.48    573.88
 484     0.968    0.5748     1.9793E-01    289.12    306.27    309.50    574.21
 485     0.970    0.5744     1.9779E-01    289.12    306.31    309.51    574.54
 486     0.972    0.5740     1.9764E-01    289.13    306.35    309.53    574.87
 487     0.974    0.5736     1.9750E-01    289.13    306.39    309.55    575.20
 488     0.976    0.5732     1.9736E-01    289.13    306.43    309.57    575.52
 489     0.978    0.5728     1.9722E-01    289.13    306.47    309.59    575.85
 490     0.980    0.5724     1.9709E-01    289.14    306.51    309.61    576.18
 491     0.982    0.5720     1.9695E-01    289.14    306.54    309.63    576.50
 492     0.984    0.5716     1.9682E-01    289.14    306.58    309.65    576.83
 493     0.986    0.5712     1.9668E-01    289.15    306.62    309.67    577.15
 494     0.988    0.5708     1.9655E-01    289.15    306.65    309.69    577.48
 495     0.990    0.5704     1.9642E-01    289.15    306.69    309.71    577.80
 496     0.992    0.5701     1.9639E-01    289.16    306.72    309.72    578.13
 497     0.994    0.5696     1.9624E-01    289.16    306.76    309.74    578.45
 498     0.996    0.5692     1.9609E-01    289.16    306.79    309.76    578.77
 499     0.998    0.5688     1.9595E-01    289.16    306.83    309.78    579.09
 500     1.000    0.5685     1.9592E-01    289.17    306.86    309.80    579.42


  CPU time breakdown in seconds
    Input reading time   :    0.0317  ( 0.0%)
    XSEC processing time :   71.5348  (25.8%)
    CMFD time            :  169.7755  (61.3%)
    Nodal update time    :   32.1906  (11.6%)
    T-H time             :    3.2488  ( 1.2%)
    ------------------------------------------
    Total time           :  276.7815
