                       ###########################################################
                       #                     ADPRES 1.1                          #
                       #        ABU DHABI POLYTECHNIC REACTOR SIMULATOR          #
                       ###########################################################  


  ========================================INPUT DATA STARTS HERE=====================================
     1: ! CRITICAL BORON CONCENTRATION SEARCH CALCULATION                                                   
     2: ! FOR PWR NEACRP BENCHMARK                                                                          
     3: %MODE                                                                                               
     4: BCSEARCH                                                                                            
     5:                                                                                                     
     6: ! CASE CARD                                                                                         
     7: %CASE                                                                                               
     8: NEACRP Critical Boron Concentration Search - Case C1                                                
     9: 10.803 CM NODE SIZE                                                                                 
    10:                                                                                                     
    11: ! XSEC CARD                                                                                         
    12: %XSEC                                                                                               
    13: 2  11    ! Number of groups and number of materials                                                 
    14: !  sigtr        siga        nu*sigf       sigf      chi sigs_g1 sigs_g2                             
    15: 5.32058E-02  3.73279E-04  0.00000E+00  0.00000E+00  1.0  0.0  2.64554E-02                           
    16: 3.86406E-01  1.77215E-02  0.00000E+00  0.00000E+00  0.0  0.0  0.00000E+00  /COMP 1                  
    17: 2.95609E-01  1.18782E-03  0.00000E+00  0.00000E+00  1.0  0.0  2.31613E-02                           
    18: 2.45931E+00  2.52618E-01  0.00000E+00  0.00000E+00  0.0  0.0  0.00000E+00  /COMP 2                  
    19: 2.95609E-01  1.18782E-03  0.00000E+00  0.00000E+00  1.0  0.0  2.00808E-02                           
    20: 2.45931E+00  2.52618E-01  0.00000E+00  0.00000E+00  0.0  0.0  0.00000E+00  /COMP 3                  
    21: 2.22117E-01  8.71774E-03  4.98277E-03  1.90224E-03  1.0  0.0  1.82498E-02                           
    22: 8.03140E-01  6.52550E-02  8.39026E-02  3.43581E-02  0.0  0.0  0.00000E+00  /COMP 4                  
    23: 2.21914E-01  9.06133E-03  5.57659E-03  2.14498E-03  1.0  0.0  1.80040E-02                           
    24: 7.95538E-01  7.23354E-02  9.98629E-02  4.08938E-02  0.0  0.0  0.00000E+00  /COMP 5                  
    25: 2.21715E-01  9.38496E-03  6.15047E-03  2.37972E-03  1.0  0.0  1.77670E-02                           
    26: 7.89253E-01  7.89203E-02  1.14667E-01  4.69561E-02  0.0  0.0  0.00000E+00  /COMP 6                  
    27: 2.22039E-01  9.31692E-03  5.55010E-03  2.13629E-03  1.0  0.0  1.71381E-02                           
    28: 7.76230E-01  7.96328E-02  9.85576E-02  4.03596E-02  0.0  0.0  0.00000E+00  /COMP 7                  
    29: 2.22083E-01  9.40032E-03  5.54083E-03  2.13318E-03  1.0  0.0  1.68501E-02                           
    30: 7.69969E-01  8.21087E-02  9.80059E-02  4.01338E-02  0.0  0.0  0.00000E+00  /COMP 8                  
    31: 2.22127E-01  9.48286E-03  5.53137E-03  2.13003E-03  1.0  0.0  1.65626E-02                           
    32: 7.63813E-01  8.45912E-02  9.74109E-02  3.98902E-02  0.0  0.0  0.00000E+00  /COMP 9                  
    33: 2.21836E-01  9.63720E-03  6.12382E-03  2.37097E-03  1.0  0.0  1.69043E-02                           
    34: 7.70705E-01  8.61187E-02  1.13241E-01  4.63724E-02  0.0  0.0  0.00000E+00  /COMP 10                 
    35: 2.21878E-01  9.71937E-03  6.11444E-03  2.36781E-03  1.0  0.0  1.66175E-02                           
    36: 7.64704E-01  8.85488E-02  1.12635E-01  4.61246E-02  0.0  0.0  0.00000E+00  /COMP 11                 
    37:                                                                                                     
    38: ! GEOMETRY CARD                                                                                     
    39: %GEOM                                                                                               
    40: 17 9 18               !nx, ny, nz                                                                   
    41: 17*21.606             !x-direction assembly size in cm                                              
    42:   17*2                !x-direction assembly divided 2x2                                             
    43: 8*21.606 10.803       !y-direction assembly size in cm                                              
    44:   8*2       1         !y-direction assembly divided 2x2                                             
    45: 30.  7.7  11.0  15.0  10*30.0  2*12.8  8.0  30.      !z-direction size  in cm (from bottom to top)  
    46: 18*1                 !z-direction assembly divided into 20 cm each                                  
    47: 3                    !np number of planar type                                                      
    48: 1  2  15*3  1        !planar assignment (from bottom to top)                                        
    49: ! Planar_Reg 1                                                                                      
    50: 2  1  1  1  1  1  1  1  1  1  1  1  1  1  1  1  2                                                   
    51: 2  1  1  1  1  1  1  1  1  1  1  1  1  1  1  1  2                                                   
    52: 2  3  1  1  1  1  1  1  1  1  1  1  1  1  1  3  2                                                   
    53: 0  2  1  1  1  1  1  1  1  1  1  1  1  1  1  2  0                                                   
    54: 0  2  3  1  1  1  1  1  1  1  1  1  1  1  3  2  0                                                   
    55: 0  0  2  3  1  1  1  1  1  1  1  1  1  3  2  0  0                                                   
    56: 0  0  0  2  3  1  1  1  1  1  1  1  3  2  0  0  0                                                   
    57: 0  0  0  0  2  2  3  1  1  1  3  2  2  0  0  0  0                                                   
    58: 0  0  0  0  0  0  2  2  2  2  2  0  0  0  0  0  0                                                   
    59: ! Planar_Reg 2                                                                                      
    60: 2  6  4  5  4  5  4  5  4  5  4  5  4  5  4  6  2                                                   
    61: 2  6  6  4  5  4  5  4  5  4  5  4  5  4  6  6  2                                                   
    62: 2  3  6  5  4  5  4  5  4  5  4  5  4  5  6  3  2                                                   
    63: 0  2  6  6  5  4  5  4  5  4  5  4  5  6  6  2  0                                                   
    64: 0  2  3  6  4  5  4  5  4  5  4  5  4  6  3  2  0                                                   
    65: 0  0  2  3  6  6  5  4  5  4  5  6  6  3  2  0  0                                                   
    66: 0  0  0  2  3  6  6  6  4  6  6  6  3  2  0  0  0                                                   
    67: 0  0  0  0  2  2  3  6  6  6  3  2  2  0  0  0  0                                                   
    68: 0  0  0  0  0  0  2  2  2  2  2  0  0  0  0  0  0                                                   
    69: ! Planar_Reg 3                                                                                      
    70: 2  6  4  7  4  9  4  9  4  9  4  9  4  7  4  6  2                                                   
    71: 2  6 11  4  8  4  8  4  9  4  8  4  8  4 11  6  2                                                   
    72: 2  3  6  8  4  8  4  8  4  8  4  8  4  8  6  3  2                                                   
    73: 0  2  6 10  8  4  8  4  9  4  8  4  8 10  6  2  0                                                   
    74: 0  2  3  6  4  8  4  8  4  8  4  8  4  6  3  2  0                                                   
    75: 0  0  2  3  6 10  8  4  7  4  8 10  6  3  2  0  0                                                   
    76: 0  0  0  2  3  6  6 11  4 11  6  6  3  2  0  0  0                                                   
    77: 0  0  0  0  2  2  3  6  6  6  3  2  2  0  0  0  0                                                   
    78: 0  0  0  0  0  0  2  2  2  2  2  0  0  0  0  0  0                                                   
    79: ! Boundary conditions (east), (west), (north), (south), (bottom), (top)                             
    80: 1 1 2 1 1 1                                                                                         
    81:                                                                                                     
    82: ! CONTROL CARD                                                                                      
    83: %CROD                                                                                               
    84: 8  228.                        ! Number of CR banks and max number of banks                         
    85: 37.7 1.5942237                ! Zero step pos. (cm) and cm/step (total 228 steps)                   
    86: 0.  0.  0.  228.  0.  228.  0.  0.           ! CR Bank pos.                                         
    87: 0  0  3  0  0  0  2  0  1  0  2  0  0  0  8  0  0                                                   
    88: 0  0  0  6  0  0  0  4  0  4  0  0  0  6  0  0  0                                                   
    89: 0  0  6  0  6  0  5  0  2  0  5  0  6  0  6  0  0                                                   
    90: 0  0  0  0  0  4  0  0  0  0  0  4  0  0  0  0  0                                                   
    91: 0  0  0  0  7  0  6  0  0  0  6  0  7  0  0  0  0                                                   
    92: 0  0  0  0  0  0  0  6  0  6  0  0  0  0  0  0  0                                                   
    93: 0  0  0  0  0  0  6  0  3  0  6  0  0  0  0  0  0                                                   
    94: 0  0  0  0  0  0  0  0  0  0  0  0  0  0  0  0  0                                                   
    95: 0  0  0  0  0  0  0  0  0  0  0  0  0  0  0  0  0                                                   
    96: ! CX changes                                                                                        
    97: !  sigtr        siga        nu*sigf      sigf      sigs_g1   sigs_g2                                
    98:  3.73220E-03  2.47770E-03 -1.02786E-04 -3.77989E-05  0.0 -3.19253E-03                               
    99: -2.19926E-02  2.55875E-02 -2.82319E-03 -1.15483E-03  0.0  0.00000E+00    /COMP 1                    
   100:  3.73220E-03  2.47770E-03 -1.02786E-04 -3.77989E-05  0.0 -3.19253E-03                               
   101: -2.19926E-02  2.55875E-02 -2.82319E-03 -1.15483E-03  0.0  0.00000E+00    /COMP 2                    
   102:  3.73220E-03  2.47770E-03 -1.02786E-04 -3.77989E-05  0.0 -3.19253E-03                               
   103: -2.19926E-02  2.55875E-02 -2.82319E-03 -1.15483E-03  0.0  0.00000E+00    /COMP 3                    
   104:  3.73220E-03  2.47770E-03 -1.02786E-04 -3.77989E-05  0.0 -3.19253E-03                               
   105: -2.19926E-02  2.55875E-02 -2.82319E-03 -1.15483E-03  0.0  0.00000E+00    /COMP 4                    
   106:  3.73220E-03  2.47770E-03 -1.02786E-04 -3.77989E-05  0.0 -3.19253E-03                               
   107: -2.19926E-02  2.55875E-02 -2.82319E-03 -1.15483E-03  0.0  0.00000E+00    /COMP 5                    
   108:  3.74092E-03  2.42926E-03 -1.22634E-04 -4.59250E-05  0.0 -3.14239E-03                               
   109: -1.67503E-02  2.56478E-02 -3.28086E-03 -1.34262E-03  0.0  0.00000E+00    /COMP 6                    
   110:  3.73220E-03  2.47770E-03 -1.02786E-04 -3.77989E-05  0.0 -3.19253E-03                               
   111: -2.19926E-02  2.55875E-02 -2.82319E-03 -1.15483E-03  0.0  0.00000E+00    /COMP 7                    
   112:  3.73220E-03  2.47770E-03 -1.02786E-04 -3.77989E-05  0.0 -3.19253E-03                               
   113: -2.19926E-02  2.55875E-02 -2.82319E-03 -1.15483E-03  0.0  0.00000E+00    /COMP 8                    
   114:  3.73220E-03  2.47770E-03 -1.02786E-04 -3.77989E-05  0.0 -3.19253E-03                               
   115: -2.19926E-02  2.55875E-02 -2.82319E-03 -1.15483E-03  0.0  0.00000E+00    /COMP 9                    
   116:  3.73220E-03  2.47770E-03 -1.02786E-04 -3.77989E-05  0.0 -3.19253E-03                               
   117: -2.19926E-02  2.55875E-02 -2.82319E-03 -1.15483E-03  0.0  0.00000E+00    /COMP 10                   
   118:  3.73220E-03  2.47770E-03 -1.02786E-04 -3.77989E-05  0.0 -3.19253E-03                               
   119: -2.19926E-02  2.55875E-02 -2.82319E-03 -1.15483E-03  0.0  0.00000E+00    /COMP 11                   
   120: 1                                                                                                   
   121:                                                                                                     
   122: ! CRITICAL BORON SEARCH CARD                                                                        
   123: %CBCS                                                                                               
   124: 1200.2  !Boron concentration ref. in ppm                                                            
   125: ! CX change per unit ppm change of Boron concentration                                              
   126: !  sigtr          siga         nu*sigf       sigf      sigs_g1   sigs_g2                            
   127:  6.11833E-08  1.87731E-07  0.00000E+00  0.00000E+00  0.0  7.91457E-10                               
   128:  5.17535E-06  1.02635E-05  0.00000E+00  0.00000E+00  0.0  0.00000E+00    /COMP 1                    
   129:  0.00000E+00  0.00000E+00  0.00000E+00  0.00000E+00  0.0  0.00000E+00                               
   130:  7.76184E-04  8.44695E-05  0.00000E+00  0.00000E+00  0.0  0.00000E+00    /COMP 2                    
   131:  0.00000E+00  0.00000E+00  0.00000E+00  0.00000E+00  0.0  0.00000E+00                               
   132:  7.76184E-04  8.44695E-05  0.00000E+00  0.00000E+00  0.0  0.00000E+00    /COMP 3                    
   133:  3.47809E-08  1.28505E-07 -1.12099E-09 -5.48359E-10  0.0 -1.08590E-07                               
   134: -9.76510E-06  7.08807E-06 -2.43045E-06 -9.95273E-07  0.0  0.00000E+00    /COMP 4                    
   135:  3.53826E-08  1.26709E-07 -1.67880E-09 -7.77979E-10  0.0 -1.06951E-07                               
   136: -8.50169E-06  6.82311E-06 -2.72445E-06 -1.11566E-06  0.0  0.00000E+00    /COMP 5                    
   137:  3.59838E-08  1.24986E-07 -2.21038E-09 -9.96655E-10  0.0 -1.05374E-07                               
   138: -7.46251E-06  6.59798E-06 -2.95883E-06 -1.21164E-06  0.0  0.00000E+00    /COMP 6                    
   139:  3.37806E-08  1.19869E-07 -1.71323E-09 -7.77979E-10  0.0 -1.00873E-07                               
   140: -6.73744E-06  6.29310E-06 -2.55359E-06 -1.04561E-06  0.0  0.00000E+00    /COMP 7                    
   141:  3.32495E-08  1.17585E-07 -1.72421E-09 -7.93326E-10  0.0 -9.88578E-08                               
   142: -6.19725E-06  6.11904E-06 -2.48880E-06 -1.01904E-06  0.0  0.00000E+00    /COMP 8                    
   143:  3.27201E-08  1.15319E-07 -1.73502E-09 -7.96916E-10  0.0 -9.68489E-08                               
   144: -5.68220E-06  5.94711E-06 -2.42240E-06 -9.91815E-07  0.0  0.00000E+00    /COMP 9                    
   145:  3.43859E-08  1.18186E-07 -2.24335E-09 -9.96655E-10  0.0 -9.93312E-08                               
   146: -5.86898E-06  6.08443E-06 -2.77657E-06 -1.13696E-06  0.0  0.00000E+00    /COMP 10                   
   147:  3.38559E-08  1.15917E-07 -2.25369E-09 -1.01112E-09  0.0 -9.73291E-08                               
   148: -5.38345E-06  5.91697E-06 -2.70780E-06 -1.10878E-06  0.0  0.00000E+00                               
   149:                                                                                                     
   150: ! FUEL TEMPERATURE CARD                                                                             
   151: %FTEM                                                                                               
   152: 891.19  891.45  ! Average Fuel Temperature and fuel temperature Ref. in Kelvin                      
   153: ! CX change per Fuel Temperature Changes                                                            
   154: !  sigtr          siga         nu*sigf       sigf      sigs_g1   sigs_g2                            
   155:  0.00000E+00  0.00000E+00  0.00000E+00  0.00000E+00  0.00000E+00  0.00000E+00                       
   156:  0.00000E+00  0.00000E+00  0.00000E+00  0.00000E+00  0.00000E+00  0.00000E+00    /COMP 1            
   157:  0.00000E+00  0.00000E+00  0.00000E+00  0.00000E+00  0.00000E+00  0.00000E+00                       
   158:  0.00000E+00  0.00000E+00  0.00000E+00  0.00000E+00  0.00000E+00  0.00000E+00    /COMP 2            
   159:  0.00000E+00  0.00000E+00  0.00000E+00  0.00000E+00  0.00000E+00  0.00000E+00                       
   160:  0.00000E+00  0.00000E+00  0.00000E+00  0.00000E+00  0.00000E+00  0.00000E+00    /COMP 3            
   161: -3.09197E-05  3.49709E-05  6.40134E-07  2.22662E-07  0.00000E+00 -2.75536E-05                       
   162: -1.37292E-04 -3.71806E-05 -5.63037E-05 -2.30564E-05  0.00000E+00  0.00000E+00    /COMP 4            
   163: -3.08607E-05  3.51798E-05  9.97431E-07  3.69389E-07  0.00000E+00 -2.76766E-05                       
   164: -1.17481E-04 -3.77039E-05 -6.04155E-05 -2.47402E-05  0.00000E+00  0.00000E+00    /COMP 5            
   165: -3.09165E-05  3.53841E-05  1.41847E-06  5.42386E-07  0.00000E+00 -2.78390E-05                       
   166: -1.01337E-04 -3.77558E-05 -6.30960E-05 -2.58379E-05  0.00000E+00  0.00000E+00    /COMP 6            
   167: -3.13746E-05  3.48699E-05  9.45431E-07  3.69389E-07  0.00000E+00 -2.73550E-05                       
   168: -1.08271E-04 -3.72748E-05 -5.79662E-05 -2.37320E-05  0.00000E+00  0.00000E+00    /COMP 7            
   169: -3.15503E-05  3.47274E-05  9.26078E-07  3.39044E-07  0.00000E+00 -2.72381E-05                       
   170: -1.05521E-04 -3.71808E-05 -5.71108E-05 -2.33804E-05  0.00000E+00  0.00000E+00    /COMP 8            
   171: -3.17281E-05  3.46026E-05  9.05802E-07  3.30425E-07  0.00000E+00 -2.71169E-05                       
   172: -1.02525E-04 -3.70201E-05 -5.61543E-05 -2.29872E-05  0.00000E+00  0.00000E+00    /COMP 9            
   173: -3.14192E-05  3.50637E-05  1.35642E-06  5.42386E-07  0.00000E+00 -2.75049E-05                       
   174: -9.38886E-05 -3.71403E-05 -6.05052E-05 -2.47739E-05  0.00000E+00  0.00000E+00    /COMP 10           
   175: -3.15908E-05  3.49119E-05  1.33336E-06  5.06596E-07  0.00000E+00 -2.73835E-05                       
   176: -9.17126E-05 -3.69909E-05 -5.96284E-05 -2.44141E-05  0.00000E+00  0.00000E+00    /COMP 11           
   177:                                                                                                     
   178:                                                                                                     
   179: ! MODERATOR TEMPERATURE CARD                                                                        
   180: %MTEM                                                                                               
   181: 559.19  579.75  ! Average Moderator Temperature and Moderator temperature Ref. Kelvin               
   182: ! CX change per Moderator Temperature Changes                                                       
   183: !  sigtr          siga         nu*sigf       sigf     sigs_g1   sigs_g2                             
   184:  0.00000E+00  0.00000E+00  0.00000E+00  0.00000E+00  0.0  0.00000E+00                               
   185:  0.00000E+00  0.00000E+00  0.00000E+00  0.00000E+00  0.0  0.00000E+00    /COMP 1                    
   186:  0.00000E+00  0.00000E+00  0.00000E+00  0.00000E+00  0.0  0.00000E+00                               
   187:  0.00000E+00  0.00000E+00  0.00000E+00  0.00000E+00  0.0  0.00000E+00    /COMP 2                    
   188:  0.00000E+00  0.00000E+00  0.00000E+00  0.00000E+00  0.0  0.00000E+00                               
   189:  0.00000E+00  0.00000E+00  0.00000E+00  0.00000E+00  0.0  0.00000E+00    /COMP 3                    
   190: -2.03310E-06  2.12191E-07  1.24709E-07  4.45177E-08  0.0  8.09676E-07                               
   191: -1.08674E-04 -3.15597E-05 -4.16439E-05 -1.70531E-05  0.0  0.00000E+00    /COMP 4                    
   192: -1.98080E-06  2.26000E-07  1.35145E-07  4.88317E-08  0.0  8.58474E-07                               
   193: -9.06150E-05 -3.21435E-05 -4.53102E-05 -1.85545E-05  0.0  0.00000E+00    /COMP 5                    
   194: -1.92434E-06  2.39939E-07  1.49084E-07  5.45976E-08  0.0  9.03494E-07                               
   195: -7.62786E-05 -3.23776E-05 -4.78475E-05 -1.95937E-05  0.0  0.00000E+00    /COMP 6                    
   196: -2.69634E-06  2.48530E-07  1.40773E-07  4.88317E-08  0.0  7.01311E-07                               
   197: -7.62435E-05 -3.00119E-05 -4.20202E-05 -1.72074E-05  0.0  0.00000E+00    /COMP 7                    
   198: -3.07905E-06  2.61854E-07  1.43235E-07  5.22556E-08  0.0  6.17380E-07                               
   199: -7.33397E-05 -2.91929E-05 -4.07701E-05 -1.66956E-05  0.0  0.00000E+00    /COMP 8                    
   200: -3.53877E-06  2.74313E-07  1.46019E-07  5.34284E-08  0.0  5.16547E-07                               
   201: -7.13711E-05 -2.83041E-05 -3.94319E-05 -1.61475E-05  0.0  0.00000E+00    /COMP 9                    
   202: -2.63907E-06  2.64289E-07  1.55858E-07  5.45976E-08  0.0  7.44320E-07                               
   203: -6.39554E-05 -3.03509E-05 -4.44431E-05 -1.81997E-05  0.0  0.00000E+00    /COMP 10                   
   204: -3.02147E-06  2.79060E-07  1.58814E-07  5.86766E-08  0.0  6.59521E-07                               
   205: -6.16984E-05 -2.95626E-05 -4.31588E-05 -1.76738E-05  0.0  0.00000E+00    /COMP 11                   
   206:                                                                                                     
   207: ! COOLANT DENSITY CARD                                                                              
   208: %CDEN                                                                                               
   209: 0.7464  0.7125  ! Average Coolant Density and Coolant Density Ref. in g/cm3                         
   210: ! CX change per Coolant Density Changes                                                             
   211: !  sigtr          siga         nu*sigf       sigf     sigs_g1   sigs_g2                             
   212: 7.45756E-02  2.07688E-04  0.00000E+00  0.00000E+00  0.0  3.71310E-02                                
   213: 5.33634E-01  7.58421E-03  0.00000E+00  0.00000E+00  0.0  0.00000E+00    /COMP 1                     
   214: 0.00000E+00  0.00000E+00  0.00000E+00  0.00000E+00  0.0  0.00000E+00                                
   215: 0.00000E+00  0.00000E+00  0.00000E+00  0.00000E+00  0.0  0.00000E+00    /COMP 2                     
   216: 0.00000E+00  0.00000E+00  0.00000E+00  0.00000E+00  0.0  0.00000E+00                                
   217: 0.00000E+00  0.00000E+00  0.00000E+00  0.00000E+00  0.0  0.00000E+00    /COMP 3                     
   218: 1.35665E-01  1.55185E-03  9.20694E-04  3.18680E-04  0.0  2.93195E-02                                
   219: 9.92628E-01  2.52662E-02  2.47746E-02  1.01452E-02  0.0  0.00000E+00    /COMP 4                     
   220: 1.35748E-01  1.61491E-03  9.64160E-04  3.36573E-04  0.0  2.92696E-02                                
   221: 9.81985E-01  2.86667E-02  3.14993E-02  1.28990E-02  0.0  0.00000E+00    /COMP 5                     
   222: 1.35827E-01  1.68015E-03  1.01410E-03  3.57207E-04  0.0  2.92154E-02                                
   223: 9.72267E-01  3.19571E-02  3.81097E-02  1.56060E-02  0.0  0.00000E+00    /COMP 6                     
   224: 1.31033E-01  1.68397E-03  9.81951E-04  3.36573E-04  0.0  2.82489E-02                                
   225: 9.34697E-01  3.14240E-02  3.51588E-02  1.44016E-02  0.0  0.00000E+00    /COMP 7                     
   226: 1.29379E-01  1.71972E-03  9.88437E-04  3.46474E-04  0.0  2.78895E-02                                
   227: 9.18171E-01  3.24715E-02  3.63251E-02  1.48808E-02  0.0  0.00000E+00    /COMP 8                     
   228: 1.27682E-01  1.74989E-03  9.95175E-04  3.49236E-04  0.0  2.75202E-02                                
   229: 9.01293E-01  3.35945E-02  3.74499E-02  1.53431E-02  0.0  0.00000E+00    /COMP 9                     
   230: 1.31116E-01  1.75528E-03  1.03522E-03  3.57207E-04  0.0  2.81877E-02                                
   231: 9.24925E-01  3.49853E-02  4.20693E-02  1.72298E-02  0.0  0.00000E+00    /COMP 10                    
   232: 1.29463E-01  1.79499E-03  1.04291E-03  3.68921E-04  0.0  2.78259E-02                                
   233: 9.08456E-01  3.61032E-02  4.33215E-02  1.77435E-02  0.0  0.00000E+00    /COMP 11                    
   234:                                                                                                     
   235: ! THERMAL-HYDRAULIC CARD                                                                            
   236: %THER                                                                                               
   237: 0.0001                                 ! Percent power in %                                         
   238: 1387.5e6                               ! Reactor thermal power for quarter geometry in Watt         
   239: 559.15  82.12102                       ! Inlet coolant temp. (Kelvin) and Fuel Assembly Mass flow ra
   240: 4.11950E-03  6.8E-05  5.71E-04  1.2655E-2 ! Fuel meat rad., gap thinkness, cladding thinkness and pi
   241: 264  25                                ! Number of fuel pin and guide tubes                         
   242: 0.019                                  ! FRACTION OF HEAT DEPOSITED IN COOLANT                      
   243: 1                                                                                                   
  ========================================INPUT DATA   ENDS HERE=====================================



                                             START READING INPUT
  ***************************************************************************************************
  CALCULATION MODE :      CRITICAL BORON CONCENTRATION SEARCH

  CASE ID :   NEACRP Critical Boron Concentration Search - Case C1                                              
   10.803 CM NODE SIZE                                                                               


            >>>> READING MACROSCOPIC CROSS SECTIONS <<<<
            --------------------------------------------

     MATERIAL  1
    GROUP   TRANSPORT    DIFFUSION  ABSORPTION    REMOVAL      NU*FISS      FISSION    FISS. SPCTR
       1     0.053206    6.264981    0.000373    0.026829     0.000000     0.000000     1.000000
       2     0.386406    0.862651    0.017722    0.017722     0.000000     0.000000     0.000000
   --SCATTERING MATRIX--
     G/G'          1          2
      1        0.000000    0.026455
      2        0.000000    0.000000

     MATERIAL  2
    GROUP   TRANSPORT    DIFFUSION  ABSORPTION    REMOVAL      NU*FISS      FISSION    FISS. SPCTR
       1     0.295609    1.127616    0.001188    0.024349     0.000000     0.000000     1.000000
       2     2.459310    0.135539    0.252618    0.252618     0.000000     0.000000     0.000000
   --SCATTERING MATRIX--
     G/G'          1          2
      1        0.000000    0.023161
      2        0.000000    0.000000

     MATERIAL  3
    GROUP   TRANSPORT    DIFFUSION  ABSORPTION    REMOVAL      NU*FISS      FISSION    FISS. SPCTR
       1     0.295609    1.127616    0.001188    0.021269     0.000000     0.000000     1.000000
       2     2.459310    0.135539    0.252618    0.252618     0.000000     0.000000     0.000000
   --SCATTERING MATRIX--
     G/G'          1          2
      1        0.000000    0.020081
      2        0.000000    0.000000

     MATERIAL  4
    GROUP   TRANSPORT    DIFFUSION  ABSORPTION    REMOVAL      NU*FISS      FISSION    FISS. SPCTR
       1     0.222117    1.500710    0.008718    0.026968     0.004983     0.001902     1.000000
       2     0.803140    0.415038    0.065255    0.065255     0.083903     0.034358     0.000000
   --SCATTERING MATRIX--
     G/G'          1          2
      1        0.000000    0.018250
      2        0.000000    0.000000

     MATERIAL  5
    GROUP   TRANSPORT    DIFFUSION  ABSORPTION    REMOVAL      NU*FISS      FISSION    FISS. SPCTR
       1     0.221914    1.502083    0.009061    0.027065     0.005577     0.002145     1.000000
       2     0.795538    0.419004    0.072335    0.072335     0.099863     0.040894     0.000000
   --SCATTERING MATRIX--
     G/G'          1          2
      1        0.000000    0.018004
      2        0.000000    0.000000

     MATERIAL  6
    GROUP   TRANSPORT    DIFFUSION  ABSORPTION    REMOVAL      NU*FISS      FISSION    FISS. SPCTR
       1     0.221715    1.503432    0.009385    0.027152     0.006150     0.002380     1.000000
       2     0.789253    0.422340    0.078920    0.078920     0.114667     0.046956     0.000000
   --SCATTERING MATRIX--
     G/G'          1          2
      1        0.000000    0.017767
      2        0.000000    0.000000

     MATERIAL  7
    GROUP   TRANSPORT    DIFFUSION  ABSORPTION    REMOVAL      NU*FISS      FISSION    FISS. SPCTR
       1     0.222039    1.501238    0.009317    0.026455     0.005550     0.002136     1.000000
       2     0.776230    0.429426    0.079633    0.079633     0.098558     0.040360     0.000000
   --SCATTERING MATRIX--
     G/G'          1          2
      1        0.000000    0.017138
      2        0.000000    0.000000

     MATERIAL  8
    GROUP   TRANSPORT    DIFFUSION  ABSORPTION    REMOVAL      NU*FISS      FISSION    FISS. SPCTR
       1     0.222083    1.500940    0.009400    0.026250     0.005541     0.002133     1.000000
       2     0.769969    0.432918    0.082109    0.082109     0.098006     0.040134     0.000000
   --SCATTERING MATRIX--
     G/G'          1          2
      1        0.000000    0.016850
      2        0.000000    0.000000

     MATERIAL  9
    GROUP   TRANSPORT    DIFFUSION  ABSORPTION    REMOVAL      NU*FISS      FISSION    FISS. SPCTR
       1     0.222127    1.500643    0.009483    0.026045     0.005531     0.002130     1.000000
       2     0.763813    0.436407    0.084591    0.084591     0.097411     0.039890     0.000000
   --SCATTERING MATRIX--
     G/G'          1          2
      1        0.000000    0.016563
      2        0.000000    0.000000

     MATERIAL 10
    GROUP   TRANSPORT    DIFFUSION  ABSORPTION    REMOVAL      NU*FISS      FISSION    FISS. SPCTR
       1     0.221836    1.502612    0.009637    0.026542     0.006124     0.002371     1.000000
       2     0.770705    0.432504    0.086119    0.086119     0.113241     0.046372     0.000000
   --SCATTERING MATRIX--
     G/G'          1          2
      1        0.000000    0.016904
      2        0.000000    0.000000

     MATERIAL 11
    GROUP   TRANSPORT    DIFFUSION  ABSORPTION    REMOVAL      NU*FISS      FISSION    FISS. SPCTR
       1     0.221878    1.502327    0.009719    0.026337     0.006114     0.002368     1.000000
       2     0.764704    0.435899    0.088549    0.088549     0.112635     0.046125     0.000000
   --SCATTERING MATRIX--
     G/G'          1          2
      1        0.000000    0.016617
      2        0.000000    0.000000

  ...Macroscopic CX Card is sucessfully read...


            >>>>>READING CORE GEOMETRY<<<<<
            -------------------------------
  Number of assembly in x, y and z directions respectively :
          17           9          18
  Number of nodes in x, y and z directions respectively :
          34          17          18

  x-directed nodes divison (delta-x)
    10.80  10.80  10.80  10.80  10.80  10.80  10.80  10.80  10.80  10.80
    10.80  10.80  10.80  10.80  10.80  10.80  10.80  10.80  10.80  10.80
    10.80  10.80  10.80  10.80  10.80  10.80  10.80  10.80  10.80  10.80
    10.80  10.80  10.80  10.80
  y-directed nodes divison (delta-y)
    10.80  10.80  10.80  10.80  10.80  10.80  10.80  10.80  10.80  10.80
    10.80  10.80  10.80  10.80  10.80  10.80  10.80

  Planar Region :  1
        1  2  3  4  5  6  7  8  9 10 11 12 13 14 15 16 17 18 19 20 21 22 23 24 25 26 27 28 29 30 31 32 33 34
    17  2  2  1  1  1  1  1  1  1  1  1  1  1  1  1  1  1  1  1  1  1  1  1  1  1  1  1  1  1  1  1  1  2  2 
    16  2  2  1  1  1  1  1  1  1  1  1  1  1  1  1  1  1  1  1  1  1  1  1  1  1  1  1  1  1  1  1  1  2  2 
    15  2  2  1  1  1  1  1  1  1  1  1  1  1  1  1  1  1  1  1  1  1  1  1  1  1  1  1  1  1  1  1  1  2  2 
    14  2  2  3  3  1  1  1  1  1  1  1  1  1  1  1  1  1  1  1  1  1  1  1  1  1  1  1  1  1  1  3  3  2  2 
    13  2  2  3  3  1  1  1  1  1  1  1  1  1  1  1  1  1  1  1  1  1  1  1  1  1  1  1  1  1  1  3  3  2  2 
    12        2  2  1  1  1  1  1  1  1  1  1  1  1  1  1  1  1  1  1  1  1  1  1  1  1  1  1  1  2  2       
    11        2  2  1  1  1  1  1  1  1  1  1  1  1  1  1  1  1  1  1  1  1  1  1  1  1  1  1  1  2  2       
    10        2  2  3  3  1  1  1  1  1  1  1  1  1  1  1  1  1  1  1  1  1  1  1  1  1  1  3  3  2  2       
     9        2  2  3  3  1  1  1  1  1  1  1  1  1  1  1  1  1  1  1  1  1  1  1  1  1  1  3  3  2  2       
     8              2  2  3  3  1  1  1  1  1  1  1  1  1  1  1  1  1  1  1  1  1  1  3  3  2  2             
     7              2  2  3  3  1  1  1  1  1  1  1  1  1  1  1  1  1  1  1  1  1  1  3  3  2  2             
     6                    2  2  3  3  1  1  1  1  1  1  1  1  1  1  1  1  1  1  3  3  2  2                   
     5                    2  2  3  3  1  1  1  1  1  1  1  1  1  1  1  1  1  1  3  3  2  2                   
     4                          2  2  2  2  3  3  1  1  1  1  1  1  3  3  2  2  2  2                         
     3                          2  2  2  2  3  3  1  1  1  1  1  1  3  3  2  2  2  2                         
     2                                      2  2  2  2  2  2  2  2  2  2                                     
     1                                      2  2  2  2  2  2  2  2  2  2                                     
  Planar Region :  2
        1  2  3  4  5  6  7  8  9 10 11 12 13 14 15 16 17 18 19 20 21 22 23 24 25 26 27 28 29 30 31 32 33 34
    17  2  2  6  6  4  4  5  5  4  4  5  5  4  4  5  5  4  4  5  5  4  4  5  5  4  4  5  5  4  4  6  6  2  2 
    16  2  2  6  6  6  6  4  4  5  5  4  4  5  5  4  4  5  5  4  4  5  5  4  4  5  5  4  4  6  6  6  6  2  2 
    15  2  2  6  6  6  6  4  4  5  5  4  4  5  5  4  4  5  5  4  4  5  5  4  4  5  5  4  4  6  6  6  6  2  2 
    14  2  2  3  3  6  6  5  5  4  4  5  5  4  4  5  5  4  4  5  5  4  4  5  5  4  4  5  5  6  6  3  3  2  2 
    13  2  2  3  3  6  6  5  5  4  4  5  5  4  4  5  5  4  4  5  5  4  4  5  5  4  4  5  5  6  6  3  3  2  2 
    12        2  2  6  6  6  6  5  5  4  4  5  5  4  4  5  5  4  4  5  5  4  4  5  5  6  6  6  6  2  2       
    11        2  2  6  6  6  6  5  5  4  4  5  5  4  4  5  5  4  4  5  5  4  4  5  5  6  6  6  6  2  2       
    10        2  2  3  3  6  6  4  4  5  5  4  4  5  5  4  4  5  5  4  4  5  5  4  4  6  6  3  3  2  2       
     9        2  2  3  3  6  6  4  4  5  5  4  4  5  5  4  4  5  5  4  4  5  5  4  4  6  6  3  3  2  2       
     8              2  2  3  3  6  6  6  6  5  5  4  4  5  5  4  4  5  5  6  6  6  6  3  3  2  2             
     7              2  2  3  3  6  6  6  6  5  5  4  4  5  5  4  4  5  5  6  6  6  6  3  3  2  2             
     6                    2  2  3  3  6  6  6  6  6  6  4  4  6  6  6  6  6  6  3  3  2  2                   
     5                    2  2  3  3  6  6  6  6  6  6  4  4  6  6  6  6  6  6  3  3  2  2                   
     4                          2  2  2  2  3  3  6  6  6  6  6  6  3  3  2  2  2  2                         
     3                          2  2  2  2  3  3  6  6  6  6  6  6  3  3  2  2  2  2                         
     2                                      2  2  2  2  2  2  2  2  2  2                                     
     1                                      2  2  2  2  2  2  2  2  2  2                                     
  Planar Region :  3
        1  2  3  4  5  6  7  8  9 10 11 12 13 14 15 16 17 18 19 20 21 22 23 24 25 26 27 28 29 30 31 32 33 34
    17  2  2  6  6  4  4  7  7  4  4  9  9  4  4  9  9  4  4  9  9  4  4  9  9  4  4  7  7  4  4  6  6  2  2 
    16  2  2  6  6  11 11 4  4  8  8  4  4  8  8  4  4  9  9  4  4  8  8  4  4  8  8  4  4  11 11 6  6  2  2 
    15  2  2  6  6  11 11 4  4  8  8  4  4  8  8  4  4  9  9  4  4  8  8  4  4  8  8  4  4  11 11 6  6  2  2 
    14  2  2  3  3  6  6  8  8  4  4  8  8  4  4  8  8  4  4  8  8  4  4  8  8  4  4  8  8  6  6  3  3  2  2 
    13  2  2  3  3  6  6  8  8  4  4  8  8  4  4  8  8  4  4  8  8  4  4  8  8  4  4  8  8  6  6  3  3  2  2 
    12        2  2  6  6  10 10 8  8  4  4  8  8  4  4  9  9  4  4  8  8  4  4  8  8  10 10 6  6  2  2       
    11        2  2  6  6  10 10 8  8  4  4  8  8  4  4  9  9  4  4  8  8  4  4  8  8  10 10 6  6  2  2       
    10        2  2  3  3  6  6  4  4  8  8  4  4  8  8  4  4  8  8  4  4  8  8  4  4  6  6  3  3  2  2       
     9        2  2  3  3  6  6  4  4  8  8  4  4  8  8  4  4  8  8  4  4  8  8  4  4  6  6  3  3  2  2       
     8              2  2  3  3  6  6  10 10 8  8  4  4  7  7  4  4  8  8  10 10 6  6  3  3  2  2             
     7              2  2  3  3  6  6  10 10 8  8  4  4  7  7  4  4  8  8  10 10 6  6  3  3  2  2             
     6                    2  2  3  3  6  6  6  6  11 11 4  4  11 11 6  6  6  6  3  3  2  2                   
     5                    2  2  3  3  6  6  6  6  11 11 4  4  11 11 6  6  6  6  3  3  2  2                   
     4                          2  2  2  2  3  3  6  6  6  6  6  6  3  3  2  2  2  2                         
     3                          2  2  2  2  3  3  6  6  6  6  6  6  3  3  2  2  2  2                         
     2                                      2  2  2  2  2  2  2  2  2  2                                     
     1                                      2  2  2  2  2  2  2  2  2  2                                     

  Planar Region Assignment to planes.
 --------------------------------------
   Plane Number     Planar Region    delta-z
       18 (TOP)            1          30.00
       17                  3           8.00
       16                  3          12.80
       15                  3          12.80
       14                  3          30.00
       13                  3          30.00
       12                  3          30.00
       11                  3          30.00
       10                  3          30.00
        9                  3          30.00
        8                  3          30.00
        7                  3          30.00
        6                  3          30.00
        5                  3          30.00
        4                  3          15.00
        3                  3          11.00
        2                  2           7.70
        1 (BOTTOM)         1          30.00

   Boundary conditions
  X-directed West   : ZERO INCOMING CURRENT
  X-directed East   : ZERO INCOMING CURRENT
  Y-directed North  : REFLECTIVE
  Y-directed South  : ZERO INCOMING CURRENT
  Z-directed Bottom : ZERO INCOMING CURRENT
  Z-directed Top    : ZERO INCOMING CURRENT

  ...Core geometry is sucessfully read...


            >>>> READING BORON CONCENTRATION FOR BC SEARCH <<<<
            --------------------------------------------------

  ...Critical Boron Search card is sucessfully read...


            >>>>      READING FUEL TEMPERATURE      <<<<
            --------------------------------------------

  ...Fuel Temperature is card sucessfully read...


            >>>>   READING MODERATOR TEMPERATURE    <<<<
            --------------------------------------------

  ...Moderator Temperature Card is sucessfully read...


            >>>>       READING COOLANT DENSITY      <<<<
            --------------------------------------------

  ...Coolant Density Card is sucessfully read...


            >>>> READING CONTROL RODS INSERTION <<<<
            --------------------------------------------
  NUMBER OF CONTROL ROD BANK  :  8
  MAX. NUMBER OF STEPS  : 228
  FULLY INSERTED POSITION (cm): 37.7 (FROM BOTTOM OF THE CORE)
  STEP SIZE (cm)              :   1.5942
  INITIAL CONTROL ROD BANK POSITION (STEPS) : 
  (0 means fully inserted) 
    Bank  1  Bank  2  Bank  3  Bank  4  Bank  5  Bank  6  Bank  7  Bank  8
      0.0      0.0      0.0    228.0      0.0    228.0      0.0      0.0

  CONTROL ROD BANK MAP : 
  0  0  3  0  0  0  2  0  1  0  2  0  0  0  8  0  0
  0  0  0  6  0  0  0  4  0  4  0  0  0  6  0  0  0
  0  0  6  0  6  0  5  0  2  0  5  0  6  0  6  0  0
  0  0  0  0  0  4  0  0  0  0  0  4  0  0  0  0  0
  0  0  0  0  7  0  6  0  0  0  6  0  7  0  0  0  0
  0  0  0  0  0  0  0  6  0  6  0  0  0  0  0  0  0
  0  0  0  0  0  0  6  0  3  0  6  0  0  0  0  0  0
  0  0  0  0  0  0  0  0  0  0  0  0  0  0  0  0  0
  0  0  0  0  0  0  0  0  0  0  0  0  0  0  0  0  0

  MATERIAL CX INCREMENT OR DECREMENT DUE TO CR INSERTION : 
    MATERIAL  1
    GROUP   TRANSPORT  ABSORPTION      NU*FISS      FISSION
       1     0.003732    0.002478    -0.000103    -0.000038
       2    -0.021993    0.025587    -0.002823    -0.001155
   --SCATTERING MATRIX--
     G/G'        1        2
      1      0.000000 -0.003193
      2      0.000000  0.000000
    MATERIAL  2
    GROUP   TRANSPORT  ABSORPTION      NU*FISS      FISSION
       1     0.003732    0.002478    -0.000103    -0.000038
       2    -0.021993    0.025587    -0.002823    -0.001155
   --SCATTERING MATRIX--
     G/G'        1        2
      1      0.000000 -0.003193
      2      0.000000  0.000000
    MATERIAL  3
    GROUP   TRANSPORT  ABSORPTION      NU*FISS      FISSION
       1     0.003732    0.002478    -0.000103    -0.000038
       2    -0.021993    0.025587    -0.002823    -0.001155
   --SCATTERING MATRIX--
     G/G'        1        2
      1      0.000000 -0.003193
      2      0.000000  0.000000
    MATERIAL  4
    GROUP   TRANSPORT  ABSORPTION      NU*FISS      FISSION
       1     0.003732    0.002478    -0.000103    -0.000038
       2    -0.021993    0.025587    -0.002823    -0.001155
   --SCATTERING MATRIX--
     G/G'        1        2
      1      0.000000 -0.003193
      2      0.000000  0.000000
    MATERIAL  5
    GROUP   TRANSPORT  ABSORPTION      NU*FISS      FISSION
       1     0.003732    0.002478    -0.000103    -0.000038
       2    -0.021993    0.025587    -0.002823    -0.001155
   --SCATTERING MATRIX--
     G/G'        1        2
      1      0.000000 -0.003193
      2      0.000000  0.000000
    MATERIAL  6
    GROUP   TRANSPORT  ABSORPTION      NU*FISS      FISSION
       1     0.003741    0.002429    -0.000123    -0.000046
       2    -0.016750    0.025648    -0.003281    -0.001343
   --SCATTERING MATRIX--
     G/G'        1        2
      1      0.000000 -0.003142
      2      0.000000  0.000000
    MATERIAL  7
    GROUP   TRANSPORT  ABSORPTION      NU*FISS      FISSION
       1     0.003732    0.002478    -0.000103    -0.000038
       2    -0.021993    0.025587    -0.002823    -0.001155
   --SCATTERING MATRIX--
     G/G'        1        2
      1      0.000000 -0.003193
      2      0.000000  0.000000
    MATERIAL  8
    GROUP   TRANSPORT  ABSORPTION      NU*FISS      FISSION
       1     0.003732    0.002478    -0.000103    -0.000038
       2    -0.021993    0.025587    -0.002823    -0.001155
   --SCATTERING MATRIX--
     G/G'        1        2
      1      0.000000 -0.003193
      2      0.000000  0.000000
    MATERIAL  9
    GROUP   TRANSPORT  ABSORPTION      NU*FISS      FISSION
       1     0.003732    0.002478    -0.000103    -0.000038
       2    -0.021993    0.025587    -0.002823    -0.001155
   --SCATTERING MATRIX--
     G/G'        1        2
      1      0.000000 -0.003193
      2      0.000000  0.000000
    MATERIAL 10
    GROUP   TRANSPORT  ABSORPTION      NU*FISS      FISSION
       1     0.003732    0.002478    -0.000103    -0.000038
       2    -0.021993    0.025587    -0.002823    -0.001155
   --SCATTERING MATRIX--
     G/G'        1        2
      1      0.000000 -0.003193
      2      0.000000  0.000000
    MATERIAL 11
    GROUP   TRANSPORT  ABSORPTION      NU*FISS      FISSION
       1     0.003732    0.002478    -0.000103    -0.000038
       2    -0.021993    0.025587    -0.002823    -0.001155
   --SCATTERING MATRIX--
     G/G'        1        2
      1      0.000000 -0.003193
      2      0.000000  0.000000

  ...Control Rods Insertion card is sucessfully read...


            >>>>   READING THERMAL-HYDRAULIC DATA   <<<<
            --------------------------------------------
  REACTOR PERCENT POWER (%)                :      0.00010
  REACTOR POWER (Watt)                     :   1.3875E+09
  COOLANT INLET TEMPERATURE (Kelvin)       :   5.5915E+02
  FUEL ASSEMBLY MASS FLOW RATE (Kg/s)      :   8.2121E+01
  FUEL MEAT RADIUS (m)                     :   4.1195E-03
  GAP THICKNESS (m)                        :   6.8000E-05
  CLAD THICKNESS (m)                       :   5.7100E-04
  PIN PITCH(m)                             :   1.2655E-02
  FRACTION OF HEAT DEPOSITED IN COOL.      :   1.9000E-02

  ...Thermal-hydraulic Card is sucessfully read...


  **********************************  STOP READING INPUT  *******************************************


  ================================================================================================
                        CRITICAL BORON CONCENTRATION SEARCH
  ================================================================================================

   Itr  Boron Concentration          K-EFF    FLUX REL. ERROR   FISS. SOURCE REL. ERROR    DOPPLER ERROR
  ------------------------------------------------------------------------------------------------------
    1        1200.20                0.99352     6.27677E-02          1.84209E-03           8.54492E-04
    2        1192.42                0.99426     2.93839E-02          2.32967E-04           1.15967E-03
    3        1131.92                1.00002     1.48694E-02          1.27297E-04           1.34277E-03
    4        1132.13                0.99999     1.81487E-03          1.03760E-04           1.15967E-03
    5        1132.04                0.99999     1.75227E-03          7.75999E-06           1.15967E-03
    6        1131.98                1.00000     7.81370E-06          4.57240E-06           1.34277E-03


     Radial Power Distribution
   ==============================
           1       2       3       4       5       6       7       8       9      10      11      12
     9           0.776   0.644   1.408   1.456   0.987   0.399   0.415   0.249   0.415   0.400   0.990
     8           0.690   1.172   1.463   1.425   1.103   0.652   0.533   0.415   0.534   0.653   1.106
     7                   1.314   1.381   1.384   1.075   0.501   0.652   0.399   0.653   0.502   1.077
     6                   0.891   1.210   1.077   1.147   1.075   1.104   0.989   1.105   1.077   1.150
     5                           0.666   0.503   1.078   1.385   1.427   1.458   1.428   1.386   1.079
     4                                   0.666   1.211   1.383   1.465   1.410   1.466   1.384   1.212
     3                                           0.892   1.315   1.174   0.645   1.174   1.316   0.892
     2                                                           0.691   0.777   0.692                
     1                                                                                                

          13      14      15      16      17
     9   1.460   1.412   0.646   0.778        
     8   1.429   1.468   1.176   0.693        
     7   1.387   1.385   1.318                
     6   1.080   1.213   0.893                
     5   0.504   0.668                        
     4   0.667                                
     3                                        
     2                                        
     1                                        

   MAX POS.       Maximum Value
  (  8, 14)          1.468


     Axial Power Density Distribution
   ====================================

     Plane Number        Power      Height
    -----------------------------------------
        18  (TOP)        0.000      427.30
        17               0.151      397.30
        16               0.292      389.30
        15               0.485      376.50
        14               0.791      363.70
        13               1.179      333.70
        12               1.494      303.70
        11               1.716      273.70
        10               1.832      243.70
         9               1.835      213.70
         8               1.725      183.70
         7               1.507      153.70
         6               1.197      123.70
         5               0.813       93.70
         4               0.492       63.70
         3               0.299       48.70
         2               0.191       37.70
         1  (BOTTOM)     0.000       30.00

   MAX POS.       Maximum Value
    (  9)             1.835


     Radial Flux Distribution
   ==============================
    Group :   1
             1          2          3          4          5          6          7          8          9         10         11         12
     9   1.143E-03  7.526E-03  1.005E-02  1.549E-02  1.617E-02  1.158E-02  6.231E-03  4.969E-03  3.900E-03  4.975E-03  6.245E-03  1.161E-02 
     8   8.890E-04  6.762E-03  1.265E-02  1.629E-02  1.600E-02  1.229E-02  7.549E-03  5.966E-03  4.972E-03  5.973E-03  7.565E-03  1.232E-02 
     7   2.398E-04  2.802E-03  1.275E-02  1.582E-02  1.538E-02  1.221E-02  7.807E-03  7.554E-03  6.238E-03  7.560E-03  7.820E-03  1.224E-02 
     6              1.274E-03  8.673E-03  1.276E-02  1.240E-02  1.277E-02  1.222E-02  1.230E-02  1.160E-02  1.231E-02  1.223E-02  1.279E-02 
     5              2.624E-04  2.059E-03  6.579E-03  7.816E-03  1.240E-02  1.539E-02  1.602E-02  1.619E-02  1.602E-02  1.541E-02  1.242E-02 
     4                         2.405E-04  1.568E-03  6.582E-03  1.277E-02  1.583E-02  1.631E-02  1.551E-02  1.632E-02  1.584E-02  1.278E-02 
     3                                    2.407E-04  2.061E-03  8.681E-03  1.276E-02  1.267E-02  1.007E-02  1.267E-02  1.277E-02  8.689E-03 
     2                                               2.626E-04  1.275E-03  2.805E-03  6.772E-03  7.538E-03  6.774E-03  2.807E-03  1.276E-03 
     1                                                                     2.401E-04  8.903E-04  1.144E-03  8.905E-04  2.402E-04            

            13         14         15         16         17
     9   1.621E-02  1.553E-02  1.009E-02  7.550E-03  1.146E-03 
     8   1.604E-02  1.634E-02  1.269E-02  6.783E-03  8.918E-04 
     7   1.542E-02  1.586E-02  1.278E-02  2.810E-03  2.405E-04 
     6   1.243E-02  1.279E-02  8.698E-03  1.277E-03            
     5   7.831E-03  6.595E-03  2.065E-03  2.631E-04            
     4   6.591E-03  1.571E-03  2.411E-04                       
     3   2.063E-03  2.410E-04                                  
     2   2.629E-04                                             
     1                                                         

    Group :   2
             1          2          3          4          5          6          7          8          9         10         11         12
     9   5.148E-04  7.511E-03  8.346E-03  1.577E-02  1.955E-02  1.108E-02  5.198E-03  4.650E-03  3.245E-03  4.656E-03  5.209E-03  1.111E-02 
     8   4.007E-04  6.672E-03  1.129E-02  1.957E-02  1.599E-02  1.482E-02  7.307E-03  7.158E-03  4.653E-03  7.167E-03  7.322E-03  1.486E-02 
     7   9.770E-05  1.138E-03  1.266E-02  1.541E-02  1.852E-02  1.205E-02  6.533E-03  7.311E-03  5.204E-03  7.318E-03  6.544E-03  1.208E-02 
     6              5.703E-04  8.603E-03  1.166E-02  1.203E-02  1.537E-02  1.205E-02  1.483E-02  1.110E-02  1.484E-02  1.207E-02  1.540E-02 
     5              1.069E-04  8.409E-04  6.435E-03  6.542E-03  1.204E-02  1.853E-02  1.601E-02  1.958E-02  1.602E-02  1.855E-02  1.206E-02 
     4                         9.765E-05  6.381E-04  6.439E-03  1.167E-02  1.543E-02  1.960E-02  1.580E-02  1.960E-02  1.544E-02  1.168E-02 
     3                                    9.770E-05  8.416E-04  8.612E-03  1.267E-02  1.131E-02  8.359E-03  1.131E-02  1.268E-02  8.620E-03 
     2                                               1.070E-04  5.709E-04  1.139E-03  6.681E-03  7.523E-03  6.683E-03  1.140E-03  5.714E-04 
     1                                                                     9.783E-05  4.013E-04  5.156E-04  4.014E-04  9.787E-05            

            13         14         15         16         17
     9   1.961E-02  1.582E-02  8.372E-03  7.534E-03  5.164E-04 
     8   1.604E-02  1.963E-02  1.132E-02  6.693E-03  4.020E-04 
     7   1.857E-02  1.546E-02  1.269E-02  1.141E-03  9.801E-05 
     6   1.206E-02  1.169E-02  8.628E-03  5.720E-04            
     5   6.554E-03  6.451E-03  8.432E-04  1.072E-04            
     4   6.447E-03  6.394E-04  9.789E-05                       
     3   8.425E-04  9.784E-05                                  
     2   1.071E-04                                             
     1                                                         


   HEAT FLUX HOT CHANNEL FACTOR :  2.359

  AVERAGE DOPPLER TEMPERATURE     :   559.2 K (  286.0 C)
  MAX FUEL CENTERLINE TEMPERATURE :   559.2 K (  286.0 C)
  AVERAGE MODERATOR TEMPERATURE   :   559.2 K (  286.0 C)
  MAXIMUM MODERATOR TEMPERATURE   :   559.2 K (  286.0 C)


 Total time :    4.14962578      seconds
