                       ###########################################################
                       #                     ADPRES 1.1                          #
                       #        ABU DHABI POLYTECHNIC REACTOR SIMULATOR          #
                       ###########################################################  


  ========================================INPUT DATA STARTS HERE=====================================
     1: ! CRITICAL BORON CONCENTRATION SEARCH CALCULATION                                                   
     2: ! FOR PWR NEACRP BENCHMARK                                                                          
     3: %MODE                                                                                               
     4: BCSEARCH                                                                                            
     5:                                                                                                     
     6: ! CASE CARD                                                                                         
     7: %CASE                                                                                               
     8: NEACRP Critical Boron Concentration Search - Case C2                                                
     9: 10.803 CM NODE SIZE                                                                                 
    10:                                                                                                     
    11: ! XSEC CARD                                                                                         
    12: %XSEC                                                                                               
    13: 2  11    ! Number of groups and number of materials                                                 
    14: !  sigtr        siga        nu*sigf       sigf      chi sigs_g1 sigs_g2                             
    15: 5.32058E-02  3.73279E-04  0.00000E+00  0.00000E+00  1.0  0.0  2.64554E-02                           
    16: 3.86406E-01  1.77215E-02  0.00000E+00  0.00000E+00  0.0  0.0  0.00000E+00  ! COMP 1                 
    17: 2.95609E-01  1.18782E-03  0.00000E+00  0.00000E+00  1.0  0.0  2.31613E-02                           
    18: 2.45931E+00  2.52618E-01  0.00000E+00  0.00000E+00  0.0  0.0  0.00000E+00  ! COMP 2                 
    19: 2.95609E-01  1.18782E-03  0.00000E+00  0.00000E+00  1.0  0.0  2.00808E-02                           
    20: 2.45931E+00  2.52618E-01  0.00000E+00  0.00000E+00  0.0  0.0  0.00000E+00  ! COMP 3                 
    21: 2.22117E-01  8.71774E-03  4.98277E-03  4.98277E-03  1.0  0.0  1.82498E-02                           
    22: 8.03140E-01  6.52550E-02  8.39026E-02  8.39026E-02  0.0  0.0  0.00000E+00  ! COMP 4                 
    23: 2.21914E-01  9.06133E-03  5.57659E-03  5.57659E-03  1.0  0.0  1.80040E-02                           
    24: 7.95538E-01  7.23354E-02  9.98629E-02  9.98629E-02  0.0  0.0  0.00000E+00  ! COMP 5                 
    25: 2.21715E-01  9.38496E-03  6.15047E-03  6.15047E-03  1.0  0.0  1.77670E-02                           
    26: 7.89253E-01  7.89203E-02  1.14667E-01  1.14667E-01  0.0  0.0  0.00000E+00  ! COMP 6                 
    27: 2.22039E-01  9.31692E-03  5.55010E-03  5.55010E-03  1.0  0.0  1.71381E-02                           
    28: 7.76230E-01  7.96328E-02  9.85576E-02  9.85576E-02  0.0  0.0  0.00000E+00  ! COMP 7                 
    29: 2.22083E-01  9.40032E-03  5.54083E-03  5.54083E-03  1.0  0.0  1.68501E-02                           
    30: 7.69969E-01  8.21087E-02  9.80059E-02  9.80059E-02  0.0  0.0  0.00000E+00  ! COMP 8                 
    31: 2.22127E-01  9.48286E-03  5.53137E-03  5.53137E-03  1.0  0.0  1.65626E-02                           
    32: 7.63813E-01  8.45912E-02  9.74109E-02  9.74109E-02  0.0  0.0  0.00000E+00  ! COMP 9                 
    33: 2.21836E-01  9.63720E-03  6.12382E-03  6.12382E-03  1.0  0.0  1.69043E-02                           
    34: 7.70705E-01  8.61187E-02  1.13241E-01  1.13241E-01  0.0  0.0  0.00000E+00  ! COMP 10                
    35: 2.21878E-01  9.71937E-03  6.11444E-03  6.11444E-03  1.0  0.0  1.66175E-02                           
    36: 7.64704E-01  8.85488E-02  1.12635E-01  1.12635E-01  0.0  0.0  0.00000E+00  ! COMP 11                
    37:                                                                                                     
    38: ! GEOMETRY CARD                                                                                     
    39: %GEOM                                                                                               
    40: 17 9 18               !nx, ny, nz                                                                   
    41: 17*21.606             !x-direction assembly size in cm                                              
    42:   17*2                !x-direction assembly divided 2x2                                             
    43: 8*21.606 10.803       !y-direction assembly size in cm                                              
    44:   8*2       1         !y-direction assembly divided 2x2                                             
    45: 30.  7.7  11.0  15.0  10*30.0  2*12.8  8.0  30.      !z-direction size  in cm (from bottom to top)  
    46: 18*1                 !z-direction assembly divided into 20 cm each                                  
    47: 3                    !np number of planar type                                                      
    48: 1  2  15*3  1        !planar assignment (from bottom to top)                                        
    49: ! Planar_Reg 1                                                                                      
    50: 2  1  1  1  1  1  1  1  1  1  1  1  1  1  1  1  2                                                   
    51: 2  1  1  1  1  1  1  1  1  1  1  1  1  1  1  1  2                                                   
    52: 2  3  1  1  1  1  1  1  1  1  1  1  1  1  1  3  2                                                   
    53: 0  2  1  1  1  1  1  1  1  1  1  1  1  1  1  2  0                                                   
    54: 0  2  3  1  1  1  1  1  1  1  1  1  1  1  3  2  0                                                   
    55: 0  0  2  3  1  1  1  1  1  1  1  1  1  3  2  0  0                                                   
    56: 0  0  0  2  3  1  1  1  1  1  1  1  3  2  0  0  0                                                   
    57: 0  0  0  0  2  2  3  1  1  1  3  2  2  0  0  0  0                                                   
    58: 0  0  0  0  0  0  2  2  2  2  2  0  0  0  0  0  0                                                   
    59: ! Planar_Reg 2                                                                                      
    60: 2  6  4  5  4  5  4  5  4  5  4  5  4  5  4  6  2                                                   
    61: 2  6  6  4  5  4  5  4  5  4  5  4  5  4  6  6  2                                                   
    62: 2  3  6  5  4  5  4  5  4  5  4  5  4  5  6  3  2                                                   
    63: 0  2  6  6  5  4  5  4  5  4  5  4  5  6  6  2  0                                                   
    64: 0  2  3  6  4  5  4  5  4  5  4  5  4  6  3  2  0                                                   
    65: 0  0  2  3  6  6  5  4  5  4  5  6  6  3  2  0  0                                                   
    66: 0  0  0  2  3  6  6  6  4  6  6  6  3  2  0  0  0                                                   
    67: 0  0  0  0  2  2  3  6  6  6  3  2  2  0  0  0  0                                                   
    68: 0  0  0  0  0  0  2  2  2  2  2  0  0  0  0  0  0                                                   
    69: ! Planar_Reg 3                                                                                      
    70: 2  6  4  7  4  9  4  9  4  9  4  9  4  7  4  6  2                                                   
    71: 2  6 11  4  8  4  8  4  9  4  8  4  8  4 11  6  2                                                   
    72: 2  3  6  8  4  8  4  8  4  8  4  8  4  8  6  3  2                                                   
    73: 0  2  6 10  8  4  8  4  9  4  8  4  8 10  6  2  0                                                   
    74: 0  2  3  6  4  8  4  8  4  8  4  8  4  6  3  2  0                                                   
    75: 0  0  2  3  6 10  8  4  7  4  8 10  6  3  2  0  0                                                   
    76: 0  0  0  2  3  6  6 11  4 11  6  6  3  2  0  0  0                                                   
    77: 0  0  0  0  2  2  3  6  6  6  3  2  2  0  0  0  0                                                   
    78: 0  0  0  0  0  0  2  2  2  2  2  0  0  0  0  0  0                                                   
    79: ! Boundary conditions (east), (west), (north), (south), (bottom), (top)                             
    80: 1 1 2 1 1 1                                                                                         
    81:                                                                                                     
    82: ! CONTROL CARD                                                                                      
    83: %CROD                                                                                               
    84: 8  228                        ! Number of CR banks and max number of banks                          
    85: 37.7 1.5942237                ! Zero step pos. (cm) and cm/step (total 228 steps)                   
    86: 100.  200.  100.  200.  200.  200.  200.  100.           ! CR Bank pos.                             
    87: 0  0  3  0  0  0  2  0  1  0  2  0  0  0  8  0  0                                                   
    88: 0  0  0  6  0  0  0  4  0  4  0  0  0  6  0  0  0                                                   
    89: 0  0  6  0  6  0  5  0  2  0  5  0  6  0  6  0  0                                                   
    90: 0  0  0  0  0  4  0  0  0  0  0  4  0  0  0  0  0                                                   
    91: 0  0  0  0  7  0  6  0  0  0  6  0  7  0  0  0  0                                                   
    92: 0  0  0  0  0  0  0  6  0  6  0  0  0  0  0  0  0                                                   
    93: 0  0  0  0  0  0  6  0  3  0  6  0  0  0  0  0  0                                                   
    94: 0  0  0  0  0  0  0  0  0  0  0  0  0  0  0  0  0                                                   
    95: 0  0  0  0  0  0  0  0  0  0  0  0  0  0  0  0  0                                                   
    96: ! CX changes                                                                                        
    97: !  sigtr        siga        nu*sigf      sigf      sigs_g1   sigs_g2                                
    98:  3.73220E-03  2.47770E-03 -1.02786E-04 -1.02786E-04  0.0   -3.19253E-03                             
    99: -2.19926E-02  2.55875E-02 -2.82319E-03 -2.82319E-03  0.0    0.00000E+00  ! COMP 1                   
   100:  3.73220E-03  2.47770E-03 -1.02786E-04 -1.02786E-04  0.0   -3.19253E-03                             
   101: -2.19926E-02  2.55875E-02 -2.82319E-03 -2.82319E-03  0.0    0.00000E+00  ! COMP 2                   
   102:  3.73220E-03  2.47770E-03 -1.02786E-04 -1.02786E-04  0.0   -3.19253E-03                             
   103: -2.19926E-02  2.55875E-02 -2.82319E-03 -2.82319E-03  0.0    0.00000E+00  ! COMP 3                   
   104:  3.73220E-03  2.47770E-03 -1.02786E-04 -1.02786E-04  0.0   -3.19253E-03                             
   105: -2.19926E-02  2.55875E-02 -2.82319E-03 -2.82319E-03  0.0    0.00000E+00  ! COMP 4                   
   106:  3.73220E-03  2.47770E-03 -1.02786E-04 -1.02786E-04  0.0   -3.19253E-03                             
   107: -2.19926E-02  2.55875E-02 -2.82319E-03 -2.82319E-03  0.0    0.00000E+00  ! COMP 5                   
   108:  3.74092E-03  2.42926E-03 -1.22634E-04 -1.22634E-04  0.0   -3.14239E-03                             
   109: -1.67503E-02  2.56478E-02 -3.28086E-03 -3.28086E-03  0.0    0.00000E+00  ! COMP 6                   
   110:  3.73220E-03  2.47770E-03 -1.02786E-04 -1.02786E-04  0.0   -3.19253E-03                             
   111: -2.19926E-02  2.55875E-02 -2.82319E-03 -2.82319E-03  0.0    0.00000E+00  ! COMP 7                   
   112:  3.73220E-03  2.47770E-03 -1.02786E-04 -1.02786E-04  0.0   -3.19253E-03                             
   113: -2.19926E-02  2.55875E-02 -2.82319E-03 -2.82319E-03  0.0    0.00000E+00  ! COMP 8                   
   114:  3.73220E-03  2.47770E-03 -1.02786E-04 -1.02786E-04  0.0   -3.19253E-03                             
   115: -2.19926E-02  2.55875E-02 -2.82319E-03 -2.82319E-03  0.0    0.00000E+00  ! COMP 9                   
   116:  3.73220E-03  2.47770E-03 -1.02786E-04 -1.02786E-04  0.0   -3.19253E-03                             
   117: -2.19926E-02  2.55875E-02 -2.82319E-03 -2.82319E-03  0.0    0.00000E+00  ! COMP 10                  
   118:  3.73220E-03  2.47770E-03 -1.02786E-04 -1.02786E-04  0.0   -3.19253E-03                             
   119: -2.19926E-02  2.55875E-02 -2.82319E-03 -2.82319E-03  0.0    0.00000E+00  ! COMP 11                  
   120: 1                                                                                                   
   121:                                                                                                     
   122: ! CRITICAL BORON SEARCH CARD                                                                        
   123: %CBCS                                                                                               
   124: 1200.2  ! Boron concentration ref. in ppm                                                           
   125: ! CX change per unit ppm change of Boron concentration                                              
   126: !  sigtr          siga         nu*sigf       sigf      sigs_g1   sigs_g2                            
   127:  6.118330E-08  1.877310E-07  0.000000E+00  0.000000E+00  0.0  7.914570E-10                          
   128:  5.175350E-06  1.026350E-05  0.000000E+00  0.000000E+00  0.0  0.000000E+00  ! COMP 1                
   129:  0.000000E+00  0.000000E+00  0.000000E+00  0.000000E+00  0.0  0.000000E+00                          
   130:  7.761840E-04  8.446950E-05  0.000000E+00  0.000000E+00  0.0  0.000000E+00  ! COMP 2                
   131:  0.000000E+00  0.000000E+00  0.000000E+00  0.000000E+00  0.0  0.000000E+00                          
   132:  7.761840E-04  8.446950E-05  0.000000E+00  0.000000E+00  0.0  0.000000E+00  ! COMP 3                
   133:  3.478090E-08  1.285050E-07 -1.120990E-09 -1.120990E-09  0.0 -1.085900E-07                          
   134: -9.765100E-06  7.088070E-06 -2.430450E-06 -2.430450E-06  0.0  0.000000E+00  ! COMP 4                
   135:  3.538260E-08  1.267090E-07 -1.678800E-09 -1.678800E-09  0.0 -1.069510E-07                          
   136: -8.501690E-06  6.823110E-06 -2.724450E-06 -2.724450E-06  0.0  0.000000E+00  ! COMP 5                
   137:  3.598380E-08  1.249860E-07 -2.210380E-09 -2.210380E-09  0.0 -1.053740E-07                          
   138: -7.462510E-06  6.597980E-06 -2.958830E-06 -2.958830E-06  0.0  0.000000E+00  ! COMP 6                
   139:  3.378060E-08  1.198690E-07 -1.713230E-09 -1.713230E-09  0.0 -1.008730E-07                          
   140: -6.737440E-06  6.293100E-06 -2.553590E-06 -2.553590E-06  0.0  0.000000E+00  ! COMP 7                
   141:  3.324950E-08  1.175850E-07 -1.724210E-09 -1.724210E-09  0.0 -9.885780E-08                          
   142: -6.197250E-06  6.119040E-06 -2.488800E-06 -2.488800E-06  0.0  0.000000E+00  ! COMP 8                
   143:  3.272010E-08  1.153190E-07 -1.735020E-09 -1.735020E-09  0.0 -9.684890E-08                          
   144: -5.682200E-06  5.947110E-06 -2.422400E-06 -2.422400E-06  0.0  0.000000E+00  ! COMP 9                
   145:  3.438590E-08  1.181860E-07 -2.243350E-09 -2.243350E-09  0.0 -9.933120E-08                          
   146: -5.868980E-06  6.084430E-06 -2.776570E-06 -2.776570E-06  0.0  0.000000E+00  ! COMP 10               
   147:  3.385590E-08  1.159170E-07 -2.253690E-09 -2.253690E-09  0.0 -9.732910E-08                          
   148: -5.383450E-06  5.916970E-06 -2.707800E-06 -2.707800E-06  0.0  0.000000E+00  ! COMP 11               
   149:                                                                                                     
   150: ! FUEL TEMPERATURE CARD                                                                             
   151: %FTEM                                                                                               
   152: 891.19  891.45  ! Average Fuel Temperature and fuel temperature Ref. in Kelvin                      
   153: ! CX change per Fuel Temperature Changes                                                            
   154: !  sigtr          siga         nu*sigf       sigf      sigs_g1   sigs_g2                            
   155:  0.000000E+00  0.000000E+00  0.000000E+00  0.000000E+00	 0.0  0.000000E+00 ! COMP 1                 
   156:  0.000000E+00  0.000000E+00	 0.000000E+00  0.000000E+00	 0.0  0.000000E+00                          
   157:  0.000000E+00  0.000000E+00  0.000000E+00  0.000000E+00	 0.0  0.000000E+00 ! COMP 2                 
   158:  0.000000E+00  0.000000E+00  0.000000E+00  0.000000E+00	 0.0  0.000000E+00                          
   159:  0.000000E+00  0.000000E+00  0.000000E+00  0.000000E+00	 0.0  0.000000E+00 ! COMP 3                 
   160:  0.000000E+00  0.000000E+00  0.000000E+00  0.000000E+00	 0.0  0.000000E+00                          
   161: -3.091970E-05  3.497090E-05  6.401340E-07  6.401340E-07	 0.0 -2.755360E-05 ! COMP 4                 
   162: -1.372920E-04 -3.718060E-05 -5.630370E-05 -5.630370E-05	 0.0  0.000000E+00                          
   163: -3.086070E-05  3.517980E-05  9.974310E-07  9.974310E-07	 0.0 -2.767660E-05 ! COMP 5                 
   164: -1.174810E-04 -3.770390E-05 -6.041550E-05 -6.041550E-05	 0.0  0.000000E+00                          
   165: -3.091650E-05  3.538410E-05  1.418470E-06  1.418470E-06	 0.0 -2.783900E-05 ! COMP 6                 
   166: -1.013370E-04 -3.775580E-05 -6.309600E-05 -6.309600E-05	 0.0  0.000000E+00                          
   167: -3.137460E-05  3.486990E-05  9.454310E-07  9.454310E-07	 0.0 -2.735500E-05 ! COMP 7                 
   168: -1.082710E-04 -3.727480E-05 -5.796620E-05 -5.796620E-05	 0.0  0.000000E+00                          
   169: -3.155030E-05  3.472740E-05  9.260780E-07  9.260780E-07	 0.0 -2.723810E-05 ! COMP 8                 
   170: -1.055210E-04 -3.718080E-05 -5.711080E-05 -5.711080E-05	 0.0  0.000000E+00                          
   171: -3.172810E-05  3.460260E-05  9.058020E-07  9.058020E-07	 0.0 -2.711690E-05 ! COMP 9                 
   172: -1.025250E-04 -3.702010E-05 -5.615430E-05 -5.615430E-05	 0.0  0.000000E+00                          
   173: -3.141920E-05  3.506370E-05  1.356420E-06  1.356420E-06	 0.0 -2.750490E-05 ! COMP 10                
   174: -9.388860E-05 -3.714030E-05 -6.050520E-05 -6.050520E-05	 0.0  0.000000E+00                          
   175: -3.159080E-05  3.491190E-05  1.333360E-06  1.333360E-06	 0.0 -2.738350E-05 ! COMP 11                
   176: -9.171260E-05 -3.699090E-05 -5.962840E-05 -5.962840E-05	 0.0  0.000000E+00                          
   177:                                                                                                     
   178: ! MODERATOR TEMPERATURE CARD                                                                        
   179: %MTEM                                                                                               
   180: 559.19  579.75  ! Average Moderator Temperature and Moderator temperature Ref. Kelvin               
   181: ! CX change per Moderator Temperature Changes                                                       
   182: !  sigtr          siga         nu*sigf       sigf     sigs_g1   sigs_g2                             
   183:  0.00000E+00   0.00000E+00   0.00000E+00   0.00000E+00	0.0	 0.00000E+00	! COMP 1                    
   184:  0.00000E+00   0.00000E+00   0.00000E+00   0.00000E+00	0.0	 0.0                                     
   185:  0.00000E+00   0.00000E+00   0.00000E+00   0.00000E+00	0.0	 0.00000E+00	! COMP 2                    
   186:  0.00000E+00   0.00000E+00   0.00000E+00   0.00000E+00	0.0	 0.0                                     
   187:  0.00000E+00   0.00000E+00   0.00000E+00   0.00000E+00	0.0	 0.00000E+00	! COMP 3                    
   188:  0.00000E+00   0.00000E+00   0.00000E+00   0.00000E+00	0.0	 0.0                                     
   189: -2.033100E-06  2.121910E-07  1.247090E-07  1.247090E-07	0.0	 8.096760E-07	! COMP 4                  
   190: -1.086740E-04 -3.155970E-05 -4.164390E-05 -4.164390E-05	0.0	 0.0                                    
   191: -1.980800E-06  2.260000E-07  1.351450E-07  1.351450E-07	0.0	 8.584740E-07	! COMP 5                  
   192: -9.061500E-05 -3.214350E-05 -4.531020E-05 -4.531020E-05	0.0	 0.0                                    
   193: -1.924340E-06  2.399390E-07  1.490840E-07  1.490840E-07	0.0	 9.034940E-07	! COMP 6                  
   194: -7.627860E-05 -3.237760E-05	-4.784750E-05 -4.784750E-05	0.0	 0.0                                    
   195: -2.696340E-06  2.485300E-07  1.407730E-07  1.407730E-07	0.0	 7.013110E-07	! COMP 7                  
   196: -7.624350E-05 -3.001190E-05	-4.202020E-05 -4.202020E-05	0.0	 0.0                                    
   197: -3.079050E-06  2.618540E-07  1.432350E-07  1.432350E-07	0.0	 6.173800E-07	! COMP 8                  
   198: -7.333970E-05 -2.919290E-05	-4.077010E-05 -4.077010E-05	0.0	 0.0                                    
   199: -3.538770E-06  2.743130E-07  1.460190E-07  1.460190E-07	0.0	 5.165470E-07	! COMP 9                  
   200: -7.137110E-05 -2.830410E-05 -3.943190E-05 -3.943190E-05	0.0	 0.0                                    
   201: -2.639070E-06  2.642890E-07  1.558580E-07  1.558580E-07	0.0	 7.443200E-07	! COMP 10                 
   202: -6.395540E-05 -3.035090E-05 -4.444310E-05 -4.444310E-05	0.0	 0.0                                    
   203: -3.021470E-06  2.790600E-07  1.588140E-07  1.588140E-07	0.0	 6.595210E-07	! COMP 11                 
   204: -6.169840E-05 -2.956260E-05	-4.315880E-05 -4.315880E-05	0.0	 0.0                                    
   205:                                                                                                     
   206: ! COOLANT DENSITY CARD                                                                              
   207: %CDEN                                                                                               
   208: 0.7464  0.7125  ! Average Coolant Density and Coolant Density Ref. in g/cm3                         
   209: ! CX change per Coolant Density Changes                                                             
   210: !  sigtr          siga         nu*sigf       sigf     sigs_g1   sigs_g2                             
   211: 7.457560E-02  2.076880E-04  0.000000E+00  0.000000E+00  0.0  3.713100E-02  ! COMP 1                 
   212: 5.336340E-01  7.584210E-03  0.000000E+00  0.000000E+00  0.0  0.0                                    
   213: 0.000000E+00  0.000000E+00  0.000000E+00  0.000000E+00  0.0  0.000000E+00  ! COMP 2                 
   214: 0.000000E+00  0.000000E+00  0.000000E+00  0.000000E+00  0.0  0.0                                    
   215: 0.000000E+00  0.000000E+00  0.000000E+00  0.000000E+00  0.0  0.000000E+00  ! COMP 3                 
   216: 0.000000E+00  0.000000E+00  0.000000E+00  0.000000E+00  0.0  0.0                                    
   217: 1.356650E-01  1.551850E-03  9.206940E-04  9.206940E-04  0.0  2.931950E-02  ! COMP 4                 
   218: 9.926280E-01  2.526620E-02  2.477460E-02  2.477460E-02  0.0  0.0                                    
   219: 1.357480E-01  1.614910E-03  9.641600E-04  9.641600E-04  0.0  2.926960E-02  ! COMP 5                 
   220: 9.819850E-01  2.866670E-02  3.149930E-02  3.149930E-02  0.0  0.0                                    
   221: 1.358270E-01  1.680150E-03  1.014100E-03  1.014100E-03  0.0  2.921540E-02  ! COMP 6                 
   222: 9.722670E-01  3.195710E-02  3.810970E-02  3.810970E-02  0.0  0.0                                    
   223: 1.310330E-01  1.683970E-03  9.819510E-04  9.819510E-04  0.0  2.824890E-02  ! COMP 7                 
   224: 9.346970E-01  3.142400E-02  3.515880E-02  3.515880E-02  0.0  0.0                                    
   225: 1.293790E-01  1.719720E-03  9.884370E-04  9.884370E-04  0.0  2.788950E-02  ! COMP 8                 
   226: 9.181710E-01  3.247150E-02  3.632510E-02  3.632510E-02  0.0  0.0                                    
   227: 1.276820E-01  1.749890E-03  9.951750E-04  9.951750E-04  0.0  2.752020E-02  ! COMP 9                 
   228: 9.012930E-01  3.359450E-02  3.744990E-02  3.744990E-02  0.0  0.0                                    
   229: 1.311160E-01  1.755280E-03  1.035220E-03  1.035220E-03  0.0  2.818770E-02  ! COMP 10                
   230: 9.249250E-01  3.498530E-02  4.206930E-02  4.206930E-02  0.0  0.0                                    
   231: 1.294630E-01  1.794990E-03  1.042910E-03  1.042910E-03  0.0  2.782590E-02  ! COMP 11                
   232: 9.084560E-01  3.610320E-02  4.332150E-02  4.332150E-02  0.0  0.0                                    
   233:                                                                                                     
   234: ! THERMAL-HYDRAULIC CARD                                                                            
   235: %THER                                                                                               
   236: 100.                                   ! Percent power in %                                         
   237: 1387.5e6                               ! Reactor thermal power for quarter geometry in Watt         
   238: 559.15  82.12102                       ! Inlet coolant temp. (Kelvin) and Fuel Assembly Mass flow ra
   239: 4.11950E-03  6.8E-05  5.71E-04  1.2655E-2 ! Fuel meat rad., gap thinkness, cladding thinkness and pi
   240: 264  25                                ! Number of fuel pin and guide tubes                         
   241: 0.019                                  ! FRACTION OF HEAT DEPOSITED IN COOLANT                      
   242: 1                                                                                                   
  ========================================INPUT DATA   ENDS HERE=====================================



                                             START READING INPUT
  ***************************************************************************************************
  CALCULATION MODE :      CRITICAL BORON CONCENTRATION SEARCH

  CASE ID :   NEACRP Critical Boron Concentration Search - Case C2                                              
   10.803 CM NODE SIZE                                                                               


            >>>> READING MACROSCOPIC CROSS SECTIONS <<<<
            --------------------------------------------

     MATERIAL  1
    GROUP   TRANSPORT    DIFFUSION  ABSORPTION    REMOVAL      NU*FISS      FISSION    FISS. SPCTR
       1     0.053206    6.264981    0.000373    0.026829     0.000000     0.000000     1.000000
       2     0.386406    0.862651    0.017722    0.017722     0.000000     0.000000     0.000000
   --SCATTERING MATRIX--
     G/G'          1          2
      1        0.000000    0.026455
      2        0.000000    0.000000

     MATERIAL  2
    GROUP   TRANSPORT    DIFFUSION  ABSORPTION    REMOVAL      NU*FISS      FISSION    FISS. SPCTR
       1     0.295609    1.127616    0.001188    0.024349     0.000000     0.000000     1.000000
       2     2.459310    0.135539    0.252618    0.252618     0.000000     0.000000     0.000000
   --SCATTERING MATRIX--
     G/G'          1          2
      1        0.000000    0.023161
      2        0.000000    0.000000

     MATERIAL  3
    GROUP   TRANSPORT    DIFFUSION  ABSORPTION    REMOVAL      NU*FISS      FISSION    FISS. SPCTR
       1     0.295609    1.127616    0.001188    0.021269     0.000000     0.000000     1.000000
       2     2.459310    0.135539    0.252618    0.252618     0.000000     0.000000     0.000000
   --SCATTERING MATRIX--
     G/G'          1          2
      1        0.000000    0.020081
      2        0.000000    0.000000

     MATERIAL  4
    GROUP   TRANSPORT    DIFFUSION  ABSORPTION    REMOVAL      NU*FISS      FISSION    FISS. SPCTR
       1     0.222117    1.500710    0.008718    0.026968     0.004983     0.004983     1.000000
       2     0.803140    0.415038    0.065255    0.065255     0.083903     0.083903     0.000000
   --SCATTERING MATRIX--
     G/G'          1          2
      1        0.000000    0.018250
      2        0.000000    0.000000

     MATERIAL  5
    GROUP   TRANSPORT    DIFFUSION  ABSORPTION    REMOVAL      NU*FISS      FISSION    FISS. SPCTR
       1     0.221914    1.502083    0.009061    0.027065     0.005577     0.005577     1.000000
       2     0.795538    0.419004    0.072335    0.072335     0.099863     0.099863     0.000000
   --SCATTERING MATRIX--
     G/G'          1          2
      1        0.000000    0.018004
      2        0.000000    0.000000

     MATERIAL  6
    GROUP   TRANSPORT    DIFFUSION  ABSORPTION    REMOVAL      NU*FISS      FISSION    FISS. SPCTR
       1     0.221715    1.503432    0.009385    0.027152     0.006150     0.006150     1.000000
       2     0.789253    0.422340    0.078920    0.078920     0.114667     0.114667     0.000000
   --SCATTERING MATRIX--
     G/G'          1          2
      1        0.000000    0.017767
      2        0.000000    0.000000

     MATERIAL  7
    GROUP   TRANSPORT    DIFFUSION  ABSORPTION    REMOVAL      NU*FISS      FISSION    FISS. SPCTR
       1     0.222039    1.501238    0.009317    0.026455     0.005550     0.005550     1.000000
       2     0.776230    0.429426    0.079633    0.079633     0.098558     0.098558     0.000000
   --SCATTERING MATRIX--
     G/G'          1          2
      1        0.000000    0.017138
      2        0.000000    0.000000

     MATERIAL  8
    GROUP   TRANSPORT    DIFFUSION  ABSORPTION    REMOVAL      NU*FISS      FISSION    FISS. SPCTR
       1     0.222083    1.500940    0.009400    0.026250     0.005541     0.005541     1.000000
       2     0.769969    0.432918    0.082109    0.082109     0.098006     0.098006     0.000000
   --SCATTERING MATRIX--
     G/G'          1          2
      1        0.000000    0.016850
      2        0.000000    0.000000

     MATERIAL  9
    GROUP   TRANSPORT    DIFFUSION  ABSORPTION    REMOVAL      NU*FISS      FISSION    FISS. SPCTR
       1     0.222127    1.500643    0.009483    0.026045     0.005531     0.005531     1.000000
       2     0.763813    0.436407    0.084591    0.084591     0.097411     0.097411     0.000000
   --SCATTERING MATRIX--
     G/G'          1          2
      1        0.000000    0.016563
      2        0.000000    0.000000

     MATERIAL 10
    GROUP   TRANSPORT    DIFFUSION  ABSORPTION    REMOVAL      NU*FISS      FISSION    FISS. SPCTR
       1     0.221836    1.502612    0.009637    0.026542     0.006124     0.006124     1.000000
       2     0.770705    0.432504    0.086119    0.086119     0.113241     0.113241     0.000000
   --SCATTERING MATRIX--
     G/G'          1          2
      1        0.000000    0.016904
      2        0.000000    0.000000

     MATERIAL 11
    GROUP   TRANSPORT    DIFFUSION  ABSORPTION    REMOVAL      NU*FISS      FISSION    FISS. SPCTR
       1     0.221878    1.502327    0.009719    0.026337     0.006114     0.006114     1.000000
       2     0.764704    0.435899    0.088549    0.088549     0.112635     0.112635     0.000000
   --SCATTERING MATRIX--
     G/G'          1          2
      1        0.000000    0.016617
      2        0.000000    0.000000

  ...Macroscopic CX Card is sucessfully read...


            >>>>>READING CORE GEOMETRY<<<<<
            -------------------------------
  Number of assembly in x, y and z directions respectively :
          17           9          18
  Number of nodes in x, y and z directions respectively :
          34          17          18

  x-directed nodes divison (delta-x)
    10.80  10.80  10.80  10.80  10.80  10.80  10.80  10.80  10.80  10.80
    10.80  10.80  10.80  10.80  10.80  10.80  10.80  10.80  10.80  10.80
    10.80  10.80  10.80  10.80  10.80  10.80  10.80  10.80  10.80  10.80
    10.80  10.80  10.80  10.80
  y-directed nodes divison (delta-y)
    10.80  10.80  10.80  10.80  10.80  10.80  10.80  10.80  10.80  10.80
    10.80  10.80  10.80  10.80  10.80  10.80  10.80

  Planar Region :  1
        1  2  3  4  5  6  7  8  9 10 11 12 13 14 15 16 17 18 19 20 21 22 23 24 25 26 27 28 29 30 31 32 33 34
    17  2  2  1  1  1  1  1  1  1  1  1  1  1  1  1  1  1  1  1  1  1  1  1  1  1  1  1  1  1  1  1  1  2  2 
    16  2  2  1  1  1  1  1  1  1  1  1  1  1  1  1  1  1  1  1  1  1  1  1  1  1  1  1  1  1  1  1  1  2  2 
    15  2  2  1  1  1  1  1  1  1  1  1  1  1  1  1  1  1  1  1  1  1  1  1  1  1  1  1  1  1  1  1  1  2  2 
    14  2  2  3  3  1  1  1  1  1  1  1  1  1  1  1  1  1  1  1  1  1  1  1  1  1  1  1  1  1  1  3  3  2  2 
    13  2  2  3  3  1  1  1  1  1  1  1  1  1  1  1  1  1  1  1  1  1  1  1  1  1  1  1  1  1  1  3  3  2  2 
    12        2  2  1  1  1  1  1  1  1  1  1  1  1  1  1  1  1  1  1  1  1  1  1  1  1  1  1  1  2  2       
    11        2  2  1  1  1  1  1  1  1  1  1  1  1  1  1  1  1  1  1  1  1  1  1  1  1  1  1  1  2  2       
    10        2  2  3  3  1  1  1  1  1  1  1  1  1  1  1  1  1  1  1  1  1  1  1  1  1  1  3  3  2  2       
     9        2  2  3  3  1  1  1  1  1  1  1  1  1  1  1  1  1  1  1  1  1  1  1  1  1  1  3  3  2  2       
     8              2  2  3  3  1  1  1  1  1  1  1  1  1  1  1  1  1  1  1  1  1  1  3  3  2  2             
     7              2  2  3  3  1  1  1  1  1  1  1  1  1  1  1  1  1  1  1  1  1  1  3  3  2  2             
     6                    2  2  3  3  1  1  1  1  1  1  1  1  1  1  1  1  1  1  3  3  2  2                   
     5                    2  2  3  3  1  1  1  1  1  1  1  1  1  1  1  1  1  1  3  3  2  2                   
     4                          2  2  2  2  3  3  1  1  1  1  1  1  3  3  2  2  2  2                         
     3                          2  2  2  2  3  3  1  1  1  1  1  1  3  3  2  2  2  2                         
     2                                      2  2  2  2  2  2  2  2  2  2                                     
     1                                      2  2  2  2  2  2  2  2  2  2                                     
  Planar Region :  2
        1  2  3  4  5  6  7  8  9 10 11 12 13 14 15 16 17 18 19 20 21 22 23 24 25 26 27 28 29 30 31 32 33 34
    17  2  2  6  6  4  4  5  5  4  4  5  5  4  4  5  5  4  4  5  5  4  4  5  5  4  4  5  5  4  4  6  6  2  2 
    16  2  2  6  6  6  6  4  4  5  5  4  4  5  5  4  4  5  5  4  4  5  5  4  4  5  5  4  4  6  6  6  6  2  2 
    15  2  2  6  6  6  6  4  4  5  5  4  4  5  5  4  4  5  5  4  4  5  5  4  4  5  5  4  4  6  6  6  6  2  2 
    14  2  2  3  3  6  6  5  5  4  4  5  5  4  4  5  5  4  4  5  5  4  4  5  5  4  4  5  5  6  6  3  3  2  2 
    13  2  2  3  3  6  6  5  5  4  4  5  5  4  4  5  5  4  4  5  5  4  4  5  5  4  4  5  5  6  6  3  3  2  2 
    12        2  2  6  6  6  6  5  5  4  4  5  5  4  4  5  5  4  4  5  5  4  4  5  5  6  6  6  6  2  2       
    11        2  2  6  6  6  6  5  5  4  4  5  5  4  4  5  5  4  4  5  5  4  4  5  5  6  6  6  6  2  2       
    10        2  2  3  3  6  6  4  4  5  5  4  4  5  5  4  4  5  5  4  4  5  5  4  4  6  6  3  3  2  2       
     9        2  2  3  3  6  6  4  4  5  5  4  4  5  5  4  4  5  5  4  4  5  5  4  4  6  6  3  3  2  2       
     8              2  2  3  3  6  6  6  6  5  5  4  4  5  5  4  4  5  5  6  6  6  6  3  3  2  2             
     7              2  2  3  3  6  6  6  6  5  5  4  4  5  5  4  4  5  5  6  6  6  6  3  3  2  2             
     6                    2  2  3  3  6  6  6  6  6  6  4  4  6  6  6  6  6  6  3  3  2  2                   
     5                    2  2  3  3  6  6  6  6  6  6  4  4  6  6  6  6  6  6  3  3  2  2                   
     4                          2  2  2  2  3  3  6  6  6  6  6  6  3  3  2  2  2  2                         
     3                          2  2  2  2  3  3  6  6  6  6  6  6  3  3  2  2  2  2                         
     2                                      2  2  2  2  2  2  2  2  2  2                                     
     1                                      2  2  2  2  2  2  2  2  2  2                                     
  Planar Region :  3
        1  2  3  4  5  6  7  8  9 10 11 12 13 14 15 16 17 18 19 20 21 22 23 24 25 26 27 28 29 30 31 32 33 34
    17  2  2  6  6  4  4  7  7  4  4  9  9  4  4  9  9  4  4  9  9  4  4  9  9  4  4  7  7  4  4  6  6  2  2 
    16  2  2  6  6  11 11 4  4  8  8  4  4  8  8  4  4  9  9  4  4  8  8  4  4  8  8  4  4  11 11 6  6  2  2 
    15  2  2  6  6  11 11 4  4  8  8  4  4  8  8  4  4  9  9  4  4  8  8  4  4  8  8  4  4  11 11 6  6  2  2 
    14  2  2  3  3  6  6  8  8  4  4  8  8  4  4  8  8  4  4  8  8  4  4  8  8  4  4  8  8  6  6  3  3  2  2 
    13  2  2  3  3  6  6  8  8  4  4  8  8  4  4  8  8  4  4  8  8  4  4  8  8  4  4  8  8  6  6  3  3  2  2 
    12        2  2  6  6  10 10 8  8  4  4  8  8  4  4  9  9  4  4  8  8  4  4  8  8  10 10 6  6  2  2       
    11        2  2  6  6  10 10 8  8  4  4  8  8  4  4  9  9  4  4  8  8  4  4  8  8  10 10 6  6  2  2       
    10        2  2  3  3  6  6  4  4  8  8  4  4  8  8  4  4  8  8  4  4  8  8  4  4  6  6  3  3  2  2       
     9        2  2  3  3  6  6  4  4  8  8  4  4  8  8  4  4  8  8  4  4  8  8  4  4  6  6  3  3  2  2       
     8              2  2  3  3  6  6  10 10 8  8  4  4  7  7  4  4  8  8  10 10 6  6  3  3  2  2             
     7              2  2  3  3  6  6  10 10 8  8  4  4  7  7  4  4  8  8  10 10 6  6  3  3  2  2             
     6                    2  2  3  3  6  6  6  6  11 11 4  4  11 11 6  6  6  6  3  3  2  2                   
     5                    2  2  3  3  6  6  6  6  11 11 4  4  11 11 6  6  6  6  3  3  2  2                   
     4                          2  2  2  2  3  3  6  6  6  6  6  6  3  3  2  2  2  2                         
     3                          2  2  2  2  3  3  6  6  6  6  6  6  3  3  2  2  2  2                         
     2                                      2  2  2  2  2  2  2  2  2  2                                     
     1                                      2  2  2  2  2  2  2  2  2  2                                     

  Planar Region Assignment to planes.
 --------------------------------------
   Plane Number     Planar Region    delta-z
       18 (TOP)            1          30.00
       17                  3           8.00
       16                  3          12.80
       15                  3          12.80
       14                  3          30.00
       13                  3          30.00
       12                  3          30.00
       11                  3          30.00
       10                  3          30.00
        9                  3          30.00
        8                  3          30.00
        7                  3          30.00
        6                  3          30.00
        5                  3          30.00
        4                  3          15.00
        3                  3          11.00
        2                  2           7.70
        1 (BOTTOM)         1          30.00

   Boundary conditions
  X-directed West   : ZERO INCOMING CURRENT
  X-directed East   : ZERO INCOMING CURRENT
  Y-directed North  : REFLECTIVE
  Y-directed South  : ZERO INCOMING CURRENT
  Z-directed Bottom : ZERO INCOMING CURRENT
  Z-directed Top    : ZERO INCOMING CURRENT

  ...Core geometry is sucessfully read...


            >>>> READING BORON CONCENTRATION FOR BC SEARCH <<<<
            --------------------------------------------------

  ...Critical Boron Search card is sucessfully read...


            >>>>      READING FUEL TEMPERATURE      <<<<
            --------------------------------------------

  ...Fuel Temperature is card sucessfully read...


            >>>>   READING MODERATOR TEMPERATURE    <<<<
            --------------------------------------------

  ...Moderator Temperature Card is sucessfully read...


            >>>>       READING COOLANT DENSITY      <<<<
            --------------------------------------------

  ...Coolant Density Card is sucessfully read...


            >>>> READING CONTROL RODS INSERTION <<<<
            --------------------------------------------
  NUMBER OF CONTROL ROD BANK  :  8
  MAX. NUMBER OF STEPS  : 228
  FULLY INSERTED POSITION (cm): 37.7 (FROM BOTTOM OF THE CORE)
  STEP SIZE (cm)              :   1.5942
  INITIAL CONTROL ROD BANK POSITION (STEPS) : 
  (0 means fully inserted) 
    Bank  1  Bank  2  Bank  3  Bank  4  Bank  5  Bank  6  Bank  7  Bank  8
    100.0    200.0    100.0    200.0    200.0    200.0    200.0    100.0

  CONTROL ROD BANK MAP : 
  0  0  3  0  0  0  2  0  1  0  2  0  0  0  8  0  0
  0  0  0  6  0  0  0  4  0  4  0  0  0  6  0  0  0
  0  0  6  0  6  0  5  0  2  0  5  0  6  0  6  0  0
  0  0  0  0  0  4  0  0  0  0  0  4  0  0  0  0  0
  0  0  0  0  7  0  6  0  0  0  6  0  7  0  0  0  0
  0  0  0  0  0  0  0  6  0  6  0  0  0  0  0  0  0
  0  0  0  0  0  0  6  0  3  0  6  0  0  0  0  0  0
  0  0  0  0  0  0  0  0  0  0  0  0  0  0  0  0  0
  0  0  0  0  0  0  0  0  0  0  0  0  0  0  0  0  0

  MATERIAL CX INCREMENT OR DECREMENT DUE TO CR INSERTION : 
    MATERIAL  1
    GROUP   TRANSPORT  ABSORPTION      NU*FISS      FISSION
       1     0.003732    0.002478    -0.000103    -0.000103
       2    -0.021993    0.025587    -0.002823    -0.002823
   --SCATTERING MATRIX--
     G/G'        1        2
      1      0.000000 -0.003193
      2      0.000000  0.000000
    MATERIAL  2
    GROUP   TRANSPORT  ABSORPTION      NU*FISS      FISSION
       1     0.003732    0.002478    -0.000103    -0.000103
       2    -0.021993    0.025587    -0.002823    -0.002823
   --SCATTERING MATRIX--
     G/G'        1        2
      1      0.000000 -0.003193
      2      0.000000  0.000000
    MATERIAL  3
    GROUP   TRANSPORT  ABSORPTION      NU*FISS      FISSION
       1     0.003732    0.002478    -0.000103    -0.000103
       2    -0.021993    0.025587    -0.002823    -0.002823
   --SCATTERING MATRIX--
     G/G'        1        2
      1      0.000000 -0.003193
      2      0.000000  0.000000
    MATERIAL  4
    GROUP   TRANSPORT  ABSORPTION      NU*FISS      FISSION
       1     0.003732    0.002478    -0.000103    -0.000103
       2    -0.021993    0.025587    -0.002823    -0.002823
   --SCATTERING MATRIX--
     G/G'        1        2
      1      0.000000 -0.003193
      2      0.000000  0.000000
    MATERIAL  5
    GROUP   TRANSPORT  ABSORPTION      NU*FISS      FISSION
       1     0.003732    0.002478    -0.000103    -0.000103
       2    -0.021993    0.025587    -0.002823    -0.002823
   --SCATTERING MATRIX--
     G/G'        1        2
      1      0.000000 -0.003193
      2      0.000000  0.000000
    MATERIAL  6
    GROUP   TRANSPORT  ABSORPTION      NU*FISS      FISSION
       1     0.003741    0.002429    -0.000123    -0.000123
       2    -0.016750    0.025648    -0.003281    -0.003281
   --SCATTERING MATRIX--
     G/G'        1        2
      1      0.000000 -0.003142
      2      0.000000  0.000000
    MATERIAL  7
    GROUP   TRANSPORT  ABSORPTION      NU*FISS      FISSION
       1     0.003732    0.002478    -0.000103    -0.000103
       2    -0.021993    0.025587    -0.002823    -0.002823
   --SCATTERING MATRIX--
     G/G'        1        2
      1      0.000000 -0.003193
      2      0.000000  0.000000
    MATERIAL  8
    GROUP   TRANSPORT  ABSORPTION      NU*FISS      FISSION
       1     0.003732    0.002478    -0.000103    -0.000103
       2    -0.021993    0.025587    -0.002823    -0.002823
   --SCATTERING MATRIX--
     G/G'        1        2
      1      0.000000 -0.003193
      2      0.000000  0.000000
    MATERIAL  9
    GROUP   TRANSPORT  ABSORPTION      NU*FISS      FISSION
       1     0.003732    0.002478    -0.000103    -0.000103
       2    -0.021993    0.025587    -0.002823    -0.002823
   --SCATTERING MATRIX--
     G/G'        1        2
      1      0.000000 -0.003193
      2      0.000000  0.000000
    MATERIAL 10
    GROUP   TRANSPORT  ABSORPTION      NU*FISS      FISSION
       1     0.003732    0.002478    -0.000103    -0.000103
       2    -0.021993    0.025587    -0.002823    -0.002823
   --SCATTERING MATRIX--
     G/G'        1        2
      1      0.000000 -0.003193
      2      0.000000  0.000000
    MATERIAL 11
    GROUP   TRANSPORT  ABSORPTION      NU*FISS      FISSION
       1     0.003732    0.002478    -0.000103    -0.000103
       2    -0.021993    0.025587    -0.002823    -0.002823
   --SCATTERING MATRIX--
     G/G'        1        2
      1      0.000000 -0.003193
      2      0.000000  0.000000

  ...Control Rods Insertion card is sucessfully read...


            >>>>   READING THERMAL-HYDRAULIC DATA   <<<<
            --------------------------------------------
  REACTOR PERCENT POWER (%)                :    100.00000
  REACTOR POWER (Watt)                     :   1.3875E+09
  COOLANT INLET TEMPERATURE (Kelvin)       :   5.5915E+02
  FUEL ASSEMBLY MASS FLOW RATE (Kg/s)      :   8.2121E+01
  FUEL MEAT RADIUS (m)                     :   4.1195E-03
  GAP THICKNESS (m)                        :   6.8000E-05
  CLAD THICKNESS (m)                       :   5.7100E-04
  PIN PITCH(m)                             :   1.2655E-02
  FRACTION OF HEAT DEPOSITED IN COOL.      :   1.9000E-02

  ...Thermal-hydraulic Card is sucessfully read...


  **********************************  STOP READING INPUT  *******************************************


  ================================================================================================
                        CRITICAL BORON CONCENTRATION SEARCH
  ================================================================================================

   Itr  Boron Concentration          K-EFF    FLUX REL. ERROR   FISS. SOURCE REL. ERROR    DOPPLER ERROR
  ------------------------------------------------------------------------------------------------------
    1        1200.20                0.99604     8.19953E-06          8.74843E-06           5.85938E-03
    2        1195.45                0.99651     6.97866E-06          6.88186E-06           9.27734E-03
    3        1159.66                1.00001     6.30233E-06          6.91157E-06           8.30078E-03
    4        1159.81                1.00000     4.66047E-06          6.35214E-06           5.98145E-03


     Radial Power Distribution
   ==============================
           1       2       3       4       5       6       7       8       9      10      11      12
     9           0.731   0.837   1.121   1.173   1.113   1.149   1.013   0.895   1.013   1.149   1.113
     8           0.585   0.945   1.088   1.149   1.185   1.162   1.116   1.013   1.116   1.162   1.185
     7                   0.922   1.011   1.130   1.168   1.196   1.162   1.149   1.162   1.196   1.168
     6                   0.654   0.984   1.034   1.139   1.168   1.185   1.113   1.185   1.168   1.139
     5                           0.722   0.918   1.034   1.130   1.149   1.173   1.149   1.130   1.034
     4                                   0.722   0.984   1.011   1.088   1.121   1.088   1.011   0.984
     3                                           0.654   0.922   0.945   0.837   0.945   0.922   0.654
     2                                                           0.585   0.731   0.585                
     1                                                                                                

          13      14      15      16      17
     9   1.173   1.121   0.837   0.731        
     8   1.149   1.088   0.945   0.585        
     7   1.130   1.011   0.922                
     6   1.034   0.984   0.654                
     5   0.918   0.722                        
     4   0.722                                
     3                                        
     2                                        
     1                                        

   MAX POS.       Maximum Value
  (  7, 11)          1.196


     Axial Power Density Distribution
   ====================================

     Plane Number        Power      Height
    -----------------------------------------
        18  (TOP)        0.000      427.30
        17               0.020      397.30
        16               0.041      389.30
        15               0.080      376.50
        14               0.198      363.70
        13               0.429      333.70
        12               0.683      303.70
        11               0.955      273.70
        10               1.263      243.70
         9               1.625      213.70
         8               2.001      183.70
         7               2.227      153.70
         6               2.200      123.70
         5               1.802       93.70
         4               1.220       63.70
         3               0.770       48.70
         2               0.486       37.70
         1  (BOTTOM)     0.000       30.00

   MAX POS.       Maximum Value
    (  7)             2.227


     Radial Flux Distribution
   ==============================
    Group :   1
             1          2          3          4          5          6          7          8          9         10         11         12
     9   1.029E-03  7.090E-03  1.029E-02  1.265E-02  1.351E-02  1.329E-02  1.326E-02  1.210E-02  1.117E-02  1.210E-02  1.326E-02  1.329E-02 
     8   7.676E-04  5.753E-03  1.033E-02  1.253E-02  1.332E-02  1.367E-02  1.347E-02  1.286E-02  1.210E-02  1.286E-02  1.347E-02  1.367E-02 
     7   1.946E-04  2.114E-03  9.145E-03  1.186E-02  1.299E-02  1.353E-02  1.380E-02  1.347E-02  1.326E-02  1.347E-02  1.380E-02  1.353E-02 
     6              9.253E-04  6.403E-03  1.058E-02  1.202E-02  1.307E-02  1.353E-02  1.367E-02  1.329E-02  1.367E-02  1.353E-02  1.307E-02 
     5              2.002E-04  1.768E-03  7.013E-03  1.037E-02  1.202E-02  1.299E-02  1.332E-02  1.351E-02  1.332E-02  1.299E-02  1.202E-02 
     4                         2.478E-04  1.835E-03  7.013E-03  1.058E-02  1.186E-02  1.253E-02  1.265E-02  1.253E-02  1.186E-02  1.058E-02 
     3                                    2.478E-04  1.768E-03  6.403E-03  9.145E-03  1.033E-02  1.029E-02  1.033E-02  9.145E-03  6.403E-03 
     2                                               2.002E-04  9.253E-04  2.114E-03  5.753E-03  7.090E-03  5.753E-03  2.114E-03  9.253E-04 
     1                                                                     1.946E-04  7.676E-04  1.029E-03  7.676E-04  1.946E-04            

            13         14         15         16         17
     9   1.351E-02  1.265E-02  1.029E-02  7.090E-03  1.029E-03 
     8   1.332E-02  1.253E-02  1.033E-02  5.753E-03  7.676E-04 
     7   1.299E-02  1.186E-02  9.145E-03  2.114E-03  1.946E-04 
     6   1.202E-02  1.058E-02  6.403E-03  9.253E-04            
     5   1.037E-02  7.013E-03  1.768E-03  2.002E-04            
     4   7.013E-03  1.835E-03  2.478E-04                       
     3   1.768E-03  2.478E-04                                  
     2   2.002E-04                                             
     1                                                         

    Group :   2
             1          2          3          4          5          6          7          8          9         10         11         12
     9   4.579E-04  7.011E-03  1.105E-02  1.246E-02  1.552E-02  1.232E-02  1.514E-02  1.121E-02  1.180E-02  1.121E-02  1.514E-02  1.232E-02 
     8   3.417E-04  5.563E-03  9.023E-03  1.437E-02  1.273E-02  1.566E-02  1.286E-02  1.472E-02  1.121E-02  1.472E-02  1.286E-02  1.566E-02 
     7   7.837E-05  8.467E-04  8.744E-03  1.111E-02  1.488E-02  1.290E-02  1.577E-02  1.286E-02  1.514E-02  1.286E-02  1.577E-02  1.290E-02 
     6              4.091E-04  6.172E-03  9.305E-03  1.136E-02  1.498E-02  1.290E-02  1.566E-02  1.232E-02  1.566E-02  1.290E-02  1.498E-02 
     5              8.066E-05  7.112E-04  6.817E-03  1.203E-02  1.136E-02  1.488E-02  1.273E-02  1.552E-02  1.273E-02  1.488E-02  1.136E-02 
     4                         9.946E-05  7.406E-04  6.817E-03  9.305E-03  1.111E-02  1.437E-02  1.246E-02  1.437E-02  1.111E-02  9.305E-03 
     3                                    9.946E-05  7.112E-04  6.172E-03  8.744E-03  9.023E-03  1.105E-02  9.023E-03  8.744E-03  6.172E-03 
     2                                               8.066E-05  4.091E-04  8.467E-04  5.563E-03  7.011E-03  5.563E-03  8.467E-04  4.091E-04 
     1                                                                     7.837E-05  3.417E-04  4.579E-04  3.417E-04  7.837E-05            

            13         14         15         16         17
     9   1.552E-02  1.246E-02  1.105E-02  7.011E-03  4.579E-04 
     8   1.273E-02  1.437E-02  9.023E-03  5.563E-03  3.417E-04 
     7   1.488E-02  1.111E-02  8.744E-03  8.467E-04  7.837E-05 
     6   1.136E-02  9.305E-03  6.172E-03  4.091E-04            
     5   1.203E-02  6.817E-03  7.112E-04  8.066E-05            
     4   6.817E-03  7.406E-04  9.946E-05                       
     3   7.112E-04  9.946E-05                                  
     2   8.066E-05                                             
     1                                                         


   HEAT FLUX HOT CHANNEL FACTOR :  2.248

  AVERAGE DOPPLER TEMPERATURE     :   813.0 K (  539.8 C)
  MAX FUEL CENTERLINE TEMPERATURE :  1946.0 K ( 1672.8 C)
  AVERAGE MODERATOR TEMPERATURE   :   576.1 K (  302.9 C)
  MAXIMUM MODERATOR TEMPERATURE   :   603.7 K (  330.5 C)


 Total time :    12.1836767      seconds
