           ###########################################################
           #                     ADPRES 1.2                          #
           #        ABU DHABI POLYTECHNIC REACTOR SIMULATOR          #
           ###########################################################


  =============================INPUT DATA STARTS HERE===========================
     1: ! CALCULATION MODE CARD                                                                             
     2: %MODE                                                                                               
     3: RODEJECT                                                                                            
     4:                                                                                                     
     5: ! CASE CARD                                                                                         
     6: %CASE                                                                                               
     7: NEACRP Problem                                                                                      
     8: 10.803 CM NODE SIZE                                                                                 
     9:                                                                                                     
    10:                                                                                                     
    11: ! XSEC CARD                                                                                         
    12: %XSEC                                                                                               
    13: 2  11    ! Number of groups and number of materials                                                 
    14: !  sigtr        siga        nu*sigf     kappa*sigf  chi sigs_g1 sigs_g2                             
    15: 5.32058E-02  3.73279E-04  0.00000E+00  0.00000E+00  1.0  0.0  2.64554E-02                           
    16: 3.86406E-01  1.77215E-02  0.00000E+00  0.00000E+00  0.0  0.0  0.00000E+00  !COMP 1                  
    17: 2.95609E-01  1.18782E-03  0.00000E+00  0.00000E+00  1.0  0.0  2.31613E-02                           
    18: 2.45931E+00  2.52618E-01  0.00000E+00  0.00000E+00  0.0  0.0  0.00000E+00  !COMP 2                  
    19: 2.95609E-01  1.18782E-03  0.00000E+00  0.00000E+00  1.0  0.0  2.00808E-02                           
    20: 2.45931E+00  2.52618E-01  0.00000E+00  0.00000E+00  0.0  0.0  0.00000E+00  !COMP 3                  
    21: 2.22117E-01  8.71774E-03  4.98277E-03  6.11190E-14  1.0  0.0  1.82498E-02                           
    22: 8.03140E-01  6.52550E-02  8.39026E-02  1.10152E-12  0.0  0.0  0.00000E+00  !COMP 4                  
    23: 2.21914E-01  9.06133E-03  5.57659E-03  6.89181E-14  1.0  0.0  1.80040E-02                           
    24: 7.95538E-01  7.23354E-02  9.98629E-02  1.31106E-12  0.0  0.0  0.00000E+00  !COMP 5                  
    25: 2.21715E-01  9.38496E-03  6.15047E-03  7.64603E-14  1.0  0.0  1.77670E-02                           
    26: 7.89253E-01  7.89203E-02  1.14667E-01  1.50541E-12  0.0  0.0  0.00000E+00  !COMP 6                  
    27: 2.22039E-01  9.31692E-03  5.55010E-03  6.86391E-14  1.0  0.0  1.71381E-02                           
    28: 7.76230E-01  7.96328E-02  9.85576E-02  1.29393E-12  0.0  0.0  0.00000E+00  !COMP 7                  
    29: 2.22083E-01  9.40032E-03  5.54083E-03  6.85391E-14  1.0  0.0  1.68501E-02                           
    30: 7.69969E-01  8.21087E-02  9.80059E-02  1.28669E-12  0.0  0.0  0.00000E+00  !COMP 8                  
    31: 2.22127E-01  9.48286E-03  5.53137E-03  6.84379E-14  1.0  0.0  1.65626E-02                           
    32: 7.63813E-01  8.45912E-02  9.74109E-02  1.27888E-12  0.0  0.0  0.00000E+00  !COMP 9                  
    33: 2.21836E-01  9.63720E-03  6.12382E-03  7.61794E-14  1.0  0.0  1.69043E-02                           
    34: 7.70705E-01  8.61187E-02  1.13241E-01  1.48670E-12  0.0  0.0  0.00000E+00  !COMP 10                 
    35: 2.21878E-01  9.71937E-03  6.11444E-03  7.60778E-14  1.0  0.0  1.66175E-02                           
    36: 7.64704E-01  8.85488E-02  1.12635E-01  1.47876E-12  0.0  0.0  0.00000E+00  !COMP 11                 
    37:                                                                                                     
    38: ! GEOMETRY CARD                                                                                     
    39: %GEOM                                                                                               
    40: 9 9 18               !nx, ny, nz                                                                    
    41: 10.803   8*21.606    !x-direction assembly size in cm                                               
    42:   1         8*2      !x-direction assembly divided 2x2                                              
    43: 8*21.606 10.803      !y-direction assembly size in cm                                               
    44:   8*2       1        !y-direction assembly divided 2x2                                              
    45: 30.  7.7  11.0  15.0  10*30.0  2*12.8  8.0  30.      !z-direction size  in cm (from bottom to top)  
    46: 18*1                 !z-direction assembly divided into 20 cm each                                  
    47: 3                    !np number of planar type                                                      
    48: 1  2  15*3  1        !planar assignment (from bottom to top)                                        
    49: ! Planar_Reg 1                                                                                      
    50:  1  1  1  1  1  1  1  1  2                                                                          
    51:  1  1  1  1  1  1  1  1  2                                                                          
    52:  1  1  1  1  1  1  1  3  2                                                                          
    53:  1  1  1  1  1  1  1  2  0                                                                          
    54:  1  1  1  1  1  1  3  2  0                                                                          
    55:  1  1  1  1  1  3  2  0  0                                                                          
    56:  1  1  1  1  3  2  0  0  0                                                                          
    57:  1  1  3  2  2  0  0  0  0                                                                          
    58:  2  2  2  0  0  0  0  0  0                                                                          
    59: ! Planar_Reg 2                                                                                      
    60:  4  5  4  5  4  5  4  6  2                                                                          
    61:  5  4  5  4  5  4  6  6  2                                                                          
    62:  4  5  4  5  4  5  6  3  2                                                                          
    63:  5  4  5  4  5  6  6  2  0                                                                          
    64:  4  5  4  5  4  6  3  2  0                                                                          
    65:  5  4  5  6  6  3  2  0  0                                                                          
    66:  4  6  6  6  3  2  0  0  0                                                                          
    67:  6  6  3  2  2  0  0  0  0                                                                          
    68:  2  2  2  0  0  0  0  0  0                                                                          
    69: ! Planar_Reg 3                                                                                      
    70:  4  9  4  9  4  7  4  6  2                                                                          
    71:  9  4  8  4  8  4 11  6  2                                                                          
    72:  4  8  4  8  4  8  6  3  2                                                                          
    73:  9  4  8  4  8 10  6  2  0                                                                          
    74:  4  8  4  8  4  6  3  2  0                                                                          
    75:  7  4  8 10  6  3  2  0  0                                                                          
    76:  4 11  6  6  3  2  0  0  0                                                                          
    77:  6  6  3  2  2  0  0  0  0                                                                          
    78:  2  2  2  0  0  0  0  0  0                                                                          
    79: ! Boundary conditions (east), (west), (north), (south), (bottom), (top)                             
    80: 0 2 2 0 0 0                                                                                         
    81:                                                                                                     
    82: ! CONTROL CARD                                                                                      
    83: %CROD                                                                                               
    84: 7    228                     ! Number of CR banks and max number of banks                           
    85: 37.7 1.5942237                ! Zero step pos. (cm) and cm/step (total 228 steps)                   
    86: 0.   0.  0.  228.   0.   0.  0.           ! CR Bank pos.                                            
    87:  1  0  2  0  0  0  3  0  0                                                                          
    88:  0  4  0  0  0  6  0  0  0                                                                          
    89:  2  0  5  0  6  0  6  0  0                                                                          
    90:  0  0  0  4  0  0  0  0  0                                                                          
    91:  0  0  6  0  7  0  0  0  0                                                                          
    92:  0  6  0  0  0  0  0  0  0                                                                          
    93:  3  0  6  0  0  0  0  0  0                                                                          
    94:  0  0  0  0  0  0  0  0  0                                                                          
    95:  0  0  0  0  0  0  0  0  0                                                                          
    96: ! CX changes                                                                                        
    97: !  sigtr        siga        nu*sigf        kappa*sigf      sigs_g1   sigs_g2                        
    98:  3.73220E-03  2.47770E-03  -1.02786E-04  -1.21448E-15  0.0  -3.19253E-03                            
    99: -2.19926E-02  2.55875E-02  -2.82319E-03  -3.70238E-14  0.0   0.00000E+00    !COMP 1                 
   100:  3.73220E-03  2.47770E-03  -1.02786E-04  -1.21448E-15  0.0  -3.19253E-03                            
   101: -2.19926E-02  2.55875E-02  -2.82319E-03  -3.70238E-14  0.0   0.00000E+00    !COMP 2                 
   102:  3.73220E-03  2.47770E-03  -1.02786E-04  -1.21448E-15  0.0  -3.19253E-03                            
   103: -2.19926E-02  2.55875E-02  -2.82319E-03  -3.70238E-14  0.0   0.00000E+00    !COMP 3                 
   104:  3.73220E-03  2.47770E-03  -1.02786E-04  -1.21448E-15  0.0  -3.19253E-03                            
   105: -2.19926E-02  2.55875E-02  -2.82319E-03  -3.70238E-14  0.0   0.00000E+00    !COMP 4                 
   106:  3.73220E-03  2.47770E-03  -1.02786E-04  -1.21448E-15  0.0  -3.19253E-03                            
   107: -2.19926E-02  2.55875E-02  -2.82319E-03  -3.70238E-14  0.0   0.00000E+00    !COMP 5                 
   108:  3.74092E-03  2.42926E-03  -1.22634E-04  -1.47557E-15  0.0  -3.14239E-03                            
   109: -1.67503E-02  2.56478E-02  -3.28086E-03  -4.30444E-14  0.0   0.00000E+00    !COMP 6                 
   110:  3.73220E-03  2.47770E-03  -1.02786E-04  -1.21448E-15  0.0  -3.19253E-03                            
   111: -2.19926E-02  2.55875E-02  -2.82319E-03  -3.70238E-14  0.0   0.00000E+00    !COMP 7                 
   112:  3.73220E-03  2.47770E-03  -1.02786E-04  -1.21448E-15  0.0  -3.19253E-03                            
   113: -2.19926E-02  2.55875E-02  -2.82319E-03  -3.70238E-14  0.0   0.00000E+00    !COMP 8                 
   114:  3.73220E-03  2.47770E-03  -1.02786E-04  -1.21448E-15  0.0  -3.19253E-03                            
   115: -2.19926E-02  2.55875E-02  -2.82319E-03  -3.70238E-14  0.0   0.00000E+00    !COMP 9                 
   116:  3.73220E-03  2.47770E-03  -1.02786E-04  -1.21448E-15  0.0  -3.19253E-03                            
   117: -2.19926E-02  2.55875E-02  -2.82319E-03  -3.70238E-14  0.0   0.00000E+00    !COMP 10                
   118:  3.73220E-03  2.47770E-03  -1.02786E-04  -1.21448E-15  0.0  -3.19253E-03                            
   119: -2.19926E-02  2.55875E-02  -2.82319E-03  -3.70238E-14  0.0   0.00000E+00    !COMP 11                
   120: 1                                                                                                   
   121:                                                                                                     
   122: ! BORON CONCENTRATION                                                                               
   123: %BCON                                                                                               
   124: 560.53  1200.2  ! Boron concentration ref. in ppm                                                   
   125: ! CX change per unit ppm change of Boron concentration                                              
   126: !  sigtr          siga         nu*sigf    kappa*sigf  sigs_g1   sigs_g2                             
   127:  6.11833E-08  1.87731E-07   0.00000E+00   0.00000E+00  0.0   7.91457E-10                            
   128:  5.17535E-06  1.02635E-05   0.00000E+00   0.00000E+00  0.0   0.00000E+00    !COMP 1                 
   129:  0.00000E+00  0.00000E+00   0.00000E+00   0.00000E+00  0.0   0.00000E+00                            
   130:  7.76184E-04  8.44695E-05   0.00000E+00   0.00000E+00  0.0   0.00000E+00    !COMP 2                 
   131:  0.00000E+00  0.00000E+00   0.00000E+00   0.00000E+00  0.0   0.00000E+00                            
   132:  7.76184E-04  8.44695E-05   0.00000E+00   0.00000E+00  0.0   0.00000E+00    !COMP 3                 
   133:  3.47809E-08  1.28505E-07  -1.12099E-09  -1.76188E-20  0.0  -1.08590E-07                            
   134: -9.76510E-06  7.08807E-06  -2.43045E-06  -3.19085E-17  0.0   0.00000E+00    !COMP 4                 
   135:  3.53826E-08  1.26709E-07  -1.67880E-09  -2.49965E-20  0.0  -1.06951E-07                            
   136: -8.50169E-06  6.82311E-06  -2.72445E-06  -3.57680E-17  0.0   0.00000E+00    !COMP 5                 
   137:  3.59838E-08  1.24986E-07  -2.21038E-09  -3.20225E-20  0.0  -1.05374E-07                            
   138: -7.46251E-06  6.59798E-06  -2.95883E-06  -3.88451E-17  0.0   0.00000E+00    !COMP 6                 
   139:  3.37806E-08  1.19869E-07  -1.71323E-09  -2.49965E-20  0.0  -1.00873E-07                            
   140: -6.73744E-06  6.29310E-06  -2.55359E-06  -3.35223E-17  0.0   0.00000E+00    !COMP 7                 
   141:  3.32495E-08  1.17585E-07  -1.72421E-09  -2.54896E-20  0.0  -9.88578E-08                            
   142: -6.19725E-06  6.11904E-06  -2.48880E-06  -3.26704E-17  0.0   0.00000E+00    !COMP 8                 
   143:  3.27201E-08  1.15319E-07  -1.73502E-09  -2.56049E-20  0.0  -9.68489E-08                            
   144: -5.68220E-06  5.94711E-06  -2.42240E-06  -3.17976E-17  0.0   0.00000E+00    !COMP 9                 
   145:  3.43859E-08  1.18186E-07  -2.24335E-09  -3.20225E-20  0.0  -9.93312E-08                            
   146: -5.86898E-06  6.08443E-06  -2.77657E-06  -3.64509E-17  0.0   0.00000E+00    !COMP 10                
   147:  3.38559E-08  1.15917E-07  -2.25369E-09  -3.24873E-20  0.0  -9.73291E-08                            
   148: -5.38345E-06  5.91697E-06  -2.70780E-06  -3.55476E-17  0.0   0.00000E+00    !COMP 11                
   149: 1                                                                                                   
   150:                                                                                                     
   151: ! FUEL TEMPERATURE CARD                                                                             
   152: %FTEM                                                                                               
   153: 891.19  891.45  ! Average Fuel Temperature and fuel temperature Ref. in Kelvin                      
   154: ! CX change per Fuel Temperature Changes                                                            
   155: !  sigtr          siga         nu*sigf     kappa*sigf sigs_g1   sigs_g2                             
   156:  0.00000E+00   0.00000E+00   0.00000E+00   0.00000E+00  0.0   0.00000E+00                           
   157:  0.00000E+00   0.00000E+00   0.00000E+00   0.00000E+00  0.0   0.00000E+00    !COMP 1                
   158:  0.00000E+00   0.00000E+00   0.00000E+00   0.00000E+00  0.0   0.00000E+00                           
   159:  0.00000E+00   0.00000E+00   0.00000E+00   0.00000E+00  0.0   0.00000E+00    !COMP 2                
   160:  0.00000E+00   0.00000E+00   0.00000E+00   0.00000E+00  0.0   0.00000E+00                           
   161:  0.00000E+00   0.00000E+00   0.00000E+00   0.00000E+00  0.0   0.00000E+00    !COMP 3                
   162: -3.09197E-05   3.49709E-05   6.40134E-07   7.15412E-18  0.0  -2.75536E-05                           
   163: -0.000137292  -3.71806E-05  -5.63037E-05  -7.39188E-16  0.0   0.00000E+00    !COMP 4                
   164: -3.08607E-05   3.51798E-05   9.97431E-07   1.18685E-17  0.0  -2.76766E-05                           
   165: -0.000117481  -3.77039E-05  -6.04155E-05  -7.93170E-16  0.0   0.00000E+00    !COMP 5                
   166: -3.09165E-05   3.53841E-05   1.41847E-06   1.74269E-17  0.0  -2.78390E-05                           
   167: -0.000101337  -3.77558E-05  -0.000063096  -8.28363E-16  0.0   0.00000E+00    !COMP 6                
   168: -3.13746E-05   3.48699E-05   9.45431E-07   1.18685E-17  0.0  -2.73550E-05                           
   169: -0.000108271  -3.72748E-05  -5.79662E-05  -7.60849E-16  0.0   0.00000E+00    !COMP 7                
   170: -3.15503E-05   3.47274E-05   9.26078E-07   1.08935E-17  0.0  -2.72381E-05                           
   171: -0.000105521  -3.71808E-05  -5.71108E-05  -7.49575E-16  0.0   0.00000E+00    !COMP 8                
   172: -3.17281E-05   3.46026E-05   9.05802E-07   1.06166E-17  0.0  -2.71169E-05                           
   173: -0.000102525  -3.70201E-05  -5.61543E-05  -7.36969E-16  0.0   0.00000E+00    !COMP 9                
   174: -3.14192E-05   3.50637E-05   1.35642E-06   1.74269E-17  0.0  -2.75049E-05                           
   175: -9.38886E-05  -3.71403E-05  -6.05052E-05  -7.94252E-16  0.0   0.00000E+00    !COMP 10               
   176: -3.15908E-05   3.49119E-05   1.33336E-06   1.62769E-17  0.0  -2.73835E-05                           
   177: -9.17126E-05  -3.69909E-05  -5.96284E-05  -7.82716E-16  0.0   0.00000E+00    !COMP 11               
   178:                                                                                                     
   179: ! MODERATOR TEMPERATURE CARD                                                                        
   180: %MTEM                                                                                               
   181: 559.19  579.75  ! Average Moderator Temperature and Moderator temperature Ref. Kelvin               
   182: ! CX change per Moderator Temperature Changes                                                       
   183: !  sigtr          siga         nu*sigf     kappa*sigf  sigs_g1   sigs_g2                            
   184:  0.00000E+00   0.00000E+00   0.00000E+00   0.00000E+00  0.0  0.00000E+00                            
   185:  0.00000E+00   0.00000E+00   0.00000E+00   0.00000E+00  0.0  0.00000E+00    !COMP 1                 
   186:  0.00000E+00   0.00000E+00   0.00000E+00   0.00000E+00  0.0  0.00000E+00                            
   187:  0.00000E+00   0.00000E+00   0.00000E+00   0.00000E+00  0.0  0.00000E+00    !COMP 2                 
   188:  0.00000E+00   0.00000E+00   0.00000E+00   0.00000E+00  0.0  0.00000E+00                            
   189:  0.00000E+00   0.00000E+00   0.00000E+00   0.00000E+00  0.0  0.00000E+00    !COMP 3                 
   190: -2.03310E-06   2.12191E-07   1.24709E-07   1.43035E-18  0.0  8.09676E-07                            
   191: -1.08674E-04  -3.15597E-05  -4.16439E-05  -5.46722E-16  0.0  0.00000E+00    !COMP 4                 
   192: -1.98080E-06   2.26000E-07   1.35145E-07   1.56896E-18  0.0  8.58474E-07                            
   193: -9.06150E-05  -3.21435E-05  -4.53102E-05  -5.94857E-16  0.0  0.00000E+00    !COMP 5                 
   194: -1.92434E-06   2.39939E-07   1.49084E-07   1.75422E-18  0.0  9.03494E-07                            
   195: -7.62786E-05  -3.23776E-05  -4.78475E-05  -6.28174E-16  0.0  0.00000E+00    !COMP 6                 
   196: -2.69634E-06   2.48530E-07   1.40773E-07   1.56896E-18  0.0  7.01311E-07                            
   197: -7.62435E-05  -3.00119E-05  -4.20202E-05  -5.51669E-16  0.0  0.00000E+00    !COMP 7                 
   198: -3.07905E-06   2.61854E-07   1.43235E-07   1.67897E-18  0.0  6.17380E-07                            
   199: -7.33397E-05  -2.91929E-05  -4.07701E-05  -5.35261E-16  0.0  0.00000E+00    !COMP 8                 
   200: -3.53877E-06   2.74313E-07   1.46019E-07   1.71665E-18  0.0  5.16547E-07                            
   201: -7.13711E-05  -2.83041E-05  -3.94319E-05  -5.17689E-16  0.0  0.00000E+00    !COMP 9                 
   202: -2.63907E-06   2.64289E-07   1.55858E-07   1.75422E-18  0.0  7.44320E-07                            
   203: -6.39554E-05  -3.03509E-05  -4.44431E-05  -5.83483E-16  0.0  0.00000E+00    !COMP 10                
   204: -3.02147E-06   2.79060E-07   1.58814E-07   1.88528E-18  0.0  6.59521E-07                            
   205: -6.16984E-05  -2.95626E-05  -4.31588E-05  -5.66622E-16  0.0  0.00000E+00    !COMP 11                
   206:                                                                                                     
   207: ! COOLANT DENSITY CARD                                                                              
   208: %CDEN                                                                                               
   209: 0.7464  0.7125  ! Average Coolant Density and Coolant Density Ref. in g/cm3                         
   210: ! CX change per Coolant Density Changes                                                             
   211: !  sigtr          siga         nu*sigf  kappa*sigf sigs_g1   sigs_g2                                
   212: 7.45756E-02  2.07688E-04  0.00000E+00  0.00000E+00  0.0  3.71310E-02                                
   213: 5.33634E-01  7.58421E-03  0.00000E+00  0.00000E+00  0.0  0.00000E+00    !COMP 1                     
   214: 0.00000E+00  0.00000E+00  0.00000E+00  0.00000E+00  0.0  0.00000E+00                                
   215: 0.00000E+00  0.00000E+00  0.00000E+00  0.00000E+00  0.0  0.00000E+00    !COMP 2                     
   216: 0.00000E+00  0.00000E+00  0.00000E+00  0.00000E+00  0.0  0.00000E+00                                
   217: 0.00000E+00  0.00000E+00  0.00000E+00  0.00000E+00  0.0  0.00000E+00    !COMP 3                     
   218: 1.35665E-01  1.55185E-03  9.20694E-04  1.02392E-14  0.0  2.93195E-02                                
   219: 9.92628E-01  2.52662E-02  2.47746E-02  3.25255E-13  0.0  0.00000E+00    !COMP 4                     
   220: 1.35748E-01  1.61491E-03  9.64160E-04  1.08141E-14  0.0  2.92696E-02                                
   221: 9.81985E-01  2.86667E-02  3.14993E-02  4.13542E-13  0.0  0.00000E+00    !COMP 5                     
   222: 1.35827E-01  1.68015E-03  1.01410E-03  1.14771E-14  0.0  2.92154E-02                                
   223: 9.72267E-01  3.19571E-02  3.81097E-02  5.00328E-13  0.0  0.00000E+00    !COMP 6                     
   224: 1.31033E-01  1.68397E-03  9.81951E-04  1.08141E-14  0.0  2.82489E-02                                
   225: 9.34697E-01  3.14240E-02  3.51588E-02  4.61715E-13  0.0  0.00000E+00    !COMP 7                     
   226: 1.29379E-01  1.71972E-03  9.88437E-04  1.11322E-14  0.0  2.78895E-02                                
   227: 9.18171E-01  3.24715E-02  3.63251E-02  4.77078E-13  0.0  0.00000E+00    !COMP 8                     
   228: 1.27682E-01  1.74989E-03  9.95175E-04  1.12209E-14  0.0  2.75202E-02                                
   229: 9.01293E-01  3.35945E-02  3.74499E-02  4.91900E-13  0.0  0.00000E+00    !COMP 9                     
   230: 1.31116E-01  1.75528E-03  1.03522E-03  1.14771E-14  0.0  2.81877E-02                                
   231: 9.24925E-01  3.49853E-02  4.20693E-02  5.52387E-13  0.0  0.00000E+00    !COMP 10                    
   232: 1.29463E-01  1.79499E-03  1.04291E-03  1.18534E-14  0.0  2.78259E-02                                
   233: 9.08456E-01  3.61032E-02  4.33215E-02  5.68857E-13  0.0  0.00000E+00    !COMP 11                    
   234:                                                                                                     
   235: ! THERMAL-HYDRAULIC CARD                                                                            
   236: %THER                                                                                               
   237: 0.0001                                 ! Percent power in %                                         
   238: 693.75e6                               ! Reactor thermal power for quarter geometry in Watt         
   239: 559.15  82.12102                       ! Inlet coolant temp. (Kelvin) and Fuel Assembly Mass flow ra
   240: 4.11950E-03  6.8E-05  5.71E-04  1.2655E-2 ! Fuel meat rad., gap thickness, cladding thickness and pi
   241: 264  25                                ! Number of fuel pin and guide tubes                         
   242: 0.019                                  ! FRACTION OF HEAT DEPOSITED IN COOLANT                      
   243: 1                                                                                                   
   244:                                                                                                     
   245: %EJCT                                                                                               
   246: ! Final Bank Pos (steps)     Starts Move (seconds)     Speed (steps/seconds)                        
   247:      228.                     0.0                     2280.0    ! Bank 1                            
   248:      0.                       0.0                     0.0       ! Bank 2                            
   249:      0.                       0.0                     0.0       ! Bank 3                            
   250:      228.                     0.0                     0.0       ! Bank 4                            
   251:      0.                       0.0                     0.0       ! Bank 5                            
   252:      0.                       0.0                     0.0       ! Bank 6                            
   253:      0.                       0.0                     0.0       ! Bank 7                            
   254: 5.0 0.005  1.0  0.05            ! (seconds) total time, 1st time step, when to start 2nd time step, 
   255: 0.0002584 0.00152 0.0013908 0.0030704 0.001102 0.0002584 !beta                                      
   256: 0.0128  0.0318  0.119   0.3181  1.4027  3.9286           !decay constants                           
   257: 2.8E7    4.4E5     ! Neutron velocity                                                               
   258: 1                                                                                                   
   259:                                                                                                     
   260: ! Iteration control card (see manual or output file for description)                                
   261: %ITER                                                                                               
   262: 1200 3 1.e-5 1.e-5 15 20 20 80                                                                      
   263:                                                                                                     
   264: ! Flux Exponential extrapolation card                                                               
   265: %EXTR                                                                                               
  =============================INPUT DATA   ENDS HERE===========================



                              START READING INPUT
  ******************************************************************************
  CALCULATION MODE : ROD EJECTION CALCULATION WITH T-H FEEDBACK                  

  CASE ID : NEACRP Problem                                                                                      
  10.803 CM NODE SIZE                                                                                 


            >>>> READING MACROSCOPIC CROSS SECTIONS <<<<
            --------------------------------------------

     MATERIAL  1
    GROUP   TRANSPORT  DIFFUSION  ABSORPTION  REMOVAL    NU*FISS    KAP*FIS   FISS. SPCTR
       1     0.053206  6.264981   0.000373    0.026829   0.000000   0.000000  1.000000
       2     0.386406  0.862651   0.017722    0.017722   0.000000   0.000000  0.000000
   --SCATTERING MATRIX--
     G/G'          1          2
      1        0.000000    0.026455
      2        0.000000    0.000000

     MATERIAL  2
    GROUP   TRANSPORT  DIFFUSION  ABSORPTION  REMOVAL    NU*FISS    KAP*FIS   FISS. SPCTR
       1     0.295609  1.127616   0.001188    0.024349   0.000000   0.000000  1.000000
       2     2.459310  0.135539   0.252618    0.252618   0.000000   0.000000  0.000000
   --SCATTERING MATRIX--
     G/G'          1          2
      1        0.000000    0.023161
      2        0.000000    0.000000

     MATERIAL  3
    GROUP   TRANSPORT  DIFFUSION  ABSORPTION  REMOVAL    NU*FISS    KAP*FIS   FISS. SPCTR
       1     0.295609  1.127616   0.001188    0.021269   0.000000   0.000000  1.000000
       2     2.459310  0.135539   0.252618    0.252618   0.000000   0.000000  0.000000
   --SCATTERING MATRIX--
     G/G'          1          2
      1        0.000000    0.020081
      2        0.000000    0.000000

     MATERIAL  4
    GROUP   TRANSPORT  DIFFUSION  ABSORPTION  REMOVAL    NU*FISS    KAP*FIS   FISS. SPCTR
       1     0.222117  1.500711   0.008718    0.026968   0.004983   0.000000  1.000000
       2     0.803140  0.415038   0.065255    0.065255   0.083903   0.000000  0.000000
   --SCATTERING MATRIX--
     G/G'          1          2
      1        0.000000    0.018250
      2        0.000000    0.000000

     MATERIAL  5
    GROUP   TRANSPORT  DIFFUSION  ABSORPTION  REMOVAL    NU*FISS    KAP*FIS   FISS. SPCTR
       1     0.221914  1.502083   0.009061    0.027065   0.005577   0.000000  1.000000
       2     0.795538  0.419004   0.072335    0.072335   0.099863   0.000000  0.000000
   --SCATTERING MATRIX--
     G/G'          1          2
      1        0.000000    0.018004
      2        0.000000    0.000000

     MATERIAL  6
    GROUP   TRANSPORT  DIFFUSION  ABSORPTION  REMOVAL    NU*FISS    KAP*FIS   FISS. SPCTR
       1     0.221715  1.503432   0.009385    0.027152   0.006150   0.000000  1.000000
       2     0.789253  0.422340   0.078920    0.078920   0.114667   0.000000  0.000000
   --SCATTERING MATRIX--
     G/G'          1          2
      1        0.000000    0.017767
      2        0.000000    0.000000

     MATERIAL  7
    GROUP   TRANSPORT  DIFFUSION  ABSORPTION  REMOVAL    NU*FISS    KAP*FIS   FISS. SPCTR
       1     0.222039  1.501238   0.009317    0.026455   0.005550   0.000000  1.000000
       2     0.776230  0.429426   0.079633    0.079633   0.098558   0.000000  0.000000
   --SCATTERING MATRIX--
     G/G'          1          2
      1        0.000000    0.017138
      2        0.000000    0.000000

     MATERIAL  8
    GROUP   TRANSPORT  DIFFUSION  ABSORPTION  REMOVAL    NU*FISS    KAP*FIS   FISS. SPCTR
       1     0.222083  1.500940   0.009400    0.026250   0.005541   0.000000  1.000000
       2     0.769969  0.432918   0.082109    0.082109   0.098006   0.000000  0.000000
   --SCATTERING MATRIX--
     G/G'          1          2
      1        0.000000    0.016850
      2        0.000000    0.000000

     MATERIAL  9
    GROUP   TRANSPORT  DIFFUSION  ABSORPTION  REMOVAL    NU*FISS    KAP*FIS   FISS. SPCTR
       1     0.222127  1.500643   0.009483    0.026045   0.005531   0.000000  1.000000
       2     0.763813  0.436407   0.084591    0.084591   0.097411   0.000000  0.000000
   --SCATTERING MATRIX--
     G/G'          1          2
      1        0.000000    0.016563
      2        0.000000    0.000000

     MATERIAL 10
    GROUP   TRANSPORT  DIFFUSION  ABSORPTION  REMOVAL    NU*FISS    KAP*FIS   FISS. SPCTR
       1     0.221836  1.502612   0.009637    0.026542   0.006124   0.000000  1.000000
       2     0.770705  0.432504   0.086119    0.086119   0.113241   0.000000  0.000000
   --SCATTERING MATRIX--
     G/G'          1          2
      1        0.000000    0.016904
      2        0.000000    0.000000

     MATERIAL 11
    GROUP   TRANSPORT  DIFFUSION  ABSORPTION  REMOVAL    NU*FISS    KAP*FIS   FISS. SPCTR
       1     0.221878  1.502327   0.009719    0.026337   0.006114   0.000000  1.000000
       2     0.764704  0.435899   0.088549    0.088549   0.112635   0.000000  0.000000
   --SCATTERING MATRIX--
     G/G'          1          2
      1        0.000000    0.016618
      2        0.000000    0.000000

  ...Macroscopic CX Card is successfully read...


            >>>>>READING CORE GEOMETRY<<<<<
            -------------------------------
  Number of assembly in x, y and z directions respectively :
           9           9          18
  Number of nodes in x, y and z directions respectively :
          17          17          18

  x-directed nodes division (delta-x)
    10.80  10.80  10.80  10.80  10.80  10.80  10.80  10.80  10.80  10.80
    10.80  10.80  10.80  10.80  10.80  10.80  10.80
  y-directed nodes division (delta-y)
    10.80  10.80  10.80  10.80  10.80  10.80  10.80  10.80  10.80  10.80
    10.80  10.80  10.80  10.80  10.80  10.80  10.80

   Material Map for Planar Region :  1
        1  2  3  4  5  6  7  8  9 10 11 12 13 14 15 16 17
    17  1  1  1  1  1  1  1  1  1  1  1  1  1  1  1  2  2 
    16  1  1  1  1  1  1  1  1  1  1  1  1  1  1  1  2  2 
    15  1  1  1  1  1  1  1  1  1  1  1  1  1  1  1  2  2 
    14  1  1  1  1  1  1  1  1  1  1  1  1  1  3  3  2  2 
    13  1  1  1  1  1  1  1  1  1  1  1  1  1  3  3  2  2 
    12  1  1  1  1  1  1  1  1  1  1  1  1  1  2  2       
    11  1  1  1  1  1  1  1  1  1  1  1  1  1  2  2       
    10  1  1  1  1  1  1  1  1  1  1  1  3  3  2  2       
     9  1  1  1  1  1  1  1  1  1  1  1  3  3  2  2       
     8  1  1  1  1  1  1  1  1  1  3  3  2  2             
     7  1  1  1  1  1  1  1  1  1  3  3  2  2             
     6  1  1  1  1  1  1  1  3  3  2  2                   
     5  1  1  1  1  1  1  1  3  3  2  2                   
     4  1  1  1  3  3  2  2  2  2                         
     3  1  1  1  3  3  2  2  2  2                         
     2  2  2  2  2  2                                     
     1  2  2  2  2  2                                     
   Material Map for Planar Region :  2
        1  2  3  4  5  6  7  8  9 10 11 12 13 14 15 16 17
    17  4  5  5  4  4  5  5  4  4  5  5  4  4  6  6  2  2 
    16  5  4  4  5  5  4  4  5  5  4  4  6  6  6  6  2  2 
    15  5  4  4  5  5  4  4  5  5  4  4  6  6  6  6  2  2 
    14  4  5  5  4  4  5  5  4  4  5  5  6  6  3  3  2  2 
    13  4  5  5  4  4  5  5  4  4  5  5  6  6  3  3  2  2 
    12  5  4  4  5  5  4  4  5  5  6  6  6  6  2  2       
    11  5  4  4  5  5  4  4  5  5  6  6  6  6  2  2       
    10  4  5  5  4  4  5  5  4  4  6  6  3  3  2  2       
     9  4  5  5  4  4  5  5  4  4  6  6  3  3  2  2       
     8  5  4  4  5  5  6  6  6  6  3  3  2  2             
     7  5  4  4  5  5  6  6  6  6  3  3  2  2             
     6  4  6  6  6  6  6  6  3  3  2  2                   
     5  4  6  6  6  6  6  6  3  3  2  2                   
     4  6  6  6  3  3  2  2  2  2                         
     3  6  6  6  3  3  2  2  2  2                         
     2  2  2  2  2  2                                     
     1  2  2  2  2  2                                     
   Material Map for Planar Region :  3
        1  2  3  4  5  6  7  8  9 10 11 12 13 14 15 16 17
    17  4  9  9  4  4  9  9  4  4  7  7  4  4  6  6  2  2 
    16  9  4  4  8  8  4  4  8  8  4  4  11 11 6  6  2  2 
    15  9  4  4  8  8  4  4  8  8  4  4  11 11 6  6  2  2 
    14  4  8  8  4  4  8  8  4  4  8  8  6  6  3  3  2  2 
    13  4  8  8  4  4  8  8  4  4  8  8  6  6  3  3  2  2 
    12  9  4  4  8  8  4  4  8  8  10 10 6  6  2  2       
    11  9  4  4  8  8  4  4  8  8  10 10 6  6  2  2       
    10  4  8  8  4  4  8  8  4  4  6  6  3  3  2  2       
     9  4  8  8  4  4  8  8  4  4  6  6  3  3  2  2       
     8  7  4  4  8  8  10 10 6  6  3  3  2  2             
     7  7  4  4  8  8  10 10 6  6  3  3  2  2             
     6  4  11 11 6  6  6  6  3  3  2  2                   
     5  4  11 11 6  6  6  6  3  3  2  2                   
     4  6  6  6  3  3  2  2  2  2                         
     3  6  6  6  3  3  2  2  2  2                         
     2  2  2  2  2  2                                     
     1  2  2  2  2  2                                     

  Planar Region Assignment to planes.
 --------------------------------------
   Plane Number     Planar Region    delta-z
       18 (TOP)            1          30.00
       17                  3           8.00
       16                  3          12.80
       15                  3          12.80
       14                  3          30.00
       13                  3          30.00
       12                  3          30.00
       11                  3          30.00
       10                  3          30.00
        9                  3          30.00
        8                  3          30.00
        7                  3          30.00
        6                  3          30.00
        5                  3          30.00
        4                  3          15.00
        3                  3          11.00
        2                  2           7.70
        1 (BOTTOM)         1          30.00

   Boundary conditions
  X-directed West   : REFLECTIVE
  X-directed East   : ZERO FLUX
  Y-directed North  : REFLECTIVE
  Y-directed South  : ZERO FLUX
  Z-directed Bottom : ZERO FLUX
  Z-directed Top    : ZERO FLUX

  ...Core geometry is successfully read...


            >>>> READING CONTROL RODS INSERTION <<<<
            --------------------------------------------
  NUMBER OF CONTROL ROD BANK  :  7
  MAX. NUMBER OF STEPS        : 228
  FULLY INSERTED POSITION (cm): 37.7 (FROM BOTTOM OF THE CORE)
  STEP SIZE (cm)              :   1.5942
  INITIAL CONTROL ROD BANK POSITION (STEPS) : 
  (0 means fully inserted) 
    Bank  1  Bank  2  Bank  3  Bank  4  Bank  5  Bank  6  Bank  7
      0.0      0.0      0.0    228.0      0.0      0.0      0.0

  CONTROL ROD BANK MAP : 
  1  0  2  0  0  0  3  0  0
  0  4  0  0  0  6  0  0  0
  2  0  5  0  6  0  6  0  0
  0  0  0  4  0  0  0  0  0
  0  0  6  0  7  0  0  0  0
  0  6  0  0  0  0  0  0  0
  3  0  6  0  0  0  0  0  0
  0  0  0  0  0  0  0  0  0
  0  0  0  0  0  0  0  0  0

  MATERIAL CX INCREMENT OR DECREMENT DUE TO CR INSERTION : 
    MATERIAL  1
    GROUP   TRANSPORT  ABSORPTION      NU*FISS      FISSION
       1     0.003732    0.002478    -0.000103    -0.000000
       2    -0.021993    0.025587    -0.002823    -0.000000
   --SCATTERING MATRIX--
     G/G'        1        2
      1      0.000000 -0.003193
      2      0.000000  0.000000
    MATERIAL  2
    GROUP   TRANSPORT  ABSORPTION      NU*FISS      FISSION
       1     0.003732    0.002478    -0.000103    -0.000000
       2    -0.021993    0.025587    -0.002823    -0.000000
   --SCATTERING MATRIX--
     G/G'        1        2
      1      0.000000 -0.003193
      2      0.000000  0.000000
    MATERIAL  3
    GROUP   TRANSPORT  ABSORPTION      NU*FISS      FISSION
       1     0.003732    0.002478    -0.000103    -0.000000
       2    -0.021993    0.025587    -0.002823    -0.000000
   --SCATTERING MATRIX--
     G/G'        1        2
      1      0.000000 -0.003193
      2      0.000000  0.000000
    MATERIAL  4
    GROUP   TRANSPORT  ABSORPTION      NU*FISS      FISSION
       1     0.003732    0.002478    -0.000103    -0.000000
       2    -0.021993    0.025587    -0.002823    -0.000000
   --SCATTERING MATRIX--
     G/G'        1        2
      1      0.000000 -0.003193
      2      0.000000  0.000000
    MATERIAL  5
    GROUP   TRANSPORT  ABSORPTION      NU*FISS      FISSION
       1     0.003732    0.002478    -0.000103    -0.000000
       2    -0.021993    0.025587    -0.002823    -0.000000
   --SCATTERING MATRIX--
     G/G'        1        2
      1      0.000000 -0.003193
      2      0.000000  0.000000
    MATERIAL  6
    GROUP   TRANSPORT  ABSORPTION      NU*FISS      FISSION
       1     0.003741    0.002429    -0.000123    -0.000000
       2    -0.016750    0.025648    -0.003281    -0.000000
   --SCATTERING MATRIX--
     G/G'        1        2
      1      0.000000 -0.003142
      2      0.000000  0.000000
    MATERIAL  7
    GROUP   TRANSPORT  ABSORPTION      NU*FISS      FISSION
       1     0.003732    0.002478    -0.000103    -0.000000
       2    -0.021993    0.025587    -0.002823    -0.000000
   --SCATTERING MATRIX--
     G/G'        1        2
      1      0.000000 -0.003193
      2      0.000000  0.000000
    MATERIAL  8
    GROUP   TRANSPORT  ABSORPTION      NU*FISS      FISSION
       1     0.003732    0.002478    -0.000103    -0.000000
       2    -0.021993    0.025587    -0.002823    -0.000000
   --SCATTERING MATRIX--
     G/G'        1        2
      1      0.000000 -0.003193
      2      0.000000  0.000000
    MATERIAL  9
    GROUP   TRANSPORT  ABSORPTION      NU*FISS      FISSION
       1     0.003732    0.002478    -0.000103    -0.000000
       2    -0.021993    0.025587    -0.002823    -0.000000
   --SCATTERING MATRIX--
     G/G'        1        2
      1      0.000000 -0.003193
      2      0.000000  0.000000
    MATERIAL 10
    GROUP   TRANSPORT  ABSORPTION      NU*FISS      FISSION
       1     0.003732    0.002478    -0.000103    -0.000000
       2    -0.021993    0.025587    -0.002823    -0.000000
   --SCATTERING MATRIX--
     G/G'        1        2
      1      0.000000 -0.003193
      2      0.000000  0.000000
    MATERIAL 11
    GROUP   TRANSPORT  ABSORPTION      NU*FISS      FISSION
       1     0.003732    0.002478    -0.000103    -0.000000
       2    -0.021993    0.025587    -0.002823    -0.000000
   --SCATTERING MATRIX--
     G/G'        1        2
      1      0.000000 -0.003193
      2      0.000000  0.000000

  ...Control Rods Insertion card is successfully read...


            >>>>     READING ROD EJECTION DATA      <<<<
            --------------------------------------------
                           Bank  1  Bank  2  Bank  3  Bank  4  Bank  5  Bank  6  Bank  7
  FINAL BANK POS. (STEP)    228.0      0.0      0.0    228.0      0.0      0.0      0.0
  STARTS MOVE (SECOND)        0.0      0.0      0.0      0.0      0.0      0.0      0.0
  SPEED (STEP/SECOND)      2280.0      0.0      0.0      0.0      0.0      0.0      0.0

  TIME PARAMETERS IN SECONDS : 
    TOTAL SIMULATION TIME         :   5.00
    FIRST TIME STEP               : 0.0050
    SECOND TIME STEP              : 0.0500
    WHEN SECOND TIME STEP APPLY?  :   1.00

  DELAYED NEUTRON FRACTION : 
    0.00026    0.00152    0.00139    0.00307    0.00110    0.00026

  PRECUSOR DECAY CONSTANT (1/s): 
    0.01280    0.03180    0.11900    0.31810    1.40270    3.92860

  NEUTRON VELOCITY (cm/s) : 
    2.80000E+07    4.40000E+05

  ...Rod Ejection Card is successfully read...


            >>>>>READING ITERATION CONTROL<<<<<
            ------------------------------------
  MAXIMUM NUMBER OF OUTER ITERATION                     :  1200
  MAXIMUM NUMBER OF INNER ITERATION                     :     3
  FISSION SOURCE ERROR CRITERIA                     :    1.000E-05
  FLUX ERROR CRITERIA                               :    1.000E-05
  OUTER ITERATION FISSION SOURCE EXTRAPOLATION INTERVAL :    15
  NODAL UPDATE INTERVAL                                 :    20
  MAX. NUMBER OF T-H ITERATION                          :    20
  MAX. NUMBER OF OUTER ITERATION PER T-H ITERATION      :    80


            >>>>   READING THERMAL-HYDRAULIC DATA   <<<<
            --------------------------------------------
  REACTOR PERCENT POWER (%)                :      0.00010
  REACTOR POWER (Watt)                     :   6.9375E+08
  COOLANT INLET TEMPERATURE (Kelvin)       :   5.5915E+02
  FUEL ASSEMBLY MASS FLOW RATE (Kg/s)      :   8.2121E+01
  FUEL MEAT RADIUS (m)                     :   4.1195E-03
  GAP THICKNESS (m)                        :   6.8000E-05
  CLAD THICKNESS (m)                       :   5.7100E-04
  PIN PITCH(m)                             :   1.2655E-02
  FRACTION OF HEAT DEPOSITED IN COOL.      :   1.9000E-02

  ...Thermal-hydraulic Card is successfully read...


            >>>>>READING FLUX TRANSFORMATION<<<<<
            -------------------------------------
  EXPONENTIAL FLUX TRANSFORMATION IS ACTIVE


            >>>>       READING BORON CONCENTRATION        <<<<
            --------------------------------------------------
  BORON CONCENTRATION SET       :  560.53
  BORON CONCENTRATION REFERENCE : 1200.20

  MATERIAL CX CHANGES PER PPM BORON CHANGES : 
    MATERIAL  1
     GROUP   TRANSPORT   ABSORPTION   NU*FISS       FISSION
       1     0.000000    0.000000   0.00000E+00   0.00000E+00
       2     0.000005    0.000010   0.00000E+00   0.00000E+00
   --SCATTERING MATRIX--
     G/G'          1          2
      1      0.00000E+00  0.79146E-09
      2      0.00000E+00  0.00000E+00
    MATERIAL  2
     GROUP   TRANSPORT   ABSORPTION   NU*FISS       FISSION
       1     0.000000    0.000000   0.00000E+00   0.00000E+00
       2     0.000776    0.000084   0.00000E+00   0.00000E+00
   --SCATTERING MATRIX--
     G/G'          1          2
      1      0.00000E+00  0.00000E+00
      2      0.00000E+00  0.00000E+00
    MATERIAL  3
     GROUP   TRANSPORT   ABSORPTION   NU*FISS       FISSION
       1     0.000000    0.000000   0.00000E+00   0.00000E+00
       2     0.000776    0.000084   0.00000E+00   0.00000E+00
   --SCATTERING MATRIX--
     G/G'          1          2
      1      0.00000E+00  0.00000E+00
      2      0.00000E+00  0.00000E+00
    MATERIAL  4
     GROUP   TRANSPORT   ABSORPTION   NU*FISS       FISSION
       1     0.000000    0.000000  -0.11210E-08  -0.17619E-19
       2    -0.000010    0.000007  -0.24305E-05  -0.31909E-16
   --SCATTERING MATRIX--
     G/G'          1          2
      1      0.00000E+00 -0.10859E-06
      2      0.00000E+00  0.00000E+00
    MATERIAL  5
     GROUP   TRANSPORT   ABSORPTION   NU*FISS       FISSION
       1     0.000000    0.000000  -0.16788E-08  -0.24996E-19
       2    -0.000009    0.000007  -0.27244E-05  -0.35768E-16
   --SCATTERING MATRIX--
     G/G'          1          2
      1      0.00000E+00 -0.10695E-06
      2      0.00000E+00  0.00000E+00
    MATERIAL  6
     GROUP   TRANSPORT   ABSORPTION   NU*FISS       FISSION
       1     0.000000    0.000000  -0.22104E-08  -0.32023E-19
       2    -0.000007    0.000007  -0.29588E-05  -0.38845E-16
   --SCATTERING MATRIX--
     G/G'          1          2
      1      0.00000E+00 -0.10537E-06
      2      0.00000E+00  0.00000E+00
    MATERIAL  7
     GROUP   TRANSPORT   ABSORPTION   NU*FISS       FISSION
       1     0.000000    0.000000  -0.17132E-08  -0.24996E-19
       2    -0.000007    0.000006  -0.25536E-05  -0.33522E-16
   --SCATTERING MATRIX--
     G/G'          1          2
      1      0.00000E+00 -0.10087E-06
      2      0.00000E+00  0.00000E+00
    MATERIAL  8
     GROUP   TRANSPORT   ABSORPTION   NU*FISS       FISSION
       1     0.000000    0.000000  -0.17242E-08  -0.25490E-19
       2    -0.000006    0.000006  -0.24888E-05  -0.32670E-16
   --SCATTERING MATRIX--
     G/G'          1          2
      1      0.00000E+00 -0.98858E-07
      2      0.00000E+00  0.00000E+00
    MATERIAL  9
     GROUP   TRANSPORT   ABSORPTION   NU*FISS       FISSION
       1     0.000000    0.000000  -0.17350E-08  -0.25605E-19
       2    -0.000006    0.000006  -0.24224E-05  -0.31798E-16
   --SCATTERING MATRIX--
     G/G'          1          2
      1      0.00000E+00 -0.96849E-07
      2      0.00000E+00  0.00000E+00
    MATERIAL 10
     GROUP   TRANSPORT   ABSORPTION   NU*FISS       FISSION
       1     0.000000    0.000000  -0.22434E-08  -0.32023E-19
       2    -0.000006    0.000006  -0.27766E-05  -0.36451E-16
   --SCATTERING MATRIX--
     G/G'          1          2
      1      0.00000E+00 -0.99331E-07
      2      0.00000E+00  0.00000E+00
    MATERIAL 11
     GROUP   TRANSPORT   ABSORPTION   NU*FISS       FISSION
       1     0.000000    0.000000  -0.22537E-08  -0.32487E-19
       2    -0.000005    0.000006  -0.27078E-05  -0.35548E-16
   --SCATTERING MATRIX--
     G/G'          1          2
      1      0.00000E+00 -0.97329E-07
      2      0.00000E+00  0.00000E+00

  ...Boron Concentration card is successfully read...


            >>>>      READING FUEL TEMPERATURE      <<<<
            --------------------------------------------

  ...Fuel Temperature is card successfully read...


            >>>>   READING MODERATOR TEMPERATURE    <<<<
            --------------------------------------------

  ...Moderator Temperature Card is successfully read...


            >>>>       READING COOLANT DENSITY      <<<<
            --------------------------------------------

  ...Coolant Density Card is successfully read...


  ************************  STOP READING INPUT  ********************************

  TRANSIENT RESULTS :

  Step  Time(s)  React.($)   Rel. Power   Avg. Tm   Max. Tm   Avg. Tf   Max. Tf
 --------------------------------------------------------------------------------
   0     0.000   -0.0000     1.0000E-06    286.00    286.00    286.00    286.00
   1     0.005    0.0022     1.0016E-06    286.00    286.00    286.00    286.00
   2     0.010    0.0103     1.0081E-06    286.00    286.00    286.00    286.00
   3     0.015    0.0295     1.0241E-06    286.00    286.00    286.00    286.00
   4     0.020    0.0584     1.0496E-06    286.00    286.00    286.00    286.00
   5     0.025    0.1132     1.0979E-06    286.00    286.00    286.00    286.00
   6     0.030    0.1795     1.1662E-06    286.00    286.00    286.00    286.00
   7     0.035    0.2659     1.2665E-06    286.00    286.00    286.00    286.00
   8     0.040    0.3876     1.4278E-06    286.00    286.00    286.00    286.00
   9     0.045    0.4723     1.6138E-06    286.00    286.00    286.00    286.00
  10     0.050    0.5919     1.8887E-06    286.00    286.00    286.00    286.00
  11     0.055    0.6831     2.2374E-06    286.00    286.00    286.00    286.00
  12     0.060    0.7695     2.6940E-06    286.00    286.00    286.00    286.00
  13     0.065    0.8648     3.3560E-06    286.00    286.00    286.00    286.00
  14     0.070    0.9077     4.1353E-06    286.00    286.00    286.00    286.00
  15     0.075    0.9668     5.1887E-06    286.00    286.00    286.00    286.00
  16     0.080    1.0033     6.5250E-06    286.00    286.00    286.00    286.00
  17     0.085    1.0323     8.2105E-06    286.00    286.00    286.00    286.00
  18     0.090    1.0582     1.0379E-05    286.00    286.00    286.00    286.00
  19     0.095    1.0680     1.2970E-05    286.00    286.00    286.00    286.00
  20     0.100    1.0718     1.5964E-05    286.00    286.00    286.00    286.00
  21     0.105    1.0729     1.9385E-05    286.00    286.00    286.00    286.00
  22     0.110    1.0737     2.3293E-05    286.00    286.00    286.00    286.00
  23     0.115    1.0744     2.7796E-05    286.00    286.00    286.00    286.00
  24     0.120    1.0749     3.2956E-05    286.00    286.00    286.00    286.00
  25     0.125    1.0753     3.8841E-05    286.00    286.00    286.00    286.00
  26     0.130    1.0756     4.5624E-05    286.00    286.00    286.00    286.00
  27     0.135    1.0758     5.3424E-05    286.00    286.00    286.00    286.00
  28     0.140    1.0761     6.2305E-05    286.00    286.00    286.00    286.00
  29     0.145    1.0763     7.2556E-05    286.00    286.00    286.00    286.00
  30     0.150    1.0764     8.4240E-05    286.00    286.00    286.00    286.00
  31     0.155    1.0766     9.7668E-05    286.00    286.00    286.00    286.00
  32     0.160    1.0767     1.1319E-04    286.00    286.00    286.00    286.00
  33     0.165    1.0768     1.3095E-04    286.00    286.00    286.00    286.00
  34     0.170    1.0769     1.5143E-04    286.00    286.00    286.00    286.00
  35     0.175    1.0769     1.7499E-04    286.00    286.00    286.00    286.00
  36     0.180    1.0770     2.0208E-04    286.00    286.00    286.00    286.01
  37     0.185    1.0771     2.3329E-04    286.00    286.00    286.00    286.01
  38     0.190    1.0771     2.6910E-04    286.00    286.00    286.00    286.01
  39     0.195    1.0772     3.0999E-04    286.00    286.00    286.00    286.01
  40     0.200    1.0772     3.5701E-04    286.00    286.00    286.00    286.01
  41     0.205    1.0772     4.1093E-04    286.00    286.00    286.00    286.01
  42     0.210    1.0773     4.7299E-04    286.00    286.00    286.00    286.01
  43     0.215    1.0773     5.4486E-04    286.00    286.00    286.00    286.01
  44     0.220    1.0773     6.2744E-04    286.00    286.00    286.00    286.02
  45     0.225    1.0773     7.2164E-04    286.00    286.00    286.00    286.02
  46     0.230    1.0773     8.3080E-04    286.00    286.00    286.00    286.02
  47     0.235    1.0773     9.5656E-04    286.00    286.00    286.00    286.02
  48     0.240    1.0773     1.0997E-03    286.00    286.00    286.00    286.03
  49     0.245    1.0773     1.2649E-03    286.00    286.00    286.01    286.03
  50     0.250    1.0773     1.4556E-03    286.00    286.00    286.01    286.04
  51     0.255    1.0773     1.6736E-03    286.00    286.00    286.01    286.04
  52     0.260    1.0773     1.9262E-03    286.00    286.00    286.01    286.05
  53     0.265    1.0773     2.2165E-03    286.00    286.00    286.01    286.06
  54     0.270    1.0773     2.5502E-03    286.00    286.00    286.01    286.06
  55     0.275    1.0773     2.9338E-03    286.00    286.00    286.01    286.07
  56     0.280    1.0773     3.3752E-03    286.00    286.00    286.01    286.08
  57     0.285    1.0773     3.8788E-03    286.00    286.00    286.02    286.10
  58     0.290    1.0773     4.4582E-03    286.00    286.00    286.02    286.11
  59     0.295    1.0772     5.1296E-03    286.00    286.00    286.02    286.13
  60     0.300    1.0772     5.8992E-03    286.00    286.00    286.02    286.15
  61     0.305    1.0771     6.7874E-03    286.00    286.00    286.03    286.17
  62     0.310    1.0771     7.7965E-03    286.00    286.00    286.03    286.20
  63     0.315    1.0770     8.9657E-03    286.00    286.00    286.03    286.23
  64     0.320    1.0770     1.0309E-02    286.00    286.00    286.04    286.26
  65     0.325    1.0770     1.1843E-02    286.00    286.00    286.05    286.30
  66     0.330    1.0769     1.3603E-02    286.00    286.00    286.05    286.34
  67     0.335    1.0768     1.5633E-02    286.00    286.01    286.06    286.39
  68     0.340    1.0767     1.7954E-02    286.00    286.01    286.07    286.45
  69     0.345    1.0766     2.0606E-02    286.00    286.01    286.08    286.52
  70     0.350    1.0764     2.3680E-02    286.00    286.01    286.09    286.60
  71     0.355    1.0763     2.7206E-02    286.00    286.01    286.11    286.69
  72     0.360    1.0762     3.1216E-02    286.00    286.01    286.12    286.79
  73     0.365    1.0759     3.5851E-02    286.00    286.01    286.14    286.91
  74     0.370    1.0758     4.1098E-02    286.00    286.01    286.16    287.04
  75     0.375    1.0755     4.7160E-02    286.00    286.02    286.18    287.19
  76     0.380    1.0752     5.4089E-02    286.00    286.02    286.21    287.37
  77     0.385    1.0748     6.2020E-02    286.00    286.02    286.24    287.57
  78     0.390    1.0745     7.1022E-02    286.00    286.02    286.28    287.81
  79     0.395    1.0741     8.1339E-02    286.01    286.03    286.32    288.07
  80     0.400    1.0736     9.3007E-02    286.01    286.03    286.37    288.38
  81     0.405    1.0730     1.0626E-01    286.01    286.04    286.42    288.72
  82     0.410    1.0723     1.2136E-01    286.01    286.04    286.48    289.12
  83     0.415    1.0716     1.3851E-01    286.01    286.05    286.55    289.57
  84     0.420    1.0707     1.5775E-01    286.01    286.06    286.63    290.09
  85     0.425    1.0697     1.7962E-01    286.01    286.06    286.72    290.68
  86     0.430    1.0687     2.0397E-01    286.01    286.07    286.82    291.34
  87     0.435    1.0674     2.3121E-01    286.02    286.08    286.94    292.10
  88     0.440    1.0660     2.6191E-01    286.02    286.10    287.07    292.95
  89     0.445    1.0644     2.9577E-01    286.02    286.11    287.22    293.91
  90     0.450    1.0626     3.3350E-01    286.02    286.13    287.38    295.00
  91     0.455    1.0605     3.7457E-01    286.03    286.14    287.57    296.22
  92     0.460    1.0582     4.1995E-01    286.03    286.16    287.78    297.58
  93     0.465    1.0557     4.6868E-01    286.03    286.19    288.01    299.11
  94     0.470    1.0528     5.2166E-01    286.04    286.21    288.27    300.80
  95     0.475    1.0496     5.7826E-01    286.04    286.24    288.56    302.67
  96     0.480    1.0461     6.3801E-01    286.05    286.27    288.87    304.74
  97     0.485    1.0422     6.9976E-01    286.06    286.31    289.22    307.00
  98     0.490    1.0379     7.6377E-01    286.06    286.35    289.59    309.46
  99     0.495    1.0333     8.2873E-01    286.07    286.39    290.00    312.13
 100     0.500    1.0283     8.9352E-01    286.08    286.44    290.43    315.00
 101     0.505    1.0229     9.5663E-01    286.09    286.49    290.89    318.07
 102     0.510    1.0171     1.0167E+00    286.10    286.54    291.38    321.33
 103     0.515    1.0110     1.0718E+00    286.11    286.60    291.90    324.75
 104     0.520    1.0045     1.1217E+00    286.12    286.67    292.43    328.32
 105     0.525    0.9978     1.1635E+00    286.14    286.74    292.97    332.02
 106     0.530    0.9908     1.1971E+00    286.15    286.82    293.53    335.82
 107     0.535    0.9835     1.2214E+00    286.17    286.90    294.10    339.68
 108     0.540    0.9762     1.2356E+00    286.18    286.98    294.66    343.58
 109     0.545    0.9688     1.2400E+00    286.20    287.07    295.22    347.48
 110     0.550    0.9612     1.2368E+00    286.22    287.17    295.77    351.36
 111     0.555    0.9538     1.2243E+00    286.24    287.26    296.31    355.19
 112     0.560    0.9463     1.2035E+00    286.26    287.37    296.84    358.94
 113     0.565    0.9389     1.1757E+00    286.28    287.48    297.34    362.60
 114     0.570    0.9317     1.1422E+00    286.30    287.59    297.82    366.15
 115     0.575    0.9246     1.1035E+00    286.32    287.70    298.27    369.56
 116     0.580    0.9176     1.0618E+00    286.34    287.82    298.70    372.84
 117     0.585    0.9108     1.0180E+00    286.36    287.94    299.11    375.98
 118     0.590    0.9042     9.7405E-01    286.39    288.06    299.49    378.98
 119     0.595    0.8978     9.2980E-01    286.41    288.19    299.84    381.83
 120     0.600    0.8916     8.8685E-01    286.44    288.32    300.17    384.55
 121     0.605    0.8856     8.4482E-01    286.46    288.45    300.48    387.13
 122     0.610    0.8797     8.0520E-01    286.49    288.59    300.77    389.59
 123     0.615    0.8739     7.6793E-01    286.51    288.73    301.04    391.93
 124     0.620    0.8683     7.3312E-01    286.54    288.86    301.29    394.15
 125     0.625    0.8629     7.0061E-01    286.57    289.01    301.53    396.28
 126     0.630    0.8575     6.7060E-01    286.59    289.15    301.75    398.31
 127     0.635    0.8523     6.4308E-01    286.62    289.30    301.96    400.26
 128     0.640    0.8471     6.1800E-01    286.65    289.45    302.16    402.13
 129     0.645    0.8421     5.9508E-01    286.68    289.60    302.34    403.92
 130     0.650    0.8372     5.7409E-01    286.70    289.75    302.52    405.65
 131     0.655    0.8323     5.5495E-01    286.73    289.91    302.69    407.32
 132     0.660    0.8275     5.3745E-01    286.76    290.06    302.85    408.93
 133     0.665    0.8228     5.2147E-01    286.79    290.21    303.01    410.50
 134     0.670    0.8181     5.0667E-01    286.82    290.36    303.16    412.01
 135     0.675    0.8135     4.9331E-01    286.85    290.51    303.30    413.49
 136     0.680    0.8090     4.8084E-01    286.88    290.66    303.44    414.92
 137     0.685    0.8045     4.6951E-01    286.90    290.81    303.57    416.33
 138     0.690    0.8001     4.5890E-01    286.93    290.96    303.70    417.69
 139     0.695    0.7956     4.4912E-01    286.96    291.11    303.83    419.03
 140     0.700    0.7913     4.3999E-01    286.99    291.26    303.95    420.34
 141     0.705    0.7870     4.3145E-01    287.02    291.41    304.07    421.62
 142     0.710    0.7828     4.2345E-01    287.05    291.56    304.18    422.87
 143     0.715    0.7786     4.1586E-01    287.08    291.71    304.30    424.11
 144     0.720    0.7745     4.0874E-01    287.10    291.86    304.41    425.32
 145     0.725    0.7703     4.0198E-01    287.13    292.01    304.52    426.50
 146     0.730    0.7662     3.9555E-01    287.16    292.16    304.62    427.67
 147     0.735    0.7623     3.8946E-01    287.19    292.31    304.73    428.82
 148     0.740    0.7583     3.8367E-01    287.22    292.46    304.83    429.95
 149     0.745    0.7544     3.7816E-01    287.24    292.61    304.93    431.06
 150     0.750    0.7506     3.7286E-01    287.27    292.75    305.03    432.16
 151     0.755    0.7468     3.6776E-01    287.30    292.90    305.12    433.24
 152     0.760    0.7430     3.6292E-01    287.33    293.04    305.22    434.31
 153     0.765    0.7393     3.5825E-01    287.35    293.18    305.31    435.36
 154     0.770    0.7357     3.5383E-01    287.38    293.32    305.40    436.39
 155     0.775    0.7320     3.4951E-01    287.41    293.47    305.49    437.41
 156     0.780    0.7285     3.4538E-01    287.43    293.60    305.58    438.42
 157     0.785    0.7250     3.4138E-01    287.46    293.74    305.67    439.42
 158     0.790    0.7215     3.3754E-01    287.49    293.88    305.75    440.41
 159     0.795    0.7181     3.3386E-01    287.51    294.01    305.84    441.38
 160     0.800    0.7147     3.3030E-01    287.54    294.16    305.92    442.34
 161     0.805    0.7114     3.2688E-01    287.56    294.31    306.00    443.29
 162     0.810    0.7081     3.2354E-01    287.59    294.46    306.08    444.23
 163     0.815    0.7049     3.2033E-01    287.61    294.60    306.16    445.16
 164     0.820    0.7017     3.1725E-01    287.64    294.75    306.24    446.08
 165     0.825    0.6986     3.1429E-01    287.66    294.89    306.32    447.00
 166     0.830    0.6955     3.1139E-01    287.69    295.04    306.40    447.90
 167     0.835    0.6925     3.0861E-01    287.71    295.18    306.47    448.79
 168     0.840    0.6895     3.0591E-01    287.73    295.32    306.55    449.68
 169     0.845    0.6866     3.0332E-01    287.76    295.46    306.63    450.55
 170     0.850    0.6837     3.0080E-01    287.78    295.60    306.70    451.42
 171     0.855    0.6809     2.9836E-01    287.80    295.73    306.77    452.28
 172     0.860    0.6781     2.9599E-01    287.83    295.87    306.84    453.14
 173     0.865    0.6754     2.9370E-01    287.85    296.00    306.92    453.98
 174     0.870    0.6727     2.9150E-01    287.87    296.13    306.99    454.82
 175     0.875    0.6701     2.8936E-01    287.89    296.26    307.06    455.65
 176     0.880    0.6675     2.8729E-01    287.91    296.39    307.13    456.48
 177     0.885    0.6649     2.8528E-01    287.94    296.52    307.20    457.30
 178     0.890    0.6624     2.8332E-01    287.96    296.64    307.26    458.11
 179     0.895    0.6600     2.8143E-01    287.98    296.77    307.33    458.92
 180     0.900    0.6576     2.7959E-01    288.00    296.89    307.40    459.72
 181     0.905    0.6552     2.7782E-01    288.02    297.01    307.46    460.51
 182     0.910    0.6529     2.7610E-01    288.04    297.13    307.53    461.30
 183     0.915    0.6506     2.7443E-01    288.06    297.24    307.60    462.08
 184     0.920    0.6484     2.7281E-01    288.08    297.36    307.66    462.86
 185     0.925    0.6462     2.7125E-01    288.10    297.47    307.73    463.63
 186     0.930    0.6441     2.6974E-01    288.12    297.58    307.79    464.40
 187     0.935    0.6419     2.6826E-01    288.14    297.69    307.85    465.17
 188     0.940    0.6399     2.6683E-01    288.16    297.79    307.92    465.92
 189     0.945    0.6378     2.6545E-01    288.17    297.90    307.98    466.68
 190     0.950    0.6359     2.6409E-01    288.19    298.02    308.04    467.43
 191     0.955    0.6339     2.6278E-01    288.21    298.15    308.10    468.17
 192     0.960    0.6320     2.6151E-01    288.23    298.27    308.16    468.91
 193     0.965    0.6301     2.6028E-01    288.24    298.39    308.22    469.65
 194     0.970    0.6283     2.5909E-01    288.26    298.51    308.28    470.38
 195     0.975    0.6265     2.5791E-01    288.28    298.62    308.34    471.11
 196     0.980    0.6247     2.5678E-01    288.29    298.74    308.40    471.83
 197     0.985    0.6230     2.5568E-01    288.31    298.85    308.46    472.55
 198     0.990    0.6213     2.5462E-01    288.33    298.96    308.52    473.26
 199     0.995    0.6196     2.5358E-01    288.34    299.07    308.58    473.98
 200     1.000    0.6180     2.5257E-01    288.36    299.18    308.64    474.69
 201     1.050    0.6168     2.5193E-01    288.49    300.04    309.23    481.67
 202     1.100    0.6034     2.4551E-01    288.59    300.70    309.78    488.37
 203     1.150    0.5920     2.3975E-01    288.68    301.42    310.31    494.80
 204     1.200    0.5822     2.3509E-01    288.76    301.99    310.81    500.99
 205     1.250    0.5735     2.3121E-01    288.82    302.46    311.29    506.95
 206     1.300    0.5656     2.2801E-01    288.87    302.93    311.74    512.71
 207     1.350    0.5584     2.2523E-01    288.92    303.30    312.18    518.26
 208     1.400    0.5518     2.2286E-01    288.95    303.59    312.60    523.63
 209     1.450    0.5455     2.2074E-01    288.99    303.83    313.00    528.81
 210     1.500    0.5396     2.1883E-01    289.02    304.04    313.39    533.82
 211     1.550    0.5339     2.1710E-01    289.05    304.23    313.76    538.66
 212     1.600    0.5283     2.1551E-01    289.07    304.39    314.12    543.35
 213     1.650    0.5230     2.1408E-01    289.10    304.54    314.47    547.88
 214     1.700    0.5179     2.1276E-01    289.12    304.67    314.80    552.26
 215     1.750    0.5129     2.1146E-01    289.15    304.79    315.13    556.50
 216     1.800    0.5080     2.1028E-01    289.17    304.90    315.44    560.60
 217     1.850    0.5033     2.0920E-01    289.19    305.01    315.74    564.57
 218     1.900    0.4988     2.0834E-01    289.21    305.12    316.03    568.41
 219     1.950    0.4941     2.0734E-01    289.24    305.22    316.31    572.14
 220     2.000    0.4899     2.0649E-01    289.26    305.32    316.59    575.74
 221     2.050    0.4855     2.0562E-01    289.28    305.42    316.85    579.24
 222     2.100    0.4815     2.0487E-01    289.30    305.52    317.11    582.63
 223     2.150    0.4774     2.0412E-01    289.32    305.62    317.36    585.91
 224     2.200    0.4736     2.0347E-01    289.33    305.71    317.60    589.10
 225     2.250    0.4698     2.0287E-01    289.35    305.80    317.84    592.19
 226     2.300    0.4661     2.0227E-01    289.37    305.89    318.06    595.20
 227     2.350    0.4623     2.0167E-01    289.39    305.98    318.29    598.11
 228     2.400    0.4589     2.0117E-01    289.41    306.07    318.50    600.95
 229     2.450    0.4555     2.0072E-01    289.42    306.15    318.71    603.70
 230     2.500    0.4521     2.0028E-01    289.44    306.24    318.91    606.38
 231     2.550    0.4488     1.9987E-01    289.46    306.32    319.11    608.98
 232     2.600    0.4456     1.9948E-01    289.47    306.40    319.30    611.51
 233     2.650    0.4425     1.9912E-01    289.49    306.48    319.49    613.98
 234     2.700    0.4395     1.9880E-01    289.51    306.55    319.67    616.38
 235     2.750    0.4365     1.9849E-01    289.52    306.63    319.85    618.72
 236     2.800    0.4336     1.9821E-01    289.54    306.70    320.03    621.00
 237     2.850    0.4307     1.9796E-01    289.55    306.77    320.20    623.22
 238     2.900    0.4279     1.9772E-01    289.56    306.84    320.36    625.39
 239     2.950    0.4251     1.9754E-01    289.58    306.91    320.52    627.50
 240     3.000    0.4226     1.9738E-01    289.59    306.98    320.68    629.56
 241     3.050    0.4198     1.9719E-01    289.60    307.05    320.83    631.58
 242     3.100    0.4174     1.9705E-01    289.62    307.12    320.98    633.54
 243     3.150    0.4149     1.9693E-01    289.63    307.18    321.13    635.47
 244     3.200    0.4124     1.9680E-01    289.64    307.25    321.28    637.34
 245     3.250    0.4100     1.9669E-01    289.66    307.31    321.42    639.18
 246     3.300    0.4076     1.9659E-01    289.67    307.37    321.55    640.98
 247     3.350    0.4053     1.9650E-01    289.68    307.43    321.69    642.74
 248     3.400    0.4030     1.9642E-01    289.69    307.49    321.82    644.46
 249     3.450    0.4008     1.9635E-01    289.70    307.55    321.95    646.14
 250     3.500    0.3986     1.9630E-01    289.72    307.61    322.08    647.79
 251     3.550    0.3964     1.9626E-01    289.73    307.66    322.20    649.40
 252     3.600    0.3942     1.9625E-01    289.74    307.72    322.32    650.98
 253     3.650    0.3922     1.9621E-01    289.75    307.77    322.44    652.53
 254     3.700    0.3901     1.9621E-01    289.76    307.83    322.56    654.05
 255     3.750    0.3881     1.9618E-01    289.77    307.88    322.68    655.54
 256     3.800    0.3861     1.9619E-01    289.78    307.93    322.79    657.00
 257     3.850    0.3842     1.9620E-01    289.79    307.99    322.90    658.44
 258     3.900    0.3822     1.9621E-01    289.80    308.04    323.01    659.84
 259     3.950    0.3803     1.9623E-01    289.81    308.09    323.12    661.23
 260     4.000    0.3785     1.9625E-01    289.82    308.14    323.22    662.58
 261     4.050    0.3767     1.9628E-01    289.83    308.19    323.33    663.91
 262     4.100    0.3749     1.9632E-01    289.84    308.23    323.43    665.22
 263     4.150    0.3731     1.9636E-01    289.85    308.28    323.53    666.51
 264     4.200    0.3714     1.9641E-01    289.86    308.33    323.63    667.77
 265     4.250    0.3697     1.9647E-01    289.87    308.38    323.72    669.02
 266     4.300    0.3680     1.9653E-01    289.88    308.42    323.82    670.24
 267     4.350    0.3663     1.9660E-01    289.89    308.47    323.91    671.44
 268     4.400    0.3647     1.9669E-01    289.89    308.51    324.01    672.63
 269     4.450    0.3630     1.9677E-01    289.90    308.55    324.10    673.80
 270     4.500    0.3614     1.9685E-01    289.91    308.60    324.19    674.94
 271     4.550    0.3599     1.9695E-01    289.92    308.64    324.28    676.07
 272     4.600    0.3583     1.9704E-01    289.93    308.68    324.36    677.19
 273     4.650    0.3568     1.9714E-01    289.94    308.73    324.45    678.29
 274     4.700    0.3553     1.9725E-01    289.94    308.77    324.54    679.37
 275     4.750    0.3538     1.9735E-01    289.95    308.81    324.62    680.44
 276     4.800    0.3523     1.9746E-01    289.96    308.85    324.70    681.49
 277     4.850    0.3508     1.9756E-01    289.97    308.89    324.79    682.53
 278     4.900    0.3494     1.9768E-01    289.98    308.93    324.87    683.55
 279     4.950    0.3479     1.9779E-01    289.98    308.97    324.95    684.56
 280     5.000    0.3465     1.9789E-01    289.99    309.00    325.03    685.56


  CPU time breakdown in seconds
    Input reading time   :    0.0085  ( 0.0%)
    XSEC processing time :    0.1052  ( 0.3%)
    CMFD time            :   19.9045  (62.1%)
    Nodal update time    :   11.7720  (36.7%)
    T-H time             :    0.2798  ( 0.9%)
    ------------------------------------------
    Total time           :   32.0699
