           ###########################################################
           #                     ADPRES-X 0.1                        #
           #        ABU DHABI POLYTECHNIC REACTOR SIMULATOR          #
           ###########################################################


  =============================INPUT DATA STARTS HERE===========================
     1: ! CALCULATION MODE CARD                                                                             
     2: %MODE                                                                                               
     3: RODEJECT                                                                                            
     4:                                                                                                     
     5: ! CASE CARD                                                                                         
     6: %CASE                                                                                               
     7: NEACRP Problem                                                                                      
     8: 10.803 CM NODE SIZE                                                                                 
     9:                                                                                                     
    10: ! XSEC CARD                                                                                         
    11: %XSEC                                                                                               
    12: 2  11    ! Number of groups and number of materials                                                 
    13: !  sigtr        siga        nu*sigf     kappa*sigf  chi sigs_g1 sigs_g2                             
    14: 5.32058E-02  3.73279E-04  0.00000E+00  0.00000E+00  1.0  0.0  2.64554E-02                           
    15: 3.86406E-01  1.77215E-02  0.00000E+00  0.00000E+00  0.0  0.0  0.00000E+00  !COMP 1                  
    16: 2.95609E-01  1.18782E-03  0.00000E+00  0.00000E+00  1.0  0.0  2.31613E-02                           
    17: 2.45931E+00  2.52618E-01  0.00000E+00  0.00000E+00  0.0  0.0  0.00000E+00  !COMP 2                  
    18: 2.95609E-01  1.18782E-03  0.00000E+00  0.00000E+00  1.0  0.0  2.00808E-02                           
    19: 2.45931E+00  2.52618E-01  0.00000E+00  0.00000E+00  0.0  0.0  0.00000E+00  !COMP 3                  
    20: 2.22117E-01  8.71774E-03  4.98277E-03  6.11190E-14  1.0  0.0  1.82498E-02                           
    21: 8.03140E-01  6.52550E-02  8.39026E-02  1.10152E-12  0.0  0.0  0.00000E+00  !COMP 4                  
    22: 2.21914E-01  9.06133E-03  5.57659E-03  6.89181E-14  1.0  0.0  1.80040E-02                           
    23: 7.95538E-01  7.23354E-02  9.98629E-02  1.31106E-12  0.0  0.0  0.00000E+00  !COMP 5                  
    24: 2.21715E-01  9.38496E-03  6.15047E-03  7.64603E-14  1.0  0.0  1.77670E-02                           
    25: 7.89253E-01  7.89203E-02  1.14667E-01  1.50541E-12  0.0  0.0  0.00000E+00  !COMP 6                  
    26: 2.22039E-01  9.31692E-03  5.55010E-03  6.86391E-14  1.0  0.0  1.71381E-02                           
    27: 7.76230E-01  7.96328E-02  9.85576E-02  1.29393E-12  0.0  0.0  0.00000E+00  !COMP 7                  
    28: 2.22083E-01  9.40032E-03  5.54083E-03  6.85391E-14  1.0  0.0  1.68501E-02                           
    29: 7.69969E-01  8.21087E-02  9.80059E-02  1.28669E-12  0.0  0.0  0.00000E+00  !COMP 8                  
    30: 2.22127E-01  9.48286E-03  5.53137E-03  6.84379E-14  1.0  0.0  1.65626E-02                           
    31: 7.63813E-01  8.45912E-02  9.74109E-02  1.27888E-12  0.0  0.0  0.00000E+00  !COMP 9                  
    32: 2.21836E-01  9.63720E-03  6.12382E-03  7.61794E-14  1.0  0.0  1.69043E-02                           
    33: 7.70705E-01  8.61187E-02  1.13241E-01  1.48670E-12  0.0  0.0  0.00000E+00  !COMP 10                 
    34: 2.21878E-01  9.71937E-03  6.11444E-03  7.60778E-14  1.0  0.0  1.66175E-02                           
    35: 7.64704E-01  8.85488E-02  1.12635E-01  1.47876E-12  0.0  0.0  0.00000E+00  !COMP 11                 
    36:                                                                                                     
    37: ! GEOMETRY CARD                                                                                     
    38: %GEOM                                                                                               
    39: 9 9 18               !nx, ny, nz                                                                    
    40: 10.803   8*21.606    !x-direction assembly size in cm                                               
    41:   1         8*2      !x-direction assembly divided 2x2                                              
    42: 8*21.606 10.803      !y-direction assembly size in cm                                               
    43:   8*2       1        !y-direction assembly divided 2x2                                              
    44: 30.  7.7  11.0  15.0  10*30.0  2*12.8  8.0  30.      !z-direction size  in cm (from bottom to top)  
    45: 18*1                 !z-direction assembly divided into 20 cm each                                  
    46: 3                    !np number of planar type                                                      
    47: 1  2  15*3  1        !planar assignment (from bottom to top)                                        
    48: ! Planar_Reg 1                                                                                      
    49:  1  1  1  1  1  1  1  1  2                                                                          
    50:  1  1  1  1  1  1  1  1  2                                                                          
    51:  1  1  1  1  1  1  1  3  2                                                                          
    52:  1  1  1  1  1  1  1  2  0                                                                          
    53:  1  1  1  1  1  1  3  2  0                                                                          
    54:  1  1  1  1  1  3  2  0  0                                                                          
    55:  1  1  1  1  3  2  0  0  0                                                                          
    56:  1  1  3  2  2  0  0  0  0                                                                          
    57:  2  2  2  0  0  0  0  0  0                                                                          
    58: ! Planar_Reg 2                                                                                      
    59:  4  5  4  5  4  5  4  6  2                                                                          
    60:  5  4  5  4  5  4  6  6  2                                                                          
    61:  4  5  4  5  4  5  6  3  2                                                                          
    62:  5  4  5  4  5  6  6  2  0                                                                          
    63:  4  5  4  5  4  6  3  2  0                                                                          
    64:  5  4  5  6  6  3  2  0  0                                                                          
    65:  4  6  6  6  3  2  0  0  0                                                                          
    66:  6  6  3  2  2  0  0  0  0                                                                          
    67:  2  2  2  0  0  0  0  0  0                                                                          
    68: ! Planar_Reg 3                                                                                      
    69:  4  9  4  9  4  7  4  6  2                                                                          
    70:  9  4  8  4  8  4 11  6  2                                                                          
    71:  4  8  4  8  4  8  6  3  2                                                                          
    72:  9  4  8  4  8 10  6  2  0                                                                          
    73:  4  8  4  8  4  6  3  2  0                                                                          
    74:  7  4  8 10  6  3  2  0  0                                                                          
    75:  4 11  6  6  3  2  0  0  0                                                                          
    76:  6  6  3  2  2  0  0  0  0                                                                          
    77:  2  2  2  0  0  0  0  0  0                                                                          
    78: ! Boundary conditions (east), (west), (north), (south), (bottom), (top)                             
    79: 0 2 2 0 0 0                                                                                         
    80:                                                                                                     
    81: ! CONTROL CARD                                                                                      
    82: %CROD                                                                                               
    83: 7    228                      ! Number of CR banks and max number of banks                          
    84: 37.7 1.5942237                ! Zero step pos. (cm) and cm/step (total 228 steps)                   
    85: 100.00  200.00  100.00  200.00  200.00  200.00  200.00           ! CR Bank pos.                     
    86:  1  0  2  0  0  0  3  0  0                                                                          
    87:  0  4  0  0  0  6  0  0  0                                                                          
    88:  2  0  5  0  6  0  6  0  0                                                                          
    89:  0  0  0  4  0  0  0  0  0                                                                          
    90:  0  0  6  0  7  0  0  0  0                                                                          
    91:  0  6  0  0  0  0  0  0  0                                                                          
    92:  3  0  6  0  0  0  0  0  0                                                                          
    93:  0  0  0  0  0  0  0  0  0                                                                          
    94:  0  0  0  0  0  0  0  0  0                                                                          
    95: ! CX changes                                                                                        
    96: !  sigtr        siga        nu*sigf        kappa*sigf      sigs_g1   sigs_g2                        
    97:  3.73220E-03  2.47770E-03  -1.02786E-04  -1.21448E-15  0.0  -3.19253E-03                            
    98: -2.19926E-02  2.55875E-02  -2.82319E-03  -3.70238E-14  0.0   0.00000E+00    !COMP 1                 
    99:  3.73220E-03  2.47770E-03  -1.02786E-04  -1.21448E-15  0.0  -3.19253E-03                            
   100: -2.19926E-02  2.55875E-02  -2.82319E-03  -3.70238E-14  0.0   0.00000E+00    !COMP 2                 
   101:  3.73220E-03  2.47770E-03  -1.02786E-04  -1.21448E-15  0.0  -3.19253E-03                            
   102: -2.19926E-02  2.55875E-02  -2.82319E-03  -3.70238E-14  0.0   0.00000E+00    !COMP 3                 
   103:  3.73220E-03  2.47770E-03  -1.02786E-04  -1.21448E-15  0.0  -3.19253E-03                            
   104: -2.19926E-02  2.55875E-02  -2.82319E-03  -3.70238E-14  0.0   0.00000E+00    !COMP 4                 
   105:  3.73220E-03  2.47770E-03  -1.02786E-04  -1.21448E-15  0.0  -3.19253E-03                            
   106: -2.19926E-02  2.55875E-02  -2.82319E-03  -3.70238E-14  0.0   0.00000E+00    !COMP 5                 
   107:  3.74092E-03  2.42926E-03  -1.22634E-04  -1.47557E-15  0.0  -3.14239E-03                            
   108: -1.67503E-02  2.56478E-02  -3.28086E-03  -4.30444E-14  0.0   0.00000E+00    !COMP 6                 
   109:  3.73220E-03  2.47770E-03  -1.02786E-04  -1.21448E-15  0.0  -3.19253E-03                            
   110: -2.19926E-02  2.55875E-02  -2.82319E-03  -3.70238E-14  0.0   0.00000E+00    !COMP 7                 
   111:  3.73220E-03  2.47770E-03  -1.02786E-04  -1.21448E-15  0.0  -3.19253E-03                            
   112: -2.19926E-02  2.55875E-02  -2.82319E-03  -3.70238E-14  0.0   0.00000E+00    !COMP 8                 
   113:  3.73220E-03  2.47770E-03  -1.02786E-04  -1.21448E-15  0.0  -3.19253E-03                            
   114: -2.19926E-02  2.55875E-02  -2.82319E-03  -3.70238E-14  0.0   0.00000E+00    !COMP 9                 
   115:  3.73220E-03  2.47770E-03  -1.02786E-04  -1.21448E-15  0.0  -3.19253E-03                            
   116: -2.19926E-02  2.55875E-02  -2.82319E-03  -3.70238E-14  0.0   0.00000E+00    !COMP 10                
   117:  3.73220E-03  2.47770E-03  -1.02786E-04  -1.21448E-15  0.0  -3.19253E-03                            
   118: -2.19926E-02  2.55875E-02  -2.82319E-03  -3.70238E-14  0.0   0.00000E+00    !COMP 11                
   119: 1                                                                                                   
   120:                                                                                                     
   121: ! CRITICAL BORON SEARCH CARD                                                                        
   122: %BCON                                                                                               
   123: 1156.08  1200.2  !Boron concentration ref. in ppm                                                   
   124: !  sigtr          siga         nu*sigf    kappa*sigf  sigs_g1   sigs_g2                             
   125:  6.11833E-08  1.87731E-07   0.00000E+00   0.00000E+00  0.0   7.91457E-10                            
   126:  5.17535E-06  1.02635E-05   0.00000E+00   0.00000E+00  0.0   0.00000E+00    !COMP 1                 
   127:  0.00000E+00  0.00000E+00   0.00000E+00   0.00000E+00  0.0   0.00000E+00                            
   128:  7.76184E-04  8.44695E-05   0.00000E+00   0.00000E+00  0.0   0.00000E+00    !COMP 2                 
   129:  0.00000E+00  0.00000E+00   0.00000E+00   0.00000E+00  0.0   0.00000E+00                            
   130:  7.76184E-04  8.44695E-05   0.00000E+00   0.00000E+00  0.0   0.00000E+00    !COMP 3                 
   131:  3.47809E-08  1.28505E-07  -1.12099E-09  -1.76188E-20  0.0  -1.08590E-07                            
   132: -9.76510E-06  7.08807E-06  -2.43045E-06  -3.19085E-17  0.0   0.00000E+00    !COMP 4                 
   133:  3.53826E-08  1.26709E-07  -1.67880E-09  -2.49965E-20  0.0  -1.06951E-07                            
   134: -8.50169E-06  6.82311E-06  -2.72445E-06  -3.57680E-17  0.0   0.00000E+00    !COMP 5                 
   135:  3.59838E-08  1.24986E-07  -2.21038E-09  -3.20225E-20  0.0  -1.05374E-07                            
   136: -7.46251E-06  6.59798E-06  -2.95883E-06  -3.88451E-17  0.0   0.00000E+00    !COMP 6                 
   137:  3.37806E-08  1.19869E-07  -1.71323E-09  -2.49965E-20  0.0  -1.00873E-07                            
   138: -6.73744E-06  6.29310E-06  -2.55359E-06  -3.35223E-17  0.0   0.00000E+00    !COMP 7                 
   139:  3.32495E-08  1.17585E-07  -1.72421E-09  -2.54896E-20  0.0  -9.88578E-08                            
   140: -6.19725E-06  6.11904E-06  -2.48880E-06  -3.26704E-17  0.0   0.00000E+00    !COMP 8                 
   141:  3.27201E-08  1.15319E-07  -1.73502E-09  -2.56049E-20  0.0  -9.68489E-08                            
   142: -5.68220E-06  5.94711E-06  -2.42240E-06  -3.17976E-17  0.0   0.00000E+00    !COMP 9                 
   143:  3.43859E-08  1.18186E-07  -2.24335E-09  -3.20225E-20  0.0  -9.93312E-08                            
   144: -5.86898E-06  6.08443E-06  -2.77657E-06  -3.64509E-17  0.0   0.00000E+00    !COMP 10                
   145:  3.38559E-08  1.15917E-07  -2.25369E-09  -3.24873E-20  0.0  -9.73291E-08                            
   146: -5.38345E-06  5.91697E-06  -2.70780E-06  -3.55476E-17  0.0   0.00000E+00    !COMP 11                
   147: 1                                                                                                   
   148:                                                                                                     
   149: ! FUEL TEMPERATURE CARD                                                                             
   150: %FTEM                                                                                               
   151: 891.19  891.45  ! Average Fuel Temperature and fuel temperature Ref. in Kelvin                      
   152: ! CX change per Fuel Temperature Changes                                                            
   153: !  sigtr          siga         nu*sigf     kappa*sigf sigs_g1   sigs_g2                             
   154:  0.00000E+00   0.00000E+00   0.00000E+00   0.00000E+00  0.0   0.00000E+00                           
   155:  0.00000E+00   0.00000E+00   0.00000E+00   0.00000E+00  0.0   0.00000E+00    !COMP 1                
   156:  0.00000E+00   0.00000E+00   0.00000E+00   0.00000E+00  0.0   0.00000E+00                           
   157:  0.00000E+00   0.00000E+00   0.00000E+00   0.00000E+00  0.0   0.00000E+00    !COMP 2                
   158:  0.00000E+00   0.00000E+00   0.00000E+00   0.00000E+00  0.0   0.00000E+00                           
   159:  0.00000E+00   0.00000E+00   0.00000E+00   0.00000E+00  0.0   0.00000E+00    !COMP 3                
   160: -3.09197E-05   3.49709E-05   6.40134E-07   7.15412E-18  0.0  -2.75536E-05                           
   161: -0.000137292  -3.71806E-05  -5.63037E-05  -7.39188E-16  0.0   0.00000E+00    !COMP 4                
   162: -3.08607E-05   3.51798E-05   9.97431E-07   1.18685E-17  0.0  -2.76766E-05                           
   163: -0.000117481  -3.77039E-05  -6.04155E-05  -7.93170E-16  0.0   0.00000E+00    !COMP 5                
   164: -3.09165E-05   3.53841E-05   1.41847E-06   1.74269E-17  0.0  -2.78390E-05                           
   165: -0.000101337  -3.77558E-05  -0.000063096  -8.28363E-16  0.0   0.00000E+00    !COMP 6                
   166: -3.13746E-05   3.48699E-05   9.45431E-07   1.18685E-17  0.0  -2.73550E-05                           
   167: -0.000108271  -3.72748E-05  -5.79662E-05  -7.60849E-16  0.0   0.00000E+00    !COMP 7                
   168: -3.15503E-05   3.47274E-05   9.26078E-07   1.08935E-17  0.0  -2.72381E-05                           
   169: -0.000105521  -3.71808E-05  -5.71108E-05  -7.49575E-16  0.0   0.00000E+00    !COMP 8                
   170: -3.17281E-05   3.46026E-05   9.05802E-07   1.06166E-17  0.0  -2.71169E-05                           
   171: -0.000102525  -3.70201E-05  -5.61543E-05  -7.36969E-16  0.0   0.00000E+00    !COMP 9                
   172: -3.14192E-05   3.50637E-05   1.35642E-06   1.74269E-17  0.0  -2.75049E-05                           
   173: -9.38886E-05  -3.71403E-05  -6.05052E-05  -7.94252E-16  0.0   0.00000E+00    !COMP 10               
   174: -3.15908E-05   3.49119E-05   1.33336E-06   1.62769E-17  0.0  -2.73835E-05                           
   175: -9.17126E-05  -3.69909E-05  -5.96284E-05  -7.82716E-16  0.0   0.00000E+00    !COMP 11               
   176:                                                                                                     
   177: ! MODERATOR TEMPERATURE CARD                                                                        
   178: %MTEM                                                                                               
   179: 559.19  579.75  ! Average Moderator Temperature and Moderator temperature Ref. Kelvin               
   180: ! CX change per Moderator Temperature Changes                                                       
   181: !  sigtr          siga         nu*sigf     kappa*sigf  sigs_g1   sigs_g2                            
   182:  0.00000E+00   0.00000E+00   0.00000E+00   0.00000E+00  0.0  0.00000E+00                            
   183:  0.00000E+00   0.00000E+00   0.00000E+00   0.00000E+00  0.0  0.00000E+00    !COMP 1                 
   184:  0.00000E+00   0.00000E+00   0.00000E+00   0.00000E+00  0.0  0.00000E+00                            
   185:  0.00000E+00   0.00000E+00   0.00000E+00   0.00000E+00  0.0  0.00000E+00    !COMP 2                 
   186:  0.00000E+00   0.00000E+00   0.00000E+00   0.00000E+00  0.0  0.00000E+00                            
   187:  0.00000E+00   0.00000E+00   0.00000E+00   0.00000E+00  0.0  0.00000E+00    !COMP 3                 
   188: -2.03310E-06   2.12191E-07   1.24709E-07   1.43035E-18  0.0  8.09676E-07                            
   189: -1.08674E-04  -3.15597E-05  -4.16439E-05  -5.46722E-16  0.0  0.00000E+00    !COMP 4                 
   190: -1.98080E-06   2.26000E-07   1.35145E-07   1.56896E-18  0.0  8.58474E-07                            
   191: -9.06150E-05  -3.21435E-05  -4.53102E-05  -5.94857E-16  0.0  0.00000E+00    !COMP 5                 
   192: -1.92434E-06   2.39939E-07   1.49084E-07   1.75422E-18  0.0  9.03494E-07                            
   193: -7.62786E-05  -3.23776E-05  -4.78475E-05  -6.28174E-16  0.0  0.00000E+00    !COMP 6                 
   194: -2.69634E-06   2.48530E-07   1.40773E-07   1.56896E-18  0.0  7.01311E-07                            
   195: -7.62435E-05  -3.00119E-05  -4.20202E-05  -5.51669E-16  0.0  0.00000E+00    !COMP 7                 
   196: -3.07905E-06   2.61854E-07   1.43235E-07   1.67897E-18  0.0  6.17380E-07                            
   197: -7.33397E-05  -2.91929E-05  -4.07701E-05  -5.35261E-16  0.0  0.00000E+00    !COMP 8                 
   198: -3.53877E-06   2.74313E-07   1.46019E-07   1.71665E-18  0.0  5.16547E-07                            
   199: -7.13711E-05  -2.83041E-05  -3.94319E-05  -5.17689E-16  0.0  0.00000E+00    !COMP 9                 
   200: -2.63907E-06   2.64289E-07   1.55858E-07   1.75422E-18  0.0  7.44320E-07                            
   201: -6.39554E-05  -3.03509E-05  -4.44431E-05  -5.83483E-16  0.0  0.00000E+00    !COMP 10                
   202: -3.02147E-06   2.79060E-07   1.58814E-07   1.88528E-18  0.0  6.59521E-07                            
   203: -6.16984E-05  -2.95626E-05  -4.31588E-05  -5.66622E-16  0.0  0.00000E+00    !COMP 11                
   204:                                                                                                     
   205: ! COOLANT DENSITY CARD                                                                              
   206: %CDEN                                                                                               
   207: 0.7464  0.7125  ! Average Coolant Density and Coolant Density Ref. in g/cm3                         
   208: ! CX change per Coolant Density Changes                                                             
   209: !  sigtr          siga         nu*sigf  kappa*sigf sigs_g1   sigs_g2                                
   210: 7.45756E-02  2.07688E-04  0.00000E+00  0.00000E+00  0.0  3.71310E-02                                
   211: 5.33634E-01  7.58421E-03  0.00000E+00  0.00000E+00  0.0  0.00000E+00    !COMP 1                     
   212: 0.00000E+00  0.00000E+00  0.00000E+00  0.00000E+00  0.0  0.00000E+00                                
   213: 0.00000E+00  0.00000E+00  0.00000E+00  0.00000E+00  0.0  0.00000E+00    !COMP 2                     
   214: 0.00000E+00  0.00000E+00  0.00000E+00  0.00000E+00  0.0  0.00000E+00                                
   215: 0.00000E+00  0.00000E+00  0.00000E+00  0.00000E+00  0.0  0.00000E+00    !COMP 3                     
   216: 1.35665E-01  1.55185E-03  9.20694E-04  1.02392E-14  0.0  2.93195E-02                                
   217: 9.92628E-01  2.52662E-02  2.47746E-02  3.25255E-13  0.0  0.00000E+00    !COMP 4                     
   218: 1.35748E-01  1.61491E-03  9.64160E-04  1.08141E-14  0.0  2.92696E-02                                
   219: 9.81985E-01  2.86667E-02  3.14993E-02  4.13542E-13  0.0  0.00000E+00    !COMP 5                     
   220: 1.35827E-01  1.68015E-03  1.01410E-03  1.14771E-14  0.0  2.92154E-02                                
   221: 9.72267E-01  3.19571E-02  3.81097E-02  5.00328E-13  0.0  0.00000E+00    !COMP 6                     
   222: 1.31033E-01  1.68397E-03  9.81951E-04  1.08141E-14  0.0  2.82489E-02                                
   223: 9.34697E-01  3.14240E-02  3.51588E-02  4.61715E-13  0.0  0.00000E+00    !COMP 7                     
   224: 1.29379E-01  1.71972E-03  9.88437E-04  1.11322E-14  0.0  2.78895E-02                                
   225: 9.18171E-01  3.24715E-02  3.63251E-02  4.77078E-13  0.0  0.00000E+00    !COMP 8                     
   226: 1.27682E-01  1.74989E-03  9.95175E-04  1.12209E-14  0.0  2.75202E-02                                
   227: 9.01293E-01  3.35945E-02  3.74499E-02  4.91900E-13  0.0  0.00000E+00    !COMP 9                     
   228: 1.31116E-01  1.75528E-03  1.03522E-03  1.14771E-14  0.0  2.81877E-02                                
   229: 9.24925E-01  3.49853E-02  4.20693E-02  5.52387E-13  0.0  0.00000E+00    !COMP 10                    
   230: 1.29463E-01  1.79499E-03  1.04291E-03  1.18534E-14  0.0  2.78259E-02                                
   231: 9.08456E-01  3.61032E-02  4.33215E-02  5.68857E-13  0.0  0.00000E+00    !COMP 11                    
   232:                                                                                                     
   233: ! THERMAL-HYDRAULIC CARD                                                                            
   234: %THER                                                                                               
   235: 100.                                   ! Percent power in %                                         
   236: 693.75e6                               ! Reactor thermal power for quarter geometry in Watt         
   237: 559.15  82.12102                       ! Inlet coolant temp. (Kelvin) and Fuel Assembly Mass flow ra
   238: 4.11950E-03  6.8E-05  5.71E-04  1.2655E-2 ! Fuel meat rad., gap thinkness, cladding thinkness and pi
   239: 264  25                                ! Number of fuel pin and guide tubes                         
   240: 0.019                                  ! FRACTION OF HEAT DEPOSITED IN COOLANT                      
   241: 1                                                                                                   
   242:                                                                                                     
   243: %EJCT                                                                                               
   244: ! Final Bank Pos (steps)   Starts Move (seconds)   Speed (steps/seconds)                            
   245:    228.                     0.0                     1280.0    ! Bank 1                              
   246:    200.                     0.0                     0.0       ! Bank 2                              
   247:    100.                     0.0                     0.0       ! Bank 3                              
   248:    200.                     0.0                     0.0       ! Bank 4                              
   249:    200.                     0.0                     0.0       ! Bank 5                              
   250:    200.                     0.0                     0.0       ! Bank 6                              
   251:    200.                     0.0                     0.0       ! Bank 7                              
   252: 5.0  0.01  1.0  0.1            ! (seconds) total time, 1st time step, when to start 2nd time step, 2
   253: 0.0002584 0.00152 0.0013908 0.0030704 0.001102 0.0002584 !beta                                      
   254: 0.0128  0.0318  0.119   0.3181  1.4027  3.9286           !decay constants                           
   255: 2.8E7    4.4E5     ! Neutron velocity                                                               
   256: 1                                                                                                   
  =============================INPUT DATA   ENDS HERE===========================



                              START READING INPUT
  ******************************************************************************
  CALCULATION MODE : ROD EJECTION CALCULATION WITH T-H FEEDBACK                  

  CASE ID : NEACRP Problem                                                                                      
  10.803 CM NODE SIZE                                                                                 


            >>>> READING MACROSCOPIC CROSS SECTIONS <<<<
            --------------------------------------------

     MATERIAL  1
    GROUP   TRANSPORT  DIFFUSION  ABSORPTION  REMOVAL    NU*FISS    KAP*FIS   FISS. SPCTR
       1     0.053206  6.264981   0.000373    0.026829   0.000000   0.000000  1.000000
       2     0.386406  0.862651   0.017722    0.017722   0.000000   0.000000  0.000000
   --SCATTERING MATRIX--
     G/G'          1          2
      1        0.000000    0.026455
      2        0.000000    0.000000

     MATERIAL  2
    GROUP   TRANSPORT  DIFFUSION  ABSORPTION  REMOVAL    NU*FISS    KAP*FIS   FISS. SPCTR
       1     0.295609  1.127616   0.001188    0.024349   0.000000   0.000000  1.000000
       2     2.459310  0.135539   0.252618    0.252618   0.000000   0.000000  0.000000
   --SCATTERING MATRIX--
     G/G'          1          2
      1        0.000000    0.023161
      2        0.000000    0.000000

     MATERIAL  3
    GROUP   TRANSPORT  DIFFUSION  ABSORPTION  REMOVAL    NU*FISS    KAP*FIS   FISS. SPCTR
       1     0.295609  1.127616   0.001188    0.021269   0.000000   0.000000  1.000000
       2     2.459310  0.135539   0.252618    0.252618   0.000000   0.000000  0.000000
   --SCATTERING MATRIX--
     G/G'          1          2
      1        0.000000    0.020081
      2        0.000000    0.000000

     MATERIAL  4
    GROUP   TRANSPORT  DIFFUSION  ABSORPTION  REMOVAL    NU*FISS    KAP*FIS   FISS. SPCTR
       1     0.222117  1.500711   0.008718    0.026968   0.004983   0.000000  1.000000
       2     0.803140  0.415038   0.065255    0.065255   0.083903   0.000000  0.000000
   --SCATTERING MATRIX--
     G/G'          1          2
      1        0.000000    0.018250
      2        0.000000    0.000000

     MATERIAL  5
    GROUP   TRANSPORT  DIFFUSION  ABSORPTION  REMOVAL    NU*FISS    KAP*FIS   FISS. SPCTR
       1     0.221914  1.502083   0.009061    0.027065   0.005577   0.000000  1.000000
       2     0.795538  0.419004   0.072335    0.072335   0.099863   0.000000  0.000000
   --SCATTERING MATRIX--
     G/G'          1          2
      1        0.000000    0.018004
      2        0.000000    0.000000

     MATERIAL  6
    GROUP   TRANSPORT  DIFFUSION  ABSORPTION  REMOVAL    NU*FISS    KAP*FIS   FISS. SPCTR
       1     0.221715  1.503432   0.009385    0.027152   0.006150   0.000000  1.000000
       2     0.789253  0.422340   0.078920    0.078920   0.114667   0.000000  0.000000
   --SCATTERING MATRIX--
     G/G'          1          2
      1        0.000000    0.017767
      2        0.000000    0.000000

     MATERIAL  7
    GROUP   TRANSPORT  DIFFUSION  ABSORPTION  REMOVAL    NU*FISS    KAP*FIS   FISS. SPCTR
       1     0.222039  1.501238   0.009317    0.026455   0.005550   0.000000  1.000000
       2     0.776230  0.429426   0.079633    0.079633   0.098558   0.000000  0.000000
   --SCATTERING MATRIX--
     G/G'          1          2
      1        0.000000    0.017138
      2        0.000000    0.000000

     MATERIAL  8
    GROUP   TRANSPORT  DIFFUSION  ABSORPTION  REMOVAL    NU*FISS    KAP*FIS   FISS. SPCTR
       1     0.222083  1.500940   0.009400    0.026250   0.005541   0.000000  1.000000
       2     0.769969  0.432918   0.082109    0.082109   0.098006   0.000000  0.000000
   --SCATTERING MATRIX--
     G/G'          1          2
      1        0.000000    0.016850
      2        0.000000    0.000000

     MATERIAL  9
    GROUP   TRANSPORT  DIFFUSION  ABSORPTION  REMOVAL    NU*FISS    KAP*FIS   FISS. SPCTR
       1     0.222127  1.500643   0.009483    0.026045   0.005531   0.000000  1.000000
       2     0.763813  0.436407   0.084591    0.084591   0.097411   0.000000  0.000000
   --SCATTERING MATRIX--
     G/G'          1          2
      1        0.000000    0.016563
      2        0.000000    0.000000

     MATERIAL 10
    GROUP   TRANSPORT  DIFFUSION  ABSORPTION  REMOVAL    NU*FISS    KAP*FIS   FISS. SPCTR
       1     0.221836  1.502612   0.009637    0.026542   0.006124   0.000000  1.000000
       2     0.770705  0.432504   0.086119    0.086119   0.113241   0.000000  0.000000
   --SCATTERING MATRIX--
     G/G'          1          2
      1        0.000000    0.016904
      2        0.000000    0.000000

     MATERIAL 11
    GROUP   TRANSPORT  DIFFUSION  ABSORPTION  REMOVAL    NU*FISS    KAP*FIS   FISS. SPCTR
       1     0.221878  1.502327   0.009719    0.026337   0.006114   0.000000  1.000000
       2     0.764704  0.435899   0.088549    0.088549   0.112635   0.000000  0.000000
   --SCATTERING MATRIX--
     G/G'          1          2
      1        0.000000    0.016618
      2        0.000000    0.000000

  ...Macroscopic CX Card is successfully read...


            >>>>>READING CORE GEOMETRY<<<<<
            -------------------------------
  Number of assembly in x, y and z directions respectively :
           9           9          18
  Number of nodes in x, y and z directions respectively :
          17          17          18

  x-directed nodes division (delta-x)
    10.80  10.80  10.80  10.80  10.80  10.80  10.80  10.80  10.80  10.80
    10.80  10.80  10.80  10.80  10.80  10.80  10.80
  y-directed nodes division (delta-y)
    10.80  10.80  10.80  10.80  10.80  10.80  10.80  10.80  10.80  10.80
    10.80  10.80  10.80  10.80  10.80  10.80  10.80

   Planar Region :  1
        1  2  3  4  5  6  7  8  9 10 11 12 13 14 15 16 17
    17  1  1  1  1  1  1  1  1  1  1  1  1  1  1  1  2  2 
    16  1  1  1  1  1  1  1  1  1  1  1  1  1  1  1  2  2 
    15  1  1  1  1  1  1  1  1  1  1  1  1  1  1  1  2  2 
    14  1  1  1  1  1  1  1  1  1  1  1  1  1  3  3  2  2 
    13  1  1  1  1  1  1  1  1  1  1  1  1  1  3  3  2  2 
    12  1  1  1  1  1  1  1  1  1  1  1  1  1  2  2       
    11  1  1  1  1  1  1  1  1  1  1  1  1  1  2  2       
    10  1  1  1  1  1  1  1  1  1  1  1  3  3  2  2       
     9  1  1  1  1  1  1  1  1  1  1  1  3  3  2  2       
     8  1  1  1  1  1  1  1  1  1  3  3  2  2             
     7  1  1  1  1  1  1  1  1  1  3  3  2  2             
     6  1  1  1  1  1  1  1  3  3  2  2                   
     5  1  1  1  1  1  1  1  3  3  2  2                   
     4  1  1  1  3  3  2  2  2  2                         
     3  1  1  1  3  3  2  2  2  2                         
     2  2  2  2  2  2                                     
     1  2  2  2  2  2                                     
   Planar Region :  2
        1  2  3  4  5  6  7  8  9 10 11 12 13 14 15 16 17
    17  4  5  5  4  4  5  5  4  4  5  5  4  4  6  6  2  2 
    16  5  4  4  5  5  4  4  5  5  4  4  6  6  6  6  2  2 
    15  5  4  4  5  5  4  4  5  5  4  4  6  6  6  6  2  2 
    14  4  5  5  4  4  5  5  4  4  5  5  6  6  3  3  2  2 
    13  4  5  5  4  4  5  5  4  4  5  5  6  6  3  3  2  2 
    12  5  4  4  5  5  4  4  5  5  6  6  6  6  2  2       
    11  5  4  4  5  5  4  4  5  5  6  6  6  6  2  2       
    10  4  5  5  4  4  5  5  4  4  6  6  3  3  2  2       
     9  4  5  5  4  4  5  5  4  4  6  6  3  3  2  2       
     8  5  4  4  5  5  6  6  6  6  3  3  2  2             
     7  5  4  4  5  5  6  6  6  6  3  3  2  2             
     6  4  6  6  6  6  6  6  3  3  2  2                   
     5  4  6  6  6  6  6  6  3  3  2  2                   
     4  6  6  6  3  3  2  2  2  2                         
     3  6  6  6  3  3  2  2  2  2                         
     2  2  2  2  2  2                                     
     1  2  2  2  2  2                                     
   Planar Region :  3
        1  2  3  4  5  6  7  8  9 10 11 12 13 14 15 16 17
    17  4  9  9  4  4  9  9  4  4  7  7  4  4  6  6  2  2 
    16  9  4  4  8  8  4  4  8  8  4  4  11 11 6  6  2  2 
    15  9  4  4  8  8  4  4  8  8  4  4  11 11 6  6  2  2 
    14  4  8  8  4  4  8  8  4  4  8  8  6  6  3  3  2  2 
    13  4  8  8  4  4  8  8  4  4  8  8  6  6  3  3  2  2 
    12  9  4  4  8  8  4  4  8  8  10 10 6  6  2  2       
    11  9  4  4  8  8  4  4  8  8  10 10 6  6  2  2       
    10  4  8  8  4  4  8  8  4  4  6  6  3  3  2  2       
     9  4  8  8  4  4  8  8  4  4  6  6  3  3  2  2       
     8  7  4  4  8  8  10 10 6  6  3  3  2  2             
     7  7  4  4  8  8  10 10 6  6  3  3  2  2             
     6  4  11 11 6  6  6  6  3  3  2  2                   
     5  4  11 11 6  6  6  6  3  3  2  2                   
     4  6  6  6  3  3  2  2  2  2                         
     3  6  6  6  3  3  2  2  2  2                         
     2  2  2  2  2  2                                     
     1  2  2  2  2  2                                     

  Planar Region Assignment to planes.
 --------------------------------------
   Plane Number     Planar Region    delta-z
       18 (TOP)            1          30.00
       17                  3           8.00
       16                  3          12.80
       15                  3          12.80
       14                  3          30.00
       13                  3          30.00
       12                  3          30.00
       11                  3          30.00
       10                  3          30.00
        9                  3          30.00
        8                  3          30.00
        7                  3          30.00
        6                  3          30.00
        5                  3          30.00
        4                  3          15.00
        3                  3          11.00
        2                  2           7.70
        1 (BOTTOM)         1          30.00

   Boundary conditions
  X-directed West   : REFLECTIVE
  X-directed East   : ZERO FLUX
  Y-directed North  : REFLECTIVE
  Y-directed South  : ZERO FLUX
  Z-directed Bottom : ZERO FLUX
  Z-directed Top    : ZERO FLUX

  ...Core geometry is successfully read...


            >>>> READING CONTROL RODS INSERTION <<<<
            --------------------------------------------
  NUMBER OF CONTROL ROD BANK  :  7
  MAX. NUMBER OF STEPS        : 228
  FULLY INSERTED POSITION (cm): 37.7 (FROM BOTTOM OF THE CORE)
  STEP SIZE (cm)              :   1.5942
  INITIAL CONTROL ROD BANK POSITION (STEPS) : 
  (0 means fully inserted) 
    Bank  1  Bank  2  Bank  3  Bank  4  Bank  5  Bank  6  Bank  7
    100.0    200.0    100.0    200.0    200.0    200.0    200.0

  CONTROL ROD BANK MAP : 
  1  0  2  0  0  0  3  0  0
  0  4  0  0  0  6  0  0  0
  2  0  5  0  6  0  6  0  0
  0  0  0  4  0  0  0  0  0
  0  0  6  0  7  0  0  0  0
  0  6  0  0  0  0  0  0  0
  3  0  6  0  0  0  0  0  0
  0  0  0  0  0  0  0  0  0
  0  0  0  0  0  0  0  0  0

  MATERIAL CX INCREMENT OR DECREMENT DUE TO CR INSERTION : 
    MATERIAL  1
    GROUP   TRANSPORT  ABSORPTION      NU*FISS      FISSION
       1     0.003732    0.002478    -0.000103    -0.000000
       2    -0.021993    0.025587    -0.002823    -0.000000
   --SCATTERING MATRIX--
     G/G'        1        2
      1      0.000000 -0.003193
      2      0.000000  0.000000
    MATERIAL  2
    GROUP   TRANSPORT  ABSORPTION      NU*FISS      FISSION
       1     0.003732    0.002478    -0.000103    -0.000000
       2    -0.021993    0.025587    -0.002823    -0.000000
   --SCATTERING MATRIX--
     G/G'        1        2
      1      0.000000 -0.003193
      2      0.000000  0.000000
    MATERIAL  3
    GROUP   TRANSPORT  ABSORPTION      NU*FISS      FISSION
       1     0.003732    0.002478    -0.000103    -0.000000
       2    -0.021993    0.025587    -0.002823    -0.000000
   --SCATTERING MATRIX--
     G/G'        1        2
      1      0.000000 -0.003193
      2      0.000000  0.000000
    MATERIAL  4
    GROUP   TRANSPORT  ABSORPTION      NU*FISS      FISSION
       1     0.003732    0.002478    -0.000103    -0.000000
       2    -0.021993    0.025587    -0.002823    -0.000000
   --SCATTERING MATRIX--
     G/G'        1        2
      1      0.000000 -0.003193
      2      0.000000  0.000000
    MATERIAL  5
    GROUP   TRANSPORT  ABSORPTION      NU*FISS      FISSION
       1     0.003732    0.002478    -0.000103    -0.000000
       2    -0.021993    0.025587    -0.002823    -0.000000
   --SCATTERING MATRIX--
     G/G'        1        2
      1      0.000000 -0.003193
      2      0.000000  0.000000
    MATERIAL  6
    GROUP   TRANSPORT  ABSORPTION      NU*FISS      FISSION
       1     0.003741    0.002429    -0.000123    -0.000000
       2    -0.016750    0.025648    -0.003281    -0.000000
   --SCATTERING MATRIX--
     G/G'        1        2
      1      0.000000 -0.003142
      2      0.000000  0.000000
    MATERIAL  7
    GROUP   TRANSPORT  ABSORPTION      NU*FISS      FISSION
       1     0.003732    0.002478    -0.000103    -0.000000
       2    -0.021993    0.025587    -0.002823    -0.000000
   --SCATTERING MATRIX--
     G/G'        1        2
      1      0.000000 -0.003193
      2      0.000000  0.000000
    MATERIAL  8
    GROUP   TRANSPORT  ABSORPTION      NU*FISS      FISSION
       1     0.003732    0.002478    -0.000103    -0.000000
       2    -0.021993    0.025587    -0.002823    -0.000000
   --SCATTERING MATRIX--
     G/G'        1        2
      1      0.000000 -0.003193
      2      0.000000  0.000000
    MATERIAL  9
    GROUP   TRANSPORT  ABSORPTION      NU*FISS      FISSION
       1     0.003732    0.002478    -0.000103    -0.000000
       2    -0.021993    0.025587    -0.002823    -0.000000
   --SCATTERING MATRIX--
     G/G'        1        2
      1      0.000000 -0.003193
      2      0.000000  0.000000
    MATERIAL 10
    GROUP   TRANSPORT  ABSORPTION      NU*FISS      FISSION
       1     0.003732    0.002478    -0.000103    -0.000000
       2    -0.021993    0.025587    -0.002823    -0.000000
   --SCATTERING MATRIX--
     G/G'        1        2
      1      0.000000 -0.003193
      2      0.000000  0.000000
    MATERIAL 11
    GROUP   TRANSPORT  ABSORPTION      NU*FISS      FISSION
       1     0.003732    0.002478    -0.000103    -0.000000
       2    -0.021993    0.025587    -0.002823    -0.000000
   --SCATTERING MATRIX--
     G/G'        1        2
      1      0.000000 -0.003193
      2      0.000000  0.000000

  ...Control Rods Insertion card is successfully read...


            >>>>     READING ROD EJECTION DATA      <<<<
            --------------------------------------------
                           Bank  1  Bank  2  Bank  3  Bank  4  Bank  5  Bank  6  Bank  7
  FINAL BANK POS. (STEP)    228.0    200.0    100.0    200.0    200.0    200.0    200.0
  STARTS MOVE (SECOND)        0.0      0.0      0.0      0.0      0.0      0.0      0.0
  SPEED (STEP/SECOND)      1280.0      0.0      0.0      0.0      0.0      0.0      0.0

  TIME PARAMETERS IN SECONDS : 
    TOTAL SIMULATION TIME         :   5.00
    FIRST TIME STEP               : 0.0100
    SECOND TIME STEP              : 0.1000
    WHEN SECOND TIME STEP APPLY?  :   1.00

  DELAYED NEUTRON FRACTION : 
    0.00026    0.00152    0.00139    0.00307    0.00110    0.00026

  PRECUSOR DECAY CONSTANT (1/s): 
    0.01280    0.03180    0.11900    0.31810    1.40270    3.92860

  NEUTRON VELOCITY (cm/s) : 
    2.80000E+07    4.40000E+05

  ...Rod Ejection Card is successfully read...


            >>>>   READING THERMAL-HYDRAULIC DATA   <<<<
            --------------------------------------------
  REACTOR PERCENT POWER (%)                :    100.00000
  REACTOR POWER (Watt)                     :   6.9375E+08
  COOLANT INLET TEMPERATURE (Kelvin)       :   5.5915E+02
  FUEL ASSEMBLY MASS FLOW RATE (Kg/s)      :   8.2121E+01
  FUEL MEAT RADIUS (m)                     :   4.1195E-03
  GAP THICKNESS (m)                        :   6.8000E-05
  CLAD THICKNESS (m)                       :   5.7100E-04
  PIN PITCH(m)                             :   1.2655E-02
  FRACTION OF HEAT DEPOSITED IN COOL.      :   1.9000E-02

  ...Thermal-hydraulic Card is successfully read...


            >>>>       READING BORON CONCENTRATION        <<<<
            --------------------------------------------------
  BORON CONCENTRATION SET       : 1156.08
  BORON CONCENTRATION REFERENCE : 1200.20

  MATERIAL CX CHANGES PER PPM BORON CHANGES : 
    MATERIAL  1
     GROUP   TRANSPORT   ABSORPTION   NU*FISS       FISSION
       1     0.000000    0.000000   0.00000E+00   0.00000E+00
       2     0.000005    0.000010   0.00000E+00   0.00000E+00
   --SCATTERING MATRIX--
     G/G'          1          2
      1      0.00000E+00  0.79146E-09
      2      0.00000E+00  0.00000E+00
    MATERIAL  2
     GROUP   TRANSPORT   ABSORPTION   NU*FISS       FISSION
       1     0.000000    0.000000   0.00000E+00   0.00000E+00
       2     0.000776    0.000084   0.00000E+00   0.00000E+00
   --SCATTERING MATRIX--
     G/G'          1          2
      1      0.00000E+00  0.00000E+00
      2      0.00000E+00  0.00000E+00
    MATERIAL  3
     GROUP   TRANSPORT   ABSORPTION   NU*FISS       FISSION
       1     0.000000    0.000000   0.00000E+00   0.00000E+00
       2     0.000776    0.000084   0.00000E+00   0.00000E+00
   --SCATTERING MATRIX--
     G/G'          1          2
      1      0.00000E+00  0.00000E+00
      2      0.00000E+00  0.00000E+00
    MATERIAL  4
     GROUP   TRANSPORT   ABSORPTION   NU*FISS       FISSION
       1     0.000000    0.000000  -0.11210E-08  -0.17619E-19
       2    -0.000010    0.000007  -0.24305E-05  -0.31909E-16
   --SCATTERING MATRIX--
     G/G'          1          2
      1      0.00000E+00 -0.10859E-06
      2      0.00000E+00  0.00000E+00
    MATERIAL  5
     GROUP   TRANSPORT   ABSORPTION   NU*FISS       FISSION
       1     0.000000    0.000000  -0.16788E-08  -0.24996E-19
       2    -0.000009    0.000007  -0.27244E-05  -0.35768E-16
   --SCATTERING MATRIX--
     G/G'          1          2
      1      0.00000E+00 -0.10695E-06
      2      0.00000E+00  0.00000E+00
    MATERIAL  6
     GROUP   TRANSPORT   ABSORPTION   NU*FISS       FISSION
       1     0.000000    0.000000  -0.22104E-08  -0.32023E-19
       2    -0.000007    0.000007  -0.29588E-05  -0.38845E-16
   --SCATTERING MATRIX--
     G/G'          1          2
      1      0.00000E+00 -0.10537E-06
      2      0.00000E+00  0.00000E+00
    MATERIAL  7
     GROUP   TRANSPORT   ABSORPTION   NU*FISS       FISSION
       1     0.000000    0.000000  -0.17132E-08  -0.24996E-19
       2    -0.000007    0.000006  -0.25536E-05  -0.33522E-16
   --SCATTERING MATRIX--
     G/G'          1          2
      1      0.00000E+00 -0.10087E-06
      2      0.00000E+00  0.00000E+00
    MATERIAL  8
     GROUP   TRANSPORT   ABSORPTION   NU*FISS       FISSION
       1     0.000000    0.000000  -0.17242E-08  -0.25490E-19
       2    -0.000006    0.000006  -0.24888E-05  -0.32670E-16
   --SCATTERING MATRIX--
     G/G'          1          2
      1      0.00000E+00 -0.98858E-07
      2      0.00000E+00  0.00000E+00
    MATERIAL  9
     GROUP   TRANSPORT   ABSORPTION   NU*FISS       FISSION
       1     0.000000    0.000000  -0.17350E-08  -0.25605E-19
       2    -0.000006    0.000006  -0.24224E-05  -0.31798E-16
   --SCATTERING MATRIX--
     G/G'          1          2
      1      0.00000E+00 -0.96849E-07
      2      0.00000E+00  0.00000E+00
    MATERIAL 10
     GROUP   TRANSPORT   ABSORPTION   NU*FISS       FISSION
       1     0.000000    0.000000  -0.22434E-08  -0.32023E-19
       2    -0.000006    0.000006  -0.27766E-05  -0.36451E-16
   --SCATTERING MATRIX--
     G/G'          1          2
      1      0.00000E+00 -0.99331E-07
      2      0.00000E+00  0.00000E+00
    MATERIAL 11
     GROUP   TRANSPORT   ABSORPTION   NU*FISS       FISSION
       1     0.000000    0.000000  -0.22537E-08  -0.32487E-19
       2    -0.000005    0.000006  -0.27078E-05  -0.35548E-16
   --SCATTERING MATRIX--
     G/G'          1          2
      1      0.00000E+00 -0.97329E-07
      2      0.00000E+00  0.00000E+00

  ...Boron Concentration card is successfully read...


            >>>>      READING FUEL TEMPERATURE      <<<<
            --------------------------------------------

  ...Fuel Temperature is card successfully read...


            >>>>   READING MODERATOR TEMPERATURE    <<<<
            --------------------------------------------

  ...Moderator Temperature Card is successfully read...


            >>>>       READING COOLANT DENSITY      <<<<
            --------------------------------------------

  ...Coolant Density Card is successfully read...


  ************************  STOP READING INPUT  ********************************

  TRANSIENT RESULTS :

  Step  Time(s)  React.($)   Rel. Power   Avg. Tm   Max. Tm   Avg. Tf   Max. Tf
 --------------------------------------------------------------------------------
   0     0.000    0.0000     1.0000E+00    310.60    330.76    539.85   1677.80
   1     0.010    0.0242     1.0184E+00    310.60    330.76    539.89   1677.88
   2     0.020    0.0379     1.0349E+00    310.60    330.76    539.94   1677.98
   3     0.030    0.0493     1.0497E+00    310.60    330.76    540.01   1678.11
   4     0.040    0.0593     1.0636E+00    310.60    330.76    540.09   1678.25
   5     0.050    0.0644     1.0731E+00    310.60    330.76    540.17   1678.40
   6     0.060    0.0675     1.0795E+00    310.60    330.76    540.26   1678.57
   7     0.070    0.0694     1.0841E+00    310.60    330.76    540.34   1678.73
   8     0.080    0.0696     1.0860E+00    310.61    330.76    540.43   1678.90
   9     0.090    0.0693     1.0866E+00    310.61    330.76    540.52   1679.07
  10     0.100    0.0688     1.0866E+00    310.61    330.76    540.60   1679.24
  11     0.110    0.0681     1.0864E+00    310.61    330.76    540.68   1679.41
  12     0.120    0.0675     1.0861E+00    310.62    330.76    540.76   1679.58
  13     0.130    0.0669     1.0858E+00    310.62    330.76    540.84   1679.74
  14     0.140    0.0663     1.0853E+00    310.62    330.76    540.92   1679.91
  15     0.150    0.0656     1.0849E+00    310.63    330.76    540.99   1680.08
  16     0.160    0.0649     1.0845E+00    310.63    330.76    541.07   1680.24
  17     0.170    0.0643     1.0840E+00    310.63    330.76    541.14   1680.41
  18     0.180    0.0636     1.0836E+00    310.64    330.77    541.21   1680.57
  19     0.190    0.0629     1.0831E+00    310.64    330.77    541.28   1680.74
  20     0.200    0.0622     1.0826E+00    310.65    330.77    541.35   1680.90
  21     0.210    0.0615     1.0820E+00    310.65    330.77    541.42   1681.06
  22     0.220    0.0608     1.0815E+00    310.66    330.78    541.49   1681.22
  23     0.230    0.0601     1.0810E+00    310.66    330.78    541.55   1681.38
  24     0.240    0.0594     1.0804E+00    310.67    330.79    541.62   1681.54
  25     0.250    0.0588     1.0799E+00    310.68    330.79    541.68   1681.69
  26     0.260    0.0581     1.0794E+00    310.68    330.80    541.75   1681.85
  27     0.270    0.0574     1.0788E+00    310.69    330.80    541.81   1682.01
  28     0.280    0.0567     1.0782E+00    310.69    330.81    541.87   1682.16
  29     0.290    0.0560     1.0777E+00    310.70    330.82    541.94   1682.32
  30     0.300    0.0553     1.0771E+00    310.71    330.82    542.00   1682.47
  31     0.310    0.0546     1.0765E+00    310.71    330.83    542.06   1682.62
  32     0.320    0.0539     1.0759E+00    310.72    330.84    542.12   1682.77
  33     0.330    0.0533     1.0754E+00    310.73    330.85    542.17   1682.92
  34     0.340    0.0526     1.0748E+00    310.73    330.86    542.23   1683.07
  35     0.350    0.0520     1.0743E+00    310.74    330.87    542.29   1683.22
  36     0.360    0.0513     1.0737E+00    310.74    330.88    542.35   1683.36
  37     0.370    0.0507     1.0731E+00    310.75    330.89    542.40   1683.51
  38     0.380    0.0500     1.0726E+00    310.76    330.90    542.46   1683.65
  39     0.390    0.0494     1.0720E+00    310.76    330.91    542.51   1683.80
  40     0.400    0.0488     1.0715E+00    310.77    330.92    542.57   1683.94
  41     0.410    0.0482     1.0709E+00    310.78    330.94    542.62   1684.08
  42     0.420    0.0476     1.0704E+00    310.78    330.95    542.67   1684.23
  43     0.430    0.0470     1.0699E+00    310.79    330.96    542.73   1684.37
  44     0.440    0.0464     1.0694E+00    310.80    330.97    542.78   1684.51
  45     0.450    0.0458     1.0688E+00    310.80    330.99    542.83   1684.64
  46     0.460    0.0452     1.0683E+00    310.81    331.00    542.88   1684.78
  47     0.470    0.0447     1.0678E+00    310.82    331.01    542.93   1684.92
  48     0.480    0.0441     1.0674E+00    310.82    331.03    542.98   1685.06
  49     0.490    0.0436     1.0668E+00    310.83    331.04    543.03   1685.19
  50     0.500    0.0431     1.0663E+00    310.84    331.06    543.08   1685.33
  51     0.510    0.0425     1.0659E+00    310.84    331.07    543.13   1685.46
  52     0.520    0.0420     1.0654E+00    310.85    331.08    543.18   1685.59
  53     0.530    0.0415     1.0649E+00    310.86    331.10    543.22   1685.73
  54     0.540    0.0410     1.0645E+00    310.86    331.11    543.27   1685.86
  55     0.550    0.0405     1.0640E+00    310.87    331.13    543.32   1685.99
  56     0.560    0.0400     1.0636E+00    310.87    331.14    543.36   1686.12
  57     0.570    0.0396     1.0631E+00    310.88    331.16    543.41   1686.25
  58     0.580    0.0391     1.0627E+00    310.89    331.17    543.46   1686.38
  59     0.590    0.0386     1.0623E+00    310.89    331.19    543.50   1686.51
  60     0.600    0.0382     1.0618E+00    310.90    331.20    543.55   1686.64
  61     0.610    0.0377     1.0614E+00    310.90    331.22    543.59   1686.76
  62     0.620    0.0373     1.0610E+00    310.91    331.23    543.63   1686.89
  63     0.630    0.0369     1.0606E+00    310.91    331.24    543.68   1687.02
  64     0.640    0.0364     1.0602E+00    310.92    331.26    543.72   1687.14
  65     0.650    0.0360     1.0598E+00    310.93    331.27    543.76   1687.27
  66     0.660    0.0356     1.0595E+00    310.93    331.29    543.81   1687.39
  67     0.670    0.0352     1.0591E+00    310.94    331.30    543.85   1687.51
  68     0.680    0.0348     1.0587E+00    310.94    331.31    543.89   1687.64
  69     0.690    0.0344     1.0583E+00    310.95    331.33    543.93   1687.76
  70     0.700    0.0340     1.0580E+00    310.95    331.34    543.97   1687.88
  71     0.710    0.0336     1.0576E+00    310.96    331.35    544.02   1688.00
  72     0.720    0.0333     1.0573E+00    310.96    331.37    544.06   1688.12
  73     0.730    0.0329     1.0569E+00    310.96    331.38    544.10   1688.24
  74     0.740    0.0325     1.0566E+00    310.97    331.39    544.14   1688.36
  75     0.750    0.0322     1.0562E+00    310.97    331.41    544.18   1688.48
  76     0.760    0.0318     1.0559E+00    310.98    331.42    544.22   1688.60
  77     0.770    0.0315     1.0556E+00    310.98    331.43    544.25   1688.72
  78     0.780    0.0311     1.0552E+00    310.99    331.44    544.29   1688.83
  79     0.790    0.0308     1.0549E+00    310.99    331.46    544.33   1688.95
  80     0.800    0.0304     1.0546E+00    311.00    331.47    544.37   1689.07
  81     0.810    0.0301     1.0543E+00    311.00    331.48    544.41   1689.18
  82     0.820    0.0298     1.0540E+00    311.00    331.49    544.45   1689.30
  83     0.830    0.0295     1.0537E+00    311.01    331.50    544.48   1689.41
  84     0.840    0.0292     1.0534E+00    311.01    331.51    544.52   1689.53
  85     0.850    0.0289     1.0531E+00    311.01    331.52    544.56   1689.64
  86     0.860    0.0285     1.0528E+00    311.02    331.53    544.59   1689.76
  87     0.870    0.0282     1.0525E+00    311.02    331.54    544.63   1689.87
  88     0.880    0.0279     1.0522E+00    311.02    331.55    544.67   1689.98
  89     0.890    0.0277     1.0519E+00    311.03    331.56    544.70   1690.09
  90     0.900    0.0274     1.0516E+00    311.03    331.57    544.74   1690.20
  91     0.910    0.0271     1.0514E+00    311.03    331.58    544.77   1690.32
  92     0.920    0.0268     1.0511E+00    311.04    331.59    544.81   1690.43
  93     0.930    0.0265     1.0508E+00    311.04    331.60    544.84   1690.54
  94     0.940    0.0262     1.0506E+00    311.04    331.61    544.88   1690.65
  95     0.950    0.0260     1.0503E+00    311.05    331.62    544.91   1690.76
  96     0.960    0.0257     1.0501E+00    311.05    331.63    544.95   1690.86
  97     0.970    0.0254     1.0498E+00    311.05    331.64    544.98   1690.97
  98     0.980    0.0252     1.0495E+00    311.06    331.65    545.02   1691.08
  99     0.990    0.0249     1.0493E+00    311.06    331.66    545.05   1691.19
 100     1.000    0.0246     1.0490E+00    311.06    331.67    545.08   1691.29
 101     1.100    0.0245     1.0491E+00    311.08    331.73    545.42   1692.36
 102     1.200    0.0223     1.0472E+00    311.10    331.79    545.73   1693.39
 103     1.300    0.0202     1.0452E+00    311.12    331.84    546.02   1694.38
 104     1.400    0.0182     1.0431E+00    311.13    331.89    546.29   1695.31
 105     1.500    0.0163     1.0412E+00    311.15    331.93    546.55   1696.21
 106     1.600    0.0146     1.0394E+00    311.16    331.97    546.78   1697.05
 107     1.700    0.0130     1.0377E+00    311.17    332.00    547.00   1697.86
 108     1.800    0.0116     1.0362E+00    311.18    332.04    547.21   1698.62
 109     1.900    0.0103     1.0347E+00    311.19    332.07    547.41   1699.33
 110     2.000    0.0092     1.0334E+00    311.19    332.10    547.59   1700.00
 111     2.100    0.0082     1.0321E+00    311.20    332.13    547.76   1700.63
 112     2.200    0.0072     1.0311E+00    311.20    332.15    547.91   1701.23
 113     2.300    0.0064     1.0300E+00    311.21    332.18    548.06   1701.78
 114     2.400    0.0056     1.0291E+00    311.21    332.20    548.20   1702.30
 115     2.500    0.0050     1.0282E+00    311.21    332.22    548.33   1702.78
 116     2.600    0.0043     1.0274E+00    311.22    332.23    548.45   1703.23
 117     2.700    0.0038     1.0267E+00    311.22    332.25    548.56   1703.65
 118     2.800    0.0033     1.0260E+00    311.22    332.26    548.67   1704.04
 119     2.900    0.0028     1.0254E+00    311.22    332.27    548.77   1704.40
 120     3.000    0.0024     1.0248E+00    311.22    332.29    548.86   1704.73
 121     3.100    0.0021     1.0242E+00    311.22    332.30    548.94   1705.03
 122     3.200    0.0017     1.0237E+00    311.22    332.31    549.02   1705.30
 123     3.300    0.0014     1.0233E+00    311.22    332.32    549.10   1705.56
 124     3.400    0.0012     1.0228E+00    311.22    332.33    549.17   1705.79
 125     3.500    0.0009     1.0224E+00    311.22    332.33    549.23   1706.00
 126     3.600    0.0007     1.0220E+00    311.22    332.34    549.29   1706.18
 127     3.700    0.0006     1.0217E+00    311.22    332.35    549.35   1706.35
 128     3.800    0.0004     1.0214E+00    311.22    332.36    549.40   1706.50
 129     3.900    0.0002     1.0212E+00    311.22    332.36    549.45   1706.64
 130     4.000    0.0001     1.0209E+00    311.22    332.37    549.49   1706.76
 131     4.100    0.0000     1.0206E+00    311.22    332.37    549.54   1706.86
 132     4.200   -0.0001     1.0204E+00    311.22    332.38    549.58   1706.95
 133     4.300   -0.0002     1.0202E+00    311.22    332.38    549.61   1707.03
 134     4.400   -0.0002     1.0200E+00    311.22    332.39    549.65   1707.09
 135     4.500   -0.0003     1.0198E+00    311.22    332.39    549.68   1707.15
 136     4.600   -0.0004     1.0196E+00    311.22    332.40    549.71   1707.19
 137     4.700   -0.0004     1.0194E+00    311.21    332.40    549.73   1707.23
 138     4.800   -0.0004     1.0193E+00    311.21    332.41    549.76   1707.25
 139     4.900   -0.0004     1.0191E+00    311.21    332.41    549.78   1707.27
 140     5.000   -0.0005     1.0190E+00    311.21    332.41    549.80   1707.28


  CPU time breakdown in seconds
    Input reading time   :    0.0065  ( 0.1%)
    XSEC processing time :    0.0585  ( 0.5%)
    CMFD time            :    4.1608  (38.6%)
    Nodal update time    :    6.4071  (59.4%)
    T-H time             :    0.1582  ( 1.5%)
    -------------------------------------
    Total time           :   10.7911
