           ###########################################################
           #                     ADPRES-X 0.1                        #
           #        ABU DHABI POLYTECHNIC REACTOR SIMULATOR          #
           ###########################################################


  =============================INPUT DATA STARTS HERE===========================
     1: ! CALCULATION MODE CARD                                                                             
     2: %MODE                                                                                               
     3: RODEJECT                                                                                            
     4:                                                                                                     
     5: ! CASE CARD                                                                                         
     6: %CASE                                                                                               
     7: NEACRP Problem                                                                                      
     8: 10.803 CM NODE SIZE                                                                                 
     9:                                                                                                     
    10: ! XSEC CARD                                                                                         
    11: %XSEC                                                                                               
    12: 2  11    ! Number of groups and number of materials                                                 
    13: !  sigtr        siga        nu*sigf     kappa*sigf  chi sigs_g1 sigs_g2                             
    14: 5.32058E-02  3.73279E-04  0.00000E+00  0.00000E+00  1.0  0.0  2.64554E-02                           
    15: 3.86406E-01  1.77215E-02  0.00000E+00  0.00000E+00  0.0  0.0  0.00000E+00  !COMP 1                  
    16: 2.95609E-01  1.18782E-03  0.00000E+00  0.00000E+00  1.0  0.0  2.31613E-02                           
    17: 2.45931E+00  2.52618E-01  0.00000E+00  0.00000E+00  0.0  0.0  0.00000E+00  !COMP 2                  
    18: 2.95609E-01  1.18782E-03  0.00000E+00  0.00000E+00  1.0  0.0  2.00808E-02                           
    19: 2.45931E+00  2.52618E-01  0.00000E+00  0.00000E+00  0.0  0.0  0.00000E+00  !COMP 3                  
    20: 2.22117E-01  8.71774E-03  4.98277E-03  6.11190E-14  1.0  0.0  1.82498E-02                           
    21: 8.03140E-01  6.52550E-02  8.39026E-02  1.10152E-12  0.0  0.0  0.00000E+00  !COMP 4                  
    22: 2.21914E-01  9.06133E-03  5.57659E-03  6.89181E-14  1.0  0.0  1.80040E-02                           
    23: 7.95538E-01  7.23354E-02  9.98629E-02  1.31106E-12  0.0  0.0  0.00000E+00  !COMP 5                  
    24: 2.21715E-01  9.38496E-03  6.15047E-03  7.64603E-14  1.0  0.0  1.77670E-02                           
    25: 7.89253E-01  7.89203E-02  1.14667E-01  1.50541E-12  0.0  0.0  0.00000E+00  !COMP 6                  
    26: 2.22039E-01  9.31692E-03  5.55010E-03  6.86391E-14  1.0  0.0  1.71381E-02                           
    27: 7.76230E-01  7.96328E-02  9.85576E-02  1.29393E-12  0.0  0.0  0.00000E+00  !COMP 7                  
    28: 2.22083E-01  9.40032E-03  5.54083E-03  6.85391E-14  1.0  0.0  1.68501E-02                           
    29: 7.69969E-01  8.21087E-02  9.80059E-02  1.28669E-12  0.0  0.0  0.00000E+00  !COMP 8                  
    30: 2.22127E-01  9.48286E-03  5.53137E-03  6.84379E-14  1.0  0.0  1.65626E-02                           
    31: 7.63813E-01  8.45912E-02  9.74109E-02  1.27888E-12  0.0  0.0  0.00000E+00  !COMP 9                  
    32: 2.21836E-01  9.63720E-03  6.12382E-03  7.61794E-14  1.0  0.0  1.69043E-02                           
    33: 7.70705E-01  8.61187E-02  1.13241E-01  1.48670E-12  0.0  0.0  0.00000E+00  !COMP 10                 
    34: 2.21878E-01  9.71937E-03  6.11444E-03  7.60778E-14  1.0  0.0  1.66175E-02                           
    35: 7.64704E-01  8.85488E-02  1.12635E-01  1.47876E-12  0.0  0.0  0.00000E+00  !COMP 11                 
    36:                                                                                                     
    37: ! GEOMETRY CARD                                                                                     
    38: %GEOM                                                                                               
    39: 9 9 18               !nx, ny, nz                                                                    
    40: 10.803   8*21.606    !x-direction assembly size in cm                                               
    41:   1         8*2      !x-direction assembly divided 2x2                                              
    42: 8*21.606 10.803      !y-direction assembly size in cm                                               
    43:   8*2       1        !y-direction assembly divided 2x2                                              
    44: 30.  7.7  11.0  15.0  10*30.0  2*12.8  8.0  30.      !z-direction size  in cm (from bottom to top)  
    45: 18*1                 !z-direction assembly divided into 20 cm each                                  
    46: 3                    !np number of planar type                                                      
    47: 1  2  15*3  1        !planar assignment (from bottom to top)                                        
    48: ! Planar_Reg 1                                                                                      
    49:  1  1  1  1  1  1  1  1  2                                                                          
    50:  1  1  1  1  1  1  1  1  2                                                                          
    51:  1  1  1  1  1  1  1  3  2                                                                          
    52:  1  1  1  1  1  1  1  2  0                                                                          
    53:  1  1  1  1  1  1  3  2  0                                                                          
    54:  1  1  1  1  1  3  2  0  0                                                                          
    55:  1  1  1  1  3  2  0  0  0                                                                          
    56:  1  1  3  2  2  0  0  0  0                                                                          
    57:  2  2  2  0  0  0  0  0  0                                                                          
    58: ! Planar_Reg 2                                                                                      
    59:  4  5  4  5  4  5  4  6  2                                                                          
    60:  5  4  5  4  5  4  6  6  2                                                                          
    61:  4  5  4  5  4  5  6  3  2                                                                          
    62:  5  4  5  4  5  6  6  2  0                                                                          
    63:  4  5  4  5  4  6  3  2  0                                                                          
    64:  5  4  5  6  6  3  2  0  0                                                                          
    65:  4  6  6  6  3  2  0  0  0                                                                          
    66:  6  6  3  2  2  0  0  0  0                                                                          
    67:  2  2  2  0  0  0  0  0  0                                                                          
    68: ! Planar_Reg 3                                                                                      
    69:  4  9  4  9  4  7  4  6  2                                                                          
    70:  9  4  8  4  8  4 11  6  2                                                                          
    71:  4  8  4  8  4  8  6  3  2                                                                          
    72:  9  4  8  4  8 10  6  2  0                                                                          
    73:  4  8  4  8  4  6  3  2  0                                                                          
    74:  7  4  8 10  6  3  2  0  0                                                                          
    75:  4 11  6  6  3  2  0  0  0                                                                          
    76:  6  6  3  2  2  0  0  0  0                                                                          
    77:  2  2  2  0  0  0  0  0  0                                                                          
    78: ! Boundary conditions (east), (west), (north), (south), (bottom), (top)                             
    79: 0 2 2 0 0 0                                                                                         
    80:                                                                                                     
    81: ! CONTROL CARD                                                                                      
    82: %CROD                                                                                               
    83: 7  228                        ! Number of CR banks and max number of banks                          
    84: 37.7 1.5942237                ! Zero step pos. (cm) and cm/step (total 228 steps)                   
    85: 0.   228.  0.  228.   0.   228.  228.           ! CR Bank pos.                                      
    86:  1  0  2  0  0  0  3  0  0                                                                          
    87:  0  4  0  0  0  6  0  0  0                                                                          
    88:  2  0  5  0  6  0  6  0  0                                                                          
    89:  0  0  0  4  0  0  0  0  0                                                                          
    90:  0  0  6  0  7  0  0  0  0                                                                          
    91:  0  6  0  0  0  0  0  0  0                                                                          
    92:  3  0  6  0  0  0  0  0  0                                                                          
    93:  0  0  0  0  0  0  0  0  0                                                                          
    94:  0  0  0  0  0  0  0  0  0                                                                          
    95: ! CX changes                                                                                        
    96: !  sigtr        siga        nu*sigf        kappa*sigf      sigs_g1   sigs_g2                        
    97:  3.73220E-03  2.47770E-03  -1.02786E-04  -1.21448E-15  0.0  -3.19253E-03                            
    98: -2.19926E-02  2.55875E-02  -2.82319E-03  -3.70238E-14  0.0   0.00000E+00    !COMP 1                 
    99:  3.73220E-03  2.47770E-03  -1.02786E-04  -1.21448E-15  0.0  -3.19253E-03                            
   100: -2.19926E-02  2.55875E-02  -2.82319E-03  -3.70238E-14  0.0   0.00000E+00    !COMP 2                 
   101:  3.73220E-03  2.47770E-03  -1.02786E-04  -1.21448E-15  0.0  -3.19253E-03                            
   102: -2.19926E-02  2.55875E-02  -2.82319E-03  -3.70238E-14  0.0   0.00000E+00    !COMP 3                 
   103:  3.73220E-03  2.47770E-03  -1.02786E-04  -1.21448E-15  0.0  -3.19253E-03                            
   104: -2.19926E-02  2.55875E-02  -2.82319E-03  -3.70238E-14  0.0   0.00000E+00    !COMP 4                 
   105:  3.73220E-03  2.47770E-03  -1.02786E-04  -1.21448E-15  0.0  -3.19253E-03                            
   106: -2.19926E-02  2.55875E-02  -2.82319E-03  -3.70238E-14  0.0   0.00000E+00    !COMP 5                 
   107:  3.74092E-03  2.42926E-03  -1.22634E-04  -1.47557E-15  0.0  -3.14239E-03                            
   108: -1.67503E-02  2.56478E-02  -3.28086E-03  -4.30444E-14  0.0   0.00000E+00    !COMP 6                 
   109:  3.73220E-03  2.47770E-03  -1.02786E-04  -1.21448E-15  0.0  -3.19253E-03                            
   110: -2.19926E-02  2.55875E-02  -2.82319E-03  -3.70238E-14  0.0   0.00000E+00    !COMP 7                 
   111:  3.73220E-03  2.47770E-03  -1.02786E-04  -1.21448E-15  0.0  -3.19253E-03                            
   112: -2.19926E-02  2.55875E-02  -2.82319E-03  -3.70238E-14  0.0   0.00000E+00    !COMP 8                 
   113:  3.73220E-03  2.47770E-03  -1.02786E-04  -1.21448E-15  0.0  -3.19253E-03                            
   114: -2.19926E-02  2.55875E-02  -2.82319E-03  -3.70238E-14  0.0   0.00000E+00    !COMP 9                 
   115:  3.73220E-03  2.47770E-03  -1.02786E-04  -1.21448E-15  0.0  -3.19253E-03                            
   116: -2.19926E-02  2.55875E-02  -2.82319E-03  -3.70238E-14  0.0   0.00000E+00    !COMP 10                
   117:  3.73220E-03  2.47770E-03  -1.02786E-04  -1.21448E-15  0.0  -3.19253E-03                            
   118: -2.19926E-02  2.55875E-02  -2.82319E-03  -3.70238E-14  0.0   0.00000E+00    !COMP 11                
   119: 1                                                                                                   
   120:                                                                                                     
   121: ! BORON CONCENTRATION                                                                               
   122: %BCON                                                                                               
   123: 1247.38  1200.2  ! BC and BC ref. in ppm                                                            
   124: ! CX change per unit ppm change of Boron concentration                                              
   125: !  sigtr          siga         nu*sigf    kappa*sigf  sigs_g1   sigs_g2                             
   126:  6.11833E-08  1.87731E-07   0.00000E+00   0.00000E+00  0.0   7.91457E-10                            
   127:  5.17535E-06  1.02635E-05   0.00000E+00   0.00000E+00  0.0   0.00000E+00    !COMP 1                 
   128:  0.00000E+00  0.00000E+00   0.00000E+00   0.00000E+00  0.0   0.00000E+00                            
   129:  7.76184E-04  8.44695E-05   0.00000E+00   0.00000E+00  0.0   0.00000E+00    !COMP 2                 
   130:  0.00000E+00  0.00000E+00   0.00000E+00   0.00000E+00  0.0   0.00000E+00                            
   131:  7.76184E-04  8.44695E-05   0.00000E+00   0.00000E+00  0.0   0.00000E+00    !COMP 3                 
   132:  3.47809E-08  1.28505E-07  -1.12099E-09  -1.76188E-20  0.0  -1.08590E-07                            
   133: -9.76510E-06  7.08807E-06  -2.43045E-06  -3.19085E-17  0.0   0.00000E+00    !COMP 4                 
   134:  3.53826E-08  1.26709E-07  -1.67880E-09  -2.49965E-20  0.0  -1.06951E-07                            
   135: -8.50169E-06  6.82311E-06  -2.72445E-06  -3.57680E-17  0.0   0.00000E+00    !COMP 5                 
   136:  3.59838E-08  1.24986E-07  -2.21038E-09  -3.20225E-20  0.0  -1.05374E-07                            
   137: -7.46251E-06  6.59798E-06  -2.95883E-06  -3.88451E-17  0.0   0.00000E+00    !COMP 6                 
   138:  3.37806E-08  1.19869E-07  -1.71323E-09  -2.49965E-20  0.0  -1.00873E-07                            
   139: -6.73744E-06  6.29310E-06  -2.55359E-06  -3.35223E-17  0.0   0.00000E+00    !COMP 7                 
   140:  3.32495E-08  1.17585E-07  -1.72421E-09  -2.54896E-20  0.0  -9.88578E-08                            
   141: -6.19725E-06  6.11904E-06  -2.48880E-06  -3.26704E-17  0.0   0.00000E+00    !COMP 8                 
   142:  3.27201E-08  1.15319E-07  -1.73502E-09  -2.56049E-20  0.0  -9.68489E-08                            
   143: -5.68220E-06  5.94711E-06  -2.42240E-06  -3.17976E-17  0.0   0.00000E+00    !COMP 9                 
   144:  3.43859E-08  1.18186E-07  -2.24335E-09  -3.20225E-20  0.0  -9.93312E-08                            
   145: -5.86898E-06  6.08443E-06  -2.77657E-06  -3.64509E-17  0.0   0.00000E+00    !COMP 10                
   146:  3.38559E-08  1.15917E-07  -2.25369E-09  -3.24873E-20  0.0  -9.73291E-08                            
   147: -5.38345E-06  5.91697E-06  -2.70780E-06  -3.55476E-17  0.0   0.00000E+00    !COMP 11                
   148: 1                                                                                                   
   149:                                                                                                     
   150: ! FUEL TEMPERATURE CARD                                                                             
   151: %FTEM                                                                                               
   152: 891.19  891.45  ! Average Fuel Temperature and fuel temperature Ref. in Kelvin                      
   153: ! CX change per Fuel Temperature Changes                                                            
   154: !  sigtr          siga         nu*sigf     kappa*sigf sigs_g1   sigs_g2                             
   155:  0.00000E+00   0.00000E+00   0.00000E+00   0.00000E+00  0.0   0.00000E+00                           
   156:  0.00000E+00   0.00000E+00   0.00000E+00   0.00000E+00  0.0   0.00000E+00    !COMP 1                
   157:  0.00000E+00   0.00000E+00   0.00000E+00   0.00000E+00  0.0   0.00000E+00                           
   158:  0.00000E+00   0.00000E+00   0.00000E+00   0.00000E+00  0.0   0.00000E+00    !COMP 2                
   159:  0.00000E+00   0.00000E+00   0.00000E+00   0.00000E+00  0.0   0.00000E+00                           
   160:  0.00000E+00   0.00000E+00   0.00000E+00   0.00000E+00  0.0   0.00000E+00    !COMP 3                
   161: -3.09197E-05   3.49709E-05   6.40134E-07   7.15412E-18  0.0  -2.75536E-05                           
   162: -0.000137292  -3.71806E-05  -5.63037E-05  -7.39188E-16  0.0   0.00000E+00    !COMP 4                
   163: -3.08607E-05   3.51798E-05   9.97431E-07   1.18685E-17  0.0  -2.76766E-05                           
   164: -0.000117481  -3.77039E-05  -6.04155E-05  -7.93170E-16  0.0   0.00000E+00    !COMP 5                
   165: -3.09165E-05   3.53841E-05   1.41847E-06   1.74269E-17  0.0  -2.78390E-05                           
   166: -0.000101337  -3.77558E-05  -0.000063096  -8.28363E-16  0.0   0.00000E+00    !COMP 6                
   167: -3.13746E-05   3.48699E-05   9.45431E-07   1.18685E-17  0.0  -2.73550E-05                           
   168: -0.000108271  -3.72748E-05  -5.79662E-05  -7.60849E-16  0.0   0.00000E+00    !COMP 7                
   169: -3.15503E-05   3.47274E-05   9.26078E-07   1.08935E-17  0.0  -2.72381E-05                           
   170: -0.000105521  -3.71808E-05  -5.71108E-05  -7.49575E-16  0.0   0.00000E+00    !COMP 8                
   171: -3.17281E-05   3.46026E-05   9.05802E-07   1.06166E-17  0.0  -2.71169E-05                           
   172: -0.000102525  -3.70201E-05  -5.61543E-05  -7.36969E-16  0.0   0.00000E+00    !COMP 9                
   173: -3.14192E-05   3.50637E-05   1.35642E-06   1.74269E-17  0.0  -2.75049E-05                           
   174: -9.38886E-05  -3.71403E-05  -6.05052E-05  -7.94252E-16  0.0   0.00000E+00    !COMP 10               
   175: -3.15908E-05   3.49119E-05   1.33336E-06   1.62769E-17  0.0  -2.73835E-05                           
   176: -9.17126E-05  -3.69909E-05  -5.96284E-05  -7.82716E-16  0.0   0.00000E+00    !COMP 11               
   177:                                                                                                     
   178: ! MODERATOR TEMPERATURE CARD                                                                        
   179: %MTEM                                                                                               
   180: 559.19  579.75  ! Average Moderator Temperature and Moderator temperature Ref. Kelvin               
   181: ! CX change per Moderator Temperature Changes                                                       
   182: !  sigtr          siga         nu*sigf     kappa*sigf  sigs_g1   sigs_g2                            
   183:  0.00000E+00   0.00000E+00   0.00000E+00   0.00000E+00  0.0  0.00000E+00                            
   184:  0.00000E+00   0.00000E+00   0.00000E+00   0.00000E+00  0.0  0.00000E+00    !COMP 1                 
   185:  0.00000E+00   0.00000E+00   0.00000E+00   0.00000E+00  0.0  0.00000E+00                            
   186:  0.00000E+00   0.00000E+00   0.00000E+00   0.00000E+00  0.0  0.00000E+00    !COMP 2                 
   187:  0.00000E+00   0.00000E+00   0.00000E+00   0.00000E+00  0.0  0.00000E+00                            
   188:  0.00000E+00   0.00000E+00   0.00000E+00   0.00000E+00  0.0  0.00000E+00    !COMP 3                 
   189: -2.03310E-06   2.12191E-07   1.24709E-07   1.43035E-18  0.0  8.09676E-07                            
   190: -1.08674E-04  -3.15597E-05  -4.16439E-05  -5.46722E-16  0.0  0.00000E+00    !COMP 4                 
   191: -1.98080E-06   2.26000E-07   1.35145E-07   1.56896E-18  0.0  8.58474E-07                            
   192: -9.06150E-05  -3.21435E-05  -4.53102E-05  -5.94857E-16  0.0  0.00000E+00    !COMP 5                 
   193: -1.92434E-06   2.39939E-07   1.49084E-07   1.75422E-18  0.0  9.03494E-07                            
   194: -7.62786E-05  -3.23776E-05  -4.78475E-05  -6.28174E-16  0.0  0.00000E+00    !COMP 6                 
   195: -2.69634E-06   2.48530E-07   1.40773E-07   1.56896E-18  0.0  7.01311E-07                            
   196: -7.62435E-05  -3.00119E-05  -4.20202E-05  -5.51669E-16  0.0  0.00000E+00    !COMP 7                 
   197: -3.07905E-06   2.61854E-07   1.43235E-07   1.67897E-18  0.0  6.17380E-07                            
   198: -7.33397E-05  -2.91929E-05  -4.07701E-05  -5.35261E-16  0.0  0.00000E+00    !COMP 8                 
   199: -3.53877E-06   2.74313E-07   1.46019E-07   1.71665E-18  0.0  5.16547E-07                            
   200: -7.13711E-05  -2.83041E-05  -3.94319E-05  -5.17689E-16  0.0  0.00000E+00    !COMP 9                 
   201: -2.63907E-06   2.64289E-07   1.55858E-07   1.75422E-18  0.0  7.44320E-07                            
   202: -6.39554E-05  -3.03509E-05  -4.44431E-05  -5.83483E-16  0.0  0.00000E+00    !COMP 10                
   203: -3.02147E-06   2.79060E-07   1.58814E-07   1.88528E-18  0.0  6.59521E-07                            
   204: -6.16984E-05  -2.95626E-05  -4.31588E-05  -5.66622E-16  0.0  0.00000E+00    !COMP 11                
   205:                                                                                                     
   206: ! COOLANT DENSITY CARD                                                                              
   207: %CDEN                                                                                               
   208: 0.7464  0.7125  ! Average Coolant Density and Coolant Density Ref. in g/cm3                         
   209: ! CX change per Coolant Density Changes                                                             
   210: !  sigtr          siga         nu*sigf  kappa*sigf sigs_g1   sigs_g2                                
   211: 7.45756E-02  2.07688E-04  0.00000E+00  0.00000E+00  0.0  3.71310E-02                                
   212: 5.33634E-01  7.58421E-03  0.00000E+00  0.00000E+00  0.0  0.00000E+00    !COMP 1                     
   213: 0.00000E+00  0.00000E+00  0.00000E+00  0.00000E+00  0.0  0.00000E+00                                
   214: 0.00000E+00  0.00000E+00  0.00000E+00  0.00000E+00  0.0  0.00000E+00    !COMP 2                     
   215: 0.00000E+00  0.00000E+00  0.00000E+00  0.00000E+00  0.0  0.00000E+00                                
   216: 0.00000E+00  0.00000E+00  0.00000E+00  0.00000E+00  0.0  0.00000E+00    !COMP 3                     
   217: 1.35665E-01  1.55185E-03  9.20694E-04  1.02392E-14  0.0  2.93195E-02                                
   218: 9.92628E-01  2.52662E-02  2.47746E-02  3.25255E-13  0.0  0.00000E+00    !COMP 4                     
   219: 1.35748E-01  1.61491E-03  9.64160E-04  1.08141E-14  0.0  2.92696E-02                                
   220: 9.81985E-01  2.86667E-02  3.14993E-02  4.13542E-13  0.0  0.00000E+00    !COMP 5                     
   221: 1.35827E-01  1.68015E-03  1.01410E-03  1.14771E-14  0.0  2.92154E-02                                
   222: 9.72267E-01  3.19571E-02  3.81097E-02  5.00328E-13  0.0  0.00000E+00    !COMP 6                     
   223: 1.31033E-01  1.68397E-03  9.81951E-04  1.08141E-14  0.0  2.82489E-02                                
   224: 9.34697E-01  3.14240E-02  3.51588E-02  4.61715E-13  0.0  0.00000E+00    !COMP 7                     
   225: 1.29379E-01  1.71972E-03  9.88437E-04  1.11322E-14  0.0  2.78895E-02                                
   226: 9.18171E-01  3.24715E-02  3.63251E-02  4.77078E-13  0.0  0.00000E+00    !COMP 8                     
   227: 1.27682E-01  1.74989E-03  9.95175E-04  1.12209E-14  0.0  2.75202E-02                                
   228: 9.01293E-01  3.35945E-02  3.74499E-02  4.91900E-13  0.0  0.00000E+00    !COMP 9                     
   229: 1.31116E-01  1.75528E-03  1.03522E-03  1.14771E-14  0.0  2.81877E-02                                
   230: 9.24925E-01  3.49853E-02  4.20693E-02  5.52387E-13  0.0  0.00000E+00    !COMP 10                    
   231: 1.29463E-01  1.79499E-03  1.04291E-03  1.18534E-14  0.0  2.78259E-02                                
   232: 9.08456E-01  3.61032E-02  4.33215E-02  5.68857E-13  0.0  0.00000E+00    !COMP 11                    
   233:                                                                                                     
   234: ! THERMAL-HYDRAULIC CARD                                                                            
   235: %THER                                                                                               
   236: 0.0001                                 ! Percent power in %                                         
   237: 693.75e6                               ! Reactor thermal power for quarter geometry in Watt         
   238: 559.15  82.12102                       ! Inlet coolant temp. (Kelvin) and Fuel Assembly Mass flow ra
   239: 4.11950E-03  6.8E-05  5.71E-04  1.2655E-2 ! Fuel meat rad., gap thinkness, cladding thinkness and pi
   240: 264  25                                ! Number of fuel pin and guide tubes                         
   241: 0.019                                  ! FRACTION OF HEAT DEPOSITED IN COOLANT                      
   242: 1                                                                                                   
   243:                                                                                                     
   244: %EJCT                                                                                               
   245: ! Final Bank Pos (steps)     Starts Move (seconds)     Speed (steps/seconds)                        
   246:      0.                     0.0                     0.0    ! Bank 1                                 
   247:      228.                   0.0                     0.0    ! Bank 2                                 
   248:      228.                   0.0                     2280.0       ! Bank 3                           
   249:      228.                   0.0                     0.0       ! Bank 4                              
   250:      0.                     0.0                     0.0       ! Bank 5                              
   251:      228.                   0.0                     0.0       ! Bank 6                              
   252:      228.                   0.0                     0.0       ! Bank 7                              
   253: 5.  0.005  1.0  0.05            ! (seconds) total time, 1st time step, when to start 2nd time step, 
   254: 0.0002584 0.00152 0.0013908 0.0030704 0.001102 0.0002584 !beta                                      
   255: 0.0128  0.0318  0.119   0.3181  1.4027  3.9286           !decay constants                           
   256: 2.8E7    4.4E5     ! Neutron velocity                                                               
   257: 1                                                                                                   
   258:                                                                                                     
   259: %ITER                                                                                               
   260: 1200 3 1.e-5 1.e-5 15 20 20 80                                                                      
   261:                                                                                                     
   262: %EXTR                                                                                               
  =============================INPUT DATA   ENDS HERE===========================



                              START READING INPUT
  ******************************************************************************
  CALCULATION MODE : ROD EJECTION CALCULATION WITH T-H FEEDBACK                  

  CASE ID : NEACRP Problem                                                                                      
  10.803 CM NODE SIZE                                                                                 


            >>>> READING MACROSCOPIC CROSS SECTIONS <<<<
            --------------------------------------------

     MATERIAL  1
    GROUP   TRANSPORT  DIFFUSION  ABSORPTION  REMOVAL    NU*FISS    KAP*FIS   FISS. SPCTR
       1     0.053206  6.264981   0.000373    0.026829   0.000000   0.000000  1.000000
       2     0.386406  0.862651   0.017722    0.017722   0.000000   0.000000  0.000000
   --SCATTERING MATRIX--
     G/G'          1          2
      1        0.000000    0.026455
      2        0.000000    0.000000

     MATERIAL  2
    GROUP   TRANSPORT  DIFFUSION  ABSORPTION  REMOVAL    NU*FISS    KAP*FIS   FISS. SPCTR
       1     0.295609  1.127616   0.001188    0.024349   0.000000   0.000000  1.000000
       2     2.459310  0.135539   0.252618    0.252618   0.000000   0.000000  0.000000
   --SCATTERING MATRIX--
     G/G'          1          2
      1        0.000000    0.023161
      2        0.000000    0.000000

     MATERIAL  3
    GROUP   TRANSPORT  DIFFUSION  ABSORPTION  REMOVAL    NU*FISS    KAP*FIS   FISS. SPCTR
       1     0.295609  1.127616   0.001188    0.021269   0.000000   0.000000  1.000000
       2     2.459310  0.135539   0.252618    0.252618   0.000000   0.000000  0.000000
   --SCATTERING MATRIX--
     G/G'          1          2
      1        0.000000    0.020081
      2        0.000000    0.000000

     MATERIAL  4
    GROUP   TRANSPORT  DIFFUSION  ABSORPTION  REMOVAL    NU*FISS    KAP*FIS   FISS. SPCTR
       1     0.222117  1.500711   0.008718    0.026968   0.004983   0.000000  1.000000
       2     0.803140  0.415038   0.065255    0.065255   0.083903   0.000000  0.000000
   --SCATTERING MATRIX--
     G/G'          1          2
      1        0.000000    0.018250
      2        0.000000    0.000000

     MATERIAL  5
    GROUP   TRANSPORT  DIFFUSION  ABSORPTION  REMOVAL    NU*FISS    KAP*FIS   FISS. SPCTR
       1     0.221914  1.502083   0.009061    0.027065   0.005577   0.000000  1.000000
       2     0.795538  0.419004   0.072335    0.072335   0.099863   0.000000  0.000000
   --SCATTERING MATRIX--
     G/G'          1          2
      1        0.000000    0.018004
      2        0.000000    0.000000

     MATERIAL  6
    GROUP   TRANSPORT  DIFFUSION  ABSORPTION  REMOVAL    NU*FISS    KAP*FIS   FISS. SPCTR
       1     0.221715  1.503432   0.009385    0.027152   0.006150   0.000000  1.000000
       2     0.789253  0.422340   0.078920    0.078920   0.114667   0.000000  0.000000
   --SCATTERING MATRIX--
     G/G'          1          2
      1        0.000000    0.017767
      2        0.000000    0.000000

     MATERIAL  7
    GROUP   TRANSPORT  DIFFUSION  ABSORPTION  REMOVAL    NU*FISS    KAP*FIS   FISS. SPCTR
       1     0.222039  1.501238   0.009317    0.026455   0.005550   0.000000  1.000000
       2     0.776230  0.429426   0.079633    0.079633   0.098558   0.000000  0.000000
   --SCATTERING MATRIX--
     G/G'          1          2
      1        0.000000    0.017138
      2        0.000000    0.000000

     MATERIAL  8
    GROUP   TRANSPORT  DIFFUSION  ABSORPTION  REMOVAL    NU*FISS    KAP*FIS   FISS. SPCTR
       1     0.222083  1.500940   0.009400    0.026250   0.005541   0.000000  1.000000
       2     0.769969  0.432918   0.082109    0.082109   0.098006   0.000000  0.000000
   --SCATTERING MATRIX--
     G/G'          1          2
      1        0.000000    0.016850
      2        0.000000    0.000000

     MATERIAL  9
    GROUP   TRANSPORT  DIFFUSION  ABSORPTION  REMOVAL    NU*FISS    KAP*FIS   FISS. SPCTR
       1     0.222127  1.500643   0.009483    0.026045   0.005531   0.000000  1.000000
       2     0.763813  0.436407   0.084591    0.084591   0.097411   0.000000  0.000000
   --SCATTERING MATRIX--
     G/G'          1          2
      1        0.000000    0.016563
      2        0.000000    0.000000

     MATERIAL 10
    GROUP   TRANSPORT  DIFFUSION  ABSORPTION  REMOVAL    NU*FISS    KAP*FIS   FISS. SPCTR
       1     0.221836  1.502612   0.009637    0.026542   0.006124   0.000000  1.000000
       2     0.770705  0.432504   0.086119    0.086119   0.113241   0.000000  0.000000
   --SCATTERING MATRIX--
     G/G'          1          2
      1        0.000000    0.016904
      2        0.000000    0.000000

     MATERIAL 11
    GROUP   TRANSPORT  DIFFUSION  ABSORPTION  REMOVAL    NU*FISS    KAP*FIS   FISS. SPCTR
       1     0.221878  1.502327   0.009719    0.026337   0.006114   0.000000  1.000000
       2     0.764704  0.435899   0.088549    0.088549   0.112635   0.000000  0.000000
   --SCATTERING MATRIX--
     G/G'          1          2
      1        0.000000    0.016618
      2        0.000000    0.000000

  ...Macroscopic CX Card is successfully read...


            >>>>>READING CORE GEOMETRY<<<<<
            -------------------------------
  Number of assembly in x, y and z directions respectively :
           9           9          18
  Number of nodes in x, y and z directions respectively :
          17          17          18

  x-directed nodes division (delta-x)
    10.80  10.80  10.80  10.80  10.80  10.80  10.80  10.80  10.80  10.80
    10.80  10.80  10.80  10.80  10.80  10.80  10.80
  y-directed nodes division (delta-y)
    10.80  10.80  10.80  10.80  10.80  10.80  10.80  10.80  10.80  10.80
    10.80  10.80  10.80  10.80  10.80  10.80  10.80

   Planar Region :  1
        1  2  3  4  5  6  7  8  9 10 11 12 13 14 15 16 17
    17  1  1  1  1  1  1  1  1  1  1  1  1  1  1  1  2  2 
    16  1  1  1  1  1  1  1  1  1  1  1  1  1  1  1  2  2 
    15  1  1  1  1  1  1  1  1  1  1  1  1  1  1  1  2  2 
    14  1  1  1  1  1  1  1  1  1  1  1  1  1  3  3  2  2 
    13  1  1  1  1  1  1  1  1  1  1  1  1  1  3  3  2  2 
    12  1  1  1  1  1  1  1  1  1  1  1  1  1  2  2       
    11  1  1  1  1  1  1  1  1  1  1  1  1  1  2  2       
    10  1  1  1  1  1  1  1  1  1  1  1  3  3  2  2       
     9  1  1  1  1  1  1  1  1  1  1  1  3  3  2  2       
     8  1  1  1  1  1  1  1  1  1  3  3  2  2             
     7  1  1  1  1  1  1  1  1  1  3  3  2  2             
     6  1  1  1  1  1  1  1  3  3  2  2                   
     5  1  1  1  1  1  1  1  3  3  2  2                   
     4  1  1  1  3  3  2  2  2  2                         
     3  1  1  1  3  3  2  2  2  2                         
     2  2  2  2  2  2                                     
     1  2  2  2  2  2                                     
   Planar Region :  2
        1  2  3  4  5  6  7  8  9 10 11 12 13 14 15 16 17
    17  4  5  5  4  4  5  5  4  4  5  5  4  4  6  6  2  2 
    16  5  4  4  5  5  4  4  5  5  4  4  6  6  6  6  2  2 
    15  5  4  4  5  5  4  4  5  5  4  4  6  6  6  6  2  2 
    14  4  5  5  4  4  5  5  4  4  5  5  6  6  3  3  2  2 
    13  4  5  5  4  4  5  5  4  4  5  5  6  6  3  3  2  2 
    12  5  4  4  5  5  4  4  5  5  6  6  6  6  2  2       
    11  5  4  4  5  5  4  4  5  5  6  6  6  6  2  2       
    10  4  5  5  4  4  5  5  4  4  6  6  3  3  2  2       
     9  4  5  5  4  4  5  5  4  4  6  6  3  3  2  2       
     8  5  4  4  5  5  6  6  6  6  3  3  2  2             
     7  5  4  4  5  5  6  6  6  6  3  3  2  2             
     6  4  6  6  6  6  6  6  3  3  2  2                   
     5  4  6  6  6  6  6  6  3  3  2  2                   
     4  6  6  6  3  3  2  2  2  2                         
     3  6  6  6  3  3  2  2  2  2                         
     2  2  2  2  2  2                                     
     1  2  2  2  2  2                                     
   Planar Region :  3
        1  2  3  4  5  6  7  8  9 10 11 12 13 14 15 16 17
    17  4  9  9  4  4  9  9  4  4  7  7  4  4  6  6  2  2 
    16  9  4  4  8  8  4  4  8  8  4  4  11 11 6  6  2  2 
    15  9  4  4  8  8  4  4  8  8  4  4  11 11 6  6  2  2 
    14  4  8  8  4  4  8  8  4  4  8  8  6  6  3  3  2  2 
    13  4  8  8  4  4  8  8  4  4  8  8  6  6  3  3  2  2 
    12  9  4  4  8  8  4  4  8  8  10 10 6  6  2  2       
    11  9  4  4  8  8  4  4  8  8  10 10 6  6  2  2       
    10  4  8  8  4  4  8  8  4  4  6  6  3  3  2  2       
     9  4  8  8  4  4  8  8  4  4  6  6  3  3  2  2       
     8  7  4  4  8  8  10 10 6  6  3  3  2  2             
     7  7  4  4  8  8  10 10 6  6  3  3  2  2             
     6  4  11 11 6  6  6  6  3  3  2  2                   
     5  4  11 11 6  6  6  6  3  3  2  2                   
     4  6  6  6  3  3  2  2  2  2                         
     3  6  6  6  3  3  2  2  2  2                         
     2  2  2  2  2  2                                     
     1  2  2  2  2  2                                     

  Planar Region Assignment to planes.
 --------------------------------------
   Plane Number     Planar Region    delta-z
       18 (TOP)            1          30.00
       17                  3           8.00
       16                  3          12.80
       15                  3          12.80
       14                  3          30.00
       13                  3          30.00
       12                  3          30.00
       11                  3          30.00
       10                  3          30.00
        9                  3          30.00
        8                  3          30.00
        7                  3          30.00
        6                  3          30.00
        5                  3          30.00
        4                  3          15.00
        3                  3          11.00
        2                  2           7.70
        1 (BOTTOM)         1          30.00

   Boundary conditions
  X-directed West   : REFLECTIVE
  X-directed East   : ZERO FLUX
  Y-directed North  : REFLECTIVE
  Y-directed South  : ZERO FLUX
  Z-directed Bottom : ZERO FLUX
  Z-directed Top    : ZERO FLUX

  ...Core geometry is successfully read...


            >>>> READING CONTROL RODS INSERTION <<<<
            --------------------------------------------
  NUMBER OF CONTROL ROD BANK  :  7
  MAX. NUMBER OF STEPS        : 228
  FULLY INSERTED POSITION (cm): 37.7 (FROM BOTTOM OF THE CORE)
  STEP SIZE (cm)              :   1.5942
  INITIAL CONTROL ROD BANK POSITION (STEPS) : 
  (0 means fully inserted) 
    Bank  1  Bank  2  Bank  3  Bank  4  Bank  5  Bank  6  Bank  7
      0.0    228.0      0.0    228.0      0.0    228.0    228.0

  CONTROL ROD BANK MAP : 
  1  0  2  0  0  0  3  0  0
  0  4  0  0  0  6  0  0  0
  2  0  5  0  6  0  6  0  0
  0  0  0  4  0  0  0  0  0
  0  0  6  0  7  0  0  0  0
  0  6  0  0  0  0  0  0  0
  3  0  6  0  0  0  0  0  0
  0  0  0  0  0  0  0  0  0
  0  0  0  0  0  0  0  0  0

  MATERIAL CX INCREMENT OR DECREMENT DUE TO CR INSERTION : 
    MATERIAL  1
    GROUP   TRANSPORT  ABSORPTION      NU*FISS      FISSION
       1     0.003732    0.002478    -0.000103    -0.000000
       2    -0.021993    0.025587    -0.002823    -0.000000
   --SCATTERING MATRIX--
     G/G'        1        2
      1      0.000000 -0.003193
      2      0.000000  0.000000
    MATERIAL  2
    GROUP   TRANSPORT  ABSORPTION      NU*FISS      FISSION
       1     0.003732    0.002478    -0.000103    -0.000000
       2    -0.021993    0.025587    -0.002823    -0.000000
   --SCATTERING MATRIX--
     G/G'        1        2
      1      0.000000 -0.003193
      2      0.000000  0.000000
    MATERIAL  3
    GROUP   TRANSPORT  ABSORPTION      NU*FISS      FISSION
       1     0.003732    0.002478    -0.000103    -0.000000
       2    -0.021993    0.025587    -0.002823    -0.000000
   --SCATTERING MATRIX--
     G/G'        1        2
      1      0.000000 -0.003193
      2      0.000000  0.000000
    MATERIAL  4
    GROUP   TRANSPORT  ABSORPTION      NU*FISS      FISSION
       1     0.003732    0.002478    -0.000103    -0.000000
       2    -0.021993    0.025587    -0.002823    -0.000000
   --SCATTERING MATRIX--
     G/G'        1        2
      1      0.000000 -0.003193
      2      0.000000  0.000000
    MATERIAL  5
    GROUP   TRANSPORT  ABSORPTION      NU*FISS      FISSION
       1     0.003732    0.002478    -0.000103    -0.000000
       2    -0.021993    0.025587    -0.002823    -0.000000
   --SCATTERING MATRIX--
     G/G'        1        2
      1      0.000000 -0.003193
      2      0.000000  0.000000
    MATERIAL  6
    GROUP   TRANSPORT  ABSORPTION      NU*FISS      FISSION
       1     0.003741    0.002429    -0.000123    -0.000000
       2    -0.016750    0.025648    -0.003281    -0.000000
   --SCATTERING MATRIX--
     G/G'        1        2
      1      0.000000 -0.003142
      2      0.000000  0.000000
    MATERIAL  7
    GROUP   TRANSPORT  ABSORPTION      NU*FISS      FISSION
       1     0.003732    0.002478    -0.000103    -0.000000
       2    -0.021993    0.025587    -0.002823    -0.000000
   --SCATTERING MATRIX--
     G/G'        1        2
      1      0.000000 -0.003193
      2      0.000000  0.000000
    MATERIAL  8
    GROUP   TRANSPORT  ABSORPTION      NU*FISS      FISSION
       1     0.003732    0.002478    -0.000103    -0.000000
       2    -0.021993    0.025587    -0.002823    -0.000000
   --SCATTERING MATRIX--
     G/G'        1        2
      1      0.000000 -0.003193
      2      0.000000  0.000000
    MATERIAL  9
    GROUP   TRANSPORT  ABSORPTION      NU*FISS      FISSION
       1     0.003732    0.002478    -0.000103    -0.000000
       2    -0.021993    0.025587    -0.002823    -0.000000
   --SCATTERING MATRIX--
     G/G'        1        2
      1      0.000000 -0.003193
      2      0.000000  0.000000
    MATERIAL 10
    GROUP   TRANSPORT  ABSORPTION      NU*FISS      FISSION
       1     0.003732    0.002478    -0.000103    -0.000000
       2    -0.021993    0.025587    -0.002823    -0.000000
   --SCATTERING MATRIX--
     G/G'        1        2
      1      0.000000 -0.003193
      2      0.000000  0.000000
    MATERIAL 11
    GROUP   TRANSPORT  ABSORPTION      NU*FISS      FISSION
       1     0.003732    0.002478    -0.000103    -0.000000
       2    -0.021993    0.025587    -0.002823    -0.000000
   --SCATTERING MATRIX--
     G/G'        1        2
      1      0.000000 -0.003193
      2      0.000000  0.000000

  ...Control Rods Insertion card is successfully read...


            >>>>     READING ROD EJECTION DATA      <<<<
            --------------------------------------------
                           Bank  1  Bank  2  Bank  3  Bank  4  Bank  5  Bank  6  Bank  7
  FINAL BANK POS. (STEP)      0.0    228.0    228.0    228.0      0.0    228.0    228.0
  STARTS MOVE (SECOND)        0.0      0.0      0.0      0.0      0.0      0.0      0.0
  SPEED (STEP/SECOND)         0.0      0.0   2280.0      0.0      0.0      0.0      0.0

  TIME PARAMETERS IN SECONDS : 
    TOTAL SIMULATION TIME         :   5.00
    FIRST TIME STEP               : 0.0050
    SECOND TIME STEP              : 0.0500
    WHEN SECOND TIME STEP APPLY?  :   1.00

  DELAYED NEUTRON FRACTION : 
    0.00026    0.00152    0.00139    0.00307    0.00110    0.00026

  PRECUSOR DECAY CONSTANT (1/s): 
    0.01280    0.03180    0.11900    0.31810    1.40270    3.92860

  NEUTRON VELOCITY (cm/s) : 
    2.80000E+07    4.40000E+05

  ...Rod Ejection Card is successfully read...


            >>>>>READING ITERATION CONTROL<<<<<
            ------------------------------------
  MAXIMUM NUMBER OF OUTER ITERATION                     :  1200
  MAXIMUM NUMBER OF INNER ITERATION                     :     3
  FISSION SOURCE ERROR CRITERIA                     :    1.000E-05
  FLUX ERROR CRITERIA                               :    1.000E-05
  OUTER ITERATION FISSION SOURCE EXTRAPOLATION INTERVAL :    15
  NODAL UPDATE INTERVAL                                 :    20
  MAX. NUMBER OF T-H ITERATION                          :    20
  MAX. NUMBER OF OUTER ITERATION PER T-H ITERATION      :    80


            >>>>   READING THERMAL-HYDRAULIC DATA   <<<<
            --------------------------------------------
  REACTOR PERCENT POWER (%)                :      0.00010
  REACTOR POWER (Watt)                     :   6.9375E+08
  COOLANT INLET TEMPERATURE (Kelvin)       :   5.5915E+02
  FUEL ASSEMBLY MASS FLOW RATE (Kg/s)      :   8.2121E+01
  FUEL MEAT RADIUS (m)                     :   4.1195E-03
  GAP THICKNESS (m)                        :   6.8000E-05
  CLAD THICKNESS (m)                       :   5.7100E-04
  PIN PITCH(m)                             :   1.2655E-02
  FRACTION OF HEAT DEPOSITED IN COOL.      :   1.9000E-02

  ...Thermal-hydraulic Card is successfully read...


            >>>>       READING BORON CONCENTRATION        <<<<
            --------------------------------------------------
  BORON CONCENTRATION SET       : 1247.38
  BORON CONCENTRATION REFERENCE : 1200.20

  MATERIAL CX CHANGES PER PPM BORON CHANGES : 
    MATERIAL  1
     GROUP   TRANSPORT   ABSORPTION   NU*FISS       FISSION
       1     0.000000    0.000000   0.00000E+00   0.00000E+00
       2     0.000005    0.000010   0.00000E+00   0.00000E+00
   --SCATTERING MATRIX--
     G/G'          1          2
      1      0.00000E+00  0.79146E-09
      2      0.00000E+00  0.00000E+00
    MATERIAL  2
     GROUP   TRANSPORT   ABSORPTION   NU*FISS       FISSION
       1     0.000000    0.000000   0.00000E+00   0.00000E+00
       2     0.000776    0.000084   0.00000E+00   0.00000E+00
   --SCATTERING MATRIX--
     G/G'          1          2
      1      0.00000E+00  0.00000E+00
      2      0.00000E+00  0.00000E+00
    MATERIAL  3
     GROUP   TRANSPORT   ABSORPTION   NU*FISS       FISSION
       1     0.000000    0.000000   0.00000E+00   0.00000E+00
       2     0.000776    0.000084   0.00000E+00   0.00000E+00
   --SCATTERING MATRIX--
     G/G'          1          2
      1      0.00000E+00  0.00000E+00
      2      0.00000E+00  0.00000E+00
    MATERIAL  4
     GROUP   TRANSPORT   ABSORPTION   NU*FISS       FISSION
       1     0.000000    0.000000  -0.11210E-08  -0.17619E-19
       2    -0.000010    0.000007  -0.24305E-05  -0.31909E-16
   --SCATTERING MATRIX--
     G/G'          1          2
      1      0.00000E+00 -0.10859E-06
      2      0.00000E+00  0.00000E+00
    MATERIAL  5
     GROUP   TRANSPORT   ABSORPTION   NU*FISS       FISSION
       1     0.000000    0.000000  -0.16788E-08  -0.24996E-19
       2    -0.000009    0.000007  -0.27244E-05  -0.35768E-16
   --SCATTERING MATRIX--
     G/G'          1          2
      1      0.00000E+00 -0.10695E-06
      2      0.00000E+00  0.00000E+00
    MATERIAL  6
     GROUP   TRANSPORT   ABSORPTION   NU*FISS       FISSION
       1     0.000000    0.000000  -0.22104E-08  -0.32023E-19
       2    -0.000007    0.000007  -0.29588E-05  -0.38845E-16
   --SCATTERING MATRIX--
     G/G'          1          2
      1      0.00000E+00 -0.10537E-06
      2      0.00000E+00  0.00000E+00
    MATERIAL  7
     GROUP   TRANSPORT   ABSORPTION   NU*FISS       FISSION
       1     0.000000    0.000000  -0.17132E-08  -0.24996E-19
       2    -0.000007    0.000006  -0.25536E-05  -0.33522E-16
   --SCATTERING MATRIX--
     G/G'          1          2
      1      0.00000E+00 -0.10087E-06
      2      0.00000E+00  0.00000E+00
    MATERIAL  8
     GROUP   TRANSPORT   ABSORPTION   NU*FISS       FISSION
       1     0.000000    0.000000  -0.17242E-08  -0.25490E-19
       2    -0.000006    0.000006  -0.24888E-05  -0.32670E-16
   --SCATTERING MATRIX--
     G/G'          1          2
      1      0.00000E+00 -0.98858E-07
      2      0.00000E+00  0.00000E+00
    MATERIAL  9
     GROUP   TRANSPORT   ABSORPTION   NU*FISS       FISSION
       1     0.000000    0.000000  -0.17350E-08  -0.25605E-19
       2    -0.000006    0.000006  -0.24224E-05  -0.31798E-16
   --SCATTERING MATRIX--
     G/G'          1          2
      1      0.00000E+00 -0.96849E-07
      2      0.00000E+00  0.00000E+00
    MATERIAL 10
     GROUP   TRANSPORT   ABSORPTION   NU*FISS       FISSION
       1     0.000000    0.000000  -0.22434E-08  -0.32023E-19
       2    -0.000006    0.000006  -0.27766E-05  -0.36451E-16
   --SCATTERING MATRIX--
     G/G'          1          2
      1      0.00000E+00 -0.99331E-07
      2      0.00000E+00  0.00000E+00
    MATERIAL 11
     GROUP   TRANSPORT   ABSORPTION   NU*FISS       FISSION
       1     0.000000    0.000000  -0.22537E-08  -0.32487E-19
       2    -0.000005    0.000006  -0.27078E-05  -0.35548E-16
   --SCATTERING MATRIX--
     G/G'          1          2
      1      0.00000E+00 -0.97329E-07
      2      0.00000E+00  0.00000E+00

  ...Boron Concentration card is successfully read...


            >>>>      READING FUEL TEMPERATURE      <<<<
            --------------------------------------------

  ...Fuel Temperature is card successfully read...


            >>>>   READING MODERATOR TEMPERATURE    <<<<
            --------------------------------------------

  ...Moderator Temperature Card is successfully read...


            >>>>       READING COOLANT DENSITY      <<<<
            --------------------------------------------

  ...Coolant Density Card is successfully read...


  ************************  STOP READING INPUT  ********************************

  TRANSIENT RESULTS :

  Step  Time(s)  React.($)   Rel. Power   Avg. Tm   Max. Tm   Avg. Tf   Max. Tf
 --------------------------------------------------------------------------------
   0     0.000    0.0000     1.0000E-06    286.00    286.00    286.00    286.00
   1     0.005    0.0039     1.0031E-06    286.00    286.00    286.00    286.00
   2     0.010    0.0126     1.0116E-06    286.00    286.00    286.00    286.00
   3     0.015    0.0325     1.0308E-06    286.00    286.00    286.00    286.00
   4     0.020    0.0639     1.0617E-06    286.00    286.00    286.00    286.00
   5     0.025    0.1213     1.1191E-06    286.00    286.00    286.00    286.00
   6     0.030    0.1921     1.2006E-06    286.00    286.00    286.00    286.00
   7     0.035    0.2823     1.3195E-06    286.00    286.00    286.00    286.00
   8     0.040    0.4069     1.5102E-06    286.00    286.00    286.00    286.00
   9     0.045    0.4947     1.7293E-06    286.00    286.00    286.00    286.00
  10     0.050    0.6147     2.0556E-06    286.00    286.00    286.00    286.00
  11     0.055    0.7066     2.4716E-06    286.00    286.00    286.00    286.00
  12     0.060    0.7915     3.0194E-06    286.00    286.00    286.00    286.00
  13     0.065    0.8842     3.8198E-06    286.00    286.00    286.00    286.00
  14     0.070    0.9260     4.7689E-06    286.00    286.00    286.00    286.00
  15     0.075    0.9826     6.0688E-06    286.00    286.00    286.00    286.00
  16     0.080    1.0176     7.7355E-06    286.00    286.00    286.00    286.00
  17     0.085    1.0445     9.8580E-06    286.00    286.00    286.00    286.00
  18     0.090    1.0684     1.2618E-05    286.00    286.00    286.00    286.00
  19     0.095    1.0767     1.5927E-05    286.00    286.00    286.00    286.00
  20     0.100    1.0795     1.9798E-05    286.00    286.00    286.00    286.00
  21     0.105    1.0802     2.4261E-05    286.00    286.00    286.00    286.00
  22     0.110    1.0806     2.9426E-05    286.00    286.00    286.00    286.00
  23     0.115    1.0809     3.5452E-05    286.00    286.00    286.00    286.00
  24     0.120    1.0812     4.2453E-05    286.00    286.00    286.00    286.00
  25     0.125    1.0814     5.0577E-05    286.00    286.00    286.00    286.00
  26     0.130    1.0816     6.0004E-05    286.00    286.00    286.00    286.00
  27     0.135    1.0817     7.0973E-05    286.00    286.00    286.00    286.00
  28     0.140    1.0818     8.3583E-05    286.00    286.00    286.00    286.00
  29     0.145    1.0819     9.8208E-05    286.00    286.00    286.00    286.00
  30     0.150    1.0819     1.1525E-04    286.00    286.00    286.00    286.00
  31     0.155    1.0820     1.3507E-04    286.00    286.00    286.00    286.00
  32     0.160    1.0821     1.5811E-04    286.00    286.00    286.00    286.00
  33     0.165    1.0822     1.8509E-04    286.00    286.00    286.00    286.00
  34     0.170    1.0822     2.1624E-04    286.00    286.00    286.00    286.00
  35     0.175    1.0822     2.5278E-04    286.00    286.00    286.00    286.00
  36     0.180    1.0822     2.9481E-04    286.00    286.00    286.00    286.00
  37     0.185    1.0823     3.4424E-04    286.00    286.00    286.00    286.00
  38     0.190    1.0823     4.0129E-04    286.00    286.00    286.00    286.00
  39     0.195    1.0823     4.6802E-04    286.00    286.00    286.00    286.00
  40     0.200    1.0823     5.4593E-04    286.00    286.00    286.00    286.01
  41     0.205    1.0823     6.3533E-04    286.00    286.00    286.00    286.01
  42     0.210    1.0824     7.4068E-04    286.00    286.00    286.00    286.01
  43     0.215    1.0823     8.6222E-04    286.00    286.00    286.00    286.01
  44     0.220    1.0823     1.0032E-03    286.00    286.00    286.00    286.01
  45     0.225    1.0823     1.1668E-03    286.00    286.00    286.00    286.01
  46     0.230    1.0824     1.3595E-03    286.00    286.00    286.01    286.01
  47     0.235    1.0823     1.5811E-03    286.00    286.00    286.01    286.02
  48     0.240    1.0824     1.8419E-03    286.00    286.00    286.01    286.02
  49     0.245    1.0824     2.1447E-03    286.00    286.00    286.01    286.02
  50     0.250    1.0824     2.4981E-03    286.00    286.00    286.01    286.02
  51     0.255    1.0823     2.9051E-03    286.00    286.00    286.01    286.03
  52     0.260    1.0824     3.3842E-03    286.00    286.00    286.01    286.03
  53     0.265    1.0824     3.9415E-03    286.00    286.00    286.01    286.04
  54     0.270    1.0823     4.5905E-03    286.00    286.00    286.02    286.04
  55     0.275    1.0823     5.3443E-03    286.00    286.00    286.02    286.05
  56     0.280    1.0823     6.2141E-03    286.00    286.00    286.02    286.06
  57     0.285    1.0822     7.2247E-03    286.00    286.00    286.03    286.07
  58     0.290    1.0822     8.4026E-03    286.00    286.00    286.03    286.08
  59     0.295    1.0822     9.7843E-03    286.00    286.00    286.04    286.10
  60     0.300    1.0822     1.1370E-02    286.00    286.00    286.04    286.11
  61     0.305    1.0822     1.3235E-02    286.00    286.00    286.05    286.13
  62     0.310    1.0821     1.5382E-02    286.00    286.00    286.06    286.15
  63     0.315    1.0820     1.7905E-02    286.00    286.00    286.06    286.17
  64     0.320    1.0820     2.0836E-02    286.00    286.00    286.08    286.20
  65     0.325    1.0819     2.4202E-02    286.00    286.00    286.09    286.24
  66     0.330    1.0818     2.8115E-02    286.00    286.00    286.10    286.27
  67     0.335    1.0817     3.2707E-02    286.00    286.00    286.12    286.32
  68     0.340    1.0816     3.8031E-02    286.00    286.00    286.14    286.37
  69     0.345    1.0814     4.4229E-02    286.00    286.01    286.16    286.43
  70     0.350    1.0813     5.1420E-02    286.00    286.01    286.19    286.50
  71     0.355    1.0811     5.9767E-02    286.00    286.01    286.22    286.58
  72     0.360    1.0809     6.9468E-02    286.00    286.01    286.25    286.68
  73     0.365    1.0806     8.0595E-02    286.00    286.01    286.29    286.79
  74     0.370    1.0803     9.3466E-02    286.01    286.01    286.34    286.92
  75     0.375    1.0800     1.0830E-01    286.01    286.01    286.40    287.06
  76     0.380    1.0796     1.2560E-01    286.01    286.02    286.46    287.24
  77     0.385    1.0791     1.4541E-01    286.01    286.02    286.53    287.44
  78     0.390    1.0786     1.6839E-01    286.01    286.02    286.62    287.67
  79     0.395    1.0780     1.9484E-01    286.01    286.03    286.72    287.93
  80     0.400    1.0772     2.2487E-01    286.01    286.03    286.83    288.24
  81     0.405    1.0765     2.5962E-01    286.02    286.03    286.96    288.59
  82     0.410    1.0755     2.9936E-01    286.02    286.04    287.11    289.00
  83     0.415    1.0744     3.4414E-01    286.02    286.05    287.29    289.47
  84     0.420    1.0731     3.9508E-01    286.02    286.05    287.49    290.01
  85     0.425    1.0717     4.5309E-01    286.03    286.06    287.72    290.63
  86     0.430    1.0701     5.1862E-01    286.03    286.07    287.98    291.34
  87     0.435    1.0682     5.9109E-01    286.04    286.08    288.28    292.14
  88     0.440    1.0661     6.7264E-01    286.04    286.09    288.61    293.06
  89     0.445    1.0636     7.6147E-01    286.05    286.11    289.00    294.10
  90     0.450    1.0609     8.6023E-01    286.06    286.13    289.43    295.27
  91     0.455    1.0577     9.6589E-01    286.06    286.14    289.91    296.58
  92     0.460    1.0542     1.0796E+00    286.07    286.16    290.45    298.05
  93     0.465    1.0503     1.2015E+00    286.08    286.19    291.05    299.68
  94     0.470    1.0459     1.3276E+00    286.10    286.21    291.70    301.48
  95     0.475    1.0412     1.4590E+00    286.11    286.24    292.42    303.46
  96     0.480    1.0359     1.5901E+00    286.12    286.28    293.20    305.61
  97     0.485    1.0302     1.7190E+00    286.14    286.31    294.04    307.93
  98     0.490    1.0240     1.8434E+00    286.16    286.35    294.94    310.42
  99     0.495    1.0174     1.9621E+00    286.18    286.40    295.89    313.06
 100     0.500    1.0103     2.0676E+00    286.20    286.44    296.88    315.85
 101     0.505    1.0029     2.1575E+00    286.22    286.50    297.90    318.74
 102     0.510    0.9951     2.2284E+00    286.24    286.55    298.95    321.73
 103     0.515    0.9872     2.2798E+00    286.27    286.61    300.01    324.78
 104     0.520    0.9790     2.3096E+00    286.30    286.67    301.07    327.87
 105     0.525    0.9707     2.3177E+00    286.33    286.74    302.13    330.96
 106     0.530    0.9625     2.3077E+00    286.36    286.81    303.16    334.04
 107     0.535    0.9542     2.2778E+00    286.39    286.88    304.17    337.06
 108     0.540    0.9460     2.2300E+00    286.43    286.96    305.14    340.02
 109     0.545    0.9377     2.1639E+00    286.46    287.04    306.06    342.89
 110     0.550    0.9298     2.0859E+00    286.50    287.12    306.93    345.65
 111     0.555    0.9221     2.0012E+00    286.54    287.21    307.76    348.29
 112     0.560    0.9146     1.9121E+00    286.58    287.30    308.52    350.81
 113     0.565    0.9073     1.8185E+00    286.62    287.39    309.24    353.21
 114     0.570    0.9002     1.7247E+00    286.66    287.48    309.90    355.47
 115     0.575    0.8934     1.6325E+00    286.70    287.58    310.51    357.62
 116     0.580    0.8868     1.5440E+00    286.75    287.67    311.07    359.64
 117     0.585    0.8805     1.4605E+00    286.79    287.77    311.59    361.56
 118     0.590    0.8744     1.3831E+00    286.84    287.87    312.08    363.37
 119     0.595    0.8684     1.3116E+00    286.88    287.98    312.52    365.08
 120     0.600    0.8626     1.2452E+00    286.93    288.08    312.94    366.71
 121     0.605    0.8568     1.1839E+00    286.98    288.19    313.32    368.25
 122     0.610    0.8514     1.1300E+00    287.02    288.29    313.68    369.72
 123     0.615    0.8460     1.0797E+00    287.07    288.40    314.01    371.13
 124     0.620    0.8406     1.0347E+00    287.12    288.52    314.33    372.48
 125     0.625    0.8354     9.9392E-01    287.17    288.63    314.63    373.77
 126     0.630    0.8303     9.5694E-01    287.22    288.74    314.91    375.01
 127     0.635    0.8252     9.2401E-01    287.27    288.86    315.18    376.21
 128     0.640    0.8202     8.9431E-01    287.32    288.97    315.44    377.37
 129     0.645    0.8154     8.6684E-01    287.37    289.09    315.68    378.49
 130     0.650    0.8106     8.4192E-01    287.42    289.20    315.92    379.59
 131     0.655    0.8058     8.1976E-01    287.47    289.32    316.15    380.65
 132     0.660    0.8011     7.9934E-01    287.52    289.44    316.37    381.68
 133     0.665    0.7964     7.8044E-01    287.57    289.55    316.58    382.69
 134     0.670    0.7917     7.6264E-01    287.62    289.67    316.78    383.67
 135     0.675    0.7872     7.4589E-01    287.67    289.79    316.98    384.64
 136     0.680    0.7827     7.3066E-01    287.72    289.90    317.18    385.58
 137     0.685    0.7783     7.1646E-01    287.77    290.02    317.37    386.50
 138     0.690    0.7739     7.0305E-01    287.82    290.13    317.55    387.41
 139     0.695    0.7696     6.9053E-01    287.87    290.24    317.73    388.30
 140     0.700    0.7653     6.7872E-01    287.92    290.36    317.91    389.17
 141     0.705    0.7610     6.6736E-01    287.97    290.47    318.08    390.03
 142     0.710    0.7568     6.5651E-01    288.02    290.58    318.25    390.87
 143     0.715    0.7527     6.4625E-01    288.07    290.69    318.41    391.70
 144     0.720    0.7486     6.3656E-01    288.12    290.80    318.58    392.52
 145     0.725    0.7446     6.2729E-01    288.16    290.91    318.73    393.33
 146     0.730    0.7406     6.1836E-01    288.21    291.01    318.89    394.12
 147     0.735    0.7366     6.0981E-01    288.26    291.12    319.04    394.90
 148     0.740    0.7327     6.0149E-01    288.31    291.23    319.19    395.67
 149     0.745    0.7289     5.9363E-01    288.35    291.33    319.34    396.43
 150     0.750    0.7251     5.8598E-01    288.40    291.44    319.49    397.18
 151     0.755    0.7213     5.7856E-01    288.44    291.54    319.63    397.92
 152     0.760    0.7176     5.7152E-01    288.49    291.65    319.77    398.65
 153     0.765    0.7140     5.6483E-01    288.53    291.75    319.91    399.38
 154     0.770    0.7104     5.5837E-01    288.58    291.85    320.04    400.09
 155     0.775    0.7069     5.5209E-01    288.62    291.95    320.18    400.79
 156     0.780    0.7034     5.4605E-01    288.67    292.06    320.31    401.49
 157     0.785    0.6999     5.4023E-01    288.71    292.17    320.44    402.18
 158     0.790    0.6966     5.3459E-01    288.75    292.27    320.57    402.86
 159     0.795    0.6932     5.2916E-01    288.80    292.38    320.69    403.54
 160     0.800    0.6899     5.2392E-01    288.84    292.49    320.82    404.20
 161     0.805    0.6867     5.1887E-01    288.88    292.60    320.94    404.86
 162     0.810    0.6836     5.1397E-01    288.92    292.70    321.07    405.52
 163     0.815    0.6804     5.0923E-01    288.96    292.81    321.19    406.16
 164     0.820    0.6774     5.0465E-01    289.00    292.91    321.31    406.81
 165     0.825    0.6744     5.0026E-01    289.04    293.01    321.42    407.44
 166     0.830    0.6714     4.9594E-01    289.08    293.12    321.54    408.07
 167     0.835    0.6685     4.9185E-01    289.12    293.22    321.66    408.69
 168     0.840    0.6656     4.8789E-01    289.16    293.32    321.77    409.31
 169     0.845    0.6628     4.8402E-01    289.19    293.41    321.88    409.93
 170     0.850    0.6601     4.8027E-01    289.23    293.51    321.99    410.53
 171     0.855    0.6574     4.7663E-01    289.27    293.61    322.11    411.14
 172     0.860    0.6547     4.7312E-01    289.31    293.70    322.21    411.73
 173     0.865    0.6521     4.6972E-01    289.34    293.80    322.32    412.33
 174     0.870    0.6495     4.6640E-01    289.38    293.89    322.43    412.92
 175     0.875    0.6470     4.6319E-01    289.41    293.98    322.54    413.50
 176     0.880    0.6446     4.6011E-01    289.45    294.07    322.64    414.08
 177     0.885    0.6422     4.5713E-01    289.48    294.16    322.75    414.66
 178     0.890    0.6398     4.5423E-01    289.51    294.24    322.85    415.23
 179     0.895    0.6375     4.5142E-01    289.55    294.33    322.96    415.80
 180     0.900    0.6352     4.4869E-01    289.58    294.41    323.06    416.36
 181     0.905    0.6330     4.4603E-01    289.61    294.50    323.16    416.92
 182     0.910    0.6308     4.4347E-01    289.64    294.58    323.26    417.48
 183     0.915    0.6287     4.4099E-01    289.68    294.66    323.36    418.03
 184     0.920    0.6266     4.3857E-01    289.71    294.73    323.46    418.58
 185     0.925    0.6245     4.3624E-01    289.74    294.81    323.56    419.12
 186     0.930    0.6225     4.3397E-01    289.77    294.90    323.66    419.67
 187     0.935    0.6205     4.3178E-01    289.80    294.99    323.75    420.20
 188     0.940    0.6186     4.2963E-01    289.83    295.08    323.85    420.74
 189     0.945    0.6167     4.2756E-01    289.85    295.17    323.95    421.27
 190     0.950    0.6149     4.2555E-01    289.88    295.26    324.04    421.80
 191     0.955    0.6131     4.2359E-01    289.91    295.34    324.14    422.33
 192     0.960    0.6113     4.2169E-01    289.94    295.43    324.23    422.85
 193     0.965    0.6096     4.1985E-01    289.96    295.51    324.32    423.37
 194     0.970    0.6079     4.1807E-01    289.99    295.59    324.42    423.89
 195     0.975    0.6062     4.1633E-01    290.02    295.67    324.51    424.41
 196     0.980    0.6046     4.1465E-01    290.04    295.75    324.60    424.92
 197     0.985    0.6030     4.1302E-01    290.07    295.83    324.69    425.43
 198     0.990    0.6014     4.1143E-01    290.09    295.91    324.78    425.94
 199     0.995    0.5999     4.0988E-01    290.11    295.98    324.87    426.44
 200     1.000    0.5984     4.0837E-01    290.14    296.05    324.96    426.94
 201     1.050    0.5971     4.0641E-01    290.33    296.63    325.87    431.86
 202     1.100    0.5850     3.9686E-01    290.48    297.14    326.72    436.58
 203     1.150    0.5746     3.8828E-01    290.61    297.64    327.53    441.10
 204     1.200    0.5657     3.8125E-01    290.71    298.04    328.30    445.45
 205     1.250    0.5578     3.7549E-01    290.80    298.39    329.04    449.63
 206     1.300    0.5506     3.7053E-01    290.87    298.70    329.74    453.65
 207     1.350    0.5441     3.6623E-01    290.93    298.95    330.42    457.52
 208     1.400    0.5379     3.6257E-01    290.98    299.15    331.06    461.24
 209     1.450    0.5321     3.5919E-01    291.03    299.32    331.69    464.83
 210     1.500    0.5265     3.5626E-01    291.07    299.47    332.29    468.30
 211     1.550    0.5212     3.5348E-01    291.11    299.60    332.86    471.63
 212     1.600    0.5160     3.5094E-01    291.14    299.71    333.42    474.85
 213     1.650    0.5110     3.4861E-01    291.18    299.82    333.96    477.95
 214     1.700    0.5062     3.4646E-01    291.21    299.91    334.48    480.94
 215     1.750    0.5015     3.4446E-01    291.24    300.00    334.98    483.82
 216     1.800    0.4969     3.4258E-01    291.27    300.08    335.46    486.61
 217     1.850    0.4924     3.4080E-01    291.30    300.15    335.92    489.30
 218     1.900    0.4880     3.3927E-01    291.33    300.23    336.38    491.89
 219     1.950    0.4837     3.3773E-01    291.36    300.30    336.81    494.40
 220     2.000    0.4796     3.3628E-01    291.39    300.38    337.24    496.83
 221     2.050    0.4755     3.3491E-01    291.42    300.45    337.65    499.17
 222     2.100    0.4716     3.3360E-01    291.45    300.52    338.04    501.44
 223     2.150    0.4677     3.3240E-01    291.48    300.59    338.43    503.63
 224     2.200    0.4640     3.3129E-01    291.51    300.66    338.80    505.76
 225     2.250    0.4604     3.3024E-01    291.53    300.72    339.16    507.81
 226     2.300    0.4568     3.2926E-01    291.56    300.79    339.52    509.81
 227     2.350    0.4533     3.2833E-01    291.58    300.85    339.86    511.74
 228     2.400    0.4499     3.2747E-01    291.61    300.92    340.19    513.61
 229     2.450    0.4466     3.2668E-01    291.63    300.98    340.51    515.43
 230     2.500    0.4434     3.2594E-01    291.66    301.04    340.82    517.19
 231     2.550    0.4403     3.2524E-01    291.68    301.10    341.13    518.90
 232     2.600    0.4372     3.2460E-01    291.70    301.16    341.42    520.56
 233     2.650    0.4342     3.2401E-01    291.73    301.21    341.71    522.18
 234     2.700    0.4313     3.2346E-01    291.75    301.27    341.99    523.75
 235     2.750    0.4284     3.2295E-01    291.77    301.33    342.27    525.28
 236     2.800    0.4257     3.2248E-01    291.79    301.38    342.53    526.76
 237     2.850    0.4229     3.2216E-01    291.81    301.43    342.80    528.21
 238     2.900    0.4202     3.2168E-01    291.84    301.49    343.05    529.62
 239     2.950    0.4176     3.2140E-01    291.86    301.54    343.30    531.00
 240     3.000    0.4151     3.2099E-01    291.88    301.59    343.54    532.33
 241     3.050    0.4126     3.2076E-01    291.90    301.64    343.78    533.64
 242     3.100    0.4101     3.2051E-01    291.91    301.68    344.01    534.92
 243     3.150    0.4077     3.2027E-01    291.93    301.73    344.23    536.16
 244     3.200    0.4053     3.2005E-01    291.95    301.78    344.46    537.38
 245     3.250    0.4030     3.1984E-01    291.97    301.82    344.67    538.56
 246     3.300    0.4008     3.1966E-01    291.99    301.87    344.88    539.72
 247     3.350    0.3985     3.1950E-01    292.01    301.91    345.09    540.86
 248     3.400    0.3963     3.1936E-01    292.02    301.96    345.29    541.96
 249     3.450    0.3942     3.1924E-01    292.04    302.00    345.49    543.05
 250     3.500    0.3921     3.1913E-01    292.06    302.04    345.69    544.11
 251     3.550    0.3900     3.1904E-01    292.07    302.08    345.88    545.15
 252     3.600    0.3880     3.1897E-01    292.09    302.12    346.07    546.16
 253     3.650    0.3860     3.1891E-01    292.11    302.17    346.25    547.16
 254     3.700    0.3840     3.1887E-01    292.12    302.20    346.43    548.14
 255     3.750    0.3820     3.1885E-01    292.14    302.24    346.61    549.09
 256     3.800    0.3801     3.1883E-01    292.15    302.28    346.78    550.03
 257     3.850    0.3782     3.1883E-01    292.17    302.32    346.95    550.95
 258     3.900    0.3764     3.1883E-01    292.18    302.36    347.12    551.85
 259     3.950    0.3746     3.1884E-01    292.20    302.39    347.29    552.74
 260     4.000    0.3728     3.1887E-01    292.21    302.43    347.45    553.61
 261     4.050    0.3711     3.1890E-01    292.23    302.47    347.61    554.46
 262     4.100    0.3693     3.1895E-01    292.24    302.50    347.76    555.30
 263     4.150    0.3676     3.1901E-01    292.25    302.54    347.92    556.12
 264     4.200    0.3659     3.1908E-01    292.27    302.57    348.07    556.93
 265     4.250    0.3643     3.1917E-01    292.28    302.60    348.22    557.73
 266     4.300    0.3627     3.1927E-01    292.30    302.64    348.37    558.51
 267     4.350    0.3611     3.1928E-01    292.31    302.67    348.51    559.28
 268     4.400    0.3595     3.1941E-01    292.32    302.70    348.65    560.04
 269     4.450    0.3579     3.1957E-01    292.33    302.73    348.79    560.78
 270     4.500    0.3564     3.1959E-01    292.35    302.77    348.93    561.52
 271     4.550    0.3548     3.1975E-01    292.36    302.80    349.07    562.24
 272     4.600    0.3534     3.1997E-01    292.37    302.83    349.20    562.95
 273     4.650    0.3518     3.2012E-01    292.38    302.86    349.34    563.66
 274     4.700    0.3504     3.2014E-01    292.40    302.89    349.47    564.35
 275     4.750    0.3489     3.2032E-01    292.41    302.92    349.60    565.03
 276     4.800    0.3475     3.2034E-01    292.42    302.95    349.72    565.70
 277     4.850    0.3461     3.2070E-01    292.43    302.98    349.85    566.37
 278     4.900    0.3447     3.2085E-01    292.44    303.00    349.98    567.02
 279     4.950    0.3433     3.2086E-01    292.46    303.03    350.10    567.67
 280     5.000    0.3419     3.2119E-01    292.47    303.06    350.22    568.30


  CPU time breakdown in seconds
    Input reading time   :    0.0091  ( 0.0%)
    XSEC processing time :    0.1084  ( 0.4%)
    CMFD time            :   18.9926  (61.6%)
    Nodal update time    :   11.4137  (37.0%)
    T-H time             :    0.3019  ( 1.0%)
    -------------------------------------
    Total time           :   30.8256
