           ###########################################################
           #                     ADPRES-X 0.1                        #
           #        ABU DHABI POLYTECHNIC REACTOR SIMULATOR          #
           ###########################################################


  =============================INPUT DATA STARTS HERE===========================
     1: ! CALCULATION MODE CARD                                                                             
     2: %MODE                                                                                               
     3: RODEJECT                                                                                            
     4:                                                                                                     
     5: ! CASE CARD                                                                                         
     6: %CASE                                                                                               
     7: NEACRP Problem                                                                                      
     8: 10.803 CM NODE SIZE                                                                                 
     9:                                                                                                     
    10: ! XSEC CARD                                                                                         
    11: %XSEC                                                                                               
    12: 2  11    ! Number of groups and number of materials                                                 
    13: !  sigtr        siga        nu*sigf     kappa*sigf  chi sigs_g1 sigs_g2                             
    14: 5.32058E-02  3.73279E-04  0.00000E+00  0.00000E+00  1.0  0.0  2.64554E-02                           
    15: 3.86406E-01  1.77215E-02  0.00000E+00  0.00000E+00  0.0  0.0  0.00000E+00  !COMP 1                  
    16: 2.95609E-01  1.18782E-03  0.00000E+00  0.00000E+00  1.0  0.0  2.31613E-02                           
    17: 2.45931E+00  2.52618E-01  0.00000E+00  0.00000E+00  0.0  0.0  0.00000E+00  !COMP 2                  
    18: 2.95609E-01  1.18782E-03  0.00000E+00  0.00000E+00  1.0  0.0  2.00808E-02                           
    19: 2.45931E+00  2.52618E-01  0.00000E+00  0.00000E+00  0.0  0.0  0.00000E+00  !COMP 3                  
    20: 2.22117E-01  8.71774E-03  4.98277E-03  6.11190E-14  1.0  0.0  1.82498E-02                           
    21: 8.03140E-01  6.52550E-02  8.39026E-02  1.10152E-12  0.0  0.0  0.00000E+00  !COMP 4                  
    22: 2.21914E-01  9.06133E-03  5.57659E-03  6.89181E-14  1.0  0.0  1.80040E-02                           
    23: 7.95538E-01  7.23354E-02  9.98629E-02  1.31106E-12  0.0  0.0  0.00000E+00  !COMP 5                  
    24: 2.21715E-01  9.38496E-03  6.15047E-03  7.64603E-14  1.0  0.0  1.77670E-02                           
    25: 7.89253E-01  7.89203E-02  1.14667E-01  1.50541E-12  0.0  0.0  0.00000E+00  !COMP 6                  
    26: 2.22039E-01  9.31692E-03  5.55010E-03  6.86391E-14  1.0  0.0  1.71381E-02                           
    27: 7.76230E-01  7.96328E-02  9.85576E-02  1.29393E-12  0.0  0.0  0.00000E+00  !COMP 7                  
    28: 2.22083E-01  9.40032E-03  5.54083E-03  6.85391E-14  1.0  0.0  1.68501E-02                           
    29: 7.69969E-01  8.21087E-02  9.80059E-02  1.28669E-12  0.0  0.0  0.00000E+00  !COMP 8                  
    30: 2.22127E-01  9.48286E-03  5.53137E-03  6.84379E-14  1.0  0.0  1.65626E-02                           
    31: 7.63813E-01  8.45912E-02  9.74109E-02  1.27888E-12  0.0  0.0  0.00000E+00  !COMP 9                  
    32: 2.21836E-01  9.63720E-03  6.12382E-03  7.61794E-14  1.0  0.0  1.69043E-02                           
    33: 7.70705E-01  8.61187E-02  1.13241E-01  1.48670E-12  0.0  0.0  0.00000E+00  !COMP 10                 
    34: 2.21878E-01  9.71937E-03  6.11444E-03  7.60778E-14  1.0  0.0  1.66175E-02                           
    35: 7.64704E-01  8.85488E-02  1.12635E-01  1.47876E-12  0.0  0.0  0.00000E+00  !COMP 11                 
    36:                                                                                                     
    37: ! GEOMETRY CARD                                                                                     
    38: %GEOM                                                                                               
    39: 17 9 18               !nx, ny, nz                                                                   
    40: 17*21.606             !x-direction assembly size in cm                                              
    41:   17*2                !x-direction assembly divided 2x2                                             
    42: 8*21.606 10.803       !y-direction assembly size in cm                                              
    43:   8*2       1         !y-direction assembly divided 2x2                                             
    44: 30.  7.7  11.0  15.0  10*30.0  2*12.8  8.0  30.      !z-direction size  in cm (from bottom to top)  
    45: 18*1                 !z-direction assembly divided into 20 cm each                                  
    46: 3                    !np number of planar type                                                      
    47: 1  2  15*3  1        !planar assignment (from bottom to top)                                        
    48: ! Planar_Reg 1                                                                                      
    49: 2  1  1  1  1  1  1  1  1  1  1  1  1  1  1  1  2                                                   
    50: 2  1  1  1  1  1  1  1  1  1  1  1  1  1  1  1  2                                                   
    51: 2  3  1  1  1  1  1  1  1  1  1  1  1  1  1  3  2                                                   
    52: 0  2  1  1  1  1  1  1  1  1  1  1  1  1  1  2  0                                                   
    53: 0  2  3  1  1  1  1  1  1  1  1  1  1  1  3  2  0                                                   
    54: 0  0  2  3  1  1  1  1  1  1  1  1  1  3  2  0  0                                                   
    55: 0  0  0  2  3  1  1  1  1  1  1  1  3  2  0  0  0                                                   
    56: 0  0  0  0  2  2  3  1  1  1  3  2  2  0  0  0  0                                                   
    57: 0  0  0  0  0  0  2  2  2  2  2  0  0  0  0  0  0                                                   
    58: ! Planar_Reg 2                                                                                      
    59: 2  6  4  5  4  5  4  5  4  5  4  5  4  5  4  6  2                                                   
    60: 2  6  6  4  5  4  5  4  5  4  5  4  5  4  6  6  2                                                   
    61: 2  3  6  5  4  5  4  5  4  5  4  5  4  5  6  3  2                                                   
    62: 0  2  6  6  5  4  5  4  5  4  5  4  5  6  6  2  0                                                   
    63: 0  2  3  6  4  5  4  5  4  5  4  5  4  6  3  2  0                                                   
    64: 0  0  2  3  6  6  5  4  5  4  5  6  6  3  2  0  0                                                   
    65: 0  0  0  2  3  6  6  6  4  6  6  6  3  2  0  0  0                                                   
    66: 0  0  0  0  2  2  3  6  6  6  3  2  2  0  0  0  0                                                   
    67: 0  0  0  0  0  0  2  2  2  2  2  0  0  0  0  0  0                                                   
    68: ! Planar_Reg 3                                                                                      
    69: 2  6  4  7  4  9  4  9  4  9  4  9  4  7  4  6  2                                                   
    70: 2  6 11  4  8  4  8  4  9  4  8  4  8  4 11  6  2                                                   
    71: 2  3  6  8  4  8  4  8  4  8  4  8  4  8  6  3  2                                                   
    72: 0  2  6 10  8  4  8  4  9  4  8  4  8 10  6  2  0                                                   
    73: 0  2  3  6  4  8  4  8  4  8  4  8  4  6  3  2  0                                                   
    74: 0  0  2  3  6 10  8  4  7  4  8 10  6  3  2  0  0                                                   
    75: 0  0  0  2  3  6  6 11  4 11  6  6  3  2  0  0  0                                                   
    76: 0  0  0  0  2  2  3  6  6  6  3  2  2  0  0  0  0                                                   
    77: 0  0  0  0  0  0  2  2  2  2  2  0  0  0  0  0  0                                                   
    78: ! Boundary conditions (east), (west), (north), (south), (bottom), (top)                             
    79: 0 0 2 0 0 0                                                                                         
    80:                                                                                                     
    81: ! CONTROL CARD                                                                                      
    82: %CROD                                                                                               
    83: 8  228.                        ! Number of CR banks and max number of banks                         
    84: 37.7 1.5942237                ! Zero step pos. (cm) and cm/step (total 228 steps)                   
    85: 0.  0.  0.  228.  0.  228.  0.  0.           ! CR Bank pos.                                         
    86: 0  0  3  0  0  0  2  0  1  0  2  0  0  0  8  0  0                                                   
    87: 0  0  0  6  0  0  0  4  0  4  0  0  0  6  0  0  0                                                   
    88: 0  0  6  0  6  0  5  0  2  0  5  0  6  0  6  0  0                                                   
    89: 0  0  0  0  0  4  0  0  0  0  0  4  0  0  0  0  0                                                   
    90: 0  0  0  0  7  0  6  0  0  0  6  0  7  0  0  0  0                                                   
    91: 0  0  0  0  0  0  0  6  0  6  0  0  0  0  0  0  0                                                   
    92: 0  0  0  0  0  0  6  0  3  0  6  0  0  0  0  0  0                                                   
    93: 0  0  0  0  0  0  0  0  0  0  0  0  0  0  0  0  0                                                   
    94: 0  0  0  0  0  0  0  0  0  0  0  0  0  0  0  0  0                                                   
    95: ! CX changes                                                                                        
    96: !  sigtr        siga        nu*sigf        kappa*sigf      sigs_g1   sigs_g2                        
    97:  3.73220E-03  2.47770E-03  -1.02786E-04  -1.21448E-15  0.0  -3.19253E-03                            
    98: -2.19926E-02  2.55875E-02  -2.82319E-03  -3.70238E-14  0.0   0.00000E+00    !COMP 1                 
    99:  3.73220E-03  2.47770E-03  -1.02786E-04  -1.21448E-15  0.0  -3.19253E-03                            
   100: -2.19926E-02  2.55875E-02  -2.82319E-03  -3.70238E-14  0.0   0.00000E+00    !COMP 2                 
   101:  3.73220E-03  2.47770E-03  -1.02786E-04  -1.21448E-15  0.0  -3.19253E-03                            
   102: -2.19926E-02  2.55875E-02  -2.82319E-03  -3.70238E-14  0.0   0.00000E+00    !COMP 3                 
   103:  3.73220E-03  2.47770E-03  -1.02786E-04  -1.21448E-15  0.0  -3.19253E-03                            
   104: -2.19926E-02  2.55875E-02  -2.82319E-03  -3.70238E-14  0.0   0.00000E+00    !COMP 4                 
   105:  3.73220E-03  2.47770E-03  -1.02786E-04  -1.21448E-15  0.0  -3.19253E-03                            
   106: -2.19926E-02  2.55875E-02  -2.82319E-03  -3.70238E-14  0.0   0.00000E+00    !COMP 5                 
   107:  3.74092E-03  2.42926E-03  -1.22634E-04  -1.47557E-15  0.0  -3.14239E-03                            
   108: -1.67503E-02  2.56478E-02  -3.28086E-03  -4.30444E-14  0.0   0.00000E+00    !COMP 6                 
   109:  3.73220E-03  2.47770E-03  -1.02786E-04  -1.21448E-15  0.0  -3.19253E-03                            
   110: -2.19926E-02  2.55875E-02  -2.82319E-03  -3.70238E-14  0.0   0.00000E+00    !COMP 7                 
   111:  3.73220E-03  2.47770E-03  -1.02786E-04  -1.21448E-15  0.0  -3.19253E-03                            
   112: -2.19926E-02  2.55875E-02  -2.82319E-03  -3.70238E-14  0.0   0.00000E+00    !COMP 8                 
   113:  3.73220E-03  2.47770E-03  -1.02786E-04  -1.21448E-15  0.0  -3.19253E-03                            
   114: -2.19926E-02  2.55875E-02  -2.82319E-03  -3.70238E-14  0.0   0.00000E+00    !COMP 9                 
   115:  3.73220E-03  2.47770E-03  -1.02786E-04  -1.21448E-15  0.0  -3.19253E-03                            
   116: -2.19926E-02  2.55875E-02  -2.82319E-03  -3.70238E-14  0.0   0.00000E+00    !COMP 10                
   117:  3.73220E-03  2.47770E-03  -1.02786E-04  -1.21448E-15  0.0  -3.19253E-03                            
   118: -2.19926E-02  2.55875E-02  -2.82319E-03  -3.70238E-14  0.0   0.00000E+00    !COMP 11                
   119: 1                                                                                                   
   120:                                                                                                     
   121: ! CRITICAL BORON SEARCH CARD                                                                        
   122: %BCON                                                                                               
   123: 1127.69  1200.2  ! BC and BC ref. in ppm                                                            
   124: ! CX change per unit ppm change of Boron concentration                                              
   125: !  sigtr          siga         nu*sigf    kappa*sigf  sigs_g1   sigs_g2                             
   126:  6.11833E-08  1.87731E-07   0.00000E+00   0.00000E+00  0.0   7.91457E-10                            
   127:  5.17535E-06  1.02635E-05   0.00000E+00   0.00000E+00  0.0   0.00000E+00    !COMP 1                 
   128:  0.00000E+00  0.00000E+00   0.00000E+00   0.00000E+00  0.0   0.00000E+00                            
   129:  7.76184E-04  8.44695E-05   0.00000E+00   0.00000E+00  0.0   0.00000E+00    !COMP 2                 
   130:  0.00000E+00  0.00000E+00   0.00000E+00   0.00000E+00  0.0   0.00000E+00                            
   131:  7.76184E-04  8.44695E-05   0.00000E+00   0.00000E+00  0.0   0.00000E+00    !COMP 3                 
   132:  3.47809E-08  1.28505E-07  -1.12099E-09  -1.76188E-20  0.0  -1.08590E-07                            
   133: -9.76510E-06  7.08807E-06  -2.43045E-06  -3.19085E-17  0.0   0.00000E+00    !COMP 4                 
   134:  3.53826E-08  1.26709E-07  -1.67880E-09  -2.49965E-20  0.0  -1.06951E-07                            
   135: -8.50169E-06  6.82311E-06  -2.72445E-06  -3.57680E-17  0.0   0.00000E+00    !COMP 5                 
   136:  3.59838E-08  1.24986E-07  -2.21038E-09  -3.20225E-20  0.0  -1.05374E-07                            
   137: -7.46251E-06  6.59798E-06  -2.95883E-06  -3.88451E-17  0.0   0.00000E+00    !COMP 6                 
   138:  3.37806E-08  1.19869E-07  -1.71323E-09  -2.49965E-20  0.0  -1.00873E-07                            
   139: -6.73744E-06  6.29310E-06  -2.55359E-06  -3.35223E-17  0.0   0.00000E+00    !COMP 7                 
   140:  3.32495E-08  1.17585E-07  -1.72421E-09  -2.54896E-20  0.0  -9.88578E-08                            
   141: -6.19725E-06  6.11904E-06  -2.48880E-06  -3.26704E-17  0.0   0.00000E+00    !COMP 8                 
   142:  3.27201E-08  1.15319E-07  -1.73502E-09  -2.56049E-20  0.0  -9.68489E-08                            
   143: -5.68220E-06  5.94711E-06  -2.42240E-06  -3.17976E-17  0.0   0.00000E+00    !COMP 9                 
   144:  3.43859E-08  1.18186E-07  -2.24335E-09  -3.20225E-20  0.0  -9.93312E-08                            
   145: -5.86898E-06  6.08443E-06  -2.77657E-06  -3.64509E-17  0.0   0.00000E+00    !COMP 10                
   146:  3.38559E-08  1.15917E-07  -2.25369E-09  -3.24873E-20  0.0  -9.73291E-08                            
   147: -5.38345E-06  5.91697E-06  -2.70780E-06  -3.55476E-17  0.0   0.00000E+00    !COMP 11                
   148: 1                                                                                                   
   149:                                                                                                     
   150: ! FUEL TEMPERATURE CARD                                                                             
   151: %FTEM                                                                                               
   152: 891.19  891.45  ! Average Fuel Temperature and fuel temperature Ref. in Kelvin                      
   153: ! CX change per Fuel Temperature Changes                                                            
   154: !  sigtr          siga         nu*sigf     kappa*sigf sigs_g1   sigs_g2                             
   155:  0.00000E+00   0.00000E+00   0.00000E+00   0.00000E+00  0.0   0.00000E+00                           
   156:  0.00000E+00   0.00000E+00   0.00000E+00   0.00000E+00  0.0   0.00000E+00    !COMP 1                
   157:  0.00000E+00   0.00000E+00   0.00000E+00   0.00000E+00  0.0   0.00000E+00                           
   158:  0.00000E+00   0.00000E+00   0.00000E+00   0.00000E+00  0.0   0.00000E+00    !COMP 2                
   159:  0.00000E+00   0.00000E+00   0.00000E+00   0.00000E+00  0.0   0.00000E+00                           
   160:  0.00000E+00   0.00000E+00   0.00000E+00   0.00000E+00  0.0   0.00000E+00    !COMP 3                
   161: -3.09197E-05   3.49709E-05   6.40134E-07   7.15412E-18  0.0  -2.75536E-05                           
   162: -0.000137292  -3.71806E-05  -5.63037E-05  -7.39188E-16  0.0   0.00000E+00    !COMP 4                
   163: -3.08607E-05   3.51798E-05   9.97431E-07   1.18685E-17  0.0  -2.76766E-05                           
   164: -0.000117481  -3.77039E-05  -6.04155E-05  -7.93170E-16  0.0   0.00000E+00    !COMP 5                
   165: -3.09165E-05   3.53841E-05   1.41847E-06   1.74269E-17  0.0  -2.78390E-05                           
   166: -0.000101337  -3.77558E-05  -0.000063096  -8.28363E-16  0.0   0.00000E+00    !COMP 6                
   167: -3.13746E-05   3.48699E-05   9.45431E-07   1.18685E-17  0.0  -2.73550E-05                           
   168: -0.000108271  -3.72748E-05  -5.79662E-05  -7.60849E-16  0.0   0.00000E+00    !COMP 7                
   169: -3.15503E-05   3.47274E-05   9.26078E-07   1.08935E-17  0.0  -2.72381E-05                           
   170: -0.000105521  -3.71808E-05  -5.71108E-05  -7.49575E-16  0.0   0.00000E+00    !COMP 8                
   171: -3.17281E-05   3.46026E-05   9.05802E-07   1.06166E-17  0.0  -2.71169E-05                           
   172: -0.000102525  -3.70201E-05  -5.61543E-05  -7.36969E-16  0.0   0.00000E+00    !COMP 9                
   173: -3.14192E-05   3.50637E-05   1.35642E-06   1.74269E-17  0.0  -2.75049E-05                           
   174: -9.38886E-05  -3.71403E-05  -6.05052E-05  -7.94252E-16  0.0   0.00000E+00    !COMP 10               
   175: -3.15908E-05   3.49119E-05   1.33336E-06   1.62769E-17  0.0  -2.73835E-05                           
   176: -9.17126E-05  -3.69909E-05  -5.96284E-05  -7.82716E-16  0.0   0.00000E+00    !COMP 11               
   177:                                                                                                     
   178: ! MODERATOR TEMPERATURE CARD                                                                        
   179: %MTEM                                                                                               
   180: 559.19  579.75  ! Average Moderator Temperature and Moderator temperature Ref. Kelvin               
   181: ! CX change per Moderator Temperature Changes                                                       
   182: !  sigtr          siga         nu*sigf     kappa*sigf  sigs_g1   sigs_g2                            
   183:  0.00000E+00   0.00000E+00   0.00000E+00   0.00000E+00  0.0  0.00000E+00                            
   184:  0.00000E+00   0.00000E+00   0.00000E+00   0.00000E+00  0.0  0.00000E+00    !COMP 1                 
   185:  0.00000E+00   0.00000E+00   0.00000E+00   0.00000E+00  0.0  0.00000E+00                            
   186:  0.00000E+00   0.00000E+00   0.00000E+00   0.00000E+00  0.0  0.00000E+00    !COMP 2                 
   187:  0.00000E+00   0.00000E+00   0.00000E+00   0.00000E+00  0.0  0.00000E+00                            
   188:  0.00000E+00   0.00000E+00   0.00000E+00   0.00000E+00  0.0  0.00000E+00    !COMP 3                 
   189: -2.03310E-06   2.12191E-07   1.24709E-07   1.43035E-18  0.0  8.09676E-07                            
   190: -1.08674E-04  -3.15597E-05  -4.16439E-05  -5.46722E-16  0.0  0.00000E+00    !COMP 4                 
   191: -1.98080E-06   2.26000E-07   1.35145E-07   1.56896E-18  0.0  8.58474E-07                            
   192: -9.06150E-05  -3.21435E-05  -4.53102E-05  -5.94857E-16  0.0  0.00000E+00    !COMP 5                 
   193: -1.92434E-06   2.39939E-07   1.49084E-07   1.75422E-18  0.0  9.03494E-07                            
   194: -7.62786E-05  -3.23776E-05  -4.78475E-05  -6.28174E-16  0.0  0.00000E+00    !COMP 6                 
   195: -2.69634E-06   2.48530E-07   1.40773E-07   1.56896E-18  0.0  7.01311E-07                            
   196: -7.62435E-05  -3.00119E-05  -4.20202E-05  -5.51669E-16  0.0  0.00000E+00    !COMP 7                 
   197: -3.07905E-06   2.61854E-07   1.43235E-07   1.67897E-18  0.0  6.17380E-07                            
   198: -7.33397E-05  -2.91929E-05  -4.07701E-05  -5.35261E-16  0.0  0.00000E+00    !COMP 8                 
   199: -3.53877E-06   2.74313E-07   1.46019E-07   1.71665E-18  0.0  5.16547E-07                            
   200: -7.13711E-05  -2.83041E-05  -3.94319E-05  -5.17689E-16  0.0  0.00000E+00    !COMP 9                 
   201: -2.63907E-06   2.64289E-07   1.55858E-07   1.75422E-18  0.0  7.44320E-07                            
   202: -6.39554E-05  -3.03509E-05  -4.44431E-05  -5.83483E-16  0.0  0.00000E+00    !COMP 10                
   203: -3.02147E-06   2.79060E-07   1.58814E-07   1.88528E-18  0.0  6.59521E-07                            
   204: -6.16984E-05  -2.95626E-05  -4.31588E-05  -5.66622E-16  0.0  0.00000E+00    !COMP 11                
   205:                                                                                                     
   206: ! COOLANT DENSITY CARD                                                                              
   207: %CDEN                                                                                               
   208: 0.7464  0.7125  ! Average Coolant Density and Coolant Density Ref. in g/cm3                         
   209: ! CX change per Coolant Density Changes                                                             
   210: !  sigtr          siga         nu*sigf  kappa*sigf sigs_g1   sigs_g2                                
   211: 7.45756E-02  2.07688E-04  0.00000E+00  0.00000E+00  0.0  3.71310E-02                                
   212: 5.33634E-01  7.58421E-03  0.00000E+00  0.00000E+00  0.0  0.00000E+00    !COMP 1                     
   213: 0.00000E+00  0.00000E+00  0.00000E+00  0.00000E+00  0.0  0.00000E+00                                
   214: 0.00000E+00  0.00000E+00  0.00000E+00  0.00000E+00  0.0  0.00000E+00    !COMP 2                     
   215: 0.00000E+00  0.00000E+00  0.00000E+00  0.00000E+00  0.0  0.00000E+00                                
   216: 0.00000E+00  0.00000E+00  0.00000E+00  0.00000E+00  0.0  0.00000E+00    !COMP 3                     
   217: 1.35665E-01  1.55185E-03  9.20694E-04  1.02392E-14  0.0  2.93195E-02                                
   218: 9.92628E-01  2.52662E-02  2.47746E-02  3.25255E-13  0.0  0.00000E+00    !COMP 4                     
   219: 1.35748E-01  1.61491E-03  9.64160E-04  1.08141E-14  0.0  2.92696E-02                                
   220: 9.81985E-01  2.86667E-02  3.14993E-02  4.13542E-13  0.0  0.00000E+00    !COMP 5                     
   221: 1.35827E-01  1.68015E-03  1.01410E-03  1.14771E-14  0.0  2.92154E-02                                
   222: 9.72267E-01  3.19571E-02  3.81097E-02  5.00328E-13  0.0  0.00000E+00    !COMP 6                     
   223: 1.31033E-01  1.68397E-03  9.81951E-04  1.08141E-14  0.0  2.82489E-02                                
   224: 9.34697E-01  3.14240E-02  3.51588E-02  4.61715E-13  0.0  0.00000E+00    !COMP 7                     
   225: 1.29379E-01  1.71972E-03  9.88437E-04  1.11322E-14  0.0  2.78895E-02                                
   226: 9.18171E-01  3.24715E-02  3.63251E-02  4.77078E-13  0.0  0.00000E+00    !COMP 8                     
   227: 1.27682E-01  1.74989E-03  9.95175E-04  1.12209E-14  0.0  2.75202E-02                                
   228: 9.01293E-01  3.35945E-02  3.74499E-02  4.91900E-13  0.0  0.00000E+00    !COMP 9                     
   229: 1.31116E-01  1.75528E-03  1.03522E-03  1.14771E-14  0.0  2.81877E-02                                
   230: 9.24925E-01  3.49853E-02  4.20693E-02  5.52387E-13  0.0  0.00000E+00    !COMP 10                    
   231: 1.29463E-01  1.79499E-03  1.04291E-03  1.18534E-14  0.0  2.78259E-02                                
   232: 9.08456E-01  3.61032E-02  4.33215E-02  5.68857E-13  0.0  0.00000E+00    !COMP 11                    
   233:                                                                                                     
   234: ! THERMAL-HYDRAULIC CARD                                                                            
   235: %THER                                                                                               
   236: 0.0001                                 ! Percent power in %                                         
   237: 1387.5e6                               ! Reactor thermal power for half geometry in Watt            
   238: 559.15  82.12102                       ! Inlet coolant temp. (Kelvin) and Fuel Assembly Mass flow ra
   239: 4.11950E-03  6.8E-05  5.71E-04  1.2655E-2 ! Fuel meat rad., gap thinkness, cladding thinkness and pi
   240: 264  25                                ! Number of fuel pin and guide tubes                         
   241: 0.019                                  ! FRACTION OF HEAT DEPOSITED IN COOLANT                      
   242: 1                                                                                                   
   243:                                                                                                     
   244: %EJCT                                                                                               
   245: ! Final Bank Pos (steps)     Starts Move (seconds)     Speed (steps/seconds)                        
   246:      0.                       0.0                     0.0       ! Bank 1                            
   247:      0.                       0.0                     0.0       ! Bank 2                            
   248:      0.                       0.0                     0.0       ! Bank 3                            
   249:      228.                     0.0                     0.0       ! Bank 4                            
   250:      0.                       0.0                     0.0       ! Bank 5                            
   251:      228.                     0.0                     0.0       ! Bank 6                            
   252:      0.                       0.0                     0.0       ! Bank 7                            
   253:      228.                     0.0                  2280.0       ! Bank 8                            
   254: 5.  0.005  1.0  0.05            ! (seconds) total time, 1st time step, when to start 2nd time step, 
   255: 0.0002584 0.00152 0.0013908 0.0030704 0.001102 0.0002584 !beta                                      
   256: 0.0128  0.0318  0.119   0.3181  1.4027  3.9286           !decay constants                           
   257: 2.8E7    4.4E5     ! Neutron velocity                                                               
   258: 1                                                                                                   
   259:                                                                                                     
   260: %ITER                                                                                               
   261: 1200 3 1.e-5 1.e-5 20 40 20 80                                                                      
   262:                                                                                                     
   263: %EXTR                                                                                               
  =============================INPUT DATA   ENDS HERE===========================



                              START READING INPUT
  ******************************************************************************
  CALCULATION MODE : ROD EJECTION CALCULATION WITH T-H FEEDBACK                  

  CASE ID : NEACRP Problem                                                                                      
  10.803 CM NODE SIZE                                                                                 


            >>>> READING MACROSCOPIC CROSS SECTIONS <<<<
            --------------------------------------------

     MATERIAL  1
    GROUP   TRANSPORT  DIFFUSION  ABSORPTION  REMOVAL    NU*FISS    KAP*FIS   FISS. SPCTR
       1     0.053206  6.264981   0.000373    0.026829   0.000000   0.000000  1.000000
       2     0.386406  0.862651   0.017722    0.017722   0.000000   0.000000  0.000000
   --SCATTERING MATRIX--
     G/G'          1          2
      1        0.000000    0.026455
      2        0.000000    0.000000

     MATERIAL  2
    GROUP   TRANSPORT  DIFFUSION  ABSORPTION  REMOVAL    NU*FISS    KAP*FIS   FISS. SPCTR
       1     0.295609  1.127616   0.001188    0.024349   0.000000   0.000000  1.000000
       2     2.459310  0.135539   0.252618    0.252618   0.000000   0.000000  0.000000
   --SCATTERING MATRIX--
     G/G'          1          2
      1        0.000000    0.023161
      2        0.000000    0.000000

     MATERIAL  3
    GROUP   TRANSPORT  DIFFUSION  ABSORPTION  REMOVAL    NU*FISS    KAP*FIS   FISS. SPCTR
       1     0.295609  1.127616   0.001188    0.021269   0.000000   0.000000  1.000000
       2     2.459310  0.135539   0.252618    0.252618   0.000000   0.000000  0.000000
   --SCATTERING MATRIX--
     G/G'          1          2
      1        0.000000    0.020081
      2        0.000000    0.000000

     MATERIAL  4
    GROUP   TRANSPORT  DIFFUSION  ABSORPTION  REMOVAL    NU*FISS    KAP*FIS   FISS. SPCTR
       1     0.222117  1.500711   0.008718    0.026968   0.004983   0.000000  1.000000
       2     0.803140  0.415038   0.065255    0.065255   0.083903   0.000000  0.000000
   --SCATTERING MATRIX--
     G/G'          1          2
      1        0.000000    0.018250
      2        0.000000    0.000000

     MATERIAL  5
    GROUP   TRANSPORT  DIFFUSION  ABSORPTION  REMOVAL    NU*FISS    KAP*FIS   FISS. SPCTR
       1     0.221914  1.502083   0.009061    0.027065   0.005577   0.000000  1.000000
       2     0.795538  0.419004   0.072335    0.072335   0.099863   0.000000  0.000000
   --SCATTERING MATRIX--
     G/G'          1          2
      1        0.000000    0.018004
      2        0.000000    0.000000

     MATERIAL  6
    GROUP   TRANSPORT  DIFFUSION  ABSORPTION  REMOVAL    NU*FISS    KAP*FIS   FISS. SPCTR
       1     0.221715  1.503432   0.009385    0.027152   0.006150   0.000000  1.000000
       2     0.789253  0.422340   0.078920    0.078920   0.114667   0.000000  0.000000
   --SCATTERING MATRIX--
     G/G'          1          2
      1        0.000000    0.017767
      2        0.000000    0.000000

     MATERIAL  7
    GROUP   TRANSPORT  DIFFUSION  ABSORPTION  REMOVAL    NU*FISS    KAP*FIS   FISS. SPCTR
       1     0.222039  1.501238   0.009317    0.026455   0.005550   0.000000  1.000000
       2     0.776230  0.429426   0.079633    0.079633   0.098558   0.000000  0.000000
   --SCATTERING MATRIX--
     G/G'          1          2
      1        0.000000    0.017138
      2        0.000000    0.000000

     MATERIAL  8
    GROUP   TRANSPORT  DIFFUSION  ABSORPTION  REMOVAL    NU*FISS    KAP*FIS   FISS. SPCTR
       1     0.222083  1.500940   0.009400    0.026250   0.005541   0.000000  1.000000
       2     0.769969  0.432918   0.082109    0.082109   0.098006   0.000000  0.000000
   --SCATTERING MATRIX--
     G/G'          1          2
      1        0.000000    0.016850
      2        0.000000    0.000000

     MATERIAL  9
    GROUP   TRANSPORT  DIFFUSION  ABSORPTION  REMOVAL    NU*FISS    KAP*FIS   FISS. SPCTR
       1     0.222127  1.500643   0.009483    0.026045   0.005531   0.000000  1.000000
       2     0.763813  0.436407   0.084591    0.084591   0.097411   0.000000  0.000000
   --SCATTERING MATRIX--
     G/G'          1          2
      1        0.000000    0.016563
      2        0.000000    0.000000

     MATERIAL 10
    GROUP   TRANSPORT  DIFFUSION  ABSORPTION  REMOVAL    NU*FISS    KAP*FIS   FISS. SPCTR
       1     0.221836  1.502612   0.009637    0.026542   0.006124   0.000000  1.000000
       2     0.770705  0.432504   0.086119    0.086119   0.113241   0.000000  0.000000
   --SCATTERING MATRIX--
     G/G'          1          2
      1        0.000000    0.016904
      2        0.000000    0.000000

     MATERIAL 11
    GROUP   TRANSPORT  DIFFUSION  ABSORPTION  REMOVAL    NU*FISS    KAP*FIS   FISS. SPCTR
       1     0.221878  1.502327   0.009719    0.026337   0.006114   0.000000  1.000000
       2     0.764704  0.435899   0.088549    0.088549   0.112635   0.000000  0.000000
   --SCATTERING MATRIX--
     G/G'          1          2
      1        0.000000    0.016618
      2        0.000000    0.000000

  ...Macroscopic CX Card is successfully read...


            >>>>>READING CORE GEOMETRY<<<<<
            -------------------------------
  Number of assembly in x, y and z directions respectively :
          17           9          18
  Number of nodes in x, y and z directions respectively :
          34          17          18

  x-directed nodes division (delta-x)
    10.80  10.80  10.80  10.80  10.80  10.80  10.80  10.80  10.80  10.80
    10.80  10.80  10.80  10.80  10.80  10.80  10.80  10.80  10.80  10.80
    10.80  10.80  10.80  10.80  10.80  10.80  10.80  10.80  10.80  10.80
    10.80  10.80  10.80  10.80
  y-directed nodes division (delta-y)
    10.80  10.80  10.80  10.80  10.80  10.80  10.80  10.80  10.80  10.80
    10.80  10.80  10.80  10.80  10.80  10.80  10.80

   Planar Region :  1
        1  2  3  4  5  6  7  8  9 10 11 12 13 14 15 16 17 18 19 20 21 22 23 24 25 26 27 28 29 30 31 32 33 34
    17  2  2  1  1  1  1  1  1  1  1  1  1  1  1  1  1  1  1  1  1  1  1  1  1  1  1  1  1  1  1  1  1  2  2 
    16  2  2  1  1  1  1  1  1  1  1  1  1  1  1  1  1  1  1  1  1  1  1  1  1  1  1  1  1  1  1  1  1  2  2 
    15  2  2  1  1  1  1  1  1  1  1  1  1  1  1  1  1  1  1  1  1  1  1  1  1  1  1  1  1  1  1  1  1  2  2 
    14  2  2  3  3  1  1  1  1  1  1  1  1  1  1  1  1  1  1  1  1  1  1  1  1  1  1  1  1  1  1  3  3  2  2 
    13  2  2  3  3  1  1  1  1  1  1  1  1  1  1  1  1  1  1  1  1  1  1  1  1  1  1  1  1  1  1  3  3  2  2 
    12        2  2  1  1  1  1  1  1  1  1  1  1  1  1  1  1  1  1  1  1  1  1  1  1  1  1  1  1  2  2       
    11        2  2  1  1  1  1  1  1  1  1  1  1  1  1  1  1  1  1  1  1  1  1  1  1  1  1  1  1  2  2       
    10        2  2  3  3  1  1  1  1  1  1  1  1  1  1  1  1  1  1  1  1  1  1  1  1  1  1  3  3  2  2       
     9        2  2  3  3  1  1  1  1  1  1  1  1  1  1  1  1  1  1  1  1  1  1  1  1  1  1  3  3  2  2       
     8              2  2  3  3  1  1  1  1  1  1  1  1  1  1  1  1  1  1  1  1  1  1  3  3  2  2             
     7              2  2  3  3  1  1  1  1  1  1  1  1  1  1  1  1  1  1  1  1  1  1  3  3  2  2             
     6                    2  2  3  3  1  1  1  1  1  1  1  1  1  1  1  1  1  1  3  3  2  2                   
     5                    2  2  3  3  1  1  1  1  1  1  1  1  1  1  1  1  1  1  3  3  2  2                   
     4                          2  2  2  2  3  3  1  1  1  1  1  1  3  3  2  2  2  2                         
     3                          2  2  2  2  3  3  1  1  1  1  1  1  3  3  2  2  2  2                         
     2                                      2  2  2  2  2  2  2  2  2  2                                     
     1                                      2  2  2  2  2  2  2  2  2  2                                     
   Planar Region :  2
        1  2  3  4  5  6  7  8  9 10 11 12 13 14 15 16 17 18 19 20 21 22 23 24 25 26 27 28 29 30 31 32 33 34
    17  2  2  6  6  4  4  5  5  4  4  5  5  4  4  5  5  4  4  5  5  4  4  5  5  4  4  5  5  4  4  6  6  2  2 
    16  2  2  6  6  6  6  4  4  5  5  4  4  5  5  4  4  5  5  4  4  5  5  4  4  5  5  4  4  6  6  6  6  2  2 
    15  2  2  6  6  6  6  4  4  5  5  4  4  5  5  4  4  5  5  4  4  5  5  4  4  5  5  4  4  6  6  6  6  2  2 
    14  2  2  3  3  6  6  5  5  4  4  5  5  4  4  5  5  4  4  5  5  4  4  5  5  4  4  5  5  6  6  3  3  2  2 
    13  2  2  3  3  6  6  5  5  4  4  5  5  4  4  5  5  4  4  5  5  4  4  5  5  4  4  5  5  6  6  3  3  2  2 
    12        2  2  6  6  6  6  5  5  4  4  5  5  4  4  5  5  4  4  5  5  4  4  5  5  6  6  6  6  2  2       
    11        2  2  6  6  6  6  5  5  4  4  5  5  4  4  5  5  4  4  5  5  4  4  5  5  6  6  6  6  2  2       
    10        2  2  3  3  6  6  4  4  5  5  4  4  5  5  4  4  5  5  4  4  5  5  4  4  6  6  3  3  2  2       
     9        2  2  3  3  6  6  4  4  5  5  4  4  5  5  4  4  5  5  4  4  5  5  4  4  6  6  3  3  2  2       
     8              2  2  3  3  6  6  6  6  5  5  4  4  5  5  4  4  5  5  6  6  6  6  3  3  2  2             
     7              2  2  3  3  6  6  6  6  5  5  4  4  5  5  4  4  5  5  6  6  6  6  3  3  2  2             
     6                    2  2  3  3  6  6  6  6  6  6  4  4  6  6  6  6  6  6  3  3  2  2                   
     5                    2  2  3  3  6  6  6  6  6  6  4  4  6  6  6  6  6  6  3  3  2  2                   
     4                          2  2  2  2  3  3  6  6  6  6  6  6  3  3  2  2  2  2                         
     3                          2  2  2  2  3  3  6  6  6  6  6  6  3  3  2  2  2  2                         
     2                                      2  2  2  2  2  2  2  2  2  2                                     
     1                                      2  2  2  2  2  2  2  2  2  2                                     
   Planar Region :  3
        1  2  3  4  5  6  7  8  9 10 11 12 13 14 15 16 17 18 19 20 21 22 23 24 25 26 27 28 29 30 31 32 33 34
    17  2  2  6  6  4  4  7  7  4  4  9  9  4  4  9  9  4  4  9  9  4  4  9  9  4  4  7  7  4  4  6  6  2  2 
    16  2  2  6  6  11 11 4  4  8  8  4  4  8  8  4  4  9  9  4  4  8  8  4  4  8  8  4  4  11 11 6  6  2  2 
    15  2  2  6  6  11 11 4  4  8  8  4  4  8  8  4  4  9  9  4  4  8  8  4  4  8  8  4  4  11 11 6  6  2  2 
    14  2  2  3  3  6  6  8  8  4  4  8  8  4  4  8  8  4  4  8  8  4  4  8  8  4  4  8  8  6  6  3  3  2  2 
    13  2  2  3  3  6  6  8  8  4  4  8  8  4  4  8  8  4  4  8  8  4  4  8  8  4  4  8  8  6  6  3  3  2  2 
    12        2  2  6  6  10 10 8  8  4  4  8  8  4  4  9  9  4  4  8  8  4  4  8  8  10 10 6  6  2  2       
    11        2  2  6  6  10 10 8  8  4  4  8  8  4  4  9  9  4  4  8  8  4  4  8  8  10 10 6  6  2  2       
    10        2  2  3  3  6  6  4  4  8  8  4  4  8  8  4  4  8  8  4  4  8  8  4  4  6  6  3  3  2  2       
     9        2  2  3  3  6  6  4  4  8  8  4  4  8  8  4  4  8  8  4  4  8  8  4  4  6  6  3  3  2  2       
     8              2  2  3  3  6  6  10 10 8  8  4  4  7  7  4  4  8  8  10 10 6  6  3  3  2  2             
     7              2  2  3  3  6  6  10 10 8  8  4  4  7  7  4  4  8  8  10 10 6  6  3  3  2  2             
     6                    2  2  3  3  6  6  6  6  11 11 4  4  11 11 6  6  6  6  3  3  2  2                   
     5                    2  2  3  3  6  6  6  6  11 11 4  4  11 11 6  6  6  6  3  3  2  2                   
     4                          2  2  2  2  3  3  6  6  6  6  6  6  3  3  2  2  2  2                         
     3                          2  2  2  2  3  3  6  6  6  6  6  6  3  3  2  2  2  2                         
     2                                      2  2  2  2  2  2  2  2  2  2                                     
     1                                      2  2  2  2  2  2  2  2  2  2                                     

  Planar Region Assignment to planes.
 --------------------------------------
   Plane Number     Planar Region    delta-z
       18 (TOP)            1          30.00
       17                  3           8.00
       16                  3          12.80
       15                  3          12.80
       14                  3          30.00
       13                  3          30.00
       12                  3          30.00
       11                  3          30.00
       10                  3          30.00
        9                  3          30.00
        8                  3          30.00
        7                  3          30.00
        6                  3          30.00
        5                  3          30.00
        4                  3          15.00
        3                  3          11.00
        2                  2           7.70
        1 (BOTTOM)         1          30.00

   Boundary conditions
  X-directed West   : ZERO FLUX
  X-directed East   : ZERO FLUX
  Y-directed North  : REFLECTIVE
  Y-directed South  : ZERO FLUX
  Z-directed Bottom : ZERO FLUX
  Z-directed Top    : ZERO FLUX

  ...Core geometry is successfully read...


            >>>> READING CONTROL RODS INSERTION <<<<
            --------------------------------------------
  NUMBER OF CONTROL ROD BANK  :  8
  MAX. NUMBER OF STEPS        : 228
  FULLY INSERTED POSITION (cm): 37.7 (FROM BOTTOM OF THE CORE)
  STEP SIZE (cm)              :   1.5942
  INITIAL CONTROL ROD BANK POSITION (STEPS) : 
  (0 means fully inserted) 
    Bank  1  Bank  2  Bank  3  Bank  4  Bank  5  Bank  6  Bank  7  Bank  8
      0.0      0.0      0.0    228.0      0.0    228.0      0.0      0.0

  CONTROL ROD BANK MAP : 
  0  0  3  0  0  0  2  0  1  0  2  0  0  0  8  0  0
  0  0  0  6  0  0  0  4  0  4  0  0  0  6  0  0  0
  0  0  6  0  6  0  5  0  2  0  5  0  6  0  6  0  0
  0  0  0  0  0  4  0  0  0  0  0  4  0  0  0  0  0
  0  0  0  0  7  0  6  0  0  0  6  0  7  0  0  0  0
  0  0  0  0  0  0  0  6  0  6  0  0  0  0  0  0  0
  0  0  0  0  0  0  6  0  3  0  6  0  0  0  0  0  0
  0  0  0  0  0  0  0  0  0  0  0  0  0  0  0  0  0
  0  0  0  0  0  0  0  0  0  0  0  0  0  0  0  0  0

  MATERIAL CX INCREMENT OR DECREMENT DUE TO CR INSERTION : 
    MATERIAL  1
    GROUP   TRANSPORT  ABSORPTION      NU*FISS      FISSION
       1     0.003732    0.002478    -0.000103    -0.000000
       2    -0.021993    0.025587    -0.002823    -0.000000
   --SCATTERING MATRIX--
     G/G'        1        2
      1      0.000000 -0.003193
      2      0.000000  0.000000
    MATERIAL  2
    GROUP   TRANSPORT  ABSORPTION      NU*FISS      FISSION
       1     0.003732    0.002478    -0.000103    -0.000000
       2    -0.021993    0.025587    -0.002823    -0.000000
   --SCATTERING MATRIX--
     G/G'        1        2
      1      0.000000 -0.003193
      2      0.000000  0.000000
    MATERIAL  3
    GROUP   TRANSPORT  ABSORPTION      NU*FISS      FISSION
       1     0.003732    0.002478    -0.000103    -0.000000
       2    -0.021993    0.025587    -0.002823    -0.000000
   --SCATTERING MATRIX--
     G/G'        1        2
      1      0.000000 -0.003193
      2      0.000000  0.000000
    MATERIAL  4
    GROUP   TRANSPORT  ABSORPTION      NU*FISS      FISSION
       1     0.003732    0.002478    -0.000103    -0.000000
       2    -0.021993    0.025587    -0.002823    -0.000000
   --SCATTERING MATRIX--
     G/G'        1        2
      1      0.000000 -0.003193
      2      0.000000  0.000000
    MATERIAL  5
    GROUP   TRANSPORT  ABSORPTION      NU*FISS      FISSION
       1     0.003732    0.002478    -0.000103    -0.000000
       2    -0.021993    0.025587    -0.002823    -0.000000
   --SCATTERING MATRIX--
     G/G'        1        2
      1      0.000000 -0.003193
      2      0.000000  0.000000
    MATERIAL  6
    GROUP   TRANSPORT  ABSORPTION      NU*FISS      FISSION
       1     0.003741    0.002429    -0.000123    -0.000000
       2    -0.016750    0.025648    -0.003281    -0.000000
   --SCATTERING MATRIX--
     G/G'        1        2
      1      0.000000 -0.003142
      2      0.000000  0.000000
    MATERIAL  7
    GROUP   TRANSPORT  ABSORPTION      NU*FISS      FISSION
       1     0.003732    0.002478    -0.000103    -0.000000
       2    -0.021993    0.025587    -0.002823    -0.000000
   --SCATTERING MATRIX--
     G/G'        1        2
      1      0.000000 -0.003193
      2      0.000000  0.000000
    MATERIAL  8
    GROUP   TRANSPORT  ABSORPTION      NU*FISS      FISSION
       1     0.003732    0.002478    -0.000103    -0.000000
       2    -0.021993    0.025587    -0.002823    -0.000000
   --SCATTERING MATRIX--
     G/G'        1        2
      1      0.000000 -0.003193
      2      0.000000  0.000000
    MATERIAL  9
    GROUP   TRANSPORT  ABSORPTION      NU*FISS      FISSION
       1     0.003732    0.002478    -0.000103    -0.000000
       2    -0.021993    0.025587    -0.002823    -0.000000
   --SCATTERING MATRIX--
     G/G'        1        2
      1      0.000000 -0.003193
      2      0.000000  0.000000
    MATERIAL 10
    GROUP   TRANSPORT  ABSORPTION      NU*FISS      FISSION
       1     0.003732    0.002478    -0.000103    -0.000000
       2    -0.021993    0.025587    -0.002823    -0.000000
   --SCATTERING MATRIX--
     G/G'        1        2
      1      0.000000 -0.003193
      2      0.000000  0.000000
    MATERIAL 11
    GROUP   TRANSPORT  ABSORPTION      NU*FISS      FISSION
       1     0.003732    0.002478    -0.000103    -0.000000
       2    -0.021993    0.025587    -0.002823    -0.000000
   --SCATTERING MATRIX--
     G/G'        1        2
      1      0.000000 -0.003193
      2      0.000000  0.000000

  ...Control Rods Insertion card is successfully read...


            >>>>     READING ROD EJECTION DATA      <<<<
            --------------------------------------------
                           Bank  1  Bank  2  Bank  3  Bank  4  Bank  5  Bank  6  Bank  7  Bank  8
  FINAL BANK POS. (STEP)      0.0      0.0      0.0    228.0      0.0    228.0      0.0    228.0
  STARTS MOVE (SECOND)        0.0      0.0      0.0      0.0      0.0      0.0      0.0      0.0
  SPEED (STEP/SECOND)         0.0      0.0      0.0      0.0      0.0      0.0      0.0   2280.0

  TIME PARAMETERS IN SECONDS : 
    TOTAL SIMULATION TIME         :   5.00
    FIRST TIME STEP               : 0.0050
    SECOND TIME STEP              : 0.0500
    WHEN SECOND TIME STEP APPLY?  :   1.00

  DELAYED NEUTRON FRACTION : 
    0.00026    0.00152    0.00139    0.00307    0.00110    0.00026

  PRECUSOR DECAY CONSTANT (1/s): 
    0.01280    0.03180    0.11900    0.31810    1.40270    3.92860

  NEUTRON VELOCITY (cm/s) : 
    2.80000E+07    4.40000E+05

  ...Rod Ejection Card is successfully read...


            >>>>>READING ITERATION CONTROL<<<<<
            ------------------------------------
  MAXIMUM NUMBER OF OUTER ITERATION                     :  1200
  MAXIMUM NUMBER OF INNER ITERATION                     :     3
  FISSION SOURCE ERROR CRITERIA                     :    1.000E-05
  FLUX ERROR CRITERIA                               :    1.000E-05
  OUTER ITERATION FISSION SOURCE EXTRAPOLATION INTERVAL :    20
  NODAL UPDATE INTERVAL                                 :    40
  MAX. NUMBER OF T-H ITERATION                          :    20
  MAX. NUMBER OF OUTER ITERATION PER T-H ITERATION      :    80


            >>>>   READING THERMAL-HYDRAULIC DATA   <<<<
            --------------------------------------------
  REACTOR PERCENT POWER (%)                :      0.00010
  REACTOR POWER (Watt)                     :   1.3875E+09
  COOLANT INLET TEMPERATURE (Kelvin)       :   5.5915E+02
  FUEL ASSEMBLY MASS FLOW RATE (Kg/s)      :   8.2121E+01
  FUEL MEAT RADIUS (m)                     :   4.1195E-03
  GAP THICKNESS (m)                        :   6.8000E-05
  CLAD THICKNESS (m)                       :   5.7100E-04
  PIN PITCH(m)                             :   1.2655E-02
  FRACTION OF HEAT DEPOSITED IN COOL.      :   1.9000E-02

  ...Thermal-hydraulic Card is successfully read...


            >>>>       READING BORON CONCENTRATION        <<<<
            --------------------------------------------------
  BORON CONCENTRATION SET       : 1127.69
  BORON CONCENTRATION REFERENCE : 1200.20

  MATERIAL CX CHANGES PER PPM BORON CHANGES : 
    MATERIAL  1
     GROUP   TRANSPORT   ABSORPTION   NU*FISS       FISSION
       1     0.000000    0.000000   0.00000E+00   0.00000E+00
       2     0.000005    0.000010   0.00000E+00   0.00000E+00
   --SCATTERING MATRIX--
     G/G'          1          2
      1      0.00000E+00  0.79146E-09
      2      0.00000E+00  0.00000E+00
    MATERIAL  2
     GROUP   TRANSPORT   ABSORPTION   NU*FISS       FISSION
       1     0.000000    0.000000   0.00000E+00   0.00000E+00
       2     0.000776    0.000084   0.00000E+00   0.00000E+00
   --SCATTERING MATRIX--
     G/G'          1          2
      1      0.00000E+00  0.00000E+00
      2      0.00000E+00  0.00000E+00
    MATERIAL  3
     GROUP   TRANSPORT   ABSORPTION   NU*FISS       FISSION
       1     0.000000    0.000000   0.00000E+00   0.00000E+00
       2     0.000776    0.000084   0.00000E+00   0.00000E+00
   --SCATTERING MATRIX--
     G/G'          1          2
      1      0.00000E+00  0.00000E+00
      2      0.00000E+00  0.00000E+00
    MATERIAL  4
     GROUP   TRANSPORT   ABSORPTION   NU*FISS       FISSION
       1     0.000000    0.000000  -0.11210E-08  -0.17619E-19
       2    -0.000010    0.000007  -0.24305E-05  -0.31909E-16
   --SCATTERING MATRIX--
     G/G'          1          2
      1      0.00000E+00 -0.10859E-06
      2      0.00000E+00  0.00000E+00
    MATERIAL  5
     GROUP   TRANSPORT   ABSORPTION   NU*FISS       FISSION
       1     0.000000    0.000000  -0.16788E-08  -0.24996E-19
       2    -0.000009    0.000007  -0.27244E-05  -0.35768E-16
   --SCATTERING MATRIX--
     G/G'          1          2
      1      0.00000E+00 -0.10695E-06
      2      0.00000E+00  0.00000E+00
    MATERIAL  6
     GROUP   TRANSPORT   ABSORPTION   NU*FISS       FISSION
       1     0.000000    0.000000  -0.22104E-08  -0.32023E-19
       2    -0.000007    0.000007  -0.29588E-05  -0.38845E-16
   --SCATTERING MATRIX--
     G/G'          1          2
      1      0.00000E+00 -0.10537E-06
      2      0.00000E+00  0.00000E+00
    MATERIAL  7
     GROUP   TRANSPORT   ABSORPTION   NU*FISS       FISSION
       1     0.000000    0.000000  -0.17132E-08  -0.24996E-19
       2    -0.000007    0.000006  -0.25536E-05  -0.33522E-16
   --SCATTERING MATRIX--
     G/G'          1          2
      1      0.00000E+00 -0.10087E-06
      2      0.00000E+00  0.00000E+00
    MATERIAL  8
     GROUP   TRANSPORT   ABSORPTION   NU*FISS       FISSION
       1     0.000000    0.000000  -0.17242E-08  -0.25490E-19
       2    -0.000006    0.000006  -0.24888E-05  -0.32670E-16
   --SCATTERING MATRIX--
     G/G'          1          2
      1      0.00000E+00 -0.98858E-07
      2      0.00000E+00  0.00000E+00
    MATERIAL  9
     GROUP   TRANSPORT   ABSORPTION   NU*FISS       FISSION
       1     0.000000    0.000000  -0.17350E-08  -0.25605E-19
       2    -0.000006    0.000006  -0.24224E-05  -0.31798E-16
   --SCATTERING MATRIX--
     G/G'          1          2
      1      0.00000E+00 -0.96849E-07
      2      0.00000E+00  0.00000E+00
    MATERIAL 10
     GROUP   TRANSPORT   ABSORPTION   NU*FISS       FISSION
       1     0.000000    0.000000  -0.22434E-08  -0.32023E-19
       2    -0.000006    0.000006  -0.27766E-05  -0.36451E-16
   --SCATTERING MATRIX--
     G/G'          1          2
      1      0.00000E+00 -0.99331E-07
      2      0.00000E+00  0.00000E+00
    MATERIAL 11
     GROUP   TRANSPORT   ABSORPTION   NU*FISS       FISSION
       1     0.000000    0.000000  -0.22537E-08  -0.32487E-19
       2    -0.000005    0.000006  -0.27078E-05  -0.35548E-16
   --SCATTERING MATRIX--
     G/G'          1          2
      1      0.00000E+00 -0.97329E-07
      2      0.00000E+00  0.00000E+00

  ...Boron Concentration card is successfully read...


            >>>>      READING FUEL TEMPERATURE      <<<<
            --------------------------------------------

  ...Fuel Temperature is card successfully read...


            >>>>   READING MODERATOR TEMPERATURE    <<<<
            --------------------------------------------

  ...Moderator Temperature Card is successfully read...


            >>>>       READING COOLANT DENSITY      <<<<
            --------------------------------------------

  ...Coolant Density Card is successfully read...


  ************************  STOP READING INPUT  ********************************

  TRANSIENT RESULTS :

  Step  Time(s)  React.($)   Rel. Power   Avg. Tm   Max. Tm   Avg. Tf   Max. Tf
 --------------------------------------------------------------------------------
   0     0.000   -0.0000     1.0000E-06    286.00    286.00    286.00    286.00
   1     0.005    0.0020     1.0015E-06    286.00    286.00    286.00    286.00
   2     0.010    0.0056     1.0049E-06    286.00    286.00    286.00    286.00
   3     0.015    0.0143     1.0128E-06    286.00    286.00    286.00    286.00
   4     0.020    0.0286     1.0257E-06    286.00    286.00    286.00    286.00
   5     0.025    0.0574     1.0512E-06    286.00    286.00    286.00    286.00
   6     0.030    0.0964     1.0891E-06    286.00    286.00    286.00    286.00
   7     0.035    0.1528     1.1470E-06    286.00    286.00    286.00    286.00
   8     0.040    0.2434     1.2455E-06    286.00    286.00    286.00    286.00
   9     0.045    0.3212     1.3651E-06    286.00    286.00    286.00    286.00
  10     0.050    0.4395     1.5547E-06    286.00    286.00    286.00    286.00
  11     0.055    0.5499     1.8150E-06    286.00    286.00    286.00    286.00
  12     0.060    0.6665     2.1889E-06    286.00    286.00    286.00    286.00
  13     0.065    0.8031     2.7930E-06    286.00    286.00    286.00    286.00
  14     0.070    0.8898     3.6126E-06    286.00    286.00    286.00    286.00
  15     0.075    0.9907     4.8928E-06    286.00    286.00    286.00    286.00
  16     0.080    1.0648     6.8223E-06    286.00    286.00    286.00    286.00
  17     0.085    1.1248     9.7761E-06    286.00    286.00    286.00    286.00
  18     0.090    1.1763     1.4453E-05    286.00    286.00    286.00    286.00
  19     0.095    1.2035     2.1514E-05    286.00    286.00    286.00    286.00
  20     0.100    1.2183     3.1964E-05    286.00    286.00    286.00    286.00
  21     0.105    1.2260     4.7315E-05    286.00    286.00    286.00    286.00
  22     0.110    1.2310     6.9821E-05    286.00    286.00    286.00    286.00
  23     0.115    1.2342     1.0283E-04    286.00    286.00    286.00    286.00
  24     0.120    1.2365     1.5125E-04    286.00    286.00    286.00    286.00
  25     0.125    1.2379     2.2236E-04    286.00    286.00    286.00    286.00
  26     0.130    1.2389     3.2663E-04    286.00    286.00    286.00    286.01
  27     0.135    1.2396     4.7955E-04    286.00    286.00    286.00    286.01
  28     0.140    1.2401     7.0340E-04    286.00    286.00    286.00    286.01
  29     0.145    1.2404     1.0323E-03    286.00    286.00    286.00    286.02
  30     0.150    1.2406     1.5150E-03    286.00    286.00    286.00    286.02
  31     0.155    1.2407     2.2227E-03    286.00    286.00    286.00    286.04
  32     0.160    1.2408     3.2579E-03    286.00    286.00    286.01    286.05
  33     0.165    1.2408     4.7750E-03    286.00    286.00    286.01    286.08
  34     0.170    1.2408     6.9990E-03    286.00    286.00    286.01    286.11
  35     0.175    1.2407     1.0263E-02    286.00    286.00    286.02    286.16
  36     0.180    1.2406     1.5044E-02    286.00    286.00    286.03    286.24
  37     0.185    1.2405     2.2050E-02    286.00    286.00    286.04    286.35
  38     0.190    1.2402     3.2309E-02    286.00    286.00    286.06    286.51
  39     0.195    1.2399     4.7267E-02    286.00    286.01    286.08    286.75
  40     0.200    1.2393     6.9111E-02    286.00    286.01    286.12    287.10
  41     0.205    1.2384     1.0088E-01    286.00    286.01    286.17    287.61
  42     0.210    1.2371     1.4691E-01    286.00    286.02    286.25    288.35
  43     0.215    1.2355     2.1356E-01    286.00    286.03    286.37    289.42
  44     0.220    1.2330     3.0952E-01    286.01    286.05    286.54    290.98
  45     0.225    1.2294     4.4600E-01    286.01    286.07    286.78    293.22
  46     0.230    1.2241     6.3717E-01    286.01    286.10    287.12    296.41
  47     0.235    1.2166     9.0069E-01    286.02    286.14    287.61    300.91
  48     0.240    1.2061     1.2531E+00    286.02    286.20    288.29    307.14
  49     0.245    1.1916     1.7038E+00    286.03    286.28    289.20    315.56
  50     0.250    1.1720     2.2499E+00    286.05    286.38    290.40    326.59
  51     0.255    1.1465     2.8594E+00    286.06    286.52    291.92    340.45
  52     0.260    1.1147     3.4669E+00    286.08    286.69    293.74    357.03
  53     0.265    1.0769     3.9718E+00    286.11    286.88    295.80    375.73
  54     0.270    1.0348     4.2740E+00    286.14    287.10    297.97    395.48
  55     0.275    0.9906     4.3131E+00    286.17    287.34    300.11    415.05
  56     0.280    0.9474     4.0934E+00    286.20    287.58    302.07    433.26
  57     0.285    0.9076     3.6763E+00    286.23    287.83    303.76    449.34
  58     0.290    0.8728     3.1556E+00    286.26    288.08    305.12    462.92
  59     0.295    0.8436     2.6190E+00    286.29    288.33    306.18    474.05
  60     0.300    0.8198     2.1280E+00    286.33    288.58    306.96    482.99
  61     0.305    0.8005     1.7135E+00    286.36    288.84    307.52    490.12
  62     0.310    0.7847     1.3824E+00    286.39    289.11    307.91    495.84
  63     0.315    0.7716     1.1248E+00    286.43    289.38    308.18    500.46
  64     0.320    0.7603     9.3104E-01    286.47    289.67    308.36    504.27
  65     0.325    0.7503     7.8566E-01    286.50    289.96    308.49    507.47
  66     0.330    0.7409     6.7813E-01    286.54    290.24    308.57    510.23
  67     0.335    0.7321     5.9835E-01    286.58    290.54    308.64    512.65
  68     0.340    0.7234     5.3872E-01    286.62    290.83    308.68    514.82
  69     0.345    0.7148     4.9340E-01    286.66    291.13    308.72    516.81
  70     0.350    0.7062     4.5860E-01    286.70    291.43    308.75    518.65
  71     0.355    0.6977     4.3098E-01    286.74    291.73    308.78    520.37
  72     0.360    0.6890     4.0898E-01    286.78    292.03    308.80    522.00
  73     0.365    0.6803     3.9079E-01    286.83    292.34    308.83    523.55
  74     0.370    0.6716     3.7531E-01    286.87    292.64    308.85    525.03
  75     0.375    0.6630     3.6198E-01    286.91    292.94    308.87    526.46
  76     0.380    0.6544     3.5018E-01    286.95    293.23    308.90    527.84
  77     0.385    0.6458     3.3959E-01    286.99    293.54    308.92    529.17
  78     0.390    0.6374     3.2997E-01    287.03    293.84    308.94    530.46
  79     0.395    0.6290     3.2109E-01    287.07    294.15    308.97    531.71
  80     0.400    0.6208     3.1287E-01    287.11    294.45    308.99    532.92
  81     0.405    0.6127     3.0517E-01    287.15    294.76    309.01    534.11
  82     0.410    0.6047     2.9798E-01    287.19    295.06    309.03    535.26
  83     0.415    0.5969     2.9127E-01    287.22    295.35    309.05    536.38
  84     0.420    0.5892     2.8493E-01    287.26    295.65    309.08    537.47
  85     0.425    0.5817     2.7895E-01    287.30    295.94    309.10    538.54
  86     0.430    0.5742     2.7326E-01    287.34    296.23    309.12    539.58
  87     0.435    0.5670     2.6791E-01    287.37    296.51    309.14    540.60
  88     0.440    0.5599     2.6283E-01    287.41    296.80    309.16    541.60
  89     0.445    0.5530     2.5803E-01    287.45    297.07    309.18    542.58
  90     0.450    0.5462     2.5345E-01    287.48    297.35    309.20    543.53
  91     0.455    0.5396     2.4910E-01    287.52    297.62    309.22    544.47
  92     0.460    0.5331     2.4498E-01    287.55    297.89    309.24    545.39
  93     0.465    0.5268     2.4105E-01    287.59    298.16    309.26    546.30
  94     0.470    0.5206     2.3730E-01    287.62    298.42    309.27    547.19
  95     0.475    0.5146     2.3372E-01    287.65    298.68    309.29    548.06
  96     0.480    0.5087     2.3030E-01    287.69    298.94    309.31    548.92
  97     0.485    0.5030     2.2705E-01    287.72    299.19    309.33    549.76
  98     0.490    0.4974     2.2393E-01    287.75    299.44    309.35    550.59
  99     0.495    0.4920     2.2097E-01    287.78    299.68    309.37    551.41
 100     0.500    0.4868     2.1812E-01    287.81    299.92    309.39    552.22
 101     0.505    0.4816     2.1541E-01    287.84    300.15    309.40    553.02
 102     0.510    0.4766     2.1281E-01    287.87    300.38    309.42    553.80
 103     0.515    0.4718     2.1030E-01    287.90    300.60    309.44    554.58
 104     0.520    0.4671     2.0791E-01    287.93    300.82    309.46    555.34
 105     0.525    0.4625     2.0560E-01    287.96    301.06    309.48    556.10
 106     0.530    0.4580     2.0339E-01    287.99    301.30    309.50    556.84
 107     0.535    0.4537     2.0128E-01    288.02    301.53    309.51    557.58
 108     0.540    0.4495     1.9925E-01    288.04    301.77    309.53    558.31
 109     0.545    0.4454     1.9729E-01    288.07    302.00    309.55    559.03
 110     0.550    0.4415     1.9540E-01    288.10    302.22    309.57    559.74
 111     0.555    0.4377     1.9359E-01    288.12    302.45    309.59    560.44
 112     0.560    0.4340     1.9185E-01    288.15    302.67    309.61    561.14
 113     0.565    0.4304     1.9017E-01    288.17    302.88    309.62    561.83
 114     0.570    0.4269     1.8856E-01    288.20    303.10    309.64    562.52
 115     0.575    0.4236     1.8701E-01    288.22    303.31    309.66    563.19
 116     0.580    0.4203     1.8551E-01    288.25    303.52    309.68    563.87
 117     0.585    0.4172     1.8408E-01    288.27    303.72    309.70    564.53
 118     0.590    0.4142     1.8269E-01    288.29    303.92    309.72    565.19
 119     0.595    0.4113     1.8136E-01    288.31    304.11    309.74    565.85
 120     0.600    0.4086     1.8007E-01    288.34    304.30    309.75    566.50
 121     0.605    0.4059     1.7884E-01    288.36    304.49    309.77    567.14
 122     0.610    0.4033     1.7765E-01    288.38    304.67    309.79    567.78
 123     0.615    0.4008     1.7650E-01    288.40    304.85    309.81    568.41
 124     0.620    0.3985     1.7539E-01    288.42    305.03    309.83    569.04
 125     0.625    0.3962     1.7433E-01    288.44    305.20    309.85    569.67
 126     0.630    0.3940     1.7330E-01    288.46    305.36    309.87    570.29
 127     0.635    0.3919     1.7231E-01    288.48    305.52    309.88    570.91
 128     0.640    0.3899     1.7137E-01    288.49    305.68    309.90    571.52
 129     0.645    0.3880     1.7045E-01    288.51    305.83    309.92    572.13
 130     0.650    0.3862     1.6956E-01    288.53    306.01    309.94    572.74
 131     0.655    0.3845     1.6872E-01    288.55    306.20    309.96    573.34
 132     0.660    0.3828     1.6790E-01    288.56    306.38    309.98    573.94
 133     0.665    0.3812     1.6711E-01    288.58    306.56    310.00    574.53
 134     0.670    0.3798     1.6634E-01    288.60    306.74    310.02    575.12
 135     0.675    0.3783     1.6561E-01    288.61    306.91    310.03    575.71
 136     0.680    0.3770     1.6490E-01    288.63    307.08    310.05    576.30
 137     0.685    0.3757     1.6422E-01    288.64    307.25    310.07    576.88
 138     0.690    0.3745     1.6355E-01    288.66    307.40    310.09    577.46
 139     0.695    0.3734     1.6292E-01    288.67    307.56    310.11    578.03
 140     0.700    0.3723     1.6231E-01    288.68    307.71    310.13    578.61
 141     0.705    0.3713     1.6172E-01    288.70    307.86    310.15    579.18
 142     0.710    0.3704     1.6115E-01    288.71    308.00    310.17    579.75
 143     0.715    0.3695     1.6059E-01    288.72    308.14    310.18    580.31
 144     0.720    0.3687     1.6006E-01    288.74    308.27    310.20    580.87
 145     0.725    0.3679     1.5955E-01    288.75    308.40    310.22    581.43
 146     0.730    0.3672     1.5906E-01    288.76    308.52    310.24    581.99
 147     0.735    0.3665     1.5858E-01    288.77    308.64    310.26    582.55
 148     0.740    0.3659     1.5812E-01    288.78    308.76    310.28    583.10
 149     0.745    0.3653     1.5768E-01    288.79    308.86    310.30    583.65
 150     0.750    0.3648     1.5725E-01    288.80    308.97    310.32    584.20
 151     0.755    0.3643     1.5684E-01    288.81    309.07    310.33    584.74
 152     0.760    0.3639     1.5644E-01    288.82    309.17    310.35    585.28
 153     0.765    0.3635     1.5606E-01    288.83    309.26    310.37    585.83
 154     0.770    0.3631     1.5569E-01    288.84    309.34    310.39    586.36
 155     0.775    0.3628     1.5536E-01    288.85    309.47    310.41    586.90
 156     0.780    0.3625     1.5500E-01    288.85    309.60    310.43    587.44
 157     0.785    0.3622     1.5466E-01    288.86    309.73    310.44    587.97
 158     0.790    0.3620     1.5436E-01    288.87    309.85    310.46    588.50
 159     0.795    0.3618     1.5404E-01    288.88    309.97    310.48    589.03
 160     0.800    0.3617     1.5373E-01    288.88    310.08    310.50    589.55
 161     0.805    0.3615     1.5346E-01    288.89    310.18    310.52    590.08
 162     0.810    0.3614     1.5317E-01    288.90    310.28    310.54    590.60
 163     0.815    0.3613     1.5292E-01    288.90    310.37    310.55    591.12
 164     0.820    0.3613     1.5267E-01    288.91    310.46    310.57    591.64
 165     0.825    0.3612     1.5242E-01    288.91    310.55    310.59    592.15
 166     0.830    0.3612     1.5218E-01    288.92    310.63    310.61    592.67
 167     0.835    0.3612     1.5195E-01    288.92    310.71    310.63    593.18
 168     0.840    0.3613     1.5172E-01    288.93    310.78    310.64    593.69
 169     0.845    0.3613     1.5150E-01    288.93    310.85    310.66    594.20
 170     0.850    0.3614     1.5129E-01    288.94    310.91    310.68    594.70
 171     0.855    0.3614     1.5108E-01    288.94    310.98    310.70    595.21
 172     0.860    0.3615     1.5088E-01    288.94    311.03    310.72    595.71
 173     0.865    0.3616     1.5069E-01    288.95    311.10    310.73    596.21
 174     0.870    0.3618     1.5050E-01    288.95    311.18    310.75    596.71
 175     0.875    0.3619     1.5032E-01    288.95    311.27    310.77    597.20
 176     0.880    0.3620     1.5015E-01    288.96    311.34    310.78    597.70
 177     0.885    0.3622     1.4998E-01    288.96    311.41    310.80    598.19
 178     0.890    0.3624     1.4981E-01    288.96    311.48    310.82    598.68
 179     0.895    0.3625     1.4965E-01    288.96    311.55    310.84    599.17
 180     0.900    0.3627     1.4949E-01    288.96    311.61    310.85    599.66
 181     0.905    0.3629     1.4934E-01    288.97    311.66    310.87    600.14
 182     0.910    0.3631     1.4920E-01    288.97    311.72    310.89    600.63
 183     0.915    0.3633     1.4905E-01    288.97    311.77    310.90    601.11
 184     0.920    0.3635     1.4891E-01    288.97    311.81    310.92    601.59
 185     0.925    0.3637     1.4878E-01    288.97    311.86    310.94    602.06
 186     0.930    0.3640     1.4865E-01    288.97    311.89    310.95    602.54
 187     0.935    0.3642     1.4852E-01    288.97    311.93    310.97    603.01
 188     0.940    0.3644     1.4840E-01    288.97    311.96    310.99    603.48
 189     0.945    0.3646     1.4827E-01    288.97    311.99    311.00    603.95
 190     0.950    0.3649     1.4815E-01    288.97    312.02    311.02    604.42
 191     0.955    0.3651     1.4804E-01    288.97    312.04    311.04    604.89
 192     0.960    0.3654     1.4793E-01    288.97    312.06    311.05    605.35
 193     0.965    0.3656     1.4782E-01    288.97    312.08    311.07    605.81
 194     0.970    0.3658     1.4771E-01    288.97    312.10    311.09    606.27
 195     0.975    0.3661     1.4760E-01    288.97    312.13    311.10    606.73
 196     0.980    0.3663     1.4750E-01    288.97    312.16    311.12    607.19
 197     0.985    0.3666     1.4740E-01    288.97    312.18    311.13    607.64
 198     0.990    0.3668     1.4730E-01    288.97    312.20    311.15    608.09
 199     0.995    0.3671     1.4720E-01    288.97    312.22    311.16    608.54
 200     1.000    0.3673     1.4710E-01    288.97    312.23    311.18    608.99
 201     1.050    0.3674     1.4584E-01    288.96    312.21    311.32    613.25
 202     1.100    0.3692     1.4503E-01    288.94    312.13    311.46    617.32
 203     1.150    0.3708     1.4430E-01    288.93    311.97    311.59    621.18
 204     1.200    0.3722     1.4371E-01    288.91    311.77    311.72    624.86
 205     1.250    0.3733     1.4316E-01    288.90    311.56    311.84    628.35
 206     1.300    0.3743     1.4266E-01    288.89    311.36    311.95    631.66
 207     1.350    0.3750     1.4221E-01    288.87    311.16    312.06    634.79
 208     1.400    0.3755     1.4180E-01    288.86    310.96    312.17    637.76
 209     1.450    0.3759     1.4143E-01    288.86    310.77    312.27    640.57
 210     1.500    0.3761     1.4108E-01    288.85    310.59    312.37    643.23
 211     1.550    0.3762     1.4077E-01    288.84    310.43    312.46    645.74
 212     1.600    0.3761     1.4049E-01    288.84    310.28    312.55    648.12
 213     1.650    0.3760     1.4024E-01    288.83    310.14    312.64    650.36
 214     1.700    0.3758     1.4001E-01    288.83    310.02    312.72    652.48
 215     1.750    0.3754     1.3985E-01    288.83    309.90    312.80    654.49
 216     1.800    0.3750     1.3967E-01    288.82    309.79    312.88    656.38
 217     1.850    0.3746     1.3952E-01    288.82    309.69    312.95    658.18
 218     1.900    0.3741     1.3938E-01    288.82    309.60    313.02    659.87
 219     1.950    0.3735     1.3926E-01    288.82    309.52    313.09    661.47
 220     2.000    0.3729     1.3916E-01    288.82    309.44    313.16    662.99
 221     2.050    0.3723     1.3908E-01    288.82    309.38    313.23    664.43
 222     2.100    0.3717     1.3902E-01    288.82    309.32    313.29    665.79
 223     2.150    0.3710     1.3897E-01    288.83    309.27    313.35    667.08
 224     2.200    0.3703     1.3894E-01    288.83    309.22    313.41    668.31
 225     2.250    0.3696     1.3893E-01    288.83    309.18    313.47    669.48
 226     2.300    0.3688     1.3893E-01    288.83    309.14    313.53    670.58
 227     2.350    0.3681     1.3893E-01    288.83    309.11    313.59    671.64
 228     2.400    0.3673     1.3895E-01    288.84    309.08    313.64    672.64
 229     2.450    0.3666     1.3897E-01    288.84    309.05    313.69    673.60
 230     2.500    0.3658     1.3901E-01    288.84    309.03    313.75    674.51
 231     2.550    0.3650     1.3906E-01    288.84    309.01    313.80    675.39
 232     2.600    0.3642     1.3911E-01    288.85    308.99    313.85    676.22
 233     2.650    0.3634     1.3918E-01    288.85    308.97    313.90    677.02
 234     2.700    0.3626     1.3927E-01    288.85    308.96    313.95    677.79
 235     2.750    0.3617     1.3936E-01    288.86    308.95    314.00    678.53
 236     2.800    0.3609     1.3947E-01    288.86    308.94    314.05    679.23
 237     2.850    0.3601     1.3958E-01    288.86    308.93    314.09    679.92
 238     2.900    0.3592     1.3970E-01    288.87    308.92    314.14    680.58
 239     2.950    0.3584     1.3982E-01    288.87    308.92    314.19    681.22
 240     3.000    0.3575     1.3995E-01    288.87    308.92    314.23    681.83
 241     3.050    0.3567     1.4009E-01    288.88    308.91    314.28    682.43
 242     3.100    0.3558     1.4022E-01    288.88    308.91    314.32    683.01
 243     3.150    0.3551     1.4037E-01    288.89    308.91    314.37    683.58
 244     3.200    0.3542     1.4051E-01    288.89    308.91    314.41    684.13
 245     3.250    0.3534     1.4067E-01    288.89    308.91    314.46    684.67
 246     3.300    0.3525     1.4080E-01    288.90    308.92    314.50    685.19
 247     3.350    0.3517     1.4098E-01    288.90    308.92    314.54    685.70
 248     3.400    0.3507     1.4113E-01    288.91    308.92    314.59    686.20
 249     3.450    0.3499     1.4131E-01    288.91    308.93    314.63    686.70
 250     3.500    0.3490     1.4145E-01    288.91    308.93    314.67    687.18
 251     3.550    0.3481     1.4163E-01    288.92    308.94    314.72    687.65
 252     3.600    0.3473     1.4178E-01    288.92    308.95    314.76    688.12
 253     3.650    0.3464     1.4197E-01    288.93    308.96    314.80    688.58
 254     3.700    0.3455     1.4213E-01    288.93    308.96    314.85    689.03
 255     3.750    0.3446     1.4231E-01    288.93    308.97    314.89    689.47
 256     3.800    0.3437     1.4248E-01    288.94    308.98    314.93    689.92
 257     3.850    0.3429     1.4267E-01    288.94    308.99    314.97    690.35
 258     3.900    0.3420     1.4281E-01    288.95    309.00    315.01    690.78
 259     3.950    0.3411     1.4301E-01    288.95    309.01    315.06    691.21
 260     4.000    0.3402     1.4317E-01    288.96    309.02    315.10    691.63
 261     4.050    0.3393     1.4336E-01    288.96    309.04    315.14    692.05
 262     4.100    0.3384     1.4351E-01    288.96    309.05    315.18    692.47
 263     4.150    0.3376     1.4372E-01    288.97    309.06    315.22    692.88
 264     4.200    0.3366     1.4386E-01    288.97    309.07    315.26    693.29
 265     4.250    0.3358     1.4406E-01    288.98    309.08    315.31    693.70
 266     4.300    0.3349     1.4420E-01    288.98    309.10    315.35    694.10
 267     4.350    0.3340     1.4441E-01    288.99    309.11    315.39    694.51
 268     4.400    0.3331     1.4456E-01    288.99    309.12    315.43    694.91
 269     4.450    0.3322     1.4475E-01    288.99    309.14    315.47    695.30
 270     4.500    0.3313     1.4493E-01    289.00    309.15    315.51    695.70
 271     4.550    0.3304     1.4510E-01    289.00    309.17    315.55    696.12
 272     4.600    0.3295     1.4525E-01    289.01    309.18    315.59    696.64
 273     4.650    0.3286     1.4544E-01    289.01    309.19    315.64    697.17
 274     4.700    0.3277     1.4561E-01    289.02    309.21    315.68    697.69
 275     4.750    0.3268     1.4578E-01    289.02    309.22    315.72    698.20
 276     4.800    0.3259     1.4594E-01    289.02    309.24    315.76    698.72
 277     4.850    0.3250     1.4611E-01    289.03    309.25    315.80    699.23
 278     4.900    0.3242     1.4628E-01    289.03    309.27    315.84    699.74
 279     4.950    0.3233     1.4644E-01    289.04    309.28    315.88    700.25
 280     5.000    0.3224     1.4661E-01    289.04    309.30    315.92    700.76


  CPU time breakdown in seconds
    Input reading time   :    0.0068  ( 0.0%)
    XSEC processing time :    0.2274  ( 0.4%)
    CMFD time            :   45.3931  (79.0%)
    Nodal update time    :   11.2255  (19.5%)
    T-H time             :    0.6116  ( 1.1%)
    -------------------------------------
    Total time           :   57.4644
