           ###########################################################
           #                     ADPRES-X 0.1                        #
           #        ABU DHABI POLYTECHNIC REACTOR SIMULATOR          #
           ###########################################################


  =============================INPUT DATA STARTS HERE===========================
     1: ! CALCULATION MODE CARD                                                                             
     2: %MODE                                                                                               
     3: RODEJECT                                                                                            
     4:                                                                                                     
     5: ! CASE CARD                                                                                         
     6: %CASE                                                                                               
     7: NEACRP Problem                                                                                      
     8: 10.803 CM NODE SIZE                                                                                 
     9:                                                                                                     
    10: ! XSEC CARD                                                                                         
    11: %XSEC                                                                                               
    12: 2  11    ! Number of groups and number of materials                                                 
    13: !  sigtr        siga        nu*sigf     kappa*sigf  chi sigs_g1 sigs_g2                             
    14: 5.32058E-02  3.73279E-04  0.00000E+00  0.00000E+00  1.0  0.0  2.64554E-02                           
    15: 3.86406E-01  1.77215E-02  0.00000E+00  0.00000E+00  0.0  0.0  0.00000E+00  !COMP 1                  
    16: 2.95609E-01  1.18782E-03  0.00000E+00  0.00000E+00  1.0  0.0  2.31613E-02                           
    17: 2.45931E+00  2.52618E-01  0.00000E+00  0.00000E+00  0.0  0.0  0.00000E+00  !COMP 2                  
    18: 2.95609E-01  1.18782E-03  0.00000E+00  0.00000E+00  1.0  0.0  2.00808E-02                           
    19: 2.45931E+00  2.52618E-01  0.00000E+00  0.00000E+00  0.0  0.0  0.00000E+00  !COMP 3                  
    20: 2.22117E-01  8.71774E-03  4.98277E-03  6.11190E-14  1.0  0.0  1.82498E-02                           
    21: 8.03140E-01  6.52550E-02  8.39026E-02  1.10152E-12  0.0  0.0  0.00000E+00  !COMP 4                  
    22: 2.21914E-01  9.06133E-03  5.57659E-03  6.89181E-14  1.0  0.0  1.80040E-02                           
    23: 7.95538E-01  7.23354E-02  9.98629E-02  1.31106E-12  0.0  0.0  0.00000E+00  !COMP 5                  
    24: 2.21715E-01  9.38496E-03  6.15047E-03  7.64603E-14  1.0  0.0  1.77670E-02                           
    25: 7.89253E-01  7.89203E-02  1.14667E-01  1.50541E-12  0.0  0.0  0.00000E+00  !COMP 6                  
    26: 2.22039E-01  9.31692E-03  5.55010E-03  6.86391E-14  1.0  0.0  1.71381E-02                           
    27: 7.76230E-01  7.96328E-02  9.85576E-02  1.29393E-12  0.0  0.0  0.00000E+00  !COMP 7                  
    28: 2.22083E-01  9.40032E-03  5.54083E-03  6.85391E-14  1.0  0.0  1.68501E-02                           
    29: 7.69969E-01  8.21087E-02  9.80059E-02  1.28669E-12  0.0  0.0  0.00000E+00  !COMP 8                  
    30: 2.22127E-01  9.48286E-03  5.53137E-03  6.84379E-14  1.0  0.0  1.65626E-02                           
    31: 7.63813E-01  8.45912E-02  9.74109E-02  1.27888E-12  0.0  0.0  0.00000E+00  !COMP 9                  
    32: 2.21836E-01  9.63720E-03  6.12382E-03  7.61794E-14  1.0  0.0  1.69043E-02                           
    33: 7.70705E-01  8.61187E-02  1.13241E-01  1.48670E-12  0.0  0.0  0.00000E+00  !COMP 10                 
    34: 2.21878E-01  9.71937E-03  6.11444E-03  7.60778E-14  1.0  0.0  1.66175E-02                           
    35: 7.64704E-01  8.85488E-02  1.12635E-01  1.47876E-12  0.0  0.0  0.00000E+00  !COMP 11                 
    36:                                                                                                     
    37: ! GEOMETRY CARD                                                                                     
    38: %GEOM                                                                                               
    39: 17 9 18               !nx, ny, nz                                                                   
    40: 17*21.606             !x-direction assembly size in cm                                              
    41:   17*2                !x-direction assembly divided 2x2                                             
    42: 8*21.606 10.803       !y-direction assembly size in cm                                              
    43:   8*2       1         !y-direction assembly divided 2x2                                             
    44: 30.  7.7  11.0  15.0  10*30.0  2*12.8  8.0  30.      !z-direction size  in cm (from bottom to top)  
    45: 18*1                 !z-direction assembly divided into 20 cm each                                  
    46: 3                    !np number of planar type                                                      
    47: 1  2  15*3  1        !planar assignment (from bottom to top)                                        
    48: ! Planar_Reg 1                                                                                      
    49: 2  1  1  1  1  1  1  1  1  1  1  1  1  1  1  1  2                                                   
    50: 2  1  1  1  1  1  1  1  1  1  1  1  1  1  1  1  2                                                   
    51: 2  3  1  1  1  1  1  1  1  1  1  1  1  1  1  3  2                                                   
    52: 0  2  1  1  1  1  1  1  1  1  1  1  1  1  1  2  0                                                   
    53: 0  2  3  1  1  1  1  1  1  1  1  1  1  1  3  2  0                                                   
    54: 0  0  2  3  1  1  1  1  1  1  1  1  1  3  2  0  0                                                   
    55: 0  0  0  2  3  1  1  1  1  1  1  1  3  2  0  0  0                                                   
    56: 0  0  0  0  2  2  3  1  1  1  3  2  2  0  0  0  0                                                   
    57: 0  0  0  0  0  0  2  2  2  2  2  0  0  0  0  0  0                                                   
    58: ! Planar_Reg 2                                                                                      
    59: 2  6  4  5  4  5  4  5  4  5  4  5  4  5  4  6  2                                                   
    60: 2  6  6  4  5  4  5  4  5  4  5  4  5  4  6  6  2                                                   
    61: 2  3  6  5  4  5  4  5  4  5  4  5  4  5  6  3  2                                                   
    62: 0  2  6  6  5  4  5  4  5  4  5  4  5  6  6  2  0                                                   
    63: 0  2  3  6  4  5  4  5  4  5  4  5  4  6  3  2  0                                                   
    64: 0  0  2  3  6  6  5  4  5  4  5  6  6  3  2  0  0                                                   
    65: 0  0  0  2  3  6  6  6  4  6  6  6  3  2  0  0  0                                                   
    66: 0  0  0  0  2  2  3  6  6  6  3  2  2  0  0  0  0                                                   
    67: 0  0  0  0  0  0  2  2  2  2  2  0  0  0  0  0  0                                                   
    68: ! Planar_Reg 3                                                                                      
    69: 2  6  4  7  4  9  4  9  4  9  4  9  4  7  4  6  2                                                   
    70: 2  6 11  4  8  4  8  4  9  4  8  4  8  4 11  6  2                                                   
    71: 2  3  6  8  4  8  4  8  4  8  4  8  4  8  6  3  2                                                   
    72: 0  2  6 10  8  4  8  4  9  4  8  4  8 10  6  2  0                                                   
    73: 0  2  3  6  4  8  4  8  4  8  4  8  4  6  3  2  0                                                   
    74: 0  0  2  3  6 10  8  4  7  4  8 10  6  3  2  0  0                                                   
    75: 0  0  0  2  3  6  6 11  4 11  6  6  3  2  0  0  0                                                   
    76: 0  0  0  0  2  2  3  6  6  6  3  2  2  0  0  0  0                                                   
    77: 0  0  0  0  0  0  2  2  2  2  2  0  0  0  0  0  0                                                   
    78: ! Boundary conditions (east), (west), (north), (south), (bottom), (top)                             
    79: 0 0 2 0 0 0                                                                                         
    80:                                                                                                     
    81: ! CONTROL CARD                                                                                      
    82: %CROD                                                                                               
    83: 8  228                        ! Number of CR banks and max number of banks                          
    84: 37.7 1.5942237                ! Zero step pos. (cm) and cm/step (total 228 steps)                   
    85: 100.  200.  100.  200.  200.  200.  200.  100.           ! CR Bank pos.                             
    86: 0  0  3  0  0  0  2  0  1  0  2  0  0  0  8  0  0                                                   
    87: 0  0  0  6  0  0  0  4  0  4  0  0  0  6  0  0  0                                                   
    88: 0  0  6  0  6  0  5  0  2  0  5  0  6  0  6  0  0                                                   
    89: 0  0  0  0  0  4  0  0  0  0  0  4  0  0  0  0  0                                                   
    90: 0  0  0  0  7  0  6  0  0  0  6  0  7  0  0  0  0                                                   
    91: 0  0  0  0  0  0  0  6  0  6  0  0  0  0  0  0  0                                                   
    92: 0  0  0  0  0  0  6  0  3  0  6  0  0  0  0  0  0                                                   
    93: 0  0  0  0  0  0  0  0  0  0  0  0  0  0  0  0  0                                                   
    94: 0  0  0  0  0  0  0  0  0  0  0  0  0  0  0  0  0                                                   
    95: ! CX changes                                                                                        
    96: !  sigtr        siga        nu*sigf        kappa*sigf      sigs_g1   sigs_g2                        
    97:  3.73220E-03  2.47770E-03  -1.02786E-04  -1.21448E-15  0.0  -3.19253E-03                            
    98: -2.19926E-02  2.55875E-02  -2.82319E-03  -3.70238E-14  0.0   0.00000E+00    !COMP 1                 
    99:  3.73220E-03  2.47770E-03  -1.02786E-04  -1.21448E-15  0.0  -3.19253E-03                            
   100: -2.19926E-02  2.55875E-02  -2.82319E-03  -3.70238E-14  0.0   0.00000E+00    !COMP 2                 
   101:  3.73220E-03  2.47770E-03  -1.02786E-04  -1.21448E-15  0.0  -3.19253E-03                            
   102: -2.19926E-02  2.55875E-02  -2.82319E-03  -3.70238E-14  0.0   0.00000E+00    !COMP 3                 
   103:  3.73220E-03  2.47770E-03  -1.02786E-04  -1.21448E-15  0.0  -3.19253E-03                            
   104: -2.19926E-02  2.55875E-02  -2.82319E-03  -3.70238E-14  0.0   0.00000E+00    !COMP 4                 
   105:  3.73220E-03  2.47770E-03  -1.02786E-04  -1.21448E-15  0.0  -3.19253E-03                            
   106: -2.19926E-02  2.55875E-02  -2.82319E-03  -3.70238E-14  0.0   0.00000E+00    !COMP 5                 
   107:  3.74092E-03  2.42926E-03  -1.22634E-04  -1.47557E-15  0.0  -3.14239E-03                            
   108: -1.67503E-02  2.56478E-02  -3.28086E-03  -4.30444E-14  0.0   0.00000E+00    !COMP 6                 
   109:  3.73220E-03  2.47770E-03  -1.02786E-04  -1.21448E-15  0.0  -3.19253E-03                            
   110: -2.19926E-02  2.55875E-02  -2.82319E-03  -3.70238E-14  0.0   0.00000E+00    !COMP 7                 
   111:  3.73220E-03  2.47770E-03  -1.02786E-04  -1.21448E-15  0.0  -3.19253E-03                            
   112: -2.19926E-02  2.55875E-02  -2.82319E-03  -3.70238E-14  0.0   0.00000E+00    !COMP 8                 
   113:  3.73220E-03  2.47770E-03  -1.02786E-04  -1.21448E-15  0.0  -3.19253E-03                            
   114: -2.19926E-02  2.55875E-02  -2.82319E-03  -3.70238E-14  0.0   0.00000E+00    !COMP 9                 
   115:  3.73220E-03  2.47770E-03  -1.02786E-04  -1.21448E-15  0.0  -3.19253E-03                            
   116: -2.19926E-02  2.55875E-02  -2.82319E-03  -3.70238E-14  0.0   0.00000E+00    !COMP 10                
   117:  3.73220E-03  2.47770E-03  -1.02786E-04  -1.21448E-15  0.0  -3.19253E-03                            
   118: -2.19926E-02  2.55875E-02  -2.82319E-03  -3.70238E-14  0.0   0.00000E+00    !COMP 11                
   119: 1                                                                                                   
   120:                                                                                                     
   121: ! CRITICAL BORON SEARCH CARD                                                                        
   122: %BCON                                                                                               
   123: 1156.06  1200.2  ! BC and BC ref. in ppm                                                            
   124: ! CX change per unit ppm change of Boron concentration                                              
   125: !  sigtr          siga         nu*sigf    kappa*sigf  sigs_g1   sigs_g2                             
   126:  6.11833E-08  1.87731E-07   0.00000E+00   0.00000E+00  0.0   7.91457E-10                            
   127:  5.17535E-06  1.02635E-05   0.00000E+00   0.00000E+00  0.0   0.00000E+00    !COMP 1                 
   128:  0.00000E+00  0.00000E+00   0.00000E+00   0.00000E+00  0.0   0.00000E+00                            
   129:  7.76184E-04  8.44695E-05   0.00000E+00   0.00000E+00  0.0   0.00000E+00    !COMP 2                 
   130:  0.00000E+00  0.00000E+00   0.00000E+00   0.00000E+00  0.0   0.00000E+00                            
   131:  7.76184E-04  8.44695E-05   0.00000E+00   0.00000E+00  0.0   0.00000E+00    !COMP 3                 
   132:  3.47809E-08  1.28505E-07  -1.12099E-09  -1.76188E-20  0.0  -1.08590E-07                            
   133: -9.76510E-06  7.08807E-06  -2.43045E-06  -3.19085E-17  0.0   0.00000E+00    !COMP 4                 
   134:  3.53826E-08  1.26709E-07  -1.67880E-09  -2.49965E-20  0.0  -1.06951E-07                            
   135: -8.50169E-06  6.82311E-06  -2.72445E-06  -3.57680E-17  0.0   0.00000E+00    !COMP 5                 
   136:  3.59838E-08  1.24986E-07  -2.21038E-09  -3.20225E-20  0.0  -1.05374E-07                            
   137: -7.46251E-06  6.59798E-06  -2.95883E-06  -3.88451E-17  0.0   0.00000E+00    !COMP 6                 
   138:  3.37806E-08  1.19869E-07  -1.71323E-09  -2.49965E-20  0.0  -1.00873E-07                            
   139: -6.73744E-06  6.29310E-06  -2.55359E-06  -3.35223E-17  0.0   0.00000E+00    !COMP 7                 
   140:  3.32495E-08  1.17585E-07  -1.72421E-09  -2.54896E-20  0.0  -9.88578E-08                            
   141: -6.19725E-06  6.11904E-06  -2.48880E-06  -3.26704E-17  0.0   0.00000E+00    !COMP 8                 
   142:  3.27201E-08  1.15319E-07  -1.73502E-09  -2.56049E-20  0.0  -9.68489E-08                            
   143: -5.68220E-06  5.94711E-06  -2.42240E-06  -3.17976E-17  0.0   0.00000E+00    !COMP 9                 
   144:  3.43859E-08  1.18186E-07  -2.24335E-09  -3.20225E-20  0.0  -9.93312E-08                            
   145: -5.86898E-06  6.08443E-06  -2.77657E-06  -3.64509E-17  0.0   0.00000E+00    !COMP 10                
   146:  3.38559E-08  1.15917E-07  -2.25369E-09  -3.24873E-20  0.0  -9.73291E-08                            
   147: -5.38345E-06  5.91697E-06  -2.70780E-06  -3.55476E-17  0.0   0.00000E+00    !COMP 11                
   148: 1                                                                                                   
   149:                                                                                                     
   150: ! FUEL TEMPERATURE CARD                                                                             
   151: %FTEM                                                                                               
   152: 891.19  891.45  ! Average Fuel Temperature and fuel temperature Ref. in Kelvin                      
   153: ! CX change per Fuel Temperature Changes                                                            
   154: !  sigtr          siga         nu*sigf     kappa*sigf sigs_g1   sigs_g2                             
   155:  0.00000E+00   0.00000E+00   0.00000E+00   0.00000E+00  0.0   0.00000E+00                           
   156:  0.00000E+00   0.00000E+00   0.00000E+00   0.00000E+00  0.0   0.00000E+00    !COMP 1                
   157:  0.00000E+00   0.00000E+00   0.00000E+00   0.00000E+00  0.0   0.00000E+00                           
   158:  0.00000E+00   0.00000E+00   0.00000E+00   0.00000E+00  0.0   0.00000E+00    !COMP 2                
   159:  0.00000E+00   0.00000E+00   0.00000E+00   0.00000E+00  0.0   0.00000E+00                           
   160:  0.00000E+00   0.00000E+00   0.00000E+00   0.00000E+00  0.0   0.00000E+00    !COMP 3                
   161: -3.09197E-05   3.49709E-05   6.40134E-07   7.15412E-18  0.0  -2.75536E-05                           
   162: -0.000137292  -3.71806E-05  -5.63037E-05  -7.39188E-16  0.0   0.00000E+00    !COMP 4                
   163: -3.08607E-05   3.51798E-05   9.97431E-07   1.18685E-17  0.0  -2.76766E-05                           
   164: -0.000117481  -3.77039E-05  -6.04155E-05  -7.93170E-16  0.0   0.00000E+00    !COMP 5                
   165: -3.09165E-05   3.53841E-05   1.41847E-06   1.74269E-17  0.0  -2.78390E-05                           
   166: -0.000101337  -3.77558E-05  -0.000063096  -8.28363E-16  0.0   0.00000E+00    !COMP 6                
   167: -3.13746E-05   3.48699E-05   9.45431E-07   1.18685E-17  0.0  -2.73550E-05                           
   168: -0.000108271  -3.72748E-05  -5.79662E-05  -7.60849E-16  0.0   0.00000E+00    !COMP 7                
   169: -3.15503E-05   3.47274E-05   9.26078E-07   1.08935E-17  0.0  -2.72381E-05                           
   170: -0.000105521  -3.71808E-05  -5.71108E-05  -7.49575E-16  0.0   0.00000E+00    !COMP 8                
   171: -3.17281E-05   3.46026E-05   9.05802E-07   1.06166E-17  0.0  -2.71169E-05                           
   172: -0.000102525  -3.70201E-05  -5.61543E-05  -7.36969E-16  0.0   0.00000E+00    !COMP 9                
   173: -3.14192E-05   3.50637E-05   1.35642E-06   1.74269E-17  0.0  -2.75049E-05                           
   174: -9.38886E-05  -3.71403E-05  -6.05052E-05  -7.94252E-16  0.0   0.00000E+00    !COMP 10               
   175: -3.15908E-05   3.49119E-05   1.33336E-06   1.62769E-17  0.0  -2.73835E-05                           
   176: -9.17126E-05  -3.69909E-05  -5.96284E-05  -7.82716E-16  0.0   0.00000E+00    !COMP 11               
   177:                                                                                                     
   178: ! MODERATOR TEMPERATURE CARD                                                                        
   179: %MTEM                                                                                               
   180: 559.19  579.75  ! Average Moderator Temperature and Moderator temperature Ref. Kelvin               
   181: ! CX change per Moderator Temperature Changes                                                       
   182: !  sigtr          siga         nu*sigf     kappa*sigf  sigs_g1   sigs_g2                            
   183:  0.00000E+00   0.00000E+00   0.00000E+00   0.00000E+00  0.0  0.00000E+00                            
   184:  0.00000E+00   0.00000E+00   0.00000E+00   0.00000E+00  0.0  0.00000E+00    !COMP 1                 
   185:  0.00000E+00   0.00000E+00   0.00000E+00   0.00000E+00  0.0  0.00000E+00                            
   186:  0.00000E+00   0.00000E+00   0.00000E+00   0.00000E+00  0.0  0.00000E+00    !COMP 2                 
   187:  0.00000E+00   0.00000E+00   0.00000E+00   0.00000E+00  0.0  0.00000E+00                            
   188:  0.00000E+00   0.00000E+00   0.00000E+00   0.00000E+00  0.0  0.00000E+00    !COMP 3                 
   189: -2.03310E-06   2.12191E-07   1.24709E-07   1.43035E-18  0.0  8.09676E-07                            
   190: -1.08674E-04  -3.15597E-05  -4.16439E-05  -5.46722E-16  0.0  0.00000E+00    !COMP 4                 
   191: -1.98080E-06   2.26000E-07   1.35145E-07   1.56896E-18  0.0  8.58474E-07                            
   192: -9.06150E-05  -3.21435E-05  -4.53102E-05  -5.94857E-16  0.0  0.00000E+00    !COMP 5                 
   193: -1.92434E-06   2.39939E-07   1.49084E-07   1.75422E-18  0.0  9.03494E-07                            
   194: -7.62786E-05  -3.23776E-05  -4.78475E-05  -6.28174E-16  0.0  0.00000E+00    !COMP 6                 
   195: -2.69634E-06   2.48530E-07   1.40773E-07   1.56896E-18  0.0  7.01311E-07                            
   196: -7.62435E-05  -3.00119E-05  -4.20202E-05  -5.51669E-16  0.0  0.00000E+00    !COMP 7                 
   197: -3.07905E-06   2.61854E-07   1.43235E-07   1.67897E-18  0.0  6.17380E-07                            
   198: -7.33397E-05  -2.91929E-05  -4.07701E-05  -5.35261E-16  0.0  0.00000E+00    !COMP 8                 
   199: -3.53877E-06   2.74313E-07   1.46019E-07   1.71665E-18  0.0  5.16547E-07                            
   200: -7.13711E-05  -2.83041E-05  -3.94319E-05  -5.17689E-16  0.0  0.00000E+00    !COMP 9                 
   201: -2.63907E-06   2.64289E-07   1.55858E-07   1.75422E-18  0.0  7.44320E-07                            
   202: -6.39554E-05  -3.03509E-05  -4.44431E-05  -5.83483E-16  0.0  0.00000E+00    !COMP 10                
   203: -3.02147E-06   2.79060E-07   1.58814E-07   1.88528E-18  0.0  6.59521E-07                            
   204: -6.16984E-05  -2.95626E-05  -4.31588E-05  -5.66622E-16  0.0  0.00000E+00    !COMP 11                
   205:                                                                                                     
   206: ! COOLANT DENSITY CARD                                                                              
   207: %CDEN                                                                                               
   208: 0.7464  0.7125  ! Average Coolant Density and Coolant Density Ref. in g/cm3                         
   209: ! CX change per Coolant Density Changes                                                             
   210: !  sigtr          siga         nu*sigf  kappa*sigf sigs_g1   sigs_g2                                
   211: 7.45756E-02  2.07688E-04  0.00000E+00  0.00000E+00  0.0  3.71310E-02                                
   212: 5.33634E-01  7.58421E-03  0.00000E+00  0.00000E+00  0.0  0.00000E+00    !COMP 1                     
   213: 0.00000E+00  0.00000E+00  0.00000E+00  0.00000E+00  0.0  0.00000E+00                                
   214: 0.00000E+00  0.00000E+00  0.00000E+00  0.00000E+00  0.0  0.00000E+00    !COMP 2                     
   215: 0.00000E+00  0.00000E+00  0.00000E+00  0.00000E+00  0.0  0.00000E+00                                
   216: 0.00000E+00  0.00000E+00  0.00000E+00  0.00000E+00  0.0  0.00000E+00    !COMP 3                     
   217: 1.35665E-01  1.55185E-03  9.20694E-04  1.02392E-14  0.0  2.93195E-02                                
   218: 9.92628E-01  2.52662E-02  2.47746E-02  3.25255E-13  0.0  0.00000E+00    !COMP 4                     
   219: 1.35748E-01  1.61491E-03  9.64160E-04  1.08141E-14  0.0  2.92696E-02                                
   220: 9.81985E-01  2.86667E-02  3.14993E-02  4.13542E-13  0.0  0.00000E+00    !COMP 5                     
   221: 1.35827E-01  1.68015E-03  1.01410E-03  1.14771E-14  0.0  2.92154E-02                                
   222: 9.72267E-01  3.19571E-02  3.81097E-02  5.00328E-13  0.0  0.00000E+00    !COMP 6                     
   223: 1.31033E-01  1.68397E-03  9.81951E-04  1.08141E-14  0.0  2.82489E-02                                
   224: 9.34697E-01  3.14240E-02  3.51588E-02  4.61715E-13  0.0  0.00000E+00    !COMP 7                     
   225: 1.29379E-01  1.71972E-03  9.88437E-04  1.11322E-14  0.0  2.78895E-02                                
   226: 9.18171E-01  3.24715E-02  3.63251E-02  4.77078E-13  0.0  0.00000E+00    !COMP 8                     
   227: 1.27682E-01  1.74989E-03  9.95175E-04  1.12209E-14  0.0  2.75202E-02                                
   228: 9.01293E-01  3.35945E-02  3.74499E-02  4.91900E-13  0.0  0.00000E+00    !COMP 9                     
   229: 1.31116E-01  1.75528E-03  1.03522E-03  1.14771E-14  0.0  2.81877E-02                                
   230: 9.24925E-01  3.49853E-02  4.20693E-02  5.52387E-13  0.0  0.00000E+00    !COMP 10                    
   231: 1.29463E-01  1.79499E-03  1.04291E-03  1.18534E-14  0.0  2.78259E-02                                
   232: 9.08456E-01  3.61032E-02  4.33215E-02  5.68857E-13  0.0  0.00000E+00    !COMP 11                    
   233:                                                                                                     
   234: ! THERMAL-HYDRAULIC CARD                                                                            
   235: %THER                                                                                               
   236: 100.                                   ! Percent power in %                                         
   237: 1387.5e6                               ! Reactor thermal power for half geometry in Watt            
   238: 559.15  82.12102                       ! Inlet coolant temp. (Kelvin) and Fuel Assembly Mass flow ra
   239: 4.11950E-03  6.8E-05  5.71E-04  1.2655E-2 ! Fuel meat rad., gap thinkness, cladding thinkness and pi
   240: 264  25                                ! Number of fuel pin and guide tubes                         
   241: 0.019                                  ! FRACTION OF HEAT DEPOSITED IN COOLANT                      
   242: 1                                                                                                   
   243:                                                                                                     
   244: %EJCT                                                                                               
   245: ! Final Bank Pos (steps)   Starts Move (seconds)   Speed (steps/seconds)                            
   246:    100.                     0.0                     0.0    ! Bank 1                                 
   247:    200.                     0.0                     0.0       ! Bank 2                              
   248:    100.                     0.0                     0.0       ! Bank 3                              
   249:    200.                     0.0                     0.0       ! Bank 4                              
   250:    200.                     0.0                     0.0       ! Bank 5                              
   251:    200.                     0.0                     0.0       ! Bank 6                              
   252:    200.                     0.0                     0.0       ! Bank 7                              
   253:    228.                     0.0                   1280.0       ! Bank 8                             
   254: 5.  0.01  1.0  0.1            ! (seconds) total time, 1st time step, when to start 2nd time step, 2n
   255: 0.0002584 0.00152 0.0013908 0.0030704 0.001102 0.0002584 !beta                                      
   256: 0.0128  0.0318  0.119   0.3181  1.4027  3.9286           !decay constants                           
   257: 2.8E7    4.4E5     ! Neutron velocity                                                               
   258: 1                                                                                                   
  =============================INPUT DATA   ENDS HERE===========================



                              START READING INPUT
  ******************************************************************************
  CALCULATION MODE : ROD EJECTION CALCULATION WITH T-H FEEDBACK                  

  CASE ID : NEACRP Problem                                                                                      
  10.803 CM NODE SIZE                                                                                 


            >>>> READING MACROSCOPIC CROSS SECTIONS <<<<
            --------------------------------------------

     MATERIAL  1
    GROUP   TRANSPORT  DIFFUSION  ABSORPTION  REMOVAL    NU*FISS    KAP*FIS   FISS. SPCTR
       1     0.053206  6.264981   0.000373    0.026829   0.000000   0.000000  1.000000
       2     0.386406  0.862651   0.017722    0.017722   0.000000   0.000000  0.000000
   --SCATTERING MATRIX--
     G/G'          1          2
      1        0.000000    0.026455
      2        0.000000    0.000000

     MATERIAL  2
    GROUP   TRANSPORT  DIFFUSION  ABSORPTION  REMOVAL    NU*FISS    KAP*FIS   FISS. SPCTR
       1     0.295609  1.127616   0.001188    0.024349   0.000000   0.000000  1.000000
       2     2.459310  0.135539   0.252618    0.252618   0.000000   0.000000  0.000000
   --SCATTERING MATRIX--
     G/G'          1          2
      1        0.000000    0.023161
      2        0.000000    0.000000

     MATERIAL  3
    GROUP   TRANSPORT  DIFFUSION  ABSORPTION  REMOVAL    NU*FISS    KAP*FIS   FISS. SPCTR
       1     0.295609  1.127616   0.001188    0.021269   0.000000   0.000000  1.000000
       2     2.459310  0.135539   0.252618    0.252618   0.000000   0.000000  0.000000
   --SCATTERING MATRIX--
     G/G'          1          2
      1        0.000000    0.020081
      2        0.000000    0.000000

     MATERIAL  4
    GROUP   TRANSPORT  DIFFUSION  ABSORPTION  REMOVAL    NU*FISS    KAP*FIS   FISS. SPCTR
       1     0.222117  1.500711   0.008718    0.026968   0.004983   0.000000  1.000000
       2     0.803140  0.415038   0.065255    0.065255   0.083903   0.000000  0.000000
   --SCATTERING MATRIX--
     G/G'          1          2
      1        0.000000    0.018250
      2        0.000000    0.000000

     MATERIAL  5
    GROUP   TRANSPORT  DIFFUSION  ABSORPTION  REMOVAL    NU*FISS    KAP*FIS   FISS. SPCTR
       1     0.221914  1.502083   0.009061    0.027065   0.005577   0.000000  1.000000
       2     0.795538  0.419004   0.072335    0.072335   0.099863   0.000000  0.000000
   --SCATTERING MATRIX--
     G/G'          1          2
      1        0.000000    0.018004
      2        0.000000    0.000000

     MATERIAL  6
    GROUP   TRANSPORT  DIFFUSION  ABSORPTION  REMOVAL    NU*FISS    KAP*FIS   FISS. SPCTR
       1     0.221715  1.503432   0.009385    0.027152   0.006150   0.000000  1.000000
       2     0.789253  0.422340   0.078920    0.078920   0.114667   0.000000  0.000000
   --SCATTERING MATRIX--
     G/G'          1          2
      1        0.000000    0.017767
      2        0.000000    0.000000

     MATERIAL  7
    GROUP   TRANSPORT  DIFFUSION  ABSORPTION  REMOVAL    NU*FISS    KAP*FIS   FISS. SPCTR
       1     0.222039  1.501238   0.009317    0.026455   0.005550   0.000000  1.000000
       2     0.776230  0.429426   0.079633    0.079633   0.098558   0.000000  0.000000
   --SCATTERING MATRIX--
     G/G'          1          2
      1        0.000000    0.017138
      2        0.000000    0.000000

     MATERIAL  8
    GROUP   TRANSPORT  DIFFUSION  ABSORPTION  REMOVAL    NU*FISS    KAP*FIS   FISS. SPCTR
       1     0.222083  1.500940   0.009400    0.026250   0.005541   0.000000  1.000000
       2     0.769969  0.432918   0.082109    0.082109   0.098006   0.000000  0.000000
   --SCATTERING MATRIX--
     G/G'          1          2
      1        0.000000    0.016850
      2        0.000000    0.000000

     MATERIAL  9
    GROUP   TRANSPORT  DIFFUSION  ABSORPTION  REMOVAL    NU*FISS    KAP*FIS   FISS. SPCTR
       1     0.222127  1.500643   0.009483    0.026045   0.005531   0.000000  1.000000
       2     0.763813  0.436407   0.084591    0.084591   0.097411   0.000000  0.000000
   --SCATTERING MATRIX--
     G/G'          1          2
      1        0.000000    0.016563
      2        0.000000    0.000000

     MATERIAL 10
    GROUP   TRANSPORT  DIFFUSION  ABSORPTION  REMOVAL    NU*FISS    KAP*FIS   FISS. SPCTR
       1     0.221836  1.502612   0.009637    0.026542   0.006124   0.000000  1.000000
       2     0.770705  0.432504   0.086119    0.086119   0.113241   0.000000  0.000000
   --SCATTERING MATRIX--
     G/G'          1          2
      1        0.000000    0.016904
      2        0.000000    0.000000

     MATERIAL 11
    GROUP   TRANSPORT  DIFFUSION  ABSORPTION  REMOVAL    NU*FISS    KAP*FIS   FISS. SPCTR
       1     0.221878  1.502327   0.009719    0.026337   0.006114   0.000000  1.000000
       2     0.764704  0.435899   0.088549    0.088549   0.112635   0.000000  0.000000
   --SCATTERING MATRIX--
     G/G'          1          2
      1        0.000000    0.016618
      2        0.000000    0.000000

  ...Macroscopic CX Card is successfully read...


            >>>>>READING CORE GEOMETRY<<<<<
            -------------------------------
  Number of assembly in x, y and z directions respectively :
          17           9          18
  Number of nodes in x, y and z directions respectively :
          34          17          18

  x-directed nodes division (delta-x)
    10.80  10.80  10.80  10.80  10.80  10.80  10.80  10.80  10.80  10.80
    10.80  10.80  10.80  10.80  10.80  10.80  10.80  10.80  10.80  10.80
    10.80  10.80  10.80  10.80  10.80  10.80  10.80  10.80  10.80  10.80
    10.80  10.80  10.80  10.80
  y-directed nodes division (delta-y)
    10.80  10.80  10.80  10.80  10.80  10.80  10.80  10.80  10.80  10.80
    10.80  10.80  10.80  10.80  10.80  10.80  10.80

   Planar Region :  1
        1  2  3  4  5  6  7  8  9 10 11 12 13 14 15 16 17 18 19 20 21 22 23 24 25 26 27 28 29 30 31 32 33 34
    17  2  2  1  1  1  1  1  1  1  1  1  1  1  1  1  1  1  1  1  1  1  1  1  1  1  1  1  1  1  1  1  1  2  2 
    16  2  2  1  1  1  1  1  1  1  1  1  1  1  1  1  1  1  1  1  1  1  1  1  1  1  1  1  1  1  1  1  1  2  2 
    15  2  2  1  1  1  1  1  1  1  1  1  1  1  1  1  1  1  1  1  1  1  1  1  1  1  1  1  1  1  1  1  1  2  2 
    14  2  2  3  3  1  1  1  1  1  1  1  1  1  1  1  1  1  1  1  1  1  1  1  1  1  1  1  1  1  1  3  3  2  2 
    13  2  2  3  3  1  1  1  1  1  1  1  1  1  1  1  1  1  1  1  1  1  1  1  1  1  1  1  1  1  1  3  3  2  2 
    12        2  2  1  1  1  1  1  1  1  1  1  1  1  1  1  1  1  1  1  1  1  1  1  1  1  1  1  1  2  2       
    11        2  2  1  1  1  1  1  1  1  1  1  1  1  1  1  1  1  1  1  1  1  1  1  1  1  1  1  1  2  2       
    10        2  2  3  3  1  1  1  1  1  1  1  1  1  1  1  1  1  1  1  1  1  1  1  1  1  1  3  3  2  2       
     9        2  2  3  3  1  1  1  1  1  1  1  1  1  1  1  1  1  1  1  1  1  1  1  1  1  1  3  3  2  2       
     8              2  2  3  3  1  1  1  1  1  1  1  1  1  1  1  1  1  1  1  1  1  1  3  3  2  2             
     7              2  2  3  3  1  1  1  1  1  1  1  1  1  1  1  1  1  1  1  1  1  1  3  3  2  2             
     6                    2  2  3  3  1  1  1  1  1  1  1  1  1  1  1  1  1  1  3  3  2  2                   
     5                    2  2  3  3  1  1  1  1  1  1  1  1  1  1  1  1  1  1  3  3  2  2                   
     4                          2  2  2  2  3  3  1  1  1  1  1  1  3  3  2  2  2  2                         
     3                          2  2  2  2  3  3  1  1  1  1  1  1  3  3  2  2  2  2                         
     2                                      2  2  2  2  2  2  2  2  2  2                                     
     1                                      2  2  2  2  2  2  2  2  2  2                                     
   Planar Region :  2
        1  2  3  4  5  6  7  8  9 10 11 12 13 14 15 16 17 18 19 20 21 22 23 24 25 26 27 28 29 30 31 32 33 34
    17  2  2  6  6  4  4  5  5  4  4  5  5  4  4  5  5  4  4  5  5  4  4  5  5  4  4  5  5  4  4  6  6  2  2 
    16  2  2  6  6  6  6  4  4  5  5  4  4  5  5  4  4  5  5  4  4  5  5  4  4  5  5  4  4  6  6  6  6  2  2 
    15  2  2  6  6  6  6  4  4  5  5  4  4  5  5  4  4  5  5  4  4  5  5  4  4  5  5  4  4  6  6  6  6  2  2 
    14  2  2  3  3  6  6  5  5  4  4  5  5  4  4  5  5  4  4  5  5  4  4  5  5  4  4  5  5  6  6  3  3  2  2 
    13  2  2  3  3  6  6  5  5  4  4  5  5  4  4  5  5  4  4  5  5  4  4  5  5  4  4  5  5  6  6  3  3  2  2 
    12        2  2  6  6  6  6  5  5  4  4  5  5  4  4  5  5  4  4  5  5  4  4  5  5  6  6  6  6  2  2       
    11        2  2  6  6  6  6  5  5  4  4  5  5  4  4  5  5  4  4  5  5  4  4  5  5  6  6  6  6  2  2       
    10        2  2  3  3  6  6  4  4  5  5  4  4  5  5  4  4  5  5  4  4  5  5  4  4  6  6  3  3  2  2       
     9        2  2  3  3  6  6  4  4  5  5  4  4  5  5  4  4  5  5  4  4  5  5  4  4  6  6  3  3  2  2       
     8              2  2  3  3  6  6  6  6  5  5  4  4  5  5  4  4  5  5  6  6  6  6  3  3  2  2             
     7              2  2  3  3  6  6  6  6  5  5  4  4  5  5  4  4  5  5  6  6  6  6  3  3  2  2             
     6                    2  2  3  3  6  6  6  6  6  6  4  4  6  6  6  6  6  6  3  3  2  2                   
     5                    2  2  3  3  6  6  6  6  6  6  4  4  6  6  6  6  6  6  3  3  2  2                   
     4                          2  2  2  2  3  3  6  6  6  6  6  6  3  3  2  2  2  2                         
     3                          2  2  2  2  3  3  6  6  6  6  6  6  3  3  2  2  2  2                         
     2                                      2  2  2  2  2  2  2  2  2  2                                     
     1                                      2  2  2  2  2  2  2  2  2  2                                     
   Planar Region :  3
        1  2  3  4  5  6  7  8  9 10 11 12 13 14 15 16 17 18 19 20 21 22 23 24 25 26 27 28 29 30 31 32 33 34
    17  2  2  6  6  4  4  7  7  4  4  9  9  4  4  9  9  4  4  9  9  4  4  9  9  4  4  7  7  4  4  6  6  2  2 
    16  2  2  6  6  11 11 4  4  8  8  4  4  8  8  4  4  9  9  4  4  8  8  4  4  8  8  4  4  11 11 6  6  2  2 
    15  2  2  6  6  11 11 4  4  8  8  4  4  8  8  4  4  9  9  4  4  8  8  4  4  8  8  4  4  11 11 6  6  2  2 
    14  2  2  3  3  6  6  8  8  4  4  8  8  4  4  8  8  4  4  8  8  4  4  8  8  4  4  8  8  6  6  3  3  2  2 
    13  2  2  3  3  6  6  8  8  4  4  8  8  4  4  8  8  4  4  8  8  4  4  8  8  4  4  8  8  6  6  3  3  2  2 
    12        2  2  6  6  10 10 8  8  4  4  8  8  4  4  9  9  4  4  8  8  4  4  8  8  10 10 6  6  2  2       
    11        2  2  6  6  10 10 8  8  4  4  8  8  4  4  9  9  4  4  8  8  4  4  8  8  10 10 6  6  2  2       
    10        2  2  3  3  6  6  4  4  8  8  4  4  8  8  4  4  8  8  4  4  8  8  4  4  6  6  3  3  2  2       
     9        2  2  3  3  6  6  4  4  8  8  4  4  8  8  4  4  8  8  4  4  8  8  4  4  6  6  3  3  2  2       
     8              2  2  3  3  6  6  10 10 8  8  4  4  7  7  4  4  8  8  10 10 6  6  3  3  2  2             
     7              2  2  3  3  6  6  10 10 8  8  4  4  7  7  4  4  8  8  10 10 6  6  3  3  2  2             
     6                    2  2  3  3  6  6  6  6  11 11 4  4  11 11 6  6  6  6  3  3  2  2                   
     5                    2  2  3  3  6  6  6  6  11 11 4  4  11 11 6  6  6  6  3  3  2  2                   
     4                          2  2  2  2  3  3  6  6  6  6  6  6  3  3  2  2  2  2                         
     3                          2  2  2  2  3  3  6  6  6  6  6  6  3  3  2  2  2  2                         
     2                                      2  2  2  2  2  2  2  2  2  2                                     
     1                                      2  2  2  2  2  2  2  2  2  2                                     

  Planar Region Assignment to planes.
 --------------------------------------
   Plane Number     Planar Region    delta-z
       18 (TOP)            1          30.00
       17                  3           8.00
       16                  3          12.80
       15                  3          12.80
       14                  3          30.00
       13                  3          30.00
       12                  3          30.00
       11                  3          30.00
       10                  3          30.00
        9                  3          30.00
        8                  3          30.00
        7                  3          30.00
        6                  3          30.00
        5                  3          30.00
        4                  3          15.00
        3                  3          11.00
        2                  2           7.70
        1 (BOTTOM)         1          30.00

   Boundary conditions
  X-directed West   : ZERO FLUX
  X-directed East   : ZERO FLUX
  Y-directed North  : REFLECTIVE
  Y-directed South  : ZERO FLUX
  Z-directed Bottom : ZERO FLUX
  Z-directed Top    : ZERO FLUX

  ...Core geometry is successfully read...


            >>>> READING CONTROL RODS INSERTION <<<<
            --------------------------------------------
  NUMBER OF CONTROL ROD BANK  :  8
  MAX. NUMBER OF STEPS        : 228
  FULLY INSERTED POSITION (cm): 37.7 (FROM BOTTOM OF THE CORE)
  STEP SIZE (cm)              :   1.5942
  INITIAL CONTROL ROD BANK POSITION (STEPS) : 
  (0 means fully inserted) 
    Bank  1  Bank  2  Bank  3  Bank  4  Bank  5  Bank  6  Bank  7  Bank  8
    100.0    200.0    100.0    200.0    200.0    200.0    200.0    100.0

  CONTROL ROD BANK MAP : 
  0  0  3  0  0  0  2  0  1  0  2  0  0  0  8  0  0
  0  0  0  6  0  0  0  4  0  4  0  0  0  6  0  0  0
  0  0  6  0  6  0  5  0  2  0  5  0  6  0  6  0  0
  0  0  0  0  0  4  0  0  0  0  0  4  0  0  0  0  0
  0  0  0  0  7  0  6  0  0  0  6  0  7  0  0  0  0
  0  0  0  0  0  0  0  6  0  6  0  0  0  0  0  0  0
  0  0  0  0  0  0  6  0  3  0  6  0  0  0  0  0  0
  0  0  0  0  0  0  0  0  0  0  0  0  0  0  0  0  0
  0  0  0  0  0  0  0  0  0  0  0  0  0  0  0  0  0

  MATERIAL CX INCREMENT OR DECREMENT DUE TO CR INSERTION : 
    MATERIAL  1
    GROUP   TRANSPORT  ABSORPTION      NU*FISS      FISSION
       1     0.003732    0.002478    -0.000103    -0.000000
       2    -0.021993    0.025587    -0.002823    -0.000000
   --SCATTERING MATRIX--
     G/G'        1        2
      1      0.000000 -0.003193
      2      0.000000  0.000000
    MATERIAL  2
    GROUP   TRANSPORT  ABSORPTION      NU*FISS      FISSION
       1     0.003732    0.002478    -0.000103    -0.000000
       2    -0.021993    0.025587    -0.002823    -0.000000
   --SCATTERING MATRIX--
     G/G'        1        2
      1      0.000000 -0.003193
      2      0.000000  0.000000
    MATERIAL  3
    GROUP   TRANSPORT  ABSORPTION      NU*FISS      FISSION
       1     0.003732    0.002478    -0.000103    -0.000000
       2    -0.021993    0.025587    -0.002823    -0.000000
   --SCATTERING MATRIX--
     G/G'        1        2
      1      0.000000 -0.003193
      2      0.000000  0.000000
    MATERIAL  4
    GROUP   TRANSPORT  ABSORPTION      NU*FISS      FISSION
       1     0.003732    0.002478    -0.000103    -0.000000
       2    -0.021993    0.025587    -0.002823    -0.000000
   --SCATTERING MATRIX--
     G/G'        1        2
      1      0.000000 -0.003193
      2      0.000000  0.000000
    MATERIAL  5
    GROUP   TRANSPORT  ABSORPTION      NU*FISS      FISSION
       1     0.003732    0.002478    -0.000103    -0.000000
       2    -0.021993    0.025587    -0.002823    -0.000000
   --SCATTERING MATRIX--
     G/G'        1        2
      1      0.000000 -0.003193
      2      0.000000  0.000000
    MATERIAL  6
    GROUP   TRANSPORT  ABSORPTION      NU*FISS      FISSION
       1     0.003741    0.002429    -0.000123    -0.000000
       2    -0.016750    0.025648    -0.003281    -0.000000
   --SCATTERING MATRIX--
     G/G'        1        2
      1      0.000000 -0.003142
      2      0.000000  0.000000
    MATERIAL  7
    GROUP   TRANSPORT  ABSORPTION      NU*FISS      FISSION
       1     0.003732    0.002478    -0.000103    -0.000000
       2    -0.021993    0.025587    -0.002823    -0.000000
   --SCATTERING MATRIX--
     G/G'        1        2
      1      0.000000 -0.003193
      2      0.000000  0.000000
    MATERIAL  8
    GROUP   TRANSPORT  ABSORPTION      NU*FISS      FISSION
       1     0.003732    0.002478    -0.000103    -0.000000
       2    -0.021993    0.025587    -0.002823    -0.000000
   --SCATTERING MATRIX--
     G/G'        1        2
      1      0.000000 -0.003193
      2      0.000000  0.000000
    MATERIAL  9
    GROUP   TRANSPORT  ABSORPTION      NU*FISS      FISSION
       1     0.003732    0.002478    -0.000103    -0.000000
       2    -0.021993    0.025587    -0.002823    -0.000000
   --SCATTERING MATRIX--
     G/G'        1        2
      1      0.000000 -0.003193
      2      0.000000  0.000000
    MATERIAL 10
    GROUP   TRANSPORT  ABSORPTION      NU*FISS      FISSION
       1     0.003732    0.002478    -0.000103    -0.000000
       2    -0.021993    0.025587    -0.002823    -0.000000
   --SCATTERING MATRIX--
     G/G'        1        2
      1      0.000000 -0.003193
      2      0.000000  0.000000
    MATERIAL 11
    GROUP   TRANSPORT  ABSORPTION      NU*FISS      FISSION
       1     0.003732    0.002478    -0.000103    -0.000000
       2    -0.021993    0.025587    -0.002823    -0.000000
   --SCATTERING MATRIX--
     G/G'        1        2
      1      0.000000 -0.003193
      2      0.000000  0.000000

  ...Control Rods Insertion card is successfully read...


            >>>>     READING ROD EJECTION DATA      <<<<
            --------------------------------------------
                           Bank  1  Bank  2  Bank  3  Bank  4  Bank  5  Bank  6  Bank  7  Bank  8
  FINAL BANK POS. (STEP)    100.0    200.0    100.0    200.0    200.0    200.0    200.0    228.0
  STARTS MOVE (SECOND)        0.0      0.0      0.0      0.0      0.0      0.0      0.0      0.0
  SPEED (STEP/SECOND)         0.0      0.0      0.0      0.0      0.0      0.0      0.0   1280.0

  TIME PARAMETERS IN SECONDS : 
    TOTAL SIMULATION TIME         :   5.00
    FIRST TIME STEP               : 0.0100
    SECOND TIME STEP              : 0.1000
    WHEN SECOND TIME STEP APPLY?  :   1.00

  DELAYED NEUTRON FRACTION : 
    0.00026    0.00152    0.00139    0.00307    0.00110    0.00026

  PRECUSOR DECAY CONSTANT (1/s): 
    0.01280    0.03180    0.11900    0.31810    1.40270    3.92860

  NEUTRON VELOCITY (cm/s) : 
    2.80000E+07    4.40000E+05

  ...Rod Ejection Card is successfully read...


            >>>>   READING THERMAL-HYDRAULIC DATA   <<<<
            --------------------------------------------
  REACTOR PERCENT POWER (%)                :    100.00000
  REACTOR POWER (Watt)                     :   1.3875E+09
  COOLANT INLET TEMPERATURE (Kelvin)       :   5.5915E+02
  FUEL ASSEMBLY MASS FLOW RATE (Kg/s)      :   8.2121E+01
  FUEL MEAT RADIUS (m)                     :   4.1195E-03
  GAP THICKNESS (m)                        :   6.8000E-05
  CLAD THICKNESS (m)                       :   5.7100E-04
  PIN PITCH(m)                             :   1.2655E-02
  FRACTION OF HEAT DEPOSITED IN COOL.      :   1.9000E-02

  ...Thermal-hydraulic Card is successfully read...


            >>>>       READING BORON CONCENTRATION        <<<<
            --------------------------------------------------
  BORON CONCENTRATION SET       : 1156.06
  BORON CONCENTRATION REFERENCE : 1200.20

  MATERIAL CX CHANGES PER PPM BORON CHANGES : 
    MATERIAL  1
     GROUP   TRANSPORT   ABSORPTION   NU*FISS       FISSION
       1     0.000000    0.000000   0.00000E+00   0.00000E+00
       2     0.000005    0.000010   0.00000E+00   0.00000E+00
   --SCATTERING MATRIX--
     G/G'          1          2
      1      0.00000E+00  0.79146E-09
      2      0.00000E+00  0.00000E+00
    MATERIAL  2
     GROUP   TRANSPORT   ABSORPTION   NU*FISS       FISSION
       1     0.000000    0.000000   0.00000E+00   0.00000E+00
       2     0.000776    0.000084   0.00000E+00   0.00000E+00
   --SCATTERING MATRIX--
     G/G'          1          2
      1      0.00000E+00  0.00000E+00
      2      0.00000E+00  0.00000E+00
    MATERIAL  3
     GROUP   TRANSPORT   ABSORPTION   NU*FISS       FISSION
       1     0.000000    0.000000   0.00000E+00   0.00000E+00
       2     0.000776    0.000084   0.00000E+00   0.00000E+00
   --SCATTERING MATRIX--
     G/G'          1          2
      1      0.00000E+00  0.00000E+00
      2      0.00000E+00  0.00000E+00
    MATERIAL  4
     GROUP   TRANSPORT   ABSORPTION   NU*FISS       FISSION
       1     0.000000    0.000000  -0.11210E-08  -0.17619E-19
       2    -0.000010    0.000007  -0.24305E-05  -0.31909E-16
   --SCATTERING MATRIX--
     G/G'          1          2
      1      0.00000E+00 -0.10859E-06
      2      0.00000E+00  0.00000E+00
    MATERIAL  5
     GROUP   TRANSPORT   ABSORPTION   NU*FISS       FISSION
       1     0.000000    0.000000  -0.16788E-08  -0.24996E-19
       2    -0.000009    0.000007  -0.27244E-05  -0.35768E-16
   --SCATTERING MATRIX--
     G/G'          1          2
      1      0.00000E+00 -0.10695E-06
      2      0.00000E+00  0.00000E+00
    MATERIAL  6
     GROUP   TRANSPORT   ABSORPTION   NU*FISS       FISSION
       1     0.000000    0.000000  -0.22104E-08  -0.32023E-19
       2    -0.000007    0.000007  -0.29588E-05  -0.38845E-16
   --SCATTERING MATRIX--
     G/G'          1          2
      1      0.00000E+00 -0.10537E-06
      2      0.00000E+00  0.00000E+00
    MATERIAL  7
     GROUP   TRANSPORT   ABSORPTION   NU*FISS       FISSION
       1     0.000000    0.000000  -0.17132E-08  -0.24996E-19
       2    -0.000007    0.000006  -0.25536E-05  -0.33522E-16
   --SCATTERING MATRIX--
     G/G'          1          2
      1      0.00000E+00 -0.10087E-06
      2      0.00000E+00  0.00000E+00
    MATERIAL  8
     GROUP   TRANSPORT   ABSORPTION   NU*FISS       FISSION
       1     0.000000    0.000000  -0.17242E-08  -0.25490E-19
       2    -0.000006    0.000006  -0.24888E-05  -0.32670E-16
   --SCATTERING MATRIX--
     G/G'          1          2
      1      0.00000E+00 -0.98858E-07
      2      0.00000E+00  0.00000E+00
    MATERIAL  9
     GROUP   TRANSPORT   ABSORPTION   NU*FISS       FISSION
       1     0.000000    0.000000  -0.17350E-08  -0.25605E-19
       2    -0.000006    0.000006  -0.24224E-05  -0.31798E-16
   --SCATTERING MATRIX--
     G/G'          1          2
      1      0.00000E+00 -0.96849E-07
      2      0.00000E+00  0.00000E+00
    MATERIAL 10
     GROUP   TRANSPORT   ABSORPTION   NU*FISS       FISSION
       1     0.000000    0.000000  -0.22434E-08  -0.32023E-19
       2    -0.000006    0.000006  -0.27766E-05  -0.36451E-16
   --SCATTERING MATRIX--
     G/G'          1          2
      1      0.00000E+00 -0.99331E-07
      2      0.00000E+00  0.00000E+00
    MATERIAL 11
     GROUP   TRANSPORT   ABSORPTION   NU*FISS       FISSION
       1     0.000000    0.000000  -0.22537E-08  -0.32487E-19
       2    -0.000005    0.000006  -0.27078E-05  -0.35548E-16
   --SCATTERING MATRIX--
     G/G'          1          2
      1      0.00000E+00 -0.97329E-07
      2      0.00000E+00  0.00000E+00

  ...Boron Concentration card is successfully read...


            >>>>      READING FUEL TEMPERATURE      <<<<
            --------------------------------------------

  ...Fuel Temperature is card successfully read...


            >>>>   READING MODERATOR TEMPERATURE    <<<<
            --------------------------------------------

  ...Moderator Temperature Card is successfully read...


            >>>>       READING COOLANT DENSITY      <<<<
            --------------------------------------------

  ...Coolant Density Card is successfully read...


  ************************  STOP READING INPUT  ********************************

  TRANSIENT RESULTS :

  Step  Time(s)  React.($)   Rel. Power   Avg. Tm   Max. Tm   Avg. Tf   Max. Tf
 --------------------------------------------------------------------------------
   0     0.000    0.0000     1.0000E+00    310.60    330.76    539.85   1677.81
   1     0.010    0.0203     1.0161E+00    310.60    330.76    539.89   1677.94
   2     0.020    0.0313     1.0300E+00    310.60    330.76    539.94   1678.14
   3     0.030    0.0410     1.0428E+00    310.60    330.76    539.99   1678.38
   4     0.040    0.0499     1.0554E+00    310.60    330.76    540.06   1678.65
   5     0.050    0.0545     1.0642E+00    310.60    330.76    540.14   1678.95
   6     0.060    0.0575     1.0704E+00    310.60    330.76    540.22   1679.26
   7     0.070    0.0596     1.0752E+00    310.60    330.76    540.30   1679.58
   8     0.080    0.0600     1.0775E+00    310.61    330.76    540.38   1679.90
   9     0.090    0.0599     1.0784E+00    310.61    330.76    540.46   1680.23
  10     0.100    0.0594     1.0785E+00    310.61    330.76    540.54   1680.55
  11     0.110    0.0589     1.0782E+00    310.61    330.76    540.61   1680.87
  12     0.120    0.0583     1.0780E+00    310.61    330.76    540.69   1681.20
  13     0.130    0.0577     1.0776E+00    310.62    330.76    540.76   1681.52
  14     0.140    0.0571     1.0772E+00    310.62    330.76    540.83   1681.84
  15     0.150    0.0565     1.0768E+00    310.62    330.76    540.90   1682.16
  16     0.160    0.0559     1.0763E+00    310.63    330.76    540.97   1682.48
  17     0.170    0.0553     1.0759E+00    310.63    330.76    541.04   1682.80
  18     0.180    0.0547     1.0754E+00    310.64    330.77    541.10   1683.12
  19     0.190    0.0540     1.0750E+00    310.64    330.77    541.17   1683.43
  20     0.200    0.0534     1.0744E+00    310.64    330.77    541.23   1683.75
  21     0.210    0.0527     1.0740E+00    310.65    330.77    541.30   1684.06
  22     0.220    0.0521     1.0734E+00    310.65    330.78    541.36   1684.37
  23     0.230    0.0514     1.0729E+00    310.66    330.78    541.42   1684.68
  24     0.240    0.0508     1.0724E+00    310.66    330.78    541.48   1684.99
  25     0.250    0.0501     1.0718E+00    310.67    330.79    541.54   1685.30
  26     0.260    0.0494     1.0713E+00    310.67    330.79    541.60   1685.61
  27     0.270    0.0488     1.0707E+00    310.68    330.80    541.66   1685.91
  28     0.280    0.0481     1.0702E+00    310.69    330.81    541.71   1686.22
  29     0.290    0.0475     1.0696E+00    310.69    330.81    541.77   1686.52
  30     0.300    0.0468     1.0691E+00    310.70    330.82    541.83   1686.82
  31     0.310    0.0462     1.0685E+00    310.70    330.82    541.88   1687.12
  32     0.320    0.0456     1.0679E+00    310.71    330.83    541.94   1687.42
  33     0.330    0.0449     1.0674E+00    310.71    330.84    541.99   1687.72
  34     0.340    0.0443     1.0668E+00    310.72    330.85    542.04   1688.02
  35     0.350    0.0437     1.0663E+00    310.73    330.86    542.10   1688.31
  36     0.360    0.0431     1.0657E+00    310.73    330.86    542.15   1688.61
  37     0.370    0.0425     1.0652E+00    310.74    330.87    542.20   1688.90
  38     0.380    0.0419     1.0647E+00    310.75    330.88    542.25   1689.19
  39     0.390    0.0413     1.0641E+00    310.75    330.89    542.30   1689.48
  40     0.400    0.0407     1.0636E+00    310.76    330.90    542.35   1689.77
  41     0.410    0.0402     1.0631E+00    310.76    330.91    542.40   1690.06
  42     0.420    0.0396     1.0625E+00    310.77    330.93    542.45   1690.35
  43     0.430    0.0390     1.0620E+00    310.78    330.94    542.50   1690.64
  44     0.440    0.0385     1.0615E+00    310.78    330.95    542.54   1690.92
  45     0.450    0.0380     1.0610E+00    310.79    330.97    542.59   1691.21
  46     0.460    0.0374     1.0605E+00    310.79    330.98    542.64   1691.49
  47     0.470    0.0369     1.0600E+00    310.80    331.00    542.68   1691.77
  48     0.480    0.0364     1.0595E+00    310.81    331.01    542.73   1692.05
  49     0.490    0.0359     1.0590E+00    310.81    331.03    542.77   1692.33
  50     0.500    0.0354     1.0586E+00    310.82    331.04    542.82   1692.61
  51     0.510    0.0349     1.0581E+00    310.82    331.06    542.86   1692.89
  52     0.520    0.0344     1.0577E+00    310.83    331.07    542.91   1693.16
  53     0.530    0.0339     1.0572E+00    310.84    331.09    542.95   1693.44
  54     0.540    0.0335     1.0568E+00    310.84    331.11    542.99   1693.71
  55     0.550    0.0330     1.0563E+00    310.85    331.12    543.04   1693.99
  56     0.560    0.0326     1.0559E+00    310.85    331.14    543.08   1694.26
  57     0.570    0.0321     1.0555E+00    310.86    331.15    543.12   1694.53
  58     0.580    0.0317     1.0551E+00    310.86    331.17    543.16   1694.81
  59     0.590    0.0313     1.0546E+00    310.87    331.19    543.20   1695.08
  60     0.600    0.0309     1.0542E+00    310.87    331.20    543.24   1695.35
  61     0.610    0.0304     1.0538E+00    310.88    331.22    543.28   1695.61
  62     0.620    0.0300     1.0535E+00    310.88    331.23    543.32   1695.88
  63     0.630    0.0296     1.0531E+00    310.89    331.25    543.36   1696.15
  64     0.640    0.0292     1.0527E+00    310.89    331.27    543.40   1696.42
  65     0.650    0.0289     1.0523E+00    310.90    331.28    543.44   1696.68
  66     0.660    0.0285     1.0519E+00    310.90    331.30    543.48   1696.95
  67     0.670    0.0281     1.0516E+00    310.91    331.31    543.52   1697.21
  68     0.680    0.0277     1.0512E+00    310.91    331.33    543.55   1697.48
  69     0.690    0.0274     1.0509E+00    310.92    331.35    543.59   1697.74
  70     0.700    0.0270     1.0505E+00    310.92    331.36    543.63   1698.00
  71     0.710    0.0267     1.0502E+00    310.93    331.38    543.67   1698.26
  72     0.720    0.0263     1.0498E+00    310.93    331.39    543.70   1698.52
  73     0.730    0.0260     1.0495E+00    310.94    331.41    543.74   1698.78
  74     0.740    0.0257     1.0492E+00    310.94    331.44    543.78   1699.04
  75     0.750    0.0253     1.0488E+00    310.94    331.47    543.81   1699.30
  76     0.760    0.0250     1.0485E+00    310.95    331.49    543.85   1699.56
  77     0.770    0.0247     1.0482E+00    310.95    331.52    543.88   1699.81
  78     0.780    0.0244     1.0479E+00    310.96    331.55    543.92   1700.07
  79     0.790    0.0241     1.0476E+00    310.96    331.58    543.95   1700.33
  80     0.800    0.0238     1.0473E+00    310.96    331.61    543.99   1700.58
  81     0.810    0.0235     1.0470E+00    310.97    331.63    544.02   1700.84
  82     0.820    0.0232     1.0467E+00    310.97    331.66    544.05   1701.09
  83     0.830    0.0229     1.0464E+00    310.97    331.68    544.09   1701.34
  84     0.840    0.0226     1.0461E+00    310.98    331.71    544.12   1701.60
  85     0.850    0.0223     1.0458E+00    310.98    331.73    544.15   1701.85
  86     0.860    0.0221     1.0455E+00    310.98    331.76    544.19   1702.10
  87     0.870    0.0218     1.0453E+00    310.99    331.78    544.22   1702.35
  88     0.880    0.0215     1.0450E+00    310.99    331.81    544.25   1702.60
  89     0.890    0.0212     1.0447E+00    310.99    331.83    544.28   1702.85
  90     0.900    0.0210     1.0445E+00    311.00    331.85    544.32   1703.10
  91     0.910    0.0207     1.0442E+00    311.00    331.88    544.35   1703.35
  92     0.920    0.0205     1.0440E+00    311.00    331.90    544.38   1703.60
  93     0.930    0.0202     1.0437E+00    311.01    331.92    544.41   1703.84
  94     0.940    0.0200     1.0434E+00    311.01    331.94    544.44   1704.09
  95     0.950    0.0197     1.0432E+00    311.01    331.97    544.47   1704.34
  96     0.960    0.0195     1.0429E+00    311.01    331.99    544.50   1704.58
  97     0.970    0.0192     1.0427E+00    311.02    332.01    544.53   1704.83
  98     0.980    0.0190     1.0424E+00    311.02    332.03    544.56   1705.07
  99     0.990    0.0188     1.0422E+00    311.02    332.05    544.59   1705.32
 100     1.000    0.0185     1.0420E+00    311.02    332.07    544.62   1705.56
 101     1.100    0.0184     1.0420E+00    311.04    332.23    544.92   1707.99
 102     1.200    0.0165     1.0402E+00    311.06    332.37    545.20   1710.37
 103     1.300    0.0146     1.0383E+00    311.07    332.50    545.46   1712.69
 104     1.400    0.0129     1.0364E+00    311.09    332.62    545.70   1714.94
 105     1.500    0.0112     1.0346E+00    311.10    332.74    545.92   1717.13
 106     1.600    0.0097     1.0330E+00    311.11    332.85    546.13   1719.25
 107     1.700    0.0084     1.0313E+00    311.12    332.95    546.32   1721.29
 108     1.800    0.0071     1.0299E+00    311.13    333.05    546.50   1723.27
 109     1.900    0.0060     1.0286E+00    311.13    333.14    546.67   1725.18
 110     2.000    0.0051     1.0274E+00    311.14    333.22    546.82   1727.02
 111     2.100    0.0042     1.0263E+00    311.14    333.30    546.97   1728.79
 112     2.200    0.0034     1.0253E+00    311.15    333.37    547.11   1730.50
 113     2.300    0.0027     1.0244E+00    311.15    333.44    547.23   1732.14
 114     2.400    0.0021     1.0235E+00    311.15    333.50    547.35   1733.72
 115     2.500    0.0016     1.0227E+00    311.16    333.56    547.46   1735.23
 116     2.600    0.0011     1.0220E+00    311.16    333.61    547.56   1736.69
 117     2.700    0.0006     1.0213E+00    311.16    333.67    547.66   1738.08
 118     2.800    0.0002     1.0207E+00    311.16    333.71    547.75   1739.42
 119     2.900   -0.0001     1.0201E+00    311.16    333.76    547.83   1740.70
 120     3.000   -0.0004     1.0196E+00    311.16    333.80    547.90   1741.92
 121     3.100   -0.0007     1.0191E+00    311.16    333.84    547.97   1743.09
 122     3.200   -0.0009     1.0187E+00    311.16    333.88    548.04   1744.21
 123     3.300   -0.0011     1.0183E+00    311.16    333.91    548.10   1745.28
 124     3.400   -0.0013     1.0179E+00    311.16    333.95    548.16   1746.30
 125     3.500   -0.0015     1.0175E+00    311.16    333.98    548.21   1747.28
 126     3.600   -0.0016     1.0172E+00    311.16    334.01    548.26   1748.21
 127     3.700   -0.0017     1.0169E+00    311.16    334.04    548.30   1749.10
 128     3.800   -0.0018     1.0166E+00    311.16    334.06    548.35   1749.94
 129     3.900   -0.0019     1.0164E+00    311.16    334.09    548.39   1750.75
 130     4.000   -0.0020     1.0162E+00    311.16    334.11    548.42   1751.52
 131     4.100   -0.0020     1.0160E+00    311.16    334.14    548.45   1752.26
 132     4.200   -0.0021     1.0158E+00    311.16    334.16    548.49   1752.96
 133     4.300   -0.0021     1.0156E+00    311.16    334.18    548.51   1753.63
 134     4.400   -0.0022     1.0154E+00    311.16    334.20    548.54   1754.26
 135     4.500   -0.0022     1.0153E+00    311.15    334.23    548.56   1754.87
 136     4.600   -0.0022     1.0151E+00    311.15    334.24    548.59   1755.45
 137     4.700   -0.0022     1.0150E+00    311.15    334.26    548.61   1756.00
 138     4.800   -0.0022     1.0149E+00    311.15    334.28    548.63   1756.52
 139     4.900   -0.0022     1.0148E+00    311.15    334.30    548.64   1757.02
 140     5.000   -0.0021     1.0146E+00    311.15    334.31    548.66   1757.50


  CPU time breakdown in seconds
    Input reading time   :    0.0066  ( 0.0%)
    XSEC processing time :    0.1119  ( 0.4%)
    CMFD time            :   12.0685  (39.4%)
    Nodal update time    :   18.1495  (59.2%)
    T-H time             :    0.3053  ( 1.0%)
    -------------------------------------
    Total time           :   30.6419
