                       ###########################################################
                       #                     ADPRES 1.1                          #
                       #        ABU DHABI POLYTECHNIC REACTOR SIMULATOR          #
                       ###########################################################  


  ========================================INPUT DATA STARTS HERE=====================================
     1: ! IAEA2D input data                                                                                 
     2: ! ADJOINT PROBLEM                                                                                   
     3: ! NODE SIZE = 20 CM                                                                                 
     4:                                                                                                     
     5: %MODE                                                                                               
     6: FORWARD                                                                                             
     7: %CASE                                                                                               
     8: IAEA2D                                                                                              
     9: PROBLEM TEST                                                                                        
    10: %XSEC                                                                                               
    11: 2  4    ! Number of groups and number of materials                                                  
    12: ! sigtr   siga   nu*sigf sigf   chi   sigs_g1  sigs_g2                                              
    13: !	MATERIAL 1                                                                                        
    14: 0.222222  0.010  0.000  0.000    1.0   0.1922   0.020                                               
    15: 0.833333  0.080  0.135  0.135    0.0   0.000    0.7533   ! MAT1 : Outer Fuel                        
    16: 0.222222  0.010  0.000  0.000    1.0   0.1922   0.020                                               
    17: 0.833333  0.085  0.135  0.135    0.0   0.000    0.7483   ! MAT2 : Inner Fuel                        
    18: 0.222222  0.0100 0.000  0.000    1.0   0.1922   0.020                                               
    19: 0.833333  0.1300 0.135  0.135    0.0   0.000    0.7033   ! MAT3 : Inner Fuel + Control Rod          
    20: 0.166667  0.000  0.000  0.000    0.0   0.1267   0.040                                               
    21: 1.111111  0.010  0.000  0.000    0.0   0.000    1.1011   ! MAT4 : Reflector                         
    22: %GEOM                                                                                               
    23: 9 9 2          !nx, ny, nz                                                                          
    24: 10.0 8*20.0    !x-direction assembly size in cm                                                     
    25: 9*1            !x-direction assembly divided into 20 cm each                                        
    26: 10.0 8*20.0    !y-direction assembly size in cm                                                     
    27: 9*1            !y-direction assembly divided into 20 cm each                                        
    28: 2*10.0         !z-direction assembly size in cm                                                     
    29: 1 1            !z-direction assembly divided into 20 cm each                                        
    30: 1              !np number of planar type                                                            
    31: 1 1            !planar assignment (from bottom to top)                                              
    32: ! Planar_type_1                                                                                     
    33:  4 4 4 4 0 0 0 0 0                                                                                  
    34:  1 1 1 4 4 4 0 0 0                                                                                  
    35:  2 2 1 1 1 4 4 0 0                                                                                  
    36:  2 2 2 2 1 1 4 4 0                                                                                  
    37:  3 2 2 2 3 1 1 4 0                                                                                  
    38:  2 2 2 2 2 2 1 4 4                                                                                  
    39:  2 2 2 2 2 2 1 1 4                                                                                  
    40:  2 2 2 2 2 2 2 1 4                                                                                  
    41:  3 2 2 2 3 2 2 1 4                                                                                  
    42: ! Boundary conditions (east), (west), (north), (south), (bottom), (top)                             
    43: 1 2 1 2 2 2                                                                                         
  ========================================INPUT DATA   ENDS HERE=====================================



                                             START READING INPUT
  ***************************************************************************************************
  CALCULATION MODE :                      FORWARD CALCULATION

  CASE ID :   IAEA2D                                                                                            
   PROBLEM TEST                                                                                      


            >>>> READING MACROSCOPIC CROSS SECTIONS <<<<
            --------------------------------------------

     MATERIAL  1
    GROUP   TRANSPORT    DIFFUSION  ABSORPTION    REMOVAL      NU*FISS      KAP*FIS    FISS. SPCTR
       1     0.222222    1.500002    0.010000    0.030000     0.000000     0.000000     1.000000
       2     0.833333    0.400000    0.080000    0.080000     0.135000     0.135000     0.000000
   --SCATTERING MATRIX--
     G/G'          1          2
      1        0.192200    0.020000
      2        0.000000    0.753300

     MATERIAL  2
    GROUP   TRANSPORT    DIFFUSION  ABSORPTION    REMOVAL      NU*FISS      KAP*FIS    FISS. SPCTR
       1     0.222222    1.500002    0.010000    0.030000     0.000000     0.000000     1.000000
       2     0.833333    0.400000    0.085000    0.085000     0.135000     0.135000     0.000000
   --SCATTERING MATRIX--
     G/G'          1          2
      1        0.192200    0.020000
      2        0.000000    0.748300

     MATERIAL  3
    GROUP   TRANSPORT    DIFFUSION  ABSORPTION    REMOVAL      NU*FISS      KAP*FIS    FISS. SPCTR
       1     0.222222    1.500002    0.010000    0.030000     0.000000     0.000000     1.000000
       2     0.833333    0.400000    0.130000    0.130000     0.135000     0.135000     0.000000
   --SCATTERING MATRIX--
     G/G'          1          2
      1        0.192200    0.020000
      2        0.000000    0.703300

     MATERIAL  4
    GROUP   TRANSPORT    DIFFUSION  ABSORPTION    REMOVAL      NU*FISS      KAP*FIS    FISS. SPCTR
       1     0.166667    1.999996    0.000000    0.040000     0.000000     0.000000     0.000000
       2     1.111111    0.300000    0.010000    0.010000     0.000000     0.000000     0.000000
   --SCATTERING MATRIX--
     G/G'          1          2
      1        0.126700    0.040000
      2        0.000000    1.101100

  ...Macroscopic CX Card is successfully read...


            >>>>>READING CORE GEOMETRY<<<<<
            -------------------------------
  Number of assembly in x, y and z directions respectively :
           9           9           2
  Number of nodes in x, y and z directions respectively :
           9           9           2

  x-directed nodes divison (delta-x)
    10.00  20.00  20.00  20.00  20.00  20.00  20.00  20.00  20.00
  y-directed nodes divison (delta-y)
    10.00  20.00  20.00  20.00  20.00  20.00  20.00  20.00  20.00

  Planar Region :  1
        1  2  3  4  5  6  7  8  9
     9  4  4  4  4                
     8  1  1  1  4  4  4          
     7  2  2  1  1  1  4  4       
     6  2  2  2  2  1  1  4  4    
     5  3  2  2  2  3  1  1  4    
     4  2  2  2  2  2  2  1  4  4 
     3  2  2  2  2  2  2  1  1  4 
     2  2  2  2  2  2  2  2  1  4 
     1  3  2  2  2  3  2  2  1  4 

  Planar Region Assignment to planes.
 --------------------------------------
   Plane Number     Planar Region    delta-z
        2 (TOP)            1          10.00
        1 (BOTTOM)         1          10.00

   Boundary conditions
  X-directed West   : REFLECTIVE
  X-directed East   : ZERO INCOMING CURRENT
  Y-directed North  : ZERO INCOMING CURRENT
  Y-directed South  : REFLECTIVE
  Z-directed Bottom : REFLECTIVE
  Z-directed Top    : REFLECTIVE

  ...Core geometry is successfully read...


  **********************************  STOP READING INPUT  *******************************************


  ================================================================================================
                                        CALCULATION RESULTS
  ================================================================================================

   Itr     k-eff     Fis.Src Error   Inner Error
  ----------------------------------------------------
    1     1.030687    1.77214E+01    3.17704E+01
    2     1.191588    1.00000E+00    1.00000E+00
    3     1.103216    3.85678E-01    1.00000E+00
    4     1.052049    1.55329E-01    2.94227E-01
     ...FISSION SOURCE EXTRAPOLATED...
    5     1.009593    2.51804E-01    1.90838E-01
    6     1.025817    4.00716E-02    1.71385E-01
    7     1.024568    4.83293E-02    1.43918E-01
    8     1.024522    4.23682E-02    1.14475E-01
    9     1.025013    3.77427E-02    9.28943E-02
     ...FISSION SOURCE EXTRAPOLATED...
   10     1.033022    7.32557E-01    7.54933E-02
   11     1.027520    2.39521E-01    3.74428E-01
   12     1.030274    3.58191E-02    1.65317E-01
   13     1.030437    1.83887E-02    7.80972E-02
   14     1.030420    1.65882E-02    5.94046E-02
     ...FISSION SOURCE EXTRAPOLATED...
   15     1.030961    8.00913E-01    4.58904E-02
   16     1.029896    2.63630E-01    4.26784E-01
   17     1.031965    3.11681E-02    1.64870E-01
   18     1.032218    1.19725E-02    6.15093E-02
   19     1.032267    9.52174E-03    4.36586E-02
     ...FISSION SOURCE EXTRAPOLATED...
   20     1.033980    3.43261E-01    3.13377E-02
   21     1.031880    1.97581E-01    1.86659E-01
   22     1.033494    2.85812E-02    7.82235E-02
   23     1.033605    7.46901E-03    3.03402E-02
   24     1.033549    4.83707E-03    1.93689E-02
     ...FISSION SOURCE EXTRAPOLATED...
   25     1.033151    2.86410E-02    1.22887E-02
   26     1.033419    1.21750E-02    1.57574E-02
   27     1.033426    3.63927E-03    6.50277E-03
   28     1.033430    2.40215E-03    4.36922E-03
   29     1.033440    2.17493E-03    3.49749E-03
     ...FISSION SOURCE EXTRAPOLATED...
   30     1.033947    9.85207E-02    2.96466E-03
   31     1.033507    4.75469E-02    5.61028E-02
   32     1.033780    6.14211E-03    1.93956E-02
   33     1.033780    1.49121E-03    7.71495E-03
   34     1.033771    1.01335E-03    4.57165E-03
     ...FISSION SOURCE EXTRAPOLATED...
   35     1.033291    8.25577E-02    3.03136E-03
   36     1.033515    4.71174E-02    4.48518E-02
   37     1.033846    5.48564E-03    1.14772E-02
   38     1.033900    1.50354E-03    3.97703E-03
   39     1.033910    1.02707E-03    2.57473E-03
     ...FISSION SOURCE EXTRAPOLATED...
   40     1.033939    6.16306E-03    1.78770E-03
   41     1.033943    2.31435E-03    3.51647E-03
   42     1.033945    4.61775E-04    1.87047E-03
   43     1.033943    3.37508E-04    1.18192E-03
   44     1.033943    2.72874E-04    8.45670E-04
     ...FISSION SOURCE EXTRAPOLATED...
   45     1.033963    3.07503E-03    6.29567E-04
   46     1.033971    1.59644E-03    1.76477E-03
   47     1.033965    4.25094E-04    7.61690E-04
   48     1.033960    2.39192E-04    3.90017E-04
   49     1.033959    2.04155E-04    2.23822E-04
     ...FISSION SOURCE EXTRAPOLATED...
   50     1.033894    1.38970E-02    1.87835E-04
   51     1.034004    7.95765E-03    6.47989E-03
   52     1.033960    7.71883E-04    8.84382E-04
   53     1.033949    1.28312E-04    2.84759E-04
   54     1.033945    1.05632E-04    2.16761E-04
     ...FISSION SOURCE EXTRAPOLATED...
   55     1.033927    1.01205E-03    1.75024E-04
   56     1.033937    4.42615E-04    5.82220E-04
   57     1.033937    9.17710E-05    2.82961E-04
   58     1.033937    4.95036E-05    1.47442E-04
   59     1.033937    3.88239E-05    1.08597E-04
     ...FISSION SOURCE EXTRAPOLATED...
   60     1.033937    6.18309E-04    8.11068E-05
   61     1.033933    2.95864E-04    3.60827E-04
   62     1.033934    2.43395E-05    1.43036E-04
   63     1.033935    1.69901E-05    7.82293E-05
   64     1.033935    1.55350E-05    5.24428E-05
     ...FISSION SOURCE EXTRAPOLATED...
   65     1.033937    4.89532E-04    3.75841E-05
   66     1.033933    2.54792E-04    2.75843E-04
   67     1.033933    1.18628E-05    9.06239E-05
   68     1.033934    4.05508E-06    4.34543E-05
   69     1.033934    4.07160E-06    2.56166E-05
     ...FISSION SOURCE EXTRAPOLATED...
   70     1.033935    5.42563E-05    1.58656E-05
   71     1.033934    2.45450E-05    2.93200E-05
   72     1.033934    6.86730E-06    9.64709E-06

 MULTIPLICATION EFFECTIVE (K-EFF) =  1.033934


     Radial Power Distribution
   ==============================
           1       2       3       4       5       6       7       8       9
     9                                                                        
     8   0.438   0.851   0.800                                                
     7   0.545   1.107   1.135   0.982   0.693                                
     6   0.550   1.217   1.256   1.060   0.802   0.676                        
     5   0.359   1.265   1.392   1.142   0.549   0.802   0.693                
     4   0.717   1.557   1.593   1.410   1.142   1.060   0.982                
     3   0.861   1.754   1.740   1.593   1.392   1.256   1.135   0.800        
     2   0.777   1.701   1.754   1.557   1.265   1.217   1.107   0.851        
     1   0.222   0.777   0.861   0.717   0.359   0.550   0.545   0.438        

   MAX POS.       Maximum Value
  (  3,  2)          1.754


     Axial Power Density Distribution
   ====================================

     Plane Number        Power      Height
    -----------------------------------------
         2  (TOP)        1.000       20.00
         1  (BOTTOM)     1.000       10.00

   MAX POS.       Maximum Value
    (  1)             1.000


     Radial Flux Distribution
   ==============================
    Group :   1
             1          2          3          4          5          6          7          8          9
     9   1.955E-03  1.863E-03  1.402E-03  4.404E-04                                                        
     8   1.201E-02  1.174E-02  9.792E-03  3.448E-03  1.419E-03  3.645E-04                                  
     7   1.751E-02  1.775E-02  1.726E-02  1.338E-02  8.512E-03  2.314E-03  4.170E-04                       
     6   1.793E-02  1.956E-02  2.013E-02  1.702E-02  1.242E-02  8.248E-03  2.314E-03  3.645E-04            
     5   1.600E-02  2.059E-02  2.235E-02  1.855E-02  1.220E-02  1.242E-02  8.512E-03  1.419E-03            
     4   2.332E-02  2.502E-02  2.558E-02  2.267E-02  1.855E-02  1.702E-02  1.338E-02  3.448E-03  4.404E-04 
     3   2.763E-02  2.817E-02  2.795E-02  2.558E-02  2.235E-02  2.013E-02  1.726E-02  9.792E-03  1.402E-03 
     2   2.529E-02  2.735E-02  2.817E-02  2.502E-02  2.059E-02  1.956E-02  1.775E-02  1.174E-02  1.863E-03 
     1   1.971E-02  2.529E-02  2.763E-02  2.332E-02  1.600E-02  1.793E-02  1.751E-02  1.201E-02  1.955E-03 

    Group :   2
             1          2          3          4          5          6          7          8          9
     9   1.590E-02  1.508E-02  1.166E-02  5.633E-03                                                        
     8   1.118E-02  1.087E-02  1.022E-02  2.503E-02  1.210E-02  4.468E-03                                  
     7   1.393E-02  1.415E-02  1.450E-02  1.255E-02  8.852E-03  1.677E-02  5.181E-03                       
     6   1.407E-02  1.555E-02  1.605E-02  1.355E-02  1.025E-02  8.638E-03  1.677E-02  4.468E-03            
     5   9.183E-03  1.616E-02  1.779E-02  1.459E-02  7.015E-03  1.025E-02  8.852E-03  1.210E-02            
     4   1.833E-02  1.989E-02  2.035E-02  1.802E-02  1.459E-02  1.355E-02  1.255E-02  2.503E-02  5.633E-03 
     3   2.199E-02  2.242E-02  2.224E-02  2.035E-02  1.779E-02  1.605E-02  1.450E-02  1.022E-02  1.166E-02 
     2   1.985E-02  2.174E-02  2.242E-02  1.989E-02  1.616E-02  1.555E-02  1.415E-02  1.087E-02  1.508E-02 
     1   1.132E-02  1.985E-02  2.199E-02  1.833E-02  9.183E-03  1.407E-02  1.393E-02  1.118E-02  1.590E-02 



 Total time :   0.18156799999999998       seconds
