                       ###########################################################
                       #                     ADPRES 1.1                          #
                       #        ABU DHABI POLYTECHNIC REACTOR SIMULATOR          #
                       ###########################################################  


  ========================================INPUT DATA STARTS HERE=====================================
     1: ! IAEA3D Fixed Source input data                                                                    
     2: ! NODE SIZE = 20 cm                                                                                 
     3:                                                                                                     
     4: %MODE                                                                                               
     5: FIXEDSRC                                                                                            
     6: %CASE                                                                                               
     7: IAEA3D                                                                                              
     8: 20 CM NODE SIZE                                                                                     
     9: %   XSEC                                                                                            
    10: 2  5    ! Number of groups and number of materials                                                  
    11: ! sigtr   siga   nu*sigf sigf   chi   sigs_g1  sigs_g2                                              
    12: 0.222222  0.010  0.000   0.000     1.0   0.1922   0.020                                             
    13: 0.833333  0.080  0.0675  0.0675    0.0   0.000    0.7533   ! MAT1 : Outer Fuel                      
    14: 0.222222  0.010  0.000   0.000     1.0   0.1922   0.020                                             
    15: 0.833333  0.085  0.0675  0.0675    0.0   0.000    0.7483   ! MAT2 : Inner Fuel                      
    16: 0.222222  0.0100 0.000   0.000     1.0   0.1922   0.020                                             
    17: 0.833333  0.1300 0.0675  0.0675    0.0   0.000    0.7033   ! MAT3 : Inner Fuel + Control Rod        
    18: 0.166667  0.000  0.000   0.000     0.0   0.1267   0.040                                             
    19: 1.111111  0.010  0.000   0.000     0.0   0.000    1.1011   ! MAT4 : Reflector                       
    20: 0.166667  0.000  0.000   0.000     0.0   0.000    0.040                                             
    21: 1.111111  0.055  0.000   0.000     0.0   0.000    0.000    ! MAT5 : Reflector + Control Rod         
    22: %GEOM                                                                                               
    23: 9 9 19       !nx, ny, nz                                                                            
    24: 10. 8*20.    !x-direction assembly size in cm                                                       
    25: 1  8*1       !x-direction assembly divided into 20 cm each                                          
    26: 8*20. 10.    !y-direction assembly size in cm                                                       
    27: 8*1  1       !y-direction assembly divided into 20 cm each                                          
    28: 19*20.       !z-direction nodal  in cm                                                              
    29: 19*1       !z-direction assembly divided into 20 cm each                                            
    30: 4          !np number of planar type                                                                
    31: 1  13*2  4*3  4     !planar assignment (from bottom to top)                                         
    32: ! Planar_type_1 (Bottom Reflector)                                                                  
    33:   4  4  4  4  4  4  4  4  4                                                                         
    34:   4  4  4  4  4  4  4  4  4                                                                         
    35:   4  4  4  4  4  4  4  4  4                                                                         
    36:   4  4  4  4  4  4  4  4  4                                                                         
    37:   4  4  4  4  4  4  4  4  0                                                                         
    38:   4  4  4  4  4  4  4  4  0                                                                         
    39:   4  4  4  4  4  4  4  0  0                                                                         
    40:   4  4  4  4  4  4  0  0  0                                                                         
    41:   4  4  4  4  0  0  0  0  0                                                                         
    42: ! Planar_type_2 (Fuel)                                                                              
    43:   3  2  2  2  3  2  2  1  4                                                                         
    44:   2  2  2  2  2  2  2  1  4                                                                         
    45:   2  2  2  2  2  2  1  1  4                                                                         
    46:   2  2  2  2  2  2  1  4  4                                                                         
    47:   3  2  2  2  3  1  1  4  0                                                                         
    48:   2  2  2  2  1  1  4  4  0                                                                         
    49:   2  2  1  1  1  4  4  0  0                                                                         
    50:   1  1  1  4  4  4  0  0  0                                                                         
    51:   4  4  4  4  0  0  0  0  0                                                                         
    52: ! Planar_type_3 (Fuel+Partial Control Rods)                                                         
    53:   3  2  2  2  3  2  2  1  4                                                                         
    54:   2  2  2  2  2  2  2  1  4                                                                         
    55:   2  2  3  2  2  2  1  1  4                                                                         
    56:   2  2  2  2  2  2  1  4  4                                                                         
    57:   3  2  2  2  3  1  1  4  0                                                                         
    58:   2  2  2  2  1  1  4  4  0                                                                         
    59:   2  2  1  1  1  4  4  0  0                                                                         
    60:   1  1  1  4  4  4  0  0  0                                                                         
    61:   4  4  4  4  0  0  0  0  0                                                                         
    62: ! Planar_type_4 (Top reflectors)                                                                    
    63:   5  4  4  4  5  4  4  4  4                                                                         
    64:   4  4  4  4  4  4  4  4  4                                                                         
    65:   4  4  5  4  4  4  4  4  4                                                                         
    66:   4  4  4  4  4  4  4  4  4                                                                         
    67:   5  4  4  4  5  4  4  4  0                                                                         
    68:   4  4  4  4  4  4  4  4  0                                                                         
    69:   4  4  4  4  4  4  4  0  0                                                                         
    70:   4  4  4  4  4  4  0  0  0                                                                         
    71:   4  4  4  4  0  0  0  0  0                                                                         
    72: ! Boundary conditions (east), (west), (north), (south), (bottom), (top)                             
    73: 1 2 2 1 1 1                                                                                         
    74: %ESRC                                                                                               
    75: 2         ! Number of source                                                                        
    76: ! Repeat this input segment according to the number of sources                                      
    77: 10.0       ! Source Density (n/cm3.s)                                                               
    78: 1.0  0.0  ! Source energy spectrum                                                                  
    79: 10        ! z-position of the source                                                                
    80: 2  9      ! x-y position of the source                                                              
    81: 2  8                                                                                                
    82: 1  8                                                                                                
    83: 0  0      ! x-y position ends                                                                       
    84: 0         !  z-position ends                                                                        
    85: 20.0       ! Source Density (n/cm3.s)                                                               
    86: 1.0  0.0  ! Source energy spectrum                                                                  
    87: 10        ! z-position of the source                                                                
    88: 1  9      ! x-y position of the source                                                              
    89: 0  0      ! x-y position ends                                                                       
    90: 0         !  z-position ends                                                                        
  ========================================INPUT DATA   ENDS HERE=====================================



                                             START READING INPUT
  ***************************************************************************************************
  CALCULATION MODE :                 FIXED SOURCE CALCULATION

  CASE ID :   IAEA3D                                                                                            
   20 CM NODE SIZE                                                                                   


            >>>> READING MACROSCOPIC CROSS SECTIONS <<<<
            --------------------------------------------

     MATERIAL  1
    GROUP   TRANSPORT    DIFFUSION  ABSORPTION    REMOVAL      NU*FISS      KAP*FIS    FISS. SPCTR
       1     0.222222    1.500002    0.010000    0.030000     0.000000     0.000000     1.000000
       2     0.833333    0.400000    0.080000    0.080000     0.067500     0.067500     0.000000
   --SCATTERING MATRIX--
     G/G'          1          2
      1        0.192200    0.020000
      2        0.000000    0.753300

     MATERIAL  2
    GROUP   TRANSPORT    DIFFUSION  ABSORPTION    REMOVAL      NU*FISS      KAP*FIS    FISS. SPCTR
       1     0.222222    1.500002    0.010000    0.030000     0.000000     0.000000     1.000000
       2     0.833333    0.400000    0.085000    0.085000     0.067500     0.067500     0.000000
   --SCATTERING MATRIX--
     G/G'          1          2
      1        0.192200    0.020000
      2        0.000000    0.748300

     MATERIAL  3
    GROUP   TRANSPORT    DIFFUSION  ABSORPTION    REMOVAL      NU*FISS      KAP*FIS    FISS. SPCTR
       1     0.222222    1.500002    0.010000    0.030000     0.000000     0.000000     1.000000
       2     0.833333    0.400000    0.130000    0.130000     0.067500     0.067500     0.000000
   --SCATTERING MATRIX--
     G/G'          1          2
      1        0.192200    0.020000
      2        0.000000    0.703300

     MATERIAL  4
    GROUP   TRANSPORT    DIFFUSION  ABSORPTION    REMOVAL      NU*FISS      KAP*FIS    FISS. SPCTR
       1     0.166667    1.999996    0.000000    0.040000     0.000000     0.000000     0.000000
       2     1.111111    0.300000    0.010000    0.010000     0.000000     0.000000     0.000000
   --SCATTERING MATRIX--
     G/G'          1          2
      1        0.126700    0.040000
      2        0.000000    1.101100

     MATERIAL  5
    GROUP   TRANSPORT    DIFFUSION  ABSORPTION    REMOVAL      NU*FISS      KAP*FIS    FISS. SPCTR
       1     0.166667    1.999996    0.000000    0.040000     0.000000     0.000000     0.000000
       2     1.111111    0.300000    0.055000    0.055000     0.000000     0.000000     0.000000
   --SCATTERING MATRIX--
     G/G'          1          2
      1        0.000000    0.040000
      2        0.000000    0.000000

  ...Macroscopic CX Card is sucessfully read...


            >>>>>READING CORE GEOMETRY<<<<<
            -------------------------------
  Number of assembly in x, y and z directions respectively :
           9           9          19
  Number of nodes in x, y and z directions respectively :
           9           9          19

  x-directed nodes divison (delta-x)
    10.00  20.00  20.00  20.00  20.00  20.00  20.00  20.00  20.00
  y-directed nodes divison (delta-y)
    20.00  20.00  20.00  20.00  20.00  20.00  20.00  20.00  10.00

  Planar Region :  1
        1  2  3  4  5  6  7  8  9
     9  4  4  4  4  4  4  4  4  4 
     8  4  4  4  4  4  4  4  4  4 
     7  4  4  4  4  4  4  4  4  4 
     6  4  4  4  4  4  4  4  4  4 
     5  4  4  4  4  4  4  4  4    
     4  4  4  4  4  4  4  4  4    
     3  4  4  4  4  4  4  4       
     2  4  4  4  4  4  4          
     1  4  4  4  4                
  Planar Region :  2
        1  2  3  4  5  6  7  8  9
     9  3  2  2  2  3  2  2  1  4 
     8  2  2  2  2  2  2  2  1  4 
     7  2  2  2  2  2  2  1  1  4 
     6  2  2  2  2  2  2  1  4  4 
     5  3  2  2  2  3  1  1  4    
     4  2  2  2  2  1  1  4  4    
     3  2  2  1  1  1  4  4       
     2  1  1  1  4  4  4          
     1  4  4  4  4                
  Planar Region :  3
        1  2  3  4  5  6  7  8  9
     9  3  2  2  2  3  2  2  1  4 
     8  2  2  2  2  2  2  2  1  4 
     7  2  2  2  2  2  2  1  1  4 
     6  2  2  2  2  2  2  1  4  4 
     5  3  2  2  2  3  1  1  4    
     4  2  2  2  2  1  1  4  4    
     3  2  2  1  1  1  4  4       
     2  1  1  1  4  4  4          
     1  4  4  4  4                
  Planar Region :  4
        1  2  3  4  5  6  7  8  9
     9  3  2  2  2  3  2  2  1  4 
     8  2  2  2  2  2  2  2  1  4 
     7  2  2  2  2  2  2  1  1  4 
     6  2  2  2  2  2  2  1  4  4 
     5  3  2  2  2  3  1  1  4    
     4  2  2  2  2  1  1  4  4    
     3  2  2  1  1  1  4  4       
     2  1  1  1  4  4  4          
     1  4  4  4  4                

  Planar Region Assignment to planes.
 --------------------------------------
   Plane Number     Planar Region    delta-z
       19 (TOP)            4          20.00
       18                  3          20.00
       17                  3          20.00
       16                  3          20.00
       15                  3          20.00
       14                  2          20.00
       13                  2          20.00
       12                  2          20.00
       11                  2          20.00
       10                  2          20.00
        9                  2          20.00
        8                  2          20.00
        7                  2          20.00
        6                  2          20.00
        5                  2          20.00
        4                  2          20.00
        3                  2          20.00
        2                  2          20.00
        1 (BOTTOM)         1          20.00

   Boundary conditions
  X-directed West   : REFLECTIVE
  X-directed East   : ZERO INCOMING CURRENT
  Y-directed North  : REFLECTIVE
  Y-directed South  : ZERO INCOMING CURRENT
  Z-directed Bottom : ZERO INCOMING CURRENT
  Z-directed Top    : ZERO INCOMING CURRENT

  ...Core geometry is sucessfully read...


            >>>>>READING EXTRA SOURCE<<<<<
            -------------------------------
     SOURCE   1
 -----------------
  Source Density  :  1.000E+01  n/(m^3*s)
  Source Spectrum :  1.00  0.00
  Source Position 
   Plane number :  10
         1  2  3  4  5  6  7  8  9
      9  0  X  0  0  0  0  0  0  0
      8  X  X  0  0  0  0  0  0  0
      7  0  0  0  0  0  0  0  0  0
      6  0  0  0  0  0  0  0  0  0
      5  0  0  0  0  0  0  0  0  0
      4  0  0  0  0  0  0  0  0  0
      3  0  0  0  0  0  0  0  0  0
      2  0  0  0  0  0  0  0  0  0
      1  0  0  0  0  0  0  0  0  0

     SOURCE   2
 -----------------
  Source Density  :  2.000E+01  n/(m^3*s)
  Source Spectrum :  1.00  0.00
  Source Position 
   Plane number :  10
         1  2  3  4  5  6  7  8  9
      9  X  0  0  0  0  0  0  0  0
      8  0  0  0  0  0  0  0  0  0
      7  0  0  0  0  0  0  0  0  0
      6  0  0  0  0  0  0  0  0  0
      5  0  0  0  0  0  0  0  0  0
      4  0  0  0  0  0  0  0  0  0
      3  0  0  0  0  0  0  0  0  0
      2  0  0  0  0  0  0  0  0  0
      1  0  0  0  0  0  0  0  0  0



  **********************************  STOP READING INPUT  *******************************************


  ================================================================================================
                                        CALCULATION RESULTS
  ================================================================================================

   Itr   Fis.Src Error   Inner Error
  ----------------------------------------------------
    1    2.83508E+00    1.14523E+02
    2    7.31722E-01    4.62409E+01
    3    7.43520E-01    1.19172E+00
    4    6.75091E-01    7.66109E-01
    5    2.45855E+06    7.04171E-01
    6    2.16086E+00    1.49953E+01
    7    7.64946E-01    1.46393E+00
    8    5.72432E-01    7.71413E-01
    9    5.67107E-01    7.28036E-01
   10    4.97329E+04    6.93981E-01
   11    1.45614E+00    1.40743E+01
   12    7.62111E-01    1.25798E+00
   13    5.59116E-01    7.65789E-01
   14    5.57045E-01    7.24502E-01
   15    1.43696E+04    6.91956E-01
   16    1.37222E+00    1.74481E+01
   17    7.39231E-01    1.26876E+00
   18    5.50026E-01    7.50299E-01
   19    5.48862E-01    7.09368E-01
   20    6.08978E+03    6.75111E-01
   21    1.32866E+00    2.01189E+01
   22    6.86192E-01    1.28595E+00
   23    5.35208E-01    7.12846E-01
   24    5.49790E-01    6.78794E-01
   25    2.77030E+03    6.68475E-01
   26    1.35379E+00    1.45067E+01
   27    4.74213E-01    1.27516E+00
   28    5.09587E-01    6.88192E-01
   29    5.10035E-01    6.72816E-01
   30    2.64921E+02    6.56643E-01
   31    1.04808E+00    2.72634E+00
   32    3.10252E-01    1.00351E+00
   33    2.92118E-01    6.46401E-01
   34    2.40149E-01    6.03729E-01
   35    9.24480E-01    5.48945E-01
   36    2.30475E-01    5.07575E-01
   37    5.27868E-02    4.43610E-01
   38    4.02877E-02    3.28284E-01
   39    2.74495E-02    2.35573E-01
   40    5.83844E-02    1.59954E-01
   41    1.87775E-02    1.08367E-01
   42    3.97729E-03    6.99830E-02
   43    2.94366E-03    4.04918E-02
   44    1.95663E-03    2.40290E-02
   45    3.96798E-03    1.42343E-02
   46    1.31325E-03    8.75392E-03
   47    2.69172E-04    5.29890E-03
   48    1.99744E-04    2.95050E-03
   49    1.32595E-04    1.70965E-03
   50    2.69360E-04    9.97723E-04
   51    9.01770E-05    6.07358E-04
   52    1.79817E-05    3.65149E-04
   53    1.34080E-05    2.05617E-04
   54    8.90496E-06    1.21719E-04
   55    1.81829E-05    7.24906E-05
   56    6.14466E-06    4.47162E-05
   57    1.19532E-06    2.69312E-05
   58    8.95348E-07    1.54529E-05
   59    5.95045E-07    9.14322E-06

 MULTIPLICATION EFFECTIVE (K-EFF) =  0.507400


     Radial Power Distribution
   ==============================
           1       2       3       4       5       6       7       8       9
     9   4.198   8.536   2.454   0.335   0.030   0.005   0.001   0.000        
     8   8.536  13.890   3.914   0.546   0.074   0.010   0.002   0.000        
     7   2.454   3.914   1.394   0.252   0.038   0.006   0.001   0.000        
     6   0.335   0.546   0.252   0.070   0.013   0.002   0.000                
     5   0.030   0.074   0.038   0.013   0.002   0.001   0.000                
     4   0.005   0.010   0.006   0.002   0.001   0.000                        
     3   0.001   0.002   0.001   0.000   0.000                                
     2   0.000   0.000   0.000                                                
     1                                                                        

   MAX POS.       Maximum Value
  (  8,  2)         13.890


     Axial Power Density Distribution
   ====================================

     Plane Number        Power      Height
    -----------------------------------------
        19  (TOP)        0.000      380.00
        18               0.000      360.00
        17               0.000      340.00
        16               0.000      320.00
        15               0.002      300.00
        14               0.011      280.00
        13               0.072      260.00
        12               0.493      240.00
        11               3.323      220.00
        10               9.200      200.00
         9               3.323      180.00
         8               0.493      160.00
         7               0.072      140.00
         6               0.011      120.00
         5               0.002      100.00
         4               0.000       80.00
         3               0.000       60.00
         2               0.000       40.00
         1  (BOTTOM)     0.000       20.00

   MAX POS.       Maximum Value
    ( 10)             9.200


     Radial Flux Distribution
   ==============================
    Group :   1
             1          2          3          4          5          6          7          8          9
     9   3.999E+01  2.902E+01  7.783E+00  1.057E+00  1.327E-01  1.788E-02  2.511E-03  3.809E-04  3.230E-05 
     8   2.902E+01  2.331E+01  6.218E+00  8.571E-01  1.193E-01  1.580E-02  2.347E-03  3.356E-04  3.020E-05 
     7   7.783E+00  6.218E+00  2.196E+00  3.948E-01  6.002E-02  9.403E-03  1.431E-03  2.236E-04  1.840E-05 
     6   1.057E+00  8.571E-01  3.948E-01  1.102E-01  2.118E-02  3.633E-03  6.532E-04  7.425E-05            
     5   1.327E-01  1.193E-01  6.002E-02  2.118E-02  5.231E-03  1.079E-03  2.125E-04  2.431E-05            
     4   1.788E-02  1.580E-02  9.403E-03  3.633E-03  1.079E-03  2.726E-04  4.210E-05                       
     3   2.511E-03  2.347E-03  1.431E-03  6.532E-04  2.125E-04  4.210E-05                                  
     2   3.809E-04  3.356E-04  2.236E-04  7.425E-05  2.431E-05                                             
     1   3.230E-05  3.020E-05  1.840E-05                                                                   

    Group :   2
             1          2          3          4          5          6          7          8          9
     9   6.484E+00  6.592E+00  1.895E+00  2.591E-01  2.333E-02  4.134E-03  6.187E-04  1.041E-04  7.812E-05 
     8   6.592E+00  5.363E+00  1.511E+00  2.109E-01  2.875E-02  3.849E-03  5.822E-04  9.197E-05  7.210E-05 
     7   1.895E+00  1.511E+00  5.383E-01  9.711E-02  1.475E-02  2.314E-03  3.698E-04  6.933E-05  4.733E-05 
     6   2.591E-01  2.109E-01  9.711E-02  2.707E-02  5.166E-03  8.921E-04  1.788E-04  1.560E-04  2.628E-05 
     5   2.333E-02  2.875E-02  1.475E-02  5.166E-03  9.212E-04  2.665E-04  6.482E-05  6.290E-05            
     4   4.134E-03  3.849E-03  2.314E-03  8.921E-04  2.665E-04  8.064E-05  8.892E-05  1.923E-05            
     3   6.187E-04  5.822E-04  3.698E-04  1.788E-04  6.482E-05  8.892E-05  2.619E-05                       
     2   1.041E-04  9.197E-05  6.933E-05  1.560E-04  6.290E-05  1.923E-05                                  
     1   7.812E-05  7.210E-05  4.733E-05  2.628E-05                                                        



 Total time :   0.37440199999999996       seconds
