                       ###########################################################
                       #                  ADPRES v.0.1.ALPHA                     #
                       #        ABU DHABI POLYTECHNIC REACTOR SIMULATOR          #
                       ###########################################################  


  ========================================INPUT DATA STARTS HERE=====================================
     1: ! IAEA3D input data                                                                                 
     2: ! NODE SIZE = 20 cm                                                                                 
     3: ! MOSRA K-EFF  : 1.02897                                                                            
     4: ! ADPRES K-EFF : 1.028969                                                                           
     5: %MODE                                                                                               
     6: FORWARD                                                                                             
     7: %CASE                                                                                               
     8: IAEA3D                                                                                              
     9: 20 CM NODE SIZE                                                                                     
    10: %   XSEC                                                                                            
    11: 2  5    ! Number of groups and number of materials                                                  
    12: ! sigtr   siga   nu*sigf sigf   chi   sigs_g1  sigs_g2                                              
    13: 0.222222  0.010  0.000  0.000    1.0   0.1922   0.020                                               
    14: 0.833333  0.080  0.135  0.135    0.0   0.000    0.7533   ! MAT1 : Outer Fuel                        
    15: 0.222222  0.010  0.000  0.000    1.0   0.1922   0.020                                               
    16: 0.833333  0.085  0.135  0.135    0.0   0.000    0.7483   ! MAT2 : Inner Fuel                        
    17: 0.222222  0.0100 0.000  0.000    1.0   0.1922   0.020                                               
    18: 0.833333  0.1300 0.135  0.135    0.0   0.000    0.7033   ! MAT3 : Inner Fuel + Control Rod          
    19: 0.166667  0.000  0.000  0.000    0.0   0.1267   0.040                                               
    20: 1.111111  0.010  0.000  0.000    0.0   0.000    1.1011   ! MAT4 : Reflector                         
    21: 0.166667  0.000  0.000  0.000    0.0   0.000    0.040                                               
    22: 1.111111  0.055  0.000  0.000    0.0   0.000    0.000    ! MAT5 : Reflector + Control Rod	          
    23: %GEOM                                                                                               
    24: 9 9 19     !nx, ny, nz                                                                              
    25: 10 8*20    !x-direction assembly size in cm                                                         
    26: 1  8*1     !x-direction assembly divided into 20 cm each                                            
    27: 10 8*20    !y-direction assembly size in cm                                                         
    28: 1  8*1     !y-direction assembly divided into 20 cm each                                            
    29: 19*20      !z-direction nodal  in cm                                                                
    30: 19*1       !z-direction assembly divided into 20 cm each                                            
    31: 4          !np number of planar type                                                                
    32: 1  13*2  4*3  4     !planar assignment (from bottom to top)                                         
    33: ! Planar_type_1 (Bottom Reflector)                                                                  
    34:   4  4  4  4  4  4  4  4  4                                                                         
    35:   4  4  4  4  4  4  4  4  4                                                                         
    36:   4  4  4  4  4  4  4  4  4                                                                         
    37:   4  4  4  4  4  4  4  4  4                                                                         
    38:   4  4  4  4  4  4  4  4  0                                                                         
    39:   4  4  4  4  4  4  4  4  0                                                                         
    40:   4  4  4  4  4  4  4  0  0                                                                         
    41:   4  4  4  4  4  4  0  0  0                                                                         
    42:   4  4  4  4  0  0  0  0  0                                                                         
    43: ! Planar_type_2 (Fuel)                                                                              
    44:   3  2  2  2  3  2  2  1  4                                                                         
    45:   2  2  2  2  2  2  2  1  4                                                                         
    46:   2  2  2  2  2  2  1  1  4                                                                         
    47:   2  2  2  2  2  2  1  4  4                                                                         
    48:   3  2  2  2  3  1  1  4  0                                                                         
    49:   2  2  2  2  1  1  4  4  0                                                                         
    50:   2  2  1  1  1  4  4  0  0                                                                         
    51:   1  1  1  4  4  4  0  0  0                                                                         
    52:   4  4  4  4  0  0  0  0  0                                                                         
    53: ! Planar_type_3 (Fuel+Partial Control Rods)                                                         
    54:   3  2  2  2  3  2  2  1  4                                                                         
    55:   2  2  2  2  2  2  2  1  4                                                                         
    56:   2  2  3  2  2  2  1  1  4                                                                         
    57:   2  2  2  2  2  2  1  4  4                                                                         
    58:   3  2  2  2  3  1  1  4  0                                                                         
    59:   2  2  2  2  1  1  4  4  0                                                                         
    60:   2  2  1  1  1  4  4  0  0                                                                         
    61:   1  1  1  4  4  4  0  0  0                                                                         
    62:   4  4  4  4  0  0  0  0  0                                                                         
    63: ! Planar_type_4 (Top reflectors)                                                                    
    64:   5  4  4  4  5  4  4  4  4                                                                         
    65:   4  4  4  4  4  4  4  4  4                                                                         
    66:   4  4  5  4  4  4  4  4  4                                                                         
    67:   4  4  4  4  4  4  4  4  4                                                                         
    68:   5  4  4  4  5  4  4  4  0                                                                         
    69:   4  4  4  4  4  4  4  4  0                                                                         
    70:   4  4  4  4  4  4  4  0  0                                                                         
    71:   4  4  4  4  4  4  0  0  0                                                                         
    72:   4  4  4  4  0  0  0  0  0                                                                         
    73: ! Boundary conditions x=1 (west), x=max (east), y=1 (north), y=max (south), z=1 (bottom), z=max (top
    74: 1 0 1 0 0 0                                                                                         
  ========================================INPUT DATA   ENDS HERE=====================================



                                             START READING INPUT
  ***************************************************************************************************
  CALCULATION MODE :            FORWARD CALCULATION

  CASE ID :   IAEA3D                                                                                            
   20 CM NODE SIZE                                                                                   


            >>>> READING MACROSCOPIC CROSS SECTIONS <<<<
            --------------------------------------------

     MATERIAL  1
    GROUP   TRANSPORT    DIFFUSION  ABSORPTION    REMOVAL      NU*FISS      FISSION    FISS. SPCTR
       1     0.222222    1.500002    0.010000    0.030000     0.000000     0.000000     1.000000
       2     0.833333    0.400000    0.080000    0.080000     0.135000     0.135000     0.000000
   --SCATTERING MATRIX--
     G/G'          1          2
      1        0.192200    0.020000
      2        0.000000    0.753300

     MATERIAL  2
    GROUP   TRANSPORT    DIFFUSION  ABSORPTION    REMOVAL      NU*FISS      FISSION    FISS. SPCTR
       1     0.222222    1.500002    0.010000    0.030000     0.000000     0.000000     1.000000
       2     0.833333    0.400000    0.085000    0.085000     0.135000     0.135000     0.000000
   --SCATTERING MATRIX--
     G/G'          1          2
      1        0.192200    0.020000
      2        0.000000    0.748300

     MATERIAL  3
    GROUP   TRANSPORT    DIFFUSION  ABSORPTION    REMOVAL      NU*FISS      FISSION    FISS. SPCTR
       1     0.222222    1.500002    0.010000    0.030000     0.000000     0.000000     1.000000
       2     0.833333    0.400000    0.130000    0.130000     0.135000     0.135000     0.000000
   --SCATTERING MATRIX--
     G/G'          1          2
      1        0.192200    0.020000
      2        0.000000    0.703300

     MATERIAL  4
    GROUP   TRANSPORT    DIFFUSION  ABSORPTION    REMOVAL      NU*FISS      FISSION    FISS. SPCTR
       1     0.166667    1.999996    0.000000    0.040000     0.000000     0.000000     0.000000
       2     1.111111    0.300000    0.010000    0.010000     0.000000     0.000000     0.000000
   --SCATTERING MATRIX--
     G/G'          1          2
      1        0.126700    0.040000
      2        0.000000    1.101100

     MATERIAL  5
    GROUP   TRANSPORT    DIFFUSION  ABSORPTION    REMOVAL      NU*FISS      FISSION    FISS. SPCTR
       1     0.166667    1.999996    0.000000    0.040000     0.000000     0.000000     0.000000
       2     1.111111    0.300000    0.055000    0.055000     0.000000     0.000000     0.000000
   --SCATTERING MATRIX--
     G/G'          1          2
      1        0.000000    0.040000
      2        0.000000    0.000000

  ...Macroscopic CXs are sucessfully read...


            >>>>>READING CORE GEOMETRY<<<<<
            -------------------------------
  Number of assembly in x, y and z directions respectively :
           9           9          19
  Number of nodes in x, y and z directions respectively :
           9           9          19

  x-directed nodes divison (delta-x)
    10.00  20.00  20.00  20.00  20.00  20.00  20.00  20.00  20.00
  y-directed nodes divison (delta-y)
    10.00  20.00  20.00  20.00  20.00  20.00  20.00  20.00  20.00

  Planar Region :  1
       1  2  3  4  5  6  7  8  9
     1 4  4  4  4  4  4  4  4  4 
     2 4  4  4  4  4  4  4  4  4 
     3 4  4  4  4  4  4  4  4  4 
     4 4  4  4  4  4  4  4  4  4 
     5 4  4  4  4  4  4  4  4    
     6 4  4  4  4  4  4  4  4    
     7 4  4  4  4  4  4  4       
     8 4  4  4  4  4  4          
     9 4  4  4  4                
  Planar Region :  2
       1  2  3  4  5  6  7  8  9
     1 3  2  2  2  3  2  2  1  4 
     2 2  2  2  2  2  2  2  1  4 
     3 2  2  2  2  2  2  1  1  4 
     4 2  2  2  2  2  2  1  4  4 
     5 3  2  2  2  3  1  1  4    
     6 2  2  2  2  1  1  4  4    
     7 2  2  1  1  1  4  4       
     8 1  1  1  4  4  4          
     9 4  4  4  4                
  Planar Region :  3
       1  2  3  4  5  6  7  8  9
     1 3  2  2  2  3  2  2  1  4 
     2 2  2  2  2  2  2  2  1  4 
     3 2  2  2  2  2  2  1  1  4 
     4 2  2  2  2  2  2  1  4  4 
     5 3  2  2  2  3  1  1  4    
     6 2  2  2  2  1  1  4  4    
     7 2  2  1  1  1  4  4       
     8 1  1  1  4  4  4          
     9 4  4  4  4                
  Planar Region :  4
       1  2  3  4  5  6  7  8  9
     1 3  2  2  2  3  2  2  1  4 
     2 2  2  2  2  2  2  2  1  4 
     3 2  2  2  2  2  2  1  1  4 
     4 2  2  2  2  2  2  1  4  4 
     5 3  2  2  2  3  1  1  4    
     6 2  2  2  2  1  1  4  4    
     7 2  2  1  1  1  4  4       
     8 1  1  1  4  4  4          
     9 4  4  4  4                

  Planar Region Assignment to planes.
 --------------------------------------
   Plane Number     Planar Region    delta-z
        1 (BOTTOM)         1          20.00
        2                  2          20.00
        3                  2          20.00
        4                  2          20.00
        5                  2          20.00
        6                  2          20.00
        7                  2          20.00
        8                  2          20.00
        9                  2          20.00
       10                  2          20.00
       11                  2          20.00
       12                  2          20.00
       13                  2          20.00
       14                  2          20.00
       15                  3          20.00
       16                  3          20.00
       17                  3          20.00
       18                  3          20.00
       19 (TOP)            4          20.00

   Boundary conditions
  X-directed West   (X-): REFLECTIVE
  X-directed East   (X+): VACUUM
  Y-directed North  (Y-): REFLECTIVE
  Y-directed South  (Y+): VACUUM
  Z-directed Bottom (Z-): VACUUM
  Z-directed Top    (Z+): VACUUM

  ...Core geometry is sucessfully read...


  **********************************  STOP READING INPUT  *******************************************


  ================================================================================================
                                        CALCULATION RESULTS
  ================================================================================================

   Itr     k-eff     Fis.Src Error   Inner Error
  ----------------------------------------------------
    1     1.347965    6.04774E-01    8.76299E-01
    2     1.204317    8.98857E-01    8.98857E-01
    3     1.098087    3.14765E-01    5.05174E-01
    4     1.049842    1.80410E-01    3.85678E-01
    5     1.028250    1.23363E-01    2.91403E-01
    6     1.018510    1.02315E-01    2.34729E-01
    7     1.014334    9.00530E-02    2.11097E-01
    8     1.012845    8.05896E-02    1.89977E-01
    9     1.012649    7.28854E-02    1.70783E-01
   10     1.013055    6.78976E-02    1.52850E-01
   11     1.013716    6.38010E-02    1.36268E-01
   12     1.014461    6.01180E-02    1.22793E-01
   13     1.015209    5.67581E-02    1.10949E-01
   14     1.015923    5.36688E-02    1.00392E-01
   15     1.016588    5.08171E-02    9.11833E-02
   16     1.017199    4.81788E-02    8.36830E-02
   17     1.017760    4.57357E-02    7.69487E-02
   18     1.018273    4.34719E-02    7.09163E-02
   19     1.018743    4.13725E-02    6.55209E-02
   20     1.019175    3.94243E-02    6.06984E-02
   21     1.019572    3.76151E-02    5.63875E-02
   22     1.019939    3.59327E-02    5.25347E-02
   23     1.020279    3.43671E-02    4.90869E-02
   24     1.020594    3.29076E-02    4.59955E-02
   25     1.020888    3.15459E-02    4.32206E-02
   26     1.021163    3.02730E-02    4.07217E-02
   27     1.021421    2.90816E-02    3.84666E-02
   28     1.021662    2.79646E-02    3.64250E-02
   29     1.021890    2.69160E-02    3.45715E-02
   30     1.022105    2.59301E-02    3.28825E-02
   31     1.022308    2.50014E-02    3.13391E-02
   32     1.022501    2.41257E-02    2.99249E-02
   33     1.022684    2.32985E-02    2.86228E-02
   34     1.022858    2.25164E-02    2.74216E-02
   35     1.023024    2.17755E-02    2.63096E-02
   36     1.023182    2.10733E-02    2.52771E-02
   37     1.023333    2.04062E-02    2.43163E-02
   38     1.023478    1.97725E-02    2.34193E-02
   39     1.023616    1.91694E-02    2.25791E-02
   40     1.023749    1.85950E-02    2.17912E-02
   41     1.023877    1.80475E-02    2.10504E-02
   42     1.024000    1.75246E-02    2.03528E-02
   43     1.024118    1.70256E-02    1.96937E-02
   44     1.024232    1.65483E-02    1.90704E-02
   45     1.024341    1.60918E-02    1.84798E-02
   46     1.024447    1.56545E-02    1.79200E-02
   47     1.024550    1.52356E-02    1.73875E-02
   48     1.024648    1.48341E-02    1.68811E-02
   49     1.024744    1.44487E-02    1.63991E-02
   50     1.024836    1.40786E-02    1.59383E-02
   51     1.024926    1.37233E-02    1.54992E-02
   52     1.025013    1.33816E-02    1.50788E-02
   53     1.025097    1.30529E-02    1.46771E-02
   54     1.025179    1.27368E-02    1.42928E-02
   55     1.025258    1.24325E-02    1.39235E-02
   56     1.025335    1.21391E-02    1.35702E-02
   57     1.025409    1.18565E-02    1.32303E-02
   58     1.025482    1.15838E-02    1.29046E-02
   59     1.025553    1.13208E-02    1.25910E-02
   60     1.025621    1.10671E-02    1.22895E-02
   61     1.025688    1.08219E-02    1.19993E-02
   62     1.025753    1.05854E-02    1.17196E-02
   63     1.025816    1.03564E-02    1.14506E-02
   64     1.025878    1.01353E-02    1.11907E-02
   65     1.025938    9.92137E-03    1.09408E-02
   66     1.025997    9.71414E-03    1.06989E-02
   67     1.026054    9.51356E-03    1.04655E-02
   68     1.026110    9.31968E-03    1.02401E-02
   69     1.026164    9.13138E-03    1.00224E-02
   70     1.026217    8.94931E-03    9.81116E-03
   71     1.026269    8.77241E-03    9.60778E-03
   72     1.026320    8.60115E-03    9.41041E-03
   73     1.026369    8.43462E-03    9.21916E-03
   74     1.026418    8.27303E-03    9.03465E-03
   75     1.026465    8.11633E-03    8.85457E-03
   76     1.026511    7.96387E-03    8.68150E-03
   77     1.026556    7.81604E-03    8.51222E-03
   78     1.026600    7.67208E-03    8.34910E-03
   79     1.026644    7.53216E-03    8.18964E-03
   80     1.026686    7.39616E-03    8.03584E-03
   81     1.026727    7.26348E-03    7.88619E-03
   82     1.026767    7.13464E-03    7.74008E-03
   83     1.026807    7.00895E-03    7.59881E-03
   84     1.026846    6.88673E-03    7.46145E-03
   85     1.026884    6.76756E-03    7.32706E-03
   86     1.026921    6.65131E-03    7.19680E-03
   87     1.026957    6.53799E-03    7.07000E-03
   88     1.026993    6.42754E-03    6.94602E-03
   89     1.027028    6.31973E-03    6.82668E-03
   90     1.027062    6.21462E-03    6.70805E-03
   91     1.027095    6.11193E-03    6.59449E-03
   92     1.027128    6.01151E-03    6.48255E-03
   93     1.027161    5.91368E-03    6.37359E-03
   94     1.027192    5.81794E-03    6.26830E-03
   95     1.027223    5.72453E-03    6.16395E-03
   96     1.027253    5.63286E-03    6.06298E-03
   97     1.027283    5.54356E-03    5.96403E-03
   98     1.027312    5.45605E-03    5.86783E-03
   99     1.027341    5.37047E-03    5.77277E-03
  100     1.027369    5.28668E-03    5.68056E-03
  101     1.027396    5.20463E-03    5.59087E-03
  102     1.027423    5.12453E-03    5.50258E-03
  103     1.027450    5.04582E-03    5.41600E-03
  104     1.027476    4.96883E-03    5.33185E-03
  105     1.027501    4.89335E-03    5.24879E-03
  106     1.027526    4.81936E-03    5.16787E-03
  107     1.027551    4.74692E-03    5.08896E-03
  108     1.027575    4.67587E-03    5.01098E-03
  109     1.027599    4.60605E-03    4.93501E-03
  110     1.027622    4.54765E-03    4.86032E-03
  111     1.027645    4.49309E-03    4.79696E-03
  112     1.027667    4.43905E-03    4.73903E-03
  113     1.027689    4.38566E-03    4.68200E-03
  114     1.027711    4.33288E-03    4.62480E-03
  115     1.027732    4.28070E-03    4.56876E-03
  116     1.027753    4.22871E-03    4.51391E-03
  117     1.027773    4.17761E-03    4.45856E-03
  118     1.027793    4.12698E-03    4.40453E-03
  119     1.027813    4.07693E-03    4.35073E-03
  120     1.027832    4.02708E-03    4.29761E-03
  121     1.027851    3.97830E-03    4.24513E-03
  122     1.027870    3.92973E-03    4.19309E-03
  123     1.027889    3.88153E-03    4.14181E-03
  124     1.027907    3.83413E-03    4.09144E-03
  125     1.027924    3.78689E-03    4.04081E-03
  126     1.027942    3.74075E-03    3.99115E-03
  127     1.027959    3.69457E-03    3.94183E-03
  128     1.027976    3.64905E-03    3.89366E-03
  129     1.027992    3.60435E-03    3.84523E-03
  130     1.028008    3.55955E-03    3.79778E-03
  131     1.028024    3.51547E-03    3.75111E-03
  132     1.028040    3.47224E-03    3.70424E-03
  133     1.028055    3.42898E-03    3.65862E-03
  134     1.028070    3.38637E-03    3.61303E-03
  135     1.028085    3.34431E-03    3.56817E-03
  136     1.028100    3.30282E-03    3.52351E-03
  137     1.028114    3.26112E-03    3.47998E-03
  138     1.028128    3.22082E-03    3.43639E-03
  139     1.028142    3.18033E-03    3.39344E-03
  140     1.028156    3.14081E-03    3.35091E-03
  141     1.028169    3.10148E-03    3.30904E-03
  142     1.028182    3.06233E-03    3.26741E-03
  143     1.028195    3.02395E-03    3.22646E-03
  144     1.028208    2.98603E-03    3.18608E-03
  145     1.028221    2.94834E-03    3.14566E-03
  146     1.028233    2.91112E-03    3.10604E-03
  147     1.028245    2.87437E-03    3.06711E-03
  148     1.028257    2.83823E-03    3.02863E-03
  149     1.028269    2.80199E-03    2.99008E-03
  150     1.028280    2.76687E-03    2.95209E-03
  151     1.028291    2.73155E-03    2.91506E-03
  152     1.028302    2.69718E-03    2.87807E-03
  153     1.028313    2.66283E-03    2.84174E-03
  154     1.028324    2.62889E-03    2.80548E-03
  155     1.028335    2.59529E-03    2.76968E-03
  156     1.028345    2.56243E-03    2.73434E-03
  157     1.028355    2.52985E-03    2.69988E-03
  158     1.028365    2.49742E-03    2.66496E-03
  159     1.028375    2.46567E-03    2.63125E-03
  160     1.028385    2.43409E-03    2.59757E-03
  161     1.028394    2.40313E-03    2.56441E-03
  162     1.028404    2.37224E-03    2.53162E-03
  163     1.028413    2.34185E-03    2.49960E-03
  164     1.028422    2.31174E-03    2.46701E-03
  165     1.028431    2.28245E-03    2.43569E-03
  166     1.028440    2.25289E-03    2.40470E-03
  167     1.028448    2.22400E-03    2.37322E-03
  168     1.028457    2.19558E-03    2.34321E-03
  169     1.028465    2.16721E-03    2.31305E-03
  170     1.028473    2.13947E-03    2.28333E-03
  171     1.028481    2.11198E-03    2.25388E-03
  172     1.028489    2.08463E-03    2.22463E-03
  173     1.028497    2.05791E-03    2.19648E-03
  174     1.028504    2.03145E-03    2.16781E-03
  175     1.028512    2.00490E-03    2.14009E-03
  176     1.028519    1.97932E-03    2.11277E-03
  177     1.028527    1.95390E-03    2.08493E-03
  178     1.028534    1.92857E-03    2.05832E-03
  179     1.028541    1.90367E-03    2.03137E-03
  180     1.028548    1.87918E-03    2.00582E-03
  181     1.028555    1.85489E-03    1.97929E-03
  182     1.028561    1.83076E-03    1.95442E-03
  183     1.028568    1.80746E-03    1.92831E-03
  184     1.028574    1.78371E-03    1.90389E-03
  185     1.028581    1.76073E-03    1.87932E-03
  186     1.028587    1.73794E-03    1.85495E-03
  187     1.028593    1.71561E-03    1.83034E-03
  188     1.028599    1.69343E-03    1.80729E-03
  189     1.028605    1.67137E-03    1.78368E-03
  190     1.028611    1.64974E-03    1.76036E-03
  191     1.028617    1.62851E-03    1.73793E-03
  192     1.028623    1.60749E-03    1.71547E-03
  193     1.028628    1.58663E-03    1.69288E-03
  194     1.028633    1.56620E-03    1.67112E-03
  195     1.028639    1.54579E-03    1.64966E-03
  196     1.028644    1.52588E-03    1.62802E-03
  197     1.028649    1.50614E-03    1.60686E-03
  198     1.028655    1.48649E-03    1.58628E-03
  199     1.028660    1.46729E-03    1.56568E-03
  200     1.028664    1.44860E-03    1.54551E-03
  201     1.028669    1.42981E-03    1.52540E-03
  202     1.028674    1.41108E-03    1.50572E-03
  203     1.028679    1.39293E-03    1.48638E-03
  204     1.028684    1.37503E-03    1.46678E-03
  205     1.028688    1.35732E-03    1.44804E-03
  206     1.028693    1.33974E-03    1.42913E-03
  207     1.028697    1.32235E-03    1.41040E-03
  208     1.028701    1.30536E-03    1.39211E-03
  209     1.028706    1.28857E-03    1.37443E-03
  210     1.028710    1.27190E-03    1.35677E-03
  211     1.028714    1.25545E-03    1.33939E-03
  212     1.028718    1.23913E-03    1.32123E-03
  213     1.028722    1.22341E-03    1.30484E-03
  214     1.028726    1.20757E-03    1.28768E-03
  215     1.028730    1.19235E-03    1.27151E-03
  216     1.028734    1.17660E-03    1.25500E-03
  217     1.028737    1.16166E-03    1.23844E-03
  218     1.028741    1.14661E-03    1.22287E-03
  219     1.028745    1.13190E-03    1.20680E-03
  220     1.028748    1.11736E-03    1.19155E-03
  221     1.028752    1.10309E-03    1.17616E-03
  222     1.028755    1.08886E-03    1.16080E-03
  223     1.028759    1.07511E-03    1.14601E-03
  224     1.028762    1.06111E-03    1.13072E-03
  225     1.028765    1.04768E-03    1.11689E-03
  226     1.028768    1.03428E-03    1.10212E-03
  227     1.028772    1.02104E-03    1.08829E-03
  228     1.028775    1.00809E-03    1.07378E-03
  229     1.028778    9.94838E-04    1.06074E-03
  230     1.028781    9.82362E-04    1.04658E-03
  231     1.028784    9.69846E-04    1.03382E-03
  232     1.028787    9.57435E-04    1.01967E-03
  233     1.028790    9.45327E-04    1.00726E-03
  234     1.028793    9.33525E-04    9.94193E-04
  235     1.028795    9.21214E-04    9.81802E-04
  236     1.028798    9.09687E-04    9.68744E-04
  237     1.028801    8.98340E-04    9.56817E-04
  238     1.028803    8.86822E-04    9.44676E-04
  239     1.028806    8.75545E-04    9.32589E-04
  240     1.028808    8.64448E-04    9.21099E-04
  241     1.028811    8.53600E-04    9.08764E-04
  242     1.028813    8.42719E-04    8.97389E-04
  243     1.028816    8.32230E-04    8.86074E-04
  244     1.028818    8.21573E-04    8.75361E-04
  245     1.028821    8.11233E-04    8.63985E-04
  246     1.028823    8.01147E-04    8.53123E-04
  247     1.028825    7.91039E-04    8.41870E-04
  248     1.028827    7.80902E-04    8.31950E-04
  249     1.028830    7.71371E-04    8.21187E-04
  250     1.028832    7.61604E-04    8.10489E-04
  251     1.028834    7.52097E-04    8.00401E-04
  252     1.028836    7.42773E-04    7.90289E-04
  253     1.028838    7.33223E-04    7.80425E-04
  254     1.028840    7.24138E-04    7.70722E-04
  255     1.028842    7.15382E-04    7.60720E-04
  256     1.028844    7.06116E-04    7.51062E-04
  257     1.028846    6.97532E-04    7.41931E-04
  258     1.028848    6.88719E-04    7.32778E-04
  259     1.028850    6.80307E-04    7.23239E-04
  260     1.028852    6.71875E-04    7.14412E-04
  261     1.028854    6.63571E-04    7.06024E-04
  262     1.028855    6.55388E-04    6.97068E-04
  263     1.028857    6.47186E-04    6.88368E-04
  264     1.028859    6.39464E-04    6.79650E-04
  265     1.028860    6.31231E-04    6.71374E-04
  266     1.028862    6.23689E-04    6.62621E-04
  267     1.028864    6.15918E-04    6.54771E-04
  268     1.028865    6.08487E-04    6.46998E-04
  269     1.028867    6.01113E-04    6.38840E-04
  270     1.028869    5.93654E-04    6.30759E-04
  271     1.028870    5.86323E-04    6.22755E-04
  272     1.028872    5.79188E-04    6.15475E-04
  273     1.028873    5.72115E-04    6.07626E-04
  274     1.028875    5.65027E-04    6.00596E-04
  275     1.028876    5.58493E-04    5.93275E-04
  276     1.028877    5.51595E-04    5.85478E-04
  277     1.028879    5.44895E-04    5.78685E-04
  278     1.028880    5.38257E-04    5.71789E-04
  279     1.028882    5.31751E-04    5.64231E-04
  280     1.028883    5.25304E-04    5.57960E-04
  281     1.028884    5.19057E-04    5.50842E-04
  282     1.028886    5.12804E-04    5.44177E-04
  283     1.028887    5.06609E-04    5.37780E-04
  284     1.028888    5.00479E-04    5.32023E-04
  285     1.028889    4.94622E-04    5.24582E-04
  286     1.028890    4.88754E-04    5.18247E-04
  287     1.028892    4.82526E-04    5.12554E-04
  288     1.028893    4.76998E-04    5.06199E-04
  289     1.028894    4.71319E-04    4.99741E-04
  290     1.028895    4.65774E-04    4.94487E-04
  291     1.028896    4.60509E-04    4.87918E-04
  292     1.028897    4.54877E-04    4.82273E-04
  293     1.028898    4.49523E-04    4.76526E-04
  294     1.028900    4.44022E-04    4.70771E-04
  295     1.028901    4.38725E-04    4.65289E-04
  296     1.028902    4.33777E-04    4.59424E-04
  297     1.028903    4.28611E-04    4.54207E-04
  298     1.028904    4.23509E-04    4.49450E-04
  299     1.028905    4.18613E-04    4.43750E-04
  300     1.028906    4.13785E-04    4.37949E-04
  301     1.028906    4.08878E-04    4.33265E-04
  302     1.028907    4.03964E-04    4.28481E-04
  303     1.028908    3.99331E-04    4.23222E-04
  304     1.028909    3.94980E-04    4.18051E-04
  305     1.028910    3.90193E-04    4.13154E-04
  306     1.028911    3.85686E-04    4.08627E-04
  307     1.028912    3.81319E-04    4.03718E-04
  308     1.028913    3.76660E-04    3.98992E-04
  309     1.028914    3.72641E-04    3.94542E-04
  310     1.028914    3.68114E-04    3.89522E-04
  311     1.028915    3.63941E-04    3.85625E-04
  312     1.028916    3.59909E-04    3.80783E-04
  313     1.028917    3.55800E-04    3.76312E-04
  314     1.028918    3.51398E-04    3.72401E-04
  315     1.028918    3.47783E-04    3.68203E-04
  316     1.028919    3.43445E-04    3.63434E-04
  317     1.028920    3.39749E-04    3.59132E-04
  318     1.028921    3.35908E-04    3.55203E-04
  319     1.028921    3.32133E-04    3.51458E-04
  320     1.028922    3.28353E-04    3.47426E-04
  321     1.028923    3.24644E-04    3.43295E-04
  322     1.028923    3.21002E-04    3.39444E-04
  323     1.028924    3.17285E-04    3.35683E-04
  324     1.028925    3.13924E-04    3.31351E-04
  325     1.028925    3.10271E-04    3.28150E-04
  326     1.028926    3.06978E-04    3.24283E-04
  327     1.028927    3.03391E-04    3.20318E-04
  328     1.028927    3.00162E-04    3.17012E-04
  329     1.028928    2.96857E-04    3.13702E-04
  330     1.028928    2.93479E-04    3.10105E-04
  331     1.028929    2.90240E-04    3.06505E-04
  332     1.028929    2.86929E-04    3.03281E-04
  333     1.028930    2.83974E-04    2.99390E-04
  334     1.028931    2.80873E-04    2.96539E-04
  335     1.028931    2.77624E-04    2.93211E-04
  336     1.028932    2.74589E-04    2.89311E-04
  337     1.028932    2.71626E-04    2.86926E-04
  338     1.028933    2.68658E-04    2.83589E-04
  339     1.028933    2.65689E-04    2.80060E-04
  340     1.028934    2.62863E-04    2.77193E-04
  341     1.028934    2.60034E-04    2.74418E-04
  342     1.028935    2.57202E-04    2.71261E-04
  343     1.028935    2.54224E-04    2.68577E-04
  344     1.028936    2.51751E-04    2.65320E-04
  345     1.028936    2.48914E-04    2.62536E-04
  346     1.028937    2.46291E-04    2.60225E-04
  347     1.028937    2.43667E-04    2.56866E-04
  348     1.028938    2.41114E-04    2.53885E-04
  349     1.028938    2.38631E-04    2.51282E-04
  350     1.028939    2.35929E-04    2.49154E-04
  351     1.028939    2.33225E-04    2.46167E-04
  352     1.028939    2.30882E-04    2.43273E-04
  353     1.028940    2.28320E-04    2.40853E-04
  354     1.028940    2.26118E-04    2.38241E-04
  355     1.028941    2.23480E-04    2.35437E-04
  356     1.028941    2.21276E-04    2.32916E-04
  357     1.028941    2.18925E-04    2.30967E-04
  358     1.028942    2.16645E-04    2.28156E-04
  359     1.028942    2.14510E-04    2.25917E-04
  360     1.028942    2.12154E-04    2.23486E-04
  361     1.028943    2.09797E-04    2.20766E-04
  362     1.028943    2.07657E-04    2.18713E-04
  363     1.028944    2.05734E-04    2.16468E-04
  364     1.028944    2.03519E-04    2.14316E-04
  365     1.028944    2.01374E-04    2.12164E-04
  366     1.028945    1.99157E-04    2.09054E-04
  367     1.028945    1.97156E-04    2.07663E-04
  368     1.028945    1.95227E-04    2.05219E-04
  369     1.028946    1.93078E-04    2.03252E-04
  370     1.028946    1.91146E-04    2.01475E-04
  371     1.028946    1.89287E-04    1.98740E-04
  372     1.028947    1.87353E-04    1.96865E-04
  373     1.028947    1.85345E-04    1.94894E-04
  374     1.028947    1.83629E-04    1.93016E-04
  375     1.028947    1.81619E-04    1.91138E-04
  376     1.028948    1.79827E-04    1.89163E-04
  377     1.028948    1.77742E-04    1.86516E-04
  378     1.028948    1.76387E-04    1.85592E-04
  379     1.028949    1.74299E-04    1.83039E-04
  380     1.028949    1.72504E-04    1.81730E-04
  381     1.028949    1.70853E-04    1.79462E-04
  382     1.028949    1.69202E-04    1.77768E-04
  383     1.028950    1.67549E-04    1.75689E-04
  384     1.028950    1.65823E-04    1.74473E-04
  385     1.028950    1.64315E-04    1.72392E-04
  386     1.028950    1.62369E-04    1.70407E-04
  387     1.028951    1.61151E-04    1.69188E-04
  388     1.028951    1.59715E-04    1.67105E-04
  389     1.028951    1.57546E-04    1.65885E-04
  390     1.028951    1.56399E-04    1.63991E-04
  391     1.028952    1.54521E-04    1.62193E-04
  392     1.028952    1.53228E-04    1.61067E-04
  393     1.028952    1.51787E-04    1.59075E-04
  394     1.028952    1.50127E-04    1.57755E-04
  395     1.028953    1.48831E-04    1.56146E-04
  396     1.028953    1.47243E-04    1.54441E-04
  397     1.028953    1.45946E-04    1.53599E-04
  398     1.028953    1.44649E-04    1.51315E-04
  399     1.028953    1.42984E-04    1.49896E-04
  400     1.028954    1.41760E-04    1.48956E-04
  401     1.028954    1.40094E-04    1.47343E-04
  402     1.028954    1.39234E-04    1.45441E-04
  403     1.028954    1.37568E-04    1.44500E-04
  404     1.028954    1.36340E-04    1.42981E-04
  405     1.028955    1.35113E-04    1.41750E-04
  406     1.028955    1.33664E-04    1.39845E-04
  407     1.028955    1.32655E-04    1.39287E-04
  408     1.028955    1.31132E-04    1.37766E-04
  409     1.028955    1.30196E-04    1.36533E-04
  410     1.028955    1.28672E-04    1.35299E-04
  411     1.028956    1.27441E-04    1.33487E-04
  412     1.028956    1.26504E-04    1.32542E-04
  413     1.028956    1.24978E-04    1.30825E-04
  414     1.028956    1.23966E-04    1.29879E-04
  415     1.028956    1.22807E-04    1.28450E-04
  416     1.028956    1.21500E-04    1.27406E-04
  417     1.028957    1.20560E-04    1.26169E-04
  418     1.028957    1.19327E-04    1.25124E-04
  419     1.028957    1.18459E-04    1.23790E-04
  420     1.028957    1.17298E-04    1.22938E-04
  421     1.028957    1.15990E-04    1.21602E-04
  422     1.028957    1.14974E-04    1.20170E-04
  423     1.028957    1.13958E-04    1.19413E-04
  424     1.028958    1.12722E-04    1.18173E-04
  425     1.028958    1.11853E-04    1.16933E-04
  426     1.028958    1.10836E-04    1.15981E-04
  427     1.028958    1.09893E-04    1.15030E-04
  428     1.028958    1.08876E-04    1.13691E-04
  429     1.028958    1.07932E-04    1.13125E-04
  430     1.028959    1.06840E-04    1.11883E-04
  431     1.028959    1.05749E-04    1.10544E-04
  432     1.028959    1.04950E-04    1.09880E-04
  433     1.028959    1.04079E-04    1.08830E-04
  434     1.028959    1.02986E-04    1.07876E-04
  435     1.028959    1.02187E-04    1.06245E-04
  436     1.028959    1.01241E-04    1.06256E-04
  437     1.028959    1.00221E-04    1.04432E-04
  438     1.028960    9.94950E-05    1.04249E-04
  439     1.028960    9.86953E-05    1.03294E-04
  440     1.028960    9.76747E-05    1.02241E-04
  441     1.028960    9.67271E-05    1.01285E-04
  442     1.028960    9.60002E-05    1.00232E-04
  443     1.028960    9.51255E-05    9.90822E-05
  444     1.028960    9.41039E-05    9.85119E-05
  445     1.028960    9.33763E-05    9.77480E-05
  446     1.028960    9.24272E-05    9.65971E-05
  447     1.028960    9.16258E-05    9.58327E-05
  448     1.028961    9.10445E-05    9.50681E-05
  449     1.028961    9.00217E-05    9.42065E-05
  450     1.028961    8.92930E-05    9.33448E-05
  451     1.028961    8.85638E-05    9.24827E-05
  452     1.028961    8.78347E-05    9.20075E-05
  453     1.028961    8.71057E-05    9.07580E-05
  454     1.028961    8.62285E-05    8.99920E-05
  455     1.028961    8.55728E-05    8.96129E-05
  456     1.028961    8.47689E-05    8.81691E-05
  457     1.028961    8.39654E-05    8.73057E-05
  458     1.028962    8.33089E-05    8.73133E-05
  459     1.028962    8.25045E-05    8.60623E-05
  460     1.028962    8.18476E-05    8.51983E-05
  461     1.028962    8.11168E-05    8.50119E-05
  462     1.028962    8.05335E-05    8.40506E-05
  463     1.028962    7.98022E-05    8.31860E-05
  464     1.028962    7.89974E-05    8.27087E-05
  465     1.028962    7.83394E-05    8.22311E-05
  466     1.028962    7.76816E-05    8.09785E-05
  467     1.028962    7.70238E-05    8.04038E-05
  468     1.028962    7.64394E-05    7.96351E-05
  469     1.028962    7.58549E-05    7.91570E-05
  470     1.028962    7.50486E-05    7.82912E-05
  471     1.028962    7.43902E-05    7.77158E-05
  472     1.028963    7.38052E-05    7.70434E-05
  473     1.028963    7.32940E-05    7.62739E-05
  474     1.028963    7.24871E-05    7.56981E-05
  475     1.028963    7.21234E-05    7.47345E-05
  476     1.028963    7.13165E-05    7.44492E-05
  477     1.028963    7.07306E-05    7.38730E-05
  478     1.028963    7.02928E-05    7.33937E-05
  479     1.028963    6.94854E-05    7.22354E-05
  480     1.028963    6.89731E-05    7.21437E-05
  481     1.028963    6.84610E-05    7.10821E-05
  482     1.028963    6.79487E-05    7.06022E-05
  483     1.028963    6.73621E-05    7.03162E-05
  484     1.028963    6.67020E-05    6.97391E-05
  485     1.028963    6.61155E-05    6.86769E-05
  486     1.028963    6.56765E-05    6.86816E-05
  487     1.028964    6.50896E-05    6.80071E-05
  488     1.028964    6.44290E-05    6.72355E-05
  489     1.028964    6.41373E-05    6.68519E-05
  490     1.028964    6.34026E-05    6.59830E-05
  491     1.028964    6.29630E-05    6.55991E-05
  492     1.028964    6.25976E-05    6.47300E-05
  493     1.028964    6.17885E-05    6.46371E-05
  494     1.028964    6.14966E-05    6.42530E-05
  495     1.028964    6.09088E-05    6.33835E-05
  496     1.028964    6.03952E-05    6.29991E-05
  497     1.028964    6.00290E-05    6.26148E-05
  498     1.028964    5.93672E-05    6.21333E-05
  499     1.028964    5.91491E-05    6.14574E-05
  500     1.028964    5.84130E-05    6.09757E-05
  501     1.028964    5.81207E-05    6.05909E-05
  502     1.028965    5.77542E-05    6.03033E-05
  503     1.028965    5.73879E-05    5.94328E-05
  504     1.028965    5.67993E-05    5.90478E-05
  505     1.028965    5.63588E-05    5.84685E-05
  506     1.028965    5.54744E-05    5.79863E-05
  507     1.028965    5.54035E-05    5.76011E-05
  508     1.028965    5.48887E-05    5.67301E-05
  509     1.028965    5.42997E-05    5.65390E-05
  510     1.028965    5.39329E-05    5.62507E-05
  511     1.028965    5.35657E-05    5.55999E-05
  512     1.028965    5.29767E-05    5.56740E-05
  513     1.028965    5.26094E-05    5.46081E-05
  514     1.028965    5.20942E-05    5.43196E-05
  515     1.028965    5.20230E-05    5.39338E-05
  516     1.028965    5.14335E-05    5.35479E-05
  517     1.028965    5.09182E-05    5.31620E-05
  518     1.028965    5.06247E-05    5.29704E-05
  519     1.028965    5.01830E-05    5.25844E-05
  520     1.028965    4.97414E-05    5.17123E-05
  521     1.028965    4.94479E-05    5.17149E-05
  522     1.028965    4.90062E-05    5.08616E-05
  523     1.028965    4.86384E-05    5.06508E-05
  524     1.028965    4.82704E-05    5.01672E-05
  525     1.028965    4.79027E-05    5.00725E-05
  526     1.028965    4.76086E-05    4.91998E-05
  527     1.028965    4.70927E-05    4.89105E-05
  528     1.028965    4.68726E-05    4.83294E-05
  529     1.028966    4.62824E-05    4.85263E-05
  530     1.028966    4.62846E-05    4.76533E-05
  531     1.028966    4.54721E-05    4.75583E-05
  532     1.028966    4.55481E-05    4.70960E-05
  533     1.028966    4.48096E-05    4.68819E-05
  534     1.028966    4.45894E-05    4.67868E-05
  535     1.028966    4.42209E-05    4.63998E-05
  536     1.028966    4.38526E-05    4.52794E-05
  537     1.028966    4.36322E-05    4.56258E-05
  538     1.028966    4.31895E-05    4.48495E-05
  539     1.028966    4.28211E-05    4.46569E-05
  540     1.028966    4.26746E-05    4.40751E-05
  541     1.028966    4.21579E-05    4.39798E-05
  542     1.028966    4.21595E-05    4.35925E-05
  543     1.028966    4.14204E-05    4.33024E-05
  544     1.028966    4.12739E-05    4.30123E-05
  545     1.028966    4.09050E-05    4.24302E-05
  546     1.028966    4.06844E-05    4.26267E-05
  547     1.028966    4.03155E-05    4.20445E-05
  548     1.028966    4.00207E-05    4.15596E-05
  549     1.028966    3.97257E-05    4.15613E-05
  550     1.028966    3.93567E-05    4.07407E-05
  551     1.028966    3.92101E-05    4.07859E-05
  552     1.028966    3.88408E-05    4.02035E-05
  553     1.028966    3.83977E-05    4.00104E-05
  554     1.028966    3.82509E-05    3.98173E-05
  555     1.028966    3.79557E-05    3.94294E-05
  556     1.028966    3.74383E-05    3.91389E-05
  557     1.028966    3.72914E-05    3.89457E-05
  558     1.028966    3.72928E-05    3.81682E-05
  559     1.028966    3.65527E-05    3.84618E-05
  560     1.028967    3.66281E-05    3.79764E-05
  561     1.028967    3.64070E-05    3.74909E-05
  562     1.028967    3.58893E-05    3.72458E-05
  563     1.028967    3.54457E-05    3.73963E-05
  564     1.028967    3.55211E-05    3.70081E-05
  565     1.028967    3.50774E-05    3.63277E-05
  566     1.028967    3.47078E-05    3.60368E-05
  567     1.028967    3.46347E-05    3.58058E-05
  568     1.028967    3.44135E-05    3.56498E-05
  569     1.028967    3.41179E-05    3.55536E-05
  570     1.028967    3.38966E-05    3.51652E-05
  571     1.028967    3.36010E-05    3.50690E-05
  572     1.028967    3.31571E-05    3.46579E-05
  573     1.028967    3.30840E-05    3.47792E-05
  574     1.028967    3.28626E-05    3.43907E-05
  575     1.028967    3.28636E-05    3.40021E-05
  576     1.028967    3.24938E-05    3.38084E-05
  577     1.028967    3.20497E-05    3.32575E-05
  578     1.028967    3.19022E-05    3.29337E-05
  579     1.028967    3.16066E-05    3.30322E-05
  580     1.028967    3.13850E-05    3.24872E-05
  581     1.028967    3.10890E-05    3.25471E-05
  582     1.028967    3.09416E-05    3.22783E-05
  583     1.028967    3.07200E-05    3.22568E-05
  584     1.028967    3.04983E-05    3.18584E-05
  585     1.028967    3.03508E-05    3.15767E-05
  586     1.028967    2.99065E-05    3.12977E-05
  587     1.028967    2.97590E-05    3.09470E-05
  588     1.028967    2.94629E-05    3.07998E-05
  589     1.028967    2.95380E-05    3.08982E-05
  590     1.028967    2.90194E-05    3.03143E-05
  591     1.028967    2.87976E-05    3.02473E-05
  592     1.028967    2.87984E-05    2.98287E-05
  593     1.028967    2.83539E-05    3.04145E-05
  594     1.028967    2.82061E-05    2.90862E-05
  595     1.028967    2.82069E-05    2.94066E-05
  596     1.028967    2.78366E-05    2.88446E-05
  597     1.028967    2.76889E-05    2.85656E-05
  598     1.028967    2.73185E-05    2.84690E-05
  599     1.028967    2.73193E-05    2.85673E-05
  600     1.028967    2.70972E-05    2.82849E-05
  601     1.028967    2.68010E-05    2.78104E-05
  602     1.028967    2.66532E-05    2.80821E-05
  603     1.028967    2.65797E-05    2.73725E-05
  604     1.028967    2.63576E-05    2.73035E-05
  605     1.028967    2.59871E-05    2.72333E-05
  606     1.028967    2.57650E-05    2.73050E-05
  607     1.028967    2.58399E-05    2.63902E-05
  608     1.028967    2.55435E-05    2.69164E-05
  609     1.028967    2.54700E-05    2.67220E-05
  610     1.028967    2.50250E-05    2.61107E-05
  611     1.028967    2.49514E-05    2.63333E-05
  612     1.028967    2.48778E-05    2.61389E-05
  613     1.028967    2.45814E-05    2.56904E-05
  614     1.028967    2.44333E-05    2.54095E-05
  615     1.028967    2.41369E-05    2.55556E-05
  616     1.028967    2.42860E-05    2.49710E-05
  617     1.028967    2.38410E-05    2.49716E-05
  618     1.028967    2.35701E-05    2.52649E-05
  619     1.028967    2.34707E-05    2.43371E-05
  620     1.028967    2.33970E-05    2.42165E-05
  621     1.028967    2.33233E-05    2.41936E-05
  622     1.028967    2.29524E-05    2.41152E-05
  623     1.028968    2.28043E-05    2.39996E-05
  624     1.028968    2.26563E-05    2.40977E-05
  625     1.028968    2.27311E-05    2.31633E-05
  626     1.028968    2.23601E-05    2.33750E-05
  627     1.028968    2.22121E-05    2.31237E-05
  628     1.028968    2.21383E-05    2.29291E-05
  629     1.028968    2.17674E-05    2.28523E-05
  630     1.028968    2.17678E-05    2.27434E-05
  631     1.028968    2.17683E-05    2.24428E-05
  632     1.028968    2.14715E-05    2.26384E-05
  633     1.028968    2.11748E-05    2.21588E-05
  634     1.028968    2.11753E-05    2.23933E-05
  635     1.028968    2.09528E-05    2.25423E-05
  636     1.028968    2.08047E-05    2.16196E-05
  637     1.028968    2.06564E-05    2.16201E-05
  638     1.028968    2.05826E-05    2.16654E-05
  639     1.028968    2.03601E-05    2.12755E-05
  640     1.028968    2.01376E-05    2.10580E-05
  641     1.028968    2.01380E-05    2.10812E-05
  642     1.028968    1.99154E-05    2.07888E-05
  643     1.028968    1.98415E-05    2.07776E-05
  644     1.028968    1.95818E-05    2.03247E-05
  645     1.028968    1.96193E-05    2.04262E-05
  646     1.028968    1.93225E-05    1.99336E-05
  647     1.028968    1.93228E-05    2.02053E-05
  648     1.028968    1.91746E-05    2.03570E-05
  649     1.028968    1.89519E-05    1.94416E-05
  650     1.028968    1.86550E-05    1.99136E-05
  651     1.028968    1.86554E-05    1.97187E-05
  652     1.028968    1.85071E-05    1.92310E-05
  653     1.028968    1.83118E-05    1.92318E-05
  654     1.028968    1.84334E-05    1.91858E-05
  655     1.028968    1.80972E-05    1.92321E-05
  656     1.028968    1.81368E-05    1.86895E-05
  657     1.028968    1.79140E-05    1.88423E-05
  658     1.028968    1.77070E-05    1.90222E-05
  659     1.028968    1.77660E-05    1.84589E-05
  660     1.028968    1.75433E-05    1.83888E-05
  661     1.028968    1.73206E-05    1.83187E-05
  662     1.028968    1.73209E-05    1.80629E-05
  663     1.028968    1.73212E-05    1.81609E-05
  664     1.028968    1.69498E-05    1.76855E-05
  665     1.028968    1.68758E-05    1.80381E-05
  666     1.028968    1.68017E-05    1.76736E-05
  667     1.028968    1.66786E-05    1.74999E-05
  668     1.028968    1.66536E-05    1.75766E-05
  669     1.028968    1.63564E-05    1.71863E-05
  670     1.028968    1.65054E-05    1.67959E-05
  671     1.028968    1.61078E-05    1.70207E-05
  672     1.028968    1.60598E-05    1.68942E-05
  673     1.028968    1.59857E-05    1.65511E-05
  674     1.028968    1.59860E-05    1.69924E-05
  675     1.028968    1.56888E-05    1.66072E-05
  676     1.028968    1.56147E-05    1.61968E-05
  677     1.028968    1.55405E-05    1.63096E-05
  678     1.028968    1.55408E-05    1.61145E-05
  679     1.028968    1.53180E-05    1.59279E-05
  680     1.028968    1.51695E-05    1.61150E-05
  681     1.028968    1.49466E-05    1.61152E-05
  682     1.028968    1.51659E-05    1.55441E-05
  683     1.028968    1.50214E-05    1.58227E-05
  684     1.028968    1.45766E-05    1.53653E-05
  685     1.028968    1.47244E-05    1.54360E-05
  686     1.028968    1.47246E-05    1.50271E-05
  687     1.028968    1.46504E-05    1.53353E-05
  688     1.028968    1.43532E-05    1.52378E-05
  689     1.028968    1.41941E-05    1.50140E-05
  690     1.028968    1.42049E-05    1.49200E-05
  691     1.028968    1.39819E-05    1.48478E-05
  692     1.028968    1.39822E-05    1.46622E-05
  693     1.028968    1.39080E-05    1.46528E-05
  694     1.028968    1.37594E-05    1.46626E-05
  695     1.028968    1.39827E-05    1.47509E-05
  696     1.028968    1.34622E-05    1.40285E-05
  697     1.028968    1.35368E-05    1.40675E-05
  698     1.028968    1.33139E-05    1.41654E-05
  699     1.028968    1.31984E-05    1.39586E-05
  700     1.028968    1.33886E-05    1.39704E-05
  701     1.028968    1.32282E-05    1.35798E-05
  702     1.028968    1.28682E-05    1.36292E-05
  703     1.028968    1.28921E-05    1.35801E-05
  704     1.028968    1.27198E-05    1.34826E-05
  705     1.028968    1.27200E-05    1.31897E-05
  706     1.028968    1.26458E-05    1.34830E-05
  707     1.028968    1.27203E-05    1.30133E-05
  708     1.028968    1.24229E-05    1.29732E-05
  709     1.028968    1.25718E-05    1.29125E-05
  710     1.028968    1.23488E-05    1.30440E-05
  711     1.028968    1.22746E-05    1.28976E-05
  712     1.028968    1.20516E-05    1.28350E-05
  713     1.028968    1.19773E-05    1.25096E-05
  714     1.028968    1.19774E-05    1.26921E-05
  715     1.028968    1.18288E-05    1.28005E-05
  716     1.028968    1.19034E-05    1.23121E-05
  717     1.028968    1.18291E-05    1.25077E-05
  718     1.028968    1.14708E-05    1.21750E-05
  719     1.028968    1.15317E-05    1.25080E-05
  720     1.028968    1.15319E-05    1.19910E-05
  721     1.028968    1.13598E-05    1.18470E-05
  722     1.028968    1.13090E-05    1.19242E-05
  723     1.028968    1.12347E-05    1.19222E-05
  724     1.028968    1.13836E-05    1.19224E-05
  725     1.028968    1.12349E-05    1.16293E-05
  726     1.028968    1.10118E-05    1.17066E-05
  727     1.028968    1.12352E-05    1.16431E-05
  728     1.028968    1.07466E-05    1.15624E-05
  729     1.028968    1.07890E-05    1.15321E-05
  730     1.028968    1.07147E-05    1.10832E-05
  731     1.028968    1.06226E-05    1.13450E-05
  732     1.028968    1.07149E-05    1.12014E-05
  733     1.028968    1.05014E-05    1.11417E-05
  734     1.028968    1.04175E-05    1.08518E-05
  735     1.028968    1.04176E-05    1.09754E-05
  736     1.028968    1.02689E-05    1.10482E-05
  737     1.028968    1.02009E-05    1.05090E-05
  738     1.028968    1.01985E-05    1.10445E-05
  739     1.028968    1.00460E-05    1.06851E-05
  740     1.028968    1.00460E-05    1.06504E-05
  741     1.028968    9.97173E-06    1.05561E-05
  742     1.028968    9.83460E-06    1.02630E-05
  743     1.028969    9.75017E-06    1.01668E-05
  744     1.028969    9.67349E-06    1.03512E-05
  745     1.028969    9.74883E-06    1.01303E-05
  746     1.028969    9.60012E-06    1.06544E-05
  747     1.028969    9.60021E-06    1.00680E-05
  748     1.028969    9.37701E-06    9.90151E-06

 MULTIPLICATION EFFECTIVE (K-EFF) =  1.028969


     Radial Power Distribution
   ==============================
           1       2       3       4       5       6       7       8       9
     1   0.735   1.288   1.428   1.199   0.611   0.954   0.954   0.769   0.000
     2   1.288   1.404   1.439   1.296   1.076   1.054   0.969   0.747   0.000
     3   1.428   1.439   1.374   1.318   1.184   1.087   0.992   0.702   0.000
     4   1.199   1.296   1.318   1.183   0.975   0.919   0.858   0.000   0.000
     5   0.611   1.076   1.184   0.975   0.472   0.697   0.605   0.000   0.000
     6   0.954   1.054   1.087   0.919   0.697   0.589   0.000   0.000   0.000
     7   0.954   0.969   0.992   0.858   0.605   0.000   0.000   0.000   0.000
     8   0.769   0.747   0.702   0.000   0.000   0.000   0.000   0.000   0.000
     9   0.000   0.000   0.000   0.000   0.000   0.000   0.000   0.000   0.000

   MAX POS.       Maximum Value
  (  2,  3)          1.439


     Axial Power Distribution
   ============================

     Plane Number        Power
    ----------------------------
        19  (TOP)        0.000
        18               0.192
        17               0.351
        16               0.538
        15               0.744
        14               0.975
        13               1.182
        12               1.350
        11               1.471
        10               1.541
         9               1.556
         8               1.516
         7               1.421
         6               1.277
         5               1.086
         4               0.857
         3               0.597
         2               0.346
         1  (BOTTOM)     0.000

   MAX POS.       Maximum Value
    (  9)             1.556


     Radial Flux Distribution
   ==============================
    Group =   1
              1          2          3          4          5          6          7          8          9
     1    1.326E+00  1.700E+00  1.859E+00  1.582E+00  1.104E+00  1.261E+00  1.243E+00  8.563E-01  1.396E-01
     2    1.700E+00  1.830E+00  1.877E+00  1.690E+00  1.420E+00  1.374E+00  1.260E+00  8.364E-01  1.329E-01
     3    1.859E+00  1.877E+00  1.828E+00  1.718E+00  1.542E+00  1.413E+00  1.224E+00  6.971E-01  9.993E-02
     4    1.582E+00  1.690E+00  1.718E+00  1.542E+00  1.285E+00  1.197E+00  9.480E-01  2.451E-01  3.135E-02
     5    1.104E+00  1.420E+00  1.542E+00  1.285E+00  8.517E-01  8.757E-01  6.030E-01  1.007E-01  0.000E+00
     6    1.261E+00  1.374E+00  1.413E+00  1.197E+00  8.757E-01  5.833E-01  1.639E-01  2.584E-02  0.000E+00
     7    1.243E+00  1.260E+00  1.224E+00  9.480E-01  6.030E-01  1.639E-01  2.955E-02  0.000E+00  0.000E+00
     8    8.563E-01  8.364E-01  6.971E-01  2.451E-01  1.007E-01  2.584E-02  0.000E+00  0.000E+00  0.000E+00
     9    1.396E-01  1.329E-01  9.993E-02  3.135E-02  0.000E+00  0.000E+00  0.000E+00  0.000E+00  0.000E+00
    Group =   2
              1          2          3          4          5          6          7          8          9
     1    7.708E-01  1.337E+00  1.482E+00  1.246E+00  6.412E-01  9.940E-01  9.933E-01  7.959E-01  1.097E+00
     2    1.337E+00  1.456E+00  1.491E+00  1.345E+00  1.119E+00  1.097E+00  1.008E+00  7.735E-01  1.040E+00
     3    1.482E+00  1.491E+00  1.416E+00  1.366E+00  1.231E+00  1.131E+00  1.029E+00  7.236E-01  8.025E-01
     4    1.246E+00  1.345E+00  1.366E+00  1.228E+00  1.014E+00  9.562E-01  8.867E-01  1.719E+00  3.865E-01
     5    6.412E-01  1.119E+00  1.231E+00  1.014E+00  4.956E-01  7.235E-01  6.235E-01  8.294E-01  0.000E+00
     6    9.940E-01  1.097E+00  1.131E+00  9.562E-01  7.235E-01  6.072E-01  1.148E+00  3.055E-01  0.000E+00
     7    9.933E-01  1.008E+00  1.029E+00  8.867E-01  6.235E-01  1.148E+00  3.539E-01  0.000E+00  0.000E+00
     8    7.959E-01  7.735E-01  7.236E-01  1.719E+00  8.294E-01  3.055E-01  0.000E+00  0.000E+00  0.000E+00
     9    1.097E+00  1.040E+00  8.025E-01  3.865E-01  0.000E+00  0.000E+00  0.000E+00  0.000E+00  0.000E+00


 Total time :    2.21521401      seconds
