                       ###########################################################
                       #                  ADPRES v.0.1.ALPHA                     #
                       #        ABU DHABI POLYTECHNIC REACTOR SIMULATOR          #
                       ###########################################################  


  ========================================INPUT DATA STARTS HERE=====================================
     1: ! IAEA2D input data                                                                                 
     2: ! 2 Dimensional Problem                                                                             
     3: ! NODE SIZE = 20 CM                                                                                 
     4: ! MOSRA K-EFF  = 1.03393                                                                            
     5: ! ADPRES K-EFF = 1.033930                                                                           
     6:                                                                                                     
     7: %MODE                                                                                               
     8: FORWARD                                                                                             
     9: %CASE                                                                                               
    10: IAEA2D                                                                                              
    11: PROBLEM TEST                                                                                        
    12: %XSEC                                                                                               
    13: 2  4    ! Number of groups and number of materials                                                  
    14: ! sigtr   siga   nu*sigf sigf   chi   sigs_g1  sigs_g2                                              
    15: !	MATERIAL 1                                                                                        
    16: 0.222222  0.010  0.000  0.000    1.0   0.1922   0.020                                               
    17: 0.833333  0.080  0.135  0.135    0.0   0.000    0.7533   ! MAT1 : Outer Fuel                        
    18: 0.222222  0.010  0.000  0.000    1.0   0.1922   0.020                                               
    19: 0.833333  0.085  0.135  0.135    0.0   0.000    0.7483   ! MAT2 : Inner Fuel                        
    20: 0.222222  0.0100 0.000  0.000    1.0   0.1922   0.020                                               
    21: 0.833333  0.1300 0.135  0.135    0.0   0.000    0.7033   ! MAT3 : Inner Fuel + Control Rod          
    22: 0.166667  0.000  0.000  0.000    0.0   0.1267   0.040                                               
    23: 1.111111  0.010  0.000  0.000    0.0   0.000    1.1011   ! MAT4 : Reflector                         
    24: %GEOM                                                                                               
    25: 9 9 2          !nx, ny, nz                                                                          
    26: 10.0 8*20.0    !x-direction assembly size in cm                                                     
    27: 1  8*1         !x-direction assembly divided into 20 cm each                                        
    28: 10.0 8*20.0    !y-direction assembly size in cm                                                     
    29: 1  8*1         !y-direction assembly divided into 20 cm each                                        
    30: 2*10           !z-direction assembly size in cm                                                     
    31: 1 1            !z-direction assembly divided into 20 cm each                                        
    32: 1              !np number of planar type                                                            
    33: 1 1            !planar assignment (from bottom to top)                                              
    34: ! Planar_type_1                                                                                     
    35:  3 2 2 2 3 2 2 1 4                                                                                  
    36:  2 2 2 2 2 2 2 1 4                                                                                  
    37:  2 2 2 2 2 2 1 1 4                                                                                  
    38:  2 2 2 2 2 2 1 4 4                                                                                  
    39:  3 2 2 2 3 1 1 4 0                                                                                  
    40:  2 2 2 2 1 1 4 4 0                                                                                  
    41:  2 2 1 1 1 4 4 0 0                                                                                  
    42:  1 1 1 4 4 4 0 0 0                                                                                  
    43:  4 4 4 4 0 0 0 0 0                                                                                  
    44: ! Boundary conditions x=1 (west), x=max (east), y=1 (north), y=max (south), z=1 (bottom), z=max (top
    45: 1 0 1 0 1 1                                                                                         
  ========================================INPUT DATA   ENDS HERE=====================================



                                             START READING INPUT
  ***************************************************************************************************
  CALCULATION MODE :            FORWARD CALCULATION

  CASE ID :   IAEA2D                                                                                            
   PROBLEM TEST                                                                                      


            >>>> READING MACROSCOPIC CROSS SECTIONS <<<<
            --------------------------------------------

     MATERIAL  1
    GROUP   TRANSPORT    DIFFUSION  ABSORPTION    REMOVAL      NU*FISS      FISSION    FISS. SPCTR
       1     0.222222    1.500002    0.010000    0.030000     0.000000     0.000000     1.000000
       2     0.833333    0.400000    0.080000    0.080000     0.135000     0.135000     0.000000
   --SCATTERING MATRIX--
     G/G'          1          2
      1        0.192200    0.020000
      2        0.000000    0.753300

     MATERIAL  2
    GROUP   TRANSPORT    DIFFUSION  ABSORPTION    REMOVAL      NU*FISS      FISSION    FISS. SPCTR
       1     0.222222    1.500002    0.010000    0.030000     0.000000     0.000000     1.000000
       2     0.833333    0.400000    0.085000    0.085000     0.135000     0.135000     0.000000
   --SCATTERING MATRIX--
     G/G'          1          2
      1        0.192200    0.020000
      2        0.000000    0.748300

     MATERIAL  3
    GROUP   TRANSPORT    DIFFUSION  ABSORPTION    REMOVAL      NU*FISS      FISSION    FISS. SPCTR
       1     0.222222    1.500002    0.010000    0.030000     0.000000     0.000000     1.000000
       2     0.833333    0.400000    0.130000    0.130000     0.135000     0.135000     0.000000
   --SCATTERING MATRIX--
     G/G'          1          2
      1        0.192200    0.020000
      2        0.000000    0.703300

     MATERIAL  4
    GROUP   TRANSPORT    DIFFUSION  ABSORPTION    REMOVAL      NU*FISS      FISSION    FISS. SPCTR
       1     0.166667    1.999996    0.000000    0.040000     0.000000     0.000000     0.000000
       2     1.111111    0.300000    0.010000    0.010000     0.000000     0.000000     0.000000
   --SCATTERING MATRIX--
     G/G'          1          2
      1        0.126700    0.040000
      2        0.000000    1.101100

  ...Macroscopic CXs are sucessfully read...


            >>>>>READING CORE GEOMETRY<<<<<
            -------------------------------
  Number of assembly in x, y and z directions respectively :
           9           9           2
  Number of nodes in x, y and z directions respectively :
           9           9           2

  x-directed nodes divison (delta-x)
    10.00  20.00  20.00  20.00  20.00  20.00  20.00  20.00  20.00
  y-directed nodes divison (delta-y)
    10.00  20.00  20.00  20.00  20.00  20.00  20.00  20.00  20.00

  Planar Region :  1
       1  2  3  4  5  6  7  8  9
     1 3  2  2  2  3  2  2  1  4 
     2 2  2  2  2  2  2  2  1  4 
     3 2  2  2  2  2  2  1  1  4 
     4 2  2  2  2  2  2  1  4  4 
     5 3  2  2  2  3  1  1  4    
     6 2  2  2  2  1  1  4  4    
     7 2  2  1  1  1  4  4       
     8 1  1  1  4  4  4          
     9 4  4  4  4                

  Planar Region Assignment to planes.
 --------------------------------------
   Plane Number     Planar Region    delta-z
        1 (BOTTOM)         1          10.00
        2 (TOP)            1          10.00

   Boundary conditions
  X-directed West   (X-): REFLECTIVE
  X-directed East   (X+): VACUUM
  Y-directed North  (Y-): REFLECTIVE
  Y-directed South  (Y+): VACUUM
  Z-directed Bottom (Z-): REFLECTIVE
  Z-directed Top    (Z+): REFLECTIVE

  ...Core geometry is sucessfully read...


  **********************************  STOP READING INPUT  *******************************************


  ================================================================================================
                                        CALCULATION RESULTS
  ================================================================================================

   Itr     k-eff     Fis.Src Error   Inner Error
  ----------------------------------------------------
    1     1.570140    5.78967E-01    8.58974E-01
    2     1.281630    1.04527E+00    1.04527E+00
    3     1.134958    3.66238E-01    3.66238E-01
    4     1.074079    1.56868E-01    1.80309E-01
    5     1.047898    8.47061E-02    1.54095E-01
    6     1.035910    6.43630E-02    1.33788E-01
    7     1.030210    5.15870E-02    1.17998E-01
    8     1.027508    4.29354E-02    1.04836E-01
    9     1.026309    3.66423E-02    9.34995E-02
   10     1.025889    3.17991E-02    8.37372E-02
   11     1.025873    2.79166E-02    7.47568E-02
   12     1.026063    2.60289E-02    6.65356E-02
   13     1.026353    2.44639E-02    5.90712E-02
   14     1.026685    2.31167E-02    5.26223E-02
   15     1.027025    2.19279E-02    4.71832E-02
   16     1.027357    2.08606E-02    4.24508E-02
   17     1.027674    1.98881E-02    3.87992E-02
   18     1.027971    1.89944E-02    3.56685E-02
   19     1.028248    1.81661E-02    3.28801E-02
   20     1.028505    1.73949E-02    3.03982E-02
   21     1.028742    1.66737E-02    2.81914E-02
   22     1.028961    1.59970E-02    2.62249E-02
   23     1.029165    1.53604E-02    2.44699E-02
   24     1.029353    1.47606E-02    2.29005E-02
   25     1.029528    1.41939E-02    2.14940E-02
   26     1.029691    1.36580E-02    2.02292E-02
   27     1.029842    1.31501E-02    1.90871E-02
   28     1.029984    1.26688E-02    1.80536E-02
   29     1.030117    1.22116E-02    1.71145E-02
   30     1.030241    1.17767E-02    1.62579E-02
   31     1.030358    1.13629E-02    1.54741E-02
   32     1.030469    1.09682E-02    1.47534E-02
   33     1.030573    1.05921E-02    1.40889E-02
   34     1.030672    1.02329E-02    1.34750E-02
   35     1.030765    9.88955E-03    1.29047E-02
   36     1.030854    9.56120E-03    1.23743E-02
   37     1.030939    9.24655E-03    1.18779E-02
   38     1.031019    8.94544E-03    1.14141E-02
   39     1.031096    8.65657E-03    1.09789E-02
   40     1.031169    8.37947E-03    1.05695E-02
   41     1.031239    8.11367E-03    1.01829E-02
   42     1.031306    7.85801E-03    9.81766E-03
   43     1.031371    7.61282E-03    9.47209E-03
   44     1.031432    7.37611E-03    9.14261E-03
   45     1.031492    7.14895E-03    8.83050E-03
   46     1.031549    6.93037E-03    8.53344E-03
   47     1.031604    6.72015E-03    8.24952E-03
   48     1.031657    6.51688E-03    7.97894E-03
   49     1.031708    6.32176E-03    7.72033E-03
   50     1.031757    6.13343E-03    7.47307E-03
   51     1.031805    5.95163E-03    7.23548E-03
   52     1.031851    5.77642E-03    7.00887E-03
   53     1.031895    5.60759E-03    6.79096E-03
   54     1.031939    5.44464E-03    6.58141E-03
   55     1.031980    5.28708E-03    6.38065E-03
   56     1.032021    5.13519E-03    6.18764E-03
   57     1.032060    4.98843E-03    6.00155E-03
   58     1.032098    4.84647E-03    5.82270E-03
   59     1.032135    4.75473E-03    5.65093E-03
   60     1.032171    4.68610E-03    5.48518E-03
   61     1.032206    4.61785E-03    5.32551E-03
   62     1.032240    4.55054E-03    5.17087E-03
   63     1.032273    4.48432E-03    5.02276E-03
   64     1.032305    4.41815E-03    4.87955E-03
   65     1.032336    4.35332E-03    4.74136E-03
   66     1.032366    4.28887E-03    4.60768E-03
   67     1.032396    4.22481E-03    4.47922E-03
   68     1.032425    4.16211E-03    4.35453E-03
   69     1.032453    4.09912E-03    4.23452E-03
   70     1.032480    4.03827E-03    4.11856E-03
   71     1.032507    3.97646E-03    4.00633E-03
   72     1.032533    3.91659E-03    3.91660E-03
   73     1.032559    3.85645E-03    3.85646E-03
   74     1.032584    3.79748E-03    3.79752E-03
   75     1.032608    3.73912E-03    3.73910E-03
   76     1.032632    3.68198E-03    3.68194E-03
   77     1.032655    3.62489E-03    3.62489E-03
   78     1.032678    3.56827E-03    3.56830E-03
   79     1.032700    3.51256E-03    3.51256E-03
   80     1.032721    3.45800E-03    3.45801E-03
   81     1.032743    3.40301E-03    3.40305E-03
   82     1.032763    3.35018E-03    3.35010E-03
   83     1.032784    3.29723E-03    3.29727E-03
   84     1.032803    3.24477E-03    3.24473E-03
   85     1.032823    3.19338E-03    3.19341E-03
   86     1.032842    3.14278E-03    3.14282E-03
   87     1.032861    3.09255E-03    3.09249E-03
   88     1.032879    3.04334E-03    3.04333E-03
   89     1.032897    2.99439E-03    2.99440E-03
   90     1.032914    2.94685E-03    2.94689E-03
   91     1.032931    2.89937E-03    2.89931E-03
   92     1.032948    2.85219E-03    2.85221E-03
   93     1.032964    2.80657E-03    2.80657E-03
   94     1.032981    2.76163E-03    2.76166E-03
   95     1.032996    2.71630E-03    2.71628E-03
   96     1.033012    2.67264E-03    2.67268E-03
   97     1.033027    2.62914E-03    2.62915E-03
   98     1.033042    2.58730E-03    2.58728E-03
   99     1.033057    2.54435E-03    2.54437E-03
  100     1.033071    2.50377E-03    2.50374E-03
  101     1.033085    2.46233E-03    2.46232E-03
  102     1.033099    2.42298E-03    2.42296E-03
  103     1.033113    2.38333E-03    2.38335E-03
  104     1.033126    2.34451E-03    2.34453E-03
  105     1.033139    2.30637E-03    2.30632E-03
  106     1.033152    2.26863E-03    2.26871E-03
  107     1.033164    2.23171E-03    2.23169E-03
  108     1.033177    2.19558E-03    2.19552E-03
  109     1.033189    2.15904E-03    2.15906E-03
  110     1.033201    2.12433E-03    2.12438E-03
  111     1.033213    2.08975E-03    2.08974E-03
  112     1.033224    2.05490E-03    2.05488E-03
  113     1.033235    2.02249E-03    2.02246E-03
  114     1.033247    1.98899E-03    1.98903E-03
  115     1.033258    1.95672E-03    1.95673E-03
  116     1.033268    1.92415E-03    1.92410E-03
  117     1.033279    1.89343E-03    1.89345E-03
  118     1.033289    1.86225E-03    1.86228E-03
  119     1.033299    1.83217E-03    1.83213E-03
  120     1.033309    1.80218E-03    1.80223E-03
  121     1.033319    1.77321E-03    1.77316E-03
  122     1.033329    1.74368E-03    1.74373E-03
  123     1.033338    1.71548E-03    1.71547E-03
  124     1.033348    1.68804E-03    1.68803E-03
  125     1.033357    1.66004E-03    1.66004E-03
  126     1.033366    1.63373E-03    1.63370E-03
  127     1.033375    1.60551E-03    1.60555E-03
  128     1.033383    1.58101E-03    1.58099E-03
  129     1.033392    1.55531E-03    1.55536E-03
  130     1.033401    1.52940E-03    1.52933E-03
  131     1.033409    1.50493E-03    1.50494E-03
  132     1.033417    1.48072E-03    1.48073E-03
  133     1.033425    1.45623E-03    1.45621E-03
  134     1.033433    1.43338E-03    1.43338E-03
  135     1.033441    1.40986E-03    1.40989E-03
  136     1.033448    1.38652E-03    1.38650E-03
  137     1.033456    1.36503E-03    1.36504E-03
  138     1.033463    1.34240E-03    1.34241E-03
  139     1.033471    1.32148E-03    1.32144E-03
  140     1.033478    1.29905E-03    1.29907E-03
  141     1.033485    1.27849E-03    1.27843E-03
  142     1.033492    1.25872E-03    1.25878E-03
  143     1.033499    1.23833E-03    1.23830E-03
  144     1.033505    1.21733E-03    1.21731E-03
  145     1.033512    1.19786E-03    1.19788E-03
  146     1.033518    1.17982E-03    1.17983E-03
  147     1.033525    1.15926E-03    1.15929E-03
  148     1.033531    1.14272E-03    1.14268E-03
  149     1.033537    1.12259E-03    1.12261E-03
  150     1.033543    1.10563E-03    1.10562E-03
  151     1.033549    1.08714E-03    1.08714E-03
  152     1.033555    1.07045E-03    1.07044E-03
  153     1.033561    1.05306E-03    1.05305E-03
  154     1.033567    1.03685E-03    1.03685E-03
  155     1.033572    1.01940E-03    1.01940E-03
  156     1.033578    1.00329E-03    1.00331E-03
  157     1.033583    9.87532E-04    9.87504E-04
  158     1.033589    9.72267E-04    9.72315E-04
  159     1.033594    9.55843E-04    9.55789E-04
  160     1.033599    9.41342E-04    9.41336E-04
  161     1.033604    9.26131E-04    9.26194E-04
  162     1.033609    9.11260E-04    9.11254E-04
  163     1.033614    8.96729E-04    8.96678E-04
  164     1.033619    8.82610E-04    8.82625E-04
  165     1.033624    8.69051E-04    8.69093E-04
  166     1.033629    8.54779E-04    8.54788E-04
  167     1.033633    8.41439E-04    8.41406E-04
  168     1.033638    8.27833E-04    8.27815E-04
  169     1.033642    8.15229E-04    8.15223E-04
  170     1.033647    8.01910E-04    8.01937E-04
  171     1.033651    7.89887E-04    7.89887E-04
  172     1.033656    7.76480E-04    7.76501E-04
  173     1.033660    7.64886E-04    7.64830E-04
  174     1.033664    7.52353E-04    7.52383E-04
  175     1.033668    7.41183E-04    7.41165E-04
  176     1.033672    7.29073E-04    7.29091E-04
  177     1.033676    7.17582E-04    7.17603E-04
  178     1.033680    7.06116E-04    7.06059E-04
  179     1.033684    6.95338E-04    6.95338E-04
  180     1.033688    6.84139E-04    6.84160E-04
  181     1.033692    6.73627E-04    6.73642E-04
  182     1.033695    6.62989E-04    6.62986E-04
  183     1.033699    6.53330E-04    6.53306E-04
  184     1.033702    6.41597E-04    6.41626E-04
  185     1.033706    6.32227E-04    6.32254E-04
  186     1.033709    6.22184E-04    6.22154E-04
  187     1.033713    6.12453E-04    6.12470E-04
  188     1.033716    6.03328E-04    6.03281E-04
  189     1.033719    5.93631E-04    5.93631E-04
  190     1.033723    5.84171E-04    5.84236E-04
  191     1.033726    5.75389E-04    5.75333E-04
  192     1.033729    5.66231E-04    5.66184E-04
  193     1.033732    5.57208E-04    5.57176E-04
  194     1.033735    5.48763E-04    5.48793E-04
  195     1.033738    5.40112E-04    5.40107E-04
  196     1.033741    5.31695E-04    5.31672E-04
  197     1.033744    5.23657E-04    5.23724E-04
  198     1.033747    5.15265E-04    5.15236E-04
  199     1.033750    5.06740E-04    5.06760E-04
  200     1.033753    4.99031E-04    4.99008E-04
  201     1.033755    4.92064E-04    4.92055E-04
  202     1.033758    4.84231E-04    4.84246E-04
  203     1.033761    4.76263E-04    4.76290E-04
  204     1.033763    4.68963E-04    4.68896E-04
  205     1.033766    4.61512E-04    4.61513E-04
  206     1.033768    4.54539E-04    4.54533E-04
  207     1.033771    4.48070E-04    4.48035E-04
  208     1.033773    4.40298E-04    4.40287E-04
  209     1.033776    4.33411E-04    4.33414E-04
  210     1.033778    4.27404E-04    4.27413E-04
  211     1.033781    4.20606E-04    4.20635E-04
  212     1.033783    4.13804E-04    4.13775E-04
  213     1.033785    4.07325E-04    4.07340E-04
  214     1.033787    4.00915E-04    4.00900E-04
  215     1.033790    3.95383E-04    3.95409E-04
  216     1.033792    3.88624E-04    3.88592E-04
  217     1.033794    3.82660E-04    3.82712E-04
  218     1.033796    3.77449E-04    3.77408E-04
  219     1.033798    3.70929E-04    3.70926E-04
  220     1.033800    3.65285E-04    3.65311E-04
  221     1.033802    3.60009E-04    3.60015E-04
  222     1.033804    3.53798E-04    3.53787E-04
  223     1.033806    3.48824E-04    3.48815E-04
  224     1.033808    3.43348E-04    3.43380E-04
  225     1.033810    3.37581E-04    3.37552E-04
  226     1.033812    3.33426E-04    3.33464E-04
  227     1.033814    3.28031E-04    3.28037E-04
  228     1.033815    3.23163E-04    3.23099E-04
  229     1.033817    3.17785E-04    3.17846E-04
  230     1.033819    3.12623E-04    3.12591E-04
  231     1.033821    3.08056E-04    3.08056E-04
  232     1.033823    3.03776E-04    3.03752E-04
  233     1.033824    2.98338E-04    2.98355E-04
  234     1.033826    2.93856E-04    2.93833E-04
  235     1.033828    2.89581E-04    2.89535E-04
  236     1.033829    2.84746E-04    2.84709E-04
  237     1.033831    2.81134E-04    2.81125E-04
  238     1.033832    2.76084E-04    2.76144E-04
  239     1.033834    2.72622E-04    2.72568E-04
  240     1.033835    2.68006E-04    2.67978E-04
  241     1.033837    2.63909E-04    2.63868E-04
  242     1.033838    2.59809E-04    2.59834E-04
  243     1.033840    2.56000E-04    2.55959E-04
  244     1.033841    2.51690E-04    2.51699E-04
  245     1.033842    2.48103E-04    2.48140E-04
  246     1.033844    2.44159E-04    2.44118E-04
  247     1.033845    2.40289E-04    2.40332E-04
  248     1.033846    2.37069E-04    2.37015E-04
  249     1.033848    2.32914E-04    2.32920E-04
  250     1.033849    2.29990E-04    2.29999E-04
  251     1.033850    2.26343E-04    2.26375E-04
  252     1.033852    2.22849E-04    2.22838E-04
  253     1.033853    2.19422E-04    2.19451E-04
  254     1.033854    2.15789E-04    2.15841E-04
  255     1.033855    2.12726E-04    2.12691E-04
  256     1.033857    2.10029E-04    2.10015E-04
  257     1.033858    2.05610E-04    2.05633E-04
  258     1.033859    2.02843E-04    2.02802E-04
  259     1.033860    1.99790E-04    1.99819E-04
  260     1.033861    1.97098E-04    1.97069E-04
  261     1.033862    1.93115E-04    1.93158E-04
  262     1.033863    1.91071E-04    1.91031E-04
  263     1.033864    1.88171E-04    1.88134E-04
  264     1.033865    1.85197E-04    1.85157E-04
  265     1.033866    1.82014E-04    1.82031E-04
  266     1.033867    1.79618E-04    1.79601E-04
  267     1.033868    1.76722E-04    1.76707E-04
  268     1.033869    1.73756E-04    1.73739E-04
  269     1.033870    1.71290E-04    1.71310E-04
  270     1.033871    1.68756E-04    1.68731E-04
  271     1.033872    1.65795E-04    1.65843E-04
  272     1.033873    1.64124E-04    1.64118E-04
  273     1.033874    1.61308E-04    1.61311E-04
  274     1.033875    1.58992E-04    1.58966E-04
  275     1.033876    1.56249E-04    1.56238E-04
  276     1.033877    1.53582E-04    1.53590E-04
  277     1.033877    1.51771E-04    1.51791E-04
  278     1.033878    1.49104E-04    1.49067E-04
  279     1.033879    1.46938E-04    1.46961E-04
  280     1.033880    1.44487E-04    1.44470E-04
  281     1.033881    1.42609E-04    1.42598E-04
  282     1.033882    1.40802E-04    1.40802E-04
  283     1.033882    1.37998E-04    1.38006E-04
  284     1.033883    1.35622E-04    1.35597E-04
  285     1.033884    1.34033E-04    1.34036E-04
  286     1.033885    1.31874E-04    1.31859E-04
  287     1.033885    1.30571E-04    1.30608E-04
  288     1.033886    1.27770E-04    1.27738E-04
  289     1.033887    1.26113E-04    1.26105E-04
  290     1.033888    1.24242E-04    1.24239E-04
  291     1.033888    1.22157E-04    1.22142E-04
  292     1.033889    1.20145E-04    1.20203E-04
  293     1.033890    1.18847E-04    1.18801E-04
  294     1.033890    1.16621E-04    1.16630E-04
  295     1.033891    1.14540E-04    1.14538E-04
  296     1.033892    1.13314E-04    1.13292E-04
  297     1.033892    1.11448E-04    1.11431E-04
  298     1.033893    1.09939E-04    1.09956E-04
  299     1.033893    1.08145E-04    1.08174E-04
  300     1.033894    1.06352E-04    1.06314E-04
  301     1.033895    1.04986E-04    1.04995E-04
  302     1.033895    1.03407E-04    1.03367E-04
  303     1.033896    1.02043E-04    1.02049E-04
  304     1.033896    1.00038E-04    1.00038E-04
  305     1.033897    9.83886E-05    9.84114E-05
  306     1.033898    9.74529E-05    9.74017E-05
  307     1.033898    9.58773E-05    9.58545E-05
  308     1.033899    9.40877E-05    9.40763E-05
  309     1.033899    9.28682E-05    9.29138E-05
  310     1.033900    9.12219E-05    9.12133E-05
  311     1.033900    9.00026E-05    8.99741E-05
  312     1.033901    8.89272E-05    8.89671E-05
  313     1.033901    8.74244E-05    8.74216E-05
  314     1.033902    8.54944E-05    8.54915E-05
  315     1.033902    8.46335E-05    8.46392E-05
  316     1.033903    8.33448E-05    8.33249E-05
  317     1.033903    8.22710E-05    8.22425E-05
  318     1.033904    8.07694E-05    8.07751E-05
  319     1.033904    7.96957E-05    7.96928E-05
  320     1.033905    7.90495E-05    7.89954E-05
  321     1.033905    7.71220E-05    7.71448E-05
  322     1.033905    7.63336E-05    7.62938E-05
  323     1.033906    7.44077E-05    7.44447E-05
  324     1.033906    7.39750E-05    7.39779E-05
  325     1.033907    7.26187E-05    7.25903E-05
  326     1.033907    7.15464E-05    7.15862E-05
  327     1.033907    7.05457E-05    7.05059E-05
  328     1.033908    7.00434E-05    7.00405E-05
  329     1.033908    6.85451E-05    6.84996E-05
  330     1.033908    6.82564E-05    6.82649E-05
  331     1.033909    6.59768E-05    6.59569E-05
  332     1.033909    6.58300E-05    6.57987E-05
  333     1.033910    6.42622E-05    6.42594E-05
  334     1.033910    6.34763E-05    6.34876E-05
  335     1.033910    6.23348E-05    6.23320E-05
  336     1.033911    6.16913E-05    6.17140E-05
  337     1.033911    6.02665E-05    6.02523E-05
  338     1.033911    5.94101E-05    5.94045E-05
  339     1.033912    5.86250E-05    5.86335E-05
  340     1.033912    5.77689E-05    5.77860E-05
  341     1.033912    5.73393E-05    5.73222E-05
  342     1.033913    5.61991E-05    5.61679E-05
  343     1.033913    5.56989E-05    5.57046E-05
  344     1.033913    5.40618E-05    5.40902E-05
  345     1.033914    5.35618E-05    5.35505E-05
  346     1.033914    5.23513E-05    5.23200E-05
  347     1.033914    5.25618E-05    5.25476E-05
  348     1.033915    5.07835E-05    5.07807E-05
  349     1.033915    5.01416E-05    5.00876E-05
  350     1.033915    4.99971E-05    5.00084E-05
  351     1.033915    4.90006E-05    4.90091E-05
  352     1.033916    4.77200E-05    4.77030E-05
  353     1.033916    4.75046E-05    4.74705E-05
  354     1.033916    4.64373E-05    4.64714E-05
  355     1.033916    4.62933E-05    4.62394E-05
  356     1.033917    4.52972E-05    4.53171E-05
  357     1.033917    4.44432E-05    4.44716E-05
  358     1.033917    4.43702E-05    4.43929E-05
  359     1.033918    4.28777E-05    4.29345E-05
  360     1.033918    4.31598E-05    4.31626E-05
  361     1.033918    4.23060E-05    4.23174E-05
  362     1.033918    4.10268E-05    4.10892E-05
  363     1.033918    4.04573E-05    4.04742E-05
  364     1.033919    4.02428E-05    4.02428E-05
  365     1.033919    3.93895E-05    3.93980E-05
  366     1.033919    3.96008E-05    3.95497E-05
  367     1.033919    3.87478E-05    3.87818E-05
  368     1.033920    3.76108E-05    3.75540E-05
  369     1.033920    3.70417E-05    3.70928E-05
  370     1.033920    3.65438E-05    3.65551E-05
  371     1.033920    3.61167E-05    3.60940E-05
  372     1.033920    3.59025E-05    3.59394E-05
  373     1.033921    3.45533E-05    3.45589E-05
  374     1.033921    3.49067E-05    3.49408E-05
  375     1.033921    3.33447E-05    3.33305E-05
  376     1.033921    3.38403E-05    3.38658E-05
  377     1.033921    3.27041E-05    3.26388E-05
  378     1.033921    3.28449E-05    3.28676E-05
  379     1.033922    3.19217E-05    3.19473E-05
  380     1.033922    3.18497E-05    3.18696E-05
  381     1.033922    3.10686E-05    3.11026E-05
  382     1.033922    3.03583E-05    3.03356E-05
  383     1.033922    3.02864E-05    3.03346E-05
  384     1.033923    2.91507E-05    2.91081E-05
  385     1.033923    2.92918E-05    2.92606E-05
  386     1.033923    2.86526E-05    2.86470E-05
  387     1.033923    2.85099E-05    2.84929E-05
  388     1.033923    2.79418E-05    2.79560E-05
  389     1.033923    2.73028E-05    2.73425E-05
  390     1.033924    2.72312E-05    2.71886E-05
  391     1.033924    2.65213E-05    2.64986E-05
  392     1.033924    2.63079E-05    2.62682E-05
  393     1.033924    2.57399E-05    2.57315E-05
  394     1.033924    2.53847E-05    2.53479E-05
  395     1.033924    2.51005E-05    2.51175E-05
  396     1.033924    2.46745E-05    2.46575E-05
  397     1.033924    2.38940E-05    2.38911E-05
  398     1.033925    2.43188E-05    2.43500E-05
  399     1.033925    2.33965E-05    2.33540E-05
  400     1.033925    2.35378E-05    2.35066E-05
  401     1.033925    2.24739E-05    2.25107E-05
  402     1.033925    2.28278E-05    2.28165E-05
  403     1.033925    2.22601E-05    2.22034E-05
  404     1.033926    2.19761E-05    2.19732E-05
  405     1.033926    2.21883E-05    2.22025E-05
  406     1.033926    2.19751E-05    2.19723E-05
  407     1.033926    2.11241E-05    2.11298E-05
  408     1.033926    2.04857E-05    2.05169E-05
  409     1.033926    2.02017E-05    2.02102E-05
  410     1.033926    2.02014E-05    2.02099E-05
  411     1.033926    1.99174E-05    1.99033E-05
  412     1.033926    2.02714E-05    2.02856E-05
  413     1.033927    1.88535E-05    1.89074E-05
  414     1.033927    1.89949E-05    1.89836E-05
  415     1.033927    1.84984E-05    1.85239E-05
  416     1.033927    1.84272E-05    1.84471E-05
  417     1.033927    1.78599E-05    1.78344E-05
  418     1.033927    1.75761E-05    1.75279E-05
  419     1.033927    1.75758E-05    1.76042E-05
  420     1.033927    1.67960E-05    1.67619E-05
  421     1.033927    1.73626E-05    1.73740E-05
  422     1.033927    1.62285E-05    1.62257E-05
  423     1.033928    1.70077E-05    1.69907E-05
  424     1.033928    1.65823E-05    1.66078E-05
  425     1.033928    1.56608E-05    1.56891E-05
  426     1.033928    1.59440E-05    1.59185E-05
  427     1.033928    1.55186E-05    1.55356E-05
  428     1.033928    1.48806E-05    1.48466E-05
  429     1.033928    1.53056E-05    1.53056E-05
  430     1.033928    1.48802E-05    1.48462E-05
  431     1.033928    1.44548E-05    1.44633E-05
  432     1.033928    1.45963E-05    1.46162E-05
  433     1.033928    1.48795E-05    1.49221E-05
  434     1.033928    1.34981E-05    1.35304E-05
  435     1.033928    1.38872E-05    1.38504E-05
  436     1.033929    1.34619E-05    1.34676E-05
  437     1.033929    1.34617E-05    1.34674E-05
  438     1.033929    1.28239E-05    1.27786E-05
  439     1.033929    1.32488E-05    1.32375E-05
  440     1.033929    1.23276E-05    1.23957E-05
  441     1.033929    1.28234E-05    1.28546E-05
  442     1.033929    1.18314E-05    1.17834E-05
  443     1.033929    1.22563E-05    1.22422E-05
  444     1.033929    1.19728E-05    1.19360E-05
  445     1.033929    1.16185E-05    1.15533E-05
  446     1.033929    1.17600E-05    1.17827E-05
  447     1.033929    1.24683E-05    1.24711E-05
  448     1.033929    1.07483E-05    1.07353E-05
  449     1.033929    1.12637E-05    1.12467E-05
  450     1.033929    1.10511E-05    1.10171E-05
  451     1.033930    1.05551E-05    1.05604E-05
  452     1.033930    1.05550E-05    1.05578E-05
  453     1.033930    1.04840E-05    1.04812E-05
  454     1.033930    1.04131E-05    1.04046E-05
  455     1.033930    1.00588E-05    1.00985E-05
  456     1.033930    1.02712E-05    1.02514E-05
  457     1.033930    9.91695E-06    9.86878E-06

 MULTIPLICATION EFFECTIVE (K-EFF) =  1.033930


     Radial Power Distribution
   ==============================
           1       2       3       4       5       6       7       8       9
     1   0.753   1.320   1.463   1.219   0.611   0.936   0.927   0.744   0.000
     2   1.320   1.446   1.491   1.323   1.075   1.035   0.942   0.724   0.000
     3   1.463   1.491   1.479   1.354   1.183   1.068   0.965   0.681   0.000
     4   1.219   1.323   1.354   1.199   0.971   0.902   0.835   0.000   0.000
     5   0.611   1.075   1.183   0.971   0.467   0.682   0.589   0.000   0.000
     6   0.936   1.035   1.068   0.902   0.682   0.575   0.000   0.000   0.000
     7   0.927   0.942   0.965   0.835   0.589   0.000   0.000   0.000   0.000
     8   0.744   0.724   0.681   0.000   0.000   0.000   0.000   0.000   0.000
     9   0.000   0.000   0.000   0.000   0.000   0.000   0.000   0.000   0.000

   MAX POS.       Maximum Value
  (  2,  3)          1.491


     Axial Power Distribution
   ============================

     Plane Number        Power
    ----------------------------
         2  (TOP)        1.000
         1  (BOTTOM)     1.000

   MAX POS.       Maximum Value
    (  1)             1.000


     Radial Flux Distribution
   ==============================
    Group =   1
              1          2          3          4          5          6          7          8          9
     1    1.359E+00  1.744E+00  1.906E+00  1.609E+00  1.104E+00  1.238E+00  1.208E+00  8.291E-01  1.350E-01
     2    1.744E+00  1.886E+00  1.943E+00  1.726E+00  1.420E+00  1.350E+00  1.226E+00  8.102E-01  1.286E-01
     3    1.906E+00  1.943E+00  1.928E+00  1.764E+00  1.542E+00  1.389E+00  1.192E+00  6.760E-01  9.681E-02
     4    1.609E+00  1.726E+00  1.764E+00  1.564E+00  1.280E+00  1.175E+00  9.236E-01  2.381E-01  3.040E-02
     5    1.104E+00  1.420E+00  1.542E+00  1.280E+00  8.418E-01  8.570E-01  5.876E-01  9.796E-02  0.000E+00
     6    1.238E+00  1.350E+00  1.389E+00  1.175E+00  8.570E-01  5.693E-01  1.597E-01  2.516E-02  0.000E+00
     7    1.208E+00  1.226E+00  1.192E+00  9.236E-01  5.876E-01  1.597E-01  2.879E-02  0.000E+00  0.000E+00
     8    8.291E-01  8.102E-01  6.760E-01  2.381E-01  9.796E-02  2.516E-02  0.000E+00  0.000E+00  0.000E+00
     9    1.350E-01  1.286E-01  9.681E-02  3.040E-02  0.000E+00  0.000E+00  0.000E+00  0.000E+00  0.000E+00
    Group =   2
              1          2          3          4          5          6          7          8          9
     1    7.807E-01  1.369E+00  1.517E+00  1.264E+00  6.335E-01  9.709E-01  9.613E-01  7.719E-01  1.098E+00
     2    1.369E+00  1.499E+00  1.546E+00  1.372E+00  1.115E+00  1.073E+00  9.767E-01  7.505E-01  1.041E+00
     3    1.517E+00  1.546E+00  1.534E+00  1.404E+00  1.227E+00  1.107E+00  1.001E+00  7.057E-01  8.046E-01
     4    1.264E+00  1.372E+00  1.404E+00  1.243E+00  1.007E+00  9.350E-01  8.661E-01  1.728E+00  3.888E-01
     5    6.335E-01  1.115E+00  1.227E+00  1.007E+00  4.841E-01  7.072E-01  6.110E-01  8.354E-01  0.000E+00
     6    9.709E-01  1.073E+00  1.107E+00  9.350E-01  7.072E-01  5.962E-01  1.157E+00  3.084E-01  0.000E+00
     7    9.613E-01  9.767E-01  1.001E+00  8.661E-01  6.110E-01  1.157E+00  3.576E-01  0.000E+00  0.000E+00
     8    7.719E-01  7.505E-01  7.057E-01  1.728E+00  8.354E-01  3.084E-01  0.000E+00  0.000E+00  0.000E+00
     9    1.098E+00  1.041E+00  8.046E-01  3.888E-01  0.000E+00  0.000E+00  0.000E+00  0.000E+00  0.000E+00


 Total time :   0.483603001      seconds
