                       ###########################################################
                       #                  ADPRES v.0.1.ALPHA                     #
                       #        ABU DHABI POLYTECHNIC REACTOR SIMULATOR          #
                       ###########################################################  


  ========================================INPUT DATA STARTS HERE=====================================
     1: ! IAEA2D input data                                                                                 
     2: ! 2 Dimensional Problem                                                                             
     3: ! NODE SIZE = 20 CM                                                                                 
     4: ! Orientation 0 deg  t0 90 deg                                                                      
     5:                                                                                                     
     6: %MODE                                                                                               
     7: FORWARD                                                                                             
     8: %CASE                                                                                               
     9: IAEA2D                                                                                              
    10: PROBLEM TEST                                                                                        
    11: %XSEC                                                                                               
    12: 2  4    ! Number of groups and number of materials                                                  
    13: ! sigtr   siga   nu*sigf sigf   chi   sigs_g1  sigs_g2                                              
    14: !	MATERIAL 1                                                                                        
    15: 0.222222  0.010  0.000  0.000    1.0   0.1922   0.020                                               
    16: 0.833333  0.080  0.135  0.135    0.0   0.000    0.7533   ! MAT1 : Outer Fuel                        
    17: 0.222222  0.010  0.000  0.000    1.0   0.1922   0.020                                               
    18: 0.833333  0.085  0.135  0.135    0.0   0.000    0.7483   ! MAT2 : Inner Fuel                        
    19: 0.222222  0.0100 0.000  0.000    1.0   0.1922   0.020                                               
    20: 0.833333  0.1300 0.135  0.135    0.0   0.000    0.7033   ! MAT3 : Inner Fuel + Control Rod          
    21: 0.166667  0.000  0.000  0.000    0.0   0.1267   0.040                                               
    22: 1.111111  0.010  0.000  0.000    0.0   0.000    1.1011   ! MAT4 : Reflector                         
    23: %GEOM                                                                                               
    24: 9 9 2          !nx, ny, nz                                                                          
    25: 10.0 8*20.0    !x-direction assembly size in cm                                                     
    26: 8*1  1         !x-direction assembly divided into 20 cm each                                        
    27: 8*20.0 10.0    !y-direction assembly size in cm                                                     
    28: 1  8*1         !y-direction assembly divided into 20 cm each                                        
    29: 2*10.0           !z-direction assembly size in cm                                                   
    30: 1 1            !z-direction assembly divided into 20 cm each                                        
    31: 1              !np number of planar type                                                            
    32: 1 1            !planar assignment (from bottom to top)                                              
    33: ! Planar_type_1                                                                                     
    34:  4 4 4 4 0 0 0 0 0                                                                                  
    35:  1 1 1 4 4 4 0 0 0                                                                                  
    36:  2 2 1 1 1 4 4 0 0                                                                                  
    37:  2 2 2 2 1 1 4 4 0                                                                                  
    38:  3 2 2 2 3 1 1 4 0                                                                                  
    39:  2 2 2 2 2 2 1 4 4                                                                                  
    40:  2 2 2 2 2 2 1 1 4                                                                                  
    41:  2 2 2 2 2 2 2 1 4                                                                                  
    42:  3 2 2 2 3 2 2 1 4                                                                                  
    43: ! Boundary conditions x=1 (west), x=max (east), y=1 (north), y=max (south), z=1 (bottom), z=max (top
    44: 1 0 0 1 1 1                                                                                         
  ========================================INPUT DATA   ENDS HERE=====================================



                                             START READING INPUT
  ***************************************************************************************************
  CALCULATION MODE :            FORWARD CALCULATION

  CASE ID :   IAEA2D                                                                                            
   PROBLEM TEST                                                                                      


            >>>> READING MACROSCOPIC CROSS SECTIONS <<<<
            --------------------------------------------

     MATERIAL  1
    GROUP   TRANSPORT    DIFFUSION  ABSORPTION    REMOVAL      NU*FISS      FISSION    FISS. SPCTR
       1     0.222222    1.500002    0.010000    0.030000     0.000000     0.000000     1.000000
       2     0.833333    0.400000    0.080000    0.080000     0.135000     0.135000     0.000000
   --SCATTERING MATRIX--
     G/G'          1          2
      1        0.192200    0.020000
      2        0.000000    0.753300

     MATERIAL  2
    GROUP   TRANSPORT    DIFFUSION  ABSORPTION    REMOVAL      NU*FISS      FISSION    FISS. SPCTR
       1     0.222222    1.500002    0.010000    0.030000     0.000000     0.000000     1.000000
       2     0.833333    0.400000    0.085000    0.085000     0.135000     0.135000     0.000000
   --SCATTERING MATRIX--
     G/G'          1          2
      1        0.192200    0.020000
      2        0.000000    0.748300

     MATERIAL  3
    GROUP   TRANSPORT    DIFFUSION  ABSORPTION    REMOVAL      NU*FISS      FISSION    FISS. SPCTR
       1     0.222222    1.500002    0.010000    0.030000     0.000000     0.000000     1.000000
       2     0.833333    0.400000    0.130000    0.130000     0.135000     0.135000     0.000000
   --SCATTERING MATRIX--
     G/G'          1          2
      1        0.192200    0.020000
      2        0.000000    0.703300

     MATERIAL  4
    GROUP   TRANSPORT    DIFFUSION  ABSORPTION    REMOVAL      NU*FISS      FISSION    FISS. SPCTR
       1     0.166667    1.999996    0.000000    0.040000     0.000000     0.000000     0.000000
       2     1.111111    0.300000    0.010000    0.010000     0.000000     0.000000     0.000000
   --SCATTERING MATRIX--
     G/G'          1          2
      1        0.126700    0.040000
      2        0.000000    1.101100

  ...Macroscopic CXs are sucessfully read...


            >>>>>READING CORE GEOMETRY<<<<<
            -------------------------------
  Number of assembly in x, y and z directions respectively :
           9           9           2
  Number of nodes in x, y and z directions respectively :
           9           9           2

  x-directed nodes divison (delta-x)
    10.00  20.00  20.00  20.00  20.00  20.00  20.00  20.00  20.00
  y-directed nodes divison (delta-y)
    20.00  20.00  20.00  20.00  20.00  20.00  20.00  20.00  10.00

  Planar Region :  1
       1  2  3  4  5  6  7  8  9
     1 4  4  4  4                
     2 1  1  1  4  4  4          
     3 2  2  1  1  1  4  4       
     4 2  2  2  2  1  1  4  4    
     5 3  2  2  2  3  1  1  4    
     6 2  2  2  2  2  2  1  4  4 
     7 2  2  2  2  2  2  1  1  4 
     8 2  2  2  2  2  2  2  1  4 
     9 3  2  2  2  3  2  2  1  4 

  Planar Region Assignment to planes.
 --------------------------------------
   Plane Number     Planar Region    delta-z
        1 (BOTTOM)         1          10.00
        2 (TOP)            1          10.00

   Boundary conditions
  X-directed West   (X-): REFLECTIVE
  X-directed East   (X+): VACUUM
  Y-directed North  (Y-): VACUUM
  Y-directed South  (Y+): REFLECTIVE
  Z-directed Bottom (Z-): REFLECTIVE
  Z-directed Top    (Z+): REFLECTIVE

  ...Core geometry is sucessfully read...


  **********************************  STOP READING INPUT  *******************************************


  ================================================================================================
                                        CALCULATION RESULTS
  ================================================================================================

   Itr     k-eff     Fis.Src Error   Inner Error
  ----------------------------------------------------
    1     1.599981    6.44421E-01    8.24086E-01
    2     1.305636    6.17093E-01    6.17093E-01
    3     1.152553    3.03368E-01    3.03367E-01
    4     1.086855    1.76124E-01    2.35137E-01
    5     1.057567    1.10496E-01    1.92738E-01
    6     1.043560    7.36615E-02    1.62080E-01
    7     1.036483    5.14171E-02    1.37429E-01
    8     1.032797    3.72441E-02    1.16917E-01
    9     1.030872    3.14101E-02    1.00264E-01
   10     1.029899    2.71829E-02    8.57977E-02
   11     1.029454    2.39623E-02    7.32743E-02
   12     1.029302    2.16573E-02    6.35944E-02
   13     1.029314    2.02835E-02    5.56698E-02
   14     1.029414    1.92003E-02    4.88710E-02
   15     1.029559    1.82268E-02    4.30573E-02
   16     1.029724    1.73331E-02    3.80932E-02
   17     1.029896    1.64995E-02    3.38550E-02
   18     1.030066    1.57161E-02    3.02299E-02
   19     1.030230    1.49747E-02    2.76563E-02
   20     1.030386    1.42708E-02    2.54099E-02
   21     1.030533    1.36019E-02    2.34359E-02
   22     1.030670    1.29656E-02    2.16956E-02
   23     1.030799    1.23603E-02    2.01494E-02
   24     1.030919    1.17846E-02    1.87717E-02
   25     1.031031    1.12380E-02    1.75360E-02
   26     1.031135    1.07180E-02    1.64221E-02
   27     1.031233    1.02248E-02    1.54135E-02
   28     1.031325    9.75701E-03    1.44964E-02
   29     1.031411    9.31294E-03    1.36583E-02
   30     1.031492    8.89226E-03    1.28908E-02
   31     1.031568    8.49360E-03    1.21838E-02
   32     1.031640    8.11612E-03    1.15317E-02
   33     1.031708    7.75818E-03    1.09279E-02
   34     1.031772    7.41973E-03    1.03685E-02
   35     1.031833    7.09901E-03    9.84733E-03
   36     1.031891    6.79500E-03    9.36287E-03
   37     1.031946    6.50783E-03    8.90930E-03
   38     1.031998    6.23489E-03    8.48631E-03
   39     1.032048    5.97689E-03    8.08986E-03
   40     1.032096    5.73253E-03    7.71785E-03
   41     1.032142    5.50100E-03    7.36979E-03
   42     1.032186    5.28122E-03    7.04115E-03
   43     1.032228    5.07248E-03    6.73317E-03
   44     1.032268    4.87547E-03    6.44274E-03
   45     1.032307    4.68767E-03    6.16914E-03
   46     1.032344    4.50979E-03    5.91062E-03
   47     1.032380    4.34077E-03    5.66752E-03
   48     1.032415    4.18025E-03    5.43691E-03
   49     1.032448    4.02703E-03    5.21939E-03
   50     1.032480    3.88267E-03    5.01311E-03
   51     1.032511    3.74435E-03    4.81889E-03
   52     1.032542    3.61286E-03    4.63351E-03
   53     1.032571    3.48796E-03    4.45861E-03
   54     1.032599    3.36860E-03    4.29285E-03
   55     1.032626    3.25522E-03    4.13514E-03
   56     1.032652    3.14631E-03    3.98499E-03
   57     1.032678    3.06918E-03    3.84340E-03
   58     1.032703    3.01131E-03    3.70805E-03
   59     1.032727    2.95488E-03    3.57902E-03
   60     1.032751    2.89996E-03    3.45661E-03
   61     1.032774    2.84696E-03    3.33988E-03
   62     1.032796    2.79438E-03    3.22902E-03
   63     1.032818    2.74377E-03    3.12270E-03
   64     1.032839    2.69904E-03    3.02144E-03
   65     1.032859    2.66078E-03    2.92566E-03
   66     1.032879    2.62384E-03    2.88076E-03
   67     1.032899    2.58838E-03    2.83562E-03
   68     1.032917    2.55370E-03    2.79267E-03
   69     1.032936    2.52047E-03    2.75186E-03
   70     1.032954    2.48735E-03    2.71216E-03
   71     1.032972    2.45581E-03    2.67422E-03
   72     1.032989    2.42551E-03    2.63586E-03
   73     1.033006    2.39512E-03    2.60156E-03
   74     1.033022    2.36546E-03    2.56566E-03
   75     1.033038    2.33707E-03    2.53273E-03
   76     1.033054    2.30920E-03    2.49882E-03
   77     1.033069    2.28157E-03    2.46748E-03
   78     1.033084    2.25553E-03    2.43677E-03
   79     1.033099    2.22836E-03    2.40547E-03
   80     1.033113    2.20313E-03    2.37661E-03
   81     1.033127    2.17786E-03    2.34717E-03
   82     1.033141    2.15300E-03    2.31921E-03
   83     1.033154    2.12897E-03    2.29149E-03
   84     1.033167    2.10473E-03    2.26492E-03
   85     1.033180    2.08129E-03    2.23762E-03
   86     1.033193    2.05794E-03    2.21175E-03
   87     1.033205    2.03552E-03    2.18678E-03
   88     1.033217    2.01271E-03    2.16127E-03
   89     1.033229    1.99061E-03    2.13659E-03
   90     1.033241    1.96904E-03    2.11238E-03
   91     1.033252    1.94762E-03    2.08855E-03
   92     1.033263    1.92608E-03    2.06502E-03
   93     1.033274    1.90489E-03    2.04217E-03
   94     1.033285    1.88432E-03    2.01862E-03
   95     1.033296    1.86380E-03    1.99657E-03
   96     1.033306    1.84353E-03    1.97502E-03
   97     1.033316    1.82333E-03    1.95251E-03
   98     1.033326    1.80412E-03    1.93134E-03
   99     1.033336    1.78430E-03    1.91042E-03
  100     1.033346    1.76506E-03    1.88927E-03
  101     1.033355    1.74595E-03    1.86862E-03
  102     1.033364    1.72693E-03    1.84732E-03
  103     1.033373    1.70817E-03    1.82844E-03
  104     1.033382    1.69005E-03    1.80699E-03
  105     1.033391    1.67123E-03    1.78776E-03
  106     1.033400    1.65329E-03    1.76811E-03
  107     1.033408    1.63522E-03    1.74945E-03
  108     1.033417    1.61760E-03    1.72924E-03
  109     1.033425    1.60020E-03    1.71100E-03
  110     1.033433    1.58198E-03    1.69228E-03
  111     1.033441    1.56523E-03    1.67295E-03
  112     1.033448    1.54820E-03    1.65517E-03
  113     1.033456    1.53104E-03    1.63772E-03
  114     1.033464    1.51435E-03    1.61871E-03
  115     1.033471    1.49754E-03    1.60151E-03
  116     1.033478    1.48121E-03    1.58393E-03
  117     1.033485    1.46518E-03    1.56618E-03
  118     1.033492    1.44876E-03    1.54905E-03
  119     1.033499    1.43279E-03    1.53156E-03
  120     1.033506    1.41699E-03    1.51499E-03
  121     1.033513    1.40150E-03    1.49785E-03
  122     1.033519    1.38608E-03    1.48180E-03
  123     1.033526    1.37090E-03    1.46499E-03
  124     1.033532    1.35497E-03    1.44889E-03
  125     1.033538    1.33979E-03    1.43280E-03
  126     1.033544    1.32558E-03    1.41668E-03
  127     1.033551    1.31061E-03    1.40100E-03
  128     1.033556    1.29570E-03    1.38538E-03
  129     1.033562    1.28138E-03    1.37008E-03
  130     1.033568    1.26713E-03    1.35384E-03
  131     1.033574    1.25224E-03    1.33991E-03
  132     1.033579    1.23833E-03    1.32429E-03
  133     1.033585    1.22444E-03    1.30923E-03
  134     1.033590    1.21055E-03    1.29479E-03
  135     1.033595    1.19719E-03    1.28013E-03
  136     1.033601    1.18353E-03    1.26574E-03
  137     1.033606    1.16969E-03    1.25093E-03
  138     1.033611    1.15704E-03    1.23707E-03
  139     1.033616    1.14322E-03    1.22301E-03
  140     1.033621    1.13041E-03    1.20915E-03
  141     1.033625    1.11736E-03    1.19528E-03
  142     1.033630    1.10440E-03    1.18180E-03
  143     1.033635    1.09198E-03    1.16823E-03
  144     1.033639    1.07964E-03    1.15456E-03
  145     1.033644    1.06694E-03    1.14148E-03
  146     1.033648    1.05479E-03    1.12818E-03
  147     1.033653    1.04253E-03    1.11554E-03
  148     1.033657    1.03017E-03    1.10257E-03
  149     1.033661    1.01870E-03    1.09012E-03
  150     1.033666    1.00692E-03    1.07714E-03
  151     1.033670    9.95239E-04    1.06504E-03
  152     1.033674    9.83324E-04    1.05196E-03
  153     1.033678    9.72231E-04    1.04146E-03
  154     1.033682    9.60709E-04    1.02774E-03
  155     1.033685    9.49688E-04    1.01635E-03
  156     1.033689    9.38828E-04    1.00464E-03
  157     1.033693    9.27476E-04    9.92787E-04
  158     1.033697    9.16820E-04    9.81103E-04
  159     1.033700    9.05939E-04    9.69988E-04
  160     1.033704    8.95355E-04    9.58252E-04
  161     1.033707    8.84746E-04    9.46951E-04
  162     1.033711    8.74441E-04    9.36258E-04
  163     1.033714    8.63977E-04    9.25095E-04
  164     1.033718    8.53952E-04    9.14524E-04
  165     1.033721    8.44168E-04    9.03216E-04
  166     1.033724    8.34290E-04    8.92686E-04
  167     1.033727    8.23854E-04    8.82939E-04
  168     1.033730    8.14664E-04    8.71948E-04
  169     1.033733    8.04713E-04    8.61449E-04
  170     1.033737    7.95009E-04    8.51504E-04
  171     1.033740    7.85750E-04    8.41243E-04
  172     1.033742    7.76266E-04    8.30968E-04
  173     1.033745    7.67503E-04    8.21557E-04
  174     1.033748    7.57773E-04    8.11627E-04
  175     1.033751    7.48899E-04    8.02386E-04
  176     1.033754    7.40005E-04    7.92509E-04
  177     1.033757    7.31631E-04    7.83132E-04
  178     1.033759    7.22294E-04    7.74117E-04
  179     1.033762    7.13814E-04    7.64490E-04
  180     1.033765    7.05451E-04    7.55137E-04
  181     1.033767    6.96731E-04    7.46674E-04
  182     1.033770    6.88739E-04    7.37392E-04
  183     1.033772    6.80525E-04    7.28592E-04
  184     1.033775    6.72024E-04    7.20379E-04
  185     1.033777    6.64050E-04    7.11654E-04
  186     1.033780    6.56466E-04    7.02273E-04
  187     1.033782    6.48459E-04    6.94838E-04
  188     1.033784    6.40778E-04    6.85842E-04
  189     1.033786    6.32332E-04    6.77652E-04
  190     1.033789    6.25368E-04    6.69651E-04
  191     1.033791    6.17438E-04    6.61126E-04
  192     1.033793    6.10379E-04    6.53807E-04
  193     1.033795    6.02489E-04    6.45560E-04
  194     1.033797    5.95676E-04    6.38314E-04
  195     1.033799    5.88372E-04    6.29821E-04
  196     1.033801    5.81604E-04    6.22657E-04
  197     1.033803    5.74206E-04    6.15073E-04
  198     1.033805    5.67139E-04    6.07882E-04
  199     1.033807    5.60403E-04    6.00670E-04
  200     1.033809    5.53586E-04    5.93038E-04
  201     1.033811    5.46894E-04    5.85709E-04
  202     1.033813    5.39986E-04    5.78673E-04
  203     1.033815    5.33754E-04    5.71619E-04
  204     1.033817    5.27372E-04    5.65287E-04
  205     1.033818    5.20913E-04    5.57908E-04
  206     1.033820    5.14307E-04    5.51027E-04
  207     1.033822    5.08378E-04    5.44243E-04
  208     1.033824    5.01751E-04    5.37872E-04
  209     1.033825    4.95735E-04    5.30853E-04
  210     1.033827    4.90466E-04    5.25190E-04
  211     1.033828    4.83881E-04    5.18985E-04
  212     1.033830    4.78113E-04    5.12468E-04
  213     1.033832    4.72613E-04    5.06139E-04
  214     1.033833    4.66415E-04    4.99602E-04
  215     1.033835    4.60760E-04    4.93573E-04
  216     1.033836    4.55236E-04    4.87740E-04
  217     1.033838    4.49567E-04    4.81693E-04
  218     1.033839    4.44166E-04    4.75746E-04
  219     1.033841    4.39034E-04    4.70202E-04
  220     1.033842    4.33343E-04    4.64235E-04
  221     1.033843    4.28336E-04    4.58473E-04
  222     1.033845    4.22629E-04    4.52590E-04
  223     1.033846    4.17748E-04    4.47757E-04
  224     1.033847    4.12513E-04    4.42280E-04
  225     1.033849    4.07550E-04    4.36172E-04
  226     1.033850    4.02788E-04    4.31100E-04
  227     1.033851    3.97605E-04    4.26341E-04
  228     1.033853    3.92900E-04    4.20737E-04
  229     1.033854    3.87983E-04    4.15439E-04
  230     1.033855    3.83337E-04    4.10341E-04
  231     1.033856    3.78616E-04    4.05557E-04
  232     1.033857    3.73612E-04    4.00555E-04
  233     1.033859    3.69438E-04    3.95762E-04
  234     1.033860    3.65119E-04    3.90326E-04
  235     1.033861    3.60169E-04    3.85940E-04
  236     1.033862    3.55840E-04    3.81441E-04
  237     1.033863    3.51576E-04    3.76836E-04
  238     1.033864    3.47517E-04    3.71483E-04
  239     1.033865    3.43106E-04    3.68236E-04
  240     1.033866    3.38759E-04    3.62875E-04
  241     1.033867    3.34896E-04    3.58774E-04
  242     1.033868    3.30402E-04    3.54354E-04
  243     1.033869    3.26601E-04    3.50032E-04
  244     1.033870    3.22447E-04    3.45286E-04
  245     1.033871    3.18498E-04    3.40638E-04
  246     1.033872    3.14616E-04    3.37150E-04
  247     1.033873    3.11150E-04    3.33132E-04
  248     1.033874    3.06910E-04    3.28575E-04
  249     1.033875    3.03297E-04    3.24867E-04
  250     1.033876    2.99260E-04    3.20515E-04
  251     1.033877    2.95990E-04    3.16903E-04
  252     1.033878    2.92367E-04    3.12971E-04
  253     1.033878    2.89021E-04    3.09138E-04
  254     1.033879    2.84831E-04    3.05197E-04
  255     1.033880    2.81619E-04    3.01359E-04
  256     1.033881    2.78333E-04    2.98156E-04
  257     1.033882    2.74695E-04    2.94205E-04
  258     1.033882    2.71614E-04    2.90355E-04
  259     1.033883    2.67760E-04    2.87143E-04
  260     1.033884    2.64884E-04    2.83819E-04
  261     1.033885    2.61585E-04    2.79961E-04
  262     1.033885    2.58073E-04    2.76421E-04
  263     1.033886    2.55191E-04    2.73302E-04
  264     1.033887    2.51954E-04    2.69754E-04
  265     1.033888    2.49137E-04    2.66417E-04
  266     1.033888    2.45756E-04    2.62865E-04
  267     1.033889    2.43356E-04    2.60481E-04
  268     1.033890    2.39689E-04    2.56818E-04
  269     1.033890    2.36793E-04    2.53469E-04
  270     1.033891    2.34317E-04    2.50654E-04
  271     1.033892    2.30854E-04    2.47515E-04
  272     1.033892    2.28374E-04    2.44053E-04
  273     1.033893    2.25751E-04    2.41338E-04
  274     1.033894    2.22634E-04    2.38513E-04
  275     1.033894    2.20007E-04    2.35578E-04
  276     1.033895    2.17591E-04    2.32643E-04
  277     1.033895    2.14468E-04    2.29277E-04
  278     1.033896    2.12189E-04    2.26870E-04
  279     1.033897    2.09273E-04    2.24143E-04
  280     1.033897    2.06921E-04    2.21519E-04
  281     1.033898    2.04214E-04    2.18681E-04
  282     1.033898    2.01787E-04    2.15946E-04
  283     1.033899    1.99359E-04    2.13105E-04
  284     1.033899    1.96648E-04    2.11009E-04
  285     1.033900    1.94640E-04    2.07736E-04
  286     1.033900    1.91855E-04    2.05102E-04
  287     1.033901    1.89986E-04    2.03216E-04
  288     1.033901    1.87410E-04    2.00365E-04
  289     1.033902    1.85044E-04    1.97834E-04
  290     1.033902    1.82959E-04    1.95516E-04
  291     1.033903    1.80308E-04    1.92982E-04
  292     1.033903    1.78504E-04    1.90661E-04
  293     1.033904    1.76133E-04    1.88767E-04
  294     1.033904    1.74044E-04    1.86230E-04
  295     1.033905    1.71883E-04    1.83798E-04
  296     1.033905    1.70074E-04    1.81793E-04
  297     1.033906    1.67628E-04    1.79036E-04
  298     1.033906    1.65605E-04    1.77244E-04
  299     1.033906    1.63581E-04    1.75451E-04
  300     1.033907    1.61557E-04    1.72798E-04
  301     1.033907    1.59885E-04    1.71217E-04
  302     1.033908    1.58070E-04    1.68885E-04
  303     1.033908    1.56113E-04    1.66657E-04
  304     1.033908    1.53801E-04    1.64644E-04
  305     1.033909    1.51984E-04    1.62415E-04
  306     1.033909    1.50095E-04    1.60830E-04
  307     1.033909    1.48064E-04    1.59136E-04
  308     1.033910    1.46457E-04    1.56474E-04
  309     1.033910    1.44637E-04    1.54671E-04
  310     1.033911    1.43028E-04    1.52652E-04
  311     1.033911    1.41560E-04    1.50848E-04
  312     1.033911    1.39312E-04    1.49149E-04
  313     1.033911    1.37985E-04    1.47236E-04
  314     1.033912    1.35877E-04    1.45751E-04
  315     1.033912    1.34407E-04    1.43512E-04
  316     1.033913    1.32581E-04    1.42350E-04
  317     1.033913    1.31181E-04    1.40002E-04
  318     1.033913    1.29708E-04    1.38945E-04
  319     1.033913    1.27952E-04    1.36704E-04
  320     1.033914    1.26336E-04    1.35215E-04
  321     1.033914    1.25004E-04    1.33618E-04
  322     1.033914    1.23459E-04    1.31697E-04
  323     1.033915    1.21771E-04    1.30422E-04
  324     1.033915    1.20437E-04    1.28931E-04
  325     1.033915    1.19031E-04    1.27116E-04
  326     1.033916    1.17342E-04    1.25408E-04
  327     1.033916    1.16077E-04    1.23915E-04
  328     1.033916    1.14458E-04    1.22529E-04
  329     1.033916    1.13263E-04    1.21250E-04
  330     1.033917    1.11785E-04    1.20079E-04
  331     1.033917    1.10163E-04    1.17829E-04
  332     1.033917    1.09394E-04    1.16550E-04
  333     1.033917    1.07843E-04    1.15053E-04
  334     1.033918    1.06362E-04    1.13988E-04
  335     1.033918    1.05094E-04    1.12491E-04
  336     1.033918    1.03897E-04    1.10993E-04
  337     1.033918    1.02415E-04    1.10034E-04
  338     1.033918    1.01644E-04    1.07996E-04
  339     1.033919    9.98057E-05    1.07145E-04
  340     1.033919    9.86781E-05    1.05537E-04
  341     1.033919    9.80479E-05    1.04145E-04
  342     1.033919    9.62795E-05    1.03293E-04
  343     1.033920    9.58621E-05    1.02008E-04
  344     1.033920    9.39508E-05    1.00615E-04
  345     1.033920    9.32483E-05    9.96530E-05
  346     1.033920    9.21187E-05    9.82590E-05
  347     1.033921    9.07754E-05    9.74046E-05
  348     1.033921    8.97163E-05    9.53620E-05
  349     1.033921    8.87281E-05    9.46150E-05
  350     1.033921    8.78820E-05    9.36517E-05
  351     1.033921    8.66086E-05    9.25800E-05
  352     1.033921    8.53349E-05    9.11840E-05
  353     1.033922    8.44879E-05    9.02197E-05
  354     1.033922    8.33561E-05    8.89310E-05
  355     1.033922    8.25087E-05    8.79663E-05
  356     1.033922    8.13050E-05    8.67851E-05
  357     1.033922    8.05995E-05    8.61440E-05
  358     1.033923    7.93954E-05    8.52866E-05
  359     1.033923    7.84759E-05    8.38883E-05
  360     1.033923    7.72712E-05    8.27061E-05
  361     1.033923    7.72060E-05    8.16316E-05
  362     1.033923    7.56447E-05    8.03405E-05
  363     1.033923    7.47956E-05    8.00226E-05
  364     1.033924    7.37325E-05    7.84066E-05
  365     1.033924    7.31679E-05    7.80883E-05
  366     1.033924    7.18907E-05    7.69045E-05
  367     1.033924    7.12545E-05    7.63695E-05
  368     1.033924    7.01906E-05    7.48606E-05
  369     1.033924    6.97679E-05    7.42171E-05
  370     1.033924    6.87749E-05    7.34651E-05
  371     1.033924    6.77818E-05    7.26048E-05
  372     1.033925    6.68597E-05    7.18526E-05
  373     1.033925    6.65077E-05    7.03425E-05
  374     1.033925    6.56565E-05    7.00227E-05
  375     1.033925    6.43775E-05    6.91617E-05
  376     1.033925    6.42390E-05    6.80840E-05
  377     1.033925    6.28170E-05    6.71143E-05
  378     1.033925    6.22505E-05    6.65775E-05
  379     1.033926    6.13986E-05    6.56075E-05
  380     1.033926    6.05465E-05    6.48538E-05
  381     1.033926    6.01936E-05    6.45332E-05
  382     1.033926    5.97692E-05    6.35627E-05
  383     1.033926    5.85601E-05    6.25920E-05
  384     1.033926    5.75648E-05    6.19461E-05
  385     1.033926    5.74968E-05    6.06502E-05
  386     1.033926    5.63586E-05    6.06539E-05
  387     1.033926    5.62190E-05    5.96826E-05
  388     1.033927    5.52946E-05    5.88195E-05
  389     1.033927    5.42987E-05    5.84980E-05
  390     1.033927    5.35880E-05    5.73097E-05
  391     1.033927    5.35196E-05    5.70962E-05
  392     1.033927    5.28087E-05    5.61243E-05
  393     1.033927    5.17410E-05    5.52605E-05
  394     1.033927    5.17436E-05    5.48301E-05
  395     1.033927    5.07470E-05    5.39661E-05
  396     1.033927    5.04640E-05    5.35355E-05
  397     1.033927    4.95386E-05    5.26713E-05
  398     1.033928    4.91127E-05    5.22405E-05
  399     1.033928    4.84725E-05    5.17013E-05
  400     1.033928    4.79037E-05    5.09452E-05
  401     1.033928    4.69779E-05    5.02973E-05
  402     1.033928    4.69086E-05    4.99746E-05
  403     1.033928    4.61968E-05    4.93266E-05
  404     1.033928    4.53420E-05    4.86785E-05
  405     1.033928    4.53441E-05    4.79219E-05
  406     1.033928    4.43463E-05    4.74904E-05
  407     1.033928    4.40626E-05    4.68421E-05
  408     1.033928    4.31361E-05    4.63021E-05
  409     1.033928    4.30665E-05    4.55451E-05
  410     1.033929    4.25683E-05    4.50049E-05
  411     1.033929    4.16416E-05    4.45731E-05
  412     1.033929    4.13576E-05    4.38159E-05
  413     1.033929    4.10021E-05    4.36008E-05
  414     1.033929    4.05037E-05    4.32773E-05
  415     1.033929    3.97195E-05    4.27368E-05
  416     1.033929    3.95782E-05    4.17623E-05
  417     1.033929    3.90082E-05    4.20895E-05
  418     1.033929    3.88668E-05    4.03555E-05
  419     1.033929    3.77251E-05    4.05741E-05
  420     1.033929    3.77979E-05    4.01418E-05
  421     1.033929    3.71563E-05    3.97094E-05
  422     1.033929    3.64430E-05    3.90599E-05
  423     1.033929    3.63729E-05    3.84104E-05
  424     1.033930    3.58025E-05    3.83033E-05
  425     1.033930    3.53035E-05    3.81963E-05
  426     1.033930    3.48759E-05    3.73296E-05
  427     1.033930    3.48771E-05    3.65713E-05
  428     1.033930    3.46639E-05    3.61385E-05
  429     1.033930    3.40218E-05    3.67910E-05
  430     1.033930    3.32367E-05    3.53814E-05
  431     1.033930    3.33093E-05    3.53826E-05
  432     1.033930    3.25955E-05    3.46241E-05
  433     1.033930    3.23821E-05    3.45167E-05
  434     1.033930    3.14538E-05    3.38666E-05
  435     1.033930    3.17408E-05    3.35421E-05
  436     1.033930    3.08838E-05    3.30004E-05
  437     1.033930    3.06703E-05    3.28929E-05
  438     1.033930    3.01708E-05    3.22426E-05
  439     1.033930    2.99572E-05    3.21351E-05
  440     1.033930    2.93861E-05    3.18104E-05
  441     1.033930    2.93869E-05    3.11599E-05
  442     1.033930    2.88158E-05    3.02923E-05
  443     1.033931    2.86021E-05    3.05103E-05
  444     1.033931    2.79593E-05    3.01855E-05
  445     1.033931    2.80316E-05    2.95349E-05
  446     1.033931    2.74603E-05    2.93186E-05
  447     1.033931    2.73180E-05    2.92109E-05
  448     1.033931    2.67466E-05    2.91031E-05
  449     1.033931    2.65328E-05    2.80179E-05
  450     1.033931    2.65335E-05    2.84531E-05
  451     1.033931    2.60335E-05    2.78023E-05
  452     1.033931    2.56050E-05    2.70428E-05
  453     1.033931    2.53911E-05    2.71521E-05
  454     1.033931    2.48910E-05    2.69356E-05
  455     1.033931    2.51062E-05    2.62847E-05
  456     1.033931    2.48923E-05    2.67198E-05
  457     1.033931    2.41775E-05    2.58515E-05
  458     1.033931    2.36774E-05    2.56349E-05
  459     1.033931    2.38926E-05    2.54183E-05
  460     1.033931    2.28201E-05    2.44413E-05
  461     1.033931    2.31067E-05    2.46592E-05
  462     1.033931    2.28211E-05    2.41166E-05
  463     1.033931    2.23924E-05    2.40085E-05
  464     1.033931    2.23213E-05    2.35745E-05
  465     1.033931    2.19641E-05    2.33578E-05
  466     1.033931    2.15353E-05    2.28151E-05
  467     1.033931    2.18219E-05    2.28157E-05
  468     1.033931    2.15362E-05    2.27075E-05
  469     1.033931    2.09642E-05    2.22734E-05
  470     1.033932    2.08931E-05    2.21652E-05
  471     1.033932    2.03927E-05    2.19484E-05
  472     1.033932    2.00353E-05    2.14056E-05
  473     1.033932    2.01073E-05    2.14061E-05
  474     1.033932    1.99646E-05    2.10805E-05
  475     1.033932    1.96787E-05    2.07550E-05
  476     1.033932    1.96075E-05    2.05380E-05
  477     1.033932    1.90354E-05    2.06471E-05
  478     1.033932    1.88926E-05    1.97782E-05
  479     1.033932    1.87499E-05    1.96699E-05
  480     1.033932    1.83208E-05    1.97789E-05
  481     1.033932    1.82496E-05    1.94533E-05
  482     1.033932    1.81783E-05    1.90189E-05
  483     1.033932    1.73198E-05    1.92367E-05
  484     1.033932    1.79643E-05    1.86936E-05
  485     1.033932    1.70341E-05    1.81505E-05
  486     1.033932    1.73923E-05    1.83682E-05
  487     1.033932    1.67484E-05    1.79338E-05
  488     1.033932    1.71781E-05    1.81515E-05
  489     1.033932    1.68921E-05    1.74221E-05
  490     1.033932    1.61050E-05    1.72826E-05
  491     1.033932    1.63916E-05    1.71741E-05
  492     1.033932    1.63203E-05    1.71744E-05
  493     1.033932    1.55331E-05    1.67399E-05
  494     1.033932    1.58197E-05    1.68489E-05
  495     1.033932    1.56768E-05    1.66318E-05
  496     1.033932    1.54623E-05    1.61972E-05
  497     1.033932    1.51046E-05    1.60888E-05
  498     1.033932    1.47469E-05    1.57629E-05
  499     1.033932    1.46039E-05    1.58719E-05
  500     1.033932    1.46041E-05    1.51111E-05
  501     1.033932    1.47475E-05    1.48939E-05
  502     1.033932    1.39602E-05    1.50028E-05
  503     1.033932    1.38172E-05    1.54379E-05
  504     1.033932    1.36026E-05    1.47858E-05
  505     1.033932    1.41040E-05    1.45686E-05
  506     1.033932    1.37462E-05    1.43514E-05
  507     1.033932    1.33884E-05    1.46778E-05
  508     1.033932    1.33170E-05    1.42430E-05
  509     1.033932    1.31740E-05    1.40258E-05
  510     1.033932    1.31741E-05    1.34823E-05
  511     1.033932    1.28163E-05    1.34825E-05
  512     1.033932    1.26017E-05    1.39176E-05
  513     1.033933    1.26018E-05    1.31858E-05
  514     1.033933    1.23156E-05    1.31568E-05
  515     1.033933    1.20293E-05    1.30483E-05
  516     1.033933    1.23875E-05    1.29397E-05
  517     1.033933    1.16716E-05    1.29399E-05
  518     1.033933    1.18865E-05    1.21789E-05
  519     1.033933    1.13854E-05    1.25052E-05
  520     1.033933    1.18868E-05    1.22879E-05
  521     1.033933    1.11708E-05    1.23968E-05
  522     1.033933    1.14574E-05    1.16357E-05
  523     1.033933    1.13859E-05    1.19621E-05
  524     1.033933    1.10996E-05    1.16360E-05
  525     1.033933    1.10997E-05    1.15274E-05
  526     1.033933    1.07418E-05    1.17450E-05
  527     1.033933    1.06703E-05    1.12014E-05
  528     1.033933    1.05988E-05    1.13103E-05
  529     1.033933    1.03124E-05    1.13104E-05
  530     1.033933    1.02409E-05    1.08755E-05
  531     1.033933    1.00978E-05    1.10931E-05
  532     1.033933    1.01695E-05    1.09845E-05
  533     1.033933    1.00980E-05    1.05496E-05
  534     1.033933    9.81162E-06    1.05497E-05
  535     1.033933    9.88333E-06    1.02072E-05
  536     1.033933    9.45370E-06    1.02236E-05
  537     1.033933    9.38218E-06    1.02237E-05
  538     1.033933    9.23902E-06    9.78874E-06

 MULTIPLICATION EFFECTIVE (K-EFF) =  1.033933


     Radial Power Distribution
   ==============================
           1       2       3       4       5       6       7       8       9
     1   0.000   0.000   0.000   0.000   0.000   0.000   0.000   0.000   0.000
     2   0.744   0.723   0.680   0.000   0.000   0.000   0.000   0.000   0.000
     3   0.926   0.941   0.964   0.835   0.589   0.000   0.000   0.000   0.000
     4   0.936   1.034   1.067   0.901   0.682   0.575   0.000   0.000   0.000
     5   0.611   1.075   1.183   0.971   0.467   0.682   0.589   0.000   0.000
     6   1.220   1.323   1.354   1.199   0.971   0.902   0.835   0.000   0.000
     7   1.463   1.491   1.480   1.354   1.184   1.068   0.965   0.681   0.000
     8   1.321   1.446   1.491   1.324   1.076   1.035   0.942   0.724   0.000
     9   0.753   1.321   1.463   1.220   0.611   0.937   0.927   0.745   0.000

   MAX POS.       Maximum Value
  (  8,  3)          1.491


     Axial Power Distribution
   ============================

     Plane Number        Power
    ----------------------------
         2  (TOP)        1.000
         1  (BOTTOM)     1.000

   MAX POS.       Maximum Value
    (  1)             1.000


     Radial Flux Distribution
   ==============================
    Group =   1
              1          2          3          4          5          6          7          8          9
     1    1.348E-01  1.285E-01  9.671E-02  3.037E-02  0.000E+00  0.000E+00  0.000E+00  0.000E+00  0.000E+00
     2    8.282E-01  8.093E-01  6.754E-01  2.378E-01  9.789E-02  2.514E-02  0.000E+00  0.000E+00  0.000E+00
     3    1.207E+00  1.225E+00  1.191E+00  9.229E-01  5.872E-01  1.596E-01  2.878E-02  0.000E+00  0.000E+00
     4    1.237E+00  1.349E+00  1.388E+00  1.174E+00  8.566E-01  5.692E-01  1.597E-01  2.516E-02  0.000E+00
     5    1.104E+00  1.420E+00  1.542E+00  1.280E+00  8.417E-01  8.570E-01  5.876E-01  9.797E-02  0.000E+00
     6    1.609E+00  1.726E+00  1.764E+00  1.564E+00  1.281E+00  1.175E+00  9.237E-01  2.381E-01  3.041E-02
     7    1.906E+00  1.943E+00  1.929E+00  1.765E+00  1.542E+00  1.389E+00  1.192E+00  6.762E-01  9.683E-02
     8    1.745E+00  1.887E+00  1.944E+00  1.727E+00  1.421E+00  1.350E+00  1.226E+00  8.104E-01  1.287E-01
     9    1.360E+00  1.745E+00  1.907E+00  1.609E+00  1.105E+00  1.238E+00  1.209E+00  8.294E-01  1.350E-01
    Group =   2
              1          2          3          4          5          6          7          8          9
     1    1.097E+00  1.040E+00  8.038E-01  3.885E-01  0.000E+00  0.000E+00  0.000E+00  0.000E+00  0.000E+00
     2    7.711E-01  7.497E-01  7.051E-01  1.726E+00  8.349E-01  3.083E-01  0.000E+00  0.000E+00  0.000E+00
     3    9.605E-01  9.758E-01  1.000E+00  8.655E-01  6.107E-01  1.157E+00  3.575E-01  0.000E+00  0.000E+00
     4    9.703E-01  1.072E+00  1.107E+00  9.345E-01  7.070E-01  5.961E-01  1.157E+00  3.084E-01  0.000E+00
     5    6.334E-01  1.115E+00  1.227E+00  1.007E+00  4.841E-01  7.072E-01  6.111E-01  8.356E-01  0.000E+00
     6    1.265E+00  1.372E+00  1.404E+00  1.243E+00  1.007E+00  9.352E-01  8.663E-01  1.728E+00  3.890E-01
     7    1.517E+00  1.546E+00  1.534E+00  1.404E+00  1.228E+00  1.108E+00  1.001E+00  7.059E-01  8.049E-01
     8    1.369E+00  1.500E+00  1.547E+00  1.373E+00  1.115E+00  1.073E+00  9.770E-01  7.507E-01  1.042E+00
     9    7.812E-01  1.370E+00  1.517E+00  1.265E+00  6.338E-01  9.713E-01  9.617E-01  7.722E-01  1.098E+00


 Total time :   0.202801004      seconds
