                       ###########################################################
                       #                  ADPRES v.0.1.ALPHA                     #
                       #        ABU DHABI POLYTECHNIC REACTOR SIMULATOR          #
                       ###########################################################  


  ========================================INPUT DATA STARTS HERE=====================================
     1: ! IAEA3D input data                                                                                 
     2: ! NODE SIZE = 10 cm                                                                                 
     3: ! PARCS K-EFF  : 1.029096                                                                           
     4: ! ADPRES K-EFF : 1.029083 (ERROR = 1.3 PCM)                                                         
     5: ! MAXIMUM ASSEMBLY ERROR = 0.36 %                                                                   
     6:                                                                                                     
     7: %MODE                                                                                               
     8: FORWARD                                                                                             
     9: %CASE                                                                                               
    10: IAEA3D                                                                                              
    11: 10 CM NODE SIZE                                                                                     
    12: %   XSEC                                                                                            
    13: 2  5    ! Number of groups and number of materials                                                  
    14: ! sigtr   siga   nu*sigf sigf   chi   sigs_g1  sigs_g2                                              
    15: 0.222222  0.010  0.000  0.000    1.0   0.1922   0.020                                               
    16: 0.833333  0.080  0.135  0.135    0.0   0.000    0.7533   ! MAT1 : Outer Fuel                        
    17: 0.222222  0.010  0.000  0.000    1.0   0.1922   0.020                                               
    18: 0.833333  0.085  0.135  0.135    0.0   0.000    0.7483   ! MAT2 : Inner Fuel                        
    19: 0.222222  0.0100 0.000  0.000    1.0   0.1922   0.020                                               
    20: 0.833333  0.1300 0.135  0.135    0.0   0.000    0.7033   ! MAT3 : Inner Fuel + Control Rod          
    21: 0.166667  0.000  0.000  0.000    0.0   0.1267   0.040                                               
    22: 1.111111  0.010  0.000  0.000    0.0   0.000    1.1011   ! MAT4 : Reflector                         
    23: 0.166667  0.000  0.000  0.000    0.0   0.000    0.040                                               
    24: 1.111111  0.055  0.000  0.000    0.0   0.000    0.000    ! MAT5 : Reflector + Control Rod	          
    25: %GEOM                                                                                               
    26: 9 9 19     !nx, ny, nz                                                                              
    27: 10 8*20    !x-direction assembly size in cm                                                         
    28: 1  8*2     !x-direction assembly divided into 2 (10 cm each)                                        
    29: 10 8*20    !y-direction assembly size in cm                                                         
    30: 1  8*2     !y-direction assembly divided into 2 (10 cm each)                                        
    31: 19*20      !z-direction assembly  in cm                                                             
    32: 19*1       !z-direction nodal is not divided                                                        
    33: 4          !np number of planar type                                                                
    34: 1  13*2  4*3  4     !planar assignment (from bottom to top)                                         
    35: ! Planar_type_1 (Bottom Reflector)                                                                  
    36:   4  4  4  4  4  4  4  4  4                                                                         
    37:   4  4  4  4  4  4  4  4  4                                                                         
    38:   4  4  4  4  4  4  4  4  4                                                                         
    39:   4  4  4  4  4  4  4  4  4                                                                         
    40:   4  4  4  4  4  4  4  4  0                                                                         
    41:   4  4  4  4  4  4  4  4  0                                                                         
    42:   4  4  4  4  4  4  4  0  0                                                                         
    43:   4  4  4  4  4  4  0  0  0                                                                         
    44:   4  4  4  4  0  0  0  0  0                                                                         
    45: ! Planar_type_2 (Fuel)                                                                              
    46:   3  2  2  2  3  2  2  1  4                                                                         
    47:   2  2  2  2  2  2  2  1  4                                                                         
    48:   2  2  2  2  2  2  1  1  4                                                                         
    49:   2  2  2  2  2  2  1  4  4                                                                         
    50:   3  2  2  2  3  1  1  4  0                                                                         
    51:   2  2  2  2  1  1  4  4  0                                                                         
    52:   2  2  1  1  1  4  4  0  0                                                                         
    53:   1  1  1  4  4  4  0  0  0                                                                         
    54:   4  4  4  4  0  0  0  0  0                                                                         
    55: ! Planar_type_3 (Fuel+Partial Control Rods)                                                         
    56:   3  2  2  2  3  2  2  1  4                                                                         
    57:   2  2  2  2  2  2  2  1  4                                                                         
    58:   2  2  3  2  2  2  1  1  4                                                                         
    59:   2  2  2  2  2  2  1  4  4                                                                         
    60:   3  2  2  2  3  1  1  4  0                                                                         
    61:   2  2  2  2  1  1  4  4  0                                                                         
    62:   2  2  1  1  1  4  4  0  0                                                                         
    63:   1  1  1  4  4  4  0  0  0                                                                         
    64:   4  4  4  4  0  0  0  0  0                                                                         
    65: ! Planar_type_4 (Top reflectors)                                                                    
    66:   5  4  4  4  5  4  4  4  4                                                                         
    67:   4  4  4  4  4  4  4  4  4                                                                         
    68:   4  4  5  4  4  4  4  4  4                                                                         
    69:   4  4  4  4  4  4  4  4  4                                                                         
    70:   5  4  4  4  5  4  4  4  0                                                                         
    71:   4  4  4  4  4  4  4  4  0                                                                         
    72:   4  4  4  4  4  4  4  0  0                                                                         
    73:   4  4  4  4  4  4  0  0  0                                                                         
    74:   4  4  4  4  0  0  0  0  0                                                                         
    75: ! Boundary conditions x=1 (west), x=max (east), y=1 (north), y=max (south), z=1 (bottom), z=max (top
    76: 1 0 1 0 0 0                                                                                         
  ========================================INPUT DATA   ENDS HERE=====================================



                                             START READING INPUT
  ***************************************************************************************************
  CALCULATION MODE :            FORWARD CALCULATION

  CASE ID :   IAEA3D                                                                                            
   10 CM NODE SIZE                                                                                   


            >>>> READING MACROSCOPIC CROSS SECTIONS <<<<
            --------------------------------------------

     MATERIAL  1
    GROUP   TRANSPORT    DIFFUSION  ABSORPTION    REMOVAL      NU*FISS      FISSION    FISS. SPCTR
       1     0.222222    1.500002    0.010000    0.030000     0.000000     0.000000     1.000000
       2     0.833333    0.400000    0.080000    0.080000     0.135000     0.135000     0.000000
   --SCATTERING MATRIX--
     G/G'          1          2
      1        0.192200    0.020000
      2        0.000000    0.753300

     MATERIAL  2
    GROUP   TRANSPORT    DIFFUSION  ABSORPTION    REMOVAL      NU*FISS      FISSION    FISS. SPCTR
       1     0.222222    1.500002    0.010000    0.030000     0.000000     0.000000     1.000000
       2     0.833333    0.400000    0.085000    0.085000     0.135000     0.135000     0.000000
   --SCATTERING MATRIX--
     G/G'          1          2
      1        0.192200    0.020000
      2        0.000000    0.748300

     MATERIAL  3
    GROUP   TRANSPORT    DIFFUSION  ABSORPTION    REMOVAL      NU*FISS      FISSION    FISS. SPCTR
       1     0.222222    1.500002    0.010000    0.030000     0.000000     0.000000     1.000000
       2     0.833333    0.400000    0.130000    0.130000     0.135000     0.135000     0.000000
   --SCATTERING MATRIX--
     G/G'          1          2
      1        0.192200    0.020000
      2        0.000000    0.703300

     MATERIAL  4
    GROUP   TRANSPORT    DIFFUSION  ABSORPTION    REMOVAL      NU*FISS      FISSION    FISS. SPCTR
       1     0.166667    1.999996    0.000000    0.040000     0.000000     0.000000     0.000000
       2     1.111111    0.300000    0.010000    0.010000     0.000000     0.000000     0.000000
   --SCATTERING MATRIX--
     G/G'          1          2
      1        0.126700    0.040000
      2        0.000000    1.101100

     MATERIAL  5
    GROUP   TRANSPORT    DIFFUSION  ABSORPTION    REMOVAL      NU*FISS      FISSION    FISS. SPCTR
       1     0.166667    1.999996    0.000000    0.040000     0.000000     0.000000     0.000000
       2     1.111111    0.300000    0.055000    0.055000     0.000000     0.000000     0.000000
   --SCATTERING MATRIX--
     G/G'          1          2
      1        0.000000    0.040000
      2        0.000000    0.000000

  ...Macroscopic CXs are sucessfully read...


            >>>>>READING CORE GEOMETRY<<<<<
            -------------------------------
  Number of assembly in x, y and z directions respectively :
           9           9          19
  Number of nodes in x, y and z directions respectively :
          17          17          19

  x-directed nodes divison (delta-x)
    10.00  10.00  10.00  10.00  10.00  10.00  10.00  10.00  10.00  10.00
    10.00  10.00  10.00  10.00  10.00  10.00  10.00
  y-directed nodes divison (delta-y)
    10.00  10.00  10.00  10.00  10.00  10.00  10.00  10.00  10.00  10.00
    10.00  10.00  10.00  10.00  10.00  10.00  10.00

  Planar Region :  1
       1  2  3  4  5  6  7  8  9 10 11 12 13 14 15 16 17
     1 4  4  4  4  4  4  4  4  4  4  4  4  4  4  4  4  4 
     2 4  4  4  4  4  4  4  4  4  4  4  4  4  4  4  4  4 
     3 4  4  4  4  4  4  4  4  4  4  4  4  4  4  4  4  4 
     4 4  4  4  4  4  4  4  4  4  4  4  4  4  4  4  4  4 
     5 4  4  4  4  4  4  4  4  4  4  4  4  4  4  4  4  4 
     6 4  4  4  4  4  4  4  4  4  4  4  4  4  4  4  4  4 
     7 4  4  4  4  4  4  4  4  4  4  4  4  4  4  4  4  4 
     8 4  4  4  4  4  4  4  4  4  4  4  4  4  4  4       
     9 4  4  4  4  4  4  4  4  4  4  4  4  4  4  4       
    10 4  4  4  4  4  4  4  4  4  4  4  4  4  4  4       
    11 4  4  4  4  4  4  4  4  4  4  4  4  4  4  4       
    12 4  4  4  4  4  4  4  4  4  4  4  4  4             
    13 4  4  4  4  4  4  4  4  4  4  4  4  4             
    14 4  4  4  4  4  4  4  4  4  4  4                   
    15 4  4  4  4  4  4  4  4  4  4  4                   
    16 4  4  4  4  4  4  4                               
    17 4  4  4  4  4  4  4                               
  Planar Region :  2
       1  2  3  4  5  6  7  8  9 10 11 12 13 14 15 16 17
     1 3  2  2  2  2  2  2  3  3  2  2  2  2  1  1  4  4 
     2 2  2  2  2  2  2  2  2  2  2  2  2  2  1  1  4  4 
     3 2  2  2  2  2  2  2  2  2  2  2  2  2  1  1  4  4 
     4 2  2  2  2  2  2  2  2  2  2  2  1  1  1  1  4  4 
     5 2  2  2  2  2  2  2  2  2  2  2  1  1  1  1  4  4 
     6 2  2  2  2  2  2  2  2  2  2  2  1  1  4  4  4  4 
     7 2  2  2  2  2  2  2  2  2  2  2  1  1  4  4  4  4 
     8 3  2  2  2  2  2  2  3  3  1  1  1  1  4  4       
     9 3  2  2  2  2  2  2  3  3  1  1  1  1  4  4       
    10 2  2  2  2  2  2  2  1  1  1  1  4  4  4  4       
    11 2  2  2  2  2  2  2  1  1  1  1  4  4  4  4       
    12 2  2  2  1  1  1  1  1  1  4  4  4  4             
    13 2  2  2  1  1  1  1  1  1  4  4  4  4             
    14 1  1  1  1  1  4  4  4  4  4  4                   
    15 1  1  1  1  1  4  4  4  4  4  4                   
    16 4  4  4  4  4  4  4                               
    17 4  4  4  4  4  4  4                               
  Planar Region :  3
       1  2  3  4  5  6  7  8  9 10 11 12 13 14 15 16 17
     1 3  2  2  2  2  2  2  3  3  2  2  2  2  1  1  4  4 
     2 2  2  2  2  2  2  2  2  2  2  2  2  2  1  1  4  4 
     3 2  2  2  2  2  2  2  2  2  2  2  2  2  1  1  4  4 
     4 2  2  2  2  2  2  2  2  2  2  2  1  1  1  1  4  4 
     5 2  2  2  2  2  2  2  2  2  2  2  1  1  1  1  4  4 
     6 2  2  2  2  2  2  2  2  2  2  2  1  1  4  4  4  4 
     7 2  2  2  2  2  2  2  2  2  2  2  1  1  4  4  4  4 
     8 3  2  2  2  2  2  2  3  3  1  1  1  1  4  4       
     9 3  2  2  2  2  2  2  3  3  1  1  1  1  4  4       
    10 2  2  2  2  2  2  2  1  1  1  1  4  4  4  4       
    11 2  2  2  2  2  2  2  1  1  1  1  4  4  4  4       
    12 2  2  2  1  1  1  1  1  1  4  4  4  4             
    13 2  2  2  1  1  1  1  1  1  4  4  4  4             
    14 1  1  1  1  1  4  4  4  4  4  4                   
    15 1  1  1  1  1  4  4  4  4  4  4                   
    16 4  4  4  4  4  4  4                               
    17 4  4  4  4  4  4  4                               
  Planar Region :  4
       1  2  3  4  5  6  7  8  9 10 11 12 13 14 15 16 17
     1 3  2  2  2  2  2  2  3  3  2  2  2  2  1  1  4  4 
     2 2  2  2  2  2  2  2  2  2  2  2  2  2  1  1  4  4 
     3 2  2  2  2  2  2  2  2  2  2  2  2  2  1  1  4  4 
     4 2  2  2  2  2  2  2  2  2  2  2  1  1  1  1  4  4 
     5 2  2  2  2  2  2  2  2  2  2  2  1  1  1  1  4  4 
     6 2  2  2  2  2  2  2  2  2  2  2  1  1  4  4  4  4 
     7 2  2  2  2  2  2  2  2  2  2  2  1  1  4  4  4  4 
     8 3  2  2  2  2  2  2  3  3  1  1  1  1  4  4       
     9 3  2  2  2  2  2  2  3  3  1  1  1  1  4  4       
    10 2  2  2  2  2  2  2  1  1  1  1  4  4  4  4       
    11 2  2  2  2  2  2  2  1  1  1  1  4  4  4  4       
    12 2  2  2  1  1  1  1  1  1  4  4  4  4             
    13 2  2  2  1  1  1  1  1  1  4  4  4  4             
    14 1  1  1  1  1  4  4  4  4  4  4                   
    15 1  1  1  1  1  4  4  4  4  4  4                   
    16 4  4  4  4  4  4  4                               
    17 4  4  4  4  4  4  4                               

  Planar Region Assignment to planes.
 --------------------------------------
   Plane Number     Planar Region    delta-z
        1 (BOTTOM)         1          20.00
        2                  2          20.00
        3                  2          20.00
        4                  2          20.00
        5                  2          20.00
        6                  2          20.00
        7                  2          20.00
        8                  2          20.00
        9                  2          20.00
       10                  2          20.00
       11                  2          20.00
       12                  2          20.00
       13                  2          20.00
       14                  2          20.00
       15                  3          20.00
       16                  3          20.00
       17                  3          20.00
       18                  3          20.00
       19 (TOP)            4          20.00

   Boundary conditions
  X-directed West   (X-): REFLECTIVE
  X-directed East   (X+): VACUUM
  Y-directed North  (Y-): REFLECTIVE
  Y-directed South  (Y+): VACUUM
  Z-directed Bottom (Z-): VACUUM
  Z-directed Top    (Z+): VACUUM

  ...Core geometry is sucessfully read...


  **********************************  STOP READING INPUT  *******************************************


  ================================================================================================
                                        CALCULATION RESULTS
  ================================================================================================

   Itr     k-eff     Fis.Src Error   Inner Error
  ----------------------------------------------------
    1     1.771943    6.02105E-01    8.37207E-01
    2     1.303817    7.28169E-01    7.28169E-01
    3     1.126156    2.93489E-01    4.69529E-01
    4     1.058703    1.66603E-01    3.95632E-01
    5     1.032211    1.06780E-01    3.55904E-01
    6     1.021369    9.12218E-02    3.22797E-01
    7     1.016841    8.19098E-02    2.93563E-01
    8     1.015023    7.55238E-02    2.67250E-01
    9     1.014438    7.06233E-02    2.43262E-01
   10     1.014441    6.65018E-02    2.21241E-01
   11     1.014728    6.28227E-02    2.00974E-01
   12     1.015151    5.94314E-02    1.82332E-01
   13     1.015633    5.62574E-02    1.65226E-01
   14     1.016132    5.32701E-02    1.49579E-01
   15     1.016627    5.04559E-02    1.35330E-01
   16     1.017107    4.78084E-02    1.22406E-01
   17     1.017565    4.53225E-02    1.10734E-01
   18     1.017999    4.30527E-02    1.00234E-01
   19     1.018408    4.11621E-02    9.08266E-02
   20     1.018793    3.93692E-02    8.24190E-02
   21     1.019156    3.76715E-02    7.49298E-02
   22     1.019496    3.60671E-02    6.82717E-02
   23     1.019817    3.45518E-02    6.23688E-02
   24     1.020118    3.31229E-02    5.74970E-02
   25     1.020402    3.17758E-02    5.31656E-02
   26     1.020669    3.05062E-02    4.93106E-02
   27     1.020922    2.93105E-02    4.58745E-02
   28     1.021161    2.81838E-02    4.28047E-02
   29     1.021387    2.71221E-02    4.01162E-02
   30     1.021601    2.61209E-02    3.78836E-02
   31     1.021805    2.51775E-02    3.58564E-02
   32     1.021998    2.42871E-02    3.40075E-02
   33     1.022182    2.34459E-02    3.23186E-02
   34     1.022358    2.26517E-02    3.07705E-02
   35     1.022526    2.19003E-02    2.93494E-02
   36     1.022686    2.11893E-02    2.80404E-02
   37     1.022839    2.05158E-02    2.68332E-02
   38     1.022986    1.98768E-02    2.57149E-02
   39     1.023127    1.92705E-02    2.46788E-02
   40     1.023262    1.86952E-02    2.37163E-02
   41     1.023392    1.81480E-02    2.28204E-02
   42     1.023517    1.76274E-02    2.19837E-02
   43     1.023637    1.71307E-02    2.12012E-02
   44     1.023753    1.66579E-02    2.04690E-02
   45     1.023865    1.62066E-02    1.97812E-02
   46     1.023973    1.57756E-02    1.91347E-02
   47     1.024078    1.53632E-02    1.85267E-02
   48     1.024179    1.49695E-02    1.79515E-02
   49     1.024276    1.45915E-02    1.74090E-02
   50     1.024371    1.42300E-02    1.68966E-02
   51     1.024462    1.38836E-02    1.64088E-02
   52     1.024551    1.35502E-02    1.59474E-02
   53     1.024637    1.32310E-02    1.55090E-02
   54     1.024721    1.29236E-02    1.50910E-02
   55     1.024802    1.26284E-02    1.46924E-02
   56     1.024881    1.23437E-02    1.43145E-02
   57     1.024958    1.20702E-02    1.39511E-02
   58     1.025032    1.18068E-02    1.36047E-02
   59     1.025105    1.15521E-02    1.32740E-02
   60     1.025175    1.13069E-02    1.29571E-02
   61     1.025244    1.10707E-02    1.26530E-02
   62     1.025311    1.08418E-02    1.23624E-02
   63     1.025376    1.06211E-02    1.20832E-02
   64     1.025440    1.04073E-02    1.18132E-02
   65     1.025502    1.02010E-02    1.15548E-02
   66     1.025563    1.00014E-02    1.13063E-02
   67     1.025622    9.80764E-03    1.10659E-02
   68     1.025680    9.62096E-03    1.08348E-02
   69     1.025736    9.43897E-03    1.06124E-02
   70     1.025792    9.26341E-03    1.03968E-02
   71     1.025846    9.09270E-03    1.01887E-02
   72     1.025898    8.92720E-03    9.98746E-03
   73     1.025950    8.76682E-03    9.79353E-03
   74     1.026000    8.61061E-03    9.60538E-03
   75     1.026049    8.45951E-03    9.42393E-03
   76     1.026098    8.31262E-03    9.24736E-03
   77     1.026145    8.16932E-03    9.07634E-03
   78     1.026191    8.03019E-03    8.91126E-03
   79     1.026237    7.89491E-03    8.75056E-03
   80     1.026281    7.76360E-03    8.59487E-03
   81     1.026325    7.63545E-03    8.44345E-03
   82     1.026367    7.51089E-03    8.29682E-03
   83     1.026409    7.38976E-03    8.15452E-03
   84     1.026450    7.27109E-03    8.01574E-03
   85     1.026490    7.15573E-03    7.88084E-03
   86     1.026530    7.04362E-03    7.74982E-03
   87     1.026568    6.93385E-03    7.62270E-03
   88     1.026606    6.82715E-03    7.49836E-03
   89     1.026643    6.72265E-03    7.37755E-03
   90     1.026680    6.62076E-03    7.26001E-03
   91     1.026716    6.52125E-03    7.14523E-03
   92     1.026751    6.42456E-03    7.03327E-03
   93     1.026785    6.32961E-03    6.92429E-03
   94     1.026819    6.23695E-03    6.81797E-03
   95     1.026853    6.14656E-03    6.71502E-03
   96     1.026885    6.05783E-03    6.61341E-03
   97     1.026918    5.97150E-03    6.51452E-03
   98     1.026949    5.88682E-03    6.41810E-03
   99     1.026980    5.80369E-03    6.32429E-03
  100     1.027011    5.72230E-03    6.23178E-03
  101     1.027041    5.64384E-03    6.14207E-03
  102     1.027070    5.56566E-03    6.05379E-03
  103     1.027099    5.48932E-03    5.96792E-03
  104     1.027128    5.41502E-03    5.88328E-03
  105     1.027156    5.34216E-03    5.80111E-03
  106     1.027183    5.27047E-03    5.72021E-03
  107     1.027210    5.20001E-03    5.64236E-03
  108     1.027237    5.13144E-03    5.56464E-03
  109     1.027263    5.06386E-03    5.48896E-03
  110     1.027289    4.99795E-03    5.41431E-03
  111     1.027314    4.93251E-03    5.34247E-03
  112     1.027339    4.86917E-03    5.27110E-03
  113     1.027364    4.80639E-03    5.20102E-03
  114     1.027388    4.74526E-03    5.13221E-03
  115     1.027411    4.68477E-03    5.06601E-03
  116     1.027435    4.62558E-03    4.99958E-03
  117     1.027458    4.56768E-03    4.93509E-03
  118     1.027481    4.51003E-03    4.87136E-03
  119     1.027503    4.45430E-03    4.80948E-03
  120     1.027525    4.39896E-03    4.74885E-03
  121     1.027547    4.34476E-03    4.68797E-03
  122     1.027568    4.29143E-03    4.62941E-03
  123     1.027589    4.23887E-03    4.57174E-03
  124     1.027609    4.18725E-03    4.51507E-03
  125     1.027630    4.13696E-03    4.45849E-03
  126     1.027650    4.08650E-03    4.40358E-03
  127     1.027669    4.03757E-03    4.34990E-03
  128     1.027689    3.98939E-03    4.29681E-03
  129     1.027708    3.94147E-03    4.24406E-03
  130     1.027727    3.89509E-03    4.19290E-03
  131     1.027745    3.84849E-03    4.14235E-03
  132     1.027764    3.80333E-03    4.09214E-03
  133     1.027782    3.75836E-03    4.04370E-03
  134     1.027799    3.71466E-03    3.99559E-03
  135     1.027817    3.67110E-03    3.94852E-03
  136     1.027834    3.62840E-03    3.90119E-03
  137     1.027851    3.58618E-03    3.85538E-03
  138     1.027868    3.54500E-03    3.80955E-03
  139     1.027884    3.50388E-03    3.76536E-03
  140     1.027901    3.46337E-03    3.72155E-03
  141     1.027917    3.42389E-03    3.67821E-03
  142     1.027932    3.38442E-03    3.63586E-03
  143     1.027948    3.34570E-03    3.59387E-03
  144     1.027963    3.30789E-03    3.55175E-03
  145     1.027979    3.27034E-03    3.51053E-03
  146     1.027993    3.23757E-03    3.47117E-03
  147     1.028008    3.20537E-03    3.43234E-03
  148     1.028023    3.17373E-03    3.39733E-03
  149     1.028037    3.14199E-03    3.36393E-03
  150     1.028051    3.11074E-03    3.33042E-03
  151     1.028065    3.07961E-03    3.29680E-03
  152     1.028078    3.04889E-03    3.26360E-03
  153     1.028092    3.01830E-03    3.23096E-03
  154     1.028105    2.98812E-03    3.19856E-03
  155     1.028118    2.95848E-03    3.16634E-03
  156     1.028131    2.92829E-03    3.13479E-03
  157     1.028144    2.89936E-03    3.10331E-03
  158     1.028156    2.87015E-03    3.07197E-03
  159     1.028169    2.84113E-03    3.04105E-03
  160     1.028181    2.81245E-03    3.01042E-03
  161     1.028193    2.78445E-03    2.97996E-03
  162     1.028205    2.75627E-03    2.94995E-03
  163     1.028217    2.72866E-03    2.92026E-03
  164     1.028228    2.70111E-03    2.89095E-03
  165     1.028239    2.67392E-03    2.86124E-03
  166     1.028251    2.64698E-03    2.83275E-03
  167     1.028262    2.61974E-03    2.80379E-03
  168     1.028273    2.59361E-03    2.77601E-03
  169     1.028283    2.56732E-03    2.74715E-03
  170     1.028294    2.54123E-03    2.71982E-03
  171     1.028305    2.51549E-03    2.69260E-03
  172     1.028315    2.48991E-03    2.66431E-03
  173     1.028325    2.46466E-03    2.63751E-03
  174     1.028335    2.43941E-03    2.61083E-03
  175     1.028345    2.41476E-03    2.58449E-03
  176     1.028355    2.38997E-03    2.55792E-03
  177     1.028364    2.36575E-03    2.53191E-03
  178     1.028374    2.34146E-03    2.50589E-03
  179     1.028383    2.31780E-03    2.48059E-03
  180     1.028393    2.29434E-03    2.45515E-03
  181     1.028402    2.27040E-03    2.43000E-03
  182     1.028411    2.24771E-03    2.40494E-03
  183     1.028419    2.22456E-03    2.38112E-03
  184     1.028428    2.20161E-03    2.35611E-03
  185     1.028437    2.17871E-03    2.33213E-03
  186     1.028445    2.15690E-03    2.30833E-03
  187     1.028454    2.13455E-03    2.28428E-03
  188     1.028462    2.11302E-03    2.26135E-03
  189     1.028470    2.09102E-03    2.23826E-03
  190     1.028478    2.06919E-03    2.21507E-03
  191     1.028486    2.04818E-03    2.19172E-03
  192     1.028494    2.02728E-03    2.16980E-03
  193     1.028502    2.00600E-03    2.14672E-03
  194     1.028509    1.98574E-03    2.12544E-03
  195     1.028517    1.96509E-03    2.10388E-03
  196     1.028525    1.94457E-03    2.08129E-03
  197     1.028532    1.92497E-03    2.06009E-03
  198     1.028539    1.90491E-03    2.03869E-03
  199     1.028546    1.88513E-03    2.01758E-03
  200     1.028553    1.86548E-03    1.99753E-03
  201     1.028560    1.84651E-03    1.97630E-03
  202     1.028567    1.82742E-03    1.95554E-03
  203     1.028574    1.80809E-03    1.93547E-03
  204     1.028580    1.78945E-03    1.91535E-03
  205     1.028587    1.77082E-03    1.89586E-03
  206     1.028594    1.75262E-03    1.87587E-03
  207     1.028600    1.73451E-03    1.85667E-03
  208     1.028606    1.71631E-03    1.83712E-03
  209     1.028612    1.69874E-03    1.81822E-03
  210     1.028619    1.68053E-03    1.79898E-03
  211     1.028625    1.66357E-03    1.78152E-03
  212     1.028631    1.64631E-03    1.76214E-03
  213     1.028637    1.62897E-03    1.74387E-03
  214     1.028642    1.61200E-03    1.72565E-03
  215     1.028648    1.59522E-03    1.70756E-03
  216     1.028654    1.57875E-03    1.68983E-03
  217     1.028659    1.56220E-03    1.67284E-03
  218     1.028665    1.54597E-03    1.65500E-03
  219     1.028670    1.53013E-03    1.63768E-03
  220     1.028676    1.51395E-03    1.62050E-03
  221     1.028681    1.49823E-03    1.60370E-03
  222     1.028686    1.48244E-03    1.58681E-03
  223     1.028691    1.46725E-03    1.57021E-03
  224     1.028697    1.45185E-03    1.55401E-03
  225     1.028702    1.43646E-03    1.53818E-03
  226     1.028707    1.42174E-03    1.52135E-03
  227     1.028711    1.40655E-03    1.50592E-03
  228     1.028716    1.39218E-03    1.49002E-03
  229     1.028721    1.37760E-03    1.47459E-03
  230     1.028726    1.36304E-03    1.45932E-03
  231     1.028730    1.34882E-03    1.44352E-03
  232     1.028735    1.33468E-03    1.42866E-03
  233     1.028739    1.32054E-03    1.41436E-03
  234     1.028744    1.30752E-03    1.39976E-03
  235     1.028748    1.29307E-03    1.38400E-03
  236     1.028753    1.28008E-03    1.37022E-03
  237     1.028757    1.26634E-03    1.35558E-03
  238     1.028761    1.25297E-03    1.34144E-03
  239     1.028765    1.24010E-03    1.32732E-03
  240     1.028769    1.22710E-03    1.31369E-03
  241     1.028773    1.21468E-03    1.29984E-03
  242     1.028777    1.20180E-03    1.28595E-03
  243     1.028781    1.18922E-03    1.27294E-03
  244     1.028785    1.17673E-03    1.25965E-03
  245     1.028789    1.16447E-03    1.24686E-03
  246     1.028793    1.15203E-03    1.23338E-03
  247     1.028797    1.14031E-03    1.22009E-03
  248     1.028800    1.12827E-03    1.20739E-03
  249     1.028804    1.11619E-03    1.19512E-03
  250     1.028808    1.10505E-03    1.18225E-03
  251     1.028811    1.09323E-03    1.17021E-03
  252     1.028815    1.08209E-03    1.15732E-03
  253     1.028818    1.07048E-03    1.14551E-03
  254     1.028822    1.05939E-03    1.13390E-03
  255     1.028825    1.04813E-03    1.12201E-03
  256     1.028828    1.03760E-03    1.10983E-03
  257     1.028831    1.02663E-03    1.09922E-03
  258     1.028835    1.01575E-03    1.08689E-03
  259     1.028838    1.00534E-03    1.07572E-03
  260     1.028841    9.94821E-04    1.06411E-03
  261     1.028844    9.84202E-04    1.05344E-03
  262     1.028847    9.74117E-04    1.04248E-03
  263     1.028850    9.63857E-04    1.03117E-03
  264     1.028853    9.53926E-04    1.02047E-03
  265     1.028856    9.44530E-04    1.01006E-03
  266     1.028859    9.34114E-04    9.99460E-04
  267     1.028862    9.24737E-04    9.89311E-04
  268     1.028865    9.14830E-04    9.78562E-04
  269     1.028868    9.04972E-04    9.68351E-04
  270     1.028870    8.95940E-04    9.58354E-04
  271     1.028873    8.86596E-04    9.48328E-04
  272     1.028876    8.77874E-04    9.38436E-04
  273     1.028878    8.67978E-04    9.29006E-04
  274     1.028881    8.59420E-04    9.18894E-04
  275     1.028884    8.50411E-04    9.09574E-04
  276     1.028886    8.41377E-04    8.99817E-04
  277     1.028889    8.33106E-04    8.90525E-04
  278     1.028891    8.24172E-04    8.81784E-04
  279     1.028894    8.15789E-04    8.72360E-04
  280     1.028896    8.07095E-04    8.63571E-04
  281     1.028898    7.98599E-04    8.54098E-04
  282     1.028901    7.90656E-04    8.45426E-04
  283     1.028903    7.82553E-04    8.36400E-04
  284     1.028905    7.74426E-04    8.28095E-04
  285     1.028908    7.66139E-04    8.19273E-04
  286     1.028910    7.58627E-04    8.11256E-04
  287     1.028912    7.50806E-04    8.02722E-04
  288     1.028914    7.42753E-04    7.94168E-04
  289     1.028916    7.35405E-04    7.85841E-04
  290     1.028919    7.27893E-04    7.78075E-04
  291     1.028921    7.20005E-04    7.70041E-04
  292     1.028923    7.13041E-04    7.62072E-04
  293     1.028925    7.05336E-04    7.54167E-04
  294     1.028927    6.98415E-04    7.46161E-04
  295     1.028929    6.91190E-04    7.38803E-04
  296     1.028931    6.83875E-04    7.30928E-04
  297     1.028933    6.76761E-04    7.23119E-04
  298     1.028934    6.70218E-04    7.16211E-04
  299     1.028936    6.63225E-04    7.08870E-04
  300     1.028938    6.56655E-04    7.00844E-04
  301     1.028940    6.49850E-04    6.94391E-04
  302     1.028942    6.43035E-04    6.87087E-04
  303     1.028944    6.36425E-04    6.80438E-04
  304     1.028945    6.30313E-04    6.73103E-04
  305     1.028947    6.23460E-04    6.65839E-04
  306     1.028949    6.17396E-04    6.59398E-04
  307     1.028951    6.11105E-04    6.52609E-04
  308     1.028952    6.04726E-04    6.46226E-04
  309     1.028954    5.98482E-04    6.39243E-04
  310     1.028955    5.92817E-04    6.33086E-04
  311     1.028957    5.86623E-04    6.26245E-04
  312     1.028959    5.80568E-04    6.20317E-04
  313     1.028960    5.74650E-04    6.13451E-04
  314     1.028962    5.69016E-04    6.07584E-04
  315     1.028963    5.63222E-04    6.01031E-04
  316     1.028965    5.57200E-04    5.95226E-04
  317     1.028966    5.52125E-04    5.88819E-04
  318     1.028968    5.46379E-04    5.83331E-04
  319     1.028969    5.40548E-04    5.77071E-04
  320     1.028971    5.35298E-04    5.71563E-04
  321     1.028972    5.29894E-04    5.65452E-04
  322     1.028973    5.24702E-04    5.59669E-04
  323     1.028975    5.19574E-04    5.54301E-04
  324     1.028976    5.14143E-04    5.48923E-04
  325     1.028978    5.09001E-04    5.43367E-04
  326     1.028979    5.03775E-04    5.37546E-04
  327     1.028980    4.99136E-04    5.32991E-04
  328     1.028981    4.93894E-04    5.26643E-04
  329     1.028983    4.89017E-04    5.21476E-04
  330     1.028984    4.83984E-04    5.16556E-04
  331     1.028985    4.79242E-04    5.11202E-04
  332     1.028986    4.74790E-04    5.06096E-04
  333     1.028988    4.70106E-04    5.01664E-04
  334     1.028989    4.64971E-04    4.95689E-04
  335     1.028990    4.60871E-04    4.91583E-04
  336     1.028991    4.55944E-04    4.86532E-04
  337     1.028992    4.51758E-04    4.81132E-04
  338     1.028993    4.46744E-04    4.76834E-04
  339     1.028995    4.42768E-04    4.72445E-04
  340     1.028996    4.38042E-04    4.67451E-04
  341     1.028997    4.33830E-04    4.62620E-04
  342     1.028998    4.29764E-04    4.57613E-04
  343     1.028999    4.25616E-04    4.53454E-04
  344     1.029000    4.21390E-04    4.48605E-04
  345     1.029001    4.17230E-04    4.44606E-04
  346     1.029002    4.13293E-04    4.40258E-04
  347     1.029003    4.08975E-04    4.35476E-04
  348     1.029004    4.04801E-04    4.31546E-04
  349     1.029005    4.01220E-04    4.26923E-04
  350     1.029006    3.97038E-04    4.23411E-04
  351     1.029007    3.93300E-04    4.18778E-04
  352     1.029008    3.89406E-04    4.14827E-04
  353     1.029009    3.85508E-04    4.10526E-04
  354     1.029010    3.81907E-04    4.06909E-04
  355     1.029010    3.78224E-04    4.02943E-04
  356     1.029011    3.74465E-04    3.98627E-04
  357     1.029012    3.70925E-04    3.94995E-04
  358     1.029013    3.67531E-04    3.91187E-04
  359     1.029014    3.63759E-04    3.87116E-04
  360     1.029015    3.60357E-04    3.83902E-04
  361     1.029016    3.57028E-04    3.79822E-04
  362     1.029016    3.53619E-04    3.75478E-04
  363     1.029017    3.50207E-04    3.72856E-04
  364     1.029018    3.46415E-04    3.68763E-04
  365     1.029019    3.43296E-04    3.65442E-04
  366     1.029020    3.40325E-04    3.61773E-04
  367     1.029020    3.36749E-04    3.58359E-04
  368     1.029021    3.33695E-04    3.54854E-04
  369     1.029022    3.30112E-04    3.51606E-04
  370     1.029023    3.27278E-04    3.47488E-04
  371     1.029023    3.24293E-04    3.45011E-04
  372     1.029024    3.21076E-04    3.41752E-04
  373     1.029025    3.18234E-04    3.37797E-04
  374     1.029026    3.14560E-04    3.35657E-04
  375     1.029026    3.12090E-04    3.31781E-04
  376     1.029027    3.09164E-04    3.28336E-04
  377     1.029028    3.06310E-04    3.25494E-04
  378     1.029028    3.03304E-04    3.22128E-04
  379     1.029029    3.00522E-04    3.19280E-04
  380     1.029030    2.97358E-04    3.16864E-04
  381     1.029030    2.94721E-04    3.13663E-04
  382     1.029031    2.92083E-04    3.10025E-04
  383     1.029032    2.89367E-04    3.08035E-04
  384     1.029032    2.86495E-04    3.05000E-04
  385     1.029033    2.84077E-04    3.01527E-04
  386     1.029033    2.81202E-04    2.98834E-04
  387     1.029034    2.78475E-04    2.95703E-04
  388     1.029034    2.76202E-04    2.93440E-04
  389     1.029035    2.73623E-04    2.90305E-04
  390     1.029036    2.70891E-04    2.87776E-04
  391     1.029036    2.68460E-04    2.85245E-04
  392     1.029037    2.66253E-04    2.82538E-04
  393     1.029037    2.63439E-04    2.80002E-04
  394     1.029038    2.61001E-04    2.77290E-04
  395     1.029038    2.58791E-04    2.74664E-04
  396     1.029039    2.56426E-04    2.72034E-04
  397     1.029040    2.54286E-04    2.69403E-04
  398     1.029040    2.51690E-04    2.67032E-04
  399     1.029040    2.49548E-04    2.64658E-04
  400     1.029041    2.46948E-04    2.62021E-04
  401     1.029041    2.45106E-04    2.59818E-04
  402     1.029042    2.42579E-04    2.57439E-04
  403     1.029042    2.40278E-04    2.54883E-04
  404     1.029043    2.38127E-04    2.52763E-04
  405     1.029043    2.36432E-04    2.50116E-04
  406     1.029044    2.33822E-04    2.47992E-04
  407     1.029044    2.31971E-04    2.46041E-04
  408     1.029045    2.29586E-04    2.43301E-04
  409     1.029045    2.27961E-04    2.40735E-04
  410     1.029046    2.25421E-04    2.39742E-04
  411     1.029046    2.23642E-04    2.37260E-04
  412     1.029047    2.21632E-04    2.35389E-04
  413     1.029047    2.19544E-04    2.32903E-04
  414     1.029047    2.17914E-04    2.30504E-04
  415     1.029048    2.15442E-04    2.28191E-04
  416     1.029048    2.14267E-04    2.26402E-04
  417     1.029049    2.11946E-04    2.25137E-04
  418     1.029049    2.10004E-04    2.22469E-04
  419     1.029050    2.07909E-04    2.20501E-04
  420     1.029050    2.06577E-04    2.18356E-04
  421     1.029050    2.04327E-04    2.16209E-04
  422     1.029051    2.02916E-04    2.14764E-04
  423     1.029051    2.01275E-04    2.12702E-04
  424     1.029051    1.98945E-04    2.10640E-04
  425     1.029052    1.97378E-04    2.09542E-04
  426     1.029052    1.95887E-04    2.06775E-04
  427     1.029053    1.93860E-04    2.05236E-04
  428     1.029053    1.91831E-04    2.03696E-04
  429     1.029053    1.90720E-04    2.01627E-04
  430     1.029054    1.88688E-04    1.99646E-04
  431     1.029054    1.87346E-04    1.97927E-04
  432     1.029054    1.85619E-04    1.96910E-04
  433     1.029055    1.83892E-04    1.94661E-04
  434     1.029055    1.82547E-04    1.93115E-04
  435     1.029055    1.80740E-04    1.91128E-04
  436     1.029056    1.79394E-04    1.89580E-04
  437     1.029056    1.77739E-04    1.88207E-04
  438     1.029056    1.76008E-04    1.86217E-04
  439     1.029057    1.75042E-04    1.85195E-04
  440     1.029057    1.73154E-04    1.82851E-04
  441     1.029057    1.71880E-04    1.81827E-04
  442     1.029057    1.70069E-04    1.79745E-04
  443     1.029058    1.69100E-04    1.78984E-04
  444     1.029058    1.67824E-04    1.76812E-04
  445     1.029058    1.65703E-04    1.75521E-04
  446     1.029059    1.64732E-04    1.73523E-04
  447     1.029059    1.62840E-04    1.72318E-04
  448     1.029059    1.62021E-04    1.70760E-04
  449     1.029059    1.60741E-04    1.69642E-04
  450     1.029060    1.58819E-04    1.67906E-04
  451     1.029060    1.57950E-04    1.66434E-04
  452     1.029060    1.56745E-04    1.65402E-04
  453     1.029060    1.55079E-04    1.63487E-04
  454     1.029061    1.53719E-04    1.62366E-04
  455     1.029061    1.52512E-04    1.61156E-04
  456     1.029061    1.51306E-04    1.59857E-04
  457     1.029061    1.49944E-04    1.57850E-04
  458     1.029062    1.49043E-04    1.57610E-04
  459     1.029062    1.47220E-04    1.55690E-04
  460     1.029062    1.46472E-04    1.54389E-04
  461     1.029062    1.44954E-04    1.52910E-04
  462     1.029063    1.43667E-04    1.51872E-04
  463     1.029063    1.42610E-04    1.49977E-04
  464     1.029063    1.41630E-04    1.49884E-04
  465     1.029063    1.40032E-04    1.47972E-04
  466     1.029064    1.39282E-04    1.46744E-04
  467     1.029064    1.38223E-04    1.45261E-04
  468     1.029064    1.36625E-04    1.44132E-04
  469     1.029064    1.35950E-04    1.44064E-04
  470     1.029064    1.34351E-04    1.41872E-04
  471     1.029065    1.33444E-04    1.41095E-04
  472     1.029065    1.32614E-04    1.39344E-04
  473     1.029065    1.31629E-04    1.38567E-04
  474     1.029065    1.30259E-04    1.37523E-04
  475     1.029065    1.29197E-04    1.36036E-04
  476     1.029066    1.28134E-04    1.35257E-04
  477     1.029066    1.27225E-04    1.33984E-04
  478     1.029066    1.26113E-04    1.32724E-04
  479     1.029066    1.25560E-04    1.31767E-04
  480     1.029066    1.23725E-04    1.30720E-04
  481     1.029067    1.22969E-04    1.29851E-04
  482     1.029067    1.22520E-04    1.28627E-04
  483     1.029067    1.21301E-04    1.28022E-04
  484     1.029067    1.20081E-04    1.26709E-04
  485     1.029067    1.19554E-04    1.25483E-04
  486     1.029067    1.18102E-04    1.24434E-04
  487     1.029068    1.17267E-04    1.23208E-04
  488     1.029068    1.16200E-04    1.22957E-04
  489     1.029068    1.15595E-04    1.21643E-04
  490     1.029068    1.14527E-04    1.20591E-04
  491     1.029068    1.13613E-04    1.19274E-04
  492     1.029068    1.12699E-04    1.19288E-04
  493     1.029069    1.11880E-04    1.18237E-04
  494     1.029069    1.11025E-04    1.16630E-04
  495     1.029069    1.10264E-04    1.16045E-04
  496     1.029069    1.09349E-04    1.14726E-04
  497     1.029069    1.08510E-04    1.14206E-04
  498     1.029069    1.07594E-04    1.12798E-04
  499     1.029070    1.06910E-04    1.12455E-04
  500     1.029070    1.06226E-04    1.11491E-04
  501     1.029070    1.05387E-04    1.11059E-04
  502     1.029070    1.04469E-04    1.09312E-04
  503     1.029070    1.03552E-04    1.09128E-04
  504     1.029070    1.02712E-04    1.08251E-04
  505     1.029070    1.01794E-04    1.07285E-04
  506     1.029070    1.01031E-04    1.06674E-04
  507     1.029071    1.00267E-04    1.05856E-04
  508     1.029071    9.94265E-05    1.04651E-04
  509     1.029071    9.89717E-05    1.03773E-04
  510     1.029071    9.81304E-05    1.03152E-04
  511     1.029071    9.72883E-05    1.02549E-04
  512     1.029071    9.65239E-05    1.01314E-04
  513     1.029071    9.59912E-05    1.00968E-04
  514     1.029072    9.49162E-05    1.00178E-04
  515     1.029072    9.43832E-05    9.89334E-05
  516     1.029072    9.37926E-05    9.85958E-05
  517     1.029072    9.30845E-05    9.79825E-05
  518     1.029072    9.22409E-05    9.74837E-05
  519     1.029072    9.16299E-05    9.60324E-05
  520     1.029072    9.08634E-05    9.54291E-05
  521     1.029072    9.00971E-05    9.47723E-05
  522     1.029073    8.95100E-05    9.38444E-05
  523     1.029073    8.91056E-05    9.34079E-05
  524     1.029073    8.81063E-05    9.27041E-05
  525     1.029073    8.74055E-05    9.24455E-05
  526     1.029073    8.69591E-05    9.11622E-05
  527     1.029073    8.61915E-05    9.06807E-05
  528     1.029073    8.55010E-05    9.00822E-05
  529     1.029073    8.48883E-05    8.91396E-05
  530     1.029073    8.44300E-05    8.85665E-05
  531     1.029073    8.35862E-05    8.79164E-05
  532     1.029074    8.32812E-05    8.71561E-05
  533     1.029074    8.24347E-05    8.63741E-05
  534     1.029074    8.18210E-05    8.61015E-05
  535     1.029074    8.11298E-05    8.50391E-05
  536     1.029074    8.05158E-05    8.49276E-05
  537     1.029074    8.00769E-05    8.38053E-05
  538     1.029074    7.92940E-05    8.32773E-05
  539     1.029074    7.89831E-05    8.28383E-05
  540     1.029074    7.83595E-05    8.23101E-05
  541     1.029075    7.82972E-05    8.20414E-05
  542     1.029075    7.76046E-05    8.13423E-05
  543     1.029075    7.64465E-05    8.01905E-05
  544     1.029075    7.61419E-05    8.00172E-05
  545     1.029075    7.53712E-05    7.93991E-05
  546     1.029075    7.47638E-05    7.92268E-05
  547     1.029075    7.46839E-05    7.77610E-05
  548     1.029075    7.38352E-05    7.75694E-05
  549     1.029075    7.34377E-05    7.73812E-05
  550     1.029075    7.31471E-05    7.60009E-05
  551     1.029075    7.22205E-05    7.61333E-05
  552     1.029075    7.17541E-05    7.55206E-05
  553     1.029076    7.12471E-05    7.44764E-05
  554     1.029076    7.09157E-05    7.44331E-05
  555     1.029076    7.01513E-05    7.37454E-05
  556     1.029076    7.01487E-05    7.30364E-05
  557     1.029076    6.93709E-05    7.28393E-05
  558     1.029076    6.87599E-05    7.18861E-05
  559     1.029076    6.81430E-05    7.18913E-05
  560     1.029076    6.78834E-05    7.18070E-05
  561     1.029076    6.72196E-05    7.04401E-05
  562     1.029076    6.67578E-05    6.98954E-05
  563     1.029076    6.67904E-05    6.97675E-05
  564     1.029076    6.58630E-05    6.90576E-05
  565     1.029076    6.56049E-05    6.88836E-05
  566     1.029076    6.50652E-05    6.78859E-05
  567     1.029076    6.44706E-05    6.79948E-05
  568     1.029077    6.41238E-05    6.69996E-05
  569     1.029077    6.34448E-05    6.70254E-05
  570     1.029077    6.34487E-05    6.62255E-05
  571     1.029077    6.29085E-05    6.57829E-05
  572     1.029077    6.22901E-05    6.54504E-05
  573     1.029077    6.19291E-05    6.49869E-05
  574     1.029077    6.11419E-05    6.44184E-05
  575     1.029077    6.14622E-05    6.38127E-05
  576     1.029077    6.05942E-05    6.39264E-05
  577     1.029077    6.05977E-05    6.32705E-05
  578     1.029077    5.97326E-05    6.27545E-05
  579     1.029077    5.93603E-05    6.20605E-05
  580     1.029077    5.91067E-05    6.26402E-05
  581     1.029077    5.86352E-05    6.16209E-05
  582     1.029077    5.81255E-05    6.07767E-05
  583     1.029077    5.76659E-05    6.07339E-05
  584     1.029078    5.73542E-05    6.00564E-05
  585     1.029078    5.70932E-05    6.01820E-05
  586     1.029078    5.65823E-05    5.96712E-05
  587     1.029078    5.60405E-05    5.89045E-05
  588     1.029078    5.61995E-05    5.82657E-05
  589     1.029078    5.57354E-05    5.81604E-05
  590     1.029078    5.51158E-05    5.75065E-05
  591     1.029078    5.48853E-05    5.76332E-05
  592     1.029078    5.45541E-05    5.69669E-05
  593     1.029078    5.40818E-05    5.66522E-05
  594     1.029078    5.36124E-05    5.63579E-05
  595     1.029078    5.34085E-05    5.55919E-05
  596     1.029078    5.26564E-05    5.57665E-05
  597     1.029078    5.27222E-05    5.48983E-05
  598     1.029078    5.19995E-05    5.46258E-05
  599     1.029078    5.18811E-05    5.41579E-05
  600     1.029078    5.14063E-05    5.43563E-05
  601     1.029078    5.13309E-05    5.42594E-05
  602     1.029078    5.07105E-05    5.28927E-05
  603     1.029078    5.02279E-05    5.30114E-05
  604     1.029078    5.00923E-05    5.26560E-05
  605     1.029078    4.99159E-05    5.22581E-05
  606     1.029078    4.97076E-05    5.16853E-05
  607     1.029079    4.89254E-05    5.11612E-05
  608     1.029079    4.85972E-05    5.12337E-05
  609     1.029079    4.83123E-05    5.10437E-05
  610     1.029079    4.81588E-05    5.07014E-05
  611     1.029079    4.77850E-05    5.00768E-05
  612     1.029079    4.76956E-05    4.97209E-05
  613     1.029079    4.71523E-05    4.93650E-05
  614     1.029079    4.69024E-05    4.91076E-05
  615     1.029079    4.66112E-05    4.86929E-05
  616     1.029079    4.64573E-05    4.85657E-05
  617     1.029079    4.59919E-05    4.79408E-05
  618     1.029079    4.56836E-05    4.78803E-05
  619     1.029079    4.55882E-05    4.73650E-05
  620     1.029079    4.52185E-05    4.74304E-05
  621     1.029079    4.46792E-05    4.68760E-05
  622     1.029079    4.43940E-05    4.63567E-05
  623     1.029079    4.41910E-05    4.63288E-05
  624     1.029079    4.38537E-05    4.58162E-05
  625     1.029079    4.36688E-05    4.57749E-05
  626     1.029079    4.33752E-05    4.53237E-05
  627     1.029079    4.31740E-05    4.51908E-05
  628     1.029080    4.28310E-05    4.47019E-05
  629     1.029080    4.24943E-05    4.46564E-05
  630     1.029080    4.21564E-05    4.42826E-05
  631     1.029080    4.19640E-05    4.37991E-05
  632     1.029080    4.18060E-05    4.38486E-05
  633     1.029080    4.13846E-05    4.35814E-05
  634     1.029080    4.13316E-05    4.36842E-05
  635     1.029080    4.09383E-05    4.33161E-05
  636     1.029080    4.09828E-05    4.26299E-05
  637     1.029080    4.04656E-05    4.20341E-05
  638     1.029080    4.00495E-05    4.24660E-05
  639     1.029080    4.01049E-05    4.19456E-05
  640     1.029080    3.97164E-05    4.16848E-05
  641     1.029080    3.94839E-05    4.11210E-05
  642     1.029080    3.90450E-05    4.08168E-05
  643     1.029080    3.88430E-05    4.07288E-05
  644     1.029080    3.85519E-05    4.04819E-05
  645     1.029080    3.83973E-05    3.99512E-05
  646     1.029080    3.82573E-05    3.97467E-05
  647     1.029080    3.78391E-05    3.93954E-05
  648     1.029080    3.77467E-05    3.94806E-05
  649     1.029080    3.74664E-05    3.90983E-05
  650     1.029080    3.75458E-05    3.92144E-05
  651     1.029080    3.69228E-05    3.83606E-05
  652     1.029080    3.67763E-05    3.85618E-05
  653     1.029080    3.64714E-05    3.83870E-05
  654     1.029080    3.63021E-05    3.80362E-05
  655     1.029080    3.61262E-05    3.80551E-05
  656     1.029080    3.60480E-05    3.71589E-05
  657     1.029080    3.57572E-05    3.71882E-05
  658     1.029080    3.53704E-05    3.68062E-05
  659     1.029081    3.52154E-05    3.68227E-05
  660     1.029081    3.50605E-05    3.65143E-05
  661     1.029081    3.49055E-05    3.62212E-05
  662     1.029081    3.48643E-05    3.62692E-05
  663     1.029081    3.43832E-05    3.60012E-05
  664     1.029081    3.39135E-05    3.55727E-05
  665     1.029081    3.38950E-05    3.57344E-05
  666     1.029081    3.34908E-05    3.53585E-05
  667     1.029081    3.35848E-05    3.51083E-05
  668     1.029081    3.32031E-05    3.49005E-05
  669     1.029081    3.29622E-05    3.46111E-05
  670     1.029081    3.25726E-05    3.46266E-05
  671     1.029081    3.26519E-05    3.41252E-05
  672     1.029081    3.22541E-05    3.46637E-05
  673     1.029081    3.23415E-05    3.40277E-05
  674     1.029081    3.21086E-05    3.38290E-05
  675     1.029081    3.18600E-05    3.33530E-05
  676     1.029081    3.17976E-05    3.31413E-05
  677     1.029081    3.13156E-05    3.32589E-05
  678     1.029081    3.13807E-05    3.27857E-05
  679     1.029081    3.12537E-05    3.25173E-05
  680     1.029081    3.07074E-05    3.21485E-05
  681     1.029081    3.08849E-05    3.24295E-05
  682     1.029081    3.06314E-05    3.17841E-05
  683     1.029081    3.04759E-05    3.18773E-05
  684     1.029081    3.01998E-05    3.17643E-05
  685     1.029081    3.01652E-05    3.10986E-05
  686     1.029081    2.96413E-05    3.11003E-05
  687     1.029081    2.95588E-05    3.11440E-05
  688     1.029081    2.95426E-05    3.10888E-05
  689     1.029081    2.92504E-05    3.08367E-05
  690     1.029081    2.90010E-05    3.03109E-05
  691     1.029081    2.87845E-05    3.02262E-05
  692     1.029081    2.87137E-05    3.01350E-05
  693     1.029081    2.86089E-05    3.04123E-05
  694     1.029081    2.84533E-05    2.96564E-05
  695     1.029081    2.80077E-05    2.97471E-05
  696     1.029081    2.80085E-05    2.93090E-05
  697     1.029081    2.78302E-05    2.95691E-05
  698     1.029081    2.76747E-05    2.89063E-05
  699     1.029081    2.76754E-05    2.86106E-05
  700     1.029081    2.72635E-05    2.86817E-05
  701     1.029081    2.69543E-05    2.84041E-05
  702     1.029081    2.71205E-05    2.82077E-05
  703     1.029081    2.67338E-05    2.80125E-05
  704     1.029081    2.65844E-05    2.77996E-05
  705     1.029081    2.64005E-05    2.80475E-05
  706     1.029081    2.63217E-05    2.77277E-05
  707     1.029081    2.62264E-05    2.76351E-05
  708     1.029081    2.63527E-05    2.73100E-05
  709     1.029081    2.60295E-05    2.71067E-05
  710     1.029081    2.57283E-05    2.69203E-05
  711     1.029081    2.54944E-05    2.70597E-05
  712     1.029081    2.55259E-05    2.64343E-05
  713     1.029081    2.56241E-05    2.67418E-05
  714     1.029082    2.51834E-05    2.64356E-05
  715     1.029082    2.50082E-05    2.64654E-05
  716     1.029082    2.49902E-05    2.61539E-05
  717     1.029082    2.47161E-05    2.58792E-05
  718     1.029082    2.45602E-05    2.58219E-05
  719     1.029082    2.44826E-05    2.55397E-05
  720     1.029082    2.41525E-05    2.53772E-05
  721     1.029082    2.41836E-05    2.58108E-05
  722     1.029082    2.41192E-05    2.51681E-05
  723     1.029082    2.40156E-05    2.48653E-05
  724     1.029082    2.38164E-05    2.50773E-05
  725     1.029082    2.36289E-05    2.49775E-05
  726     1.029082    2.36214E-05    2.44792E-05
  727     1.029082    2.32893E-05    2.43998E-05
  728     1.029082    2.30945E-05    2.39833E-05
  729     1.029082    2.30018E-05    2.43918E-05
  730     1.029082    2.26893E-05    2.39401E-05
  731     1.029082    2.27681E-05    2.38039E-05
  732     1.029082    2.26642E-05    2.36855E-05
  733     1.029082    2.27217E-05    2.37093E-05
  734     1.029082    2.23773E-05    2.35435E-05
  735     1.029082    2.22071E-05    2.34803E-05
  736     1.029082    2.20663E-05    2.37109E-05
  737     1.029082    2.19713E-05    2.28516E-05
  738     1.029082    2.18326E-05    2.28410E-05
  739     1.029082    2.17548E-05    2.29217E-05
  740     1.029082    2.16611E-05    2.26732E-05
  741     1.029082    2.14426E-05    2.25140E-05
  742     1.029082    2.13315E-05    2.22593E-05
  743     1.029082    2.12505E-05    2.21680E-05
  744     1.029082    2.09745E-05    2.23309E-05
  745     1.029082    2.09108E-05    2.19408E-05
  746     1.029082    2.08390E-05    2.17895E-05
  747     1.029082    2.06726E-05    2.16210E-05
  748     1.029082    2.05537E-05    2.18404E-05
  749     1.029082    2.05490E-05    2.14104E-05
  750     1.029082    2.03220E-05    2.12338E-05
  751     1.029082    2.03885E-05    2.15959E-05
  752     1.029082    2.03516E-05    2.11720E-05
  753     1.029082    1.98630E-05    2.10588E-05
  754     1.029082    2.01176E-05    2.09666E-05
  755     1.029082    1.98075E-05    2.07663E-05
  756     1.029082    1.97992E-05    2.05472E-05
  757     1.029082    1.94925E-05    2.09524E-05
  758     1.029082    1.94257E-05    2.04704E-05
  759     1.029082    1.93389E-05    2.02228E-05
  760     1.029082    1.92223E-05    2.04008E-05
  761     1.029082    1.89460E-05    2.00821E-05
  762     1.029082    1.90291E-05    1.99585E-05
  763     1.029082    1.88941E-05    1.99375E-05
  764     1.029082    1.89470E-05    1.97268E-05
  765     1.029082    1.88072E-05    1.93814E-05
  766     1.029082    1.83706E-05    1.94168E-05
  767     1.029082    1.85565E-05    1.92837E-05
  768     1.029082    1.85179E-05    1.92022E-05
  769     1.029082    1.81657E-05    1.90944E-05
  770     1.029082    1.81865E-05    1.90545E-05
  771     1.029082    1.81563E-05    1.89266E-05
  772     1.029082    1.79019E-05    1.91961E-05
  773     1.029082    1.78537E-05    1.88352E-05
  774     1.029082    1.77330E-05    1.86201E-05
  775     1.029082    1.76978E-05    1.83717E-05
  776     1.029082    1.76800E-05    1.84576E-05
  777     1.029082    1.74842E-05    1.82452E-05
  778     1.029082    1.73620E-05    1.89085E-05
  779     1.029082    1.70951E-05    1.80198E-05
  780     1.029082    1.71764E-05    1.81911E-05
  781     1.029082    1.72036E-05    1.80177E-05
  782     1.029082    1.69167E-05    1.78205E-05
  783     1.029082    1.68856E-05    1.80074E-05
  784     1.029082    1.67776E-05    1.76293E-05
  785     1.029082    1.70454E-05    1.76292E-05
  786     1.029082    1.68179E-05    1.72570E-05
  787     1.029082    1.65681E-05    1.73012E-05
  788     1.029082    1.66833E-05    1.71058E-05
  789     1.029082    1.64171E-05    1.75426E-05
  790     1.029082    1.62387E-05    1.72489E-05
  791     1.029082    1.62342E-05    1.68744E-05
  792     1.029082    1.60956E-05    1.68974E-05
  793     1.029082    1.58644E-05    1.68115E-05
  794     1.029082    1.59837E-05    1.66252E-05
  795     1.029082    1.58532E-05    1.65204E-05
  796     1.029082    1.57738E-05    1.65333E-05
  797     1.029082    1.57457E-05    1.62163E-05
  798     1.029082    1.53759E-05    1.63027E-05
  799     1.029082    1.52777E-05    1.61653E-05
  800     1.029082    1.54073E-05    1.59563E-05
  801     1.029082    1.51199E-05    1.58948E-05
  802     1.029082    1.51656E-05    1.58688E-05
  803     1.029082    1.52281E-05    1.61527E-05
  804     1.029083    1.50448E-05    1.56861E-05
  805     1.029083    1.49640E-05    1.60738E-05
  806     1.029083    1.47403E-05    1.55889E-05
  807     1.029083    1.46817E-05    1.53657E-05
  808     1.029083    1.46787E-05    1.52618E-05
  809     1.029083    1.47737E-05    1.52827E-05
  810     1.029083    1.44514E-05    1.52679E-05
  811     1.029083    1.45719E-05    1.51536E-05
  812     1.029083    1.41438E-05    1.49668E-05
  813     1.029083    1.45912E-05    1.50451E-05
  814     1.029083    1.41442E-05    1.50055E-05
  815     1.029083    1.41444E-05    1.48821E-05
  816     1.029083    1.43243E-05    1.49556E-05
  817     1.029083    1.42198E-05    1.45798E-05
  818     1.029083    1.41251E-05    1.45414E-05
  819     1.029083    1.39401E-05    1.46787E-05
  820     1.029083    1.36333E-05    1.45989E-05
  821     1.029083    1.37136E-05    1.43325E-05
  822     1.029083    1.35570E-05    1.43586E-05
  823     1.029083    1.35483E-05    1.46868E-05
  824     1.029083    1.37924E-05    1.41314E-05
  825     1.029083    1.35921E-05    1.40723E-05
  826     1.029083    1.33309E-05    1.40456E-05
  827     1.029083    1.31880E-05    1.37699E-05
  828     1.029083    1.33889E-05    1.39669E-05
  829     1.029083    1.30152E-05    1.36588E-05
  830     1.029083    1.31568E-05    1.38927E-05
  831     1.029083    1.30309E-05    1.37852E-05
  832     1.029083    1.29866E-05    1.34039E-05
  833     1.029083    1.26614E-05    1.34852E-05
  834     1.029083    1.30105E-05    1.34615E-05
  835     1.029083    1.25771E-05    1.32907E-05
  836     1.029083    1.24867E-05    1.32446E-05
  837     1.029083    1.25828E-05    1.30589E-05
  838     1.029083    1.26243E-05    1.30675E-05
  839     1.029083    1.23058E-05    1.30074E-05
  840     1.029083    1.22941E-05    1.31668E-05
  841     1.029083    1.23845E-05    1.27972E-05
  842     1.029083    1.22430E-05    1.30078E-05
  843     1.029083    1.21527E-05    1.28690E-05
  844     1.029083    1.20648E-05    1.25535E-05
  845     1.029083    1.19066E-05    1.27982E-05
  846     1.029083    1.21430E-05    1.27432E-05
  847     1.029083    1.18711E-05    1.25704E-05
  848     1.029083    1.17584E-05    1.22847E-05
  849     1.029083    1.16951E-05    1.25563E-05
  850     1.029083    1.15572E-05    1.21214E-05
  851     1.029083    1.15294E-05    1.22208E-05
  852     1.029083    1.14700E-05    1.21090E-05
  853     1.029083    1.15361E-05    1.20792E-05
  854     1.029083    1.13760E-05    1.21503E-05
  855     1.029083    1.14806E-05    1.20476E-05
  856     1.029083    1.13960E-05    1.21789E-05
  857     1.029083    1.13834E-05    1.17183E-05
  858     1.029083    1.11934E-05    1.18849E-05
  859     1.029083    1.10590E-05    1.16377E-05
  860     1.029083    1.11936E-05    1.17317E-05
  861     1.029083    1.08976E-05    1.15556E-05
  862     1.029083    1.08436E-05    1.15059E-05
  863     1.029083    1.07526E-05    1.14926E-05
  864     1.029083    1.08033E-05    1.14140E-05
  865     1.029083    1.07321E-05    1.15390E-05
  866     1.029083    1.06854E-05    1.15676E-05
  867     1.029083    1.07414E-05    1.13089E-05
  868     1.029083    1.08271E-05    1.11682E-05
  869     1.029083    1.06452E-05    1.13039E-05
  870     1.029083    1.04282E-05    1.11759E-05
  871     1.029083    1.04305E-05    1.10000E-05
  872     1.029083    1.04089E-05    1.10541E-05
  873     1.029083    1.03501E-05    1.08344E-05
  874     1.029083    1.02831E-05    1.06920E-05
  875     1.029083    1.02684E-05    1.08516E-05
  876     1.029083    1.01385E-05    1.05890E-05
  877     1.029083    1.02834E-05    1.04791E-05
  878     1.029083    1.00701E-05    1.04662E-05
  879     1.029083    9.95509E-06    1.06754E-05
  880     1.029083    9.76679E-06    1.05682E-05
  881     1.029083    1.02996E-05    1.05801E-05
  882     1.029083    9.83361E-06    1.05503E-05
  883     1.029083    9.93790E-06    1.01628E-05
  884     1.029083    9.72385E-06    1.03802E-05
  885     1.029083    9.55843E-06    1.01645E-05
  886     1.029083    9.76027E-06    1.00853E-05
  887     1.029083    9.33093E-06    1.00227E-05
  888     1.029083    9.91561E-06    1.00096E-05
  889     1.029083    9.33219E-06    1.03455E-05
  890     1.029083    9.37753E-06    9.83390E-06

 MULTIPLICATION EFFECTIVE (K-EFF) =  1.029083


     Radial Power Distribution
   ==============================
           1       2       3       4       5       6       7       8       9
     1   0.727   1.277   1.418   1.191   0.610   0.953   0.960   0.779   0.000
     2   1.277   1.392   1.427   1.287   1.070   1.055   0.976   0.759   0.000
     3   1.418   1.427   1.365   1.308   1.179   1.089   1.001   0.713   0.000
     4   1.191   1.287   1.308   1.176   0.971   0.924   0.868   0.000   0.000
     5   0.610   1.070   1.179   0.971   0.476   0.701   0.613   0.000   0.000
     6   0.953   1.055   1.089   0.924   0.701   0.600   0.000   0.000   0.000
     7   0.960   0.976   1.001   0.868   0.613   0.000   0.000   0.000   0.000
     8   0.779   0.759   0.713   0.000   0.000   0.000   0.000   0.000   0.000
     9   0.000   0.000   0.000   0.000   0.000   0.000   0.000   0.000   0.000

   MAX POS.       Maximum Value
  (  3,  2)          1.427


     Axial Power Distribution
   ============================

     Plane Number        Power
    ----------------------------
        19  (TOP)        0.000
        18               0.194
        17               0.352
        16               0.539
        15               0.745
        14               0.977
        13               1.184
        12               1.351
        11               1.471
        10               1.540
         9               1.555
         8               1.514
         7               1.420
         6               1.275
         5               1.085
         4               0.856
         3               0.596
         2               0.345
         1  (BOTTOM)     0.000

   MAX POS.       Maximum Value
    (  9)             1.555


     Radial Flux Distribution
   ==============================
    Group =   1
              1          2          3          4          5          6          7          8          9
     1    1.309E+00  1.687E+00  1.848E+00  1.572E+00  1.098E+00  1.261E+00  1.249E+00  8.665E-01  1.438E-01
     2    1.687E+00  1.817E+00  1.862E+00  1.680E+00  1.414E+00  1.376E+00  1.267E+00  8.462E-01  1.374E-01
     3    1.848E+00  1.862E+00  1.815E+00  1.707E+00  1.537E+00  1.416E+00  1.234E+00  7.096E-01  1.039E-01
     4    1.572E+00  1.680E+00  1.707E+00  1.535E+00  1.282E+00  1.199E+00  9.576E-01  2.532E-01  3.063E-02
     5    1.098E+00  1.414E+00  1.537E+00  1.282E+00  8.534E-01  8.778E-01  6.125E-01  1.031E-01  0.000E+00
     6    1.261E+00  1.376E+00  1.416E+00  1.199E+00  8.778E-01  5.939E-01  1.696E-01  2.465E-02  0.000E+00
     7    1.249E+00  1.267E+00  1.234E+00  9.576E-01  6.125E-01  1.696E-01  2.767E-02  0.000E+00  0.000E+00
     8    8.665E-01  8.462E-01  7.096E-01  2.532E-01  1.031E-01  2.465E-02  0.000E+00  0.000E+00  0.000E+00
     9    1.438E-01  1.374E-01  1.039E-01  3.063E-02  0.000E+00  0.000E+00  0.000E+00  0.000E+00  0.000E+00
    Group =   2
              1          2          3          4          5          6          7          8          9
     1    7.600E-01  1.321E+00  1.466E+00  1.232E+00  6.377E-01  9.894E-01  9.968E-01  8.032E-01  1.112E+00
     2    1.321E+00  1.439E+00  1.474E+00  1.332E+00  1.109E+00  1.094E+00  1.013E+00  7.827E-01  1.058E+00
     3    1.466E+00  1.474E+00  1.401E+00  1.352E+00  1.222E+00  1.129E+00  1.035E+00  7.333E-01  8.128E-01
     4    1.233E+00  1.332E+00  1.352E+00  1.217E+00  1.007E+00  9.578E-01  8.949E-01  1.734E+00  3.924E-01
     5    6.377E-01  1.109E+00  1.222E+00  1.007E+00  4.976E-01  7.252E-01  6.303E-01  8.384E-01  0.000E+00
     6    9.894E-01  1.094E+00  1.129E+00  9.578E-01  7.252E-01  6.167E-01  1.158E+00  3.121E-01  0.000E+00
     7    9.968E-01  1.013E+00  1.035E+00  8.949E-01  6.303E-01  1.158E+00  3.568E-01  0.000E+00  0.000E+00
     8    8.032E-01  7.827E-01  7.333E-01  1.734E+00  8.384E-01  3.121E-01  0.000E+00  0.000E+00  0.000E+00
     9    1.112E+00  1.058E+00  8.128E-01  3.924E-01  0.000E+00  0.000E+00  0.000E+00  0.000E+00  0.000E+00


 Total time :    9.04805660      seconds
