                       ###########################################################
                       #                     ADPRES 1.1                          #
                       #        ABU DHABI POLYTECHNIC REACTOR SIMULATOR          #
                       ###########################################################  


  ========================================INPUT DATA STARTS HERE=====================================
     1: ! TRANSIENT LMW BENCHMARK INPUT DATA                                                                
     2:                                                                                                     
     3: %MODE                                                                                               
     4: RODEJECT                                                                                            
     5: %CASE                                                                                               
     6: LMW  TRANSIENT                                                                                      
     7: 20 CM NODE SIZE                                                                                     
     8: %   XSEC                                                                                            
     9: 2  3    ! Number of groups and number of materials                                                  
    10: !  sigtr      siga      nu*sigf    sigf    chi sigs_g1  sigs_g2                                     
    11: 0.2340967  0.01040206  0.006478  0.006478  1.0  0.0  0.017556                                       
    12: 0.9355255  0.08766217  0.112733  0.112733  0.0  0.0  0.000000  / MAT 1 (INNER CORE)                 
    13: 0.2338179  0.01099263  0.007503  0.007503  1.0  0.0  0.017178                                       
    14: 0.9508216  0.09925634  0.137800  0.137800  0.0  0.0  0.000000  / MAT 2 (OUTER CORE)                 
    15: 0.2039700  0.00266057  0.000000  0.000000  1.0  0.0  0.027597                                       
    16: 1.2626167  0.04936351  0.000000  0.000000  0.0  0.0  0.000000  / MAT 3 (REFLECTOR)                  
    17:                                                                                                     
    18: ! GEOMETRY CARD                                                                                     
    19: %GEOM                                                                                               
    20: 6 6 10               !nx, ny, nz                                                                    
    21: 10.0 5*20.0          !x-direction assembly size in cm                                               
    22: 1    5*2             !x-direction assembly division                                                 
    23: 10.0 5*20.0          !y-direction assembly size in cm                                               
    24: 1    5*2             !y-direction assembly division                                                 
    25: 10*20.0              !z-direction size  in cm (from bottom to top)                                  
    26: 10*4                 !z-direction assembly division                                                 
    27: 2                    !np number of planar type                                                      
    28: 1  8*2  1            !planar assignment (from bottom to top)                                        
    29: ! Planar_Reg 1                                                                                      
    30: 3  3  3  3  3  0                                                                                    
    31: 3  3  3  3  3  3                                                                                    
    32: 3  3  3  3  3  3                                                                                    
    33: 3  3  3  3  3  3                                                                                    
    34: 3  3  3  3  3  3                                                                                    
    35: 3  3  3  3  3  3                                                                                    
    36: ! Planar_Reg 2                                                                                      
    37: 3  3  3  3  3  0                                                                                    
    38: 2  2  2  2  3  3                                                                                    
    39: 1  1  1  2  2  3                                                                                    
    40: 1  1  1  1  2  3                                                                                    
    41: 1  1  1  1  2  3                                                                                    
    42: 1  1  1  1  2  3                                                                                    
    43: ! Boundary conditions (east), (west), (north), (south), (bottom), (top)                             
    44: 1 2 1 2 1 1                                                                                         
    45:                                                                                                     
    46: ! CONTROL CARD                                                                                      
    47: %CROD                                                                                               
    48: 2   180                          ! Number of CR banks and Max number of steps                       
    49: 0.  1.0                          ! Zero step pos. (cm from bottom) and step size (cm/step)          
    50: 180.  100.                       ! CR Bank pos.                                                     
    51: 0  0  0  0  0  0                                                                                    
    52: 0  0  0  0  0  0                                                                                    
    53: 2  0  0  0  0  0                                                                                    
    54: 0  0  1  0  0  0                                                                                    
    55: 0  0  0  0  0  0                                                                                    
    56: 1  0  0  2  0  0                                                                                    
    57: ! CX changes                                                                                        
    58: !  sigtr    siga   nu*sigf   sigf    sigs_g1  sigs_g2                                               
    59:  0.00000  0.00055  0.00000  0.00000  0.00000  0.00000                                               
    60:  0.00000  0.00380  0.00000  0.00000  0.00000  0.00000                                               
    61:  0.00028 -0.00004 -0.00103 -0.00103  0.00000  0.00038                                               
    62: -0.01530 -0.00779 -0.02507 -0.02507  0.00000  0.00000                                               
    63:  0.03013  0.00829  0.00648  0.00648  0.00000 -0.01004                                               
    64: -0.32709  0.04210  0.11273  0.11273  0.00000  0.00000                                               
    65: 1                                                                                                   
    66: 1                                                                                                   
    67:                                                                                                     
    68: ! ROD EJECTION CARD                                                                                 
    69:                                                                                                     
    70: %EJCT                                                                                               
    71: ! Final Bank Pos (steps)     Starts Move (seconds)     Speed (steps/seconds)                        
    72:      60.                       7.5                     3.0    ! Bank 1                              
    73:      180.                       0.0                     3.0    ! Bank 2                             
    74: 60.  0.25  60.0  1.0            ! (seconds) total time, 1st time step, when to start 2nd time step, 
    75: 0.00025    0.00138    0.00122    0.00265    0.00083    0.00017           !beta                      
    76: 0.01270    0.03170    0.11500    0.31100    1.40000    3.87000           !decay constants           
    77: 1.25E7    2.5E5     ! Neutron velocity                                                              
    78: 1                                                                                                   
  ========================================INPUT DATA   ENDS HERE=====================================



                                             START READING INPUT
  ***************************************************************************************************
  CALCULATION MODE :                 ROD EJECTION CALCULATION

  CASE ID :   LMW  TRANSIENT                                                                                    
   20 CM NODE SIZE                                                                                   


            >>>> READING MACROSCOPIC CROSS SECTIONS <<<<
            --------------------------------------------

     MATERIAL  1
    GROUP   TRANSPORT    DIFFUSION  ABSORPTION    REMOVAL      NU*FISS      KAP*FIS    FISS. SPCTR
       1     0.234097    1.423913    0.010402    0.027958     0.006478     0.006478     1.000000
       2     0.935526    0.356306    0.087662    0.087662     0.112733     0.112733     0.000000
   --SCATTERING MATRIX--
     G/G'          1          2
      1        0.000000    0.017556
      2        0.000000    0.000000

     MATERIAL  2
    GROUP   TRANSPORT    DIFFUSION  ABSORPTION    REMOVAL      NU*FISS      KAP*FIS    FISS. SPCTR
       1     0.233818    1.425611    0.010993    0.028171     0.007503     0.007503     1.000000
       2     0.950822    0.350574    0.099256    0.099256     0.137800     0.137800     0.000000
   --SCATTERING MATRIX--
     G/G'          1          2
      1        0.000000    0.017178
      2        0.000000    0.000000

     MATERIAL  3
    GROUP   TRANSPORT    DIFFUSION  ABSORPTION    REMOVAL      NU*FISS      KAP*FIS    FISS. SPCTR
       1     0.203970    1.634227    0.002661    0.030258     0.000000     0.000000     1.000000
       2     1.262617    0.264002    0.049364    0.049364     0.000000     0.000000     0.000000
   --SCATTERING MATRIX--
     G/G'          1          2
      1        0.000000    0.027597
      2        0.000000    0.000000

  ...Macroscopic CX Card is sucessfully read...


            >>>>>READING CORE GEOMETRY<<<<<
            -------------------------------
  Number of assembly in x, y and z directions respectively :
           6           6          10
  Number of nodes in x, y and z directions respectively :
          11          11          40

  x-directed nodes divison (delta-x)
    10.00  10.00  10.00  10.00  10.00  10.00  10.00  10.00  10.00  10.00
    10.00
  y-directed nodes divison (delta-y)
    10.00  10.00  10.00  10.00  10.00  10.00  10.00  10.00  10.00  10.00
    10.00

  Planar Region :  1
        1  2  3  4  5  6  7  8  9 10 11
    11  3  3  3  3  3  3  3  3  3       
    10  3  3  3  3  3  3  3  3  3       
     9  3  3  3  3  3  3  3  3  3  3  3 
     8  3  3  3  3  3  3  3  3  3  3  3 
     7  3  3  3  3  3  3  3  3  3  3  3 
     6  3  3  3  3  3  3  3  3  3  3  3 
     5  3  3  3  3  3  3  3  3  3  3  3 
     4  3  3  3  3  3  3  3  3  3  3  3 
     3  3  3  3  3  3  3  3  3  3  3  3 
     2  3  3  3  3  3  3  3  3  3  3  3 
     1  3  3  3  3  3  3  3  3  3  3  3 
  Planar Region :  2
        1  2  3  4  5  6  7  8  9 10 11
    11  3  3  3  3  3  3  3  3  3       
    10  3  3  3  3  3  3  3  3  3       
     9  2  2  2  2  2  2  2  3  3  3  3 
     8  2  2  2  2  2  2  2  3  3  3  3 
     7  1  1  1  1  1  2  2  2  2  3  3 
     6  1  1  1  1  1  2  2  2  2  3  3 
     5  1  1  1  1  1  1  1  2  2  3  3 
     4  1  1  1  1  1  1  1  2  2  3  3 
     3  1  1  1  1  1  1  1  2  2  3  3 
     2  1  1  1  1  1  1  1  2  2  3  3 
     1  1  1  1  1  1  1  1  2  2  3  3 

  Planar Region Assignment to planes.
 --------------------------------------
   Plane Number     Planar Region    delta-z
       40 (TOP)            1           5.00
       39                  1           5.00
       38                  1           5.00
       37                  1           5.00
       36                  2           5.00
       35                  2           5.00
       34                  2           5.00
       33                  2           5.00
       32                  2           5.00
       31                  2           5.00
       30                  2           5.00
       29                  2           5.00
       28                  2           5.00
       27                  2           5.00
       26                  2           5.00
       25                  2           5.00
       24                  2           5.00
       23                  2           5.00
       22                  2           5.00
       21                  2           5.00
       20                  2           5.00
       19                  2           5.00
       18                  2           5.00
       17                  2           5.00
       16                  2           5.00
       15                  2           5.00
       14                  2           5.00
       13                  2           5.00
       12                  2           5.00
       11                  2           5.00
       10                  2           5.00
        9                  2           5.00
        8                  2           5.00
        7                  2           5.00
        6                  2           5.00
        5                  2           5.00
        4                  1           5.00
        3                  1           5.00
        2                  1           5.00
        1 (BOTTOM)         1           5.00

   Boundary conditions
  X-directed West   : REFLECTIVE
  X-directed East   : ZERO INCOMING CURRENT
  Y-directed North  : ZERO INCOMING CURRENT
  Y-directed South  : REFLECTIVE
  Z-directed Bottom : ZERO INCOMING CURRENT
  Z-directed Top    : ZERO INCOMING CURRENT

  ...Core geometry is sucessfully read...


            >>>> READING CONTROL RODS INSERTION <<<<
            --------------------------------------------
  NUMBER OF CONTROL ROD BANK  :  2
  MAX. NUMBER OF STEPS        : 180
  FULLY INSERTED POSITION (cm):  0.0 (FROM BOTTOM OF THE CORE)
  STEP SIZE (cm)              :   1.0000
  CR CUSPING CORRECTION       : ACTIVE
  INITIAL CONTROL ROD BANK POSITION (STEPS) : 
  (0 means fully inserted) 
    Bank  1  Bank  2
    180.0    100.0

  CONTROL ROD BANK MAP : 
  0  0  0  0  0  0
  0  0  0  0  0  0
  2  0  0  0  0  0
  0  0  1  0  0  0
  0  0  0  0  0  0
  1  0  0  2  0  0

  MATERIAL CX INCREMENT OR DECREMENT DUE TO CR INSERTION : 
    MATERIAL  1
    GROUP   TRANSPORT  ABSORPTION      NU*FISS      FISSION
       1     0.000000    0.000550     0.000000     0.000000
       2     0.000000    0.003800     0.000000     0.000000
   --SCATTERING MATRIX--
     G/G'        1        2
      1      0.000000  0.000000
      2      0.000000  0.000000
    MATERIAL  2
    GROUP   TRANSPORT  ABSORPTION      NU*FISS      FISSION
       1     0.000280   -0.000040    -0.001030    -0.001030
       2    -0.015300   -0.007790    -0.025070    -0.025070
   --SCATTERING MATRIX--
     G/G'        1        2
      1      0.000000  0.000380
      2      0.000000  0.000000
    MATERIAL  3
    GROUP   TRANSPORT  ABSORPTION      NU*FISS      FISSION
       1     0.030130    0.008290     0.006480     0.006480
       2    -0.327090    0.042100     0.112730     0.112730
   --SCATTERING MATRIX--
     G/G'        1        2
      1      0.000000 -0.010040
      2      0.000000  0.000000

  ...Control Rods Insertion card is sucessfully read...


            >>>>     READING ROD EJECTION DATA      <<<<
            --------------------------------------------
                           Bank  1  Bank  2
  FINAL BANK POS. (STEP)     60.0    180.0
  STARTS MOVE (SECOND)        7.5      0.0
  SPEED (STEP/SECOND)         3.0      3.0

  TIME PARAMETERS IN SECONDS : 
    TOTAL SIMULATION TIME         :  60.00
    FIRST TIME STEP               : 0.2500
    SECOND TIME STEP              : 1.0000
    WHEN SECOND TIME STEP APPLY?  :  60.00

  DELAYED NEUTRON FRACTION : 
    0.00025    0.00138    0.00122    0.00265    0.00083    0.00017

  PRECUSOR DECAY CONSTANT (1/s): 
    0.01270    0.03170    0.11500    0.31100    1.40000    3.87000

  NEUTRON VELOCITY (cm/s) : 
    1.25000E+07    2.50000E+05

  ...Rod Ejection Card is sucessfully read...


  **********************************  STOP READING INPUT  *******************************************

   INITIAL MULTIPLICATION EFFECTIVE (K-EFF) =  0.999714
   WARNING: THE STEADY STATE K-EFF IS NOT EQUAL TO 1.0
   AND NOW IT IS FORCED TO 1.0 BY MODIFYING THE nu*sigf CROSS SECTIONS 


  TRANSIENT RESULTS :

  Step  Time(s)  React.($)   Rel. Power   CR Bank Pos. (1-end)
 --------------------------------------------------------------
   0     0.000    0.0000     1.0000E+00   180.00   100.00
   1     0.250    0.0032     1.0031E+00   180.00   100.75
   2     0.500    0.0069     1.0073E+00   180.00   101.50
   3     0.750    0.0106     1.0118E+00   180.00   102.25
   4     1.000    0.0143     1.0167E+00   180.00   103.00
   5     1.250    0.0180     1.0218E+00   180.00   103.75
   6     1.500    0.0217     1.0272E+00   180.00   104.50
   7     1.750    0.0254     1.0328E+00   180.00   105.25
   8     2.000    0.0290     1.0387E+00   180.00   106.00
   9     2.250    0.0326     1.0447E+00   180.00   106.75
  10     2.500    0.0362     1.0509E+00   180.00   107.50
  11     2.750    0.0398     1.0575E+00   180.00   108.25
  12     3.000    0.0434     1.0643E+00   180.00   109.00
  13     3.250    0.0471     1.0714E+00   180.00   109.75
  14     3.500    0.0506     1.0785E+00   180.00   110.50
  15     3.750    0.0541     1.0860E+00   180.00   111.25
  16     4.000    0.0576     1.0936E+00   180.00   112.00
  17     4.250    0.0610     1.1015E+00   180.00   112.75
  18     4.500    0.0645     1.1097E+00   180.00   113.50
  19     4.750    0.0680     1.1180E+00   180.00   114.25
  20     5.000    0.0716     1.1269E+00   180.00   115.00
  21     5.250    0.0748     1.1355E+00   180.00   115.75
  22     5.500    0.0781     1.1445E+00   180.00   116.50
  23     5.750    0.0815     1.1538E+00   180.00   117.25
  24     6.000    0.0848     1.1633E+00   180.00   118.00
  25     6.250    0.0881     1.1731E+00   180.00   118.75
  26     6.500    0.0914     1.1832E+00   180.00   119.50
  27     6.750    0.0946     1.1934E+00   180.00   120.25
  28     7.000    0.0977     1.2038E+00   180.00   121.00
  29     7.250    0.1009     1.2145E+00   180.00   121.75
  30     7.500    0.1039     1.2254E+00   180.00   122.50
  31     7.750    0.1067     1.2360E+00   179.25   123.25
  32     8.000    0.1096     1.2472E+00   178.50   124.00
  33     8.250    0.1124     1.2583E+00   177.75   124.75
  34     8.500    0.1150     1.2695E+00   177.00   125.50
  35     8.750    0.1176     1.2809E+00   176.25   126.25
  36     9.000    0.1201     1.2924E+00   175.50   127.00
  37     9.250    0.1226     1.3042E+00   174.75   127.75
  38     9.500    0.1250     1.3160E+00   174.00   128.50
  39     9.750    0.1273     1.3279E+00   173.25   129.25
  40    10.000    0.1297     1.3401E+00   172.50   130.00
  41    10.250    0.1316     1.3520E+00   171.75   130.75
  42    10.500    0.1337     1.3642E+00   171.00   131.50
  43    10.750    0.1357     1.3764E+00   170.25   132.25
  44    11.000    0.1375     1.3887E+00   169.50   133.00
  45    11.250    0.1393     1.4010E+00   168.75   133.75
  46    11.500    0.1410     1.4133E+00   168.00   134.50
  47    11.750    0.1426     1.4257E+00   167.25   135.25
  48    12.000    0.1441     1.4378E+00   166.50   136.00
  49    12.250    0.1453     1.4499E+00   165.75   136.75
  50    12.500    0.1468     1.4624E+00   165.00   137.50
  51    12.750    0.1477     1.4742E+00   164.25   138.25
  52    13.000    0.1489     1.4863E+00   163.50   139.00
  53    13.250    0.1498     1.4983E+00   162.75   139.75
  54    13.500    0.1506     1.5100E+00   162.00   140.50
  55    13.750    0.1514     1.5217E+00   161.25   141.25
  56    14.000    0.1520     1.5332E+00   160.50   142.00
  57    14.250    0.1525     1.5445E+00   159.75   142.75
  58    14.500    0.1528     1.5555E+00   159.00   143.50
  59    14.750    0.1530     1.5662E+00   158.25   144.25
  60    15.000    0.1532     1.5770E+00   157.50   145.00
  61    15.250    0.1531     1.5870E+00   156.75   145.75
  62    15.500    0.1530     1.5972E+00   156.00   146.50
  63    15.750    0.1528     1.6070E+00   155.25   147.25
  64    16.000    0.1523     1.6162E+00   154.50   148.00
  65    16.250    0.1519     1.6253E+00   153.75   148.75
  66    16.500    0.1512     1.6338E+00   153.00   149.50
  67    16.750    0.1505     1.6421E+00   152.25   150.25
  68    17.000    0.1496     1.6499E+00   151.50   151.00
  69    17.250    0.1485     1.6571E+00   150.75   151.75
  70    17.500    0.1476     1.6646E+00   150.00   152.50
  71    17.750    0.1461     1.6706E+00   149.25   153.25
  72    18.000    0.1448     1.6767E+00   148.50   154.00
  73    18.250    0.1433     1.6823E+00   147.75   154.75
  74    18.500    0.1416     1.6872E+00   147.00   155.50
  75    18.750    0.1398     1.6918E+00   146.25   156.25
  76    19.000    0.1379     1.6957E+00   145.50   157.00
  77    19.250    0.1360     1.6992E+00   144.75   157.75
  78    19.500    0.1338     1.7020E+00   144.00   158.50
  79    19.750    0.1314     1.7041E+00   143.25   159.25
  80    20.000    0.1291     1.7061E+00   142.50   160.00
  81    20.250    0.1265     1.7070E+00   141.75   160.75
  82    20.500    0.1239     1.7078E+00   141.00   161.50
  83    20.750    0.1213     1.7083E+00   140.25   162.25
  84    21.000    0.1186     1.7084E+00   139.50   163.00
  85    21.250    0.1158     1.7082E+00   138.75   163.75
  86    21.500    0.1128     1.7071E+00   138.00   164.50
  87    21.750    0.1096     1.7050E+00   137.25   165.25
  88    22.000    0.1063     1.7023E+00   136.50   166.00
  89    22.250    0.1028     1.6988E+00   135.75   166.75
  90    22.500    0.0995     1.6954E+00   135.00   167.50
  91    22.750    0.0955     1.6903E+00   134.25   168.25
  92    23.000    0.0917     1.6853E+00   133.50   169.00
  93    23.250    0.0878     1.6796E+00   132.75   169.75
  94    23.500    0.0837     1.6733E+00   132.00   170.50
  95    23.750    0.0797     1.6668E+00   131.25   171.25
  96    24.000    0.0755     1.6596E+00   130.50   172.00
  97    24.250    0.0712     1.6518E+00   129.75   172.75
  98    24.500    0.0667     1.6434E+00   129.00   173.50
  99    24.750    0.0621     1.6345E+00   128.25   174.25
 100    25.000    0.0575     1.6252E+00   127.50   175.00
 101    25.250    0.0528     1.6155E+00   126.75   175.75
 102    25.500    0.0481     1.6055E+00   126.00   176.50
 103    25.750    0.0433     1.5951E+00   125.25   177.25
 104    26.000    0.0382     1.5841E+00   124.50   178.00
 105    26.250    0.0332     1.5727E+00   123.75   178.75
 106    26.500    0.0279     1.5608E+00   123.00   179.50
 107    26.750    0.0227     1.5488E+00   122.25   180.00
 108    27.000    0.0174     1.5363E+00   121.50   180.00
 109    27.250    0.0119     1.5233E+00   120.75   180.00
 110    27.500    0.0067     1.5107E+00   120.00   180.00
 111    27.750    0.0008     1.4969E+00   119.25   180.00
 112    28.000   -0.0048     1.4833E+00   118.50   180.00
 113    28.250   -0.0105     1.4693E+00   117.75   180.00
 114    28.500   -0.0162     1.4552E+00   117.00   180.00
 115    28.750   -0.0220     1.4411E+00   116.25   180.00
 116    29.000   -0.0278     1.4267E+00   115.50   180.00
 117    29.250   -0.0336     1.4123E+00   114.75   180.00
 118    29.500   -0.0396     1.3974E+00   114.00   180.00
 119    29.750   -0.0457     1.3825E+00   113.25   180.00
 120    30.000   -0.0517     1.3675E+00   112.50   180.00
 121    30.250   -0.0578     1.3525E+00   111.75   180.00
 122    30.500   -0.0638     1.3374E+00   111.00   180.00
 123    30.750   -0.0699     1.3224E+00   110.25   180.00
 124    31.000   -0.0762     1.3070E+00   109.50   180.00
 125    31.250   -0.0825     1.2917E+00   108.75   180.00
 126    31.500   -0.0888     1.2763E+00   108.00   180.00
 127    31.750   -0.0951     1.2610E+00   107.25   180.00
 128    32.000   -0.1014     1.2457E+00   106.50   180.00
 129    32.250   -0.1078     1.2304E+00   105.75   180.00
 130    32.500   -0.1140     1.2154E+00   105.00   180.00
 131    32.750   -0.1206     1.1999E+00   104.25   180.00
 132    33.000   -0.1270     1.1847E+00   103.50   180.00
 133    33.250   -0.1335     1.1695E+00   102.75   180.00
 134    33.500   -0.1400     1.1544E+00   102.00   180.00
 135    33.750   -0.1464     1.1395E+00   101.25   180.00
 136    34.000   -0.1529     1.1246E+00   100.50   180.00
 137    34.250   -0.1594     1.1098E+00    99.75   180.00
 138    34.500   -0.1659     1.0950E+00    99.00   180.00
 139    34.750   -0.1725     1.0804E+00    98.25   180.00
 140    35.000   -0.1791     1.0658E+00    97.50   180.00
 141    35.250   -0.1856     1.0515E+00    96.75   180.00
 142    35.500   -0.1921     1.0372E+00    96.00   180.00
 143    35.750   -0.1986     1.0231E+00    95.25   180.00
 144    36.000   -0.2052     1.0091E+00    94.50   180.00
 145    36.250   -0.2117     9.9525E-01    93.75   180.00
 146    36.500   -0.2183     9.8151E-01    93.00   180.00
 147    36.750   -0.2248     9.6792E-01    92.25   180.00
 148    37.000   -0.2312     9.5454E-01    91.50   180.00
 149    37.250   -0.2377     9.4130E-01    90.75   180.00
 150    37.500   -0.2441     9.2828E-01    90.00   180.00
 151    37.750   -0.2506     9.1534E-01    89.25   180.00
 152    38.000   -0.2570     9.0257E-01    88.50   180.00
 153    38.250   -0.2634     8.8997E-01    87.75   180.00
 154    38.500   -0.2697     8.7757E-01    87.00   180.00
 155    38.750   -0.2760     8.6536E-01    86.25   180.00
 156    39.000   -0.2823     8.5330E-01    85.50   180.00
 157    39.250   -0.2885     8.4143E-01    84.75   180.00
 158    39.500   -0.2947     8.2973E-01    84.00   180.00
 159    39.750   -0.3009     8.1819E-01    83.25   180.00
 160    40.000   -0.3070     8.0685E-01    82.50   180.00
 161    40.250   -0.3131     7.9567E-01    81.75   180.00
 162    40.500   -0.3191     7.8470E-01    81.00   180.00
 163    40.750   -0.3250     7.7391E-01    80.25   180.00
 164    41.000   -0.3310     7.6327E-01    79.50   180.00
 165    41.250   -0.3368     7.5282E-01    78.75   180.00
 166    41.500   -0.3426     7.4253E-01    78.00   180.00
 167    41.750   -0.3484     7.3244E-01    77.25   180.00
 168    42.000   -0.3541     7.2251E-01    76.50   180.00
 169    42.250   -0.3597     7.1277E-01    75.75   180.00
 170    42.500   -0.3653     7.0319E-01    75.00   180.00
 171    42.750   -0.3707     6.9383E-01    74.25   180.00
 172    43.000   -0.3761     6.8457E-01    73.50   180.00
 173    43.250   -0.3814     6.7553E-01    72.75   180.00
 174    43.500   -0.3867     6.6663E-01    72.00   180.00
 175    43.750   -0.3919     6.5789E-01    71.25   180.00
 176    44.000   -0.3970     6.4934E-01    70.50   180.00
 177    44.250   -0.4021     6.4094E-01    69.75   180.00
 178    44.500   -0.4070     6.3270E-01    69.00   180.00
 179    44.750   -0.4119     6.2464E-01    68.25   180.00
 180    45.000   -0.4167     6.1671E-01    67.50   180.00
 181    45.250   -0.4214     6.0894E-01    66.75   180.00
 182    45.500   -0.4261     6.0132E-01    66.00   180.00
 183    45.750   -0.4306     5.9385E-01    65.25   180.00
 184    46.000   -0.4350     5.8657E-01    64.50   180.00
 185    46.250   -0.4394     5.7940E-01    63.75   180.00
 186    46.500   -0.4436     5.7239E-01    63.00   180.00
 187    46.750   -0.4478     5.6550E-01    62.25   180.00
 188    47.000   -0.4747     5.5920E-01    61.50   180.00
 189    47.250   -0.4559     5.5219E-01    60.75   180.00
 190    47.500   -0.4486     5.4502E-01    60.00   180.00
 191    47.750   -0.4608     5.4020E-01    60.00   180.00
 192    48.000   -0.4599     5.3605E-01    60.00   180.00
 193    48.250   -0.4599     5.3146E-01    60.00   180.00
 194    48.500   -0.4599     5.2698E-01    60.00   180.00
 195    48.750   -0.4599     5.2259E-01    60.00   180.00
 196    49.000   -0.4599     5.1831E-01    60.00   180.00
 197    49.250   -0.4599     5.1411E-01    60.00   180.00
 198    49.500   -0.4599     5.0999E-01    60.00   180.00
 199    49.750   -0.4598     5.0600E-01    60.00   180.00
 200    50.000   -0.4598     5.0205E-01    60.00   180.00
 201    50.250   -0.4598     4.9817E-01    60.00   180.00
 202    50.500   -0.4598     4.9437E-01    60.00   180.00
 203    50.750   -0.4598     4.9063E-01    60.00   180.00
 204    51.000   -0.4599     4.8696E-01    60.00   180.00
 205    51.250   -0.4599     4.8335E-01    60.00   180.00
 206    51.500   -0.4599     4.7981E-01    60.00   180.00
 207    51.750   -0.4599     4.7632E-01    60.00   180.00
 208    52.000   -0.4599     4.7290E-01    60.00   180.00
 209    52.250   -0.4599     4.6953E-01    60.00   180.00
 210    52.500   -0.4599     4.6621E-01    60.00   180.00
 211    52.750   -0.4599     4.6295E-01    60.00   180.00
 212    53.000   -0.4598     4.5977E-01    60.00   180.00
 213    53.250   -0.4598     4.5661E-01    60.00   180.00
 214    53.500   -0.4598     4.5350E-01    60.00   180.00
 215    53.750   -0.4598     4.5043E-01    60.00   180.00
 216    54.000   -0.4598     4.4741E-01    60.00   180.00
 217    54.250   -0.4598     4.4443E-01    60.00   180.00
 218    54.500   -0.4598     4.4149E-01    60.00   180.00
 219    54.750   -0.4598     4.3860E-01    60.00   180.00
 220    55.000   -0.4598     4.3574E-01    60.00   180.00
 221    55.250   -0.4598     4.3292E-01    60.00   180.00
 222    55.500   -0.4598     4.3015E-01    60.00   180.00
 223    55.750   -0.4598     4.2741E-01    60.00   180.00
 224    56.000   -0.4598     4.2470E-01    60.00   180.00
 225    56.250   -0.4598     4.2203E-01    60.00   180.00
 226    56.500   -0.4598     4.1940E-01    60.00   180.00
 227    56.750   -0.4598     4.1680E-01    60.00   180.00
 228    57.000   -0.4598     4.1426E-01    60.00   180.00
 229    57.250   -0.4598     4.1173E-01    60.00   180.00
 230    57.500   -0.4598     4.0922E-01    60.00   180.00
 231    57.750   -0.4598     4.0675E-01    60.00   180.00
 232    58.000   -0.4598     4.0430E-01    60.00   180.00
 233    58.250   -0.4598     4.0188E-01    60.00   180.00
 234    58.500   -0.4598     3.9950E-01    60.00   180.00
 235    58.750   -0.4598     3.9713E-01    60.00   180.00
 236    59.000   -0.4598     3.9480E-01    60.00   180.00
 237    59.250   -0.4598     3.9249E-01    60.00   180.00
 238    59.500   -0.4598     3.9021E-01    60.00   180.00
 239    59.750   -0.4598     3.8795E-01    60.00   180.00
 240    60.000   -0.4598     3.8572E-01    60.00   180.00

   WARNING: ONE OR MORE OUTER ITERATIONS DID NOT CONVERGE. YOU MAY NEED TO REDUCE TIME STEP


 Total time :    1493.3195720000001       seconds
