                       ###########################################################
                       #                     ADPRES 1.1                          #
                       #        ABU DHABI POLYTECHNIC REACTOR SIMULATOR          #
                       ###########################################################  


  ========================================INPUT DATA STARTS HERE=====================================
     1: ! CRITICAL BORON CONCENTRATION SEARCH CALCULATION                                                   
     2: ! FOR PWR NEACRP BENCHMARK                                                                          
     3: %MODE                                                                                               
     4: RODEJECT                                                                                            
     5:                                                                                                     
     6: ! CASE CARD                                                                                         
     7: %CASE                                                                                               
     8: NEACRP Critical Boron Concentration Search - Case A1                                                
     9: 10.803 CM NODE SIZE                                                                                 
    10:                                                                                                     
    11: ! XSEC CARD                                                                                         
    12: %XTAB                                                                                               
    13: 2  18    ! Number of groups and number of materials                                                 
    14: ! XTAB files for each material                                                                      
    15: /home/imronuke/github/ADPRES/smpl/2G_XSEC_u42   1  !MAT  1 : u42u  0.15 GWD/TON                     
    16: /home/imronuke/github/ADPRES/smpl/2G_XSEC_u42   2  !MAT  2 : u42u  17.5 GWD/TON                     
    17: /home/imronuke/github/ADPRES/smpl/2G_XSEC_u42   4  !MAT  3 : u42u  22.5 GWD/TON                     
    18: /home/imronuke/github/ADPRES/smpl/2G_XSEC_u42   5  !MAT  4 : u42u  32.5 GWD/TON                     
    19: /home/imronuke/github/ADPRES/smpl/2G_XSEC_u42   6  !MAT  5 : u42u  35.0 GWD/TON                     
    20: /home/imronuke/github/ADPRES/smpl/2G_XSEC_u42   7  !MAT  6 : u42u  37.5 GWD/TON                     
    21: /home/imronuke/github/ADPRES/smpl/2G_XSEC_u45   1  !MAT  7 : u45u  0.15 GWD/TON                     
    22: /home/imronuke/github/ADPRES/smpl/2G_XSEC_u45   2  !MAT  8 : u45u  17.5 GWD/TON                     
    23: /home/imronuke/github/ADPRES/smpl/2G_XSEC_u45   3  !MAT  9 : u45u  20.5 GWD/TON                     
    24: /home/imronuke/github/ADPRES/smpl/2G_XSEC_u45   5  !MAT  10: u45u  32.5 GWD/TON                     
    25: /home/imronuke/github/ADPRES/smpl/2G_XSEC_u45   7  !MAT  11: u45u  37.5 GWD/TON                     
    26: /home/imronuke/github/ADPRES/smpl/2G_XSEC_m40   1  !MAT  12: m40m  0.15 GWD/TON                     
    27: /home/imronuke/github/ADPRES/smpl/2G_XSEC_m40   4  !MAT  13: m40m  22.5 GWD/TON                     
    28: /home/imronuke/github/ADPRES/smpl/2G_XSEC_m40   7  !MAT  14: m40m  37.5 GWD/TON                     
    29: /home/imronuke/github/ADPRES/smpl/2G_XSEC_m43   1  !MAT  15: m43m  0.15 GWD/TON                     
    30: /home/imronuke/github/ADPRES/smpl/2G_XSEC_m43   2  !MAT  16: m43m  17.5 GWD/TON                     
    31: /home/imronuke/github/ADPRES/smpl/2G_XSEC_m43   6  !MAT  17: m43m  35.0 GWD/TON                     
    32: /home/imronuke/github/ADPRES/smpl/2G_XSEC_refl  1  !MAT  18: REFLECTOR                              
    33: 1                                                                                                   
    34:                                                                                                     
    35: %GEOM                                                                                               
    36: 17 17 22                !nx, ny, nz                                                                 
    37: 17*21.42                !x-direction assembly size in cm                                            
    38: 17*2                    !x-direction assembly division                                              
    39: 17*21.42                !y-direction assembly size in cm                                            
    40: 17*2                    !y-direction assembly ddivision                                             
    41: 21.42 20*18.288 21.42   !z-direction assembly size in cm                                            
    42: 22*1                    !z-direction assembly division                                              
    43: 2                       !np number of planar type                                                   
    44: 2 20*1 2                                                                                            
    45: ! Planar_type_1                                                                                     
    46:  0  0   0   0  18  18  18  18  18  18  18  18  18   0   0   0   0                                   
    47:  0  0  18  18  18   9  17   8   4   8  17   9  18  18  18   0   0                                   
    48:  0 18  18  10   2  15   7  12   7  12   7  15   2  10  18  18   0                                   
    49:  0 18  10  15   7   9  16   4  16   4  16   9   7  15  10  18   0                                   
    50: 18 18   2   7   6   1   3   1  11   1   3   1   6   7   2  18  18                                   
    51: 18  9  15   9   1  14   1  13   7  13   1  14   1   9  15   9  18                                   
    52: 18 17   7  16   3   1   3  10   3  10   3   1   3  16   7  17  18                                   
    53: 18  8  12   4   1  13  10   2   1   2  10  13   1   4  12   8  18                                   
    54: 18  4   7  16  11   7   3   1   5   1   3   7  11  16   7   4  18                                   
    55: 18  8  12   4   1  13  10   2   1   2  10  13   1   4  12   8  18                                   
    56: 18 17   7  16   3   1   3  10   3  10   3   1   3  16   7  17  18                                   
    57: 18  9  15   9   1  14   1  13   7  13   1  14   1   9  15   9  18                                   
    58: 18 18   2   7   6   1   3   1  11   1   3   1   6   7   2  18  18                                   
    59:  0 18  10  15   7   9  16   4  16   4  16   9   7  15  10  18   0                                   
    60:  0 18  18  10   2  15   7  12   7  12   7  15   2  10  18  18   0                                   
    61:  0  0  18  18  18   9  17   8   4   8  17   9  18  18  18   0   0                                   
    62:  0  0   0   0  18  18  18  18  18  18  18  18  18   0   0   0   0                                   
    63: ! Planar_type_2                                                                                     
    64:  0  0  0  0 18 18 18 18 18 18 18 18 18  0  0  0  0                                                  
    65:  0  0 18 18 18 18 18 18 18 18 18 18 18 18 18  0  0                                                  
    66:  0 18 18 18 18 18 18 18 18 18 18 18 18 18 18 18  0                                                  
    67:  0 18 18 18 18 18 18 18 18 18 18 18 18 18 18 18  0                                                  
    68: 18 18 18 18 18 18 18 18 18 18 18 18 18 18 18 18 18                                                  
    69: 18 18 18 18 18 18 18 18 18 18 18 18 18 18 18 18 18                                                  
    70: 18 18 18 18 18 18 18 18 18 18 18 18 18 18 18 18 18                                                  
    71: 18 18 18 18 18 18 18 18 18 18 18 18 18 18 18 18 18                                                  
    72: 18 18 18 18 18 18 18 18 18 18 18 18 18 18 18 18 18                                                  
    73: 18 18 18 18 18 18 18 18 18 18 18 18 18 18 18 18 18                                                  
    74: 18 18 18 18 18 18 18 18 18 18 18 18 18 18 18 18 18                                                  
    75: 18 18 18 18 18 18 18 18 18 18 18 18 18 18 18 18 18                                                  
    76: 18 18 18 18 18 18 18 18 18 18 18 18 18 18 18 18 18                                                  
    77:  0 18 18 18 18 18 18 18 18 18 18 18 18 18 18 18  0                                                  
    78:  0 18 18 18 18 18 18 18 18 18 18 18 18 18 18 18  0                                                  
    79:  0  0 18 18 18 18 18 18 18 18 18 18 18 18 18 0   0                                                  
    80:  0  0  0  0 18 18 18 18 18 18 18 18 18  0  0  0  0                                                  
    81:                                                                                                     
    82: ! Boundary conditions (east), (west), (north), (south), (bottom), (top)                             
    83: 0 0 0 0 0 0                                                                                         
    84:                                                                                                     
    85: ! CONTROL CARD                                                                                      
    86: %CROD                                                                                               
    87: 9    200.                   ! Number of CR banks and max number of banks                            
    88: 21.42  1.8288                ! Zero step pos. (cm) and cm/step (total 200 steps)                    
    89: 0. 0. 0. 0.  200. 200. 200. 200. 0.           ! CR Bank pos.                                        
    90: 0  0  0  0  0  0  0  0  0  0  0  0  0  0  0  0  0                                                   
    91: 0  0  0  0  0  0  0  0  0  0  0  0  0  0  0  0  0                                                   
    92: 0  0  0  0  5  0  2  0  3  0  2  0  5  0  0  0  0                                                   
    93: 0  0  0  0  0  7  0  6  0  6  0  7  0  0  0  0  0                                                   
    94: 0  0  5  0  4  0  0  0  8  0  0  0  9  0  5  0  0                                                   
    95: 0  0  0  7  0  0  0  0  0  0  0  0  0  7  0  0  0                                                   
    96: 0  0  2  0  0  0  3  0  1  0  3  0  0  0  2  0  0                                                   
    97: 0  0  0  6  0  0  0  0  0  0  0  0  0  6  0  0  0                                                   
    98: 0  0  3  0  8  0  1  0  4  0  1  0  8  0  3  0  0                                                   
    99: 0  0  0  6  0  0  0  0  0  0  0  0  0  6  0  0  0                                                   
   100: 0  0  2  0  0  0  3  0  1  0  3  0  0  0  2  0  0                                                   
   101: 0  0  0  7  0  0  0  0  0  0  0  0  0  7  0  0  0                                                   
   102: 0  0  5  0  4  0  0  0  8  0  0  0  4  0  5  0  0                                                   
   103: 0  0  0  0  0  7  0  6  0  6  0  7  0  0  0  0  0                                                   
   104: 0  0  0  0  5  0  2  0  3  0  2  0  5  0  0  0  0                                                   
   105: 0  0  0  0  0  0  0  0  0  0  0  0  0  0  0  0  0                                                   
   106: 0  0  0  0  0  0  0  0  0  0  0  0  0  0  0  0  0                                                   
   107: 1                                                                                                   
   108: 1                                                                                                   
   109:                                                                                                     
   110: ! BORON CONCENTRATION                                                                               
   111: %BCON                                                                                               
   112: 1341.26  1341.26  ! Since %xtab exist, second number is dummy                                       
   113:                                                                                                     
   114: ! THERMAL-HYDRAULIC CARD                                                                            
   115: %THER                                                                                               
   116: 0.0001                              ! Percent power in %                                            
   117: 3565.0e6                            ! Reactor thermal power for full geometry in Watt               
   118: 560.  82.121243523                  ! Inlet coolant temp. (Kelvin) and Fuel Assembly Mass flow rate 
   119: 3.951E-03  5.9E-05  5.73E-04  1.26E-2 ! Fuel meat rad., gap thinkness, cladding thinkness and pin pi
   120: 264  25                                ! Number of fuel pin and guide tubes                         
   121: 0.0                                  ! FRACTION OF HEAT DEPOSITED IN COOLANT                        
   122: 1                                                                                                   
   123:                                                                                                     
   124: %EJCT                                                                                               
   125: ! Final Bank Pos (steps)     Starts Move (seconds)     Speed (steps/seconds)                        
   126:      0.                       0.0                     0.0       ! Bank 1                            
   127:      0.                       0.0                     0.0       ! Bank 2                            
   128:      0.                       0.0                     0.0       ! Bank 3                            
   129:      0.                       0.0                     0.0       ! Bank 4                            
   130:      200.                     0.0                     0.0       ! Bank 5                            
   131:      200.                     0.0                     0.0       ! Bank 6                            
   132:      200.                     0.0                     0.0       ! Bank 7                            
   133:      200.                     0.0                     0.0       ! Bank 8                            
   134:      200.                     0.0                  2000.0       ! Bank 9                            
   135: 0.35  0.001  0.35  0.35            ! (seconds) total time, 1st time step, when to start 2nd time ste
   136: 1                                                                                                   
  ========================================INPUT DATA   ENDS HERE=====================================



                                             START READING INPUT
  ***************************************************************************************************
  CALCULATION MODE :                 ROD EJECTION CALCULATION

  CASE ID :   NEACRP Critical Boron Concentration Search - Case A1                                              
   10.803 CM NODE SIZE                                                                               


            >>>> READING TABULAR XSEC FILE <<<<
            --------------------------------------------

     MATERIAL  1
     XTAB FILE /home/imronuke/github/ADPRES/smpl/2G_XSEC_u42. COMPOSITION NUMBER  1
    GROUP   TRANSPORT    DIFFUSION  ABSORPTION    NU*FISS      KAP*FIS    FISS. SPCTR  NEUTRON VELOCITY
       1     0.229048    1.455299    0.009439     0.007481   9.70273E-14    1.000000     1.79429E+07
       2     0.785837    0.424176    0.104767     0.154901   2.06197E-12    0.000000     4.22094E+05
   --SCATTERING MATRIX--
     G/G'          1          2
      1        0.483225    0.014866
      2        0.000000    1.195350
   --BETA AND LAMBDA--
      GROUP        1            2            3            4            5            6
        BETA   2.45232E-04  1.30968E-03  1.27501E-03  2.95585E-03  1.31463E-03  5.47075E-04
      LAMBDA   1.33535E-02  3.26024E-02  1.21051E-01  3.05532E-01  8.60589E-01  2.89036E+00

     MATERIAL  2
     XTAB FILE /home/imronuke/github/ADPRES/smpl/2G_XSEC_u42. COMPOSITION NUMBER  2
    GROUP   TRANSPORT    DIFFUSION  ABSORPTION    NU*FISS      KAP*FIS    FISS. SPCTR  NEUTRON VELOCITY
       1     0.227182    1.467252    0.009858     0.006276   7.95434E-14    1.000000     1.82444E+07
       2     0.808587    0.412242    0.103749     0.159960   2.03201E-12    0.000000     4.11206E+05
   --SCATTERING MATRIX--
     G/G'          1          2
      1        0.483118    0.014481
      2        0.000000    1.209490
   --BETA AND LAMBDA--
      GROUP        1            2            3            4            5            6
        BETA   1.86953E-04  1.06844E-03  9.99030E-04  2.29298E-03  1.07961E-03  4.32194E-04
      LAMBDA   1.33553E-02  3.21573E-02  1.20047E-01  3.05441E-01  8.64836E-01  2.89466E+00

     MATERIAL  3
     XTAB FILE /home/imronuke/github/ADPRES/smpl/2G_XSEC_u42. COMPOSITION NUMBER  4
    GROUP   TRANSPORT    DIFFUSION  ABSORPTION    NU*FISS      KAP*FIS    FISS. SPCTR  NEUTRON VELOCITY
       1     0.226389    1.472392    0.010030     0.005966   7.51612E-14    1.000000     1.82434E+07
       2     0.812097    0.410460    0.102543     0.155249   1.95539E-12    0.000000     4.09155E+05
   --SCATTERING MATRIX--
     G/G'          1          2
      1        0.483742    0.014455
      2        0.000000    1.211600
   --BETA AND LAMBDA--
      GROUP        1            2            3            4            5            6
        BETA   1.73474E-04  1.01633E-03  9.38242E-04  2.15395E-03  1.03139E-03  4.08895E-04
      LAMBDA   1.33585E-02  3.20264E-02  1.19816E-01  3.05557E-01  8.66116E-01  2.89832E+00

     MATERIAL  4
     XTAB FILE /home/imronuke/github/ADPRES/smpl/2G_XSEC_u42. COMPOSITION NUMBER  5
    GROUP   TRANSPORT    DIFFUSION  ABSORPTION    NU*FISS      KAP*FIS    FISS. SPCTR  NEUTRON VELOCITY
       1     0.224782    1.482918    0.010334     0.005397   6.72309E-14    1.000000     1.81942E+07
       2     0.817605    0.407695    0.099179     0.143521   1.78070E-12    0.000000     4.05398E+05
   --SCATTERING MATRIX--
     G/G'          1          2
      1        0.485006    0.014455
      2        0.000000    1.214980
   --BETA AND LAMBDA--
      GROUP        1            2            3            4            5            6
        BETA   1.49676E-04  9.26112E-04  8.32341E-04  1.91515E-03  9.49097E-04  3.69269E-04
      LAMBDA   1.33669E-02  3.17628E-02  1.19372E-01  3.05879E-01  8.68703E-01  2.90712E+00

     MATERIAL  5
     XTAB FILE /home/imronuke/github/ADPRES/smpl/2G_XSEC_u42. COMPOSITION NUMBER  6
    GROUP   TRANSPORT    DIFFUSION  ABSORPTION    NU*FISS      KAP*FIS    FISS. SPCTR  NEUTRON VELOCITY
       1     0.224373    1.485621    0.010403     0.005266   6.54199E-14    1.000000     1.81768E+07
       2     0.818775    0.407112    0.098193     0.140363   1.73552E-12    0.000000     4.04511E+05
   --SCATTERING MATRIX--
     G/G'          1          2
      1        0.485275    0.014462
      2        0.000000    1.215710
   --BETA AND LAMBDA--
      GROUP        1            2            3            4            5            6
        BETA   1.44291E-04  9.05743E-04  8.08493E-04  1.86182E-03  9.30693E-04  3.60462E-04
      LAMBDA   1.33693E-02  3.16975E-02  1.19263E-01  3.05973E-01  8.69351E-01  2.90952E+00

     MATERIAL  6
     XTAB FILE /home/imronuke/github/ADPRES/smpl/2G_XSEC_u42. COMPOSITION NUMBER  7
    GROUP   TRANSPORT    DIFFUSION  ABSORPTION    NU*FISS      KAP*FIS    FISS. SPCTR  NEUTRON VELOCITY
       1     0.223959    1.488368    0.010469     0.005140   6.36795E-14    1.000000     1.81589E+07
       2     0.819868    0.406570    0.097172     0.137181   1.69049E-12    0.000000     4.03641E+05
   --SCATTERING MATRIX--
     G/G'          1          2
      1        0.485560    0.014469
      2        0.000000    1.216440
   --BETA AND LAMBDA--
      GROUP        1            2            3            4            5            6
        BETA   1.39111E-04  8.86085E-04  7.85555E-04  1.81063E-03  9.12987E-04  3.52016E-04
      LAMBDA   1.33719E-02  3.16326E-02  1.19154E-01  3.06072E-01  8.69997E-01  2.91198E+00

     MATERIAL  7
     XTAB FILE /home/imronuke/github/ADPRES/smpl/2G_XSEC_u45. COMPOSITION NUMBER  1
    GROUP   TRANSPORT    DIFFUSION  ABSORPTION    NU*FISS      KAP*FIS    FISS. SPCTR  NEUTRON VELOCITY
       1     0.229147    1.454670    0.009594     0.007809   1.01372E-13    1.000000     1.81329E+07
       2     0.784603    0.424843    0.108868     0.163559   2.17728E-12    0.000000     4.24454E+05
   --SCATTERING MATRIX--
     G/G'          1          2
      1        0.482550    0.014679
      2        0.000000    1.194010
   --BETA AND LAMBDA--
      GROUP        1            2            3            4            5            6
        BETA   2.48078E-04  1.32414E-03  1.28872E-03  2.98614E-03  1.32654E-03  5.52093E-04
      LAMBDA   1.33532E-02  3.26046E-02  1.21047E-01  3.05492E-01  8.60438E-01  2.88985E+00

     MATERIAL  8
     XTAB FILE /home/imronuke/github/ADPRES/smpl/2G_XSEC_u45. COMPOSITION NUMBER  2
    GROUP   TRANSPORT    DIFFUSION  ABSORPTION    NU*FISS      KAP*FIS    FISS. SPCTR  NEUTRON VELOCITY
       1     0.227344    1.466207    0.009971     0.006576   8.35451E-14    1.000000     1.83949E+07
       2     0.806708    0.413202    0.107875     0.168190   2.14227E-12    0.000000     4.13698E+05
   --SCATTERING MATRIX--
     G/G'          1          2
      1        0.482573    0.014347
      2        0.000000    1.207720
   --BETA AND LAMBDA--
      GROUP        1            2            3            4            5            6
        BETA   1.92194E-04  1.09112E-03  1.02344E-03  2.34890E-03  1.09980E-03  4.41571E-04
      LAMBDA   1.33546E-02  3.21947E-02  1.20117E-01  3.05394E-01  8.64368E-01  2.89355E+00

     MATERIAL  9
     XTAB FILE /home/imronuke/github/ADPRES/smpl/2G_XSEC_u45. COMPOSITION NUMBER  3
    GROUP   TRANSPORT    DIFFUSION  ABSORPTION    NU*FISS      KAP*FIS    FISS. SPCTR  NEUTRON VELOCITY
       1     0.226953    1.468733    0.010053     0.006413   8.12446E-14    1.000000     1.83966E+07
       2     0.808559    0.412256    0.107292     0.165988   2.10537E-12    0.000000     4.12621E+05
   --SCATTERING MATRIX--
     G/G'          1          2
      1        0.482881    0.014332
      2        0.000000    1.208840
   --BETA AND LAMBDA--
      GROUP        1            2            3            4            5            6
        BETA   1.85511E-04  1.06493E-03  9.93078E-04  2.27909E-03  1.07543E-03  4.29815E-04
      LAMBDA   1.33558E-02  3.21343E-02  1.20008E-01  3.05440E-01  8.64962E-01  2.89512E+00

     MATERIAL 10
     XTAB FILE /home/imronuke/github/ADPRES/smpl/2G_XSEC_u45. COMPOSITION NUMBER  5
    GROUP   TRANSPORT    DIFFUSION  ABSORPTION    NU*FISS      KAP*FIS    FISS. SPCTR  NEUTRON VELOCITY
       1     0.225018    1.481363    0.010416     0.005661   7.07275E-14    1.000000     1.83362E+07
       2     0.815846    0.408574    0.103160     0.151595   1.88754E-12    0.000000     4.07712E+05
   --SCATTERING MATRIX--
     G/G'          1          2
      1        0.484461    0.014328
      2        0.000000    1.213320
   --BETA AND LAMBDA--
      GROUP        1            2            3            4            5            6
        BETA   1.55698E-04  9.50751E-04  8.59655E-04  1.97675E-03  9.70807E-04  3.79454E-04
      LAMBDA   1.33648E-02  3.18259E-02  1.19482E-01  3.05782E-01  8.67989E-01  2.90485E+00

     MATERIAL 11
     XTAB FILE /home/imronuke/github/ADPRES/smpl/2G_XSEC_u45. COMPOSITION NUMBER  7
    GROUP   TRANSPORT    DIFFUSION  ABSORPTION    NU*FISS      KAP*FIS    FISS. SPCTR  NEUTRON VELOCITY
       1     0.224223    1.486615    0.010542     0.005388   6.69679E-14    1.000000     1.82963E+07
       2     0.818169    0.407414    0.101068     0.145048   1.79409E-12    0.000000     4.05875E+05
   --SCATTERING MATRIX--
     G/G'          1          2
      1        0.485021    0.014347
      2        0.000000    1.214840
   --BETA AND LAMBDA--
      GROUP        1            2            3            4            5            6
        BETA   1.45180E-04  9.10783E-04  8.12987E-04  1.87226E-03  9.34672E-04  3.62180E-04
      LAMBDA   1.33694E-02  3.17020E-02  1.19276E-01  3.05957E-01  8.69217E-01  2.90936E+00

     MATERIAL 12
     XTAB FILE /home/imronuke/github/ADPRES/smpl/2G_XSEC_m40. COMPOSITION NUMBER  1
    GROUP   TRANSPORT    DIFFUSION  ABSORPTION    NU*FISS      KAP*FIS    FISS. SPCTR  NEUTRON VELOCITY
       1     0.228636    1.457921    0.011093     0.008188   9.71310E-14    1.000000     1.95047E+07
       2     0.815569    0.408713    0.239482     0.366941   4.33680E-12    0.000000     4.46285E+05
   --SCATTERING MATRIX--
     G/G'          1          2
      1        0.477294    0.012775
      2        0.000000    1.161750
   --BETA AND LAMBDA--
      GROUP        1            2            3            4            5            6
        BETA   9.68130E-05  6.52186E-04  5.49697E-04  1.18295E-03  6.71243E-04  2.35929E-04
      LAMBDA   1.33339E-02  3.10291E-02  1.16272E-01  3.03992E-01  8.77543E-01  2.88755E+00

     MATERIAL 13
     XTAB FILE /home/imronuke/github/ADPRES/smpl/2G_XSEC_m40. COMPOSITION NUMBER  4
    GROUP   TRANSPORT    DIFFUSION  ABSORPTION    NU*FISS      KAP*FIS    FISS. SPCTR  NEUTRON VELOCITY
       1     0.227413    1.465762    0.011685     0.006915   8.19569E-14    1.000000     1.95818E+07
       2     0.811931    0.410544    0.181520     0.273905   3.23062E-12    0.000000     4.29919E+05
   --SCATTERING MATRIX--
     G/G'          1          2
      1        0.480334    0.012576
      2        0.000000    1.164730
   --BETA AND LAMBDA--
      GROUP        1            2            3            4            5            6
        BETA   9.38540E-05  7.09951E-04  5.72418E-04  1.28454E-03  7.35784E-04  2.60674E-04
      LAMBDA   1.33791E-02  3.07927E-02  1.16686E-01  3.05746E-01  8.78051E-01  2.92167E+00

     MATERIAL 14
     XTAB FILE /home/imronuke/github/ADPRES/smpl/2G_XSEC_m40. COMPOSITION NUMBER  7
    GROUP   TRANSPORT    DIFFUSION  ABSORPTION    NU*FISS      KAP*FIS    FISS. SPCTR  NEUTRON VELOCITY
       1     0.226361    1.472574    0.011980     0.006174   7.31420E-14    1.000000     1.94975E+07
       2     0.810540    0.411248    0.153555     0.224652   2.64488E-12    0.000000     4.21069E+05
   --SCATTERING MATRIX--
     G/G'          1          2
      1        0.481991    0.012582
      2        0.000000    1.167270
   --BETA AND LAMBDA--
      GROUP        1            2            3            4            5            6
        BETA   9.12619E-05  7.41690E-04  5.83091E-04  1.34128E-03  7.72831E-04  2.75035E-04
      LAMBDA   1.34101E-02  3.06611E-02  1.16941E-01  3.06779E-01  8.78420E-01  2.94106E+00

     MATERIAL 15
     XTAB FILE /home/imronuke/github/ADPRES/smpl/2G_XSEC_m43. COMPOSITION NUMBER  1
    GROUP   TRANSPORT    DIFFUSION  ABSORPTION    NU*FISS      KAP*FIS    FISS. SPCTR  NEUTRON VELOCITY
       1     0.228605    1.458119    0.011274     0.008567   1.01530E-13    1.000000     1.97123E+07
       2     0.817560    0.407717    0.248017     0.382948   4.52538E-12    0.000000     4.48495E+05
   --SCATTERING MATRIX--
     G/G'          1          2
      1        0.476719    0.012601
      2        0.000000    1.162390
   --BETA AND LAMBDA--
      GROUP        1            2            3            4            5            6
        BETA   9.70662E-05  6.54092E-04  5.50589E-04  1.18324E-03  6.71390E-04  2.35689E-04
      LAMBDA   1.33333E-02  3.10246E-02  1.16238E-01  3.03907E-01  8.77445E-01  2.88666E+00

     MATERIAL 16
     XTAB FILE /home/imronuke/github/ADPRES/smpl/2G_XSEC_m43. COMPOSITION NUMBER  2
    GROUP   TRANSPORT    DIFFUSION  ABSORPTION    NU*FISS      KAP*FIS    FISS. SPCTR  NEUTRON VELOCITY
       1     0.227579    1.464693    0.011766     0.007553   8.94721E-14    1.000000     1.97905E+07
       2     0.813873    0.409564    0.204243     0.310724   3.66689E-12    0.000000     4.36990E+05
   --SCATTERING MATRIX--
     G/G'          1          2
      1        0.479252    0.012432
      2        0.000000    1.163180
   --BETA AND LAMBDA--
      GROUP        1            2            3            4            5            6
        BETA   9.45247E-05  6.92547E-04  5.64681E-04  1.25190E-03  7.15486E-04  2.52753E-04
      LAMBDA   1.33655E-02  3.08519E-02  1.16549E-01  3.05231E-01  8.77883E-01  2.91217E+00

     MATERIAL 17
     XTAB FILE /home/imronuke/github/ADPRES/smpl/2G_XSEC_m43. COMPOSITION NUMBER  6
    GROUP   TRANSPORT    DIFFUSION  ABSORPTION    NU*FISS      KAP*FIS    FISS. SPCTR  NEUTRON VELOCITY
       1     0.226563    1.471261    0.012097     0.006660   7.88410E-14    1.000000     1.97466E+07
       2     0.812048    0.410485    0.168360     0.250926   2.95551E-12    0.000000     4.25751E+05
   --SCATTERING MATRIX--
     G/G'          1          2
      1        0.481016    0.012393
      2        0.000000    1.166040
   --BETA AND LAMBDA--
      GROUP        1            2            3            4            5            6
        BETA   9.22906E-05  7.35654E-04  5.81560E-04  1.32739E-03  7.63539E-04  2.71132E-04
      LAMBDA   1.34008E-02  3.06926E-02  1.16842E-01  3.06431E-01  8.78226E-01  2.93527E+00

     MATERIAL 18
     XTAB FILE /home/imronuke/github/ADPRES/smpl/2G_XSEC_refl. COMPOSITION NUMBER  1
    GROUP   TRANSPORT    DIFFUSION  ABSORPTION    NU*FISS      KAP*FIS    FISS. SPCTR  NEUTRON VELOCITY
       1     0.303521    1.098222    0.002045     0.000000   0.00000E+00    1.000000     1.35479E+07
       2     1.275640    0.261307    0.016275     0.000000   0.00000E+00    0.000000     3.62628E+05
   --SCATTERING MATRIX--
     G/G'          1          2
      1        0.637098    0.027340
      2        0.000000    2.055600
   --BETA AND LAMBDA--
      GROUP        1            2            3            4            5            6
        BETA   0.00000E+00  0.00000E+00  0.00000E+00  0.00000E+00  0.00000E+00  0.00000E+00
      LAMBDA   0.00000E+00  0.00000E+00  0.00000E+00  0.00000E+00  0.00000E+00  0.00000E+00

  ...XTAB FILE Card is successfully read...


            >>>>>READING CORE GEOMETRY<<<<<
            -------------------------------
  Number of assembly in x, y and z directions respectively :
          17          17          22
  Number of nodes in x, y and z directions respectively :
          34          34          22

  x-directed nodes division (delta-x)
    10.71  10.71  10.71  10.71  10.71  10.71  10.71  10.71  10.71  10.71
    10.71  10.71  10.71  10.71  10.71  10.71  10.71  10.71  10.71  10.71
    10.71  10.71  10.71  10.71  10.71  10.71  10.71  10.71  10.71  10.71
    10.71  10.71  10.71  10.71
  y-directed nodes division (delta-y)
    10.71  10.71  10.71  10.71  10.71  10.71  10.71  10.71  10.71  10.71
    10.71  10.71  10.71  10.71  10.71  10.71  10.71  10.71  10.71  10.71
    10.71  10.71  10.71  10.71  10.71  10.71  10.71  10.71  10.71  10.71
    10.71  10.71  10.71  10.71

   Planar Region :  1
        1  2  3  4  5  6  7  8  9 10 11 12 13 14 15 16 17 18 19 20 21 22 23 24 25 26 27 28 29 30 31 32 33 34
    34                          18 18 18 18 18 18 18 18 18 18 18 18 18 18 18 18 18 18                        
    33                          18 18 18 18 18 18 18 18 18 18 18 18 18 18 18 18 18 18                        
    32              18 18 18 18 18 18 9  9  17 17 8  8  4  4  8  8  17 17 9  9  18 18 18 18 18 18            
    31              18 18 18 18 18 18 9  9  17 17 8  8  4  4  8  8  17 17 9  9  18 18 18 18 18 18            
    30        18 18 18 18 10 10 2  2  15 15 7  7  12 12 7  7  12 12 7  7  15 15 2  2  10 10 18 18 18 18      
    29        18 18 18 18 10 10 2  2  15 15 7  7  12 12 7  7  12 12 7  7  15 15 2  2  10 10 18 18 18 18      
    28        18 18 10 10 15 15 7  7  9  9  16 16 4  4  16 16 4  4  16 16 9  9  7  7  15 15 10 10 18 18      
    27        18 18 10 10 15 15 7  7  9  9  16 16 4  4  16 16 4  4  16 16 9  9  7  7  15 15 10 10 18 18      
    26  18 18 18 18 2  2  7  7  6  6  1  1  3  3  1  1  11 11 1  1  3  3  1  1  6  6  7  7  2  2  18 18 18 18
    25  18 18 18 18 2  2  7  7  6  6  1  1  3  3  1  1  11 11 1  1  3  3  1  1  6  6  7  7  2  2  18 18 18 18
    24  18 18 9  9  15 15 9  9  1  1  14 14 1  1  13 13 7  7  13 13 1  1  14 14 1  1  9  9  15 15 9  9  18 18
    23  18 18 9  9  15 15 9  9  1  1  14 14 1  1  13 13 7  7  13 13 1  1  14 14 1  1  9  9  15 15 9  9  18 18
    22  18 18 17 17 7  7  16 16 3  3  1  1  3  3  10 10 3  3  10 10 3  3  1  1  3  3  16 16 7  7  17 17 18 18
    21  18 18 17 17 7  7  16 16 3  3  1  1  3  3  10 10 3  3  10 10 3  3  1  1  3  3  16 16 7  7  17 17 18 18
    20  18 18 8  8  12 12 4  4  1  1  13 13 10 10 2  2  1  1  2  2  10 10 13 13 1  1  4  4  12 12 8  8  18 18
    19  18 18 8  8  12 12 4  4  1  1  13 13 10 10 2  2  1  1  2  2  10 10 13 13 1  1  4  4  12 12 8  8  18 18
    18  18 18 4  4  7  7  16 16 11 11 7  7  3  3  1  1  5  5  1  1  3  3  7  7  11 11 16 16 7  7  4  4  18 18
    17  18 18 4  4  7  7  16 16 11 11 7  7  3  3  1  1  5  5  1  1  3  3  7  7  11 11 16 16 7  7  4  4  18 18
    16  18 18 8  8  12 12 4  4  1  1  13 13 10 10 2  2  1  1  2  2  10 10 13 13 1  1  4  4  12 12 8  8  18 18
    15  18 18 8  8  12 12 4  4  1  1  13 13 10 10 2  2  1  1  2  2  10 10 13 13 1  1  4  4  12 12 8  8  18 18
    14  18 18 17 17 7  7  16 16 3  3  1  1  3  3  10 10 3  3  10 10 3  3  1  1  3  3  16 16 7  7  17 17 18 18
    13  18 18 17 17 7  7  16 16 3  3  1  1  3  3  10 10 3  3  10 10 3  3  1  1  3  3  16 16 7  7  17 17 18 18
    12  18 18 9  9  15 15 9  9  1  1  14 14 1  1  13 13 7  7  13 13 1  1  14 14 1  1  9  9  15 15 9  9  18 18
    11  18 18 9  9  15 15 9  9  1  1  14 14 1  1  13 13 7  7  13 13 1  1  14 14 1  1  9  9  15 15 9  9  18 18
    10  18 18 18 18 2  2  7  7  6  6  1  1  3  3  1  1  11 11 1  1  3  3  1  1  6  6  7  7  2  2  18 18 18 18
     9  18 18 18 18 2  2  7  7  6  6  1  1  3  3  1  1  11 11 1  1  3  3  1  1  6  6  7  7  2  2  18 18 18 18
     8        18 18 10 10 15 15 7  7  9  9  16 16 4  4  16 16 4  4  16 16 9  9  7  7  15 15 10 10 18 18      
     7        18 18 10 10 15 15 7  7  9  9  16 16 4  4  16 16 4  4  16 16 9  9  7  7  15 15 10 10 18 18      
     6        18 18 18 18 10 10 2  2  15 15 7  7  12 12 7  7  12 12 7  7  15 15 2  2  10 10 18 18 18 18      
     5        18 18 18 18 10 10 2  2  15 15 7  7  12 12 7  7  12 12 7  7  15 15 2  2  10 10 18 18 18 18      
     4              18 18 18 18 18 18 9  9  17 17 8  8  4  4  8  8  17 17 9  9  18 18 18 18 18 18            
     3              18 18 18 18 18 18 9  9  17 17 8  8  4  4  8  8  17 17 9  9  18 18 18 18 18 18            
     2                          18 18 18 18 18 18 18 18 18 18 18 18 18 18 18 18 18 18                        
     1                          18 18 18 18 18 18 18 18 18 18 18 18 18 18 18 18 18 18                        
   Planar Region :  2
        1  2  3  4  5  6  7  8  9 10 11 12 13 14 15 16 17 18 19 20 21 22 23 24 25 26 27 28 29 30 31 32 33 34
    34                          18 18 18 18 18 18 18 18 18 18 18 18 18 18 18 18 18 18                        
    33                          18 18 18 18 18 18 18 18 18 18 18 18 18 18 18 18 18 18                        
    32              18 18 18 18 18 18 18 18 18 18 18 18 18 18 18 18 18 18 18 18 18 18 18 18 18 18            
    31              18 18 18 18 18 18 18 18 18 18 18 18 18 18 18 18 18 18 18 18 18 18 18 18 18 18            
    30        18 18 18 18 18 18 18 18 18 18 18 18 18 18 18 18 18 18 18 18 18 18 18 18 18 18 18 18 18 18      
    29        18 18 18 18 18 18 18 18 18 18 18 18 18 18 18 18 18 18 18 18 18 18 18 18 18 18 18 18 18 18      
    28        18 18 18 18 18 18 18 18 18 18 18 18 18 18 18 18 18 18 18 18 18 18 18 18 18 18 18 18 18 18      
    27        18 18 18 18 18 18 18 18 18 18 18 18 18 18 18 18 18 18 18 18 18 18 18 18 18 18 18 18 18 18      
    26  18 18 18 18 18 18 18 18 18 18 18 18 18 18 18 18 18 18 18 18 18 18 18 18 18 18 18 18 18 18 18 18 18 18
    25  18 18 18 18 18 18 18 18 18 18 18 18 18 18 18 18 18 18 18 18 18 18 18 18 18 18 18 18 18 18 18 18 18 18
    24  18 18 18 18 18 18 18 18 18 18 18 18 18 18 18 18 18 18 18 18 18 18 18 18 18 18 18 18 18 18 18 18 18 18
    23  18 18 18 18 18 18 18 18 18 18 18 18 18 18 18 18 18 18 18 18 18 18 18 18 18 18 18 18 18 18 18 18 18 18
    22  18 18 18 18 18 18 18 18 18 18 18 18 18 18 18 18 18 18 18 18 18 18 18 18 18 18 18 18 18 18 18 18 18 18
    21  18 18 18 18 18 18 18 18 18 18 18 18 18 18 18 18 18 18 18 18 18 18 18 18 18 18 18 18 18 18 18 18 18 18
    20  18 18 18 18 18 18 18 18 18 18 18 18 18 18 18 18 18 18 18 18 18 18 18 18 18 18 18 18 18 18 18 18 18 18
    19  18 18 18 18 18 18 18 18 18 18 18 18 18 18 18 18 18 18 18 18 18 18 18 18 18 18 18 18 18 18 18 18 18 18
    18  18 18 18 18 18 18 18 18 18 18 18 18 18 18 18 18 18 18 18 18 18 18 18 18 18 18 18 18 18 18 18 18 18 18
    17  18 18 18 18 18 18 18 18 18 18 18 18 18 18 18 18 18 18 18 18 18 18 18 18 18 18 18 18 18 18 18 18 18 18
    16  18 18 18 18 18 18 18 18 18 18 18 18 18 18 18 18 18 18 18 18 18 18 18 18 18 18 18 18 18 18 18 18 18 18
    15  18 18 18 18 18 18 18 18 18 18 18 18 18 18 18 18 18 18 18 18 18 18 18 18 18 18 18 18 18 18 18 18 18 18
    14  18 18 18 18 18 18 18 18 18 18 18 18 18 18 18 18 18 18 18 18 18 18 18 18 18 18 18 18 18 18 18 18 18 18
    13  18 18 18 18 18 18 18 18 18 18 18 18 18 18 18 18 18 18 18 18 18 18 18 18 18 18 18 18 18 18 18 18 18 18
    12  18 18 18 18 18 18 18 18 18 18 18 18 18 18 18 18 18 18 18 18 18 18 18 18 18 18 18 18 18 18 18 18 18 18
    11  18 18 18 18 18 18 18 18 18 18 18 18 18 18 18 18 18 18 18 18 18 18 18 18 18 18 18 18 18 18 18 18 18 18
    10  18 18 18 18 18 18 18 18 18 18 18 18 18 18 18 18 18 18 18 18 18 18 18 18 18 18 18 18 18 18 18 18 18 18
     9  18 18 18 18 18 18 18 18 18 18 18 18 18 18 18 18 18 18 18 18 18 18 18 18 18 18 18 18 18 18 18 18 18 18
     8        18 18 18 18 18 18 18 18 18 18 18 18 18 18 18 18 18 18 18 18 18 18 18 18 18 18 18 18 18 18      
     7        18 18 18 18 18 18 18 18 18 18 18 18 18 18 18 18 18 18 18 18 18 18 18 18 18 18 18 18 18 18      
     6        18 18 18 18 18 18 18 18 18 18 18 18 18 18 18 18 18 18 18 18 18 18 18 18 18 18 18 18 18 18      
     5        18 18 18 18 18 18 18 18 18 18 18 18 18 18 18 18 18 18 18 18 18 18 18 18 18 18 18 18 18 18      
     4              18 18 18 18 18 18 18 18 18 18 18 18 18 18 18 18 18 18 18 18 18 18 18 18 18 18            
     3              18 18 18 18 18 18 18 18 18 18 18 18 18 18 18 18 18 18 18 18 18 18 18 18 18 18            
     2                          18 18 18 18 18 18 18 18 18 18 18 18 18 18 18 18 18 18                        
     1                          18 18 18 18 18 18 18 18 18 18 18 18 18 18 18 18 18 18                        

  Planar Region Assignment to planes.
 --------------------------------------
   Plane Number     Planar Region    delta-z
       22 (TOP)            2          21.42
       21                  1          18.29
       20                  1          18.29
       19                  1          18.29
       18                  1          18.29
       17                  1          18.29
       16                  1          18.29
       15                  1          18.29
       14                  1          18.29
       13                  1          18.29
       12                  1          18.29
       11                  1          18.29
       10                  1          18.29
        9                  1          18.29
        8                  1          18.29
        7                  1          18.29
        6                  1          18.29
        5                  1          18.29
        4                  1          18.29
        3                  1          18.29
        2                  1          18.29
        1 (BOTTOM)         2          21.42

   Boundary conditions
  X-directed West   : ZERO FLUX
  X-directed East   : ZERO FLUX
  Y-directed North  : ZERO FLUX
  Y-directed South  : ZERO FLUX
  Z-directed Bottom : ZERO FLUX
  Z-directed Top    : ZERO FLUX

  ...Core geometry is successfully read...


            >>>> READING CONTROL RODS INSERTION <<<<
            --------------------------------------------
  NUMBER OF CONTROL ROD BANK  :  9
  MAX. NUMBER OF STEPS        : 200
  FULLY INSERTED POSITION (cm): 21.4 (FROM BOTTOM OF THE CORE)
  STEP SIZE (cm)              :   1.8288
  CR CUSPING CORRECTION       : ACTIVE
  INITIAL CONTROL ROD BANK POSITION (STEPS) : 
  (0 means fully inserted) 
    Bank  1  Bank  2  Bank  3  Bank  4  Bank  5  Bank  6  Bank  7  Bank  8  Bank  9
      0.0      0.0      0.0      0.0    200.0    200.0    200.0    200.0      0.0

  CONTROL ROD BANK MAP : 
  0  0  0  0  0  0  0  0  0  0  0  0  0  0  0  0  0
  0  0  0  0  0  0  0  0  0  0  0  0  0  0  0  0  0
  0  0  0  0  5  0  2  0  3  0  2  0  5  0  0  0  0
  0  0  0  0  0  7  0  6  0  6  0  7  0  0  0  0  0
  0  0  5  0  4  0  0  0  8  0  0  0  9  0  5  0  0
  0  0  0  7  0  0  0  0  0  0  0  0  0  7  0  0  0
  0  0  2  0  0  0  3  0  1  0  3  0  0  0  2  0  0
  0  0  0  6  0  0  0  0  0  0  0  0  0  6  0  0  0
  0  0  3  0  8  0  1  0  4  0  1  0  8  0  3  0  0
  0  0  0  6  0  0  0  0  0  0  0  0  0  6  0  0  0
  0  0  2  0  0  0  3  0  1  0  3  0  0  0  2  0  0
  0  0  0  7  0  0  0  0  0  0  0  0  0  7  0  0  0
  0  0  5  0  4  0  0  0  8  0  0  0  4  0  5  0  0
  0  0  0  0  0  7  0  6  0  6  0  7  0  0  0  0  0
  0  0  0  0  5  0  2  0  3  0  2  0  5  0  0  0  0
  0  0  0  0  0  0  0  0  0  0  0  0  0  0  0  0  0
  0  0  0  0  0  0  0  0  0  0  0  0  0  0  0  0  0

  ...Control Rods Insertion card is successfully read...


            >>>>     READING ROD EJECTION DATA      <<<<
            --------------------------------------------
                           Bank  1  Bank  2  Bank  3  Bank  4  Bank  5  Bank  6  Bank  7  Bank  8  Bank  9
  FINAL BANK POS. (STEP)      0.0      0.0      0.0      0.0    200.0    200.0    200.0    200.0    200.0
  STARTS MOVE (SECOND)        0.0      0.0      0.0      0.0      0.0      0.0      0.0      0.0      0.0
  SPEED (STEP/SECOND)         0.0      0.0      0.0      0.0      0.0      0.0      0.0      0.0   2000.0

  TIME PARAMETERS IN SECONDS : 
    TOTAL SIMULATION TIME         :   0.35
    FIRST TIME STEP               : 0.0010
    SECOND TIME STEP              : 0.3500
    WHEN SECOND TIME STEP APPLY?  :   0.35

  ...Rod Ejection Card is successfully read...


            >>>>   READING THERMAL-HYDRAULIC DATA   <<<<
            --------------------------------------------
  REACTOR PERCENT POWER (%)                :      0.00010
  REACTOR POWER (Watt)                     :   3.5650E+09
  COOLANT INLET TEMPERATURE (Kelvin)       :   5.6000E+02
  FUEL ASSEMBLY MASS FLOW RATE (Kg/s)      :   8.2121E+01
  FUEL MEAT RADIUS (m)                     :   3.9510E-03
  GAP THICKNESS (m)                        :   5.9000E-05
  CLAD THICKNESS (m)                       :   5.7300E-04
  PIN PITCH(m)                             :   1.2600E-02
  FRACTION OF HEAT DEPOSITED IN COOL.      :   0.0000E+00

  ...Thermal-hydraulic Card is successfully read...


            >>>>       READING BORON CONCENTRATION        <<<<
            --------------------------------------------------

  ...Boron Concentration card is successfully read...


  **********************************  STOP READING INPUT  *******************************************

  TRANSIENT RESULTS :

  Step  Time(s)  React.($)   Rel. Power   Avg. Tm   Max. Tm   Avg. Tf   Max. Tf
 --------------------------------------------------------------------------------
   0     0.000    0.0000     1.0000E-06    286.85    286.85    286.85    286.85
   1     0.001    0.0053     1.0007E-06    286.85    286.85    286.85    286.85
   2     0.002    0.0061     1.0021E-06    286.85    286.85    286.85    286.85
   3     0.003    0.0064     1.0032E-06    286.85    286.85    286.85    286.85
   4     0.004    0.0066     1.0041E-06    286.85    286.85    286.85    286.85
   5     0.005    0.0068     1.0048E-06    286.85    286.85    286.85    286.85
   6     0.006    0.0072     1.0055E-06    286.85    286.85    286.85    286.85
   7     0.007    0.0076     1.0061E-06    286.85    286.85    286.85    286.85
   8     0.008    0.0082     1.0067E-06    286.85    286.85    286.85    286.85
   9     0.009    0.0089     1.0075E-06    286.85    286.85    286.85    286.85
  10     0.010    0.0100     1.0084E-06    286.85    286.85    286.85    286.85
  11     0.011    0.0109     1.0093E-06    286.85    286.85    286.85    286.85
  12     0.012    0.0121     1.0104E-06    286.85    286.85    286.85    286.85
  13     0.013    0.0136     1.0117E-06    286.85    286.85    286.85    286.85
  14     0.014    0.0155     1.0132E-06    286.85    286.85    286.85    286.85
  15     0.015    0.0180     1.0152E-06    286.85    286.85    286.85    286.85
  16     0.016    0.0199     1.0172E-06    286.85    286.85    286.85    286.85
  17     0.017    0.0223     1.0193E-06    286.85    286.85    286.85    286.85
  18     0.018    0.0252     1.0218E-06    286.85    286.85    286.85    286.85
  19     0.019    0.0289     1.0249E-06    286.85    286.85    286.85    286.85
  20     0.020    0.0336     1.0286E-06    286.85    286.85    286.85    286.85
  21     0.021    0.0371     1.0323E-06    286.85    286.85    286.85    286.85
  22     0.022    0.0411     1.0361E-06    286.85    286.85    286.85    286.85
  23     0.023    0.0460     1.0405E-06    286.85    286.85    286.85    286.85
  24     0.024    0.0522     1.0457E-06    286.85    286.85    286.85    286.85
  25     0.025    0.0600     1.0520E-06    286.85    286.85    286.85    286.85
  26     0.026    0.0655     1.0581E-06    286.85    286.85    286.85    286.85
  27     0.027    0.0717     1.0646E-06    286.85    286.85    286.85    286.85
  28     0.028    0.0791     1.0716E-06    286.85    286.85    286.85    286.85
  29     0.029    0.0885     1.0798E-06    286.85    286.85    286.85    286.85
  30     0.030    0.0999     1.0895E-06    286.85    286.85    286.85    286.85
  31     0.031    0.1081     1.0992E-06    286.85    286.85    286.85    286.85
  32     0.032    0.1169     1.1092E-06    286.85    286.85    286.85    286.85
  33     0.033    0.1272     1.1199E-06    286.85    286.85    286.85    286.85
  34     0.034    0.1400     1.1322E-06    286.85    286.85    286.85    286.85
  35     0.035    0.1555     1.1465E-06    286.85    286.85    286.85    286.85
  36     0.036    0.1665     1.1610E-06    286.85    286.85    286.85    286.85
  37     0.037    0.1782     1.1759E-06    286.85    286.85    286.85    286.85
  38     0.038    0.1916     1.1917E-06    286.85    286.85    286.85    286.85
  39     0.039    0.2077     1.2094E-06    286.85    286.85    286.85    286.85
  40     0.040    0.2274     1.2299E-06    286.85    286.85    286.85    286.85
  41     0.041    0.2412     1.2509E-06    286.85    286.85    286.85    286.85
  42     0.042    0.2555     1.2724E-06    286.85    286.85    286.85    286.85
  43     0.043    0.2718     1.2952E-06    286.85    286.85    286.85    286.85
  44     0.044    0.2910     1.3203E-06    286.85    286.85    286.85    286.85
  45     0.045    0.3139     1.3491E-06    286.85    286.85    286.85    286.85
  46     0.046    0.3303     1.3787E-06    286.85    286.85    286.85    286.85
  47     0.047    0.3468     1.4092E-06    286.85    286.85    286.85    286.85
  48     0.048    0.3653     1.4416E-06    286.85    286.85    286.85    286.85
  49     0.049    0.3870     1.4771E-06    286.85    286.85    286.85    286.85
  50     0.050    0.4121     1.5170E-06    286.85    286.85    286.85    286.85
  51     0.051    0.4300     1.5585E-06    286.85    286.85    286.85    286.85
  52     0.052    0.4481     1.6015E-06    286.85    286.85    286.85    286.85
  53     0.053    0.4679     1.6471E-06    286.85    286.85    286.85    286.85
  54     0.054    0.4908     1.6968E-06    286.85    286.85    286.85    286.85
  55     0.055    0.5172     1.7526E-06    286.85    286.85    286.85    286.85
  56     0.056    0.5356     1.8106E-06    286.85    286.85    286.85    286.85
  57     0.057    0.5543     1.8712E-06    286.85    286.85    286.85    286.85
  58     0.058    0.5745     1.9355E-06    286.85    286.85    286.85    286.85
  59     0.059    0.5975     2.0054E-06    286.85    286.85    286.85    286.85
  60     0.060    0.6236     2.0833E-06    286.85    286.85    286.85    286.85
  61     0.061    0.6419     2.1650E-06    286.85    286.85    286.85    286.85
  62     0.062    0.6600     2.2506E-06    286.85    286.85    286.85    286.85
  63     0.063    0.6796     2.3417E-06    286.85    286.85    286.85    286.85
  64     0.064    0.7017     2.4407E-06    286.85    286.85    286.85    286.85
  65     0.065    0.7264     2.5505E-06    286.85    286.85    286.85    286.85
  66     0.066    0.7437     2.6666E-06    286.85    286.85    286.85    286.85
  67     0.067    0.7606     2.7888E-06    286.85    286.85    286.85    286.85
  68     0.068    0.7789     2.9196E-06    286.85    286.85    286.85    286.85
  69     0.069    0.7991     3.0616E-06    286.85    286.85    286.85    286.85
  70     0.070    0.8216     3.2186E-06    286.85    286.85    286.85    286.85
  71     0.071    0.8371     3.3852E-06    286.85    286.85    286.85    286.85
  72     0.072    0.8522     3.5618E-06    286.85    286.85    286.85    286.85
  73     0.073    0.8685     3.7512E-06    286.85    286.85    286.85    286.85
  74     0.074    0.8863     3.9572E-06    286.85    286.85    286.85    286.85
  75     0.075    0.9059     4.1844E-06    286.85    286.85    286.85    286.85
  76     0.076    0.9192     4.4263E-06    286.85    286.85    286.85    286.85
  77     0.077    0.9323     4.6844E-06    286.85    286.85    286.85    286.85
  78     0.078    0.9461     4.9618E-06    286.85    286.85    286.85    286.85
  79     0.079    0.9610     5.2635E-06    286.85    286.85    286.85    286.85
  80     0.080    0.9773     5.5953E-06    286.85    286.85    286.85    286.85
  81     0.081    0.9883     5.9498E-06    286.85    286.85    286.85    286.85
  82     0.082    0.9989     6.3289E-06    286.85    286.85    286.85    286.85
  83     0.083    1.0100     6.7371E-06    286.85    286.85    286.85    286.85
  84     0.084    1.0218     7.1802E-06    286.85    286.85    286.85    286.85
  85     0.085    1.0345     7.6653E-06    286.85    286.85    286.85    286.85
  86     0.086    1.0430     8.1846E-06    286.85    286.85    286.85    286.85
  87     0.087    1.0512     8.7410E-06    286.85    286.85    286.85    286.85
  88     0.088    1.0594     9.3395E-06    286.85    286.85    286.85    286.85
  89     0.089    1.0680     9.9868E-06    286.85    286.85    286.85    286.85
  90     0.090    1.0770     1.0690E-05    286.85    286.85    286.85    286.85
  91     0.091    1.0830     1.1443E-05    286.85    286.85    286.85    286.85
  92     0.092    1.0885     1.2247E-05    286.85    286.85    286.85    286.85
  93     0.093    1.0940     1.3109E-05    286.85    286.85    286.85    286.85
  94     0.094    1.0994     1.4034E-05    286.85    286.85    286.85    286.85
  95     0.095    1.1048     1.5031E-05    286.85    286.85    286.85    286.85
  96     0.096    1.1084     1.6091E-05    286.85    286.85    286.85    286.85
  97     0.097    1.1115     1.7220E-05    286.85    286.85    286.85    286.85
  98     0.098    1.1145     1.8422E-05    286.85    286.85    286.85    286.85
  99     0.099    1.1172     1.9703E-05    286.85    286.85    286.85    286.85
 100     0.100    1.1197     2.1067E-05    286.85    286.85    286.85    286.85
 101     0.101    1.1214     2.2512E-05    286.85    286.85    286.85    286.85
 102     0.102    1.1229     2.4043E-05    286.85    286.85    286.85    286.85
 103     0.103    1.1243     2.5667E-05    286.85    286.85    286.85    286.85
 104     0.104    1.1256     2.7391E-05    286.85    286.85    286.85    286.85
 105     0.105    1.1266     2.9213E-05    286.85    286.85    286.85    286.85
 106     0.106    1.1277     3.1147E-05    286.85    286.85    286.85    286.85
 107     0.107    1.1288     3.3201E-05    286.85    286.85    286.85    286.85
 108     0.108    1.1297     3.5377E-05    286.85    286.85    286.85    286.85
 109     0.109    1.1305     3.7684E-05    286.85    286.85    286.85    286.85
 110     0.110    1.1314     4.0130E-05    286.85    286.85    286.85    286.85
 111     0.111    1.1321     4.2722E-05    286.85    286.85    286.85    286.85
 112     0.112    1.1327     4.5468E-05    286.85    286.85    286.85    286.85
 113     0.113    1.1335     4.8383E-05    286.85    286.85    286.85    286.85
 114     0.114    1.1341     5.1473E-05    286.85    286.85    286.85    286.85
 115     0.115    1.1345     5.4745E-05    286.85    286.85    286.85    286.85
 116     0.116    1.1351     5.8214E-05    286.85    286.85    286.85    286.85
 117     0.117    1.1357     6.1898E-05    286.85    286.85    286.85    286.85
 118     0.118    1.1362     6.5804E-05    286.85    286.85    286.85    286.85
 119     0.119    1.1365     6.9939E-05    286.85    286.85    286.85    286.85
 120     0.120    1.1370     7.4331E-05    286.85    286.85    286.85    286.85
 121     0.121    1.1374     7.8985E-05    286.85    286.85    286.85    286.85
 122     0.122    1.1377     8.3919E-05    286.85    286.85    286.85    286.85
 123     0.123    1.1379     8.9138E-05    286.85    286.85    286.85    286.85
 124     0.124    1.1384     9.4686E-05    286.85    286.85    286.85    286.85
 125     0.125    1.1387     1.0057E-04    286.85    286.85    286.85    286.85
 126     0.126    1.1390     1.0680E-04    286.85    286.85    286.85    286.85
 127     0.127    1.1392     1.1340E-04    286.85    286.85    286.85    286.85
 128     0.128    1.1395     1.2041E-04    286.85    286.85    286.85    286.85
 129     0.129    1.1398     1.2785E-04    286.85    286.85    286.85    286.85
 130     0.130    1.1399     1.3572E-04    286.85    286.85    286.85    286.85
 131     0.131    1.1402     1.4408E-04    286.85    286.85    286.85    286.85
 132     0.132    1.1404     1.5295E-04    286.85    286.85    286.85    286.85
 133     0.133    1.1406     1.6236E-04    286.85    286.85    286.85    286.85
 134     0.134    1.1407     1.7232E-04    286.85    286.85    286.85    286.85
 135     0.135    1.1409     1.8289E-04    286.85    286.85    286.85    286.85
 136     0.136    1.1409     1.9406E-04    286.85    286.85    286.85    286.85
 137     0.137    1.1412     2.0594E-04    286.85    286.85    286.85    286.85
 138     0.138    1.1414     2.1855E-04    286.85    286.85    286.85    286.86
 139     0.139    1.1415     2.3191E-04    286.85    286.85    286.85    286.86
 140     0.140    1.1416     2.4607E-04    286.85    286.85    286.85    286.86
 141     0.141    1.1417     2.6109E-04    286.85    286.85    286.85    286.86
 142     0.142    1.1419     2.7703E-04    286.85    286.85    286.85    286.86
 143     0.143    1.1418     2.9390E-04    286.85    286.85    286.85    286.86
 144     0.144    1.1420     3.1182E-04    286.85    286.85    286.85    286.86
 145     0.145    1.1420     3.3079E-04    286.85    286.85    286.85    286.86
 146     0.146    1.1422     3.5095E-04    286.85    286.85    286.85    286.86
 147     0.147    1.1423     3.7231E-04    286.85    286.85    286.85    286.86
 148     0.148    1.1424     3.9497E-04    286.85    286.85    286.85    286.86
 149     0.149    1.1424     4.1899E-04    286.85    286.85    286.85    286.86
 150     0.150    1.1425     4.4447E-04    286.85    286.85    286.85    286.86
 151     0.151    1.1426     4.7148E-04    286.85    286.85    286.85    286.86
 152     0.152    1.1426     5.0011E-04    286.85    286.85    286.85    286.86
 153     0.153    1.1426     5.3048E-04    286.85    286.85    286.85    286.86
 154     0.154    1.1427     5.6268E-04    286.85    286.85    286.85    286.86
 155     0.155    1.1428     5.9685E-04    286.85    286.85    286.85    286.86
 156     0.156    1.1428     6.3307E-04    286.85    286.85    286.85    286.86
 157     0.157    1.1429     6.7150E-04    286.85    286.85    286.85    286.86
 158     0.158    1.1429     7.1226E-04    286.85    286.85    286.85    286.87
 159     0.159    1.1430     7.5547E-04    286.85    286.85    286.85    286.87
 160     0.160    1.1430     8.0128E-04    286.85    286.85    286.85    286.87
 161     0.161    1.1430     8.4988E-04    286.85    286.85    286.85    286.87
 162     0.162    1.1430     9.0138E-04    286.85    286.85    286.85    286.87
 163     0.163    1.1430     9.5591E-04    286.85    286.85    286.85    286.87
 164     0.164    1.1431     1.0138E-03    286.85    286.85    286.85    286.87
 165     0.165    1.1432     1.0753E-03    286.85    286.85    286.85    286.87
 166     0.166    1.1431     1.1404E-03    286.85    286.85    286.85    286.87
 167     0.167    1.1432     1.2095E-03    286.85    286.85    286.85    286.88
 168     0.168    1.1432     1.2828E-03    286.85    286.85    286.85    286.88
 169     0.169    1.1432     1.3605E-03    286.85    286.85    286.85    286.88
 170     0.170    1.1432     1.4428E-03    286.85    286.85    286.85    286.88
 171     0.171    1.1432     1.5302E-03    286.85    286.85    286.85    286.88
 172     0.172    1.1432     1.6227E-03    286.85    286.85    286.85    286.88
 173     0.173    1.1433     1.7210E-03    286.85    286.85    286.85    286.89
 174     0.174    1.1433     1.8251E-03    286.85    286.85    286.85    286.89
 175     0.175    1.1433     1.9356E-03    286.85    286.85    286.85    286.89
 176     0.176    1.1433     2.0526E-03    286.85    286.85    286.85    286.89
 177     0.177    1.1433     2.1767E-03    286.85    286.85    286.85    286.90
 178     0.178    1.1433     2.3084E-03    286.85    286.85    286.86    286.90
 179     0.179    1.1433     2.4480E-03    286.85    286.85    286.86    286.90
 180     0.180    1.1433     2.5960E-03    286.85    286.85    286.86    286.90
 181     0.181    1.1434     2.7530E-03    286.85    286.85    286.86    286.91
 182     0.182    1.1433     2.9194E-03    286.85    286.85    286.86    286.91
 183     0.183    1.1434     3.0960E-03    286.85    286.85    286.86    286.91
 184     0.184    1.1434     3.2832E-03    286.85    286.85    286.86    286.92
 185     0.185    1.1434     3.4817E-03    286.85    286.85    286.86    286.92
 186     0.186    1.1433     3.6921E-03    286.85    286.85    286.86    286.93
 187     0.187    1.1433     3.9151E-03    286.85    286.85    286.86    286.93
 188     0.188    1.1433     4.1516E-03    286.85    286.85    286.86    286.94
 189     0.189    1.1433     4.4024E-03    286.85    286.85    286.86    286.94
 190     0.190    1.1433     4.6682E-03    286.85    286.85    286.86    286.95
 191     0.191    1.1433     4.9503E-03    286.85    286.85    286.86    286.95
 192     0.192    1.1433     5.2491E-03    286.85    286.85    286.86    286.96
 193     0.193    1.1433     5.5662E-03    286.85    286.85    286.86    286.96
 194     0.194    1.1433     5.9024E-03    286.85    286.85    286.86    286.97
 195     0.195    1.1433     6.2588E-03    286.85    286.85    286.86    286.98
 196     0.196    1.1433     6.6366E-03    286.85    286.85    286.86    286.99
 197     0.197    1.1433     7.0371E-03    286.85    286.85    286.87    286.99
 198     0.198    1.1432     7.4618E-03    286.85    286.85    286.87    287.00
 199     0.199    1.1432     7.9121E-03    286.85    286.85    286.87    287.01
 200     0.200    1.1432     8.3894E-03    286.85    286.85    286.87    287.02
 201     0.201    1.1432     8.8955E-03    286.85    286.85    286.87    287.03
 202     0.202    1.1432     9.4320E-03    286.85    286.85    286.87    287.04
 203     0.203    1.1432     1.0001E-02    286.85    286.85    286.87    287.06
 204     0.204    1.1431     1.0604E-02    286.85    286.85    286.87    287.07
 205     0.205    1.1431     1.1243E-02    286.85    286.85    286.87    287.08
 206     0.206    1.1431     1.1921E-02    286.85    286.85    286.88    287.09
 207     0.207    1.1431     1.2639E-02    286.85    286.85    286.88    287.11
 208     0.208    1.1430     1.3400E-02    286.85    286.85    286.88    287.13
 209     0.209    1.1430     1.4208E-02    286.85    286.85    286.88    287.14
 210     0.210    1.1430     1.5063E-02    286.85    286.85    286.88    287.16
 211     0.211    1.1429     1.5970E-02    286.85    286.85    286.88    287.18
 212     0.212    1.1429     1.6931E-02    286.85    286.85    286.89    287.20
 213     0.213    1.1428     1.7950E-02    286.85    286.85    286.89    287.22
 214     0.214    1.1428     1.9029E-02    286.85    286.85    286.89    287.24
 215     0.215    1.1428     2.0173E-02    286.85    286.85    286.89    287.26
 216     0.216    1.1427     2.1386E-02    286.85    286.85    286.90    287.29
 217     0.217    1.1426     2.2670E-02    286.85    286.85    286.90    287.32
 218     0.218    1.1427     2.4032E-02    286.85    286.85    286.90    287.34
 219     0.219    1.1426     2.5477E-02    286.85    286.85    286.91    287.37
 220     0.220    1.1425     2.7006E-02    286.85    286.85    286.91    287.40
 221     0.221    1.1425     2.8627E-02    286.85    286.85    286.91    287.44
 222     0.222    1.1424     3.0344E-02    286.85    286.85    286.92    287.47
 223     0.223    1.1423     3.2164E-02    286.85    286.85    286.92    287.51
 224     0.224    1.1423     3.4092E-02    286.85    286.85    286.92    287.55
 225     0.225    1.1422     3.6135E-02    286.85    286.85    286.93    287.59
 226     0.226    1.1421     3.8298E-02    286.85    286.85    286.93    287.64
 227     0.227    1.1420     4.0590E-02    286.85    286.85    286.94    287.68
 228     0.228    1.1419     4.3016E-02    286.85    286.85    286.94    287.73
 229     0.229    1.1418     4.5587E-02    286.85    286.85    286.95    287.79
 230     0.230    1.1417     4.8308E-02    286.85    286.85    286.95    287.84
 231     0.231    1.1416     5.1190E-02    286.85    286.85    286.96    287.90
 232     0.232    1.1414     5.4241E-02    286.85    286.85    286.97    287.97
 233     0.233    1.1413     5.7470E-02    286.85    286.85    286.97    288.03
 234     0.234    1.1412     6.0892E-02    286.85    286.85    286.98    288.11
 235     0.235    1.1410     6.4511E-02    286.85    286.85    286.99    288.18
 236     0.236    1.1409     6.8342E-02    286.85    286.85    287.00    288.26
 237     0.237    1.1408     7.2398E-02    286.85    286.85    287.01    288.34
 238     0.238    1.1405     7.6687E-02    286.85    286.85    287.02    288.43
 239     0.239    1.1404     8.1224E-02    286.85    286.85    287.03    288.53
 240     0.240    1.1402     8.6025E-02    286.85    286.85    287.04    288.63
 241     0.241    1.1400     9.1103E-02    286.85    286.85    287.05    288.73
 242     0.242    1.1398     9.6472E-02    286.85    286.85    287.06    288.85
 243     0.243    1.1395     1.0215E-01    286.85    286.85    287.07    288.97
 244     0.244    1.1393     1.0815E-01    286.85    286.85    287.09    289.09
 245     0.245    1.1390     1.1449E-01    286.85    286.85    287.10    289.22
 246     0.246    1.1388     1.2120E-01    286.85    286.85    287.11    289.37
 247     0.247    1.1385     1.2828E-01    286.85    286.85    287.13    289.52
 248     0.248    1.1382     1.3576E-01    286.85    286.85    287.15    289.67
 249     0.249    1.1378     1.4366E-01    286.85    286.85    287.16    289.84
 250     0.250    1.1375     1.5199E-01    286.85    286.85    287.18    290.02
 251     0.251    1.1371     1.6079E-01    286.85    286.85    287.20    290.20
 252     0.252    1.1367     1.7007E-01    286.85    286.86    287.22    290.40
 253     0.253    1.1363     1.7986E-01    286.85    286.86    287.25    290.61
 254     0.254    1.1359     1.9018E-01    286.85    286.86    287.27    290.83
 255     0.255    1.1354     2.0106E-01    286.85    286.86    287.29    291.07
 256     0.256    1.1349     2.1252E-01    286.85    286.86    287.32    291.31
 257     0.257    1.1345     2.2461E-01    286.85    286.86    287.35    291.57
 258     0.258    1.1339     2.3731E-01    286.85    286.86    287.38    291.85
 259     0.259    1.1333     2.5069E-01    286.85    286.86    287.41    292.14
 260     0.260    1.1328     2.6478E-01    286.85    286.86    287.44    292.45
 261     0.261    1.1321     2.7958E-01    286.85    286.86    287.47    292.77
 262     0.262    1.1315     2.9515E-01    286.85    286.86    287.51    293.11
 263     0.263    1.1307     3.1148E-01    286.85    286.86    287.55    293.48
 264     0.264    1.1300     3.2863E-01    286.85    286.86    287.59    293.86
 265     0.265    1.1292     3.4663E-01    286.85    286.86    287.63    294.26
 266     0.266    1.1284     3.6549E-01    286.85    286.86    287.67    294.68
 267     0.267    1.1275     3.8524E-01    286.85    286.86    287.72    295.13
 268     0.268    1.1265     4.0592E-01    286.85    286.86    287.77    295.60
 269     0.269    1.1256     4.2755E-01    286.85    286.86    287.82    296.09
 270     0.270    1.1246     4.5018E-01    286.85    286.86    287.88    296.61
 271     0.271    1.1235     4.7380E-01    286.85    286.87    287.94    297.16
 272     0.272    1.1224     4.9846E-01    286.85    286.87    288.00    297.74
 273     0.273    1.1212     5.2417E-01    286.85    286.87    288.06    298.34
 274     0.274    1.1200     5.5099E-01    286.85    286.87    288.13    298.98
 275     0.275    1.1188     5.7891E-01    286.85    286.87    288.20    299.64
 276     0.276    1.1173     6.0789E-01    286.85    286.87    288.27    300.34
 277     0.277    1.1159     6.3801E-01    286.85    286.87    288.35    301.08
 278     0.278    1.1144     6.6921E-01    286.85    286.87    288.43    301.85
 279     0.279    1.1128     7.0153E-01    286.85    286.87    288.52    302.66
 280     0.280    1.1111     7.3494E-01    286.85    286.88    288.60    303.50
 281     0.281    1.1094     7.6946E-01    286.85    286.88    288.70    304.38
 282     0.282    1.1076     8.0507E-01    286.85    286.88    288.79    305.31
 283     0.283    1.1057     8.4174E-01    286.85    286.88    288.90    306.27
 284     0.284    1.1038     8.7942E-01    286.85    286.88    289.00    307.28
 285     0.285    1.1017     9.1811E-01    286.85    286.88    289.11    308.33
 286     0.286    1.0996     9.5773E-01    286.85    286.89    289.23    309.43
 287     0.287    1.0973     9.9824E-01    286.85    286.89    289.35    310.57
 288     0.288    1.0950     1.0396E+00    286.86    286.89    289.47    311.75
 289     0.289    1.0926     1.0816E+00    286.86    286.89    289.60    312.98
 290     0.290    1.0900     1.1243E+00    286.86    286.90    289.74    314.26
 291     0.291    1.0875     1.1676E+00    286.86    286.90    289.88    315.59
 292     0.292    1.0848     1.2113E+00    286.86    286.90    290.02    316.97
 293     0.293    1.0820     1.2553E+00    286.86    286.90    290.17    318.39
 294     0.294    1.0791     1.2996E+00    286.86    286.91    290.33    319.86
 295     0.295    1.0760     1.3438E+00    286.86    286.91    290.49    321.38
 296     0.296    1.0729     1.3880E+00    286.86    286.91    290.66    322.95
 297     0.297    1.0698     1.4320E+00    286.86    286.92    290.83    324.56
 298     0.298    1.0667     1.4758E+00    286.86    286.92    291.00    326.23
 299     0.299    1.0633     1.5190E+00    286.86    286.92    291.18    327.93
 300     0.300    1.0599     1.5616E+00    286.86    286.93    291.36    329.69
 301     0.301    1.0564     1.6033E+00    286.86    286.93    291.55    331.48
 302     0.302    1.0527     1.6439E+00    286.86    286.94    291.75    333.32
 303     0.303    1.0490     1.6833E+00    286.86    286.94    291.94    335.20
 304     0.304    1.0451     1.7210E+00    286.86    286.95    292.15    337.12
 305     0.305    1.0414     1.7574E+00    286.86    286.95    292.35    339.08
 306     0.306    1.0375     1.7920E+00    286.86    286.96    292.56    341.07
 307     0.307    1.0334     1.8245E+00    286.86    286.96    292.77    343.09
 308     0.308    1.0294     1.8550E+00    286.87    286.97    292.99    345.15
 309     0.309    1.0253     1.8832E+00    286.87    286.97    293.21    347.23
 310     0.310    1.0213     1.9091E+00    286.87    286.98    293.43    349.33
 311     0.311    1.0171     1.9325E+00    286.87    286.98    293.65    351.46
 312     0.312    1.0128     1.9531E+00    286.87    286.99    293.87    353.61
 313     0.313    1.0086     1.9711E+00    286.87    287.00    294.10    355.77
 314     0.314    1.0043     1.9861E+00    286.87    287.00    294.32    357.94
 315     0.315    1.0001     1.9984E+00    286.87    287.01    294.55    360.12
 316     0.316    0.9958     2.0077E+00    286.87    287.02    294.77    362.31
 317     0.317    0.9915     2.0141E+00    286.87    287.03    295.00    364.50
 318     0.318    0.9873     2.0176E+00    286.87    287.04    295.23    366.69
 319     0.319    0.9832     2.0184E+00    286.88    287.04    295.45    368.88
 320     0.320    0.9790     2.0165E+00    286.88    287.05    295.67    371.06
 321     0.321    0.9745     2.0112E+00    286.88    287.06    295.89    373.23
 322     0.322    0.9704     2.0031E+00    286.88    287.07    296.11    375.39
 323     0.323    0.9663     1.9926E+00    286.88    287.08    296.33    377.53
 324     0.324    0.9624     1.9797E+00    286.88    287.09    296.55    379.65
 325     0.325    0.9583     1.9641E+00    286.88    287.10    296.76    381.76
 326     0.326    0.9544     1.9464E+00    286.88    287.11    296.97    383.84
 327     0.327    0.9504     1.9262E+00    286.89    287.12    297.17    385.89
 328     0.328    0.9465     1.9038E+00    286.89    287.13    297.37    387.92
 329     0.329    0.9428     1.8798E+00    286.89    287.15    297.57    389.92
 330     0.330    0.9391     1.8540E+00    286.89    287.16    297.77    391.89
 331     0.331    0.9357     1.8269E+00    286.89    287.17    297.96    393.82
 332     0.332    0.9319     1.7980E+00    286.89    287.18    298.14    395.73
 333     0.333    0.9284     1.7677E+00    286.89    287.19    298.32    397.59
 334     0.334    0.9251     1.7365E+00    286.90    287.21    298.50    399.42
 335     0.335    0.9218     1.7044E+00    286.90    287.22    298.67    401.22
 336     0.336    0.9185     1.6713E+00    286.90    287.23    298.84    402.97
 337     0.337    0.9154     1.6376E+00    286.90    287.25    299.00    404.69
 338     0.338    0.9124     1.6034E+00    286.90    287.26    299.16    406.37
 339     0.339    0.9093     1.5686E+00    286.91    287.28    299.31    408.01
 340     0.340    0.9065     1.5338E+00    286.91    287.29    299.46    409.62
 341     0.341    0.9036     1.4987E+00    286.91    287.31    299.60    411.18
 342     0.342    0.9009     1.4637E+00    286.91    287.32    299.74    412.71
 343     0.343    0.8983     1.4287E+00    286.91    287.34    299.87    414.19
 344     0.344    0.8958     1.3941E+00    286.92    287.35    300.00    415.64
 345     0.345    0.8932     1.3596E+00    286.92    287.37    300.13    417.06
 346     0.346    0.8910     1.3257E+00    286.92    287.38    300.25    418.43
 347     0.347    0.8886     1.2922E+00    286.92    287.40    300.36    419.77
 348     0.348    0.8865     1.2593E+00    286.92    287.42    300.48    421.07
 349     0.349    0.8844     1.2270E+00    286.93    287.44    300.59    422.34
 350     0.350    0.8822     1.1954E+00    286.93    287.45    300.69    423.58


     Radial Power Distribution
   ==============================
           1       2       3       4       5       6       7       8       9      10      11      12
    17                                                                                                
    16                                           0.273   0.286   0.417   0.412   0.699   0.739   0.972
    15                           0.257   0.536   0.751   0.481   0.878   0.693   1.490   1.295   2.894
    14                   0.231   0.620   0.874   1.051   1.138   1.134   1.596   1.932   3.086   4.247
    13                   0.422   0.737   0.378   1.150   1.367   1.798   1.757   3.035   3.611   4.783
    12           0.175   0.510   0.742   0.893   0.848   1.251   1.363   1.958   2.256   3.243   3.315
    11           0.147   0.260   0.644   0.828   0.878   0.430   0.735   0.615   1.206   1.130   3.243
    10           0.160   0.348   0.471   0.794   0.663   0.472   0.629   0.795   1.018   1.206   2.256
     9           0.109   0.188   0.451   0.526   0.638   0.256   0.500   0.284   0.795   0.615   1.958
     8           0.129   0.279   0.373   0.618   0.503   0.336   0.416   0.500   0.629   0.735   1.363
     7           0.101   0.174   0.425   0.531   0.526   0.223   0.336   0.256   0.472   0.430   1.251
     6           0.107   0.302   0.432   0.496   0.415   0.526   0.503   0.638   0.663   0.878   0.848
     5                   0.230   0.389   0.183   0.496   0.531   0.618   0.526   0.794   0.828   0.893
     4                   0.118   0.299   0.389   0.432   0.425   0.373   0.451   0.471   0.644   0.742
     3                           0.118   0.230   0.302   0.174   0.279   0.188   0.348   0.260   0.510
     2                                           0.107   0.101   0.129   0.109   0.160   0.147   0.175
     1                                                                                                

          13      14      15      16      17
    17                                        
    16                                        
    15   2.585   1.434                        
    14   4.899   3.847   1.434                
    13   3.891   4.899   2.585                
    12   4.783   4.247   2.894   0.972        
    11   3.611   3.086   1.295   0.739        
    10   3.035   1.932   1.490   0.699        
     9   1.757   1.596   0.693   0.412        
     8   1.798   1.134   0.878   0.417        
     7   1.367   1.138   0.481   0.286        
     6   1.150   1.051   0.751   0.273        
     5   0.378   0.874   0.536                
     4   0.737   0.620   0.257                
     3   0.422   0.231                        
     2                                        
     1                                        

   MAX POS.       Maximum Value
  ( 14, 13)          4.899


     Axial Power Density Distribution
   ====================================

     Plane Number        Power      Height
    -----------------------------------------
        22  (TOP)        0.000      408.60
        21               0.222      387.18
        20               0.447      368.89
        19               0.658      350.60
        18               0.852      332.32
        17               1.025      314.03
        16               1.174      295.74
        15               1.295      277.45
        14               1.388      259.16
        13               1.451      240.88
        12               1.482      222.59
        11               1.482      204.30
        10               1.451      186.01
         9               1.389      167.72
         8               1.297      149.44
         7               1.175      131.15
         6               1.027      112.86
         5               0.854       94.57
         4               0.659       76.28
         3               0.448       58.00
         2               0.223       39.71
         1  (BOTTOM)     0.000       21.42

   MAX POS.       Maximum Value
    ( 11)             1.482


     Radial Flux Distribution
   ==============================
    Group :   1
             1          2          3          4          5          6          7          8          9         10         11         12
    17                                               2.756E-05  1.231E-04  1.713E-04  2.126E-04  2.502E-04  3.553E-04  4.313E-04  4.110E-04 
    16                         2.362E-05  1.427E-04  4.092E-04  1.387E-03  1.603E-03  2.064E-03  2.290E-03  3.467E-03  4.137E-03  4.934E-03 
    15              2.167E-05  2.482E-04  1.410E-03  2.678E-03  3.653E-03  3.019E-03  4.328E-03  4.313E-03  7.346E-03  8.128E-03  1.408E-02 
    14              1.222E-04  1.270E-03  2.992E-03  3.984E-03  5.229E-03  5.891E-03  6.422E-03  8.246E-03  1.094E-02  1.600E-02  2.110E-02 
    13   1.836E-05  3.009E-04  2.106E-03  3.363E-03  2.960E-03  5.332E-03  6.982E-03  8.328E-03  9.801E-03  1.406E-02  1.847E-02  2.212E-02 
    12   7.535E-05  8.884E-04  2.481E-03  3.687E-03  4.145E-03  4.789E-03  5.852E-03  7.221E-03  8.984E-03  1.195E-02  1.518E-02  1.873E-02 
    11   8.611E-05  8.238E-04  1.629E-03  3.335E-03  4.225E-03  4.108E-03  2.971E-03  4.005E-03  4.259E-03  6.572E-03  7.799E-03  1.518E-02 
    10   8.036E-05  7.905E-04  1.713E-03  2.663E-03  3.676E-03  3.508E-03  2.565E-03  3.070E-03  3.669E-03  4.973E-03  6.572E-03  1.195E-02 
     9   6.548E-05  6.045E-04  1.169E-03  2.331E-03  2.931E-03  2.928E-03  1.768E-03  2.305E-03  2.170E-03  3.669E-03  4.259E-03  8.984E-03 
     8   6.522E-05  6.391E-04  1.373E-03  2.108E-03  2.863E-03  2.666E-03  1.826E-03  2.030E-03  2.305E-03  3.070E-03  4.005E-03  7.221E-03 
     7   5.963E-05  5.645E-04  1.093E-03  2.198E-03  2.710E-03  2.462E-03  1.542E-03  1.826E-03  1.768E-03  2.565E-03  2.971E-03  5.852E-03 
     6   4.695E-05  5.410E-04  1.467E-03  2.145E-03  2.298E-03  2.346E-03  2.462E-03  2.666E-03  2.928E-03  3.508E-03  4.108E-03  4.789E-03 
     5   1.094E-05  1.702E-04  1.150E-03  1.771E-03  1.432E-03  2.298E-03  2.710E-03  2.863E-03  2.931E-03  3.676E-03  4.225E-03  4.145E-03 
     4              6.377E-05  6.457E-04  1.443E-03  1.771E-03  2.145E-03  2.198E-03  2.108E-03  2.331E-03  2.663E-03  3.335E-03  3.687E-03 
     3              1.091E-05  1.196E-04  6.457E-04  1.150E-03  1.467E-03  1.093E-03  1.373E-03  1.169E-03  1.713E-03  1.629E-03  2.481E-03 
     2                         1.091E-05  6.377E-05  1.702E-04  5.410E-04  5.645E-04  6.391E-04  6.045E-04  7.905E-04  8.238E-04  8.884E-04 
     1                                               1.094E-05  4.695E-05  5.963E-05  6.522E-05  6.548E-05  8.036E-05  8.611E-05  7.535E-05 

            13         14         15         16         17
    17   1.041E-04                                             
    16   1.782E-03  7.543E-04  1.331E-04                       
    15   1.291E-02  7.889E-03  1.480E-03  1.331E-04            
    14   2.229E-02  1.859E-02  7.889E-03  7.543E-04            
    13   2.211E-02  2.229E-02  1.291E-02  1.782E-03  1.041E-04 
    12   2.212E-02  2.110E-02  1.408E-02  4.934E-03  4.110E-04 
    11   1.847E-02  1.600E-02  8.128E-03  4.137E-03  4.313E-04 
    10   1.406E-02  1.094E-02  7.346E-03  3.467E-03  3.553E-04 
     9   9.801E-03  8.246E-03  4.313E-03  2.290E-03  2.502E-04 
     8   8.328E-03  6.422E-03  4.328E-03  2.064E-03  2.126E-04 
     7   6.982E-03  5.891E-03  3.019E-03  1.603E-03  1.713E-04 
     6   5.332E-03  5.229E-03  3.653E-03  1.387E-03  1.231E-04 
     5   2.960E-03  3.984E-03  2.678E-03  4.092E-04  2.756E-05 
     4   3.363E-03  2.992E-03  1.410E-03  1.427E-04            
     3   2.106E-03  1.270E-03  2.482E-04  2.362E-05            
     2   3.009E-04  1.222E-04  2.167E-05                       
     1   1.836E-05                                             

    Group :   2
             1          2          3          4          5          6          7          8          9         10         11         12
    17                                               1.608E-04  6.456E-04  8.675E-04  1.122E-03  1.344E-03  1.872E-03  2.180E-03  2.151E-03 
    16                         1.378E-04  7.628E-04  2.158E-03  1.443E-03  1.073E-03  2.164E-03  2.656E-03  3.624E-03  2.768E-03  5.133E-03 
    15              1.264E-04  1.307E-03  1.543E-03  2.958E-03  1.766E-03  2.031E-03  2.182E-03  2.935E-03  3.702E-03  5.467E-03  6.809E-03 
    14              6.517E-04  1.388E-03  1.461E-03  4.264E-03  5.579E-03  3.380E-03  7.270E-03  4.746E-03  1.238E-02  9.160E-03  2.257E-02 
    13   1.072E-04  1.588E-03  2.331E-03  3.593E-03  2.265E-03  5.979E-03  7.935E-03  9.351E-03  1.124E-02  1.578E-02  2.097E-02  2.491E-02 
    12   3.945E-04  9.243E-04  1.200E-03  3.944E-03  4.641E-03  3.612E-03  6.481E-03  4.687E-03  9.532E-03  7.759E-03  1.682E-02  1.412E-02 
    11   4.353E-04  5.513E-04  1.096E-03  1.913E-03  4.806E-03  4.550E-03  2.205E-03  4.431E-03  3.152E-03  7.271E-03  5.791E-03  1.682E-02 
    10   4.235E-04  8.269E-04  8.638E-04  3.018E-03  4.126E-03  2.279E-03  2.849E-03  3.498E-03  4.142E-03  5.664E-03  7.271E-03  7.759E-03 
     9   3.517E-04  7.009E-04  7.954E-04  1.342E-03  3.363E-03  3.106E-03  1.310E-03  2.603E-03  1.661E-03  4.142E-03  3.152E-03  9.532E-03 
     8   3.439E-04  6.694E-04  6.923E-04  2.389E-03  3.214E-03  1.731E-03  2.026E-03  2.315E-03  2.603E-03  3.498E-03  4.431E-03  4.687E-03 
     7   3.016E-04  3.778E-04  7.354E-04  1.261E-03  3.082E-03  2.727E-03  1.144E-03  2.026E-03  1.310E-03  2.849E-03  2.205E-03  6.481E-03 
     6   2.460E-04  5.627E-04  7.098E-04  2.291E-03  2.575E-03  1.770E-03  2.727E-03  1.731E-03  3.106E-03  2.279E-03  4.550E-03  3.612E-03 
     5   6.385E-05  8.976E-04  1.272E-03  1.894E-03  1.096E-03  2.575E-03  3.082E-03  3.214E-03  3.363E-03  4.126E-03  4.806E-03  4.641E-03 
     4              3.405E-04  7.060E-04  7.045E-04  1.894E-03  2.291E-03  1.261E-03  2.389E-03  1.342E-03  3.018E-03  1.913E-03  3.944E-03 
     3              6.365E-05  6.298E-04  7.060E-04  1.272E-03  7.098E-04  7.354E-04  6.923E-04  7.954E-04  8.638E-04  1.096E-03  1.200E-03 
     2                         6.365E-05  3.405E-04  8.976E-04  5.627E-04  3.778E-04  6.694E-04  7.009E-04  8.269E-04  5.513E-04  9.243E-04 
     1                                               6.385E-05  2.460E-04  3.016E-04  3.439E-04  3.517E-04  4.235E-04  4.353E-04  3.945E-04 

            13         14         15         16         17
    17   6.081E-04                                             
    16   9.409E-03  4.021E-03  7.764E-04                       
    15   1.429E-02  8.614E-03  7.790E-03  7.764E-04            
    14   2.393E-02  9.065E-03  8.614E-03  4.021E-03            
    13   2.663E-02  2.393E-02  1.429E-02  9.409E-03  6.081E-04 
    12   2.491E-02  2.257E-02  6.809E-03  5.133E-03  2.151E-03 
    11   2.097E-02  9.160E-03  5.467E-03  2.768E-03  2.180E-03 
    10   1.578E-02  1.238E-02  3.702E-03  3.624E-03  1.872E-03 
     9   1.124E-02  4.746E-03  2.935E-03  2.656E-03  1.344E-03 
     8   9.351E-03  7.270E-03  2.182E-03  2.164E-03  1.122E-03 
     7   7.935E-03  3.380E-03  2.031E-03  1.073E-03  8.675E-04 
     6   5.979E-03  5.579E-03  1.766E-03  1.443E-03  6.456E-04 
     5   2.265E-03  4.264E-03  2.958E-03  2.158E-03  1.608E-04 
     4   3.593E-03  1.461E-03  1.543E-03  7.628E-04            
     3   2.331E-03  1.388E-03  1.307E-03  1.378E-04            
     2   1.588E-03  6.517E-04  1.264E-04                       
     1   1.072E-04                                             



 Total time :    1612.2583820000000       seconds
