                       ###########################################################
                       #                     ADPRES 1.1                          #
                       #        ABU DHABI POLYTECHNIC REACTOR SIMULATOR          #
                       ###########################################################  


  ========================================INPUT DATA STARTS HERE=====================================
     1: ! CRITICAL BORON CONCENTRATION SEARCH CALCULATION                                                   
     2: ! FOR PWR NEACRP BENCHMARK                                                                          
     3: %MODE                                                                                               
     4: BCSEARCH                                                                                            
     5:                                                                                                     
     6: ! CASE CARD                                                                                         
     7: %CASE                                                                                               
     8: NEACRP Critical Boron Concentration Search - Case A1                                                
     9: 10.803 CM NODE SIZE                                                                                 
    10:                                                                                                     
    11: ! XSEC CARD                                                                                         
    12: %XTAB                                                                                               
    13: 2  18    ! Number of groups and number of materials                                                 
    14: ! XTAB files for each material                                                                      
    15: /home/imronuke/github/ADPRES/smpl/2G_XSEC_u42   1  !MAT  1 : u42u  0.15 GWD/TON                     
    16: /home/imronuke/github/ADPRES/smpl/2G_XSEC_u42   2  !MAT  2 : u42u  17.5 GWD/TON                     
    17: /home/imronuke/github/ADPRES/smpl/2G_XSEC_u42   4  !MAT  3 : u42u  22.5 GWD/TON                     
    18: /home/imronuke/github/ADPRES/smpl/2G_XSEC_u42   5  !MAT  4 : u42u  32.5 GWD/TON                     
    19: /home/imronuke/github/ADPRES/smpl/2G_XSEC_u42   6  !MAT  5 : u42u  35.0 GWD/TON                     
    20: /home/imronuke/github/ADPRES/smpl/2G_XSEC_u42   7  !MAT  6 : u42u  37.5 GWD/TON                     
    21: /home/imronuke/github/ADPRES/smpl/2G_XSEC_u45   1  !MAT  7 : u45u  0.15 GWD/TON                     
    22: /home/imronuke/github/ADPRES/smpl/2G_XSEC_u45   2  !MAT  8 : u45u  17.5 GWD/TON                     
    23: /home/imronuke/github/ADPRES/smpl/2G_XSEC_u45   3  !MAT  9 : u45u  20.5 GWD/TON                     
    24: /home/imronuke/github/ADPRES/smpl/2G_XSEC_u45   5  !MAT  10: u45u  32.5 GWD/TON                     
    25: /home/imronuke/github/ADPRES/smpl/2G_XSEC_u45   7  !MAT  11: u45u  37.5 GWD/TON                     
    26: /home/imronuke/github/ADPRES/smpl/2G_XSEC_m40   1  !MAT  12: m40m  0.15 GWD/TON                     
    27: /home/imronuke/github/ADPRES/smpl/2G_XSEC_m40   4  !MAT  13: m40m  22.5 GWD/TON                     
    28: /home/imronuke/github/ADPRES/smpl/2G_XSEC_m40   7  !MAT  14: m40m  37.5 GWD/TON                     
    29: /home/imronuke/github/ADPRES/smpl/2G_XSEC_m43   1  !MAT  15: m43m  0.15 GWD/TON                     
    30: /home/imronuke/github/ADPRES/smpl/2G_XSEC_m43   2  !MAT  16: m43m  17.5 GWD/TON                     
    31: /home/imronuke/github/ADPRES/smpl/2G_XSEC_m43   6  !MAT  17: m43m  35.0 GWD/TON                     
    32: /home/imronuke/github/ADPRES/smpl/2G_XSEC_refl  1  !MAT  18: REFLECTOR                              
    33:                                                                                                     
    34: %GEOM                                                                                               
    35: 17 17 22                !nx, ny, nz                                                                 
    36: 17*21.42                !x-direction assembly size in cm                                            
    37: 17*2                    !x-direction assembly division                                              
    38: 17*21.42                !y-direction assembly size in cm                                            
    39: 17*2                    !y-direction assembly ddivision                                             
    40: 21.42 20*18.288 21.42   !z-direction assembly size in cm                                            
    41: 22*1                    !z-direction assembly division                                              
    42: 2                       !np number of planar type                                                   
    43: 2 20*1 2                                                                                            
    44: ! Planar_type_1                                                                                     
    45:  0  0   0   0  18  18  18  18  18  18  18  18  18   0   0   0   0                                   
    46:  0  0  18  18  18   9  17   8   4   8  17   9  18  18  18   0   0                                   
    47:  0 18  18  10   2  15   7  12   7  12   7  15   2  10  18  18   0                                   
    48:  0 18  10  15   7   9  16   4  16   4  16   9   7  15  10  18   0                                   
    49: 18 18   2   7   6   1   3   1  11   1   3   1   6   7   2  18  18                                   
    50: 18  9  15   9   1  14   1  13   7  13   1  14   1   9  15   9  18                                   
    51: 18 17   7  16   3   1   3  10   3  10   3   1   3  16   7  17  18                                   
    52: 18  8  12   4   1  13  10   2   1   2  10  13   1   4  12   8  18                                   
    53: 18  4   7  16  11   7   3   1   5   1   3   7  11  16   7   4  18                                   
    54: 18  8  12   4   1  13  10   2   1   2  10  13   1   4  12   8  18                                   
    55: 18 17   7  16   3   1   3  10   3  10   3   1   3  16   7  17  18                                   
    56: 18  9  15   9   1  14   1  13   7  13   1  14   1   9  15   9  18                                   
    57: 18 18   2   7   6   1   3   1  11   1   3   1   6   7   2  18  18                                   
    58:  0 18  10  15   7   9  16   4  16   4  16   9   7  15  10  18   0                                   
    59:  0 18  18  10   2  15   7  12   7  12   7  15   2  10  18  18   0                                   
    60:  0  0  18  18  18   9  17   8   4   8  17   9  18  18  18   0   0                                   
    61:  0  0   0   0  18  18  18  18  18  18  18  18  18   0   0   0   0                                   
    62: ! Planar_type_2                                                                                     
    63:  0  0  0  0 18 18 18 18 18 18 18 18 18  0  0  0  0                                                  
    64:  0  0 18 18 18 18 18 18 18 18 18 18 18 18 18  0  0                                                  
    65:  0 18 18 18 18 18 18 18 18 18 18 18 18 18 18 18  0                                                  
    66:  0 18 18 18 18 18 18 18 18 18 18 18 18 18 18 18  0                                                  
    67: 18 18 18 18 18 18 18 18 18 18 18 18 18 18 18 18 18                                                  
    68: 18 18 18 18 18 18 18 18 18 18 18 18 18 18 18 18 18                                                  
    69: 18 18 18 18 18 18 18 18 18 18 18 18 18 18 18 18 18                                                  
    70: 18 18 18 18 18 18 18 18 18 18 18 18 18 18 18 18 18                                                  
    71: 18 18 18 18 18 18 18 18 18 18 18 18 18 18 18 18 18                                                  
    72: 18 18 18 18 18 18 18 18 18 18 18 18 18 18 18 18 18                                                  
    73: 18 18 18 18 18 18 18 18 18 18 18 18 18 18 18 18 18                                                  
    74: 18 18 18 18 18 18 18 18 18 18 18 18 18 18 18 18 18                                                  
    75: 18 18 18 18 18 18 18 18 18 18 18 18 18 18 18 18 18                                                  
    76:  0 18 18 18 18 18 18 18 18 18 18 18 18 18 18 18  0                                                  
    77:  0 18 18 18 18 18 18 18 18 18 18 18 18 18 18 18  0                                                  
    78:  0  0 18 18 18 18 18 18 18 18 18 18 18 18 18 0   0                                                  
    79:  0  0  0  0 18 18 18 18 18 18 18 18 18  0  0  0  0                                                  
    80:                                                                                                     
    81: ! Boundary conditions (east), (west), (north), (south), (bottom), (top)                             
    82: 0 0 0 0 0 0                                                                                         
    83:                                                                                                     
    84: ! CONTROL CARD                                                                                      
    85: %CROD                                                                                               
    86: 9    200.                   ! Number of CR banks and max number of banks                            
    87: 21.42  1.8288                ! Zero step pos. (cm) and cm/step (total 200 steps)                    
    88: 0. 0. 0. 0.  200. 200. 200. 200. 0.           ! CR Bank pos.                                        
    89: 0  0  0  0  0  0  0  0  0  0  0  0  0  0  0  0  0                                                   
    90: 0  0  0  0  0  0  0  0  0  0  0  0  0  0  0  0  0                                                   
    91: 0  0  0  0  5  0  2  0  3  0  2  0  5  0  0  0  0                                                   
    92: 0  0  0  0  0  7  0  6  0  6  0  7  0  0  0  0  0                                                   
    93: 0  0  5  0  4  0  0  0  8  0  0  0  9  0  5  0  0                                                   
    94: 0  0  0  7  0  0  0  0  0  0  0  0  0  7  0  0  0                                                   
    95: 0  0  2  0  0  0  3  0  1  0  3  0  0  0  2  0  0                                                   
    96: 0  0  0  6  0  0  0  0  0  0  0  0  0  6  0  0  0                                                   
    97: 0  0  3  0  8  0  1  0  4  0  1  0  8  0  3  0  0                                                   
    98: 0  0  0  6  0  0  0  0  0  0  0  0  0  6  0  0  0                                                   
    99: 0  0  2  0  0  0  3  0  1  0  3  0  0  0  2  0  0                                                   
   100: 0  0  0  7  0  0  0  0  0  0  0  0  0  7  0  0  0                                                   
   101: 0  0  5  0  4  0  0  0  8  0  0  0  4  0  5  0  0                                                   
   102: 0  0  0  0  0  7  0  6  0  6  0  7  0  0  0  0  0                                                   
   103: 0  0  0  0  5  0  2  0  3  0  2  0  5  0  0  0  0                                                   
   104: 0  0  0  0  0  0  0  0  0  0  0  0  0  0  0  0  0                                                   
   105: 0  0  0  0  0  0  0  0  0  0  0  0  0  0  0  0  0                                                   
   106: 1                                                                                                   
   107: 1                                                                                                   
   108:                                                                                                     
   109: ! THERMAL-HYDRAULIC CARD                                                                            
   110: %THER                                                                                               
   111: 0.0001                              ! Percent power in %                                            
   112: 3565.0e6                            ! Reactor thermal power for full geometry in Watt               
   113: 560.  82.121243523                  ! Inlet coolant temp. (Kelvin) and Fuel Assembly Mass flow rate 
   114: 3.951E-03  5.9E-05  5.73E-04  1.26E-2 ! Fuel meat rad., gap thinkness, cladding thinkness and pin pi
   115: 264  25                                ! Number of fuel pin and guide tubes                         
   116: 0.0                                  ! FRACTION OF HEAT DEPOSITED IN COOLANT                        
   117: 1                                                                                                   
  ========================================INPUT DATA   ENDS HERE=====================================



                                             START READING INPUT
  ***************************************************************************************************
  CALCULATION MODE :      CRITICAL BORON CONCENTRATION SEARCH

  CASE ID :   NEACRP Critical Boron Concentration Search - Case A1                                              
   10.803 CM NODE SIZE                                                                               


            >>>> READING TABULAR XSEC FILE <<<<
            --------------------------------------------

  ...XTAB FILE Card is successfully read...


            >>>>>READING CORE GEOMETRY<<<<<
            -------------------------------
  Number of assembly in x, y and z directions respectively :
          17          17          22
  Number of nodes in x, y and z directions respectively :
          34          34          22

  x-directed nodes division (delta-x)
    10.71  10.71  10.71  10.71  10.71  10.71  10.71  10.71  10.71  10.71
    10.71  10.71  10.71  10.71  10.71  10.71  10.71  10.71  10.71  10.71
    10.71  10.71  10.71  10.71  10.71  10.71  10.71  10.71  10.71  10.71
    10.71  10.71  10.71  10.71
  y-directed nodes division (delta-y)
    10.71  10.71  10.71  10.71  10.71  10.71  10.71  10.71  10.71  10.71
    10.71  10.71  10.71  10.71  10.71  10.71  10.71  10.71  10.71  10.71
    10.71  10.71  10.71  10.71  10.71  10.71  10.71  10.71  10.71  10.71
    10.71  10.71  10.71  10.71

   Planar Region :  1
        1  2  3  4  5  6  7  8  9 10 11 12 13 14 15 16 17 18 19 20 21 22 23 24 25 26 27 28 29 30 31 32 33 34
    34                          18 18 18 18 18 18 18 18 18 18 18 18 18 18 18 18 18 18                        
    33                          18 18 18 18 18 18 18 18 18 18 18 18 18 18 18 18 18 18                        
    32              18 18 18 18 18 18 9  9  17 17 8  8  4  4  8  8  17 17 9  9  18 18 18 18 18 18            
    31              18 18 18 18 18 18 9  9  17 17 8  8  4  4  8  8  17 17 9  9  18 18 18 18 18 18            
    30        18 18 18 18 10 10 2  2  15 15 7  7  12 12 7  7  12 12 7  7  15 15 2  2  10 10 18 18 18 18      
    29        18 18 18 18 10 10 2  2  15 15 7  7  12 12 7  7  12 12 7  7  15 15 2  2  10 10 18 18 18 18      
    28        18 18 10 10 15 15 7  7  9  9  16 16 4  4  16 16 4  4  16 16 9  9  7  7  15 15 10 10 18 18      
    27        18 18 10 10 15 15 7  7  9  9  16 16 4  4  16 16 4  4  16 16 9  9  7  7  15 15 10 10 18 18      
    26  18 18 18 18 2  2  7  7  6  6  1  1  3  3  1  1  11 11 1  1  3  3  1  1  6  6  7  7  2  2  18 18 18 18
    25  18 18 18 18 2  2  7  7  6  6  1  1  3  3  1  1  11 11 1  1  3  3  1  1  6  6  7  7  2  2  18 18 18 18
    24  18 18 9  9  15 15 9  9  1  1  14 14 1  1  13 13 7  7  13 13 1  1  14 14 1  1  9  9  15 15 9  9  18 18
    23  18 18 9  9  15 15 9  9  1  1  14 14 1  1  13 13 7  7  13 13 1  1  14 14 1  1  9  9  15 15 9  9  18 18
    22  18 18 17 17 7  7  16 16 3  3  1  1  3  3  10 10 3  3  10 10 3  3  1  1  3  3  16 16 7  7  17 17 18 18
    21  18 18 17 17 7  7  16 16 3  3  1  1  3  3  10 10 3  3  10 10 3  3  1  1  3  3  16 16 7  7  17 17 18 18
    20  18 18 8  8  12 12 4  4  1  1  13 13 10 10 2  2  1  1  2  2  10 10 13 13 1  1  4  4  12 12 8  8  18 18
    19  18 18 8  8  12 12 4  4  1  1  13 13 10 10 2  2  1  1  2  2  10 10 13 13 1  1  4  4  12 12 8  8  18 18
    18  18 18 4  4  7  7  16 16 11 11 7  7  3  3  1  1  5  5  1  1  3  3  7  7  11 11 16 16 7  7  4  4  18 18
    17  18 18 4  4  7  7  16 16 11 11 7  7  3  3  1  1  5  5  1  1  3  3  7  7  11 11 16 16 7  7  4  4  18 18
    16  18 18 8  8  12 12 4  4  1  1  13 13 10 10 2  2  1  1  2  2  10 10 13 13 1  1  4  4  12 12 8  8  18 18
    15  18 18 8  8  12 12 4  4  1  1  13 13 10 10 2  2  1  1  2  2  10 10 13 13 1  1  4  4  12 12 8  8  18 18
    14  18 18 17 17 7  7  16 16 3  3  1  1  3  3  10 10 3  3  10 10 3  3  1  1  3  3  16 16 7  7  17 17 18 18
    13  18 18 17 17 7  7  16 16 3  3  1  1  3  3  10 10 3  3  10 10 3  3  1  1  3  3  16 16 7  7  17 17 18 18
    12  18 18 9  9  15 15 9  9  1  1  14 14 1  1  13 13 7  7  13 13 1  1  14 14 1  1  9  9  15 15 9  9  18 18
    11  18 18 9  9  15 15 9  9  1  1  14 14 1  1  13 13 7  7  13 13 1  1  14 14 1  1  9  9  15 15 9  9  18 18
    10  18 18 18 18 2  2  7  7  6  6  1  1  3  3  1  1  11 11 1  1  3  3  1  1  6  6  7  7  2  2  18 18 18 18
     9  18 18 18 18 2  2  7  7  6  6  1  1  3  3  1  1  11 11 1  1  3  3  1  1  6  6  7  7  2  2  18 18 18 18
     8        18 18 10 10 15 15 7  7  9  9  16 16 4  4  16 16 4  4  16 16 9  9  7  7  15 15 10 10 18 18      
     7        18 18 10 10 15 15 7  7  9  9  16 16 4  4  16 16 4  4  16 16 9  9  7  7  15 15 10 10 18 18      
     6        18 18 18 18 10 10 2  2  15 15 7  7  12 12 7  7  12 12 7  7  15 15 2  2  10 10 18 18 18 18      
     5        18 18 18 18 10 10 2  2  15 15 7  7  12 12 7  7  12 12 7  7  15 15 2  2  10 10 18 18 18 18      
     4              18 18 18 18 18 18 9  9  17 17 8  8  4  4  8  8  17 17 9  9  18 18 18 18 18 18            
     3              18 18 18 18 18 18 9  9  17 17 8  8  4  4  8  8  17 17 9  9  18 18 18 18 18 18            
     2                          18 18 18 18 18 18 18 18 18 18 18 18 18 18 18 18 18 18                        
     1                          18 18 18 18 18 18 18 18 18 18 18 18 18 18 18 18 18 18                        
   Planar Region :  2
        1  2  3  4  5  6  7  8  9 10 11 12 13 14 15 16 17 18 19 20 21 22 23 24 25 26 27 28 29 30 31 32 33 34
    34                          18 18 18 18 18 18 18 18 18 18 18 18 18 18 18 18 18 18                        
    33                          18 18 18 18 18 18 18 18 18 18 18 18 18 18 18 18 18 18                        
    32              18 18 18 18 18 18 18 18 18 18 18 18 18 18 18 18 18 18 18 18 18 18 18 18 18 18            
    31              18 18 18 18 18 18 18 18 18 18 18 18 18 18 18 18 18 18 18 18 18 18 18 18 18 18            
    30        18 18 18 18 18 18 18 18 18 18 18 18 18 18 18 18 18 18 18 18 18 18 18 18 18 18 18 18 18 18      
    29        18 18 18 18 18 18 18 18 18 18 18 18 18 18 18 18 18 18 18 18 18 18 18 18 18 18 18 18 18 18      
    28        18 18 18 18 18 18 18 18 18 18 18 18 18 18 18 18 18 18 18 18 18 18 18 18 18 18 18 18 18 18      
    27        18 18 18 18 18 18 18 18 18 18 18 18 18 18 18 18 18 18 18 18 18 18 18 18 18 18 18 18 18 18      
    26  18 18 18 18 18 18 18 18 18 18 18 18 18 18 18 18 18 18 18 18 18 18 18 18 18 18 18 18 18 18 18 18 18 18
    25  18 18 18 18 18 18 18 18 18 18 18 18 18 18 18 18 18 18 18 18 18 18 18 18 18 18 18 18 18 18 18 18 18 18
    24  18 18 18 18 18 18 18 18 18 18 18 18 18 18 18 18 18 18 18 18 18 18 18 18 18 18 18 18 18 18 18 18 18 18
    23  18 18 18 18 18 18 18 18 18 18 18 18 18 18 18 18 18 18 18 18 18 18 18 18 18 18 18 18 18 18 18 18 18 18
    22  18 18 18 18 18 18 18 18 18 18 18 18 18 18 18 18 18 18 18 18 18 18 18 18 18 18 18 18 18 18 18 18 18 18
    21  18 18 18 18 18 18 18 18 18 18 18 18 18 18 18 18 18 18 18 18 18 18 18 18 18 18 18 18 18 18 18 18 18 18
    20  18 18 18 18 18 18 18 18 18 18 18 18 18 18 18 18 18 18 18 18 18 18 18 18 18 18 18 18 18 18 18 18 18 18
    19  18 18 18 18 18 18 18 18 18 18 18 18 18 18 18 18 18 18 18 18 18 18 18 18 18 18 18 18 18 18 18 18 18 18
    18  18 18 18 18 18 18 18 18 18 18 18 18 18 18 18 18 18 18 18 18 18 18 18 18 18 18 18 18 18 18 18 18 18 18
    17  18 18 18 18 18 18 18 18 18 18 18 18 18 18 18 18 18 18 18 18 18 18 18 18 18 18 18 18 18 18 18 18 18 18
    16  18 18 18 18 18 18 18 18 18 18 18 18 18 18 18 18 18 18 18 18 18 18 18 18 18 18 18 18 18 18 18 18 18 18
    15  18 18 18 18 18 18 18 18 18 18 18 18 18 18 18 18 18 18 18 18 18 18 18 18 18 18 18 18 18 18 18 18 18 18
    14  18 18 18 18 18 18 18 18 18 18 18 18 18 18 18 18 18 18 18 18 18 18 18 18 18 18 18 18 18 18 18 18 18 18
    13  18 18 18 18 18 18 18 18 18 18 18 18 18 18 18 18 18 18 18 18 18 18 18 18 18 18 18 18 18 18 18 18 18 18
    12  18 18 18 18 18 18 18 18 18 18 18 18 18 18 18 18 18 18 18 18 18 18 18 18 18 18 18 18 18 18 18 18 18 18
    11  18 18 18 18 18 18 18 18 18 18 18 18 18 18 18 18 18 18 18 18 18 18 18 18 18 18 18 18 18 18 18 18 18 18
    10  18 18 18 18 18 18 18 18 18 18 18 18 18 18 18 18 18 18 18 18 18 18 18 18 18 18 18 18 18 18 18 18 18 18
     9  18 18 18 18 18 18 18 18 18 18 18 18 18 18 18 18 18 18 18 18 18 18 18 18 18 18 18 18 18 18 18 18 18 18
     8        18 18 18 18 18 18 18 18 18 18 18 18 18 18 18 18 18 18 18 18 18 18 18 18 18 18 18 18 18 18      
     7        18 18 18 18 18 18 18 18 18 18 18 18 18 18 18 18 18 18 18 18 18 18 18 18 18 18 18 18 18 18      
     6        18 18 18 18 18 18 18 18 18 18 18 18 18 18 18 18 18 18 18 18 18 18 18 18 18 18 18 18 18 18      
     5        18 18 18 18 18 18 18 18 18 18 18 18 18 18 18 18 18 18 18 18 18 18 18 18 18 18 18 18 18 18      
     4              18 18 18 18 18 18 18 18 18 18 18 18 18 18 18 18 18 18 18 18 18 18 18 18 18 18            
     3              18 18 18 18 18 18 18 18 18 18 18 18 18 18 18 18 18 18 18 18 18 18 18 18 18 18            
     2                          18 18 18 18 18 18 18 18 18 18 18 18 18 18 18 18 18 18                        
     1                          18 18 18 18 18 18 18 18 18 18 18 18 18 18 18 18 18 18                        

  Planar Region Assignment to planes.
 --------------------------------------
   Plane Number     Planar Region    delta-z
       22 (TOP)            2          21.42
       21                  1          18.29
       20                  1          18.29
       19                  1          18.29
       18                  1          18.29
       17                  1          18.29
       16                  1          18.29
       15                  1          18.29
       14                  1          18.29
       13                  1          18.29
       12                  1          18.29
       11                  1          18.29
       10                  1          18.29
        9                  1          18.29
        8                  1          18.29
        7                  1          18.29
        6                  1          18.29
        5                  1          18.29
        4                  1          18.29
        3                  1          18.29
        2                  1          18.29
        1 (BOTTOM)         2          21.42

   Boundary conditions
  X-directed West   : ZERO FLUX
  X-directed East   : ZERO FLUX
  Y-directed North  : ZERO FLUX
  Y-directed South  : ZERO FLUX
  Z-directed Bottom : ZERO FLUX
  Z-directed Top    : ZERO FLUX

  ...Core geometry is successfully read...


            >>>> READING CONTROL RODS INSERTION <<<<
            --------------------------------------------
  NUMBER OF CONTROL ROD BANK  :  9
  MAX. NUMBER OF STEPS        : 200
  FULLY INSERTED POSITION (cm): 21.4 (FROM BOTTOM OF THE CORE)
  STEP SIZE (cm)              :   1.8288
  CR CUSPING CORRECTION       : ACTIVE
  INITIAL CONTROL ROD BANK POSITION (STEPS) : 
  (0 means fully inserted) 
    Bank  1  Bank  2  Bank  3  Bank  4  Bank  5  Bank  6  Bank  7  Bank  8  Bank  9
      0.0      0.0      0.0      0.0    200.0    200.0    200.0    200.0      0.0

  CONTROL ROD BANK MAP : 
  0  0  0  0  0  0  0  0  0  0  0  0  0  0  0  0  0
  0  0  0  0  0  0  0  0  0  0  0  0  0  0  0  0  0
  0  0  0  0  5  0  2  0  3  0  2  0  5  0  0  0  0
  0  0  0  0  0  7  0  6  0  6  0  7  0  0  0  0  0
  0  0  5  0  4  0  0  0  8  0  0  0  9  0  5  0  0
  0  0  0  7  0  0  0  0  0  0  0  0  0  7  0  0  0
  0  0  2  0  0  0  3  0  1  0  3  0  0  0  2  0  0
  0  0  0  6  0  0  0  0  0  0  0  0  0  6  0  0  0
  0  0  3  0  8  0  1  0  4  0  1  0  8  0  3  0  0
  0  0  0  6  0  0  0  0  0  0  0  0  0  6  0  0  0
  0  0  2  0  0  0  3  0  1  0  3  0  0  0  2  0  0
  0  0  0  7  0  0  0  0  0  0  0  0  0  7  0  0  0
  0  0  5  0  4  0  0  0  8  0  0  0  4  0  5  0  0
  0  0  0  0  0  7  0  6  0  6  0  7  0  0  0  0  0
  0  0  0  0  5  0  2  0  3  0  2  0  5  0  0  0  0
  0  0  0  0  0  0  0  0  0  0  0  0  0  0  0  0  0
  0  0  0  0  0  0  0  0  0  0  0  0  0  0  0  0  0

  ...Control Rods Insertion card is successfully read...


            >>>>   READING THERMAL-HYDRAULIC DATA   <<<<
            --------------------------------------------
  REACTOR PERCENT POWER (%)                :      0.00010
  REACTOR POWER (Watt)                     :   3.5650E+09
  COOLANT INLET TEMPERATURE (Kelvin)       :   5.6000E+02
  FUEL ASSEMBLY MASS FLOW RATE (Kg/s)      :   8.2121E+01
  FUEL MEAT RADIUS (m)                     :   3.9510E-03
  GAP THICKNESS (m)                        :   5.9000E-05
  CLAD THICKNESS (m)                       :   5.7300E-04
  PIN PITCH(m)                             :   1.2600E-02
  FRACTION OF HEAT DEPOSITED IN COOL.      :   0.0000E+00

  ...Thermal-hydraulic Card is successfully read...


  **********************************  STOP READING INPUT  *******************************************


  ================================================================================================
                        CRITICAL BORON CONCENTRATION SEARCH
  ================================================================================================

   Itr  Boron Concentration          K-EFF    FLUX REL. ERROR   FISS. SOURCE REL. ERROR    DOPPLER ERROR
  ------------------------------------------------------------------------------------------------------
    1           0.00                1.10045     9.24576E-02          1.07866E-02           1.12818E-04
    2         500.00                1.06045     3.55046E-02          2.73331E-03           2.85734E-05
    3        1255.67                1.00565     4.06913E-02          2.11072E-03           3.50454E-05
    4        1333.57                1.00048     7.28862E-03          5.50448E-04           1.13780E-05
    5        1340.73                1.00002     1.59557E-03          1.31860E-04           3.35157E-06
    6        1341.09                1.00001     1.10547E-03          6.41509E-05           1.00021E-06
    7        1341.39                0.99999     3.18100E-04          6.83756E-05           5.14571E-07
    8        1341.24                1.00000     2.12065E-04          1.96205E-05           1.86374E-07
    9        1341.26                1.00000     6.47682E-06          8.71655E-06           1.93269E-08


     Radial Power Distribution
   ==============================
           1       2       3       4       5       6       7       8       9      10      11      12
    17                                                                                                
    16                                           0.369   0.330   0.389   0.294   0.389   0.331   0.369
    15                           0.427   0.822   1.045   0.566   0.829   0.499   0.830   0.567   1.045
    14                   0.427   1.081   1.374   1.464   1.355   1.085   1.169   1.085   1.355   1.465
    13                   0.822   1.374   0.627   1.628   1.644   1.751   1.314   1.751   1.645   1.629
    12           0.369   1.044   1.464   1.628   1.315   1.573   1.361   1.511   1.361   1.573   1.316
    11           0.330   0.566   1.354   1.644   1.572   0.615   0.802   0.516   0.802   0.615   1.573
    10           0.389   0.829   1.084   1.750   1.360   0.801   0.811   0.789   0.811   0.802   1.361
     9           0.294   0.499   1.168   1.313   1.510   0.516   0.789   0.349   0.789   0.516   1.511
     8           0.389   0.829   1.084   1.749   1.360   0.801   0.810   0.789   0.811   0.802   1.361
     7           0.330   0.566   1.353   1.643   1.572   0.614   0.801   0.516   0.801   0.615   1.573
     6           0.369   1.044   1.463   1.627   1.315   1.572   1.360   1.510   1.360   1.572   1.315
     5                   0.821   1.373   0.626   1.627   1.643   1.749   1.313   1.750   1.644   1.628
     4                   0.427   1.080   1.373   1.463   1.353   1.084   1.168   1.084   1.354   1.464
     3                           0.427   0.821   1.044   0.566   0.829   0.499   0.829   0.566   1.044
     2                                           0.369   0.330   0.389   0.294   0.389   0.330   0.369
     1                                                                                                

          13      14      15      16      17
    17                                        
    16                                        
    15   0.822   0.428                        
    14   1.375   1.082   0.428                
    13   0.627   1.375   0.822                
    12   1.629   1.465   1.045   0.369        
    11   1.645   1.355   0.567   0.331        
    10   1.751   1.085   0.830   0.389        
     9   1.314   1.169   0.499   0.294        
     8   1.751   1.085   0.829   0.389        
     7   1.644   1.355   0.566   0.330        
     6   1.628   1.464   1.045   0.369        
     5   0.627   1.374   0.822                
     4   1.374   1.081   0.427                
     3   0.822   0.427                        
     2                                        
     1                                        

   MAX POS.       Maximum Value
  ( 10, 13)          1.751


     Axial Power Density Distribution
   ====================================

     Plane Number        Power      Height
    -----------------------------------------
        22  (TOP)        0.000      408.60
        21               0.217      387.18
        20               0.438      368.89
        19               0.648      350.60
        18               0.843      332.32
        17               1.020      314.03
        16               1.173      295.74
        15               1.301      277.45
        14               1.399      259.16
        13               1.465      240.88
        12               1.499      222.59
        11               1.498      204.30
        10               1.465      186.01
         9               1.398      167.72
         8               1.300      149.44
         7               1.173      131.15
         6               1.019      112.86
         5               0.843       94.57
         4               0.647       76.28
         3               0.438       58.00
         2               0.217       39.71
         1  (BOTTOM)     0.000       21.42

   MAX POS.       Maximum Value
    ( 12)             1.499


     Radial Flux Distribution
   ==============================
    Group :   1
             1          2          3          4          5          6          7          8          9         10         11         12
    17                                               3.813E-05  1.609E-04  1.942E-04  1.962E-04  1.771E-04  1.962E-04  1.943E-04  1.610E-04 
    16                         3.966E-05  2.304E-04  6.015E-04  1.866E-03  1.840E-03  1.919E-03  1.628E-03  1.919E-03  1.841E-03  1.867E-03 
    15              3.966E-05  4.350E-04  2.337E-03  4.086E-03  5.057E-03  3.535E-03  4.069E-03  3.093E-03  4.070E-03  3.537E-03  5.060E-03 
    14              2.303E-04  2.337E-03  5.197E-03  6.237E-03  7.245E-03  6.980E-03  6.111E-03  6.010E-03  6.112E-03  6.983E-03  7.249E-03 
    13   3.812E-05  6.014E-04  4.086E-03  6.236E-03  4.886E-03  7.513E-03  8.357E-03  8.067E-03  7.292E-03  8.069E-03  8.360E-03  7.517E-03 
    12   1.609E-04  1.866E-03  5.056E-03  7.243E-03  7.512E-03  7.395E-03  7.321E-03  7.172E-03  6.898E-03  7.173E-03  7.324E-03  7.399E-03 
    11   1.941E-04  1.840E-03  3.534E-03  6.977E-03  8.354E-03  7.319E-03  4.222E-03  4.342E-03  3.553E-03  4.343E-03  4.225E-03  7.324E-03 
    10   1.961E-04  1.918E-03  4.067E-03  6.107E-03  8.063E-03  7.168E-03  4.340E-03  3.939E-03  3.622E-03  3.940E-03  4.343E-03  7.173E-03 
     9   1.769E-04  1.627E-03  3.090E-03  6.005E-03  7.286E-03  6.893E-03  3.551E-03  3.621E-03  2.652E-03  3.622E-03  3.553E-03  6.898E-03 
     8   1.960E-04  1.917E-03  4.066E-03  6.106E-03  8.061E-03  7.167E-03  4.339E-03  3.938E-03  3.621E-03  3.939E-03  4.342E-03  7.172E-03 
     7   1.941E-04  1.839E-03  3.532E-03  6.974E-03  8.351E-03  7.316E-03  4.220E-03  4.339E-03  3.551E-03  4.340E-03  4.222E-03  7.321E-03 
     6   1.608E-04  1.865E-03  5.053E-03  7.240E-03  7.508E-03  7.391E-03  7.316E-03  7.167E-03  6.893E-03  7.168E-03  7.319E-03  7.395E-03 
     5   3.810E-05  6.010E-04  4.083E-03  6.232E-03  4.883E-03  7.508E-03  8.351E-03  8.061E-03  7.286E-03  8.063E-03  8.354E-03  7.512E-03 
     4              2.302E-04  2.336E-03  5.193E-03  6.232E-03  7.240E-03  6.974E-03  6.106E-03  6.005E-03  6.107E-03  6.977E-03  7.243E-03 
     3              3.963E-05  4.347E-04  2.336E-03  4.083E-03  5.053E-03  3.532E-03  4.066E-03  3.090E-03  4.067E-03  3.534E-03  5.056E-03 
     2                         3.963E-05  2.302E-04  6.010E-04  1.865E-03  1.839E-03  1.917E-03  1.627E-03  1.918E-03  1.840E-03  1.866E-03 
     1                                               3.810E-05  1.608E-04  1.941E-04  1.960E-04  1.769E-04  1.961E-04  1.941E-04  1.609E-04 

            13         14         15         16         17
    17   3.815E-05                                             
    16   6.018E-04  2.305E-04  3.969E-05                       
    15   4.089E-03  2.339E-03  4.353E-04  3.969E-05            
    14   6.240E-03  5.201E-03  2.339E-03  2.305E-04            
    13   4.889E-03  6.240E-03  4.089E-03  6.018E-04  3.815E-05 
    12   7.517E-03  7.249E-03  5.060E-03  1.867E-03  1.610E-04 
    11   8.360E-03  6.983E-03  3.537E-03  1.841E-03  1.943E-04 
    10   8.069E-03  6.112E-03  4.070E-03  1.919E-03  1.962E-04 
     9   7.292E-03  6.010E-03  3.093E-03  1.628E-03  1.771E-04 
     8   8.067E-03  6.111E-03  4.069E-03  1.919E-03  1.962E-04 
     7   8.357E-03  6.980E-03  3.535E-03  1.840E-03  1.942E-04 
     6   7.513E-03  7.245E-03  5.057E-03  1.866E-03  1.609E-04 
     5   4.886E-03  6.237E-03  4.086E-03  6.015E-04  3.813E-05 
     4   6.236E-03  5.197E-03  2.337E-03  2.304E-04            
     3   4.086E-03  2.337E-03  4.350E-04  3.966E-05            
     2   6.014E-04  2.303E-04  3.966E-05                       
     1   3.812E-05                                             

    Group :   2
             1          2          3          4          5          6          7          8          9         10         11         12
    17                                               2.255E-04  8.542E-04  9.952E-04  1.048E-03  9.639E-04  1.048E-03  9.956E-04  8.546E-04 
    16                         2.343E-04  1.246E-03  3.215E-03  1.969E-03  1.249E-03  2.037E-03  1.915E-03  2.038E-03  1.249E-03  1.970E-03 
    15              2.343E-04  2.321E-03  2.592E-03  4.583E-03  2.481E-03  2.412E-03  2.081E-03  2.134E-03  2.081E-03  2.413E-03  2.483E-03 
    14              1.246E-03  2.591E-03  2.573E-03  6.762E-03  7.851E-03  4.061E-03  7.021E-03  3.510E-03  7.023E-03  4.062E-03  7.855E-03 
    13   2.254E-04  3.215E-03  4.582E-03  6.762E-03  3.791E-03  8.539E-03  9.636E-03  9.186E-03  8.484E-03  9.188E-03  9.640E-03  8.544E-03 
    12   8.539E-04  1.968E-03  2.481E-03  7.849E-03  8.538E-03  5.657E-03  8.226E-03  4.724E-03  7.424E-03  4.725E-03  8.229E-03  5.661E-03 
    11   9.948E-04  1.248E-03  2.411E-03  4.059E-03  9.632E-03  8.224E-03  3.178E-03  4.879E-03  2.667E-03  4.880E-03  3.180E-03  8.229E-03 
    10   1.047E-03  2.036E-03  2.080E-03  7.017E-03  9.181E-03  4.721E-03  4.877E-03  4.552E-03  4.147E-03  4.553E-03  4.880E-03  4.725E-03 
     9   9.631E-04  1.913E-03  2.132E-03  3.507E-03  8.477E-03  7.419E-03  2.665E-03  4.146E-03  2.058E-03  4.147E-03  2.667E-03  7.424E-03 
     8   1.047E-03  2.035E-03  2.079E-03  7.015E-03  9.179E-03  4.720E-03  4.876E-03  4.550E-03  4.146E-03  4.552E-03  4.879E-03  4.724E-03 
     7   9.944E-04  1.248E-03  2.410E-03  4.057E-03  9.629E-03  8.220E-03  3.177E-03  4.876E-03  2.665E-03  4.877E-03  3.178E-03  8.226E-03 
     6   8.535E-04  1.967E-03  2.479E-03  7.845E-03  8.533E-03  5.654E-03  8.220E-03  4.720E-03  7.419E-03  4.721E-03  8.224E-03  5.657E-03 
     5   2.253E-04  3.213E-03  4.580E-03  6.757E-03  3.788E-03  8.533E-03  9.629E-03  9.179E-03  8.477E-03  9.181E-03  9.632E-03  8.538E-03 
     4              1.245E-03  2.590E-03  2.571E-03  6.757E-03  7.845E-03  4.057E-03  7.015E-03  3.507E-03  7.017E-03  4.059E-03  7.849E-03 
     3              2.342E-04  2.319E-03  2.590E-03  4.580E-03  2.479E-03  2.410E-03  2.079E-03  2.132E-03  2.080E-03  2.411E-03  2.481E-03 
     2                         2.342E-04  1.245E-03  3.213E-03  1.967E-03  1.248E-03  2.035E-03  1.913E-03  2.036E-03  1.248E-03  1.968E-03 
     1                                               2.253E-04  8.535E-04  9.944E-04  1.047E-03  9.631E-04  1.047E-03  9.948E-04  8.539E-04 

            13         14         15         16         17
    17   2.256E-04                                             
    16   3.217E-03  1.247E-03  2.345E-04                       
    15   4.586E-03  2.593E-03  2.322E-03  2.345E-04            
    14   6.766E-03  2.575E-03  2.593E-03  1.247E-03            
    13   3.793E-03  6.766E-03  4.586E-03  3.217E-03  2.256E-04 
    12   8.544E-03  7.855E-03  2.483E-03  1.970E-03  8.546E-04 
    11   9.640E-03  4.062E-03  2.413E-03  1.249E-03  9.956E-04 
    10   9.188E-03  7.023E-03  2.081E-03  2.038E-03  1.048E-03 
     9   8.484E-03  3.510E-03  2.134E-03  1.915E-03  9.639E-04 
     8   9.186E-03  7.021E-03  2.081E-03  2.037E-03  1.048E-03 
     7   9.636E-03  4.061E-03  2.412E-03  1.249E-03  9.952E-04 
     6   8.539E-03  7.851E-03  2.481E-03  1.969E-03  8.542E-04 
     5   3.791E-03  6.762E-03  4.583E-03  3.215E-03  2.255E-04 
     4   6.762E-03  2.573E-03  2.592E-03  1.246E-03            
     3   4.582E-03  2.591E-03  2.321E-03  2.343E-04            
     2   3.215E-03  1.246E-03  2.343E-04                       
     1   2.254E-04                                             


   HEAT FLUX HOT CHANNEL FACTOR :  2.727

  AVERAGE DOPPLER TEMPERATURE     :   560.0 K (  286.9 C)
  MAX FUEL CENTERLINE TEMPERATURE :   560.0 K (  286.9 C)
  AVERAGE MODERATOR TEMPERATURE   :   560.0 K (  286.9 C)
  MAXIMUM MODERATOR TEMPERATURE   :   560.0 K (  286.9 C)
  OUTLET MODERATOR TEMPERATURE    :   560.0 K (  286.9 C)
  AVERAGE MODERATOR DENSITY       :   751.9 kg/m3 (  0.752 g/cc)
  OUTLET MODERATOR DENSITY        :   751.9 kg/m3 (  0.752 g/cc)


 Total time :    9.4110569999999996       seconds
