                       ###########################################################
                       #                     ADPRES 1.1                          #
                       #        ABU DHABI POLYTECHNIC REACTOR SIMULATOR          #
                       ###########################################################  


  ========================================INPUT DATA STARTS HERE=====================================
     1: ! CRITICAL BORON CONCENTRATION SEARCH CALCULATION                                                   
     2: ! FOR PWR NEACRP BENCHMARK                                                                          
     3: %MODE                                                                                               
     4: BCSEARCH                                                                                            
     5:                                                                                                     
     6: ! CASE CARD                                                                                         
     7: %CASE                                                                                               
     8: NEACRP Critical Boron Concentration Search - Case A1                                                
     9: 10.803 CM NODE SIZE                                                                                 
    10:                                                                                                     
    11: ! XSEC CARD                                                                                         
    12: %XTAB                                                                                               
    13: 2  18    ! Number of groups and number of materials                                                 
    14: ! XTAB files for each material                                                                      
    15: /home/imronuke/github/ADPRES/smpl/2G_XSEC_u42   1  !MAT  1 : u42u  0.15 GWD/TON                     
    16: /home/imronuke/github/ADPRES/smpl/2G_XSEC_u42   2  !MAT  2 : u42u  17.5 GWD/TON                     
    17: /home/imronuke/github/ADPRES/smpl/2G_XSEC_u42   4  !MAT  3 : u42u  22.5 GWD/TON                     
    18: /home/imronuke/github/ADPRES/smpl/2G_XSEC_u42   5  !MAT  4 : u42u  32.5 GWD/TON                     
    19: /home/imronuke/github/ADPRES/smpl/2G_XSEC_u42   6  !MAT  5 : u42u  35.0 GWD/TON                     
    20: /home/imronuke/github/ADPRES/smpl/2G_XSEC_u42   7  !MAT  6 : u42u  37.5 GWD/TON                     
    21: /home/imronuke/github/ADPRES/smpl/2G_XSEC_u45   1  !MAT  7 : u45u  0.15 GWD/TON                     
    22: /home/imronuke/github/ADPRES/smpl/2G_XSEC_u45   2  !MAT  8 : u45u  17.5 GWD/TON                     
    23: /home/imronuke/github/ADPRES/smpl/2G_XSEC_u45   3  !MAT  9 : u45u  20.5 GWD/TON                     
    24: /home/imronuke/github/ADPRES/smpl/2G_XSEC_u45   5  !MAT  10: u45u  32.5 GWD/TON                     
    25: /home/imronuke/github/ADPRES/smpl/2G_XSEC_u45   7  !MAT  11: u45u  37.5 GWD/TON                     
    26: /home/imronuke/github/ADPRES/smpl/2G_XSEC_m40   1  !MAT  12: m40m  0.15 GWD/TON                     
    27: /home/imronuke/github/ADPRES/smpl/2G_XSEC_m40   4  !MAT  13: m40m  22.5 GWD/TON                     
    28: /home/imronuke/github/ADPRES/smpl/2G_XSEC_m40   7  !MAT  14: m40m  37.5 GWD/TON                     
    29: /home/imronuke/github/ADPRES/smpl/2G_XSEC_m43   1  !MAT  15: m43m  0.15 GWD/TON                     
    30: /home/imronuke/github/ADPRES/smpl/2G_XSEC_m43   2  !MAT  16: m43m  17.5 GWD/TON                     
    31: /home/imronuke/github/ADPRES/smpl/2G_XSEC_m43   6  !MAT  17: m43m  35.0 GWD/TON                     
    32: /home/imronuke/github/ADPRES/smpl/2G_XSEC_refl  1  !MAT  18: REFLECTOR                              
    33: 1                                                                                                   
    34:                                                                                                     
    35: %GEOM                                                                                               
    36: 9 9 22                  !nx, ny, nz                                                                 
    37: 10.71  8*21.42          !x-direction assembly size in cm                                            
    38: 1  8*2                  !x-direction assembly division                                              
    39: 10.71  8*21.42          !y-direction assembly size in cm                                            
    40: 1  8*2                  !y-direction assembly ddivision                                             
    41: 21.42 20*18.288 21.42   !z-direction assembly size in cm                                            
    42: 22*2                    !z-direction assembly division                                              
    43: 2                       !np number of planar type                                                   
    44: 2 20*1 2                                                                                            
    45:                                                                                                     
    46: ! Planar_type_1                                                                                     
    47: 18 18 18 18 18  0  0  0  0                                                                          
    48:  4  8 17  9 18 18 18  0  0                                                                          
    49:  7 12  7 15  2 10 18 18  0                                                                          
    50: 16  4 16  9  7 15 10 18  0                                                                          
    51: 11  1  3  1  6  7  2 18 18                                                                          
    52:  7 13  1 14  1  9 15  9 18                                                                          
    53:  3 10  3  1  3 16  7 17 18                                                                          
    54:  1  2 10 13  1  4 12  8 18                                                                          
    55:  5  1  3  7 11 16  7  4 18                                                                          
    56: ! Planar_type_2                                                                                     
    57: 18 18 18 18 18  0  0  0  0                                                                          
    58: 18 18 18 18 18 18 18  0  0                                                                          
    59: 18 18 18 18 18 18 18 18  0                                                                          
    60: 18 18 18 18 18 18 18 18  0                                                                          
    61: 18 18 18 18 18 18 18 18 18                                                                          
    62: 18 18 18 18 18 18 18 18 18                                                                          
    63: 18 18 18 18 18 18 18 18 18                                                                          
    64: 18 18 18 18 18 18 18 18 18                                                                          
    65: 18 18 18 18 18 18 18 18 18                                                                          
    66: ! Boundary conditions (east), (west), (north), (south), (bottom), (top)                             
    67: 0 2 0 2 0 0                                                                                         
    68:                                                                                                     
    69: ! THERMAL-HYDRAULIC CARD                                                                            
    70: %THER                                                                                               
    71: 100.                                ! Percent power in %                                            
    72: 891.25e6                            ! Reactor thermal power for quarter geometry in Watt            
    73: 560.  82.121243523                  ! Inlet coolant temp. (Kelvin) and Fuel Assembly Mass flow rate 
    74: 3.951E-03  5.9E-05  5.73E-04  1.26E-2 ! Fuel meat rad., gap thinkness, cladding thinkness and pin pi
    75: 264  25                                ! Number of fuel pin and guide tubes                         
    76: 0.0                                  ! FRACTION OF HEAT DEPOSITED IN COOLANT                        
    77: 1                                                                                                   
  ========================================INPUT DATA   ENDS HERE=====================================



                                             START READING INPUT
  ***************************************************************************************************
  CALCULATION MODE :      CRITICAL BORON CONCENTRATION SEARCH

  CASE ID :   NEACRP Critical Boron Concentration Search - Case A1                                              
   10.803 CM NODE SIZE                                                                               


            >>>> READING TABULAR XSEC FILE <<<<
            --------------------------------------------

     MATERIAL  1
     XTAB FILE /home/imronuke/github/ADPRES/smpl/2G_XSEC_u42. COMPOSITION NUMBER  1
    GROUP   TRANSPORT    DIFFUSION  ABSORPTION    NU*FISS      KAP*FIS    FISS. SPCTR
       1     0.229048    1.455299    0.009439     0.007481     0.000000     1.000000
       2     0.785837    0.424176    0.104767     0.154901     0.000000     0.000000
   --SCATTERING MATRIX--
     G/G'          1          2
      1        0.483225    0.014866
      2        0.000000    1.195350

     MATERIAL  2
     XTAB FILE /home/imronuke/github/ADPRES/smpl/2G_XSEC_u42. COMPOSITION NUMBER  2
    GROUP   TRANSPORT    DIFFUSION  ABSORPTION    NU*FISS      KAP*FIS    FISS. SPCTR
       1     0.227182    1.467252    0.009858     0.006276     0.000000     1.000000
       2     0.808587    0.412242    0.103749     0.159960     0.000000     0.000000
   --SCATTERING MATRIX--
     G/G'          1          2
      1        0.483118    0.014481
      2        0.000000    1.209490

     MATERIAL  3
     XTAB FILE /home/imronuke/github/ADPRES/smpl/2G_XSEC_u42. COMPOSITION NUMBER  4
    GROUP   TRANSPORT    DIFFUSION  ABSORPTION    NU*FISS      KAP*FIS    FISS. SPCTR
       1     0.226389    1.472392    0.010030     0.005966     0.000000     1.000000
       2     0.812097    0.410460    0.102543     0.155249     0.000000     0.000000
   --SCATTERING MATRIX--
     G/G'          1          2
      1        0.483742    0.014455
      2        0.000000    1.211600

     MATERIAL  4
     XTAB FILE /home/imronuke/github/ADPRES/smpl/2G_XSEC_u42. COMPOSITION NUMBER  5
    GROUP   TRANSPORT    DIFFUSION  ABSORPTION    NU*FISS      KAP*FIS    FISS. SPCTR
       1     0.224782    1.482918    0.010334     0.005397     0.000000     1.000000
       2     0.817605    0.407695    0.099179     0.143521     0.000000     0.000000
   --SCATTERING MATRIX--
     G/G'          1          2
      1        0.485006    0.014455
      2        0.000000    1.214980

     MATERIAL  5
     XTAB FILE /home/imronuke/github/ADPRES/smpl/2G_XSEC_u42. COMPOSITION NUMBER  6
    GROUP   TRANSPORT    DIFFUSION  ABSORPTION    NU*FISS      KAP*FIS    FISS. SPCTR
       1     0.224373    1.485621    0.010403     0.005266     0.000000     1.000000
       2     0.818775    0.407112    0.098193     0.140363     0.000000     0.000000
   --SCATTERING MATRIX--
     G/G'          1          2
      1        0.485275    0.014462
      2        0.000000    1.215710

     MATERIAL  6
     XTAB FILE /home/imronuke/github/ADPRES/smpl/2G_XSEC_u42. COMPOSITION NUMBER  7
    GROUP   TRANSPORT    DIFFUSION  ABSORPTION    NU*FISS      KAP*FIS    FISS. SPCTR
       1     0.223959    1.488368    0.010469     0.005140     0.000000     1.000000
       2     0.819868    0.406570    0.097172     0.137181     0.000000     0.000000
   --SCATTERING MATRIX--
     G/G'          1          2
      1        0.485560    0.014469
      2        0.000000    1.216440

     MATERIAL  7
     XTAB FILE /home/imronuke/github/ADPRES/smpl/2G_XSEC_u45. COMPOSITION NUMBER  1
    GROUP   TRANSPORT    DIFFUSION  ABSORPTION    NU*FISS      KAP*FIS    FISS. SPCTR
       1     0.229147    1.454670    0.009594     0.007809     0.000000     1.000000
       2     0.784603    0.424843    0.108868     0.163559     0.000000     0.000000
   --SCATTERING MATRIX--
     G/G'          1          2
      1        0.482550    0.014679
      2        0.000000    1.194010

     MATERIAL  8
     XTAB FILE /home/imronuke/github/ADPRES/smpl/2G_XSEC_u45. COMPOSITION NUMBER  2
    GROUP   TRANSPORT    DIFFUSION  ABSORPTION    NU*FISS      KAP*FIS    FISS. SPCTR
       1     0.227344    1.466207    0.009971     0.006576     0.000000     1.000000
       2     0.806708    0.413202    0.107875     0.168190     0.000000     0.000000
   --SCATTERING MATRIX--
     G/G'          1          2
      1        0.482573    0.014347
      2        0.000000    1.207720

     MATERIAL  9
     XTAB FILE /home/imronuke/github/ADPRES/smpl/2G_XSEC_u45. COMPOSITION NUMBER  3
    GROUP   TRANSPORT    DIFFUSION  ABSORPTION    NU*FISS      KAP*FIS    FISS. SPCTR
       1     0.226953    1.468733    0.010053     0.006413     0.000000     1.000000
       2     0.808559    0.412256    0.107292     0.165988     0.000000     0.000000
   --SCATTERING MATRIX--
     G/G'          1          2
      1        0.482881    0.014332
      2        0.000000    1.208840

     MATERIAL 10
     XTAB FILE /home/imronuke/github/ADPRES/smpl/2G_XSEC_u45. COMPOSITION NUMBER  5
    GROUP   TRANSPORT    DIFFUSION  ABSORPTION    NU*FISS      KAP*FIS    FISS. SPCTR
       1     0.225018    1.481363    0.010416     0.005661     0.000000     1.000000
       2     0.815846    0.408574    0.103160     0.151595     0.000000     0.000000
   --SCATTERING MATRIX--
     G/G'          1          2
      1        0.484461    0.014328
      2        0.000000    1.213320

     MATERIAL 11
     XTAB FILE /home/imronuke/github/ADPRES/smpl/2G_XSEC_u45. COMPOSITION NUMBER  7
    GROUP   TRANSPORT    DIFFUSION  ABSORPTION    NU*FISS      KAP*FIS    FISS. SPCTR
       1     0.224223    1.486615    0.010542     0.005388     0.000000     1.000000
       2     0.818169    0.407414    0.101068     0.145048     0.000000     0.000000
   --SCATTERING MATRIX--
     G/G'          1          2
      1        0.485021    0.014347
      2        0.000000    1.214840

     MATERIAL 12
     XTAB FILE /home/imronuke/github/ADPRES/smpl/2G_XSEC_m40. COMPOSITION NUMBER  1
    GROUP   TRANSPORT    DIFFUSION  ABSORPTION    NU*FISS      KAP*FIS    FISS. SPCTR
       1     0.228636    1.457921    0.011093     0.008188     0.000000     1.000000
       2     0.815569    0.408713    0.239482     0.366941     0.000000     0.000000
   --SCATTERING MATRIX--
     G/G'          1          2
      1        0.477294    0.012775
      2        0.000000    1.161750

     MATERIAL 13
     XTAB FILE /home/imronuke/github/ADPRES/smpl/2G_XSEC_m40. COMPOSITION NUMBER  4
    GROUP   TRANSPORT    DIFFUSION  ABSORPTION    NU*FISS      KAP*FIS    FISS. SPCTR
       1     0.227413    1.465762    0.011685     0.006915     0.000000     1.000000
       2     0.811931    0.410544    0.181520     0.273905     0.000000     0.000000
   --SCATTERING MATRIX--
     G/G'          1          2
      1        0.480334    0.012576
      2        0.000000    1.164730

     MATERIAL 14
     XTAB FILE /home/imronuke/github/ADPRES/smpl/2G_XSEC_m40. COMPOSITION NUMBER  7
    GROUP   TRANSPORT    DIFFUSION  ABSORPTION    NU*FISS      KAP*FIS    FISS. SPCTR
       1     0.226361    1.472574    0.011980     0.006174     0.000000     1.000000
       2     0.810540    0.411248    0.153555     0.224652     0.000000     0.000000
   --SCATTERING MATRIX--
     G/G'          1          2
      1        0.481991    0.012582
      2        0.000000    1.167270

     MATERIAL 15
     XTAB FILE /home/imronuke/github/ADPRES/smpl/2G_XSEC_m43. COMPOSITION NUMBER  1
    GROUP   TRANSPORT    DIFFUSION  ABSORPTION    NU*FISS      KAP*FIS    FISS. SPCTR
       1     0.228605    1.458119    0.011274     0.008567     0.000000     1.000000
       2     0.817560    0.407717    0.248017     0.382948     0.000000     0.000000
   --SCATTERING MATRIX--
     G/G'          1          2
      1        0.476719    0.012601
      2        0.000000    1.162390

     MATERIAL 16
     XTAB FILE /home/imronuke/github/ADPRES/smpl/2G_XSEC_m43. COMPOSITION NUMBER  2
    GROUP   TRANSPORT    DIFFUSION  ABSORPTION    NU*FISS      KAP*FIS    FISS. SPCTR
       1     0.227579    1.464693    0.011766     0.007553     0.000000     1.000000
       2     0.813873    0.409564    0.204243     0.310724     0.000000     0.000000
   --SCATTERING MATRIX--
     G/G'          1          2
      1        0.479252    0.012432
      2        0.000000    1.163180

     MATERIAL 17
     XTAB FILE /home/imronuke/github/ADPRES/smpl/2G_XSEC_m43. COMPOSITION NUMBER  6
    GROUP   TRANSPORT    DIFFUSION  ABSORPTION    NU*FISS      KAP*FIS    FISS. SPCTR
       1     0.226563    1.471261    0.012097     0.006660     0.000000     1.000000
       2     0.812048    0.410485    0.168360     0.250926     0.000000     0.000000
   --SCATTERING MATRIX--
     G/G'          1          2
      1        0.481016    0.012393
      2        0.000000    1.166040

     MATERIAL 18
     XTAB FILE /home/imronuke/github/ADPRES/smpl/2G_XSEC_refl. COMPOSITION NUMBER  1
    GROUP   TRANSPORT    DIFFUSION  ABSORPTION    NU*FISS      KAP*FIS    FISS. SPCTR
       1     0.303521    1.098222    0.002045     0.000000     0.000000     1.000000
       2     1.275640    0.261307    0.016275     0.000000     0.000000     0.000000
   --SCATTERING MATRIX--
     G/G'          1          2
      1        0.637098    0.027340
      2        0.000000    2.055600

  ...XTAB FILE Card is successfully read...


            >>>>>READING CORE GEOMETRY<<<<<
            -------------------------------
  Number of assembly in x, y and z directions respectively :
           9           9          22
  Number of nodes in x, y and z directions respectively :
          17          17          44

  x-directed nodes divison (delta-x)
    10.71  10.71  10.71  10.71  10.71  10.71  10.71  10.71  10.71  10.71
    10.71  10.71  10.71  10.71  10.71  10.71  10.71
  y-directed nodes divison (delta-y)
    10.71  10.71  10.71  10.71  10.71  10.71  10.71  10.71  10.71  10.71
    10.71  10.71  10.71  10.71  10.71  10.71  10.71

  Planar Region :  1
        1  2  3  4  5  6  7  8  9 10 11 12 13 14 15 16 17
    17  18 18 18 18 18 18 18 18 18                        
    16  18 18 18 18 18 18 18 18 18                        
    15  4  8  8  17 17 9  9  18 18 18 18 18 18            
    14  4  8  8  17 17 9  9  18 18 18 18 18 18            
    13  7  12 12 7  7  15 15 2  2  10 10 18 18 18 18      
    12  7  12 12 7  7  15 15 2  2  10 10 18 18 18 18      
    11  16 4  4  16 16 9  9  7  7  15 15 10 10 18 18      
    10  16 4  4  16 16 9  9  7  7  15 15 10 10 18 18      
     9  11 1  1  3  3  1  1  6  6  7  7  2  2  18 18 18 18
     8  11 1  1  3  3  1  1  6  6  7  7  2  2  18 18 18 18
     7  7  13 13 1  1  14 14 1  1  9  9  15 15 9  9  18 18
     6  7  13 13 1  1  14 14 1  1  9  9  15 15 9  9  18 18
     5  3  10 10 3  3  1  1  3  3  16 16 7  7  17 17 18 18
     4  3  10 10 3  3  1  1  3  3  16 16 7  7  17 17 18 18
     3  1  2  2  10 10 13 13 1  1  4  4  12 12 8  8  18 18
     2  1  2  2  10 10 13 13 1  1  4  4  12 12 8  8  18 18
     1  5  1  1  3  3  7  7  11 11 16 16 7  7  4  4  18 18
  Planar Region :  2
        1  2  3  4  5  6  7  8  9 10 11 12 13 14 15 16 17
    17  18 18 18 18 18 18 18 18 18                        
    16  18 18 18 18 18 18 18 18 18                        
    15  18 18 18 18 18 18 18 18 18 18 18 18 18            
    14  18 18 18 18 18 18 18 18 18 18 18 18 18            
    13  18 18 18 18 18 18 18 18 18 18 18 18 18 18 18      
    12  18 18 18 18 18 18 18 18 18 18 18 18 18 18 18      
    11  18 18 18 18 18 18 18 18 18 18 18 18 18 18 18      
    10  18 18 18 18 18 18 18 18 18 18 18 18 18 18 18      
     9  18 18 18 18 18 18 18 18 18 18 18 18 18 18 18 18 18
     8  18 18 18 18 18 18 18 18 18 18 18 18 18 18 18 18 18
     7  18 18 18 18 18 18 18 18 18 18 18 18 18 18 18 18 18
     6  18 18 18 18 18 18 18 18 18 18 18 18 18 18 18 18 18
     5  18 18 18 18 18 18 18 18 18 18 18 18 18 18 18 18 18
     4  18 18 18 18 18 18 18 18 18 18 18 18 18 18 18 18 18
     3  18 18 18 18 18 18 18 18 18 18 18 18 18 18 18 18 18
     2  18 18 18 18 18 18 18 18 18 18 18 18 18 18 18 18 18
     1  18 18 18 18 18 18 18 18 18 18 18 18 18 18 18 18 18

  Planar Region Assignment to planes.
 --------------------------------------
   Plane Number     Planar Region    delta-z
       44 (TOP)            2          10.71
       43                  2          10.71
       42                  1           9.14
       41                  1           9.14
       40                  1           9.14
       39                  1           9.14
       38                  1           9.14
       37                  1           9.14
       36                  1           9.14
       35                  1           9.14
       34                  1           9.14
       33                  1           9.14
       32                  1           9.14
       31                  1           9.14
       30                  1           9.14
       29                  1           9.14
       28                  1           9.14
       27                  1           9.14
       26                  1           9.14
       25                  1           9.14
       24                  1           9.14
       23                  1           9.14
       22                  1           9.14
       21                  1           9.14
       20                  1           9.14
       19                  1           9.14
       18                  1           9.14
       17                  1           9.14
       16                  1           9.14
       15                  1           9.14
       14                  1           9.14
       13                  1           9.14
       12                  1           9.14
       11                  1           9.14
       10                  1           9.14
        9                  1           9.14
        8                  1           9.14
        7                  1           9.14
        6                  1           9.14
        5                  1           9.14
        4                  1           9.14
        3                  1           9.14
        2                  2          10.71
        1 (BOTTOM)         2          10.71

   Boundary conditions
  X-directed West   : REFLECTIVE
  X-directed East   : ZERO FLUX
  Y-directed North  : ZERO FLUX
  Y-directed South  : REFLECTIVE
  Z-directed Bottom : ZERO FLUX
  Z-directed Top    : ZERO FLUX

  ...Core geometry is successfully read...


            >>>>   READING THERMAL-HYDRAULIC DATA   <<<<
            --------------------------------------------
  REACTOR PERCENT POWER (%)                :    100.00000
  REACTOR POWER (Watt)                     :   8.9125E+08
  COOLANT INLET TEMPERATURE (Kelvin)       :   5.6000E+02
  FUEL ASSEMBLY MASS FLOW RATE (Kg/s)      :   8.2121E+01
  FUEL MEAT RADIUS (m)                     :   3.9510E-03
  GAP THICKNESS (m)                        :   5.9000E-05
  CLAD THICKNESS (m)                       :   5.7300E-04
  PIN PITCH(m)                             :   1.2600E-02
  FRACTION OF HEAT DEPOSITED IN COOL.      :   0.0000E+00

  ...Thermal-hydraulic Card is successfully read...


  **********************************  STOP READING INPUT  *******************************************


  ================================================================================================
                        CRITICAL BORON CONCENTRATION SEARCH
  ================================================================================================

   Itr  Boron Concentration          K-EFF    FLUX REL. ERROR   FISS. SOURCE REL. ERROR    DOPPLER ERROR
  ------------------------------------------------------------------------------------------------------
    1           0.00                1.13407     2.60534E-01          2.96216E-02           3.33392E+02
    2         500.00                1.07911     2.55178E-01          6.50436E-03           1.77460E+02
    3        1219.84                1.02908     5.30166E-02          3.29206E-03           5.66063E+01
    4        1638.17                1.00341     8.09981E-02          8.94692E-04           2.66518E+01
    5        1693.77                0.99942     9.44569E-03          1.27409E-04           3.89014E+00
    6        1685.73                0.99985     1.49917E-04          1.55948E-05           3.18923E-01
    7        1682.96                1.00002     6.84536E-06          8.47046E-06           7.33113E-02
    8        1683.33                1.00000     3.76494E-06          5.13242E-06           6.71434E-03


     Radial Power Distribution
   ==============================
           1       2       3       4       5       6       7       8       9
     9                                                                        
     8   0.479   0.571   0.476   0.395                                        
     7   1.103   1.094   1.097   0.985   0.634   0.314                        
     6   1.099   0.961   1.172   1.163   1.106   0.824   0.314                
     5   1.003   1.287   1.195   1.273   0.918   1.106   0.634                
     4   1.355   1.182   1.321   1.052   1.273   1.163   0.985   0.395        
     3   1.177   1.061   1.158   1.321   1.195   1.172   1.097   0.476        
     2   1.360   1.242   1.061   1.182   1.287   0.961   1.094   0.571        
     1   1.084   1.360   1.177   1.355   1.003   1.099   1.103   0.479        

   MAX POS.       Maximum Value
  (  2,  1)          1.360


     Axial Power Density Distribution
   ====================================

     Plane Number        Power      Height
    -----------------------------------------
        22  (TOP)        0.000      408.60
        21               0.212      387.18
        20               0.411      368.89
        19               0.596      350.60
        18               0.762      332.32
        17               0.909      314.03
        16               1.037      295.74
        15               1.147      277.45
        14               1.239      259.16
        13               1.314      240.88
        12               1.371      222.59
        11               1.408      204.30
        10               1.425      186.01
         9               1.418      167.72
         8               1.384      149.44
         7               1.316      131.15
         6               1.210      112.86
         5               1.059       94.57
         4               0.860       76.28
         3               0.609       58.00
         2               0.312       39.71
         1  (BOTTOM)     0.000       21.42

   MAX POS.       Maximum Value
    ( 10)             1.425


     Radial Flux Distribution
   ==============================
    Group :   1
             1          2          3          4          5          6          7          8          9
     9   9.197E-04  9.740E-04  8.878E-04  6.128E-04  1.277E-04                                             
     8   9.050E-03  9.705E-03  8.965E-03  6.843E-03  1.751E-03  5.781E-04  9.694E-05                       
     7   1.812E-02  1.867E-02  1.816E-02  1.658E-02  1.095E-02  5.856E-03  1.069E-03  9.694E-05            
     6   1.982E-02  1.922E-02  2.129E-02  2.055E-02  1.770E-02  1.369E-02  5.856E-03  5.781E-04            
     5   1.973E-02  2.128E-02  2.174E-02  2.098E-02  1.827E-02  1.770E-02  1.095E-02  1.751E-03  1.277E-04 
     4   2.221E-02  2.207E-02  2.206E-02  2.083E-02  2.098E-02  2.055E-02  1.658E-02  6.843E-03  6.128E-04 
     3   2.122E-02  2.019E-02  2.082E-02  2.206E-02  2.174E-02  2.129E-02  1.816E-02  8.965E-03  8.878E-04 
     2   2.233E-02  2.161E-02  2.019E-02  2.207E-02  2.128E-02  1.922E-02  1.867E-02  9.705E-03  9.740E-04 
     1   2.127E-02  2.233E-02  2.122E-02  2.221E-02  1.973E-02  1.982E-02  1.812E-02  9.050E-03  9.197E-04 

    Group :   2
             1          2          3          4          5          6          7          8          9
     9   4.561E-03  4.751E-03  4.153E-03  2.980E-03  6.790E-04                                             
     8   1.057E-02  1.015E-02  6.079E-03  7.162E-03  8.538E-03  2.859E-03  5.158E-04                       
     7   1.841E-02  9.208E-03  1.825E-02  7.856E-03  1.202E-02  6.459E-03  5.218E-03  5.158E-04            
     6   1.104E-02  2.099E-02  1.174E-02  2.110E-02  1.864E-02  6.597E-03  6.459E-03  2.859E-03            
     5   2.186E-02  2.311E-02  2.369E-02  2.288E-02  2.144E-02  1.864E-02  1.202E-02  8.538E-03  6.790E-04 
     4   2.278E-02  1.370E-02  2.366E-02  1.513E-02  2.288E-02  2.110E-02  7.856E-03  7.162E-03  2.980E-03 
     3   2.341E-02  2.187E-02  2.303E-02  2.366E-02  2.369E-02  1.174E-02  1.825E-02  6.079E-03  4.153E-03 
     2   2.452E-02  2.365E-02  2.187E-02  1.370E-02  2.311E-02  2.099E-02  9.208E-03  1.015E-02  4.751E-03 
     1   2.459E-02  2.452E-02  2.341E-02  2.278E-02  2.186E-02  1.104E-02  1.841E-02  1.057E-02  4.561E-03 


   HEAT FLUX HOT CHANNEL FACTOR :  1.961

  AVERAGE DOPPLER TEMPERATURE     :   829.1 K (  555.9 C)
  MAX FUEL CENTERLINE TEMPERATURE :  1847.7 K ( 1574.5 C)
  AVERAGE MODERATOR TEMPERATURE   :   581.2 K (  308.0 C)
  MAXIMUM MODERATOR TEMPERATURE   :   611.7 K (  338.5 C)
  OUTLET MODERATOR TEMPERATURE    :   589.2 K (  316.0 C)
  AVERAGE MODERATOR DENSITY       :   705.7 kg/m3 (  0.706 g/cc)
  OUTLET MODERATOR DENSITY        :   683.6 kg/m3 (  0.684 g/cc)


 Total time :    6.5066609999999994       seconds
