           ###########################################################
           #                     ADPRES 1.2                          #
           #        ABU DHABI POLYTECHNIC REACTOR SIMULATOR          #
           ###########################################################


  =============================INPUT DATA STARTS HERE===========================
     1: ! TRANSIENT LMW BENCHMARK INPUT DATA                                                                
     2: %MODE                                                                                               
     3: RODEJECT                                                                                            
     4: %CASE                                                                                               
     5: LMW  TRANSIENT                                                                                      
     6: 20 CM NODE SIZE                                                                                     
     7:                                                                                                     
     8: %   XSEC                                                                                            
     9: 2  3    ! Number of groups and number of materials                                                  
    10: !  sigtr      siga      nu*sigf    sigf    chi sigs_g1  sigs_g2                                     
    11: 0.2340967  0.01040206  0.006478  0.006478  1.0  0.0  0.017556                                       
    12: 0.9355255  0.08766217  0.112733  0.112733  0.0  0.0  0.000000  ! MAT 1 (INNER CORE)                 
    13: 0.2338179  0.01099263  0.007503  0.007503  1.0  0.0  0.017178                                       
    14: 0.9508216  0.09925634  0.137800  0.137800  0.0  0.0  0.000000  ! MAT 2 (OUTER CORE)                 
    15: 0.2039700  0.00266057  0.000000  0.000000  1.0  0.0  0.027597                                       
    16: 1.2626167  0.04936351  0.000000  0.000000  0.0  0.0  0.000000  ! MAT 3 (REFLECTOR)                  
    17:                                                                                                     
    18: ! GEOMETRY CARD                                                                                     
    19: %GEOM                                                                                               
    20: 6 6 10               !nx, ny, nz                                                                    
    21: 10.0 5*20.0          !x-direction assembly size in cm                                               
    22: 1    5*2             !x-direction assembly division                                                 
    23: 10.0 5*20.0          !y-direction assembly size in cm                                               
    24: 1    5*2             !y-direction assembly division                                                 
    25: 10*20.0              !z-direction size  in cm (from bottom to top)                                  
    26: 10*4                 !z-direction assembly division                                                 
    27: 2                    !np number of planar type                                                      
    28: 1  8*2  1            !planar assignment (from bottom to top)                                        
    29: ! Planar_Reg 1                                                                                      
    30: 3  3  3  3  3  0                                                                                    
    31: 3  3  3  3  3  3                                                                                    
    32: 3  3  3  3  3  3                                                                                    
    33: 3  3  3  3  3  3                                                                                    
    34: 3  3  3  3  3  3                                                                                    
    35: 3  3  3  3  3  3                                                                                    
    36: ! Planar_Reg 2                                                                                      
    37: 3  3  3  3  3  0                                                                                    
    38: 2  2  2  2  3  3                                                                                    
    39: 1  1  1  2  2  3                                                                                    
    40: 1  1  1  1  2  3                                                                                    
    41: 1  1  1  1  2  3                                                                                    
    42: 1  1  1  1  2  3                                                                                    
    43: ! Boundary conditions (east), (west), (north), (south), (bottom), (top)                             
    44: 1 2 1 2 1 1                                                                                         
    45:                                                                                                     
    46: ! CONTROL CARD                                                                                      
    47: %CROD                                                                                               
    48: 2   180                          ! Number of CR banks and Max number of steps                       
    49: 0.  1.0                          ! Zero step pos. (cm from bottom) and step size (cm/step)          
    50: 180.  100.                       ! CR Bank pos.                                                     
    51: 0  0  0  0  0  0                                                                                    
    52: 0  0  0  0  0  0                                                                                    
    53: 2  0  0  0  0  0                                                                                    
    54: 0  0  1  0  0  0                                                                                    
    55: 0  0  0  0  0  0                                                                                    
    56: 1  0  0  2  0  0                                                                                    
    57: ! CX changes                                                                                        
    58: !  sigtr    siga   nu*sigf   sigf    sigs_g1  sigs_g2                                               
    59:  0.00000  0.00055  0.00000  0.00000  0.00000  0.00000                                               
    60:  0.00000  0.00380  0.00000  0.00000  0.00000  0.00000                                               
    61:  0.00000  0.00000  0.00000  0.00000  0.00000  0.00000                                               
    62:  0.00000  0.00000  0.00000  0.00000  0.00000  0.00000                                               
    63:  0.00000  0.00000  0.00000  0.00000  0.00000  0.00000                                               
    64:  0.00000  0.00000  0.00000  0.00000  0.00000  0.00000                                               
    65: 1                                                                                                   
    66:                                                                                                     
    67: ! ROD EJECTION CARD                                                                                 
    68: %EJCT                                                                                               
    69: ! Final Bank Pos (steps)     Starts Move (seconds)     Speed (steps/seconds)                        
    70:      60.                       7.5                     3.0    ! Bank 1                              
    71:      180.                       0.0                     3.0    ! Bank 2                             
    72: 60.  0.25  60.0  1.0            ! (seconds) total time, 1st time step, when to start 2nd time step, 
    73: 0.00025    0.00138    0.00122    0.00265    0.00083    0.00017           !beta                      
    74: 0.01270    0.03170    0.11500    0.31100    1.40000    3.87000           !decay constants           
    75: 1.25E7    2.5E5     ! Neutron velocity                                                              
    76: 1                                                                                                   
    77:                                                                                                     
    78: %ITER                                                                                               
    79: 1200 2 1.e-5 1.e-5 13 45 20 60                                                                      
  =============================INPUT DATA   ENDS HERE===========================



                              START READING INPUT
  ******************************************************************************
  CALCULATION MODE : ROD EJECTION CALCULATION WITHOUT T-H FEEDBACK               

  CASE ID : LMW  TRANSIENT                                                                                      
  20 CM NODE SIZE                                                                                     


            >>>> READING MACROSCOPIC CROSS SECTIONS <<<<
            --------------------------------------------

     MATERIAL  1
    GROUP   TRANSPORT  DIFFUSION  ABSORPTION  REMOVAL    NU*FISS    KAP*FIS   FISS. SPCTR
       1     0.234097  1.423913   0.010402    0.027958   0.006478   0.006478  1.000000
       2     0.935526  0.356306   0.087662    0.087662   0.112733   0.112733  0.000000
   --SCATTERING MATRIX--
     G/G'          1          2
      1        0.000000    0.017556
      2        0.000000    0.000000

     MATERIAL  2
    GROUP   TRANSPORT  DIFFUSION  ABSORPTION  REMOVAL    NU*FISS    KAP*FIS   FISS. SPCTR
       1     0.233818  1.425611   0.010993    0.028171   0.007503   0.007503  1.000000
       2     0.950822  0.350574   0.099256    0.099256   0.137800   0.137800  0.000000
   --SCATTERING MATRIX--
     G/G'          1          2
      1        0.000000    0.017178
      2        0.000000    0.000000

     MATERIAL  3
    GROUP   TRANSPORT  DIFFUSION  ABSORPTION  REMOVAL    NU*FISS    KAP*FIS   FISS. SPCTR
       1     0.203970  1.634227   0.002661    0.030258   0.000000   0.000000  1.000000
       2     1.262617  0.264002   0.049364    0.049364   0.000000   0.000000  0.000000
   --SCATTERING MATRIX--
     G/G'          1          2
      1        0.000000    0.027597
      2        0.000000    0.000000

  ...Macroscopic CX Card is successfully read...


            >>>>>READING CORE GEOMETRY<<<<<
            -------------------------------
  Number of assembly in x, y and z directions respectively :
           6           6          10
  Number of nodes in x, y and z directions respectively :
          11          11          40

  x-directed nodes division (delta-x)
    10.00  10.00  10.00  10.00  10.00  10.00  10.00  10.00  10.00  10.00
    10.00
  y-directed nodes division (delta-y)
    10.00  10.00  10.00  10.00  10.00  10.00  10.00  10.00  10.00  10.00
    10.00

   Planar Region :  1
        1  2  3  4  5  6  7  8  9 10 11
    11  3  3  3  3  3  3  3  3  3       
    10  3  3  3  3  3  3  3  3  3       
     9  3  3  3  3  3  3  3  3  3  3  3 
     8  3  3  3  3  3  3  3  3  3  3  3 
     7  3  3  3  3  3  3  3  3  3  3  3 
     6  3  3  3  3  3  3  3  3  3  3  3 
     5  3  3  3  3  3  3  3  3  3  3  3 
     4  3  3  3  3  3  3  3  3  3  3  3 
     3  3  3  3  3  3  3  3  3  3  3  3 
     2  3  3  3  3  3  3  3  3  3  3  3 
     1  3  3  3  3  3  3  3  3  3  3  3 
   Planar Region :  2
        1  2  3  4  5  6  7  8  9 10 11
    11  3  3  3  3  3  3  3  3  3       
    10  3  3  3  3  3  3  3  3  3       
     9  2  2  2  2  2  2  2  3  3  3  3 
     8  2  2  2  2  2  2  2  3  3  3  3 
     7  1  1  1  1  1  2  2  2  2  3  3 
     6  1  1  1  1  1  2  2  2  2  3  3 
     5  1  1  1  1  1  1  1  2  2  3  3 
     4  1  1  1  1  1  1  1  2  2  3  3 
     3  1  1  1  1  1  1  1  2  2  3  3 
     2  1  1  1  1  1  1  1  2  2  3  3 
     1  1  1  1  1  1  1  1  2  2  3  3 

  Planar Region Assignment to planes.
 --------------------------------------
   Plane Number     Planar Region    delta-z
       40 (TOP)            1           5.00
       39                  1           5.00
       38                  1           5.00
       37                  1           5.00
       36                  2           5.00
       35                  2           5.00
       34                  2           5.00
       33                  2           5.00
       32                  2           5.00
       31                  2           5.00
       30                  2           5.00
       29                  2           5.00
       28                  2           5.00
       27                  2           5.00
       26                  2           5.00
       25                  2           5.00
       24                  2           5.00
       23                  2           5.00
       22                  2           5.00
       21                  2           5.00
       20                  2           5.00
       19                  2           5.00
       18                  2           5.00
       17                  2           5.00
       16                  2           5.00
       15                  2           5.00
       14                  2           5.00
       13                  2           5.00
       12                  2           5.00
       11                  2           5.00
       10                  2           5.00
        9                  2           5.00
        8                  2           5.00
        7                  2           5.00
        6                  2           5.00
        5                  2           5.00
        4                  1           5.00
        3                  1           5.00
        2                  1           5.00
        1 (BOTTOM)         1           5.00

   Boundary conditions
  X-directed West   : REFLECTIVE
  X-directed East   : ZERO INCOMING CURRENT
  Y-directed North  : ZERO INCOMING CURRENT
  Y-directed South  : REFLECTIVE
  Z-directed Bottom : ZERO INCOMING CURRENT
  Z-directed Top    : ZERO INCOMING CURRENT

  ...Core geometry is successfully read...


            >>>> READING CONTROL RODS INSERTION <<<<
            --------------------------------------------
  NUMBER OF CONTROL ROD BANK  :  2
  MAX. NUMBER OF STEPS        : 180
  FULLY INSERTED POSITION (cm):  0.0 (FROM BOTTOM OF THE CORE)
  STEP SIZE (cm)              :   1.0000
  INITIAL CONTROL ROD BANK POSITION (STEPS) : 
  (0 means fully inserted) 
    Bank  1  Bank  2
    180.0    100.0

  CONTROL ROD BANK MAP : 
  0  0  0  0  0  0
  0  0  0  0  0  0
  2  0  0  0  0  0
  0  0  1  0  0  0
  0  0  0  0  0  0
  1  0  0  2  0  0

  MATERIAL CX INCREMENT OR DECREMENT DUE TO CR INSERTION : 
    MATERIAL  1
    GROUP   TRANSPORT  ABSORPTION      NU*FISS      FISSION
       1     0.000000    0.000550     0.000000     0.000000
       2     0.000000    0.003800     0.000000     0.000000
   --SCATTERING MATRIX--
     G/G'        1        2
      1      0.000000  0.000000
      2      0.000000  0.000000
    MATERIAL  2
    GROUP   TRANSPORT  ABSORPTION      NU*FISS      FISSION
       1     0.000000    0.000000     0.000000     0.000000
       2     0.000000    0.000000     0.000000     0.000000
   --SCATTERING MATRIX--
     G/G'        1        2
      1      0.000000  0.000000
      2      0.000000  0.000000
    MATERIAL  3
    GROUP   TRANSPORT  ABSORPTION      NU*FISS      FISSION
       1     0.000000    0.000000     0.000000     0.000000
       2     0.000000    0.000000     0.000000     0.000000
   --SCATTERING MATRIX--
     G/G'        1        2
      1      0.000000  0.000000
      2      0.000000  0.000000

  ...Control Rods Insertion card is successfully read...


            >>>>     READING ROD EJECTION DATA      <<<<
            --------------------------------------------
                           Bank  1  Bank  2
  FINAL BANK POS. (STEP)     60.0    180.0
  STARTS MOVE (SECOND)        7.5      0.0
  SPEED (STEP/SECOND)         3.0      3.0

  TIME PARAMETERS IN SECONDS : 
    TOTAL SIMULATION TIME         :  60.00
    FIRST TIME STEP               : 0.2500
    SECOND TIME STEP              : 1.0000
    WHEN SECOND TIME STEP APPLY?  :  60.00

  DELAYED NEUTRON FRACTION : 
    0.00025    0.00138    0.00122    0.00265    0.00083    0.00017

  PRECUSOR DECAY CONSTANT (1/s): 
    0.01270    0.03170    0.11500    0.31100    1.40000    3.87000

  NEUTRON VELOCITY (cm/s) : 
    1.25000E+07    2.50000E+05

  ...Rod Ejection Card is successfully read...


            >>>>>READING ITERATION CONTROL<<<<<
            ------------------------------------
  MAXIMUM NUMBER OF OUTER ITERATION                     :  1200
  MAXIMUM NUMBER OF INNER ITERATION                     :     2
  FISSION SOURCE ERROR CRITERIA                     :    1.000E-05
  FLUX ERROR CRITERIA                               :    1.000E-05
  OUTER ITERATION FISSION SOURCE EXTRAPOLATION INTERVAL :    13
  NODAL UPDATE INTERVAL                                 :    45
  MAX. NUMBER OF T-H ITERATION                          :    20
  MAX. NUMBER OF OUTER ITERATION PER T-H ITERATION      :    60


  ************************  STOP READING INPUT  ********************************

   INITIAL MULTIPLICATION EFFECTIVE (K-EFF) =  0.999623
   WARNING: THE STEADY STATE K-EFF IS NOT EQUAL TO 1.0
   AND NOW IT IS FORCED TO 1.0 BY MODIFYING THE nu*sigf CROSS SECTIONS 



  TRANSIENT RESULTS :

  Step  Time(s)  React.($)   Rel. Power
 -------------------------------------------
   0     0.000    0.0000     1.0000E+00
   1     0.250    0.0049     1.0042E+00
   2     0.500    0.0086     1.0089E+00
   3     0.750    0.0123     1.0133E+00
   4     1.000    0.0160     1.0184E+00
   5     1.250    0.0197     1.0234E+00
   6     1.500    0.0235     1.0288E+00
   7     1.750    0.0272     1.0347E+00
   8     2.000    0.0307     1.0407E+00
   9     2.250    0.0343     1.0463E+00
  10     2.500    0.0379     1.0526E+00
  11     2.750    0.0415     1.0596E+00
  12     3.000    0.0452     1.0666E+00
  13     3.250    0.0489     1.0738E+00
  14     3.500    0.0524     1.0809E+00
  15     3.750    0.0558     1.0882E+00
  16     4.000    0.0593     1.0961E+00
  17     4.250    0.0628     1.1038E+00
  18     4.500    0.0663     1.1121E+00
  19     4.750    0.0698     1.1206E+00
  20     5.000    0.0734     1.1295E+00
  21     5.250    0.0766     1.1380E+00
  22     5.500    0.0799     1.1471E+00
  23     5.750    0.0831     1.1561E+00
  24     6.000    0.0865     1.1659E+00
  25     6.250    0.0898     1.1757E+00
  26     6.500    0.0932     1.1865E+00
  27     6.750    0.0964     1.1963E+00
  28     7.000    0.0994     1.2066E+00
  29     7.250    0.1025     1.2167E+00
  30     7.500    0.1055     1.2281E+00
  31     7.750    0.1084     1.2383E+00
  32     8.000    0.1113     1.2494E+00
  33     8.250    0.1142     1.2608E+00
  34     8.500    0.1169     1.2721E+00
  35     8.750    0.1195     1.2851E+00
  36     9.000    0.1220     1.2956E+00
  37     9.250    0.1246     1.3073E+00
  38     9.500    0.1269     1.3207E+00
  39     9.750    0.1294     1.3315E+00
  40    10.000    0.1318     1.3439E+00
  41    10.250    0.1338     1.3560E+00
  42    10.500    0.1359     1.3682E+00
  43    10.750    0.1379     1.3823E+00
  44    11.000    0.1398     1.3933E+00
  45    11.250    0.1416     1.4058E+00
  46    11.500    0.1433     1.4185E+00
  47    11.750    0.1450     1.4309E+00
  48    12.000    0.1464     1.4433E+00
  49    12.250    0.1478     1.4575E+00
  50    12.500    0.1493     1.4689E+00
  51    12.750    0.1503     1.4811E+00
  52    13.000    0.1514     1.4949E+00
  53    13.250    0.1525     1.5074E+00
  54    13.500    0.1533     1.5179E+00
  55    13.750    0.1540     1.5298E+00
  56    14.000    0.1547     1.5419E+00
  57    14.250    0.1552     1.5533E+00
  58    14.500    0.1555     1.5649E+00
  59    14.750    0.1557     1.5763E+00
  60    15.000    0.1560     1.5872E+00
  61    15.250    0.1559     1.5980E+00
  62    15.500    0.1558     1.6077E+00
  63    15.750    0.1558     1.6181E+00
  64    16.000    0.1554     1.6284E+00
  65    16.250    0.1547     1.6377E+00
  66    16.500    0.1542     1.6467E+00
  67    16.750    0.1535     1.6552E+00
  68    17.000    0.1525     1.6634E+00
  69    17.250    0.1517     1.6714E+00
  70    17.500    0.1508     1.6796E+00
  71    17.750    0.1493     1.6856E+00
  72    18.000    0.1478     1.6918E+00
  73    18.250    0.1463     1.6979E+00
  74    18.500    0.1447     1.7032E+00
  75    18.750    0.1430     1.7082E+00
  76    19.000    0.1413     1.7130E+00
  77    19.250    0.1393     1.7172E+00
  78    19.500    0.1369     1.7201E+00
  79    19.750    0.1346     1.7231E+00
  80    20.000    0.1323     1.7249E+00
  81    20.250    0.1297     1.7264E+00
  82    20.500    0.1272     1.7276E+00
  83    20.750    0.1247     1.7285E+00
  84    21.000    0.1217     1.7286E+00
  85    21.250    0.1185     1.7283E+00
  86    21.500    0.1153     1.7271E+00
  87    21.750    0.1121     1.7252E+00
  88    22.000    0.1087     1.7228E+00
  89    22.250    0.1054     1.7198E+00
  90    22.500    0.1022     1.7165E+00
  91    22.750    0.0981     1.7119E+00
  92    23.000    0.0942     1.7069E+00
  93    23.250    0.0903     1.7014E+00
  94    23.500    0.0862     1.6954E+00
  95    23.750    0.0822     1.6886E+00
  96    24.000    0.0782     1.6823E+00
  97    24.250    0.0740     1.6751E+00
  98    24.500    0.0693     1.6666E+00
  99    24.750    0.0646     1.6577E+00
 100    25.000    0.0600     1.6485E+00
 101    25.250    0.0553     1.6389E+00
 102    25.500    0.0506     1.6292E+00
 103    25.750    0.0460     1.6191E+00
 104    26.000    0.0410     1.6083E+00
 105    26.250    0.0357     1.5963E+00
 106    26.500    0.0304     1.5846E+00
 107    26.750    0.0252     1.5723E+00
 108    27.000    0.0199     1.5601E+00
 109    27.250    0.0147     1.5475E+00
 110    27.500    0.0095     1.5352E+00
 111    27.750    0.0037     1.5212E+00
 112    28.000   -0.0021     1.5077E+00
 113    28.250   -0.0079     1.4930E+00
 114    28.500   -0.0136     1.4795E+00
 115    28.750   -0.0192     1.4652E+00
 116    29.000   -0.0248     1.4513E+00
 117    29.250   -0.0306     1.4366E+00
 118    29.500   -0.0368     1.4212E+00
 119    29.750   -0.0429     1.4060E+00
 120    30.000   -0.0490     1.3909E+00
 121    30.250   -0.0550     1.3754E+00
 122    30.500   -0.0610     1.3610E+00
 123    30.750   -0.0669     1.3456E+00
 124    31.000   -0.0732     1.3305E+00
 125    31.250   -0.0797     1.3145E+00
 126    31.500   -0.0860     1.2989E+00
 127    31.750   -0.0924     1.2836E+00
 128    32.000   -0.0986     1.2679E+00
 129    32.250   -0.1049     1.2528E+00
 130    32.500   -0.1110     1.2372E+00
 131    32.750   -0.1177     1.2219E+00
 132    33.000   -0.1243     1.2052E+00
 133    33.250   -0.1308     1.1904E+00
 134    33.500   -0.1373     1.1752E+00
 135    33.750   -0.1437     1.1601E+00
 136    34.000   -0.1501     1.1452E+00
 137    34.250   -0.1565     1.1302E+00
 138    34.500   -0.1632     1.1136E+00
 139    34.750   -0.1699     1.0993E+00
 140    35.000   -0.1765     1.0852E+00
 141    35.250   -0.1830     1.0702E+00
 142    35.500   -0.1895     1.0556E+00
 143    35.750   -0.1959     1.0413E+00
 144    36.000   -0.2025     1.0274E+00
 145    36.250   -0.2092     1.0131E+00
 146    36.500   -0.2158     9.9910E-01
 147    36.750   -0.2223     9.8528E-01
 148    37.000   -0.2288     9.7096E-01
 149    37.250   -0.2352     9.5744E-01
 150    37.500   -0.2416     9.4473E-01
 151    37.750   -0.2482     9.3165E-01
 152    38.000   -0.2547     9.1847E-01
 153    38.250   -0.2611     9.0559E-01
 154    38.500   -0.2675     8.9301E-01
 155    38.750   -0.2738     8.8051E-01
 156    39.000   -0.2801     8.6766E-01
 157    39.250   -0.2863     8.5611E-01
 158    39.500   -0.2926     8.4420E-01
 159    39.750   -0.2988     8.3240E-01
 160    40.000   -0.3049     8.2018E-01
 161    40.250   -0.3111     8.0873E-01
 162    40.500   -0.3171     7.9769E-01
 163    40.750   -0.3232     7.8695E-01
 164    41.000   -0.3291     7.7627E-01
 165    41.250   -0.3350     7.6531E-01
 166    41.500   -0.3408     7.5466E-01
 167    41.750   -0.3466     7.4468E-01
 168    42.000   -0.3524     7.3438E-01
 169    42.250   -0.3581     7.2442E-01
 170    42.500   -0.3637     7.1476E-01
 171    42.750   -0.3692     7.0514E-01
 172    43.000   -0.3746     6.9561E-01
 173    43.250   -0.3799     6.8633E-01
 174    43.500   -0.3853     6.7726E-01
 175    43.750   -0.3906     6.6790E-01
 176    44.000   -0.3958     6.5956E-01
 177    44.250   -0.4009     6.5089E-01
 178    44.500   -0.4058     6.4253E-01
 179    44.750   -0.4106     6.3423E-01
 180    45.000   -0.4155     6.2613E-01
 181    45.250   -0.4203     6.1823E-01
 182    45.500   -0.4250     6.1043E-01
 183    45.750   -0.4297     6.0273E-01
 184    46.000   -0.4341     5.9529E-01
 185    46.250   -0.4384     5.8801E-01
 186    46.500   -0.4427     5.8082E-01
 187    46.750   -0.4469     5.7387E-01
 188    47.000   -0.4511     5.6696E-01
 189    47.250   -0.4552     5.5987E-01
 190    47.500   -0.4593     5.5348E-01
 191    47.750   -0.4593     5.4808E-01
 192    48.000   -0.4593     5.4328E-01
 193    48.250   -0.4593     5.3860E-01
 194    48.500   -0.4593     5.3391E-01
 195    48.750   -0.4593     5.2954E-01
 196    49.000   -0.4593     5.2509E-01
 197    49.250   -0.4593     5.2065E-01
 198    49.500   -0.4593     5.1653E-01
 199    49.750   -0.4593     5.1244E-01
 200    50.000   -0.4593     5.0844E-01
 201    50.250   -0.4593     5.0445E-01
 202    50.500   -0.4593     5.0053E-01
 203    50.750   -0.4593     4.9674E-01
 204    51.000   -0.4593     4.9292E-01
 205    51.250   -0.4593     4.8933E-01
 206    51.500   -0.4592     4.8570E-01
 207    51.750   -0.4592     4.8216E-01
 208    52.000   -0.4592     4.7866E-01
 209    52.250   -0.4592     4.7511E-01
 210    52.500   -0.4592     4.7179E-01
 211    52.750   -0.4592     4.6847E-01
 212    53.000   -0.4592     4.6546E-01
 213    53.250   -0.4592     4.6201E-01
 214    53.500   -0.4592     4.5909E-01
 215    53.750   -0.4592     4.5575E-01
 216    54.000   -0.4592     4.5265E-01
 217    54.250   -0.4592     4.4958E-01
 218    54.500   -0.4592     4.4670E-01
 219    54.750   -0.4592     4.4390E-01
 220    55.000   -0.4592     4.4109E-01
 221    55.250   -0.4592     4.3805E-01
 222    55.500   -0.4592     4.3528E-01
 223    55.750   -0.4592     4.3230E-01
 224    56.000   -0.4592     4.2961E-01
 225    56.250   -0.4592     4.2686E-01
 226    56.500   -0.4592     4.2411E-01
 227    56.750   -0.4592     4.2150E-01
 228    57.000   -0.4592     4.1891E-01
 229    57.250   -0.4592     4.1645E-01
 230    57.500   -0.4592     4.1383E-01
 231    57.750   -0.4592     4.1133E-01
 232    58.000   -0.4592     4.0885E-01
 233    58.250   -0.4592     4.0645E-01
 234    58.500   -0.4592     4.0399E-01
 235    58.750   -0.4592     4.0150E-01
 236    59.000   -0.4592     3.9913E-01
 237    59.250   -0.4592     3.9676E-01
 238    59.500   -0.4592     3.9460E-01
 239    59.750   -0.4592     3.9253E-01
 240    60.000   -0.4591     3.9001E-01


  CPU time breakdown in seconds
    Input reading time   :    0.0032  ( 0.0%)
    XSEC processing time :    0.0299  ( 0.2%)
    CMFD time            :   13.3529  (79.6%)
    Nodal update time    :    3.3976  (20.2%)
    T-H time             :    0.0000  ( 0.0%)
    ------------------------------------------
    Total time           :   16.7836
