                       ###########################################################
                       #                     ADPRES 1.1                          #
                       #        ABU DHABI POLYTECHNIC REACTOR SIMULATOR          #
                       ###########################################################  


  ========================================INPUT DATA STARTS HERE=====================================
     1: ! CALCULATION MODE CARD                                                                             
     2: %MODE                                                                                               
     3: RODEJECT                                                                                            
     4:                                                                                                     
     5: ! CASE CARD                                                                                         
     6: %CASE                                                                                               
     7: NEACRP Problem                                                                                      
     8: 10.803 CM NODE SIZE                                                                                 
     9:                                                                                                     
    10: ! XSEC CARD                                                                                         
    11: %XSEC                                                                                               
    12: 2  11    ! Number of groups and number of materials                                                 
    13: !  sigtr        siga        nu*sigf       sigf      chi sigs_g1 sigs_g2                             
    14: 5.32058E-02  3.73279E-04  0.00000E+00  0.00000E+00  1.0  0.0  2.64554E-02                           
    15: 3.86406E-01  1.77215E-02  0.00000E+00  0.00000E+00  0.0  0.0  0.00000E+00  !COMP 1                  
    16: 2.95609E-01  1.18782E-03  0.00000E+00  0.00000E+00  1.0  0.0  2.31613E-02                           
    17: 2.45931E+00  2.52618E-01  0.00000E+00  0.00000E+00  0.0  0.0  0.00000E+00  !COMP 2                  
    18: 2.95609E-01  1.18782E-03  0.00000E+00  0.00000E+00  1.0  0.0  2.00808E-02                           
    19: 2.45931E+00  2.52618E-01  0.00000E+00  0.00000E+00  0.0  0.0  0.00000E+00  !COMP 3                  
    20: 2.22117E-01  8.71774E-03  4.98277E-03  6.11190E-14  1.0  0.0  1.82498E-02                           
    21: 8.03140E-01  6.52550E-02  8.39026E-02  1.10152E-12  0.0  0.0  0.00000E+00  !COMP 4                  
    22: 2.21914E-01  9.06133E-03  5.57659E-03  6.89181E-14  1.0  0.0  1.80040E-02                           
    23: 7.95538E-01  7.23354E-02  9.98629E-02  1.31106E-12  0.0  0.0  0.00000E+00  !COMP 5                  
    24: 2.21715E-01  9.38496E-03  6.15047E-03  7.64603E-14  1.0  0.0  1.77670E-02                           
    25: 7.89253E-01  7.89203E-02  1.14667E-01  1.50541E-12  0.0  0.0  0.00000E+00  !COMP 6                  
    26: 2.22039E-01  9.31692E-03  5.55010E-03  6.86391E-14  1.0  0.0  1.71381E-02                           
    27: 7.76230E-01  7.96328E-02  9.85576E-02  1.29393E-12  0.0  0.0  0.00000E+00  !COMP 7                  
    28: 2.22083E-01  9.40032E-03  5.54083E-03  6.85391E-14  1.0  0.0  1.68501E-02                           
    29: 7.69969E-01  8.21087E-02  9.80059E-02  1.28669E-12  0.0  0.0  0.00000E+00  !COMP 8                  
    30: 2.22127E-01  9.48286E-03  5.53137E-03  6.84379E-14  1.0  0.0  1.65626E-02                           
    31: 7.63813E-01  8.45912E-02  9.74109E-02  1.27888E-12  0.0  0.0  0.00000E+00  !COMP 9                  
    32: 2.21836E-01  9.63720E-03  6.12382E-03  7.61794E-14  1.0  0.0  1.69043E-02                           
    33: 7.70705E-01  8.61187E-02  1.13241E-01  1.48670E-12  0.0  0.0  0.00000E+00  !COMP 10                 
    34: 2.21878E-01  9.71937E-03  6.11444E-03  7.60778E-14  1.0  0.0  1.66175E-02                           
    35: 7.64704E-01  8.85488E-02  1.12635E-01  1.47876E-12  0.0  0.0  0.00000E+00  !COMP 11                 
    36:                                                                                                     
    37: ! GEOMETRY CARD                                                                                     
    38: %GEOM                                                                                               
    39: 9 9 18               !nx, ny, nz                                                                    
    40: 10.803   8*21.606    !x-direction assembly size in cm                                               
    41:   1         8*2      !x-direction assembly divided 2x2                                              
    42: 8*21.606 10.803      !y-direction assembly size in cm                                               
    43:   8*2       1        !y-direction assembly divided 2x2                                              
    44: 30.  7.7  11.0  15.0  10*30.0  2*12.8  8.0  30.      !z-direction size  in cm (from bottom to top)  
    45: 18*1                 !z-direction assembly divided into 20 cm each                                  
    46: 3                    !np number of planar type                                                      
    47: 1  2  15*3  1        !planar assignment (from bottom to top)                                        
    48: ! Planar_Reg 1                                                                                      
    49:  1  1  1  1  1  1  1  1  2                                                                          
    50:  1  1  1  1  1  1  1  1  2                                                                          
    51:  1  1  1  1  1  1  1  3  2                                                                          
    52:  1  1  1  1  1  1  1  2  0                                                                          
    53:  1  1  1  1  1  1  3  2  0                                                                          
    54:  1  1  1  1  1  3  2  0  0                                                                          
    55:  1  1  1  1  3  2  0  0  0                                                                          
    56:  1  1  3  2  2  0  0  0  0                                                                          
    57:  2  2  2  0  0  0  0  0  0                                                                          
    58: ! Planar_Reg 2                                                                                      
    59:  4  5  4  5  4  5  4  6  2                                                                          
    60:  5  4  5  4  5  4  6  6  2                                                                          
    61:  4  5  4  5  4  5  6  3  2                                                                          
    62:  5  4  5  4  5  6  6  2  0                                                                          
    63:  4  5  4  5  4  6  3  2  0                                                                          
    64:  5  4  5  6  6  3  2  0  0                                                                          
    65:  4  6  6  6  3  2  0  0  0                                                                          
    66:  6  6  3  2  2  0  0  0  0                                                                          
    67:  2  2  2  0  0  0  0  0  0                                                                          
    68: ! Planar_Reg 3                                                                                      
    69:  4  9  4  9  4  7  4  6  2                                                                          
    70:  9  4  8  4  8  4 11  6  2                                                                          
    71:  4  8  4  8  4  8  6  3  2                                                                          
    72:  9  4  8  4  8 10  6  2  0                                                                          
    73:  4  8  4  8  4  6  3  2  0                                                                          
    74:  7  4  8 10  6  3  2  0  0                                                                          
    75:  4 11  6  6  3  2  0  0  0                                                                          
    76:  6  6  3  2  2  0  0  0  0                                                                          
    77:  2  2  2  0  0  0  0  0  0                                                                          
    78: ! Boundary conditions (east), (west), (north), (south), (bottom), (top)                             
    79: 1 2 2 1 1 1                                                                                         
    80:                                                                                                     
    81: ! CONTROL CARD                                                                                      
    82: %CROD                                                                                               
    83: 7    228                     ! Number of CR banks and max number of banks                           
    84: 37.7 1.5942237                ! Zero step pos. (cm) and cm/step (total 228 steps)                   
    85: 0.   0.  0.  228.   0.   0.  0.           ! CR Bank pos.                                            
    86:  1  0  2  0  0  0  3  0  0                                                                          
    87:  0  4  0  0  0  6  0  0  0                                                                          
    88:  2  0  5  0  6  0  6  0  0                                                                          
    89:  0  0  0  4  0  0  0  0  0                                                                          
    90:  0  0  6  0  7  0  0  0  0                                                                          
    91:  0  6  0  0  0  0  0  0  0                                                                          
    92:  3  0  6  0  0  0  0  0  0                                                                          
    93:  0  0  0  0  0  0  0  0  0                                                                          
    94:  0  0  0  0  0  0  0  0  0                                                                          
    95: ! CX changes                                                                                        
    96: !  sigtr        siga        nu*sigf      sigf      sigs_g1   sigs_g2                                
    97:  3.73220E-03  2.47770E-03  -1.02786E-04  -1.21448E-15  0.0  -3.19253E-03                            
    98: -2.19926E-02  2.55875E-02  -2.82319E-03  -3.70238E-14  0.0   0.00000E+00    !COMP 1                 
    99:  3.73220E-03  2.47770E-03  -1.02786E-04  -1.21448E-15  0.0  -3.19253E-03                            
   100: -2.19926E-02  2.55875E-02  -2.82319E-03  -3.70238E-14  0.0   0.00000E+00    !COMP 2                 
   101:  3.73220E-03  2.47770E-03  -1.02786E-04  -1.21448E-15  0.0  -3.19253E-03                            
   102: -2.19926E-02  2.55875E-02  -2.82319E-03  -3.70238E-14  0.0  0.00000E+00    !COMP 3                  
   103:  3.73220E-03  2.47770E-03  -1.02786E-04  -1.21448E-15  0.0  -3.19253E-03                            
   104: -2.19926E-02  2.55875E-02  -2.82319E-03  -3.70238E-14  0.0  0.00000E+00    !COMP 4                  
   105:  3.73220E-03  2.47770E-03  -1.02786E-04  -1.21448E-15  0.0  -3.19253E-03                            
   106: -2.19926E-02  2.55875E-02  -2.82319E-03  -3.70238E-14  0.0  0.00000E+00    !COMP 5                  
   107:  3.74092E-03  2.42926E-03  -1.22634E-04  -1.47557E-15  0.0  -3.14239E-03                            
   108: -1.67503E-02  2.56478E-02  -3.28086E-03  -4.30444E-14  0.0  0.00000E+00    !COMP 6                  
   109:  3.73220E-03  2.47770E-03  -1.02786E-04  -1.21448E-15  0.0  -3.19253E-03                            
   110: -2.19926E-02  2.55875E-02  -2.82319E-03  -3.70238E-14  0.0  0.00000E+00    !COMP 7                  
   111:  3.73220E-03  2.47770E-03  -1.02786E-04  -1.21448E-15  0.0  -3.19253E-03                            
   112: -2.19926E-02  2.55875E-02  -2.82319E-03  -3.70238E-14  0.0  0.00000E+00    !COMP 8                  
   113: 3.73220E-03  2.47770E-03  -1.02786E-04  -1.21448E-15  0.0  -3.19253E-03                             
   114: -2.19926E-02  2.55875E-02  -2.82319E-03  -3.70238E-14  0.0  0.00000E+00    !COMP 9                  
   115: 3.73220E-03  2.47770E-03  -1.02786E-04  -1.21448E-15  0.0  -3.19253E-03                             
   116: -2.19926E-02  2.55875E-02  -2.82319E-03  -3.70238E-14  0.0  0.00000E+00    !COMP 10                 
   117: 3.73220E-03  2.47770E-03  -1.02786E-04  -1.21448E-15  0.0  -3.19253E-03                             
   118: -2.19926E-02  2.55875E-02  -2.82319E-03  -3.70238E-14  0.0  0.00000E+00    !COMP 11                 
   119: 1                                                                                                   
   120:                                                                                                     
   121: ! BORON CONCENTRATION                                                                               
   122: %BCON                                                                                               
   123: 561.8  1200.2  ! Boron concentration ref. in ppm                                                    
   124: ! CX change per unit ppm change of Boron concentration                                              
   125: !  sigtr          siga         nu*sigf       sigf      sigs_g1   sigs_g2                            
   126: 6.11833E-08  1.87731E-07  0.00000E+00  0.00000E+00  0.0  7.91457E-10                                
   127: 5.17535E-06  1.02635E-05  0.00000E+00  0.00000E+00  0.0  0.00000E+00    !COMP 1                     
   128: 0.00000E+00  0.00000E+00  0.00000E+00  0.00000E+00  0.0  0.00000E+00                                
   129: 7.76184E-04  8.44695E-05  0.00000E+00  0.00000E+00  0.0  0.00000E+00    !COMP 2                     
   130: 0.00000E+00  0.00000E+00  0.00000E+00  0.00000E+00  0.0  0.00000E+00                                
   131: 7.76184E-04  8.44695E-05  0.00000E+00  0.00000E+00  0.0  0.00000E+00    !COMP 3                     
   132: 3.47809E-08  1.28505E-07  -1.12099E-09  -1.76188E-20  0.0  -1.08590E-07                             
   133: -9.76510E-06  7.08807E-06  -2.43045E-06  -3.19085E-17  0.0  0.00000E+00    !COMP 4                  
   134: 3.53826E-08  1.26709E-07  -1.67880E-09  -2.49965E-20  0.0  -1.06951E-07                             
   135: -8.50169E-06  6.82311E-06  -2.72445E-06  -3.57680E-17  0.0  0.00000E+00    !COMP 5                  
   136: 3.59838E-08  1.24986E-07  -2.21038E-09  -3.20225E-20  0.0  -1.05374E-07                             
   137: -7.46251E-06  6.59798E-06  -2.95883E-06  -3.88451E-17  0.0  0.00000E+00    !COMP 6                  
   138: 3.37806E-08  1.19869E-07  -1.71323E-09  -2.49965E-20  0.0  -1.00873E-07                             
   139: -6.73744E-06  6.29310E-06  -2.55359E-06  -3.35223E-17  0.0  0.00000E+00    !COMP 7                  
   140: 3.32495E-08  1.17585E-07  -1.72421E-09  -2.54896E-20  0.0  -9.88578E-08                             
   141: -6.19725E-06  6.11904E-06  -2.48880E-06  -3.26704E-17  0.0  0.00000E+00    !COMP 8                  
   142: 3.27201E-08  1.15319E-07  -1.73502E-09  -2.56049E-20  0.0  -9.68489E-08                             
   143: -5.68220E-06  5.94711E-06  -2.42240E-06  -3.17976E-17  0.0  0.00000E+00    !COMP 9                  
   144: 3.43859E-08  1.18186E-07  -2.24335E-09  -3.20225E-20  0.0  -9.93312E-08                             
   145: -5.86898E-06  6.08443E-06  -2.77657E-06  -3.64509E-17  0.0  0.00000E+00    !COMP 10                 
   146: 3.38559E-08  1.15917E-07  -2.25369E-09  -3.24873E-20  0.0  -9.73291E-08                             
   147: -5.38345E-06  5.91697E-06  -2.70780E-06  -3.55476E-17  0.0  0.00000E+00    !COMP 11                 
   148: 1                                                                                                   
   149:                                                                                                     
   150: ! FUEL TEMPERATURE CARD                                                                             
   151: %FTEM                                                                                               
   152: 891.19  891.45  ! Average Fuel Temperature and fuel temperature Ref. in Kelvin                      
   153: ! CX change per Fuel Temperature Changes                                                            
   154: !  sigtr          siga         nu*sigf       sigf      sigs_g1   sigs_g2                            
   155: 0.00000E+00  0.00000E+00  0.00000E+00  0.00000E+00  0.0  0.00000E+00                                
   156: 0.00000E+00  0.00000E+00  0.00000E+00  0.00000E+00  0.0  0.00000E+00    !COMP 1                     
   157: 0.00000E+00  0.00000E+00  0.00000E+00  0.00000E+00  0.0  0.00000E+00                                
   158: 0.00000E+00  0.00000E+00  0.00000E+00  0.00000E+00  0.0  0.00000E+00    !COMP 2                     
   159: 0.00000E+00  0.00000E+00  0.00000E+00  0.00000E+00  0.0  0.00000E+00                                
   160: 0.00000E+00  0.00000E+00  0.00000E+00  0.00000E+00  0.0  0.00000E+00    !COMP 3                     
   161: -3.09197E-05  3.49709E-05  6.40134E-07  7.15412E-18  0.0  -2.75536E-05                              
   162: -0.000137292  -3.71806E-05  -5.63037E-05  -7.39188E-16  0.0  0.00000E+00    !COMP 4                 
   163: -3.08607E-05  3.51798E-05  9.97431E-07  1.18685E-17  0.0  -2.76766E-05                              
   164: -0.000117481  -3.77039E-05  -6.04155E-05  -7.9317E-16  0.0  0.00000E+00    !COMP 5                  
   165: -3.09165E-05  3.53841E-05  1.41847E-06  1.74269E-17  0.0  -2.78390E-05                              
   166: -0.000101337  -3.77558E-05  -0.000063096  -8.28363E-16  0.0  0.00000E+00    !COMP 6                 
   167: -3.13746E-05  3.48699E-05  9.45431E-07  1.18685E-17  0.0  -2.73550E-05                              
   168: -0.000108271  -3.72748E-05  -5.79662E-05  -7.60849E-16  0.0  0.00000E+00    !COMP 7                 
   169: -3.15503E-05  3.47274E-05  9.26078E-07  1.08935E-17  0.0  -2.72381E-05                              
   170: -0.000105521  -3.71808E-05  -5.71108E-05  -7.49575E-16  0.0  0.00000E+00    !COMP 8                 
   171: -3.17281E-05  3.46026E-05  9.05802E-07  1.06166E-17  0.0  -2.71169E-05                              
   172: -0.000102525  -3.70201E-05  -5.61543E-05  -7.36969E-16  0.0  0.00000E+00    !COMP 9                 
   173: -3.14192E-05  3.50637E-05  1.35642E-06  1.74269E-17  0.0  -2.75049E-05                              
   174: -9.38886E-05  -3.71403E-05  -6.05052E-05  -7.94252E-16  0.0  0.00000E+00    !COMP 10                
   175: -3.15908E-05  3.49119E-05  1.33336E-06  1.62769E-17  0.0  -2.73835E-05                              
   176: -9.17126E-05  -3.69909E-05  -5.96284E-05  -7.82716E-16  0.0  0.00000E+00    !COMP 11                
   177:                                                                                                     
   178: ! MODERATOR TEMPERATURE CARD                                                                        
   179: %MTEM                                                                                               
   180: 559.19  579.75  ! Average Moderator Temperature and Moderator temperature Ref. Kelvin               
   181: ! CX change per Moderator Temperature Changes                                                       
   182: !  sigtr          siga         nu*sigf       sigf     sigs_g1   sigs_g2                             
   183:  0.00000E+00  0.00000E+00  0.00000E+00  0.00000E+00  0.0  0.00000E+00                               
   184:  0.00000E+00  0.00000E+00  0.00000E+00  0.00000E+00  0.0  0.00000E+00    !COMP 1                    
   185:  0.00000E+00  0.00000E+00  0.00000E+00  0.00000E+00  0.0  0.00000E+00                               
   186:  0.00000E+00  0.00000E+00  0.00000E+00  0.00000E+00  0.0  0.00000E+00    !COMP 2                    
   187:  0.00000E+00  0.00000E+00  0.00000E+00  0.00000E+00  0.0  0.00000E+00                               
   188:  0.00000E+00  0.00000E+00  0.00000E+00  0.00000E+00  0.0  0.00000E+00    !COMP 3                    
   189: -2.03310E-06  2.12191E-07  1.24709E-07  1.43035E-18  0.0  8.09676E-07                               
   190: -1.08674E-04 -3.15597E-05 -4.16439E-05 -5.46722E-16  0.0  0.00000E+00    !COMP 4                    
   191: -1.98080E-06  2.26000E-07  1.35145E-07  1.56896E-18  0.0  8.58474E-07                               
   192: -9.06150E-05 -3.21435E-05  -4.53102E-05  -5.94857E-16  0.0  0.00000E+00    !COMP 5                  
   193: -1.92434E-06  2.39939E-07  1.49084E-07  1.75422E-18  0.0  9.03494E-07                               
   194: -7.62786E-05  -3.23776E-05  -4.78475E-05  -6.28174E-16  0.0  0.00000E+00    !COMP 6                 
   195: -2.69634E-06  2.48530E-07  1.40773E-07  1.56896E-18  0.0  7.01311E-07                               
   196: -7.62435E-05  -3.00119E-05  -4.20202E-05  -5.51669E-16  0.0  0.00000E+00    !COMP 7                 
   197: -3.07905E-06  2.61854E-07  1.43235E-07  1.67897E-18  0.0  6.17380E-07                               
   198: -7.33397E-05  -2.91929E-05  -4.07701E-05  -5.35261E-16  0.0  0.00000E+00    !COMP 8                 
   199: -3.53877E-06  2.74313E-07  1.46019E-07  1.71665E-18  0.0  5.16547E-07                               
   200: -7.13711E-05  -2.83041E-05  -3.94319E-05  -5.17689E-16  0.0  0.00000E+00    !COMP 9                 
   201: -2.63907E-06  2.64289E-07  1.55858E-07  1.75422E-18  0.0  7.44320E-07                               
   202: -6.39554E-05  -3.03509E-05  -4.44431E-05  -5.83483E-16  0.0  0.00000E+00    !COMP 10                
   203: -3.02147E-06  2.79060E-07  1.58814E-07  1.88528E-18  0.0  6.59521E-07                               
   204: -6.16984E-05  -2.95626E-05  -4.31588E-05  -5.66622E-16  0.0  0.00000E+00    !COMP 11                
   205:                                                                                                     
   206: ! COOLANT DENSITY CARD                                                                              
   207: %CDEN                                                                                               
   208: 0.7464  0.7125  ! Average Coolant Density and Coolant Density Ref. in g/cm3                         
   209: ! CX change per Coolant Density Changes                                                             
   210: !  sigtr          siga         nu*sigf       sigf     sigs_g1   sigs_g2                             
   211: 7.45756E-02  2.07688E-04  0.00000E+00  0.00000E+00  0.0  3.71310E-02                                
   212: 5.33634E-01  7.58421E-03  0.00000E+00  0.00000E+00  0.0  0.00000E+00    !COMP 1                     
   213: 0.00000E+00  0.00000E+00  0.00000E+00  0.00000E+00  0.0  0.00000E+00                                
   214: 0.00000E+00  0.00000E+00  0.00000E+00  0.00000E+00  0.0  0.00000E+00    !COMP 2                     
   215: 0.00000E+00  0.00000E+00  0.00000E+00  0.00000E+00  0.0  0.00000E+00                                
   216: 0.00000E+00  0.00000E+00  0.00000E+00  0.00000E+00  0.0  0.00000E+00    !COMP 3                     
   217: 1.35665E-01  1.55185E-03  9.20694E-04  1.02392E-14  0.0  2.93195E-02                                
   218: 9.92628E-01  2.52662E-02  2.47746E-02  3.25255E-13  0.0  0.00000E+00    !COMP 4                     
   219: 1.35748E-01  1.61491E-03  9.64160E-04  1.08141E-14  0.0  2.92696E-02                                
   220: 9.81985E-01  2.86667E-02  3.14993E-02  4.13542E-13  0.0  0.00000E+00    !COMP 5                     
   221: 1.35827E-01  1.68015E-03  1.01410E-03  1.14771E-14  0.0  2.92154E-02                                
   222: 9.72267E-01  3.19571E-02  3.81097E-02  5.00328E-13  0.0  0.00000E+00    !COMP 6                     
   223: 1.31033E-01  1.68397E-03  9.81951E-04  1.08141E-14  0.0  2.82489E-02                                
   224: 9.34697E-01  3.14240E-02  3.51588E-02  4.61715E-13  0.0  0.00000E+00    !COMP 7                     
   225: 1.29379E-01  1.71972E-03  9.88437E-04  1.11322E-14  0.0  2.78895E-02                                
   226: 9.18171E-01  3.24715E-02  3.63251E-02  4.77078E-13  0.0  0.00000E+00    !COMP 8                     
   227: 1.27682E-01  1.74989E-03  9.95175E-04  1.12209E-14  0.0  2.75202E-02                                
   228: 9.01293E-01  3.35945E-02  3.74499E-02  4.91900E-13  0.0  0.00000E+00    !COMP 9                     
   229: 1.31116E-01  1.75528E-03  1.03522E-03  1.14771E-14  0.0  2.81877E-02                                
   230: 9.24925E-01  3.49853E-02  4.20693E-02  5.52387E-13  0.0  0.00000E+00    !COMP 10                    
   231: 1.29463E-01  1.79499E-03  1.04291E-03  1.18534E-14  0.0  2.78259E-02                                
   232: 9.08456E-01  3.61032E-02  4.33215E-02  5.68857E-13  0.0  0.00000E+00    !COMP 11                    
   233:                                                                                                     
   234: ! THERMAL-HYDRAULIC CARD                                                                            
   235: %THER                                                                                               
   236: 0.0001                                 ! Percent power in %                                         
   237: 693.75e6                               ! Reactor thermal power for quarter geometry in Watt         
   238: 559.15  82.12102                       ! Inlet coolant temp. (Kelvin) and Fuel Assembly Mass flow ra
   239: 4.11950E-03  6.8E-05  5.71E-04  1.2655E-2 ! Fuel meat rad., gap thinkness, cladding thinkness and pi
   240: 264  25                                ! Number of fuel pin and guide tubes                         
   241: 0.019                                  ! FRACTION OF HEAT DEPOSITED IN COOLANT                      
   242: 1                                                                                                   
   243:                                                                                                     
   244: %EJCT                                                                                               
   245: ! Final Bank Pos (steps)     Starts Move (seconds)     Speed (steps/seconds)                        
   246:      228.                     0.0                     2280.0    ! Bank 1                            
   247:      0.                       0.0                     0.0       ! Bank 2                            
   248:      0.                       0.0                     0.0       ! Bank 3                            
   249:      228.                     0.0                     0.0       ! Bank 4                            
   250:      0.                       0.0                     0.0       ! Bank 5                            
   251:      0.                       0.0                     0.0       ! Bank 6                            
   252:      0.                       0.0                     0.0       ! Bank 7                            
   253: 5.0  0.01  1.0  0.1            ! (seconds) total time, 1st time step, when to start 2nd time step, 2
   254: 0.0002584 0.00152 0.0013908 0.0030704 0.001102 0.0002584 !beta                                      
   255: 0.0128  0.0318  0.119   0.3181  1.4027  3.9286           !decay constants                           
   256: 2.8E7    4.4E5     ! Neutron velocity                                                               
   257: 1                                                                                                   
  ========================================INPUT DATA   ENDS HERE=====================================



                                             START READING INPUT
  ***************************************************************************************************
  CALCULATION MODE :                 ROD EJECTION CALCULATION

  CASE ID :   NEACRP Problem                                                                                    
   10.803 CM NODE SIZE                                                                               


            >>>> READING MACROSCOPIC CROSS SECTIONS <<<<
            --------------------------------------------

     MATERIAL  1
    GROUP   TRANSPORT    DIFFUSION  ABSORPTION    REMOVAL      NU*FISS      FISSION    FISS. SPCTR
       1     0.053206    6.264981    0.000373    0.026829     0.000000     0.000000     1.000000
       2     0.386406    0.862651    0.017722    0.017722     0.000000     0.000000     0.000000
   --SCATTERING MATRIX--
     G/G'          1          2
      1        0.000000    0.026455
      2        0.000000    0.000000

     MATERIAL  2
    GROUP   TRANSPORT    DIFFUSION  ABSORPTION    REMOVAL      NU*FISS      FISSION    FISS. SPCTR
       1     0.295609    1.127616    0.001188    0.024349     0.000000     0.000000     1.000000
       2     2.459310    0.135539    0.252618    0.252618     0.000000     0.000000     0.000000
   --SCATTERING MATRIX--
     G/G'          1          2
      1        0.000000    0.023161
      2        0.000000    0.000000

     MATERIAL  3
    GROUP   TRANSPORT    DIFFUSION  ABSORPTION    REMOVAL      NU*FISS      FISSION    FISS. SPCTR
       1     0.295609    1.127616    0.001188    0.021269     0.000000     0.000000     1.000000
       2     2.459310    0.135539    0.252618    0.252618     0.000000     0.000000     0.000000
   --SCATTERING MATRIX--
     G/G'          1          2
      1        0.000000    0.020081
      2        0.000000    0.000000

     MATERIAL  4
    GROUP   TRANSPORT    DIFFUSION  ABSORPTION    REMOVAL      NU*FISS      FISSION    FISS. SPCTR
       1     0.222117    1.500710    0.008718    0.026968     0.004983     0.000000     1.000000
       2     0.803140    0.415038    0.065255    0.065255     0.083903     0.000000     0.000000
   --SCATTERING MATRIX--
     G/G'          1          2
      1        0.000000    0.018250
      2        0.000000    0.000000

     MATERIAL  5
    GROUP   TRANSPORT    DIFFUSION  ABSORPTION    REMOVAL      NU*FISS      FISSION    FISS. SPCTR
       1     0.221914    1.502083    0.009061    0.027065     0.005577     0.000000     1.000000
       2     0.795538    0.419004    0.072335    0.072335     0.099863     0.000000     0.000000
   --SCATTERING MATRIX--
     G/G'          1          2
      1        0.000000    0.018004
      2        0.000000    0.000000

     MATERIAL  6
    GROUP   TRANSPORT    DIFFUSION  ABSORPTION    REMOVAL      NU*FISS      FISSION    FISS. SPCTR
       1     0.221715    1.503432    0.009385    0.027152     0.006150     0.000000     1.000000
       2     0.789253    0.422340    0.078920    0.078920     0.114667     0.000000     0.000000
   --SCATTERING MATRIX--
     G/G'          1          2
      1        0.000000    0.017767
      2        0.000000    0.000000

     MATERIAL  7
    GROUP   TRANSPORT    DIFFUSION  ABSORPTION    REMOVAL      NU*FISS      FISSION    FISS. SPCTR
       1     0.222039    1.501238    0.009317    0.026455     0.005550     0.000000     1.000000
       2     0.776230    0.429426    0.079633    0.079633     0.098558     0.000000     0.000000
   --SCATTERING MATRIX--
     G/G'          1          2
      1        0.000000    0.017138
      2        0.000000    0.000000

     MATERIAL  8
    GROUP   TRANSPORT    DIFFUSION  ABSORPTION    REMOVAL      NU*FISS      FISSION    FISS. SPCTR
       1     0.222083    1.500940    0.009400    0.026250     0.005541     0.000000     1.000000
       2     0.769969    0.432918    0.082109    0.082109     0.098006     0.000000     0.000000
   --SCATTERING MATRIX--
     G/G'          1          2
      1        0.000000    0.016850
      2        0.000000    0.000000

     MATERIAL  9
    GROUP   TRANSPORT    DIFFUSION  ABSORPTION    REMOVAL      NU*FISS      FISSION    FISS. SPCTR
       1     0.222127    1.500643    0.009483    0.026045     0.005531     0.000000     1.000000
       2     0.763813    0.436407    0.084591    0.084591     0.097411     0.000000     0.000000
   --SCATTERING MATRIX--
     G/G'          1          2
      1        0.000000    0.016563
      2        0.000000    0.000000

     MATERIAL 10
    GROUP   TRANSPORT    DIFFUSION  ABSORPTION    REMOVAL      NU*FISS      FISSION    FISS. SPCTR
       1     0.221836    1.502612    0.009637    0.026542     0.006124     0.000000     1.000000
       2     0.770705    0.432504    0.086119    0.086119     0.113241     0.000000     0.000000
   --SCATTERING MATRIX--
     G/G'          1          2
      1        0.000000    0.016904
      2        0.000000    0.000000

     MATERIAL 11
    GROUP   TRANSPORT    DIFFUSION  ABSORPTION    REMOVAL      NU*FISS      FISSION    FISS. SPCTR
       1     0.221878    1.502327    0.009719    0.026337     0.006114     0.000000     1.000000
       2     0.764704    0.435899    0.088549    0.088549     0.112635     0.000000     0.000000
   --SCATTERING MATRIX--
     G/G'          1          2
      1        0.000000    0.016617
      2        0.000000    0.000000

  ...Macroscopic CX Card is sucessfully read...


            >>>>>READING CORE GEOMETRY<<<<<
            -------------------------------
  Number of assembly in x, y and z directions respectively :
           9           9          18
  Number of nodes in x, y and z directions respectively :
          17          17          18

  x-directed nodes divison (delta-x)
    10.80  10.80  10.80  10.80  10.80  10.80  10.80  10.80  10.80  10.80
    10.80  10.80  10.80  10.80  10.80  10.80  10.80
  y-directed nodes divison (delta-y)
    10.80  10.80  10.80  10.80  10.80  10.80  10.80  10.80  10.80  10.80
    10.80  10.80  10.80  10.80  10.80  10.80  10.80

  Planar Region :  1
        1  2  3  4  5  6  7  8  9 10 11 12 13 14 15 16 17
    17  1  1  1  1  1  1  1  1  1  1  1  1  1  1  1  2  2 
    16  1  1  1  1  1  1  1  1  1  1  1  1  1  1  1  2  2 
    15  1  1  1  1  1  1  1  1  1  1  1  1  1  1  1  2  2 
    14  1  1  1  1  1  1  1  1  1  1  1  1  1  3  3  2  2 
    13  1  1  1  1  1  1  1  1  1  1  1  1  1  3  3  2  2 
    12  1  1  1  1  1  1  1  1  1  1  1  1  1  2  2       
    11  1  1  1  1  1  1  1  1  1  1  1  1  1  2  2       
    10  1  1  1  1  1  1  1  1  1  1  1  3  3  2  2       
     9  1  1  1  1  1  1  1  1  1  1  1  3  3  2  2       
     8  1  1  1  1  1  1  1  1  1  3  3  2  2             
     7  1  1  1  1  1  1  1  1  1  3  3  2  2             
     6  1  1  1  1  1  1  1  3  3  2  2                   
     5  1  1  1  1  1  1  1  3  3  2  2                   
     4  1  1  1  3  3  2  2  2  2                         
     3  1  1  1  3  3  2  2  2  2                         
     2  2  2  2  2  2                                     
     1  2  2  2  2  2                                     
  Planar Region :  2
        1  2  3  4  5  6  7  8  9 10 11 12 13 14 15 16 17
    17  4  5  5  4  4  5  5  4  4  5  5  4  4  6  6  2  2 
    16  5  4  4  5  5  4  4  5  5  4  4  6  6  6  6  2  2 
    15  5  4  4  5  5  4  4  5  5  4  4  6  6  6  6  2  2 
    14  4  5  5  4  4  5  5  4  4  5  5  6  6  3  3  2  2 
    13  4  5  5  4  4  5  5  4  4  5  5  6  6  3  3  2  2 
    12  5  4  4  5  5  4  4  5  5  6  6  6  6  2  2       
    11  5  4  4  5  5  4  4  5  5  6  6  6  6  2  2       
    10  4  5  5  4  4  5  5  4  4  6  6  3  3  2  2       
     9  4  5  5  4  4  5  5  4  4  6  6  3  3  2  2       
     8  5  4  4  5  5  6  6  6  6  3  3  2  2             
     7  5  4  4  5  5  6  6  6  6  3  3  2  2             
     6  4  6  6  6  6  6  6  3  3  2  2                   
     5  4  6  6  6  6  6  6  3  3  2  2                   
     4  6  6  6  3  3  2  2  2  2                         
     3  6  6  6  3  3  2  2  2  2                         
     2  2  2  2  2  2                                     
     1  2  2  2  2  2                                     
  Planar Region :  3
        1  2  3  4  5  6  7  8  9 10 11 12 13 14 15 16 17
    17  4  9  9  4  4  9  9  4  4  7  7  4  4  6  6  2  2 
    16  9  4  4  8  8  4  4  8  8  4  4  11 11 6  6  2  2 
    15  9  4  4  8  8  4  4  8  8  4  4  11 11 6  6  2  2 
    14  4  8  8  4  4  8  8  4  4  8  8  6  6  3  3  2  2 
    13  4  8  8  4  4  8  8  4  4  8  8  6  6  3  3  2  2 
    12  9  4  4  8  8  4  4  8  8  10 10 6  6  2  2       
    11  9  4  4  8  8  4  4  8  8  10 10 6  6  2  2       
    10  4  8  8  4  4  8  8  4  4  6  6  3  3  2  2       
     9  4  8  8  4  4  8  8  4  4  6  6  3  3  2  2       
     8  7  4  4  8  8  10 10 6  6  3  3  2  2             
     7  7  4  4  8  8  10 10 6  6  3  3  2  2             
     6  4  11 11 6  6  6  6  3  3  2  2                   
     5  4  11 11 6  6  6  6  3  3  2  2                   
     4  6  6  6  3  3  2  2  2  2                         
     3  6  6  6  3  3  2  2  2  2                         
     2  2  2  2  2  2                                     
     1  2  2  2  2  2                                     

  Planar Region Assignment to planes.
 --------------------------------------
   Plane Number     Planar Region    delta-z
       18 (TOP)            1          30.00
       17                  3           8.00
       16                  3          12.80
       15                  3          12.80
       14                  3          30.00
       13                  3          30.00
       12                  3          30.00
       11                  3          30.00
       10                  3          30.00
        9                  3          30.00
        8                  3          30.00
        7                  3          30.00
        6                  3          30.00
        5                  3          30.00
        4                  3          15.00
        3                  3          11.00
        2                  2           7.70
        1 (BOTTOM)         1          30.00

   Boundary conditions
  X-directed West   : REFLECTIVE
  X-directed East   : ZERO INCOMING CURRENT
  Y-directed North  : REFLECTIVE
  Y-directed South  : ZERO INCOMING CURRENT
  Z-directed Bottom : ZERO INCOMING CURRENT
  Z-directed Top    : ZERO INCOMING CURRENT

  ...Core geometry is sucessfully read...


            >>>>       READING BORON CONCENTRATION        <<<<
            --------------------------------------------------
  BORON CONCENTRATION SET       :  561.80
  BORON CONCENTRATION REFERENCE : 1200.20

  MATERIAL CX CHANGES PER PPM BORON CHANGES : 
    MATERIAL  1
     GROUP   TRANSPORT   ABSORPTION   NU*FISS       FISSION
       1     0.000000    0.000000   0.00000E+00   0.00000E+00
       2     0.000005    0.000010   0.00000E+00   0.00000E+00
   --SCATTERING MATRIX--
     G/G'          1          2
      1      0.00000E+00  0.79146E-09
      2      0.00000E+00  0.00000E+00
    MATERIAL  2
     GROUP   TRANSPORT   ABSORPTION   NU*FISS       FISSION
       1     0.000000    0.000000   0.00000E+00   0.00000E+00
       2     0.000776    0.000084   0.00000E+00   0.00000E+00
   --SCATTERING MATRIX--
     G/G'          1          2
      1      0.00000E+00  0.00000E+00
      2      0.00000E+00  0.00000E+00
    MATERIAL  3
     GROUP   TRANSPORT   ABSORPTION   NU*FISS       FISSION
       1     0.000000    0.000000   0.00000E+00   0.00000E+00
       2     0.000776    0.000084   0.00000E+00   0.00000E+00
   --SCATTERING MATRIX--
     G/G'          1          2
      1      0.00000E+00  0.00000E+00
      2      0.00000E+00  0.00000E+00
    MATERIAL  4
     GROUP   TRANSPORT   ABSORPTION   NU*FISS       FISSION
       1     0.000000    0.000000  -0.11210E-08  -0.17619E-19
       2    -0.000010    0.000007  -0.24304E-05  -0.31908E-16
   --SCATTERING MATRIX--
     G/G'          1          2
      1      0.00000E+00 -0.10859E-06
      2      0.00000E+00  0.00000E+00
    MATERIAL  5
     GROUP   TRANSPORT   ABSORPTION   NU*FISS       FISSION
       1     0.000000    0.000000  -0.16788E-08  -0.24996E-19
       2    -0.000009    0.000007  -0.27245E-05  -0.35768E-16
   --SCATTERING MATRIX--
     G/G'          1          2
      1      0.00000E+00 -0.10695E-06
      2      0.00000E+00  0.00000E+00
    MATERIAL  6
     GROUP   TRANSPORT   ABSORPTION   NU*FISS       FISSION
       1     0.000000    0.000000  -0.22104E-08  -0.32023E-19
       2    -0.000007    0.000007  -0.29588E-05  -0.38845E-16
   --SCATTERING MATRIX--
     G/G'          1          2
      1      0.00000E+00 -0.10537E-06
      2      0.00000E+00  0.00000E+00
    MATERIAL  7
     GROUP   TRANSPORT   ABSORPTION   NU*FISS       FISSION
       1     0.000000    0.000000  -0.17132E-08  -0.24996E-19
       2    -0.000007    0.000006  -0.25536E-05  -0.33522E-16
   --SCATTERING MATRIX--
     G/G'          1          2
      1      0.00000E+00 -0.10087E-06
      2      0.00000E+00  0.00000E+00
    MATERIAL  8
     GROUP   TRANSPORT   ABSORPTION   NU*FISS       FISSION
       1     0.000000    0.000000  -0.17242E-08  -0.25490E-19
       2    -0.000006    0.000006  -0.24888E-05  -0.32670E-16
   --SCATTERING MATRIX--
     G/G'          1          2
      1      0.00000E+00 -0.98858E-07
      2      0.00000E+00  0.00000E+00
    MATERIAL  9
     GROUP   TRANSPORT   ABSORPTION   NU*FISS       FISSION
       1     0.000000    0.000000  -0.17350E-08  -0.25605E-19
       2    -0.000006    0.000006  -0.24224E-05  -0.31798E-16
   --SCATTERING MATRIX--
     G/G'          1          2
      1      0.00000E+00 -0.96849E-07
      2      0.00000E+00  0.00000E+00
    MATERIAL 10
     GROUP   TRANSPORT   ABSORPTION   NU*FISS       FISSION
       1     0.000000    0.000000  -0.22433E-08  -0.32023E-19
       2    -0.000006    0.000006  -0.27766E-05  -0.36451E-16
   --SCATTERING MATRIX--
     G/G'          1          2
      1      0.00000E+00 -0.99331E-07
      2      0.00000E+00  0.00000E+00
    MATERIAL 11
     GROUP   TRANSPORT   ABSORPTION   NU*FISS       FISSION
       1     0.000000    0.000000  -0.22537E-08  -0.32487E-19
       2    -0.000005    0.000006  -0.27078E-05  -0.35548E-16
   --SCATTERING MATRIX--
     G/G'          1          2
      1      0.00000E+00 -0.97329E-07
      2      0.00000E+00  0.00000E+00

  ...Boron Concentration card is sucessfully read...


            >>>>      READING FUEL TEMPERATURE      <<<<
            --------------------------------------------

  ...Fuel Temperature is card sucessfully read...


            >>>>   READING MODERATOR TEMPERATURE    <<<<
            --------------------------------------------

  ...Moderator Temperature Card is sucessfully read...


            >>>>       READING COOLANT DENSITY      <<<<
            --------------------------------------------

  ...Coolant Density Card is sucessfully read...


            >>>> READING CONTROL RODS INSERTION <<<<
            --------------------------------------------
  NUMBER OF CONTROL ROD BANK  :  7
  MAX. NUMBER OF STEPS  : 228
  FULLY INSERTED POSITION (cm): 37.7 (FROM BOTTOM OF THE CORE)
  STEP SIZE (cm)              :   1.5942
  INITIAL CONTROL ROD BANK POSITION (STEPS) : 
  (0 means fully inserted) 
    Bank  1  Bank  2  Bank  3  Bank  4  Bank  5  Bank  6  Bank  7
      0.0      0.0      0.0    228.0      0.0      0.0      0.0

  CONTROL ROD BANK MAP : 
  1  0  2  0  0  0  3  0  0
  0  4  0  0  0  6  0  0  0
  2  0  5  0  6  0  6  0  0
  0  0  0  4  0  0  0  0  0
  0  0  6  0  7  0  0  0  0
  0  6  0  0  0  0  0  0  0
  3  0  6  0  0  0  0  0  0
  0  0  0  0  0  0  0  0  0
  0  0  0  0  0  0  0  0  0

  MATERIAL CX INCREMENT OR DECREMENT DUE TO CR INSERTION : 
    MATERIAL  1
    GROUP   TRANSPORT  ABSORPTION      NU*FISS      FISSION
       1     0.003732    0.002478    -0.000103    -0.000000
       2    -0.021993    0.025587    -0.002823    -0.000000
   --SCATTERING MATRIX--
     G/G'        1        2
      1      0.000000 -0.003193
      2      0.000000  0.000000
    MATERIAL  2
    GROUP   TRANSPORT  ABSORPTION      NU*FISS      FISSION
       1     0.003732    0.002478    -0.000103    -0.000000
       2    -0.021993    0.025587    -0.002823    -0.000000
   --SCATTERING MATRIX--
     G/G'        1        2
      1      0.000000 -0.003193
      2      0.000000  0.000000
    MATERIAL  3
    GROUP   TRANSPORT  ABSORPTION      NU*FISS      FISSION
       1     0.003732    0.002478    -0.000103    -0.000000
       2    -0.021993    0.025587    -0.002823    -0.000000
   --SCATTERING MATRIX--
     G/G'        1        2
      1      0.000000 -0.003193
      2      0.000000  0.000000
    MATERIAL  4
    GROUP   TRANSPORT  ABSORPTION      NU*FISS      FISSION
       1     0.003732    0.002478    -0.000103    -0.000000
       2    -0.021993    0.025587    -0.002823    -0.000000
   --SCATTERING MATRIX--
     G/G'        1        2
      1      0.000000 -0.003193
      2      0.000000  0.000000
    MATERIAL  5
    GROUP   TRANSPORT  ABSORPTION      NU*FISS      FISSION
       1     0.003732    0.002478    -0.000103    -0.000000
       2    -0.021993    0.025587    -0.002823    -0.000000
   --SCATTERING MATRIX--
     G/G'        1        2
      1      0.000000 -0.003193
      2      0.000000  0.000000
    MATERIAL  6
    GROUP   TRANSPORT  ABSORPTION      NU*FISS      FISSION
       1     0.003741    0.002429    -0.000123    -0.000000
       2    -0.016750    0.025648    -0.003281    -0.000000
   --SCATTERING MATRIX--
     G/G'        1        2
      1      0.000000 -0.003142
      2      0.000000  0.000000
    MATERIAL  7
    GROUP   TRANSPORT  ABSORPTION      NU*FISS      FISSION
       1     0.003732    0.002478    -0.000103    -0.000000
       2    -0.021993    0.025587    -0.002823    -0.000000
   --SCATTERING MATRIX--
     G/G'        1        2
      1      0.000000 -0.003193
      2      0.000000  0.000000
    MATERIAL  8
    GROUP   TRANSPORT  ABSORPTION      NU*FISS      FISSION
       1     0.003732    0.002478    -0.000103    -0.000000
       2    -0.021993    0.025587    -0.002823    -0.000000
   --SCATTERING MATRIX--
     G/G'        1        2
      1      0.000000 -0.003193
      2      0.000000  0.000000
    MATERIAL  9
    GROUP   TRANSPORT  ABSORPTION      NU*FISS      FISSION
       1     0.003732    0.002478    -0.000103    -0.000000
       2    -0.021993    0.025587    -0.002823    -0.000000
   --SCATTERING MATRIX--
     G/G'        1        2
      1      0.000000 -0.003193
      2      0.000000  0.000000
    MATERIAL 10
    GROUP   TRANSPORT  ABSORPTION      NU*FISS      FISSION
       1     0.003732    0.002478    -0.000103    -0.000000
       2    -0.021993    0.025587    -0.002823    -0.000000
   --SCATTERING MATRIX--
     G/G'        1        2
      1      0.000000 -0.003193
      2      0.000000  0.000000
    MATERIAL 11
    GROUP   TRANSPORT  ABSORPTION      NU*FISS      FISSION
       1     0.003732    0.002478    -0.000103    -0.000000
       2    -0.021993    0.025587    -0.002823    -0.000000
   --SCATTERING MATRIX--
     G/G'        1        2
      1      0.000000 -0.003193
      2      0.000000  0.000000

  ...Control Rods Insertion card is sucessfully read...


            >>>>     READING ROD EJECTION DATA      <<<<
            --------------------------------------------
                           Bank  1  Bank  2  Bank  3  Bank  4  Bank  5  Bank  6  Bank  7
  FINAL BANK POS. (STEP)    228.0      0.0      0.0    228.0      0.0      0.0      0.0
  STARTS MOVE (SECOND)        0.0      0.0      0.0      0.0      0.0      0.0      0.0
  SPEED (STEP/SECOND)      2280.0      0.0      0.0      0.0      0.0      0.0      0.0

  TIME PARAMETERS IN SECONDS : 
    TOTAL SIMULATION TIME         :   5.00
    FIRST TIME STEP               : 0.0100
    SECOND TIME STEP              : 0.1000
    WHEN SECOND TIME STEP APPLY?  :   1.00

  DELAYED NEUTRON FRACTION : 
    0.00026    0.00152    0.00139    0.00307    0.00110    0.00026

  PRECUSOR DECAY CONSTANT (1/s): 
    0.01280    0.03180    0.11900    0.31810    1.40270    3.92860

  NEUTRON VELOCITY (cm/s) : 
    2.80000E+07    4.40000E+05

  ...Rod Ejection Card is sucessfully read...


            >>>>   READING THERMAL-HYDRAULIC DATA   <<<<
            --------------------------------------------
  REACTOR PERCENT POWER (%)                :      0.00010
  REACTOR POWER (Watt)                     :   6.9375E+08
  COOLANT INLET TEMPERATURE (Kelvin)       :   5.5915E+02
  FUEL ASSEMBLY MASS FLOW RATE (Kg/s)      :   8.2121E+01
  FUEL MEAT RADIUS (m)                     :   4.1195E-03
  GAP THICKNESS (m)                        :   6.8000E-05
  CLAD THICKNESS (m)                       :   5.7100E-04
  PIN PITCH(m)                             :   1.2655E-02
  FRACTION OF HEAT DEPOSITED IN COOL.      :   1.9000E-02

  ...Thermal-hydraulic Card is sucessfully read...


  **********************************  STOP READING INPUT  *******************************************

  TRANSIENT RESULTS :

  Step  Time(s)  React.($)   Rel. Power   Avg. Tm   Max. Tm   Avg. Tf   Max. Tf
 --------------------------------------------------------------------------------
   0     0.000    0.0000     1.0000E-06    286.00    286.00    286.00    286.00
   1     0.010    0.0123     1.0100E-06    286.00    286.00    286.00    286.00
   2     0.020    0.0613     1.0534E-06    286.00    286.00    286.00    286.00
   3     0.030    0.1815     1.1736E-06    286.00    286.00    286.00    286.00
   4     0.040    0.3898     1.4530E-06    286.00    286.00    286.00    286.00
   5     0.050    0.5939     1.9350E-06    286.00    286.00    286.00    286.00
   6     0.060    0.7682     2.7480E-06    286.00    286.00    286.00    286.00
   7     0.070    0.9023     4.1176E-06    286.00    286.00    286.00    286.00
   8     0.080    0.9997     6.4547E-06    286.00    286.00    286.00    286.00
   9     0.090    1.0538     1.0243E-05    286.00    286.00    286.00    286.00
  10     0.100    1.0683     1.5561E-05    286.00    286.00    286.00    286.00
  11     0.110    1.0706     2.2495E-05    286.00    286.00    286.00    286.00
  12     0.120    1.0712     3.1527E-05    286.00    286.00    286.00    286.00
  13     0.130    1.0711     4.3436E-05    286.00    286.00    286.00    286.00
  14     0.140    1.0717     5.8960E-05    286.00    286.00    286.00    286.00
  15     0.150    1.0712     7.9307E-05    286.00    286.00    286.00    286.00
  16     0.160    1.0713     1.0606E-04    286.00    286.00    286.00    286.00
  17     0.170    1.0728     1.4109E-04    286.00    286.00    286.00    286.00
  18     0.180    1.0731     1.8675E-04    286.00    286.00    286.00    286.00
  19     0.190    1.0721     2.4637E-04    286.00    286.00    286.00    286.01
  20     0.200    1.0725     3.2582E-04    286.00    286.00    286.00    286.01
  21     0.210    1.0733     4.3059E-04    286.00    286.00    286.00    286.01
  22     0.220    1.0719     5.6578E-04    286.00    286.00    286.00    286.01
  23     0.230    1.0718     7.4401E-04    286.00    286.00    286.00    286.02
  24     0.240    1.0720     9.7706E-04    286.00    286.00    286.00    286.03
  25     0.250    1.0735     1.2863E-03    286.00    286.00    286.01    286.03
  26     0.260    1.0724     1.6931E-03    286.00    286.00    286.01    286.04
  27     0.270    1.0725     2.2295E-03    286.00    286.00    286.01    286.06
  28     0.280    1.0734     2.9307E-03    286.00    286.00    286.01    286.08
  29     0.290    1.0735     3.8517E-03    286.00    286.00    286.02    286.10
  30     0.300    1.0713     5.0490E-03    286.00    286.00    286.02    286.13
  31     0.310    1.0725     6.6256E-03    286.00    286.00    286.03    286.18
  32     0.320    1.0721     8.7001E-03    286.00    286.00    286.04    286.23
  33     0.330    1.0733     1.1434E-02    286.00    286.00    286.05    286.31
  34     0.340    1.0726     1.5030E-02    286.00    286.01    286.06    286.40
  35     0.350    1.0720     1.9659E-02    286.00    286.01    286.08    286.53
  36     0.360    1.0721     2.5798E-02    286.00    286.01    286.11    286.69
  37     0.370    1.0722     3.3839E-02    286.00    286.01    286.14    286.91
  38     0.380    1.0707     4.3946E-02    286.00    286.02    286.18    287.19
  39     0.390    1.0708     5.7400E-02    286.00    286.02    286.24    287.56
  40     0.400    1.0705     7.4614E-02    286.00    286.03    286.31    288.03
  41     0.410    1.0697     9.7123E-02    286.00    286.04    286.41    288.65
  42     0.420    1.0695     1.2626E-01    286.01    286.05    286.53    289.46
  43     0.430    1.0659     1.6315E-01    286.01    286.06    286.69    290.50
  44     0.440    1.0637     2.0876E-01    286.01    286.08    286.89    291.83
  45     0.450    1.0614     2.6583E-01    286.01    286.11    287.15    293.52
  46     0.460    1.0591     3.3613E-01    286.02    286.14    287.48    295.66
  47     0.470    1.0558     4.2186E-01    286.02    286.18    287.89    298.33
  48     0.480    1.0493     5.2285E-01    286.03    286.23    288.40    301.65
  49     0.490    1.0444     6.3605E-01    286.03    286.29    289.01    305.67
  50     0.500    1.0361     7.5720E-01    286.04    286.36    289.73    310.44
  51     0.510    1.0260     8.8038E-01    286.05    286.45    290.57    315.97
  52     0.520    1.0167     1.0007E+00    286.07    286.56    291.51    322.23
  53     0.530    1.0061     1.1086E+00    286.08    286.69    292.53    329.13
  54     0.540    0.9930     1.1873E+00    286.10    286.83    293.62    336.49
  55     0.550    0.9786     1.2336E+00    286.12    287.00    294.73    344.10
  56     0.560    0.9619     1.2363E+00    286.14    287.18    295.81    351.69
  57     0.570    0.9487     1.2106E+00    286.16    287.38    296.85    359.07
  58     0.580    0.9356     1.1580E+00    286.19    287.59    297.81    366.11
  59     0.590    0.9214     1.0856E+00    286.21    287.82    298.68    372.67
  60     0.600    0.9076     1.0016E+00    286.24    288.06    299.45    378.69
  61     0.610    0.8945     9.1755E-01    286.27    288.31    300.14    384.19
  62     0.620    0.8811     8.3603E-01    286.30    288.57    300.73    389.18
  63     0.630    0.8710     7.6381E-01    286.34    288.84    301.26    393.72
  64     0.640    0.8606     6.9836E-01    286.37    289.12    301.72    397.86
  65     0.650    0.8503     6.4457E-01    286.40    289.41    302.13    401.66
  66     0.660    0.8399     5.9872E-01    286.44    289.71    302.50    405.19
  67     0.670    0.8301     5.5947E-01    286.47    290.01    302.83    408.47
  68     0.680    0.8205     5.2674E-01    286.51    290.31    303.14    411.56
  69     0.690    0.8122     4.9974E-01    286.55    290.60    303.43    414.48
  70     0.700    0.8020     4.7497E-01    286.58    290.90    303.69    417.24
  71     0.710    0.7945     4.5532E-01    286.62    291.20    303.94    419.89
  72     0.720    0.7848     4.3796E-01    286.66    291.49    304.18    422.43
  73     0.730    0.7762     4.2236E-01    286.69    291.79    304.41    424.87
  74     0.740    0.7693     4.0847E-01    286.73    292.08    304.62    427.23
  75     0.750    0.7620     3.9595E-01    286.77    292.38    304.83    429.51
  76     0.760    0.7534     3.8449E-01    286.80    292.66    305.03    431.72
  77     0.770    0.7460     3.7401E-01    286.84    292.95    305.22    433.86
  78     0.780    0.7380     3.6356E-01    286.88    293.23    305.41    435.94
  79     0.790    0.7315     3.5493E-01    286.91    293.50    305.59    437.97
  80     0.800    0.7233     3.4692E-01    286.95    293.78    305.76    439.94
  81     0.810    0.7183     3.3938E-01    286.98    294.06    305.93    441.88
  82     0.820    0.7104     3.3231E-01    287.02    294.36    306.09    443.76
  83     0.830    0.7037     3.2501E-01    287.05    294.64    306.25    445.60
  84     0.840    0.6976     3.1955E-01    287.08    294.93    306.41    447.41
  85     0.850    0.6923     3.1379E-01    287.12    295.20    306.56    449.18
  86     0.860    0.6854     3.0805E-01    287.15    295.48    306.71    450.92
  87     0.870    0.6811     3.0315E-01    287.18    295.74    306.85    452.63
  88     0.880    0.6750     2.9809E-01    287.21    296.00    307.00    454.30
  89     0.890    0.6696     2.9330E-01    287.24    296.26    307.13    455.94
  90     0.900    0.6633     2.8911E-01    287.27    296.51    307.27    457.56
  91     0.910    0.6598     2.8579E-01    287.30    296.75    307.41    459.16
  92     0.920    0.6547     2.8246E-01    287.33    296.98    307.54    460.73
  93     0.930    0.6500     2.7908E-01    287.36    297.21    307.67    462.28
  94     0.940    0.6450     2.7548E-01    287.39    297.43    307.80    463.81
  95     0.950    0.6403     2.7234E-01    287.41    297.64    307.92    465.32
  96     0.960    0.6374     2.6994E-01    287.44    297.87    308.05    466.81
  97     0.970    0.6341     2.6729E-01    287.47    298.12    308.17    468.29
  98     0.980    0.6305     2.6479E-01    287.49    298.35    308.29    469.75
  99     0.990    0.6272     2.6243E-01    287.52    298.58    308.41    471.19
 100     1.000    0.6234     2.6018E-01    287.54    298.80    308.53    472.61
 101     1.100    0.6202     2.5938E-01    287.72    300.29    309.71    486.47
 102     1.200    0.5942     2.4759E-01    287.85    301.51    310.77    499.23
 103     1.300    0.5748     2.3857E-01    287.95    302.43    311.73    511.02
 104     1.400    0.5594     2.3201E-01    288.03    303.20    312.60    521.99
 105     1.500    0.5459     2.2702E-01    288.09    303.74    313.40    532.21
 106     1.600    0.5329     2.2293E-01    288.14    304.15    314.14    541.75
 107     1.700    0.5218     2.1959E-01    288.18    304.50    314.83    550.66
 108     1.800    0.5100     2.1600E-01    288.22    304.78    315.47    558.97
 109     1.900    0.5010     2.1350E-01    288.25    305.03    316.06    566.74
 110     2.000    0.4914     2.1162E-01    288.28    305.25    316.61    574.04
 111     2.100    0.4836     2.1027E-01    288.31    305.46    317.14    580.93
 112     2.200    0.4757     2.0874E-01    288.34    305.65    317.63    587.40
 113     2.300    0.4678     2.0722E-01    288.36    305.84    318.09    593.49
 114     2.400    0.4612     2.0612E-01    288.39    306.01    318.53    599.24
 115     2.500    0.4536     2.0501E-01    288.41    306.18    318.94    604.67
 116     2.600    0.4470     2.0425E-01    288.44    306.34    319.33    609.81
 117     2.700    0.4406     2.0343E-01    288.46    306.49    319.71    614.67
 118     2.800    0.4347     2.0279E-01    288.48    306.64    320.06    619.28
 119     2.900    0.4297     2.0223E-01    288.50    306.78    320.39    623.67
 120     3.000    0.4246     2.0170E-01    288.52    306.92    320.71    627.83
 121     3.100    0.4186     2.0128E-01    288.54    307.05    321.01    631.80
 122     3.200    0.4137     2.0112E-01    288.56    307.18    321.30    635.59
 123     3.300    0.4097     2.0092E-01    288.58    307.30    321.58    639.22
 124     3.400    0.4038     2.0048E-01    288.59    307.42    321.85    642.68
 125     3.500    0.4006     2.0036E-01    288.61    307.54    322.10    645.99
 126     3.600    0.3953     2.0031E-01    288.63    307.65    322.35    649.16
 127     3.700    0.3914     2.0021E-01    288.64    307.76    322.58    652.21
 128     3.800    0.3864     2.0018E-01    288.66    307.86    322.81    655.15
 129     3.900    0.3832     2.0013E-01    288.67    307.96    323.03    657.96
 130     4.000    0.3797     2.0013E-01    288.68    308.06    323.24    660.68
 131     4.100    0.3753     2.0014E-01    288.70    308.16    323.44    663.29
 132     4.200    0.3717     2.0017E-01    288.71    308.25    323.64    665.81
 133     4.300    0.3684     2.0022E-01    288.72    308.34    323.83    668.24
 134     4.400    0.3651     2.0029E-01    288.74    308.43    324.01    670.60
 135     4.500    0.3611     2.0041E-01    288.75    308.52    324.19    672.87
 136     4.600    0.3586     2.0053E-01    288.76    308.60    324.36    675.07
 137     4.700    0.3562     2.0066E-01    288.77    308.68    324.53    677.21
 138     4.800    0.3521     2.0086E-01    288.78    308.76    324.69    679.28
 139     4.900    0.3497     2.0110E-01    288.79    308.84    324.85    681.30
 140     5.000    0.3468     2.0130E-01    288.80    308.91    325.00    683.26

   WARNING: SOME OUTER ITERATIONS DID NOT CONVERGE. YOU MAY NEED TO REDUCE TIME STEP


 Total time :    359.847504      seconds
