                       ###########################################################
                       #                     ADPRES 1.1                          #
                       #        ABU DHABI POLYTECHNIC REACTOR SIMULATOR          #
                       ###########################################################  


  ========================================INPUT DATA STARTS HERE=====================================
     1: ! CALCULATION MODE CARD                                                                             
     2: %MODE                                                                                               
     3: RODEJECT                                                                                            
     4:                                                                                                     
     5: ! CASE CARD                                                                                         
     6: %CASE                                                                                               
     7: NEACRP Problem                                                                                      
     8: 10.803 CM NODE SIZE                                                                                 
     9:                                                                                                     
    10: ! XSEC CARD                                                                                         
    11: %XSEC                                                                                               
    12: 2  11    ! Number of groups and number of materials                                                 
    13: !  sigtr        siga        nu*sigf       sigf      chi sigs_g1 sigs_g2                             
    14: 5.32058E-02  3.73279E-04  0.00000E+00  0.00000E+00  1.0  0.0  2.64554E-02                           
    15: 3.86406E-01  1.77215E-02  0.00000E+00  0.00000E+00  0.0  0.0  0.00000E+00  /COMP 1                  
    16: 2.95609E-01  1.18782E-03  0.00000E+00  0.00000E+00  1.0  0.0  2.31613E-02                           
    17: 2.45931E+00  2.52618E-01  0.00000E+00  0.00000E+00  0.0  0.0  0.00000E+00  /COMP 2                  
    18: 2.95609E-01  1.18782E-03  0.00000E+00  0.00000E+00  1.0  0.0  2.00808E-02                           
    19: 2.45931E+00  2.52618E-01  0.00000E+00  0.00000E+00  0.0  0.0  0.00000E+00  /COMP 3                  
    20: 2.22117E-01  8.71774E-03  4.98277E-03  1.90224E-03  1.0  0.0  1.82498E-02                           
    21: 8.03140E-01  6.52550E-02  8.39026E-02  3.43581E-02  0.0  0.0  0.00000E+00  /COMP 4                  
    22: 2.21914E-01  9.06133E-03  5.57659E-03  2.14498E-03  1.0  0.0  1.80040E-02                           
    23: 7.95538E-01  7.23354E-02  9.98629E-02  4.08938E-02  0.0  0.0  0.00000E+00  /COMP 5                  
    24: 2.21715E-01  9.38496E-03  6.15047E-03  2.37972E-03  1.0  0.0  1.77670E-02                           
    25: 7.89253E-01  7.89203E-02  1.14667E-01  4.69561E-02  0.0  0.0  0.00000E+00  /COMP 6                  
    26: 2.22039E-01  9.31692E-03  5.55010E-03  2.13629E-03  1.0  0.0  1.71381E-02                           
    27: 7.76230E-01  7.96328E-02  9.85576E-02  4.03596E-02  0.0  0.0  0.00000E+00  /COMP 7                  
    28: 2.22083E-01  9.40032E-03  5.54083E-03  2.13318E-03  1.0  0.0  1.68501E-02                           
    29: 7.69969E-01  8.21087E-02  9.80059E-02  4.01338E-02  0.0  0.0  0.00000E+00  /COMP 8                  
    30: 2.22127E-01  9.48286E-03  5.53137E-03  2.13003E-03  1.0  0.0  1.65626E-02                           
    31: 7.63813E-01  8.45912E-02  9.74109E-02  3.98902E-02  0.0  0.0  0.00000E+00  /COMP 9                  
    32: 2.21836E-01  9.63720E-03  6.12382E-03  2.37097E-03  1.0  0.0  1.69043E-02                           
    33: 7.70705E-01  8.61187E-02  1.13241E-01  4.63724E-02  0.0  0.0  0.00000E+00  /COMP 10                 
    34: 2.21878E-01  9.71937E-03  6.11444E-03  2.36781E-03  1.0  0.0  1.66175E-02                           
    35: 7.64704E-01  8.85488E-02  1.12635E-01  4.61246E-02  0.0  0.0  0.00000E+00  /COMP 11                 
    36:                                                                                                     
    37: ! GEOMETRY CARD                                                                                     
    38: %GEOM                                                                                               
    39: 9 9 18               !nx, ny, nz                                                                    
    40: 10.803   8*21.606    !x-direction assembly size in cm                                               
    41:   1         8*2      !x-direction assembly divided 2x2                                              
    42: 8*21.606 10.803      !y-direction assembly size in cm                                               
    43:   8*2       1        !y-direction assembly divided 2x2                                              
    44: 30.  7.7  11.0  15.0  10*30.0  2*12.8  8.0  30.      !z-direction size  in cm (from bottom to top)  
    45: 18*1                 !z-direction assembly divided into 20 cm each                                  
    46: 3                    !np number of planar type                                                      
    47: 1  2  15*3  1        !planar assignment (from bottom to top)                                        
    48: ! Planar_Reg 1                                                                                      
    49:  1  1  1  1  1  1  1  1  2                                                                          
    50:  1  1  1  1  1  1  1  1  2                                                                          
    51:  1  1  1  1  1  1  1  3  2                                                                          
    52:  1  1  1  1  1  1  1  2  0                                                                          
    53:  1  1  1  1  1  1  3  2  0                                                                          
    54:  1  1  1  1  1  3  2  0  0                                                                          
    55:  1  1  1  1  3  2  0  0  0                                                                          
    56:  1  1  3  2  2  0  0  0  0                                                                          
    57:  2  2  2  0  0  0  0  0  0                                                                          
    58: ! Planar_Reg 2                                                                                      
    59:  4  5  4  5  4  5  4  6  2                                                                          
    60:  5  4  5  4  5  4  6  6  2                                                                          
    61:  4  5  4  5  4  5  6  3  2                                                                          
    62:  5  4  5  4  5  6  6  2  0                                                                          
    63:  4  5  4  5  4  6  3  2  0                                                                          
    64:  5  4  5  6  6  3  2  0  0                                                                          
    65:  4  6  6  6  3  2  0  0  0                                                                          
    66:  6  6  3  2  2  0  0  0  0                                                                          
    67:  2  2  2  0  0  0  0  0  0                                                                          
    68: ! Planar_Reg 3                                                                                      
    69:  4  9  4  9  4  7  4  6  2                                                                          
    70:  9  4  8  4  8  4 11  6  2                                                                          
    71:  4  8  4  8  4  8  6  3  2                                                                          
    72:  9  4  8  4  8 10  6  2  0                                                                          
    73:  4  8  4  8  4  6  3  2  0                                                                          
    74:  7  4  8 10  6  3  2  0  0                                                                          
    75:  4 11  6  6  3  2  0  0  0                                                                          
    76:  6  6  3  2  2  0  0  0  0                                                                          
    77:  2  2  2  0  0  0  0  0  0                                                                          
    78: ! Boundary conditions (east), (west), (north), (south), (bottom), (top)                             
    79: 1 2 2 1 1 1                                                                                         
    80:                                                                                                     
    81: ! CONTROL CARD                                                                                      
    82: %CROD                                                                                               
    83: 7    228                      ! Number of CR banks and max number of banks                          
    84: 37.7 1.5942237                ! Zero step pos. (cm) and cm/step (total 228 steps)                   
    85: 100.00  200.00  100.00  200.00  200.00  200.00  200.00           ! CR Bank pos.                     
    86:  1  0  2  0  0  0  3  0  0                                                                          
    87:  0  4  0  0  0  6  0  0  0                                                                          
    88:  2  0  5  0  6  0  6  0  0                                                                          
    89:  0  0  0  4  0  0  0  0  0                                                                          
    90:  0  0  6  0  7  0  0  0  0                                                                          
    91:  0  6  0  0  0  0  0  0  0                                                                          
    92:  3  0  6  0  0  0  0  0  0                                                                          
    93:  0  0  0  0  0  0  0  0  0                                                                          
    94:  0  0  0  0  0  0  0  0  0                                                                          
    95: ! CX changes                                                                                        
    96: !  sigtr        siga        nu*sigf      sigf      sigs_g1   sigs_g2                                
    97:  3.73220E-03  2.47770E-03 -1.02786E-04 -3.77989E-05  0.0 -3.19253E-03                               
    98: -2.19926E-02  2.55875E-02 -2.82319E-03 -1.15483E-03  0.0  0.00000E+00    /COMP 1                    
    99:  3.73220E-03  2.47770E-03 -1.02786E-04 -3.77989E-05  0.0 -3.19253E-03                               
   100: -2.19926E-02  2.55875E-02 -2.82319E-03 -1.15483E-03  0.0  0.00000E+00    /COMP 2                    
   101:  3.73220E-03  2.47770E-03 -1.02786E-04 -3.77989E-05  0.0 -3.19253E-03                               
   102: -2.19926E-02  2.55875E-02 -2.82319E-03 -1.15483E-03  0.0  0.00000E+00    /COMP 3                    
   103:  3.73220E-03  2.47770E-03 -1.02786E-04 -3.77989E-05  0.0 -3.19253E-03                               
   104: -2.19926E-02  2.55875E-02 -2.82319E-03 -1.15483E-03  0.0  0.00000E+00    /COMP 4                    
   105:  3.73220E-03  2.47770E-03 -1.02786E-04 -3.77989E-05  0.0 -3.19253E-03                               
   106: -2.19926E-02  2.55875E-02 -2.82319E-03 -1.15483E-03  0.0  0.00000E+00    /COMP 5                    
   107:  3.74092E-03  2.42926E-03 -1.22634E-04 -4.59250E-05  0.0 -3.14239E-03                               
   108: -1.67503E-02  2.56478E-02 -3.28086E-03 -1.34262E-03  0.0  0.00000E+00    /COMP 6                    
   109:  3.73220E-03  2.47770E-03 -1.02786E-04 -3.77989E-05  0.0 -3.19253E-03                               
   110: -2.19926E-02  2.55875E-02 -2.82319E-03 -1.15483E-03  0.0  0.00000E+00    /COMP 7                    
   111:  3.73220E-03  2.47770E-03 -1.02786E-04 -3.77989E-05  0.0 -3.19253E-03                               
   112: -2.19926E-02  2.55875E-02 -2.82319E-03 -1.15483E-03  0.0  0.00000E+00    /COMP 8                    
   113:  3.73220E-03  2.47770E-03 -1.02786E-04 -3.77989E-05  0.0 -3.19253E-03                               
   114: -2.19926E-02  2.55875E-02 -2.82319E-03 -1.15483E-03  0.0  0.00000E+00    /COMP 9                    
   115:  3.73220E-03  2.47770E-03 -1.02786E-04 -3.77989E-05  0.0 -3.19253E-03                               
   116: -2.19926E-02  2.55875E-02 -2.82319E-03 -1.15483E-03  0.0  0.00000E+00    /COMP 10                   
   117:  3.73220E-03  2.47770E-03 -1.02786E-04 -3.77989E-05  0.0 -3.19253E-03                               
   118: -2.19926E-02  2.55875E-02 -2.82319E-03 -1.15483E-03  0.0  0.00000E+00    /COMP 11                   
   119: 1                                                                                                   
   120:                                                                                                     
   121: ! CRITICAL BORON SEARCH CARD                                                                        
   122: %BCON                                                                                               
   123: 1159.8  1200.2  !Boron concentration ref. in ppm                                                    
   124: ! CX change per unit ppm change of Boron concentration                                              
   125: !  sigtr          siga         nu*sigf       sigf      sigs_g1   sigs_g2                            
   126:  6.11833E-08  1.87731E-07  0.00000E+00  0.00000E+00  0.0  7.91457E-10                               
   127:  5.17535E-06  1.02635E-05  0.00000E+00  0.00000E+00  0.0  0.00000E+00    /COMP 1                    
   128:  0.00000E+00  0.00000E+00  0.00000E+00  0.00000E+00  0.0  0.00000E+00                               
   129:  7.76184E-04  8.44695E-05  0.00000E+00  0.00000E+00  0.0  0.00000E+00    /COMP 2                    
   130:  0.00000E+00  0.00000E+00  0.00000E+00  0.00000E+00  0.0  0.00000E+00                               
   131:  7.76184E-04  8.44695E-05  0.00000E+00  0.00000E+00  0.0  0.00000E+00    /COMP 3                    
   132:  3.47809E-08  1.28505E-07 -1.12099E-09 -5.48359E-10  0.0 -1.08590E-07                               
   133: -9.76510E-06  7.08807E-06 -2.43045E-06 -9.95273E-07  0.0  0.00000E+00    /COMP 4                    
   134:  3.53826E-08  1.26709E-07 -1.67880E-09 -7.77979E-10  0.0 -1.06951E-07                               
   135: -8.50169E-06  6.82311E-06 -2.72445E-06 -1.11566E-06  0.0  0.00000E+00    /COMP 5                    
   136:  3.59838E-08  1.24986E-07 -2.21038E-09 -9.96655E-10  0.0 -1.05374E-07                               
   137: -7.46251E-06  6.59798E-06 -2.95883E-06 -1.21164E-06  0.0  0.00000E+00    /COMP 6                    
   138:  3.37806E-08  1.19869E-07 -1.71323E-09 -7.77979E-10  0.0 -1.00873E-07                               
   139: -6.73744E-06  6.29310E-06 -2.55359E-06 -1.04561E-06  0.0  0.00000E+00    /COMP 7                    
   140:  3.32495E-08  1.17585E-07 -1.72421E-09 -7.93326E-10  0.0 -9.88578E-08                               
   141: -6.19725E-06  6.11904E-06 -2.48880E-06 -1.01904E-06  0.0  0.00000E+00    /COMP 8                    
   142:  3.27201E-08  1.15319E-07 -1.73502E-09 -7.96916E-10  0.0 -9.68489E-08                               
   143: -5.68220E-06  5.94711E-06 -2.42240E-06 -9.91815E-07  0.0  0.00000E+00    /COMP 9                    
   144:  3.43859E-08  1.18186E-07 -2.24335E-09 -9.96655E-10  0.0 -9.93312E-08                               
   145: -5.86898E-06  6.08443E-06 -2.77657E-06 -1.13696E-06  0.0  0.00000E+00    /COMP 10                   
   146:  3.38559E-08  1.15917E-07 -2.25369E-09 -1.01112E-09  0.0 -9.73291E-08                               
   147: -5.38345E-06  5.91697E-06 -2.70780E-06 -1.10878E-06  0.0  0.00000E+00                               
   148: 1                                                                                                   
   149:                                                                                                     
   150: ! FUEL TEMPERATURE CARD                                                                             
   151: %FTEM                                                                                               
   152: 891.19  891.45  ! Average Fuel Temperature and fuel temperature Ref. in Kelvin                      
   153: ! CX change per Fuel Temperature Changes                                                            
   154: !  sigtr          siga         nu*sigf       sigf      sigs_g1   sigs_g2                            
   155:  0.00000E+00  0.00000E+00  0.00000E+00  0.00000E+00  0.00000E+00  0.00000E+00                       
   156:  0.00000E+00  0.00000E+00  0.00000E+00  0.00000E+00  0.00000E+00  0.00000E+00    /COMP 1            
   157:  0.00000E+00  0.00000E+00  0.00000E+00  0.00000E+00  0.00000E+00  0.00000E+00                       
   158:  0.00000E+00  0.00000E+00  0.00000E+00  0.00000E+00  0.00000E+00  0.00000E+00    /COMP 2            
   159:  0.00000E+00  0.00000E+00  0.00000E+00  0.00000E+00  0.00000E+00  0.00000E+00                       
   160:  0.00000E+00  0.00000E+00  0.00000E+00  0.00000E+00  0.00000E+00  0.00000E+00    /COMP 3            
   161: -3.09197E-05  3.49709E-05  6.40134E-07  2.22662E-07  0.00000E+00 -2.75536E-05                       
   162: -1.37292E-04 -3.71806E-05 -5.63037E-05 -2.30564E-05  0.00000E+00  0.00000E+00    /COMP 4            
   163: -3.08607E-05  3.51798E-05  9.97431E-07  3.69389E-07  0.00000E+00 -2.76766E-05                       
   164: -1.17481E-04 -3.77039E-05 -6.04155E-05 -2.47402E-05  0.00000E+00  0.00000E+00    /COMP 5            
   165: -3.09165E-05  3.53841E-05  1.41847E-06  5.42386E-07  0.00000E+00 -2.78390E-05                       
   166: -1.01337E-04 -3.77558E-05 -6.30960E-05 -2.58379E-05  0.00000E+00  0.00000E+00    /COMP 6            
   167: -3.13746E-05  3.48699E-05  9.45431E-07  3.69389E-07  0.00000E+00 -2.73550E-05                       
   168: -1.08271E-04 -3.72748E-05 -5.79662E-05 -2.37320E-05  0.00000E+00  0.00000E+00    /COMP 7            
   169: -3.15503E-05  3.47274E-05  9.26078E-07  3.39044E-07  0.00000E+00 -2.72381E-05                       
   170: -1.05521E-04 -3.71808E-05 -5.71108E-05 -2.33804E-05  0.00000E+00  0.00000E+00    /COMP 8            
   171: -3.17281E-05  3.46026E-05  9.05802E-07  3.30425E-07  0.00000E+00 -2.71169E-05                       
   172: -1.02525E-04 -3.70201E-05 -5.61543E-05 -2.29872E-05  0.00000E+00  0.00000E+00    /COMP 9            
   173: -3.14192E-05  3.50637E-05  1.35642E-06  5.42386E-07  0.00000E+00 -2.75049E-05                       
   174: -9.38886E-05 -3.71403E-05 -6.05052E-05 -2.47739E-05  0.00000E+00  0.00000E+00    /COMP 10           
   175: -3.15908E-05  3.49119E-05  1.33336E-06  5.06596E-07  0.00000E+00 -2.73835E-05                       
   176: -9.17126E-05 -3.69909E-05 -5.96284E-05 -2.44141E-05  0.00000E+00  0.00000E+00    /COMP 11           
   177:                                                                                                     
   178:                                                                                                     
   179: ! MODERATOR TEMPERATURE CARD                                                                        
   180: %MTEM                                                                                               
   181: 559.19  579.75  ! Average Moderator Temperature and Moderator temperature Ref. Kelvin               
   182: ! CX change per Moderator Temperature Changes                                                       
   183: !  sigtr          siga         nu*sigf       sigf     sigs_g1   sigs_g2                             
   184:  0.00000E+00  0.00000E+00  0.00000E+00  0.00000E+00  0.0  0.00000E+00                               
   185:  0.00000E+00  0.00000E+00  0.00000E+00  0.00000E+00  0.0  0.00000E+00    /COMP 1                    
   186:  0.00000E+00  0.00000E+00  0.00000E+00  0.00000E+00  0.0  0.00000E+00                               
   187:  0.00000E+00  0.00000E+00  0.00000E+00  0.00000E+00  0.0  0.00000E+00    /COMP 2                    
   188:  0.00000E+00  0.00000E+00  0.00000E+00  0.00000E+00  0.0  0.00000E+00                               
   189:  0.00000E+00  0.00000E+00  0.00000E+00  0.00000E+00  0.0  0.00000E+00    /COMP 3                    
   190: -2.03310E-06  2.12191E-07  1.24709E-07  4.45177E-08  0.0  8.09676E-07                               
   191: -1.08674E-04 -3.15597E-05 -4.16439E-05 -1.70531E-05  0.0  0.00000E+00    /COMP 4                    
   192: -1.98080E-06  2.26000E-07  1.35145E-07  4.88317E-08  0.0  8.58474E-07                               
   193: -9.06150E-05 -3.21435E-05 -4.53102E-05 -1.85545E-05  0.0  0.00000E+00    /COMP 5                    
   194: -1.92434E-06  2.39939E-07  1.49084E-07  5.45976E-08  0.0  9.03494E-07                               
   195: -7.62786E-05 -3.23776E-05 -4.78475E-05 -1.95937E-05  0.0  0.00000E+00    /COMP 6                    
   196: -2.69634E-06  2.48530E-07  1.40773E-07  4.88317E-08  0.0  7.01311E-07                               
   197: -7.62435E-05 -3.00119E-05 -4.20202E-05 -1.72074E-05  0.0  0.00000E+00    /COMP 7                    
   198: -3.07905E-06  2.61854E-07  1.43235E-07  5.22556E-08  0.0  6.17380E-07                               
   199: -7.33397E-05 -2.91929E-05 -4.07701E-05 -1.66956E-05  0.0  0.00000E+00    /COMP 8                    
   200: -3.53877E-06  2.74313E-07  1.46019E-07  5.34284E-08  0.0  5.16547E-07                               
   201: -7.13711E-05 -2.83041E-05 -3.94319E-05 -1.61475E-05  0.0  0.00000E+00    /COMP 9                    
   202: -2.63907E-06  2.64289E-07  1.55858E-07  5.45976E-08  0.0  7.44320E-07                               
   203: -6.39554E-05 -3.03509E-05 -4.44431E-05 -1.81997E-05  0.0  0.00000E+00    /COMP 10                   
   204: -3.02147E-06  2.79060E-07  1.58814E-07  5.86766E-08  0.0  6.59521E-07                               
   205: -6.16984E-05 -2.95626E-05 -4.31588E-05 -1.76738E-05  0.0  0.00000E+00    /COMP 11                   
   206:                                                                                                     
   207: ! COOLANT DENSITY CARD                                                                              
   208: %CDEN                                                                                               
   209: 0.7464  0.7125  ! Average Coolant Density and Coolant Density Ref. in g/cm3                         
   210: ! CX change per Coolant Density Changes                                                             
   211: !  sigtr          siga         nu*sigf       sigf     sigs_g1   sigs_g2                             
   212: 7.45756E-02  2.07688E-04  0.00000E+00  0.00000E+00  0.0  3.71310E-02                                
   213: 5.33634E-01  7.58421E-03  0.00000E+00  0.00000E+00  0.0  0.00000E+00    /COMP 1                     
   214: 0.00000E+00  0.00000E+00  0.00000E+00  0.00000E+00  0.0  0.00000E+00                                
   215: 0.00000E+00  0.00000E+00  0.00000E+00  0.00000E+00  0.0  0.00000E+00    /COMP 2                     
   216: 0.00000E+00  0.00000E+00  0.00000E+00  0.00000E+00  0.0  0.00000E+00                                
   217: 0.00000E+00  0.00000E+00  0.00000E+00  0.00000E+00  0.0  0.00000E+00    /COMP 3                     
   218: 1.35665E-01  1.55185E-03  9.20694E-04  3.18680E-04  0.0  2.93195E-02                                
   219: 9.92628E-01  2.52662E-02  2.47746E-02  1.01452E-02  0.0  0.00000E+00    /COMP 4                     
   220: 1.35748E-01  1.61491E-03  9.64160E-04  3.36573E-04  0.0  2.92696E-02                                
   221: 9.81985E-01  2.86667E-02  3.14993E-02  1.28990E-02  0.0  0.00000E+00    /COMP 5                     
   222: 1.35827E-01  1.68015E-03  1.01410E-03  3.57207E-04  0.0  2.92154E-02                                
   223: 9.72267E-01  3.19571E-02  3.81097E-02  1.56060E-02  0.0  0.00000E+00    /COMP 6                     
   224: 1.31033E-01  1.68397E-03  9.81951E-04  3.36573E-04  0.0  2.82489E-02                                
   225: 9.34697E-01  3.14240E-02  3.51588E-02  1.44016E-02  0.0  0.00000E+00    /COMP 7                     
   226: 1.29379E-01  1.71972E-03  9.88437E-04  3.46474E-04  0.0  2.78895E-02                                
   227: 9.18171E-01  3.24715E-02  3.63251E-02  1.48808E-02  0.0  0.00000E+00    /COMP 8                     
   228: 1.27682E-01  1.74989E-03  9.95175E-04  3.49236E-04  0.0  2.75202E-02                                
   229: 9.01293E-01  3.35945E-02  3.74499E-02  1.53431E-02  0.0  0.00000E+00    /COMP 9                     
   230: 1.31116E-01  1.75528E-03  1.03522E-03  3.57207E-04  0.0  2.81877E-02                                
   231: 9.24925E-01  3.49853E-02  4.20693E-02  1.72298E-02  0.0  0.00000E+00    /COMP 10                    
   232: 1.29463E-01  1.79499E-03  1.04291E-03  3.68921E-04  0.0  2.78259E-02                                
   233: 9.08456E-01  3.61032E-02  4.33215E-02  1.77435E-02  0.0  0.00000E+00    /COMP 11                    
   234:                                                                                                     
   235: ! THERMAL-HYDRAULIC CARD                                                                            
   236: %THER                                                                                               
   237: 100.                                   ! Percent power in %                                         
   238: 693.75e6                               ! Reactor thermal power for quarter geometry in Watt         
   239: 559.15  82.12102                       ! Inlet coolant temp. (Kelvin) and Fuel Assembly Mass flow ra
   240: 4.11950E-03  6.8E-05  5.71E-04  1.2655E-2 ! Fuel meat rad., gap thinkness, cladding thinkness and pi
   241: 264  25                                ! Number of fuel pin and guide tubes                         
   242: 0.019                                  ! FRACTION OF HEAT DEPOSITED IN COOLANT                      
   243: 1                                                                                                   
   244:                                                                                                     
   245: %EJCT                                                                                               
   246: ! Final Bank Pos (steps)   Starts Move (seconds)   Speed (steps/seconds)                            
   247:    228.                     0.0                     1280.0    ! Bank 1                              
   248:    200.                     0.0                     0.0       ! Bank 2                              
   249:    100.                     0.0                     0.0       ! Bank 3                              
   250:    200.                     0.0                     0.0       ! Bank 4                              
   251:    200.                     0.0                     0.0       ! Bank 5                              
   252:    200.                     0.0                     0.0       ! Bank 6                              
   253:    200.                     0.0                     0.0       ! Bank 7                              
   254: 5.  0.01  1.0  0.1            ! (seconds) total time, 1st time step, when to start 2nd time step, 2n
   255: 0.0002584 0.00152 0.0013908 0.0030704 0.001102 0.0002584 !beta                                      
   256: 0.0128  0.0318  0.119   0.3181  1.4027  3.9286           !decay constants                           
   257: 2.8E7    4.4E5     ! Neutron velocity                                                               
   258: 1                                                                                                   
  ========================================INPUT DATA   ENDS HERE=====================================



                                             START READING INPUT
  ***************************************************************************************************
  CALCULATION MODE :                 ROD EJECTION CALCULATION

  CASE ID :   NEACRP Problem                                                                                    
   10.803 CM NODE SIZE                                                                               


            >>>> READING MACROSCOPIC CROSS SECTIONS <<<<
            --------------------------------------------

     MATERIAL  1
    GROUP   TRANSPORT    DIFFUSION  ABSORPTION    REMOVAL      NU*FISS      FISSION    FISS. SPCTR
       1     0.053206    6.264981    0.000373    0.026829     0.000000     0.000000     1.000000
       2     0.386406    0.862651    0.017722    0.017722     0.000000     0.000000     0.000000
   --SCATTERING MATRIX--
     G/G'          1          2
      1        0.000000    0.026455
      2        0.000000    0.000000

     MATERIAL  2
    GROUP   TRANSPORT    DIFFUSION  ABSORPTION    REMOVAL      NU*FISS      FISSION    FISS. SPCTR
       1     0.295609    1.127616    0.001188    0.024349     0.000000     0.000000     1.000000
       2     2.459310    0.135539    0.252618    0.252618     0.000000     0.000000     0.000000
   --SCATTERING MATRIX--
     G/G'          1          2
      1        0.000000    0.023161
      2        0.000000    0.000000

     MATERIAL  3
    GROUP   TRANSPORT    DIFFUSION  ABSORPTION    REMOVAL      NU*FISS      FISSION    FISS. SPCTR
       1     0.295609    1.127616    0.001188    0.021269     0.000000     0.000000     1.000000
       2     2.459310    0.135539    0.252618    0.252618     0.000000     0.000000     0.000000
   --SCATTERING MATRIX--
     G/G'          1          2
      1        0.000000    0.020081
      2        0.000000    0.000000

     MATERIAL  4
    GROUP   TRANSPORT    DIFFUSION  ABSORPTION    REMOVAL      NU*FISS      FISSION    FISS. SPCTR
       1     0.222117    1.500710    0.008718    0.026968     0.004983     0.001902     1.000000
       2     0.803140    0.415038    0.065255    0.065255     0.083903     0.034358     0.000000
   --SCATTERING MATRIX--
     G/G'          1          2
      1        0.000000    0.018250
      2        0.000000    0.000000

     MATERIAL  5
    GROUP   TRANSPORT    DIFFUSION  ABSORPTION    REMOVAL      NU*FISS      FISSION    FISS. SPCTR
       1     0.221914    1.502083    0.009061    0.027065     0.005577     0.002145     1.000000
       2     0.795538    0.419004    0.072335    0.072335     0.099863     0.040894     0.000000
   --SCATTERING MATRIX--
     G/G'          1          2
      1        0.000000    0.018004
      2        0.000000    0.000000

     MATERIAL  6
    GROUP   TRANSPORT    DIFFUSION  ABSORPTION    REMOVAL      NU*FISS      FISSION    FISS. SPCTR
       1     0.221715    1.503432    0.009385    0.027152     0.006150     0.002380     1.000000
       2     0.789253    0.422340    0.078920    0.078920     0.114667     0.046956     0.000000
   --SCATTERING MATRIX--
     G/G'          1          2
      1        0.000000    0.017767
      2        0.000000    0.000000

     MATERIAL  7
    GROUP   TRANSPORT    DIFFUSION  ABSORPTION    REMOVAL      NU*FISS      FISSION    FISS. SPCTR
       1     0.222039    1.501238    0.009317    0.026455     0.005550     0.002136     1.000000
       2     0.776230    0.429426    0.079633    0.079633     0.098558     0.040360     0.000000
   --SCATTERING MATRIX--
     G/G'          1          2
      1        0.000000    0.017138
      2        0.000000    0.000000

     MATERIAL  8
    GROUP   TRANSPORT    DIFFUSION  ABSORPTION    REMOVAL      NU*FISS      FISSION    FISS. SPCTR
       1     0.222083    1.500940    0.009400    0.026250     0.005541     0.002133     1.000000
       2     0.769969    0.432918    0.082109    0.082109     0.098006     0.040134     0.000000
   --SCATTERING MATRIX--
     G/G'          1          2
      1        0.000000    0.016850
      2        0.000000    0.000000

     MATERIAL  9
    GROUP   TRANSPORT    DIFFUSION  ABSORPTION    REMOVAL      NU*FISS      FISSION    FISS. SPCTR
       1     0.222127    1.500643    0.009483    0.026045     0.005531     0.002130     1.000000
       2     0.763813    0.436407    0.084591    0.084591     0.097411     0.039890     0.000000
   --SCATTERING MATRIX--
     G/G'          1          2
      1        0.000000    0.016563
      2        0.000000    0.000000

     MATERIAL 10
    GROUP   TRANSPORT    DIFFUSION  ABSORPTION    REMOVAL      NU*FISS      FISSION    FISS. SPCTR
       1     0.221836    1.502612    0.009637    0.026542     0.006124     0.002371     1.000000
       2     0.770705    0.432504    0.086119    0.086119     0.113241     0.046372     0.000000
   --SCATTERING MATRIX--
     G/G'          1          2
      1        0.000000    0.016904
      2        0.000000    0.000000

     MATERIAL 11
    GROUP   TRANSPORT    DIFFUSION  ABSORPTION    REMOVAL      NU*FISS      FISSION    FISS. SPCTR
       1     0.221878    1.502327    0.009719    0.026337     0.006114     0.002368     1.000000
       2     0.764704    0.435899    0.088549    0.088549     0.112635     0.046125     0.000000
   --SCATTERING MATRIX--
     G/G'          1          2
      1        0.000000    0.016617
      2        0.000000    0.000000

  ...Macroscopic CX Card is sucessfully read...


            >>>>>READING CORE GEOMETRY<<<<<
            -------------------------------
  Number of assembly in x, y and z directions respectively :
           9           9          18
  Number of nodes in x, y and z directions respectively :
          17          17          18

  x-directed nodes divison (delta-x)
    10.80  10.80  10.80  10.80  10.80  10.80  10.80  10.80  10.80  10.80
    10.80  10.80  10.80  10.80  10.80  10.80  10.80
  y-directed nodes divison (delta-y)
    10.80  10.80  10.80  10.80  10.80  10.80  10.80  10.80  10.80  10.80
    10.80  10.80  10.80  10.80  10.80  10.80  10.80

  Planar Region :  1
        1  2  3  4  5  6  7  8  9 10 11 12 13 14 15 16 17
    17  1  1  1  1  1  1  1  1  1  1  1  1  1  1  1  2  2 
    16  1  1  1  1  1  1  1  1  1  1  1  1  1  1  1  2  2 
    15  1  1  1  1  1  1  1  1  1  1  1  1  1  1  1  2  2 
    14  1  1  1  1  1  1  1  1  1  1  1  1  1  3  3  2  2 
    13  1  1  1  1  1  1  1  1  1  1  1  1  1  3  3  2  2 
    12  1  1  1  1  1  1  1  1  1  1  1  1  1  2  2       
    11  1  1  1  1  1  1  1  1  1  1  1  1  1  2  2       
    10  1  1  1  1  1  1  1  1  1  1  1  3  3  2  2       
     9  1  1  1  1  1  1  1  1  1  1  1  3  3  2  2       
     8  1  1  1  1  1  1  1  1  1  3  3  2  2             
     7  1  1  1  1  1  1  1  1  1  3  3  2  2             
     6  1  1  1  1  1  1  1  3  3  2  2                   
     5  1  1  1  1  1  1  1  3  3  2  2                   
     4  1  1  1  3  3  2  2  2  2                         
     3  1  1  1  3  3  2  2  2  2                         
     2  2  2  2  2  2                                     
     1  2  2  2  2  2                                     
  Planar Region :  2
        1  2  3  4  5  6  7  8  9 10 11 12 13 14 15 16 17
    17  4  5  5  4  4  5  5  4  4  5  5  4  4  6  6  2  2 
    16  5  4  4  5  5  4  4  5  5  4  4  6  6  6  6  2  2 
    15  5  4  4  5  5  4  4  5  5  4  4  6  6  6  6  2  2 
    14  4  5  5  4  4  5  5  4  4  5  5  6  6  3  3  2  2 
    13  4  5  5  4  4  5  5  4  4  5  5  6  6  3  3  2  2 
    12  5  4  4  5  5  4  4  5  5  6  6  6  6  2  2       
    11  5  4  4  5  5  4  4  5  5  6  6  6  6  2  2       
    10  4  5  5  4  4  5  5  4  4  6  6  3  3  2  2       
     9  4  5  5  4  4  5  5  4  4  6  6  3  3  2  2       
     8  5  4  4  5  5  6  6  6  6  3  3  2  2             
     7  5  4  4  5  5  6  6  6  6  3  3  2  2             
     6  4  6  6  6  6  6  6  3  3  2  2                   
     5  4  6  6  6  6  6  6  3  3  2  2                   
     4  6  6  6  3  3  2  2  2  2                         
     3  6  6  6  3  3  2  2  2  2                         
     2  2  2  2  2  2                                     
     1  2  2  2  2  2                                     
  Planar Region :  3
        1  2  3  4  5  6  7  8  9 10 11 12 13 14 15 16 17
    17  4  9  9  4  4  9  9  4  4  7  7  4  4  6  6  2  2 
    16  9  4  4  8  8  4  4  8  8  4  4  11 11 6  6  2  2 
    15  9  4  4  8  8  4  4  8  8  4  4  11 11 6  6  2  2 
    14  4  8  8  4  4  8  8  4  4  8  8  6  6  3  3  2  2 
    13  4  8  8  4  4  8  8  4  4  8  8  6  6  3  3  2  2 
    12  9  4  4  8  8  4  4  8  8  10 10 6  6  2  2       
    11  9  4  4  8  8  4  4  8  8  10 10 6  6  2  2       
    10  4  8  8  4  4  8  8  4  4  6  6  3  3  2  2       
     9  4  8  8  4  4  8  8  4  4  6  6  3  3  2  2       
     8  7  4  4  8  8  10 10 6  6  3  3  2  2             
     7  7  4  4  8  8  10 10 6  6  3  3  2  2             
     6  4  11 11 6  6  6  6  3  3  2  2                   
     5  4  11 11 6  6  6  6  3  3  2  2                   
     4  6  6  6  3  3  2  2  2  2                         
     3  6  6  6  3  3  2  2  2  2                         
     2  2  2  2  2  2                                     
     1  2  2  2  2  2                                     

  Planar Region Assignment to planes.
 --------------------------------------
   Plane Number     Planar Region    delta-z
       18 (TOP)            1          30.00
       17                  3           8.00
       16                  3          12.80
       15                  3          12.80
       14                  3          30.00
       13                  3          30.00
       12                  3          30.00
       11                  3          30.00
       10                  3          30.00
        9                  3          30.00
        8                  3          30.00
        7                  3          30.00
        6                  3          30.00
        5                  3          30.00
        4                  3          15.00
        3                  3          11.00
        2                  2           7.70
        1 (BOTTOM)         1          30.00

   Boundary conditions
  X-directed West   : REFLECTIVE
  X-directed East   : ZERO INCOMING CURRENT
  Y-directed North  : REFLECTIVE
  Y-directed South  : ZERO INCOMING CURRENT
  Z-directed Bottom : ZERO INCOMING CURRENT
  Z-directed Top    : ZERO INCOMING CURRENT

  ...Core geometry is sucessfully read...


            >>>>       READING BORON CONCENTRATION        <<<<
            --------------------------------------------------
  BORON CONCENTRATION SET       : 1159.80
  BORON CONCENTRATION REFERENCE : 1200.20

  MATERIAL CX CHANGES PER PPM BORON CHANGES : 
    MATERIAL  1
     GROUP   TRANSPORT   ABSORPTION   NU*FISS       FISSION
       1     0.000000    0.000000   0.00000E+00   0.00000E+00
       2     0.000005    0.000010   0.00000E+00   0.00000E+00
   --SCATTERING MATRIX--
     G/G'          1          2
      1      0.00000E+00  0.79146E-09
      2      0.00000E+00  0.00000E+00
    MATERIAL  2
     GROUP   TRANSPORT   ABSORPTION   NU*FISS       FISSION
       1     0.000000    0.000000   0.00000E+00   0.00000E+00
       2     0.000776    0.000084   0.00000E+00   0.00000E+00
   --SCATTERING MATRIX--
     G/G'          1          2
      1      0.00000E+00  0.00000E+00
      2      0.00000E+00  0.00000E+00
    MATERIAL  3
     GROUP   TRANSPORT   ABSORPTION   NU*FISS       FISSION
       1     0.000000    0.000000   0.00000E+00   0.00000E+00
       2     0.000776    0.000084   0.00000E+00   0.00000E+00
   --SCATTERING MATRIX--
     G/G'          1          2
      1      0.00000E+00  0.00000E+00
      2      0.00000E+00  0.00000E+00
    MATERIAL  4
     GROUP   TRANSPORT   ABSORPTION   NU*FISS       FISSION
       1     0.000000    0.000000  -0.11210E-08  -0.54836E-09
       2    -0.000010    0.000007  -0.24304E-05  -0.99527E-06
   --SCATTERING MATRIX--
     G/G'          1          2
      1      0.00000E+00 -0.10859E-06
      2      0.00000E+00  0.00000E+00
    MATERIAL  5
     GROUP   TRANSPORT   ABSORPTION   NU*FISS       FISSION
       1     0.000000    0.000000  -0.16788E-08  -0.77798E-09
       2    -0.000009    0.000007  -0.27245E-05  -0.11157E-05
   --SCATTERING MATRIX--
     G/G'          1          2
      1      0.00000E+00 -0.10695E-06
      2      0.00000E+00  0.00000E+00
    MATERIAL  6
     GROUP   TRANSPORT   ABSORPTION   NU*FISS       FISSION
       1     0.000000    0.000000  -0.22104E-08  -0.99665E-09
       2    -0.000007    0.000007  -0.29588E-05  -0.12116E-05
   --SCATTERING MATRIX--
     G/G'          1          2
      1      0.00000E+00 -0.10537E-06
      2      0.00000E+00  0.00000E+00
    MATERIAL  7
     GROUP   TRANSPORT   ABSORPTION   NU*FISS       FISSION
       1     0.000000    0.000000  -0.17132E-08  -0.77798E-09
       2    -0.000007    0.000006  -0.25536E-05  -0.10456E-05
   --SCATTERING MATRIX--
     G/G'          1          2
      1      0.00000E+00 -0.10087E-06
      2      0.00000E+00  0.00000E+00
    MATERIAL  8
     GROUP   TRANSPORT   ABSORPTION   NU*FISS       FISSION
       1     0.000000    0.000000  -0.17242E-08  -0.79333E-09
       2    -0.000006    0.000006  -0.24888E-05  -0.10190E-05
   --SCATTERING MATRIX--
     G/G'          1          2
      1      0.00000E+00 -0.98858E-07
      2      0.00000E+00  0.00000E+00
    MATERIAL  9
     GROUP   TRANSPORT   ABSORPTION   NU*FISS       FISSION
       1     0.000000    0.000000  -0.17350E-08  -0.79692E-09
       2    -0.000006    0.000006  -0.24224E-05  -0.99181E-06
   --SCATTERING MATRIX--
     G/G'          1          2
      1      0.00000E+00 -0.96849E-07
      2      0.00000E+00  0.00000E+00
    MATERIAL 10
     GROUP   TRANSPORT   ABSORPTION   NU*FISS       FISSION
       1     0.000000    0.000000  -0.22433E-08  -0.99665E-09
       2    -0.000006    0.000006  -0.27766E-05  -0.11370E-05
   --SCATTERING MATRIX--
     G/G'          1          2
      1      0.00000E+00 -0.99331E-07
      2      0.00000E+00  0.00000E+00
    MATERIAL 11
     GROUP   TRANSPORT   ABSORPTION   NU*FISS       FISSION
       1     0.000000    0.000000  -0.22537E-08  -0.10111E-08
       2    -0.000005    0.000006  -0.27078E-05  -0.11088E-05
   --SCATTERING MATRIX--
     G/G'          1          2
      1      0.00000E+00 -0.97329E-07
      2      0.00000E+00  0.00000E+00

  ...Boron Concentration card is sucessfully read...


            >>>>      READING FUEL TEMPERATURE      <<<<
            --------------------------------------------

  ...Fuel Temperature is card sucessfully read...


            >>>>   READING MODERATOR TEMPERATURE    <<<<
            --------------------------------------------

  ...Moderator Temperature Card is sucessfully read...


            >>>>       READING COOLANT DENSITY      <<<<
            --------------------------------------------

  ...Coolant Density Card is sucessfully read...


            >>>> READING CONTROL RODS INSERTION <<<<
            --------------------------------------------
  NUMBER OF CONTROL ROD BANK  :  7
  MAX. NUMBER OF STEPS  : 228
  FULLY INSERTED POSITION (cm): 37.7 (FROM BOTTOM OF THE CORE)
  STEP SIZE (cm)              :   1.5942
  INITIAL CONTROL ROD BANK POSITION (STEPS) : 
  (0 means fully inserted) 
    Bank  1  Bank  2  Bank  3  Bank  4  Bank  5  Bank  6  Bank  7
    100.0    200.0    100.0    200.0    200.0    200.0    200.0

  CONTROL ROD BANK MAP : 
  1  0  2  0  0  0  3  0  0
  0  4  0  0  0  6  0  0  0
  2  0  5  0  6  0  6  0  0
  0  0  0  4  0  0  0  0  0
  0  0  6  0  7  0  0  0  0
  0  6  0  0  0  0  0  0  0
  3  0  6  0  0  0  0  0  0
  0  0  0  0  0  0  0  0  0
  0  0  0  0  0  0  0  0  0

  MATERIAL CX INCREMENT OR DECREMENT DUE TO CR INSERTION : 
    MATERIAL  1
    GROUP   TRANSPORT  ABSORPTION      NU*FISS      FISSION
       1     0.003732    0.002478    -0.000103    -0.000038
       2    -0.021993    0.025587    -0.002823    -0.001155
   --SCATTERING MATRIX--
     G/G'        1        2
      1      0.000000 -0.003193
      2      0.000000  0.000000
    MATERIAL  2
    GROUP   TRANSPORT  ABSORPTION      NU*FISS      FISSION
       1     0.003732    0.002478    -0.000103    -0.000038
       2    -0.021993    0.025587    -0.002823    -0.001155
   --SCATTERING MATRIX--
     G/G'        1        2
      1      0.000000 -0.003193
      2      0.000000  0.000000
    MATERIAL  3
    GROUP   TRANSPORT  ABSORPTION      NU*FISS      FISSION
       1     0.003732    0.002478    -0.000103    -0.000038
       2    -0.021993    0.025587    -0.002823    -0.001155
   --SCATTERING MATRIX--
     G/G'        1        2
      1      0.000000 -0.003193
      2      0.000000  0.000000
    MATERIAL  4
    GROUP   TRANSPORT  ABSORPTION      NU*FISS      FISSION
       1     0.003732    0.002478    -0.000103    -0.000038
       2    -0.021993    0.025587    -0.002823    -0.001155
   --SCATTERING MATRIX--
     G/G'        1        2
      1      0.000000 -0.003193
      2      0.000000  0.000000
    MATERIAL  5
    GROUP   TRANSPORT  ABSORPTION      NU*FISS      FISSION
       1     0.003732    0.002478    -0.000103    -0.000038
       2    -0.021993    0.025587    -0.002823    -0.001155
   --SCATTERING MATRIX--
     G/G'        1        2
      1      0.000000 -0.003193
      2      0.000000  0.000000
    MATERIAL  6
    GROUP   TRANSPORT  ABSORPTION      NU*FISS      FISSION
       1     0.003741    0.002429    -0.000123    -0.000046
       2    -0.016750    0.025648    -0.003281    -0.001343
   --SCATTERING MATRIX--
     G/G'        1        2
      1      0.000000 -0.003142
      2      0.000000  0.000000
    MATERIAL  7
    GROUP   TRANSPORT  ABSORPTION      NU*FISS      FISSION
       1     0.003732    0.002478    -0.000103    -0.000038
       2    -0.021993    0.025587    -0.002823    -0.001155
   --SCATTERING MATRIX--
     G/G'        1        2
      1      0.000000 -0.003193
      2      0.000000  0.000000
    MATERIAL  8
    GROUP   TRANSPORT  ABSORPTION      NU*FISS      FISSION
       1     0.003732    0.002478    -0.000103    -0.000038
       2    -0.021993    0.025587    -0.002823    -0.001155
   --SCATTERING MATRIX--
     G/G'        1        2
      1      0.000000 -0.003193
      2      0.000000  0.000000
    MATERIAL  9
    GROUP   TRANSPORT  ABSORPTION      NU*FISS      FISSION
       1     0.003732    0.002478    -0.000103    -0.000038
       2    -0.021993    0.025587    -0.002823    -0.001155
   --SCATTERING MATRIX--
     G/G'        1        2
      1      0.000000 -0.003193
      2      0.000000  0.000000
    MATERIAL 10
    GROUP   TRANSPORT  ABSORPTION      NU*FISS      FISSION
       1     0.003732    0.002478    -0.000103    -0.000038
       2    -0.021993    0.025587    -0.002823    -0.001155
   --SCATTERING MATRIX--
     G/G'        1        2
      1      0.000000 -0.003193
      2      0.000000  0.000000
    MATERIAL 11
    GROUP   TRANSPORT  ABSORPTION      NU*FISS      FISSION
       1     0.003732    0.002478    -0.000103    -0.000038
       2    -0.021993    0.025587    -0.002823    -0.001155
   --SCATTERING MATRIX--
     G/G'        1        2
      1      0.000000 -0.003193
      2      0.000000  0.000000

  ...Control Rods Insertion card is sucessfully read...


            >>>>     READING ROD EJECTION DATA      <<<<
            --------------------------------------------
                           Bank  1  Bank  2  Bank  3  Bank  4  Bank  5  Bank  6  Bank  7
  FINAL BANK POS. (STEP)    228.0    200.0    100.0    200.0    200.0    200.0    200.0
  STARTS MOVE (SECOND)        0.0      0.0      0.0      0.0      0.0      0.0      0.0
  SPEED (STEP/SECOND)      1280.0      0.0      0.0      0.0      0.0      0.0      0.0

  TIME PARAMETERS IN SECONDS : 
    TOTAL SIMULATION TIME         :   5.00
    FIRST TIME STEP               : 0.0100
    SECOND TIME STEP              : 0.1000
    WHEN SECOND TIME STEP APPLY?  :   1.00

  DELAYED NEUTRON FRACTION : 
    0.00026    0.00152    0.00139    0.00307    0.00110    0.00026

  PRECUSOR DECAY CONSTANT (1/s): 
    0.01280    0.03180    0.11900    0.31810    1.40270    3.92860

  NEUTRON VELOCITY (cm/s) : 
    2.80000E+07    4.40000E+05

  ...Rod Ejection Card is sucessfully read...


            >>>>   READING THERMAL-HYDRAULIC DATA   <<<<
            --------------------------------------------
  REACTOR PERCENT POWER (%)                :    100.00000
  REACTOR POWER (Watt)                     :   6.9375E+08
  COOLANT INLET TEMPERATURE (Kelvin)       :   5.5915E+02
  FUEL ASSEMBLY MASS FLOW RATE (Kg/s)      :   8.2121E+01
  FUEL MEAT RADIUS (m)                     :   4.1195E-03
  GAP THICKNESS (m)                        :   6.8000E-05
  CLAD THICKNESS (m)                       :   5.7100E-04
  PIN PITCH(m)                             :   1.2655E-02
  FRACTION OF HEAT DEPOSITED IN COOL.      :   1.9000E-02

  ...Thermal-hydraulic Card is sucessfully read...


  **********************************  STOP READING INPUT  *******************************************

  TRANSIENT RESULTS :

  Step  Time(s)  React.($)   Rel. Power   Avg. Tm   Max. Tm   Avg. Tf   Max. Tf
 --------------------------------------------------------------------------------
   0     0.000    0.0000     1.0000E+00    302.92    330.53    539.84   1673.07
   1     0.010    0.0234     1.0168E+00    302.92    330.53    539.86   1673.10
   2     0.020    0.0365     1.0328E+00    302.92    330.53    539.89   1673.15
   3     0.030    0.0472     1.0464E+00    302.92    330.53    539.94   1673.22
   4     0.040    0.0576     1.0607E+00    302.92    330.53    539.99   1673.32
   5     0.050    0.0629     1.0706E+00    302.92    330.53    540.06   1673.42
   6     0.060    0.0659     1.0771E+00    302.93    330.53    540.12   1673.53
   7     0.070    0.0677     1.0817E+00    302.93    330.53    540.19   1673.64
   8     0.080    0.0680     1.0838E+00    302.93    330.53    540.26   1673.76
   9     0.090    0.0676     1.0846E+00    302.93    330.53    540.33   1673.88
  10     0.100    0.0679     1.0847E+00    302.93    330.53    540.40   1674.00
  11     0.110    0.0671     1.0847E+00    302.93    330.53    540.46   1674.12
  12     0.120    0.0672     1.0847E+00    302.93    330.53    540.53   1674.24
  13     0.130    0.0665     1.0847E+00    302.93    330.53    540.59   1674.36
  14     0.140    0.0664     1.0846E+00    302.94    330.53    540.65   1674.48
  15     0.150    0.0651     1.0841E+00    302.94    330.53    540.71   1674.59
  16     0.160    0.0649     1.0841E+00    302.94    330.53    540.77   1674.71
  17     0.170    0.0644     1.0841E+00    302.94    330.53    540.83   1674.83
  18     0.180    0.0636     1.0830E+00    302.94    330.53    540.89   1674.95
  19     0.190    0.0637     1.0830E+00    302.95    330.54    540.95   1675.07
  20     0.200    0.0622     1.0824E+00    302.95    330.54    541.00   1675.18
  21     0.210    0.0621     1.0824E+00    302.95    330.54    541.06   1675.30
  22     0.220    0.0617     1.0816E+00    302.95    330.55    541.11   1675.41
  23     0.230    0.0614     1.0816E+00    302.96    330.55    541.17   1675.53
  24     0.240    0.0606     1.0811E+00    302.96    330.55    541.22   1675.64
  25     0.250    0.0603     1.0810E+00    302.96    330.56    541.27   1675.75
  26     0.260    0.0591     1.0803E+00    302.97    330.56    541.33   1675.86
  27     0.270    0.0588     1.0803E+00    302.97    330.57    541.38   1675.98
  28     0.280    0.0587     1.0795E+00    302.97    330.58    541.43   1676.09
  29     0.290    0.0583     1.0795E+00    302.98    330.58    541.48   1676.20
  30     0.300    0.0571     1.0789E+00    302.98    330.59    541.53   1676.31
  31     0.310    0.0565     1.0788E+00    302.98    330.60    541.58   1676.42
  32     0.320    0.0565     1.0781E+00    302.99    330.60    541.63   1676.53
  33     0.330    0.0563     1.0781E+00    302.99    330.61    541.67   1676.64
  34     0.340    0.0549     1.0772E+00    302.99    330.62    541.72   1676.74
  35     0.350    0.0546     1.0772E+00    303.00    330.63    541.77   1676.85
  36     0.360    0.0541     1.0766E+00    303.00    330.64    541.81   1676.96
  37     0.370    0.0542     1.0765E+00    303.00    330.65    541.86   1677.06
  38     0.380    0.0531     1.0759E+00    303.01    330.66    541.91   1677.17
  39     0.390    0.0528     1.0758E+00    303.01    330.67    541.95   1677.27
  40     0.400    0.0520     1.0750E+00    303.01    330.68    542.00   1677.38
  41     0.410    0.0517     1.0750E+00    303.02    330.69    542.04   1677.48
  42     0.420    0.0504     1.0743E+00    303.02    330.70    542.09   1677.59
  43     0.430    0.0506     1.0743E+00    303.02    330.71    542.13   1677.69
  44     0.440    0.0503     1.0736E+00    303.03    330.72    542.17   1677.79
  45     0.450    0.0501     1.0736E+00    303.03    330.73    542.21   1677.89
  46     0.460    0.0490     1.0730E+00    303.04    330.75    542.26   1677.99
  47     0.470    0.0488     1.0730E+00    303.04    330.76    542.30   1678.09
  48     0.480    0.0482     1.0723E+00    303.04    330.77    542.34   1678.19
  49     0.490    0.0483     1.0723E+00    303.05    330.78    542.38   1678.29
  50     0.500    0.0471     1.0717E+00    303.05    330.80    542.42   1678.39
  51     0.510    0.0471     1.0716E+00    303.05    330.81    542.46   1678.49
  52     0.520    0.0471     1.0710E+00    303.06    330.82    542.50   1678.59
  53     0.530    0.0468     1.0710E+00    303.06    330.83    542.54   1678.69
  54     0.540    0.0462     1.0704E+00    303.06    330.84    542.58   1678.79
  55     0.550    0.0462     1.0703E+00    303.07    330.86    542.62   1678.88
  56     0.560    0.0460     1.0697E+00    303.07    330.87    542.66   1678.98
  57     0.570    0.0457     1.0697E+00    303.07    330.88    542.70   1679.08
  58     0.580    0.0447     1.0691E+00    303.08    330.89    542.74   1679.17
  59     0.590    0.0445     1.0691E+00    303.08    330.91    542.78   1679.27
  60     0.600    0.0436     1.0685E+00    303.08    330.92    542.82   1679.36
  61     0.610    0.0435     1.0685E+00    303.09    330.93    542.85   1679.46
  62     0.620    0.0434     1.0680E+00    303.09    330.94    542.89   1679.55
  63     0.630    0.0434     1.0680E+00    303.09    330.95    542.93   1679.64
  64     0.640    0.0422     1.0673E+00    303.10    330.97    542.96   1679.74
  65     0.650    0.0421     1.0673E+00    303.10    330.98    543.00   1679.83
  66     0.660    0.0416     1.0673E+00    303.10    330.99    543.04   1679.92
  67     0.670    0.0418     1.0667E+00    303.11    331.00    543.07   1680.01
  68     0.680    0.0418     1.0667E+00    303.11    331.01    543.11   1680.11
  69     0.690    0.0410     1.0661E+00    303.11    331.02    543.15   1680.20
  70     0.700    0.0411     1.0661E+00    303.11    331.04    543.18   1680.29
  71     0.710    0.0401     1.0656E+00    303.12    331.05    543.22   1680.38
  72     0.720    0.0397     1.0656E+00    303.12    331.06    543.25   1680.47
  73     0.730    0.0398     1.0655E+00    303.12    331.07    543.29   1680.56
  74     0.740    0.0393     1.0649E+00    303.12    331.08    543.32   1680.65
  75     0.750    0.0391     1.0649E+00    303.13    331.09    543.35   1680.74
  76     0.760    0.0387     1.0644E+00    303.13    331.10    543.39   1680.83
  77     0.770    0.0388     1.0644E+00    303.13    331.11    543.42   1680.91
  78     0.780    0.0384     1.0640E+00    303.14    331.12    543.45   1681.00
  79     0.790    0.0380     1.0640E+00    303.14    331.13    543.49   1681.09
  80     0.800    0.0384     1.0635E+00    303.14    331.14    543.52   1681.18
  81     0.810    0.0382     1.0635E+00    303.14    331.15    543.55   1681.26
  82     0.820    0.0381     1.0635E+00    303.14    331.16    543.59   1681.35
  83     0.830    0.0369     1.0629E+00    303.15    331.17    543.62   1681.44
  84     0.840    0.0367     1.0629E+00    303.15    331.18    543.65   1681.52
  85     0.850    0.0365     1.0629E+00    303.15    331.19    543.68   1681.61
  86     0.860    0.0361     1.0624E+00    303.15    331.20    543.72   1681.70
  87     0.870    0.0357     1.0624E+00    303.16    331.21    543.75   1681.78
  88     0.880    0.0359     1.0624E+00    303.16    331.21    543.78   1681.87
  89     0.890    0.0351     1.0617E+00    303.16    331.22    543.81   1681.95
  90     0.900    0.0351     1.0617E+00    303.16    331.23    543.84   1682.04
  91     0.910    0.0345     1.0617E+00    303.16    331.24    543.87   1682.12
  92     0.920    0.0349     1.0611E+00    303.17    331.25    543.90   1682.21
  93     0.930    0.0350     1.0611E+00    303.17    331.26    543.93   1682.29
  94     0.940    0.0351     1.0611E+00    303.17    331.26    543.96   1682.37
  95     0.950    0.0340     1.0605E+00    303.17    331.27    543.99   1682.46
  96     0.960    0.0340     1.0605E+00    303.17    331.28    544.02   1682.54
  97     0.970    0.0340     1.0605E+00    303.18    331.29    544.05   1682.62
  98     0.980    0.0337     1.0599E+00    303.18    331.30    544.08   1682.71
  99     0.990    0.0335     1.0599E+00    303.18    331.30    544.11   1682.79
 100     1.000    0.0335     1.0599E+00    303.18    331.31    544.14   1682.87
 101     1.100    0.0328     1.0599E+00    303.19    331.37    544.44   1683.69
 102     1.200    0.0313     1.0582E+00    303.21    331.42    544.71   1684.47
 103     1.300    0.0293     1.0567E+00    303.22    331.47    544.97   1685.22
 104     1.400    0.0274     1.0556E+00    303.23    331.51    545.21   1685.95
 105     1.500    0.0260     1.0537E+00    303.24    331.55    545.44   1686.64
 106     1.600    0.0242     1.0529E+00    303.24    331.58    545.66   1687.31
 107     1.700    0.0227     1.0513E+00    303.25    331.62    545.86   1687.94
 108     1.800    0.0217     1.0499E+00    303.26    331.65    546.05   1688.54
 109     1.900    0.0205     1.0492E+00    303.26    331.68    546.23   1689.11
 110     2.000    0.0188     1.0478E+00    303.27    331.70    546.40   1689.65
 111     2.100    0.0185     1.0473E+00    303.27    331.73    546.56   1690.16
 112     2.200    0.0166     1.0462E+00    303.28    331.75    546.71   1690.64
 113     2.300    0.0160     1.0455E+00    303.28    331.77    546.86   1691.10
 114     2.400    0.0154     1.0446E+00    303.29    331.80    546.99   1691.53
 115     2.500    0.0158     1.0441E+00    303.29    331.82    547.12   1691.93
 116     2.600    0.0144     1.0433E+00    303.29    331.83    547.24   1692.31
 117     2.700    0.0141     1.0427E+00    303.29    331.85    547.35   1692.66
 118     2.800    0.0129     1.0421E+00    303.30    331.87    547.46   1692.99
 119     2.900    0.0130     1.0419E+00    303.30    331.88    547.56   1693.30
 120     3.000    0.0125     1.0411E+00    303.30    331.90    547.65   1693.59
 121     3.100    0.0119     1.0410E+00    303.30    331.91    547.74   1693.86
 122     3.200    0.0122     1.0404E+00    303.30    331.92    547.83   1694.11
 123     3.300    0.0105     1.0401E+00    303.30    331.93    547.91   1694.34
 124     3.400    0.0111     1.0398E+00    303.30    331.94    547.98   1694.56
 125     3.500    0.0103     1.0393E+00    303.30    331.95    548.05   1694.75
 126     3.600    0.0105     1.0392E+00    303.30    331.96    548.12   1694.94
 127     3.700    0.0104     1.0387E+00    303.31    331.97    548.18   1695.11
 128     3.800    0.0106     1.0387E+00    303.31    331.98    548.25   1695.26
 129     3.900    0.0105     1.0387E+00    303.31    331.99    548.30   1695.41
 130     4.000    0.0095     1.0382E+00    303.31    332.00    548.36   1695.55
 131     4.100    0.0090     1.0379E+00    303.31    332.00    548.41   1695.66
 132     4.200    0.0090     1.0379E+00    303.31    332.01    548.46   1695.77
 133     4.300    0.0097     1.0375E+00    303.31    332.02    548.50   1695.87
 134     4.400    0.0095     1.0375E+00    303.31    332.02    548.54   1695.96
 135     4.500    0.0087     1.0372E+00    303.31    332.03    548.58   1696.04
 136     4.600    0.0086     1.0372E+00    303.31    332.04    548.62   1696.12
 137     4.700    0.0087     1.0366E+00    303.31    332.04    548.66   1696.18
 138     4.800    0.0084     1.0366E+00    303.31    332.05    548.69   1696.23
 139     4.900    0.0085     1.0366E+00    303.31    332.05    548.72   1696.28
 140     5.000    0.0084     1.0366E+00    303.31    332.06    548.75   1696.32


 Total time :    52.4787369      seconds
