                       ###########################################################
                       #                     ADPRES 1.1                          #
                       #        ABU DHABI POLYTECHNIC REACTOR SIMULATOR          #
                       ###########################################################  


  ========================================INPUT DATA STARTS HERE=====================================
     1: ! CALCULATION MODE CARD                                                                             
     2: %MODE                                                                                               
     3: RODEJECT                                                                                            
     4:                                                                                                     
     5: ! CASE CARD                                                                                         
     6: %CASE                                                                                               
     7: NEACRP Problem                                                                                      
     8: 10.803 CM NODE SIZE                                                                                 
     9:                                                                                                     
    10: ! XSEC CARD                                                                                         
    11: %XSEC                                                                                               
    12: 2  11    ! Number of groups and number of materials                                                 
    13: !  sigtr        siga        nu*sigf       sigf      chi sigs_g1 sigs_g2                             
    14: 5.32058E-02  3.73279E-04  0.00000E+00  0.00000E+00  1.0  0.0  2.64554E-02                           
    15: 3.86406E-01  1.77215E-02  0.00000E+00  0.00000E+00  0.0  0.0  0.00000E+00  ! COMP 1                 
    16: 2.95609E-01  1.18782E-03  0.00000E+00  0.00000E+00  1.0  0.0  2.31613E-02                           
    17: 2.45931E+00  2.52618E-01  0.00000E+00  0.00000E+00  0.0  0.0  0.00000E+00  ! COMP 2                 
    18: 2.95609E-01  1.18782E-03  0.00000E+00  0.00000E+00  1.0  0.0  2.00808E-02                           
    19: 2.45931E+00  2.52618E-01  0.00000E+00  0.00000E+00  0.0  0.0  0.00000E+00  ! COMP 3                 
    20: 2.22117E-01  8.71774E-03  4.98277E-03  4.98277E-03  1.0  0.0  1.82498E-02                           
    21: 8.03140E-01  6.52550E-02  8.39026E-02  8.39026E-02  0.0  0.0  0.00000E+00  ! COMP 4                 
    22: 2.21914E-01  9.06133E-03  5.57659E-03  5.57659E-03  1.0  0.0  1.80040E-02                           
    23: 7.95538E-01  7.23354E-02  9.98629E-02  9.98629E-02  0.0  0.0  0.00000E+00  ! COMP 5                 
    24: 2.21715E-01  9.38496E-03  6.15047E-03  6.15047E-03  1.0  0.0  1.77670E-02                           
    25: 7.89253E-01  7.89203E-02  1.14667E-01  1.14667E-01  0.0  0.0  0.00000E+00  ! COMP 6                 
    26: 2.22039E-01  9.31692E-03  5.55010E-03  5.55010E-03  1.0  0.0  1.71381E-02                           
    27: 7.76230E-01  7.96328E-02  9.85576E-02  9.85576E-02  0.0  0.0  0.00000E+00  ! COMP 7                 
    28: 2.22083E-01  9.40032E-03  5.54083E-03  5.54083E-03  1.0  0.0  1.68501E-02                           
    29: 7.69969E-01  8.21087E-02  9.80059E-02  9.80059E-02  0.0  0.0  0.00000E+00  ! COMP 8                 
    30: 2.22127E-01  9.48286E-03  5.53137E-03  5.53137E-03  1.0  0.0  1.65626E-02                           
    31: 7.63813E-01  8.45912E-02  9.74109E-02  9.74109E-02  0.0  0.0  0.00000E+00  ! COMP 9                 
    32: 2.21836E-01  9.63720E-03  6.12382E-03  6.12382E-03  1.0  0.0  1.69043E-02                           
    33: 7.70705E-01  8.61187E-02  1.13241E-01  1.13241E-01  0.0  0.0  0.00000E+00  ! COMP 10                
    34: 2.21878E-01  9.71937E-03  6.11444E-03  6.11444E-03  1.0  0.0  1.66175E-02                           
    35: 7.64704E-01  8.85488E-02  1.12635E-01  1.12635E-01  0.0  0.0  0.00000E+00  ! COMP 11                
    36:                                                                                                     
    37: ! GEOMETRY CARD                                                                                     
    38: %GEOM                                                                                               
    39: 9 9 18               !nx, ny, nz                                                                    
    40: 10.803   8*21.606    !x-direction assembly size in cm                                               
    41:   1         8*2      !x-direction assembly divided 2x2                                              
    42: 8*21.606 10.803      !y-direction assembly size in cm                                               
    43:   8*2       1        !y-direction assembly divided 2x2                                              
    44: 30.  7.7  11.0  15.0  10*30.0  2*12.8  8.0  30.      !z-direction size  in cm (from bottom to top)  
    45: 18*1                 !z-direction assembly divided into 20 cm each                                  
    46: 3                    !np number of planar type                                                      
    47: 1  2  15*3  1        !planar assignment (from bottom to top)                                        
    48: ! Planar_Reg 1                                                                                      
    49:  1  1  1  1  1  1  1  1  2                                                                          
    50:  1  1  1  1  1  1  1  1  2                                                                          
    51:  1  1  1  1  1  1  1  3  2                                                                          
    52:  1  1  1  1  1  1  1  2  0                                                                          
    53:  1  1  1  1  1  1  3  2  0                                                                          
    54:  1  1  1  1  1  3  2  0  0                                                                          
    55:  1  1  1  1  3  2  0  0  0                                                                          
    56:  1  1  3  2  2  0  0  0  0                                                                          
    57:  2  2  2  0  0  0  0  0  0                                                                          
    58: ! Planar_Reg 2                                                                                      
    59:  4  5  4  5  4  5  4  6  2                                                                          
    60:  5  4  5  4  5  4  6  6  2                                                                          
    61:  4  5  4  5  4  5  6  3  2                                                                          
    62:  5  4  5  4  5  6  6  2  0                                                                          
    63:  4  5  4  5  4  6  3  2  0                                                                          
    64:  5  4  5  6  6  3  2  0  0                                                                          
    65:  4  6  6  6  3  2  0  0  0                                                                          
    66:  6  6  3  2  2  0  0  0  0                                                                          
    67:  2  2  2  0  0  0  0  0  0                                                                          
    68: ! Planar_Reg 3                                                                                      
    69:  4  9  4  9  4  7  4  6  2                                                                          
    70:  9  4  8  4  8  4 11  6  2                                                                          
    71:  4  8  4  8  4  8  6  3  2                                                                          
    72:  9  4  8  4  8 10  6  2  0                                                                          
    73:  4  8  4  8  4  6  3  2  0                                                                          
    74:  7  4  8 10  6  3  2  0  0                                                                          
    75:  4 11  6  6  3  2  0  0  0                                                                          
    76:  6  6  3  2  2  0  0  0  0                                                                          
    77:  2  2  2  0  0  0  0  0  0                                                                          
    78: ! Boundary conditions (east), (west), (north), (south), (bottom), (top)                             
    79: 1 2 2 1 1 1                                                                                         
    80:                                                                                                     
    81: ! CONTROL CARD                                                                                      
    82: %CROD                                                                                               
    83: 7  228                        ! Number of CR banks and max number of banks                          
    84: 37.7 1.5942237                ! Zero step pos. (cm) and cm/step (total 228 steps)                   
    85: 0.   228.  0.  228.   0.   228.  228.           ! CR Bank pos.                                      
    86:  1  0  2  0  0  0  3  0  0                                                                          
    87:  0  4  0  0  0  6  0  0  0                                                                          
    88:  2  0  5  0  6  0  6  0  0                                                                          
    89:  0  0  0  4  0  0  0  0  0                                                                          
    90:  0  0  6  0  7  0  0  0  0                                                                          
    91:  0  6  0  0  0  0  0  0  0                                                                          
    92:  3  0  6  0  0  0  0  0  0                                                                          
    93:  0  0  0  0  0  0  0  0  0                                                                          
    94:  0  0  0  0  0  0  0  0  0                                                                          
    95: ! CX changes                                                                                        
    96: !  sigtr        siga        nu*sigf      sigf      sigs_g1   sigs_g2                                
    97:  3.73220E-03  2.47770E-03 -1.02786E-04 -1.02786E-04  0.0   -3.19253E-03                             
    98: -2.19926E-02  2.55875E-02 -2.82319E-03 -2.82319E-03  0.0    0.00000E+00  ! COMP 1                   
    99:  3.73220E-03  2.47770E-03 -1.02786E-04 -1.02786E-04  0.0   -3.19253E-03                             
   100: -2.19926E-02  2.55875E-02 -2.82319E-03 -2.82319E-03  0.0    0.00000E+00  ! COMP 2                   
   101:  3.73220E-03  2.47770E-03 -1.02786E-04 -1.02786E-04  0.0   -3.19253E-03                             
   102: -2.19926E-02  2.55875E-02 -2.82319E-03 -2.82319E-03  0.0    0.00000E+00  ! COMP 3                   
   103:  3.73220E-03  2.47770E-03 -1.02786E-04 -1.02786E-04  0.0   -3.19253E-03                             
   104: -2.19926E-02  2.55875E-02 -2.82319E-03 -2.82319E-03  0.0    0.00000E+00  ! COMP 4                   
   105:  3.73220E-03  2.47770E-03 -1.02786E-04 -1.02786E-04  0.0   -3.19253E-03                             
   106: -2.19926E-02  2.55875E-02 -2.82319E-03 -2.82319E-03  0.0    0.00000E+00  ! COMP 5                   
   107:  3.74092E-03  2.42926E-03 -1.22634E-04 -1.22634E-04  0.0   -3.14239E-03                             
   108: -1.67503E-02  2.56478E-02 -3.28086E-03 -3.28086E-03  0.0    0.00000E+00  ! COMP 6                   
   109:  3.73220E-03  2.47770E-03 -1.02786E-04 -1.02786E-04  0.0   -3.19253E-03                             
   110: -2.19926E-02  2.55875E-02 -2.82319E-03 -2.82319E-03  0.0    0.00000E+00  ! COMP 7                   
   111:  3.73220E-03  2.47770E-03 -1.02786E-04 -1.02786E-04  0.0   -3.19253E-03                             
   112: -2.19926E-02  2.55875E-02 -2.82319E-03 -2.82319E-03  0.0    0.00000E+00  ! COMP 8                   
   113:  3.73220E-03  2.47770E-03 -1.02786E-04 -1.02786E-04  0.0   -3.19253E-03                             
   114: -2.19926E-02  2.55875E-02 -2.82319E-03 -2.82319E-03  0.0    0.00000E+00  ! COMP 9                   
   115:  3.73220E-03  2.47770E-03 -1.02786E-04 -1.02786E-04  0.0   -3.19253E-03                             
   116: -2.19926E-02  2.55875E-02 -2.82319E-03 -2.82319E-03  0.0    0.00000E+00  ! COMP 10                  
   117:  3.73220E-03  2.47770E-03 -1.02786E-04 -1.02786E-04  0.0   -3.19253E-03                             
   118: -2.19926E-02  2.55875E-02 -2.82319E-03 -2.82319E-03  0.0    0.00000E+00  ! COMP 11                  
   119: 1                                                                                                   
   120:                                                                                                     
   121: ! BORON CONCENTRATION                                                                               
   122: %BCON                                                                                               
   123: 1251.8  1200.2  ! BC and BC ref. in ppm                                                             
   124: ! CX change per unit ppm change of Boron concentration                                              
   125: !  sigtr          siga         nu*sigf       sigf      sigs_g1   sigs_g2                            
   126:  6.118330E-08  1.877310E-07  0.000000E+00  0.000000E+00  0.0  7.914570E-10                          
   127:  5.175350E-06  1.026350E-05  0.000000E+00  0.000000E+00  0.0  0.000000E+00  ! COMP 1                
   128:  0.000000E+00  0.000000E+00  0.000000E+00  0.000000E+00  0.0  0.000000E+00                          
   129:  7.761840E-04  8.446950E-05  0.000000E+00  0.000000E+00  0.0  0.000000E+00  ! COMP 2                
   130:  0.000000E+00  0.000000E+00  0.000000E+00  0.000000E+00  0.0  0.000000E+00                          
   131:  7.761840E-04  8.446950E-05  0.000000E+00  0.000000E+00  0.0  0.000000E+00  ! COMP 3                
   132:  3.478090E-08  1.285050E-07 -1.120990E-09 -1.120990E-09  0.0 -1.085900E-07                          
   133: -9.765100E-06  7.088070E-06 -2.430450E-06 -2.430450E-06  0.0  0.000000E+00  ! COMP 4                
   134:  3.538260E-08  1.267090E-07 -1.678800E-09 -1.678800E-09  0.0 -1.069510E-07                          
   135: -8.501690E-06  6.823110E-06 -2.724450E-06 -2.724450E-06  0.0  0.000000E+00  ! COMP 5                
   136:  3.598380E-08  1.249860E-07 -2.210380E-09 -2.210380E-09  0.0 -1.053740E-07                          
   137: -7.462510E-06  6.597980E-06 -2.958830E-06 -2.958830E-06  0.0  0.000000E+00  ! COMP 6                
   138:  3.378060E-08  1.198690E-07 -1.713230E-09 -1.713230E-09  0.0 -1.008730E-07                          
   139: -6.737440E-06  6.293100E-06 -2.553590E-06 -2.553590E-06  0.0  0.000000E+00  ! COMP 7                
   140:  3.324950E-08  1.175850E-07 -1.724210E-09 -1.724210E-09  0.0 -9.885780E-08                          
   141: -6.197250E-06  6.119040E-06 -2.488800E-06 -2.488800E-06  0.0  0.000000E+00  ! COMP 8                
   142:  3.272010E-08  1.153190E-07 -1.735020E-09 -1.735020E-09  0.0 -9.684890E-08                          
   143: -5.682200E-06  5.947110E-06 -2.422400E-06 -2.422400E-06  0.0  0.000000E+00  ! COMP 9                
   144:  3.438590E-08  1.181860E-07 -2.243350E-09 -2.243350E-09  0.0 -9.933120E-08                          
   145: -5.868980E-06  6.084430E-06 -2.776570E-06 -2.776570E-06  0.0  0.000000E+00  ! COMP 10               
   146:  3.385590E-08  1.159170E-07 -2.253690E-09 -2.253690E-09  0.0 -9.732910E-08                          
   147: -5.383450E-06  5.916970E-06 -2.707800E-06 -2.707800E-06  0.0  0.000000E+00  ! COMP 11               
   148: 1                                                                                                   
   149:                                                                                                     
   150: ! FUEL TEMPERATURE CARD                                                                             
   151: %FTEM                                                                                               
   152: 891.19  891.45  ! Average Fuel Temperature and fuel temperature Ref. in Kelvin                      
   153: ! CX change per Fuel Temperature Changes                                                            
   154: !  sigtr          siga         nu*sigf       sigf      sigs_g1   sigs_g2                            
   155:  0.000000E+00  0.000000E+00  0.000000E+00  0.000000E+00	 0.0  0.000000E+00 ! COMP 1                 
   156:  0.000000E+00  0.000000E+00	 0.000000E+00  0.000000E+00	 0.0  0.000000E+00                          
   157:  0.000000E+00  0.000000E+00  0.000000E+00  0.000000E+00	 0.0  0.000000E+00 ! COMP 2                 
   158:  0.000000E+00  0.000000E+00  0.000000E+00  0.000000E+00	 0.0  0.000000E+00                          
   159:  0.000000E+00  0.000000E+00  0.000000E+00  0.000000E+00	 0.0  0.000000E+00 ! COMP 3                 
   160:  0.000000E+00  0.000000E+00  0.000000E+00  0.000000E+00	 0.0  0.000000E+00                          
   161: -3.091970E-05  3.497090E-05  6.401340E-07  6.401340E-07	 0.0 -2.755360E-05 ! COMP 4                 
   162: -1.372920E-04 -3.718060E-05 -5.630370E-05 -5.630370E-05	 0.0  0.000000E+00                          
   163: -3.086070E-05  3.517980E-05  9.974310E-07  9.974310E-07	 0.0 -2.767660E-05 ! COMP 5                 
   164: -1.174810E-04 -3.770390E-05 -6.041550E-05 -6.041550E-05	 0.0  0.000000E+00                          
   165: -3.091650E-05  3.538410E-05  1.418470E-06  1.418470E-06	 0.0 -2.783900E-05 ! COMP 6                 
   166: -1.013370E-04 -3.775580E-05 -6.309600E-05 -6.309600E-05	 0.0  0.000000E+00                          
   167: -3.137460E-05  3.486990E-05  9.454310E-07  9.454310E-07	 0.0 -2.735500E-05 ! COMP 7                 
   168: -1.082710E-04 -3.727480E-05 -5.796620E-05 -5.796620E-05	 0.0  0.000000E+00                          
   169: -3.155030E-05  3.472740E-05  9.260780E-07  9.260780E-07	 0.0 -2.723810E-05 ! COMP 8                 
   170: -1.055210E-04 -3.718080E-05 -5.711080E-05 -5.711080E-05	 0.0  0.000000E+00                          
   171: -3.172810E-05  3.460260E-05  9.058020E-07  9.058020E-07	 0.0 -2.711690E-05 ! COMP 9                 
   172: -1.025250E-04 -3.702010E-05 -5.615430E-05 -5.615430E-05	 0.0  0.000000E+00                          
   173: -3.141920E-05  3.506370E-05  1.356420E-06  1.356420E-06	 0.0 -2.750490E-05 ! COMP 10                
   174: -9.388860E-05 -3.714030E-05 -6.050520E-05 -6.050520E-05	 0.0  0.000000E+00                          
   175: -3.159080E-05  3.491190E-05  1.333360E-06  1.333360E-06	 0.0 -2.738350E-05 ! COMP 11                
   176: -9.171260E-05 -3.699090E-05 -5.962840E-05 -5.962840E-05	 0.0  0.000000E+00                          
   177:                                                                                                     
   178: ! MODERATOR TEMPERATURE CARD                                                                        
   179: %MTEM                                                                                               
   180: 559.19  579.75  ! Average Moderator Temperature and Moderator temperature Ref. Kelvin               
   181: ! CX change per Moderator Temperature Changes                                                       
   182: !  sigtr          siga         nu*sigf       sigf     sigs_g1   sigs_g2                             
   183:  0.00000E+00   0.00000E+00   0.00000E+00   0.00000E+00	0.0	 0.00000E+00	! COMP 1                    
   184:  0.00000E+00   0.00000E+00   0.00000E+00   0.00000E+00	0.0	 0.0                                     
   185:  0.00000E+00   0.00000E+00   0.00000E+00   0.00000E+00	0.0	 0.00000E+00	! COMP 2                    
   186:  0.00000E+00   0.00000E+00   0.00000E+00   0.00000E+00	0.0	 0.0                                     
   187:  0.00000E+00   0.00000E+00   0.00000E+00   0.00000E+00	0.0	 0.00000E+00	! COMP 3                    
   188:  0.00000E+00   0.00000E+00   0.00000E+00   0.00000E+00	0.0	 0.0                                     
   189: -2.033100E-06  2.121910E-07  1.247090E-07  1.247090E-07	0.0	 8.096760E-07	! COMP 4                  
   190: -1.086740E-04 -3.155970E-05 -4.164390E-05 -4.164390E-05	0.0	 0.0                                    
   191: -1.980800E-06  2.260000E-07  1.351450E-07  1.351450E-07	0.0	 8.584740E-07	! COMP 5                  
   192: -9.061500E-05 -3.214350E-05 -4.531020E-05 -4.531020E-05	0.0	 0.0                                    
   193: -1.924340E-06  2.399390E-07  1.490840E-07  1.490840E-07	0.0	 9.034940E-07	! COMP 6                  
   194: -7.627860E-05 -3.237760E-05	-4.784750E-05 -4.784750E-05	0.0	 0.0                                    
   195: -2.696340E-06  2.485300E-07  1.407730E-07  1.407730E-07	0.0	 7.013110E-07	! COMP 7                  
   196: -7.624350E-05 -3.001190E-05	-4.202020E-05 -4.202020E-05	0.0	 0.0                                    
   197: -3.079050E-06  2.618540E-07  1.432350E-07  1.432350E-07	0.0	 6.173800E-07	! COMP 8                  
   198: -7.333970E-05 -2.919290E-05	-4.077010E-05 -4.077010E-05	0.0	 0.0                                    
   199: -3.538770E-06  2.743130E-07  1.460190E-07  1.460190E-07	0.0	 5.165470E-07	! COMP 9                  
   200: -7.137110E-05 -2.830410E-05 -3.943190E-05 -3.943190E-05	0.0	 0.0                                    
   201: -2.639070E-06  2.642890E-07  1.558580E-07  1.558580E-07	0.0	 7.443200E-07	! COMP 10                 
   202: -6.395540E-05 -3.035090E-05 -4.444310E-05 -4.444310E-05	0.0	 0.0                                    
   203: -3.021470E-06  2.790600E-07  1.588140E-07  1.588140E-07	0.0	 6.595210E-07	! COMP 11                 
   204: -6.169840E-05 -2.956260E-05	-4.315880E-05 -4.315880E-05	0.0	 0.0                                    
   205:                                                                                                     
   206: ! COOLANT DENSITY CARD                                                                              
   207: %CDEN                                                                                               
   208: 0.7464  0.7125  ! Average Coolant Density and Coolant Density Ref. in g/cm3                         
   209: ! CX change per Coolant Density Changes                                                             
   210: !  sigtr          siga         nu*sigf       sigf     sigs_g1   sigs_g2                             
   211: 7.457560E-02  2.076880E-04  0.000000E+00  0.000000E+00  0.0  3.713100E-02  ! COMP 1                 
   212: 5.336340E-01  7.584210E-03  0.000000E+00  0.000000E+00  0.0  0.0                                    
   213: 0.000000E+00  0.000000E+00  0.000000E+00  0.000000E+00  0.0  0.000000E+00  ! COMP 2                 
   214: 0.000000E+00  0.000000E+00  0.000000E+00  0.000000E+00  0.0  0.0                                    
   215: 0.000000E+00  0.000000E+00  0.000000E+00  0.000000E+00  0.0  0.000000E+00  ! COMP 3                 
   216: 0.000000E+00  0.000000E+00  0.000000E+00  0.000000E+00  0.0  0.0                                    
   217: 1.356650E-01  1.551850E-03  9.206940E-04  9.206940E-04  0.0  2.931950E-02  ! COMP 4                 
   218: 9.926280E-01  2.526620E-02  2.477460E-02  2.477460E-02  0.0  0.0                                    
   219: 1.357480E-01  1.614910E-03  9.641600E-04  9.641600E-04  0.0  2.926960E-02  ! COMP 5                 
   220: 9.819850E-01  2.866670E-02  3.149930E-02  3.149930E-02  0.0  0.0                                    
   221: 1.358270E-01  1.680150E-03  1.014100E-03  1.014100E-03  0.0  2.921540E-02  ! COMP 6                 
   222: 9.722670E-01  3.195710E-02  3.810970E-02  3.810970E-02  0.0  0.0                                    
   223: 1.310330E-01  1.683970E-03  9.819510E-04  9.819510E-04  0.0  2.824890E-02  ! COMP 7                 
   224: 9.346970E-01  3.142400E-02  3.515880E-02  3.515880E-02  0.0  0.0                                    
   225: 1.293790E-01  1.719720E-03  9.884370E-04  9.884370E-04  0.0  2.788950E-02  ! COMP 8                 
   226: 9.181710E-01  3.247150E-02  3.632510E-02  3.632510E-02  0.0  0.0                                    
   227: 1.276820E-01  1.749890E-03  9.951750E-04  9.951750E-04  0.0  2.752020E-02  ! COMP 9                 
   228: 9.012930E-01  3.359450E-02  3.744990E-02  3.744990E-02  0.0  0.0                                    
   229: 1.311160E-01  1.755280E-03  1.035220E-03  1.035220E-03  0.0  2.818770E-02  ! COMP 10                
   230: 9.249250E-01  3.498530E-02  4.206930E-02  4.206930E-02  0.0  0.0                                    
   231: 1.294630E-01  1.794990E-03  1.042910E-03  1.042910E-03  0.0  2.782590E-02  ! COMP 11                
   232: 9.084560E-01  3.610320E-02  4.332150E-02  4.332150E-02  0.0  0.0                                    
   233:                                                                                                     
   234: ! THERMAL-HYDRAULIC CARD                                                                            
   235: %THER                                                                                               
   236: 0.0001                                 ! Percent power in %                                         
   237: 693.75e6                               ! Reactor thermal power for quarter geometry in Watt         
   238: 559.15  82.12102                       ! Inlet coolant temp. (Kelvin) and Fuel Assembly Mass flow ra
   239: 4.11950E-03  6.8E-05  5.71E-04  1.2655E-2 ! Fuel meat rad., gap thinkness, cladding thinkness and pi
   240: 264  25                                ! Number of fuel pin and guide tubes                         
   241: 0.019                                  ! FRACTION OF HEAT DEPOSITED IN COOLANT                      
   242: 1                                                                                                   
   243:                                                                                                     
   244: %EJCT                                                                                               
   245: ! Final Bank Pos (steps)     Starts Move (seconds)     Speed (steps/seconds)                        
   246:      0.                     0.0                     0.0    ! Bank 1                                 
   247:      228.                   0.0                     0.0    ! Bank 2                                 
   248:      228.                   0.0                     2280.0       ! Bank 3                           
   249:      228.                   0.0                     0.0       ! Bank 4                              
   250:      0.                     0.0                     0.0       ! Bank 5                              
   251:      228.                   0.0                     0.0       ! Bank 6                              
   252:      228.                   0.0                     0.0       ! Bank 7                              
   253: 5.  0.005  1.0  0.05            ! (seconds) total time, 1st time step, when to start 2nd time step, 
   254: 0.0002584 0.00152 0.0013908 0.0030704 0.001102 0.0002584 !beta                                      
   255: 0.0128  0.0318  0.119   0.3181  1.4027  3.9286           !decay constants                           
   256: 2.8E7    4.4E5     ! Neutron velocity                                                               
   257: 1                                                                                                   
  ========================================INPUT DATA   ENDS HERE=====================================



                                             START READING INPUT
  ***************************************************************************************************
  CALCULATION MODE :                 ROD EJECTION CALCULATION

  CASE ID :   NEACRP Problem                                                                                    
   10.803 CM NODE SIZE                                                                               


            >>>> READING MACROSCOPIC CROSS SECTIONS <<<<
            --------------------------------------------

     MATERIAL  1
    GROUP   TRANSPORT    DIFFUSION  ABSORPTION    REMOVAL      NU*FISS      FISSION    FISS. SPCTR
       1     0.053206    6.264981    0.000373    0.026829     0.000000     0.000000     1.000000
       2     0.386406    0.862651    0.017722    0.017722     0.000000     0.000000     0.000000
   --SCATTERING MATRIX--
     G/G'          1          2
      1        0.000000    0.026455
      2        0.000000    0.000000

     MATERIAL  2
    GROUP   TRANSPORT    DIFFUSION  ABSORPTION    REMOVAL      NU*FISS      FISSION    FISS. SPCTR
       1     0.295609    1.127616    0.001188    0.024349     0.000000     0.000000     1.000000
       2     2.459310    0.135539    0.252618    0.252618     0.000000     0.000000     0.000000
   --SCATTERING MATRIX--
     G/G'          1          2
      1        0.000000    0.023161
      2        0.000000    0.000000

     MATERIAL  3
    GROUP   TRANSPORT    DIFFUSION  ABSORPTION    REMOVAL      NU*FISS      FISSION    FISS. SPCTR
       1     0.295609    1.127616    0.001188    0.021269     0.000000     0.000000     1.000000
       2     2.459310    0.135539    0.252618    0.252618     0.000000     0.000000     0.000000
   --SCATTERING MATRIX--
     G/G'          1          2
      1        0.000000    0.020081
      2        0.000000    0.000000

     MATERIAL  4
    GROUP   TRANSPORT    DIFFUSION  ABSORPTION    REMOVAL      NU*FISS      FISSION    FISS. SPCTR
       1     0.222117    1.500710    0.008718    0.026968     0.004983     0.004983     1.000000
       2     0.803140    0.415038    0.065255    0.065255     0.083903     0.083903     0.000000
   --SCATTERING MATRIX--
     G/G'          1          2
      1        0.000000    0.018250
      2        0.000000    0.000000

     MATERIAL  5
    GROUP   TRANSPORT    DIFFUSION  ABSORPTION    REMOVAL      NU*FISS      FISSION    FISS. SPCTR
       1     0.221914    1.502083    0.009061    0.027065     0.005577     0.005577     1.000000
       2     0.795538    0.419004    0.072335    0.072335     0.099863     0.099863     0.000000
   --SCATTERING MATRIX--
     G/G'          1          2
      1        0.000000    0.018004
      2        0.000000    0.000000

     MATERIAL  6
    GROUP   TRANSPORT    DIFFUSION  ABSORPTION    REMOVAL      NU*FISS      FISSION    FISS. SPCTR
       1     0.221715    1.503432    0.009385    0.027152     0.006150     0.006150     1.000000
       2     0.789253    0.422340    0.078920    0.078920     0.114667     0.114667     0.000000
   --SCATTERING MATRIX--
     G/G'          1          2
      1        0.000000    0.017767
      2        0.000000    0.000000

     MATERIAL  7
    GROUP   TRANSPORT    DIFFUSION  ABSORPTION    REMOVAL      NU*FISS      FISSION    FISS. SPCTR
       1     0.222039    1.501238    0.009317    0.026455     0.005550     0.005550     1.000000
       2     0.776230    0.429426    0.079633    0.079633     0.098558     0.098558     0.000000
   --SCATTERING MATRIX--
     G/G'          1          2
      1        0.000000    0.017138
      2        0.000000    0.000000

     MATERIAL  8
    GROUP   TRANSPORT    DIFFUSION  ABSORPTION    REMOVAL      NU*FISS      FISSION    FISS. SPCTR
       1     0.222083    1.500940    0.009400    0.026250     0.005541     0.005541     1.000000
       2     0.769969    0.432918    0.082109    0.082109     0.098006     0.098006     0.000000
   --SCATTERING MATRIX--
     G/G'          1          2
      1        0.000000    0.016850
      2        0.000000    0.000000

     MATERIAL  9
    GROUP   TRANSPORT    DIFFUSION  ABSORPTION    REMOVAL      NU*FISS      FISSION    FISS. SPCTR
       1     0.222127    1.500643    0.009483    0.026045     0.005531     0.005531     1.000000
       2     0.763813    0.436407    0.084591    0.084591     0.097411     0.097411     0.000000
   --SCATTERING MATRIX--
     G/G'          1          2
      1        0.000000    0.016563
      2        0.000000    0.000000

     MATERIAL 10
    GROUP   TRANSPORT    DIFFUSION  ABSORPTION    REMOVAL      NU*FISS      FISSION    FISS. SPCTR
       1     0.221836    1.502612    0.009637    0.026542     0.006124     0.006124     1.000000
       2     0.770705    0.432504    0.086119    0.086119     0.113241     0.113241     0.000000
   --SCATTERING MATRIX--
     G/G'          1          2
      1        0.000000    0.016904
      2        0.000000    0.000000

     MATERIAL 11
    GROUP   TRANSPORT    DIFFUSION  ABSORPTION    REMOVAL      NU*FISS      FISSION    FISS. SPCTR
       1     0.221878    1.502327    0.009719    0.026337     0.006114     0.006114     1.000000
       2     0.764704    0.435899    0.088549    0.088549     0.112635     0.112635     0.000000
   --SCATTERING MATRIX--
     G/G'          1          2
      1        0.000000    0.016617
      2        0.000000    0.000000

  ...Macroscopic CX Card is sucessfully read...


            >>>>>READING CORE GEOMETRY<<<<<
            -------------------------------
  Number of assembly in x, y and z directions respectively :
           9           9          18
  Number of nodes in x, y and z directions respectively :
          17          17          18

  x-directed nodes divison (delta-x)
    10.80  10.80  10.80  10.80  10.80  10.80  10.80  10.80  10.80  10.80
    10.80  10.80  10.80  10.80  10.80  10.80  10.80
  y-directed nodes divison (delta-y)
    10.80  10.80  10.80  10.80  10.80  10.80  10.80  10.80  10.80  10.80
    10.80  10.80  10.80  10.80  10.80  10.80  10.80

  Planar Region :  1
        1  2  3  4  5  6  7  8  9 10 11 12 13 14 15 16 17
    17  1  1  1  1  1  1  1  1  1  1  1  1  1  1  1  2  2 
    16  1  1  1  1  1  1  1  1  1  1  1  1  1  1  1  2  2 
    15  1  1  1  1  1  1  1  1  1  1  1  1  1  1  1  2  2 
    14  1  1  1  1  1  1  1  1  1  1  1  1  1  3  3  2  2 
    13  1  1  1  1  1  1  1  1  1  1  1  1  1  3  3  2  2 
    12  1  1  1  1  1  1  1  1  1  1  1  1  1  2  2       
    11  1  1  1  1  1  1  1  1  1  1  1  1  1  2  2       
    10  1  1  1  1  1  1  1  1  1  1  1  3  3  2  2       
     9  1  1  1  1  1  1  1  1  1  1  1  3  3  2  2       
     8  1  1  1  1  1  1  1  1  1  3  3  2  2             
     7  1  1  1  1  1  1  1  1  1  3  3  2  2             
     6  1  1  1  1  1  1  1  3  3  2  2                   
     5  1  1  1  1  1  1  1  3  3  2  2                   
     4  1  1  1  3  3  2  2  2  2                         
     3  1  1  1  3  3  2  2  2  2                         
     2  2  2  2  2  2                                     
     1  2  2  2  2  2                                     
  Planar Region :  2
        1  2  3  4  5  6  7  8  9 10 11 12 13 14 15 16 17
    17  4  5  5  4  4  5  5  4  4  5  5  4  4  6  6  2  2 
    16  5  4  4  5  5  4  4  5  5  4  4  6  6  6  6  2  2 
    15  5  4  4  5  5  4  4  5  5  4  4  6  6  6  6  2  2 
    14  4  5  5  4  4  5  5  4  4  5  5  6  6  3  3  2  2 
    13  4  5  5  4  4  5  5  4  4  5  5  6  6  3  3  2  2 
    12  5  4  4  5  5  4  4  5  5  6  6  6  6  2  2       
    11  5  4  4  5  5  4  4  5  5  6  6  6  6  2  2       
    10  4  5  5  4  4  5  5  4  4  6  6  3  3  2  2       
     9  4  5  5  4  4  5  5  4  4  6  6  3  3  2  2       
     8  5  4  4  5  5  6  6  6  6  3  3  2  2             
     7  5  4  4  5  5  6  6  6  6  3  3  2  2             
     6  4  6  6  6  6  6  6  3  3  2  2                   
     5  4  6  6  6  6  6  6  3  3  2  2                   
     4  6  6  6  3  3  2  2  2  2                         
     3  6  6  6  3  3  2  2  2  2                         
     2  2  2  2  2  2                                     
     1  2  2  2  2  2                                     
  Planar Region :  3
        1  2  3  4  5  6  7  8  9 10 11 12 13 14 15 16 17
    17  4  9  9  4  4  9  9  4  4  7  7  4  4  6  6  2  2 
    16  9  4  4  8  8  4  4  8  8  4  4  11 11 6  6  2  2 
    15  9  4  4  8  8  4  4  8  8  4  4  11 11 6  6  2  2 
    14  4  8  8  4  4  8  8  4  4  8  8  6  6  3  3  2  2 
    13  4  8  8  4  4  8  8  4  4  8  8  6  6  3  3  2  2 
    12  9  4  4  8  8  4  4  8  8  10 10 6  6  2  2       
    11  9  4  4  8  8  4  4  8  8  10 10 6  6  2  2       
    10  4  8  8  4  4  8  8  4  4  6  6  3  3  2  2       
     9  4  8  8  4  4  8  8  4  4  6  6  3  3  2  2       
     8  7  4  4  8  8  10 10 6  6  3  3  2  2             
     7  7  4  4  8  8  10 10 6  6  3  3  2  2             
     6  4  11 11 6  6  6  6  3  3  2  2                   
     5  4  11 11 6  6  6  6  3  3  2  2                   
     4  6  6  6  3  3  2  2  2  2                         
     3  6  6  6  3  3  2  2  2  2                         
     2  2  2  2  2  2                                     
     1  2  2  2  2  2                                     

  Planar Region Assignment to planes.
 --------------------------------------
   Plane Number     Planar Region    delta-z
       18 (TOP)            1          30.00
       17                  3           8.00
       16                  3          12.80
       15                  3          12.80
       14                  3          30.00
       13                  3          30.00
       12                  3          30.00
       11                  3          30.00
       10                  3          30.00
        9                  3          30.00
        8                  3          30.00
        7                  3          30.00
        6                  3          30.00
        5                  3          30.00
        4                  3          15.00
        3                  3          11.00
        2                  2           7.70
        1 (BOTTOM)         1          30.00

   Boundary conditions
  X-directed West   : REFLECTIVE
  X-directed East   : ZERO INCOMING CURRENT
  Y-directed North  : REFLECTIVE
  Y-directed South  : ZERO INCOMING CURRENT
  Z-directed Bottom : ZERO INCOMING CURRENT
  Z-directed Top    : ZERO INCOMING CURRENT

  ...Core geometry is sucessfully read...


            >>>>       READING BORON CONCENTRATION        <<<<
            --------------------------------------------------
  BORON CONCENTRATION SET       : 1251.80
  BORON CONCENTRATION REFERENCE : 1200.20

  MATERIAL CX CHANGES PER PPM BORON CHANGES : 
    MATERIAL  1
     GROUP   TRANSPORT   ABSORPTION   NU*FISS       FISSION
       1     0.000000    0.000000   0.00000E+00   0.00000E+00
       2     0.000005    0.000010   0.00000E+00   0.00000E+00
   --SCATTERING MATRIX--
     G/G'          1          2
      1      0.00000E+00  0.79146E-09
      2      0.00000E+00  0.00000E+00
    MATERIAL  2
     GROUP   TRANSPORT   ABSORPTION   NU*FISS       FISSION
       1     0.000000    0.000000   0.00000E+00   0.00000E+00
       2     0.000776    0.000084   0.00000E+00   0.00000E+00
   --SCATTERING MATRIX--
     G/G'          1          2
      1      0.00000E+00  0.00000E+00
      2      0.00000E+00  0.00000E+00
    MATERIAL  3
     GROUP   TRANSPORT   ABSORPTION   NU*FISS       FISSION
       1     0.000000    0.000000   0.00000E+00   0.00000E+00
       2     0.000776    0.000084   0.00000E+00   0.00000E+00
   --SCATTERING MATRIX--
     G/G'          1          2
      1      0.00000E+00  0.00000E+00
      2      0.00000E+00  0.00000E+00
    MATERIAL  4
     GROUP   TRANSPORT   ABSORPTION   NU*FISS       FISSION
       1     0.000000    0.000000  -0.11210E-08  -0.11210E-08
       2    -0.000010    0.000007  -0.24304E-05  -0.24304E-05
   --SCATTERING MATRIX--
     G/G'          1          2
      1      0.00000E+00 -0.10859E-06
      2      0.00000E+00  0.00000E+00
    MATERIAL  5
     GROUP   TRANSPORT   ABSORPTION   NU*FISS       FISSION
       1     0.000000    0.000000  -0.16788E-08  -0.16788E-08
       2    -0.000009    0.000007  -0.27245E-05  -0.27245E-05
   --SCATTERING MATRIX--
     G/G'          1          2
      1      0.00000E+00 -0.10695E-06
      2      0.00000E+00  0.00000E+00
    MATERIAL  6
     GROUP   TRANSPORT   ABSORPTION   NU*FISS       FISSION
       1     0.000000    0.000000  -0.22104E-08  -0.22104E-08
       2    -0.000007    0.000007  -0.29588E-05  -0.29588E-05
   --SCATTERING MATRIX--
     G/G'          1          2
      1      0.00000E+00 -0.10537E-06
      2      0.00000E+00  0.00000E+00
    MATERIAL  7
     GROUP   TRANSPORT   ABSORPTION   NU*FISS       FISSION
       1     0.000000    0.000000  -0.17132E-08  -0.17132E-08
       2    -0.000007    0.000006  -0.25536E-05  -0.25536E-05
   --SCATTERING MATRIX--
     G/G'          1          2
      1      0.00000E+00 -0.10087E-06
      2      0.00000E+00  0.00000E+00
    MATERIAL  8
     GROUP   TRANSPORT   ABSORPTION   NU*FISS       FISSION
       1     0.000000    0.000000  -0.17242E-08  -0.17242E-08
       2    -0.000006    0.000006  -0.24888E-05  -0.24888E-05
   --SCATTERING MATRIX--
     G/G'          1          2
      1      0.00000E+00 -0.98858E-07
      2      0.00000E+00  0.00000E+00
    MATERIAL  9
     GROUP   TRANSPORT   ABSORPTION   NU*FISS       FISSION
       1     0.000000    0.000000  -0.17350E-08  -0.17350E-08
       2    -0.000006    0.000006  -0.24224E-05  -0.24224E-05
   --SCATTERING MATRIX--
     G/G'          1          2
      1      0.00000E+00 -0.96849E-07
      2      0.00000E+00  0.00000E+00
    MATERIAL 10
     GROUP   TRANSPORT   ABSORPTION   NU*FISS       FISSION
       1     0.000000    0.000000  -0.22433E-08  -0.22433E-08
       2    -0.000006    0.000006  -0.27766E-05  -0.27766E-05
   --SCATTERING MATRIX--
     G/G'          1          2
      1      0.00000E+00 -0.99331E-07
      2      0.00000E+00  0.00000E+00
    MATERIAL 11
     GROUP   TRANSPORT   ABSORPTION   NU*FISS       FISSION
       1     0.000000    0.000000  -0.22537E-08  -0.22537E-08
       2    -0.000005    0.000006  -0.27078E-05  -0.27078E-05
   --SCATTERING MATRIX--
     G/G'          1          2
      1      0.00000E+00 -0.97329E-07
      2      0.00000E+00  0.00000E+00

  ...Boron Concentration card is sucessfully read...


            >>>>      READING FUEL TEMPERATURE      <<<<
            --------------------------------------------

  ...Fuel Temperature is card sucessfully read...


            >>>>   READING MODERATOR TEMPERATURE    <<<<
            --------------------------------------------

  ...Moderator Temperature Card is sucessfully read...


            >>>>       READING COOLANT DENSITY      <<<<
            --------------------------------------------

  ...Coolant Density Card is sucessfully read...


            >>>> READING CONTROL RODS INSERTION <<<<
            --------------------------------------------
  NUMBER OF CONTROL ROD BANK  :  7
  MAX. NUMBER OF STEPS  : 228
  FULLY INSERTED POSITION (cm): 37.7 (FROM BOTTOM OF THE CORE)
  STEP SIZE (cm)              :   1.5942
  INITIAL CONTROL ROD BANK POSITION (STEPS) : 
  (0 means fully inserted) 
    Bank  1  Bank  2  Bank  3  Bank  4  Bank  5  Bank  6  Bank  7
      0.0    228.0      0.0    228.0      0.0    228.0    228.0

  CONTROL ROD BANK MAP : 
  1  0  2  0  0  0  3  0  0
  0  4  0  0  0  6  0  0  0
  2  0  5  0  6  0  6  0  0
  0  0  0  4  0  0  0  0  0
  0  0  6  0  7  0  0  0  0
  0  6  0  0  0  0  0  0  0
  3  0  6  0  0  0  0  0  0
  0  0  0  0  0  0  0  0  0
  0  0  0  0  0  0  0  0  0

  MATERIAL CX INCREMENT OR DECREMENT DUE TO CR INSERTION : 
    MATERIAL  1
    GROUP   TRANSPORT  ABSORPTION      NU*FISS      FISSION
       1     0.003732    0.002478    -0.000103    -0.000103
       2    -0.021993    0.025587    -0.002823    -0.002823
   --SCATTERING MATRIX--
     G/G'        1        2
      1      0.000000 -0.003193
      2      0.000000  0.000000
    MATERIAL  2
    GROUP   TRANSPORT  ABSORPTION      NU*FISS      FISSION
       1     0.003732    0.002478    -0.000103    -0.000103
       2    -0.021993    0.025587    -0.002823    -0.002823
   --SCATTERING MATRIX--
     G/G'        1        2
      1      0.000000 -0.003193
      2      0.000000  0.000000
    MATERIAL  3
    GROUP   TRANSPORT  ABSORPTION      NU*FISS      FISSION
       1     0.003732    0.002478    -0.000103    -0.000103
       2    -0.021993    0.025587    -0.002823    -0.002823
   --SCATTERING MATRIX--
     G/G'        1        2
      1      0.000000 -0.003193
      2      0.000000  0.000000
    MATERIAL  4
    GROUP   TRANSPORT  ABSORPTION      NU*FISS      FISSION
       1     0.003732    0.002478    -0.000103    -0.000103
       2    -0.021993    0.025587    -0.002823    -0.002823
   --SCATTERING MATRIX--
     G/G'        1        2
      1      0.000000 -0.003193
      2      0.000000  0.000000
    MATERIAL  5
    GROUP   TRANSPORT  ABSORPTION      NU*FISS      FISSION
       1     0.003732    0.002478    -0.000103    -0.000103
       2    -0.021993    0.025587    -0.002823    -0.002823
   --SCATTERING MATRIX--
     G/G'        1        2
      1      0.000000 -0.003193
      2      0.000000  0.000000
    MATERIAL  6
    GROUP   TRANSPORT  ABSORPTION      NU*FISS      FISSION
       1     0.003741    0.002429    -0.000123    -0.000123
       2    -0.016750    0.025648    -0.003281    -0.003281
   --SCATTERING MATRIX--
     G/G'        1        2
      1      0.000000 -0.003142
      2      0.000000  0.000000
    MATERIAL  7
    GROUP   TRANSPORT  ABSORPTION      NU*FISS      FISSION
       1     0.003732    0.002478    -0.000103    -0.000103
       2    -0.021993    0.025587    -0.002823    -0.002823
   --SCATTERING MATRIX--
     G/G'        1        2
      1      0.000000 -0.003193
      2      0.000000  0.000000
    MATERIAL  8
    GROUP   TRANSPORT  ABSORPTION      NU*FISS      FISSION
       1     0.003732    0.002478    -0.000103    -0.000103
       2    -0.021993    0.025587    -0.002823    -0.002823
   --SCATTERING MATRIX--
     G/G'        1        2
      1      0.000000 -0.003193
      2      0.000000  0.000000
    MATERIAL  9
    GROUP   TRANSPORT  ABSORPTION      NU*FISS      FISSION
       1     0.003732    0.002478    -0.000103    -0.000103
       2    -0.021993    0.025587    -0.002823    -0.002823
   --SCATTERING MATRIX--
     G/G'        1        2
      1      0.000000 -0.003193
      2      0.000000  0.000000
    MATERIAL 10
    GROUP   TRANSPORT  ABSORPTION      NU*FISS      FISSION
       1     0.003732    0.002478    -0.000103    -0.000103
       2    -0.021993    0.025587    -0.002823    -0.002823
   --SCATTERING MATRIX--
     G/G'        1        2
      1      0.000000 -0.003193
      2      0.000000  0.000000
    MATERIAL 11
    GROUP   TRANSPORT  ABSORPTION      NU*FISS      FISSION
       1     0.003732    0.002478    -0.000103    -0.000103
       2    -0.021993    0.025587    -0.002823    -0.002823
   --SCATTERING MATRIX--
     G/G'        1        2
      1      0.000000 -0.003193
      2      0.000000  0.000000

  ...Control Rods Insertion card is sucessfully read...


            >>>>     READING ROD EJECTION DATA      <<<<
            --------------------------------------------
                           Bank  1  Bank  2  Bank  3  Bank  4  Bank  5  Bank  6  Bank  7
  FINAL BANK POS. (STEP)      0.0    228.0    228.0    228.0      0.0    228.0    228.0
  STARTS MOVE (SECOND)        0.0      0.0      0.0      0.0      0.0      0.0      0.0
  SPEED (STEP/SECOND)         0.0      0.0   2280.0      0.0      0.0      0.0      0.0

  TIME PARAMETERS IN SECONDS : 
    TOTAL SIMULATION TIME         :   5.00
    FIRST TIME STEP               : 0.0050
    SECOND TIME STEP              : 0.0500
    WHEN SECOND TIME STEP APPLY?  :   1.00

  DELAYED NEUTRON FRACTION : 
    0.00026    0.00152    0.00139    0.00307    0.00110    0.00026

  PRECUSOR DECAY CONSTANT (1/s): 
    0.01280    0.03180    0.11900    0.31810    1.40270    3.92860

  NEUTRON VELOCITY (cm/s) : 
    2.80000E+07    4.40000E+05

  ...Rod Ejection Card is sucessfully read...


            >>>>   READING THERMAL-HYDRAULIC DATA   <<<<
            --------------------------------------------
  REACTOR PERCENT POWER (%)                :      0.00010
  REACTOR POWER (Watt)                     :   6.9375E+08
  COOLANT INLET TEMPERATURE (Kelvin)       :   5.5915E+02
  FUEL ASSEMBLY MASS FLOW RATE (Kg/s)      :   8.2121E+01
  FUEL MEAT RADIUS (m)                     :   4.1195E-03
  GAP THICKNESS (m)                        :   6.8000E-05
  CLAD THICKNESS (m)                       :   5.7100E-04
  PIN PITCH(m)                             :   1.2655E-02
  FRACTION OF HEAT DEPOSITED IN COOL.      :   1.9000E-02

  ...Thermal-hydraulic Card is sucessfully read...


  **********************************  STOP READING INPUT  *******************************************

  TRANSIENT RESULTS :

  Step  Time(s)  React.($)   Rel. Power   Avg. Tm   Max. Tm   Avg. Tf   Max. Tf
 --------------------------------------------------------------------------------
   0     0.000    0.0000     1.0000E-06    286.00    286.00    286.00    286.00
   1     0.005    0.0031     1.0025E-06    286.00    286.00    286.00    286.00
   2     0.010    0.0120     1.0107E-06    286.00    286.00    286.00    286.00
   3     0.015    0.0324     1.0300E-06    286.00    286.00    286.00    286.00
   4     0.020    0.0636     1.0619E-06    286.00    286.00    286.00    286.00
   5     0.025    0.1224     1.1195E-06    286.00    286.00    286.00    286.00
   6     0.030    0.1938     1.2024E-06    286.00    286.00    286.00    286.00
   7     0.035    0.2853     1.3230E-06    286.00    286.00    286.00    286.00
   8     0.040    0.4106     1.5171E-06    286.00    286.00    286.00    286.00
   9     0.045    0.5008     1.7430E-06    286.00    286.00    286.00    286.00
  10     0.050    0.6210     2.0765E-06    286.00    286.00    286.00    286.00
  11     0.055    0.7140     2.5059E-06    286.00    286.00    286.00    286.00
  12     0.060    0.7989     3.0744E-06    286.00    286.00    286.00    286.00
  13     0.065    0.8915     3.9064E-06    286.00    286.00    286.00    286.00
  14     0.070    0.9352     4.9071E-06    286.00    286.00    286.00    286.00
  15     0.075    0.9912     6.2861E-06    286.00    286.00    286.00    286.00
  16     0.080    1.0277     8.0709E-06    286.00    286.00    286.00    286.00
  17     0.085    1.0545     1.0376E-05    286.00    286.00    286.00    286.00
  18     0.090    1.0784     1.3406E-05    286.00    286.00    286.00    286.00
  19     0.095    1.0871     1.7077E-05    286.00    286.00    286.00    286.00
  20     0.100    1.0881     2.1404E-05    286.00    286.00    286.00    286.00
  21     0.105    1.0913     2.6540E-05    286.00    286.00    286.00    286.00
  22     0.110    1.0892     3.2485E-05    286.00    286.00    286.00    286.00
  23     0.115    1.0901     3.9517E-05    286.00    286.00    286.00    286.00
  24     0.120    1.0902     4.7788E-05    286.00    286.00    286.00    286.00
  25     0.125    1.0930     5.7590E-05    286.00    286.00    286.00    286.00
  26     0.130    1.0903     6.9088E-05    286.00    286.00    286.00    286.00
  27     0.135    1.0917     8.2785E-05    286.00    286.00    286.00    286.00
  28     0.140    1.0914     9.8802E-05    286.00    286.00    286.00    286.00
  29     0.145    1.0916     1.1778E-04    286.00    286.00    286.00    286.00
  30     0.150    1.0902     1.3997E-04    286.00    286.00    286.00    286.00
  31     0.155    1.0915     1.6629E-04    286.00    286.00    286.00    286.00
  32     0.160    1.0915     1.9732E-04    286.00    286.00    286.00    286.00
  33     0.165    1.0913     2.3356E-04    286.00    286.00    286.00    286.00
  34     0.170    1.0907     2.7612E-04    286.00    286.00    286.00    286.00
  35     0.175    1.0907     3.2640E-04    286.00    286.00    286.00    286.00
  36     0.180    1.0918     3.8648E-04    286.00    286.00    286.00    286.00
  37     0.185    1.0927     4.5782E-04    286.00    286.00    286.00    286.00
  38     0.190    1.0915     5.4139E-04    286.00    286.00    286.00    286.01
  39     0.195    1.0908     6.4014E-04    286.00    286.00    286.00    286.01
  40     0.200    1.0912     7.5534E-04    286.00    286.00    286.00    286.01
  41     0.205    1.0918     8.9198E-04    286.00    286.00    286.00    286.01
  42     0.210    1.0918     1.0532E-03    286.00    286.00    286.00    286.01
  43     0.215    1.0911     1.2452E-03    286.00    286.00    286.00    286.01
  44     0.220    1.0913     1.4686E-03    286.00    286.00    286.00    286.01
  45     0.225    1.0920     1.7350E-03    286.00    286.00    286.01    286.02
  46     0.230    1.0911     2.0456E-03    286.00    286.00    286.01    286.02
  47     0.235    1.0919     2.4107E-03    286.00    286.00    286.01    286.02
  48     0.240    1.0911     2.8399E-03    286.00    286.00    286.01    286.02
  49     0.245    1.0914     3.3432E-03    286.00    286.00    286.01    286.03
  50     0.250    1.0920     3.9484E-03    286.00    286.00    286.01    286.03
  51     0.255    1.0915     4.6681E-03    286.00    286.00    286.02    286.04
  52     0.260    1.0924     5.5167E-03    286.00    286.00    286.02    286.05
  53     0.265    1.0918     6.5054E-03    286.00    286.00    286.02    286.06
  54     0.270    1.0935     7.6888E-03    286.00    286.00    286.03    286.07
  55     0.275    1.0920     9.0705E-03    286.00    286.00    286.03    286.08
  56     0.280    1.0904     1.0691E-02    286.00    286.00    286.04    286.09
  57     0.285    1.0908     1.2589E-02    286.00    286.00    286.04    286.11
  58     0.290    1.0903     1.4811E-02    286.00    286.00    286.05    286.13
  59     0.295    1.0912     1.7471E-02    286.00    286.00    286.06    286.15
  60     0.300    1.0904     2.0573E-02    286.00    286.00    286.07    286.18
  61     0.305    1.0911     2.4220E-02    286.00    286.00    286.08    286.21
  62     0.310    1.0918     2.8570E-02    286.00    286.00    286.09    286.25
  63     0.315    1.0895     3.3619E-02    286.00    286.00    286.11    286.30
  64     0.320    1.0907     3.9655E-02    286.00    286.00    286.13    286.35
  65     0.325    1.0895     4.6673E-02    286.00    286.01    286.15    286.41
  66     0.330    1.0921     5.4934E-02    286.00    286.01    286.18    286.49
  67     0.335    1.0900     6.4644E-02    286.00    286.01    286.21    286.57
  68     0.340    1.0908     7.6065E-02    286.00    286.01    286.25    286.68
  69     0.345    1.0902     8.9519E-02    286.00    286.01    286.30    286.80
  70     0.350    1.0893     1.0539E-01    286.00    286.01    286.35    286.94
  71     0.355    1.0900     1.2403E-01    286.00    286.01    286.41    287.10
  72     0.360    1.0894     1.4599E-01    286.00    286.02    286.49    287.30
  73     0.365    1.0879     1.7160E-01    286.01    286.02    286.57    287.53
  74     0.370    1.0866     2.0084E-01    286.01    286.02    286.67    287.80
  75     0.375    1.0869     2.3532E-01    286.01    286.03    286.79    288.11
  76     0.380    1.0847     2.7528E-01    286.01    286.03    286.93    288.48
  77     0.385    1.0843     3.2134E-01    286.01    286.04    287.09    288.91
  78     0.390    1.0830     3.7510E-01    286.01    286.04    287.28    289.42
  79     0.395    1.0841     4.3706E-01    286.01    286.05    287.50    290.00
  80     0.400    1.0827     5.0839E-01    286.02    286.06    287.75    290.68
  81     0.405    1.0783     5.8982E-01    286.02    286.07    288.04    291.47
  82     0.410    1.0758     6.8069E-01    286.02    286.08    288.38    292.38
  83     0.415    1.0742     7.8253E-01    286.03    286.10    288.77    293.43
  84     0.420    1.0719     8.9602E-01    286.03    286.11    289.22    294.62
  85     0.425    1.0689     1.0239E+00    286.04    286.13    289.72    295.99
  86     0.430    1.0640     1.1595E+00    286.04    286.15    290.29    297.54
  87     0.435    1.0599     1.3103E+00    286.05    286.18    290.94    299.28
  88     0.440    1.0557     1.4698E+00    286.06    286.20    291.66    301.24
  89     0.445    1.0518     1.6343E+00    286.06    286.23    292.46    303.41
  90     0.450    1.0460     1.8053E+00    286.07    286.27    293.34    305.81
  91     0.455    1.0396     1.9770E+00    286.08    286.31    294.30    308.43
  92     0.460    1.0311     2.1415E+00    286.10    286.35    295.33    311.26
  93     0.465    1.0232     2.2948E+00    286.11    286.40    296.42    314.30
  94     0.470    1.0149     2.4327E+00    286.12    286.45    297.58    317.50
  95     0.475    1.0081     2.5580E+00    286.14    286.51    298.78    320.87
  96     0.480    0.9976     2.6518E+00    286.16    286.57    300.02    324.36
  97     0.485    0.9894     2.7210E+00    286.17    286.63    301.27    327.92
  98     0.490    0.9805     2.7577E+00    286.19    286.70    302.52    331.53
  99     0.495    0.9700     2.7593E+00    286.21    286.78    303.76    335.14
 100     0.500    0.9603     2.7297E+00    286.23    286.85    304.97    338.69
 101     0.505    0.9503     2.6720E+00    286.26    286.94    306.12    342.17
 102     0.510    0.9408     2.5901E+00    286.28    287.02    307.23    345.53
 103     0.515    0.9327     2.4934E+00    286.31    287.11    308.27    348.76
 104     0.520    0.9238     2.3857E+00    286.33    287.20    309.24    351.85
 105     0.525    0.9141     2.2634E+00    286.36    287.30    310.14    354.77
 106     0.530    0.9065     2.1355E+00    286.39    287.40    310.97    357.52
 107     0.535    0.8988     2.0096E+00    286.41    287.50    311.73    360.11
 108     0.540    0.8914     1.8890E+00    286.44    287.60    312.42    362.53
 109     0.545    0.8846     1.7727E+00    286.47    287.70    313.06    364.81
 110     0.550    0.8782     1.6619E+00    286.50    287.81    313.63    366.94
 111     0.555    0.8697     1.5599E+00    286.53    287.92    314.16    368.94
 112     0.560    0.8628     1.4666E+00    286.56    288.03    314.64    370.81
 113     0.565    0.8573     1.3824E+00    286.60    288.15    315.09    372.58
 114     0.570    0.8513     1.3054E+00    286.63    288.26    315.49    374.24
 115     0.575    0.8460     1.2365E+00    286.66    288.38    315.87    375.82
 116     0.580    0.8409     1.1748E+00    286.70    288.49    316.21    377.31
 117     0.585    0.8332     1.1195E+00    286.73    288.61    316.54    378.74
 118     0.590    0.8280     1.0702E+00    286.76    288.73    316.84    380.10
 119     0.595    0.8238     1.0259E+00    286.80    288.86    317.13    381.40
 120     0.600    0.8187     9.8637E-01    286.83    288.98    317.40    382.65
 121     0.605    0.8129     9.5055E-01    286.87    289.11    317.66    383.86
 122     0.610    0.8066     9.1793E-01    286.90    289.23    317.90    385.02
 123     0.615    0.8008     8.8850E-01    286.94    289.36    318.13    386.15
 124     0.620    0.7968     8.6185E-01    286.97    289.48    318.36    387.24
 125     0.625    0.7910     8.3803E-01    287.01    289.61    318.57    388.30
 126     0.630    0.7860     8.1615E-01    287.04    289.74    318.78    389.33
 127     0.635    0.7821     7.9590E-01    287.08    289.86    318.98    390.33
 128     0.640    0.7761     7.7792E-01    287.11    289.99    319.17    391.31
 129     0.645    0.7713     7.6025E-01    287.15    290.11    319.36    392.27
 130     0.650    0.7671     7.4508E-01    287.18    290.23    319.54    393.21
 131     0.655    0.7616     7.2977E-01    287.22    290.36    319.72    394.13
 132     0.660    0.7564     7.1592E-01    287.25    290.48    319.89    395.03
 133     0.665    0.7534     7.0292E-01    287.29    290.60    320.06    395.92
 134     0.670    0.7484     6.9044E-01    287.32    290.72    320.23    396.78
 135     0.675    0.7443     6.7894E-01    287.36    290.84    320.39    397.64
 136     0.680    0.7394     6.6791E-01    287.39    290.96    320.55    398.47
 137     0.685    0.7355     6.5764E-01    287.42    291.07    320.70    399.30
 138     0.690    0.7308     6.4743E-01    287.46    291.19    320.85    400.11
 139     0.695    0.7271     6.3766E-01    287.49    291.31    321.00    400.91
 140     0.700    0.7225     6.2836E-01    287.53    291.42    321.15    401.70
 141     0.705    0.7186     6.1959E-01    287.56    291.54    321.29    402.47
 142     0.710    0.7149     6.1103E-01    287.59    291.65    321.43    403.24
 143     0.715    0.7109     6.0293E-01    287.63    291.77    321.57    403.99
 144     0.720    0.7064     5.9499E-01    287.66    291.88    321.71    404.74
 145     0.725    0.7014     5.8761E-01    287.69    291.99    321.84    405.47
 146     0.730    0.6981     5.8040E-01    287.72    292.10    321.97    406.20
 147     0.735    0.6949     5.7343E-01    287.76    292.21    322.10    406.91
 148     0.740    0.6909     5.6677E-01    287.79    292.31    322.23    407.62
 149     0.745    0.6876     5.6039E-01    287.82    292.42    322.36    408.32
 150     0.750    0.6835     5.5384E-01    287.85    292.53    322.48    409.01
 151     0.755    0.6814     5.4801E-01    287.88    292.65    322.61    409.69
 152     0.760    0.6765     5.4197E-01    287.91    292.76    322.73    410.37
 153     0.765    0.6730     5.3646E-01    287.94    292.88    322.85    411.03
 154     0.770    0.6701     5.3128E-01    287.97    292.99    322.96    411.69
 155     0.775    0.6690     5.2617E-01    288.00    293.11    323.08    412.35
 156     0.780    0.6640     5.2122E-01    288.03    293.22    323.19    413.00
 157     0.785    0.6609     5.1644E-01    288.06    293.33    323.31    413.64
 158     0.790    0.6577     5.1175E-01    288.09    293.44    323.42    414.27
 159     0.795    0.6555     5.0725E-01    288.12    293.55    323.53    414.90
 160     0.800    0.6515     5.0294E-01    288.15    293.66    323.64    415.53
 161     0.805    0.6490     4.9872E-01    288.18    293.76    323.75    416.14
 162     0.810    0.6462     4.9471E-01    288.21    293.87    323.86    416.76
 163     0.815    0.6443     4.9075E-01    288.23    293.97    323.97    417.36
 164     0.820    0.6402     4.8693E-01    288.26    294.07    324.07    417.97
 165     0.825    0.6363     4.8333E-01    288.29    294.17    324.18    418.56
 166     0.830    0.6358     4.7964E-01    288.32    294.27    324.28    419.16
 167     0.835    0.6322     4.7628E-01    288.34    294.37    324.38    419.74
 168     0.840    0.6304     4.7308E-01    288.37    294.47    324.49    420.33
 169     0.845    0.6271     4.6978E-01    288.40    294.56    324.59    420.91
 170     0.850    0.6250     4.6674E-01    288.42    294.66    324.69    421.48
 171     0.855    0.6228     4.6371E-01    288.45    294.75    324.79    422.05
 172     0.860    0.6201     4.6086E-01    288.47    294.84    324.89    422.62
 173     0.865    0.6182     4.5804E-01    288.50    294.93    324.98    423.18
 174     0.870    0.6157     4.5530E-01    288.52    295.02    325.08    423.74
 175     0.875    0.6133     4.5262E-01    288.55    295.10    325.18    424.30
 176     0.880    0.6105     4.5003E-01    288.57    295.19    325.27    424.85
 177     0.885    0.6089     4.4756E-01    288.59    295.27    325.37    425.39
 178     0.890    0.6073     4.4523E-01    288.62    295.35    325.46    425.94
 179     0.895    0.6050     4.4303E-01    288.64    295.43    325.56    426.48
 180     0.900    0.6037     4.4085E-01    288.66    295.53    325.65    427.02
 181     0.905    0.6022     4.3868E-01    288.69    295.63    325.74    427.55
 182     0.910    0.6000     4.3653E-01    288.71    295.72    325.83    428.09
 183     0.915    0.5970     4.3456E-01    288.73    295.81    325.93    428.61
 184     0.920    0.5968     4.3260E-01    288.75    295.90    326.02    429.14
 185     0.925    0.5946     4.3070E-01    288.77    295.99    326.11    429.66
 186     0.930    0.5925     4.2882E-01    288.79    296.08    326.20    430.18
 187     0.935    0.5910     4.2692E-01    288.81    296.17    326.29    430.70
 188     0.940    0.5902     4.2518E-01    288.83    296.25    326.38    431.22
 189     0.945    0.5882     4.2350E-01    288.85    296.33    326.46    431.73
 190     0.950    0.5870     4.2178E-01    288.87    296.41    326.55    432.24
 191     0.955    0.5843     4.2019E-01    288.89    296.49    326.64    432.74
 192     0.960    0.5840     4.1867E-01    288.91    296.57    326.73    433.25
 193     0.965    0.5813     4.1709E-01    288.93    296.65    326.81    433.75
 194     0.970    0.5800     4.1562E-01    288.95    296.72    326.90    434.25
 195     0.975    0.5788     4.1421E-01    288.97    296.79    326.98    434.74
 196     0.980    0.5779     4.1279E-01    288.99    296.87    327.07    435.24
 197     0.985    0.5753     4.1145E-01    289.00    296.93    327.15    435.73
 198     0.990    0.5760     4.1010E-01    289.02    297.00    327.24    436.22
 199     0.995    0.5740     4.0880E-01    289.04    297.07    327.32    436.71
 200     1.000    0.5723     4.0758E-01    289.05    297.13    327.41    437.19
 201     1.050    0.5708     4.0529E-01    289.19    297.64    328.24    441.93
 202     1.100    0.5596     3.9629E-01    289.30    298.18    329.03    446.46
 203     1.150    0.5516     3.8925E-01    289.39    298.60    329.78    450.82
 204     1.200    0.5445     3.8331E-01    289.47    298.96    330.49    455.01
 205     1.250    0.5379     3.7916E-01    289.53    299.28    331.18    459.04
 206     1.300    0.5315     3.7417E-01    289.58    299.53    331.83    462.92
 207     1.350    0.5262     3.7076E-01    289.62    299.72    332.46    466.65
 208     1.400    0.5206     3.6793E-01    289.65    299.87    333.07    470.25
 209     1.450    0.5156     3.6420E-01    289.68    300.01    333.65    473.71
 210     1.500    0.5110     3.6220E-01    289.70    300.12    334.22    477.04
 211     1.550    0.5066     3.5907E-01    289.73    300.22    334.75    480.25
 212     1.600    0.5016     3.5669E-01    289.75    300.30    335.27    483.34
 213     1.650    0.4979     3.5469E-01    289.77    300.37    335.78    486.31
 214     1.700    0.4923     3.5212E-01    289.79    300.44    336.26    489.17
 215     1.750    0.4895     3.5083E-01    289.81    300.51    336.72    491.94
 216     1.800    0.4846     3.4932E-01    289.83    300.58    337.18    494.61
 217     1.850    0.4801     3.4729E-01    289.85    300.64    337.61    497.18
 218     1.900    0.4771     3.4621E-01    289.87    300.70    338.04    499.67
 219     1.950    0.4718     3.4391E-01    289.89    300.76    338.45    502.06
 220     2.000    0.4693     3.4330E-01    289.90    300.82    338.84    504.37
 221     2.050    0.4627     3.4054E-01    289.92    300.89    339.22    506.60
 222     2.100    0.4613     3.4048E-01    289.94    300.95    339.59    508.75
 223     2.150    0.4578     3.3965E-01    289.96    301.00    339.95    510.85
 224     2.200    0.4540     3.3832E-01    289.97    301.06    340.30    512.87
 225     2.250    0.4512     3.3709E-01    289.99    301.12    340.64    514.82
 226     2.300    0.4473     3.3656E-01    290.01    301.18    340.97    516.72
 227     2.350    0.4442     3.3511E-01    290.02    301.23    341.29    518.55
 228     2.400    0.4422     3.3487E-01    290.04    301.29    341.60    520.33
 229     2.450    0.4391     3.3420E-01    290.06    301.35    341.90    522.05
 230     2.500    0.4352     3.3357E-01    290.07    301.40    342.19    523.73
 231     2.550    0.4318     3.3306E-01    290.09    301.45    342.48    525.36
 232     2.600    0.4296     3.3201E-01    290.10    301.50    342.76    526.93
 233     2.650    0.4273     3.3200E-01    290.12    301.56    343.03    528.47
 234     2.700    0.4245     3.3142E-01    290.13    301.61    343.29    529.96
 235     2.750    0.4214     3.3049E-01    290.15    301.66    343.55    531.41
 236     2.800    0.4197     3.3048E-01    290.16    301.71    343.80    532.82
 237     2.850    0.4162     3.3017E-01    290.17    301.75    344.05    534.20
 238     2.900    0.4140     3.2965E-01    290.19    301.80    344.29    535.54
 239     2.950    0.4121     3.2928E-01    290.20    301.85    344.52    536.84
 240     3.000    0.4103     3.2927E-01    290.21    301.89    344.75    538.12
 241     3.050    0.4067     3.2893E-01    290.23    301.94    344.97    539.36
 242     3.100    0.4042     3.2858E-01    290.24    301.98    345.19    540.57
 243     3.150    0.4019     3.2856E-01    290.25    302.03    345.40    541.76
 244     3.200    0.4001     3.2826E-01    290.26    302.07    345.61    542.91
 245     3.250    0.3979     3.2802E-01    290.28    302.11    345.82    544.04
 246     3.300    0.3964     3.2791E-01    290.29    302.16    346.02    545.14
 247     3.350    0.3938     3.2790E-01    290.30    302.20    346.21    546.22
 248     3.400    0.3913     3.2764E-01    290.31    302.24    346.40    547.27
 249     3.450    0.3891     3.2756E-01    290.32    302.28    346.59    548.30
 250     3.500    0.3869     3.2746E-01    290.33    302.32    346.78    549.31
 251     3.550    0.3859     3.2746E-01    290.35    302.36    346.96    550.30
 252     3.600    0.3837     3.2731E-01    290.36    302.40    347.13    551.27
 253     3.650    0.3825     3.2731E-01    290.37    302.43    347.31    552.21
 254     3.700    0.3801     3.2726E-01    290.38    302.47    347.48    553.14
 255     3.750    0.3783     3.2722E-01    290.39    302.51    347.65    554.05
 256     3.800    0.3767     3.2722E-01    290.40    302.54    347.81    554.94
 257     3.850    0.3748     3.2720E-01    290.41    302.58    347.97    555.82
 258     3.900    0.3732     3.2720E-01    290.42    302.61    348.13    556.68
 259     3.950    0.3714     3.2721E-01    290.43    302.65    348.29    557.52
 260     4.000    0.3691     3.2720E-01    290.44    302.68    348.44    558.35
 261     4.050    0.3671     3.2724E-01    290.45    302.72    348.59    559.16
 262     4.100    0.3658     3.2728E-01    290.46    302.75    348.74    559.95
 263     4.150    0.3633     3.2733E-01    290.47    302.78    348.88    560.74
 264     4.200    0.3620     3.2735E-01    290.48    302.81    349.03    561.51
 265     4.250    0.3603     3.2746E-01    290.48    302.85    349.17    562.26
 266     4.300    0.3587     3.2759E-01    290.49    302.88    349.31    563.01
 267     4.350    0.3567     3.2771E-01    290.50    302.91    349.44    563.74
 268     4.400    0.3557     3.2784E-01    290.51    302.94    349.58    564.46
 269     4.450    0.3537     3.2799E-01    290.52    302.97    349.71    565.18
 270     4.500    0.3527     3.2811E-01    290.53    303.00    349.84    565.88
 271     4.550    0.3516     3.2829E-01    290.54    303.03    349.97    566.57
 272     4.600    0.3498     3.2841E-01    290.54    303.06    350.10    567.25
 273     4.650    0.3486     3.2856E-01    290.55    303.09    350.23    567.92
 274     4.700    0.3475     3.2871E-01    290.56    303.11    350.35    568.58
 275     4.750    0.3458     3.2885E-01    290.57    303.14    350.48    569.23
 276     4.800    0.3439     3.2911E-01    290.58    303.17    350.60    569.88
 277     4.850    0.3427     3.2911E-01    290.58    303.20    350.72    570.51
 278     4.900    0.3425     3.2928E-01    290.59    303.22    350.84    571.14
 279     4.950    0.3399     3.2958E-01    290.60    303.25    350.96    571.75
 280     5.000    0.3383     3.2959E-01    290.61    303.28    351.07    572.36


 Total time :    379.581635      seconds
