                       ###########################################################
                       #                     ADPRES 1.1                          #
                       #        ABU DHABI POLYTECHNIC REACTOR SIMULATOR          #
                       ###########################################################  


  ========================================INPUT DATA STARTS HERE=====================================
     1: ! CALCULATION MODE CARD                                                                             
     2: %MODE                                                                                               
     3: RODEJECT                                                                                            
     4:                                                                                                     
     5: ! CASE CARD                                                                                         
     6: %CASE                                                                                               
     7: NEACRP Problem                                                                                      
     8: 10.803 CM NODE SIZE                                                                                 
     9:                                                                                                     
    10: ! XSEC CARD                                                                                         
    11: %XSEC                                                                                               
    12: 2  11    ! Number of groups and number of materials                                                 
    13: !  sigtr        siga        nu*sigf       sigf      chi sigs_g1 sigs_g2                             
    14: 5.32058E-02  3.73279E-04  0.00000E+00  0.00000E+00  1.0  0.0  2.64554E-02                           
    15: 3.86406E-01  1.77215E-02  0.00000E+00  0.00000E+00  0.0  0.0  0.00000E+00  !COMP 1                  
    16: 2.95609E-01  1.18782E-03  0.00000E+00  0.00000E+00  1.0  0.0  2.31613E-02                           
    17: 2.45931E+00  2.52618E-01  0.00000E+00  0.00000E+00  0.0  0.0  0.00000E+00  !COMP 2                  
    18: 2.95609E-01  1.18782E-03  0.00000E+00  0.00000E+00  1.0  0.0  2.00808E-02                           
    19: 2.45931E+00  2.52618E-01  0.00000E+00  0.00000E+00  0.0  0.0  0.00000E+00  !COMP 3                  
    20: 2.22117E-01  8.71774E-03  4.98277E-03  6.11190E-14  1.0  0.0  1.82498E-02                           
    21: 8.03140E-01  6.52550E-02  8.39026E-02  1.10152E-12  0.0  0.0  0.00000E+00  !COMP 4                  
    22: 2.21914E-01  9.06133E-03  5.57659E-03  6.89181E-14  1.0  0.0  1.80040E-02                           
    23: 7.95538E-01  7.23354E-02  9.98629E-02  1.31106E-12  0.0  0.0  0.00000E+00  !COMP 5                  
    24: 2.21715E-01  9.38496E-03  6.15047E-03  7.64603E-14  1.0  0.0  1.77670E-02                           
    25: 7.89253E-01  7.89203E-02  1.14667E-01  1.50541E-12  0.0  0.0  0.00000E+00  !COMP 6                  
    26: 2.22039E-01  9.31692E-03  5.55010E-03  6.86391E-14  1.0  0.0  1.71381E-02                           
    27: 7.76230E-01  7.96328E-02  9.85576E-02  1.29393E-12  0.0  0.0  0.00000E+00  !COMP 7                  
    28: 2.22083E-01  9.40032E-03  5.54083E-03  6.85391E-14  1.0  0.0  1.68501E-02                           
    29: 7.69969E-01  8.21087E-02  9.80059E-02  1.28669E-12  0.0  0.0  0.00000E+00  !COMP 8                  
    30: 2.22127E-01  9.48286E-03  5.53137E-03  6.84379E-14  1.0  0.0  1.65626E-02                           
    31: 7.63813E-01  8.45912E-02  9.74109E-02  1.27888E-12  0.0  0.0  0.00000E+00  !COMP 9                  
    32: 2.21836E-01  9.63720E-03  6.12382E-03  7.61794E-14  1.0  0.0  1.69043E-02                           
    33: 7.70705E-01  8.61187E-02  1.13241E-01  1.48670E-12  0.0  0.0  0.00000E+00  !COMP 10                 
    34: 2.21878E-01  9.71937E-03  6.11444E-03  7.60778E-14  1.0  0.0  1.66175E-02                           
    35: 7.64704E-01  8.85488E-02  1.12635E-01  1.47876E-12  0.0  0.0  0.00000E+00  !COMP 11                 
    36:                                                                                                     
    37: ! GEOMETRY CARD                                                                                     
    38: %GEOM                                                                                               
    39: 9 9 18               !nx, ny, nz                                                                    
    40: 10.803   8*21.606    !x-direction assembly size in cm                                               
    41:   1         8*2      !x-direction assembly divided 2x2                                              
    42: 8*21.606 10.803      !y-direction assembly size in cm                                               
    43:   8*2       1        !y-direction assembly divided 2x2                                              
    44: 30.  7.7  11.0  15.0  10*30.0  2*12.8  8.0  30.      !z-direction size  in cm (from bottom to top)  
    45: 18*1                 !z-direction assembly divided into 20 cm each                                  
    46: 3                    !np number of planar type                                                      
    47: 1  2  15*3  1        !planar assignment (from bottom to top)                                        
    48: ! Planar_Reg 1                                                                                      
    49:  1  1  1  1  1  1  1  1  2                                                                          
    50:  1  1  1  1  1  1  1  1  2                                                                          
    51:  1  1  1  1  1  1  1  3  2                                                                          
    52:  1  1  1  1  1  1  1  2  0                                                                          
    53:  1  1  1  1  1  1  3  2  0                                                                          
    54:  1  1  1  1  1  3  2  0  0                                                                          
    55:  1  1  1  1  3  2  0  0  0                                                                          
    56:  1  1  3  2  2  0  0  0  0                                                                          
    57:  2  2  2  0  0  0  0  0  0                                                                          
    58: ! Planar_Reg 2                                                                                      
    59:  4  5  4  5  4  5  4  6  2                                                                          
    60:  5  4  5  4  5  4  6  6  2                                                                          
    61:  4  5  4  5  4  5  6  3  2                                                                          
    62:  5  4  5  4  5  6  6  2  0                                                                          
    63:  4  5  4  5  4  6  3  2  0                                                                          
    64:  5  4  5  6  6  3  2  0  0                                                                          
    65:  4  6  6  6  3  2  0  0  0                                                                          
    66:  6  6  3  2  2  0  0  0  0                                                                          
    67:  2  2  2  0  0  0  0  0  0                                                                          
    68: ! Planar_Reg 3                                                                                      
    69:  4  9  4  9  4  7  4  6  2                                                                          
    70:  9  4  8  4  8  4 11  6  2                                                                          
    71:  4  8  4  8  4  8  6  3  2                                                                          
    72:  9  4  8  4  8 10  6  2  0                                                                          
    73:  4  8  4  8  4  6  3  2  0                                                                          
    74:  7  4  8 10  6  3  2  0  0                                                                          
    75:  4 11  6  6  3  2  0  0  0                                                                          
    76:  6  6  3  2  2  0  0  0  0                                                                          
    77:  2  2  2  0  0  0  0  0  0                                                                          
    78: ! Boundary conditions (east), (west), (north), (south), (bottom), (top)                             
    79: 0 2 2 0 0 0                                                                                         
    80:                                                                                                     
    81: ! CONTROL CARD                                                                                      
    82: %CROD                                                                                               
    83: 7   228                       ! Number of CR banks and max number of banks                          
    84: 37.7 1.5942237                ! Zero step pos. (cm) and cm/step (total 228 steps)                   
    85: 150.00  200.00  150.00  200.00  200.00  200.00  200.00           ! CR Bank pos.                     
    86:  1  0  2  0  0  0  3  0  0                                                                          
    87:  0  4  0  0  0  6  0  0  0                                                                          
    88:  2  0  5  0  6  0  6  0  0                                                                          
    89:  0  0  0  4  0  0  0  0  0                                                                          
    90:  0  0  6  0  7  0  0  0  0                                                                          
    91:  0  6  0  0  0  0  0  0  0                                                                          
    92:  3  0  6  0  0  0  0  0  0                                                                          
    93:  0  0  0  0  0  0  0  0  0                                                                          
    94:  0  0  0  0  0  0  0  0  0                                                                          
    95: ! CX changes                                                                                        
    96: !  sigtr        siga        nu*sigf      sigf      sigs_g1   sigs_g2                                
    97:  3.73220E-03  2.47770E-03  -1.02786E-04  -1.21448E-15  0.0  -3.19253E-03                            
    98: -2.19926E-02  2.55875E-02  -2.82319E-03  -3.70238E-14  0.0   0.00000E+00    !COMP 1                 
    99:  3.73220E-03  2.47770E-03  -1.02786E-04  -1.21448E-15  0.0  -3.19253E-03                            
   100: -2.19926E-02  2.55875E-02  -2.82319E-03  -3.70238E-14  0.0   0.00000E+00    !COMP 2                 
   101:  3.73220E-03  2.47770E-03  -1.02786E-04  -1.21448E-15  0.0  -3.19253E-03                            
   102: -2.19926E-02  2.55875E-02  -2.82319E-03  -3.70238E-14  0.0  0.00000E+00    !COMP 3                  
   103:  3.73220E-03  2.47770E-03  -1.02786E-04  -1.21448E-15  0.0  -3.19253E-03                            
   104: -2.19926E-02  2.55875E-02  -2.82319E-03  -3.70238E-14  0.0  0.00000E+00    !COMP 4                  
   105:  3.73220E-03  2.47770E-03  -1.02786E-04  -1.21448E-15  0.0  -3.19253E-03                            
   106: -2.19926E-02  2.55875E-02  -2.82319E-03  -3.70238E-14  0.0  0.00000E+00    !COMP 5                  
   107:  3.74092E-03  2.42926E-03  -1.22634E-04  -1.47557E-15  0.0  -3.14239E-03                            
   108: -1.67503E-02  2.56478E-02  -3.28086E-03  -4.30444E-14  0.0  0.00000E+00    !COMP 6                  
   109:  3.73220E-03  2.47770E-03  -1.02786E-04  -1.21448E-15  0.0  -3.19253E-03                            
   110: -2.19926E-02  2.55875E-02  -2.82319E-03  -3.70238E-14  0.0  0.00000E+00    !COMP 7                  
   111:  3.73220E-03  2.47770E-03  -1.02786E-04  -1.21448E-15  0.0  -3.19253E-03                            
   112: -2.19926E-02  2.55875E-02  -2.82319E-03  -3.70238E-14  0.0  0.00000E+00    !COMP 8                  
   113: 3.73220E-03  2.47770E-03  -1.02786E-04  -1.21448E-15  0.0  -3.19253E-03                             
   114: -2.19926E-02  2.55875E-02  -2.82319E-03  -3.70238E-14  0.0  0.00000E+00    !COMP 9                  
   115: 3.73220E-03  2.47770E-03  -1.02786E-04  -1.21448E-15  0.0  -3.19253E-03                             
   116: -2.19926E-02  2.55875E-02  -2.82319E-03  -3.70238E-14  0.0  0.00000E+00    !COMP 10                 
   117: 3.73220E-03  2.47770E-03  -1.02786E-04  -1.21448E-15  0.0  -3.19253E-03                             
   118: -2.19926E-02  2.55875E-02  -2.82319E-03  -3.70238E-14  0.0  0.00000E+00    !COMP 11                 
   119: 1                                                                                                   
   120:                                                                                                     
   121: ! CRITICAL BORON SEARCH CARD                                                                        
   122: %BCON                                                                                               
   123: 1188.25  1200.2  ! Boron concentration ref. in ppm                                                  
   124: ! CX change per unit ppm change of Boron concentration                                              
   125: !  sigtr          siga         nu*sigf       sigf      sigs_g1   sigs_g2                            
   126: 6.11833E-08  1.87731E-07  0.00000E+00  0.00000E+00  0.0  7.91457E-10                                
   127: 5.17535E-06  1.02635E-05  0.00000E+00  0.00000E+00  0.0  0.00000E+00    !COMP 1                     
   128: 0.00000E+00  0.00000E+00  0.00000E+00  0.00000E+00  0.0  0.00000E+00                                
   129: 7.76184E-04  8.44695E-05  0.00000E+00  0.00000E+00  0.0  0.00000E+00    !COMP 2                     
   130: 0.00000E+00  0.00000E+00  0.00000E+00  0.00000E+00  0.0  0.00000E+00                                
   131: 7.76184E-04  8.44695E-05  0.00000E+00  0.00000E+00  0.0  0.00000E+00    !COMP 3                     
   132: 3.47809E-08  1.28505E-07  -1.12099E-09  -1.76188E-20  0.0  -1.08590E-07                             
   133: -9.76510E-06  7.08807E-06  -2.43045E-06  -3.19085E-17  0.0  0.00000E+00    !COMP 4                  
   134: 3.53826E-08  1.26709E-07  -1.67880E-09  -2.49965E-20  0.0  -1.06951E-07                             
   135: -8.50169E-06  6.82311E-06  -2.72445E-06  -3.57680E-17  0.0  0.00000E+00    !COMP 5                  
   136: 3.59838E-08  1.24986E-07  -2.21038E-09  -3.20225E-20  0.0  -1.05374E-07                             
   137: -7.46251E-06  6.59798E-06  -2.95883E-06  -3.88451E-17  0.0  0.00000E+00    !COMP 6                  
   138: 3.37806E-08  1.19869E-07  -1.71323E-09  -2.49965E-20  0.0  -1.00873E-07                             
   139: -6.73744E-06  6.29310E-06  -2.55359E-06  -3.35223E-17  0.0  0.00000E+00    !COMP 7                  
   140: 3.32495E-08  1.17585E-07  -1.72421E-09  -2.54896E-20  0.0  -9.88578E-08                             
   141: -6.19725E-06  6.11904E-06  -2.48880E-06  -3.26704E-17  0.0  0.00000E+00    !COMP 8                  
   142: 3.27201E-08  1.15319E-07  -1.73502E-09  -2.56049E-20  0.0  -9.68489E-08                             
   143: -5.68220E-06  5.94711E-06  -2.42240E-06  -3.17976E-17  0.0  0.00000E+00    !COMP 9                  
   144: 3.43859E-08  1.18186E-07  -2.24335E-09  -3.20225E-20  0.0  -9.93312E-08                             
   145: -5.86898E-06  6.08443E-06  -2.77657E-06  -3.64509E-17  0.0  0.00000E+00    !COMP 10                 
   146: 3.38559E-08  1.15917E-07  -2.25369E-09  -3.24873E-20  0.0  -9.73291E-08                             
   147: -5.38345E-06  5.91697E-06  -2.70780E-06  -3.55476E-17  0.0  0.00000E+00    !COMP 11                 
   148:                                                                                                     
   149: ! FUEL TEMPERATURE CARD                                                                             
   150: %FTEM                                                                                               
   151: 891.19  891.45  ! Average Fuel Temperature and fuel temperature Ref. in Kelvin                      
   152: ! CX change per Fuel Temperature Changes                                                            
   153: !  sigtr          siga         nu*sigf       sigf      sigs_g1   sigs_g2                            
   154: 0.00000E+00  0.00000E+00  0.00000E+00  0.00000E+00  0.0  0.00000E+00                                
   155: 0.00000E+00  0.00000E+00  0.00000E+00  0.00000E+00  0.0  0.00000E+00    !COMP 1                     
   156: 0.00000E+00  0.00000E+00  0.00000E+00  0.00000E+00  0.0  0.00000E+00                                
   157: 0.00000E+00  0.00000E+00  0.00000E+00  0.00000E+00  0.0  0.00000E+00    !COMP 2                     
   158: 0.00000E+00  0.00000E+00  0.00000E+00  0.00000E+00  0.0  0.00000E+00                                
   159: 0.00000E+00  0.00000E+00  0.00000E+00  0.00000E+00  0.0  0.00000E+00    !COMP 3                     
   160: -3.09197E-05  3.49709E-05  6.40134E-07  7.15412E-18  0.0  -2.75536E-05                              
   161: -0.000137292  -3.71806E-05  -5.63037E-05  -7.39188E-16  0.0  0.00000E+00    !COMP 4                 
   162: -3.08607E-05  3.51798E-05  9.97431E-07  1.18685E-17  0.0  -2.76766E-05                              
   163: -0.000117481  -3.77039E-05  -6.04155E-05  -7.9317E-16  0.0  0.00000E+00    !COMP 5                  
   164: -3.09165E-05  3.53841E-05  1.41847E-06  1.74269E-17  0.0  -2.78390E-05                              
   165: -0.000101337  -3.77558E-05  -0.000063096  -8.28363E-16  0.0  0.00000E+00    !COMP 6                 
   166: -3.13746E-05  3.48699E-05  9.45431E-07  1.18685E-17  0.0  -2.73550E-05                              
   167: -0.000108271  -3.72748E-05  -5.79662E-05  -7.60849E-16  0.0  0.00000E+00    !COMP 7                 
   168: -3.15503E-05  3.47274E-05  9.26078E-07  1.08935E-17  0.0  -2.72381E-05                              
   169: -0.000105521  -3.71808E-05  -5.71108E-05  -7.49575E-16  0.0  0.00000E+00    !COMP 8                 
   170: -3.17281E-05  3.46026E-05  9.05802E-07  1.06166E-17  0.0  -2.71169E-05                              
   171: -0.000102525  -3.70201E-05  -5.61543E-05  -7.36969E-16  0.0  0.00000E+00    !COMP 9                 
   172: -3.14192E-05  3.50637E-05  1.35642E-06  1.74269E-17  0.0  -2.75049E-05                              
   173: -9.38886E-05  -3.71403E-05  -6.05052E-05  -7.94252E-16  0.0  0.00000E+00    !COMP 10                
   174: -3.15908E-05  3.49119E-05  1.33336E-06  1.62769E-17  0.0  -2.73835E-05                              
   175: -9.17126E-05  -3.69909E-05  -5.96284E-05  -7.82716E-16  0.0  0.00000E+00    !COMP 11                
   176:                                                                                                     
   177: ! MODERATOR TEMPERATURE CARD                                                                        
   178: %MTEM                                                                                               
   179: 559.19  579.75  ! Average Moderator Temperature and Moderator temperature Ref. Kelvin               
   180: ! CX change per Moderator Temperature Changes                                                       
   181: !  sigtr          siga         nu*sigf       sigf     sigs_g1   sigs_g2                             
   182:  0.00000E+00  0.00000E+00  0.00000E+00  0.00000E+00  0.0  0.00000E+00                               
   183:  0.00000E+00  0.00000E+00  0.00000E+00  0.00000E+00  0.0  0.00000E+00    !COMP 1                    
   184:  0.00000E+00  0.00000E+00  0.00000E+00  0.00000E+00  0.0  0.00000E+00                               
   185:  0.00000E+00  0.00000E+00  0.00000E+00  0.00000E+00  0.0  0.00000E+00    !COMP 2                    
   186:  0.00000E+00  0.00000E+00  0.00000E+00  0.00000E+00  0.0  0.00000E+00                               
   187:  0.00000E+00  0.00000E+00  0.00000E+00  0.00000E+00  0.0  0.00000E+00    !COMP 3                    
   188: -2.03310E-06  2.12191E-07  1.24709E-07  1.43035E-18  0.0  8.09676E-07                               
   189: -1.08674E-04 -3.15597E-05 -4.16439E-05 -5.46722E-16  0.0  0.00000E+00    !COMP 4                    
   190: -1.98080E-06  2.26000E-07  1.35145E-07  1.56896E-18  0.0  8.58474E-07                               
   191: -9.06150E-05 -3.21435E-05  -4.53102E-05  -5.94857E-16  0.0  0.00000E+00    !COMP 5                  
   192: -1.92434E-06  2.39939E-07  1.49084E-07  1.75422E-18  0.0  9.03494E-07                               
   193: -7.62786E-05  -3.23776E-05  -4.78475E-05  -6.28174E-16  0.0  0.00000E+00    !COMP 6                 
   194: -2.69634E-06  2.48530E-07  1.40773E-07  1.56896E-18  0.0  7.01311E-07                               
   195: -7.62435E-05  -3.00119E-05  -4.20202E-05  -5.51669E-16  0.0  0.00000E+00    !COMP 7                 
   196: -3.07905E-06  2.61854E-07  1.43235E-07  1.67897E-18  0.0  6.17380E-07                               
   197: -7.33397E-05  -2.91929E-05  -4.07701E-05  -5.35261E-16  0.0  0.00000E+00    !COMP 8                 
   198: -3.53877E-06  2.74313E-07  1.46019E-07  1.71665E-18  0.0  5.16547E-07                               
   199: -7.13711E-05  -2.83041E-05  -3.94319E-05  -5.17689E-16  0.0  0.00000E+00    !COMP 9                 
   200: -2.63907E-06  2.64289E-07  1.55858E-07  1.75422E-18  0.0  7.44320E-07                               
   201: -6.39554E-05  -3.03509E-05  -4.44431E-05  -5.83483E-16  0.0  0.00000E+00    !COMP 10                
   202: -3.02147E-06  2.79060E-07  1.58814E-07  1.88528E-18  0.0  6.59521E-07                               
   203: -6.16984E-05  -2.95626E-05  -4.31588E-05  -5.66622E-16  0.0  0.00000E+00    !COMP 11                
   204:                                                                                                     
   205: ! COOLANT DENSITY CARD                                                                              
   206: %CDEN                                                                                               
   207: 0.7464  0.7125  ! Average Coolant Density and Coolant Density Ref. in g/cm3                         
   208: ! CX change per Coolant Density Changes                                                             
   209: !  sigtr          siga         nu*sigf       sigf     sigs_g1   sigs_g2                             
   210: 7.45756E-02  2.07688E-04  0.00000E+00  0.00000E+00  0.0  3.71310E-02                                
   211: 5.33634E-01  7.58421E-03  0.00000E+00  0.00000E+00  0.0  0.00000E+00    !COMP 1                     
   212: 0.00000E+00  0.00000E+00  0.00000E+00  0.00000E+00  0.0  0.00000E+00                                
   213: 0.00000E+00  0.00000E+00  0.00000E+00  0.00000E+00  0.0  0.00000E+00    !COMP 2                     
   214: 0.00000E+00  0.00000E+00  0.00000E+00  0.00000E+00  0.0  0.00000E+00                                
   215: 0.00000E+00  0.00000E+00  0.00000E+00  0.00000E+00  0.0  0.00000E+00    !COMP 3                     
   216: 1.35665E-01  1.55185E-03  9.20694E-04  1.02392E-14  0.0  2.93195E-02                                
   217: 9.92628E-01  2.52662E-02  2.47746E-02  3.25255E-13  0.0  0.00000E+00    !COMP 4                     
   218: 1.35748E-01  1.61491E-03  9.64160E-04  1.08141E-14  0.0  2.92696E-02                                
   219: 9.81985E-01  2.86667E-02  3.14993E-02  4.13542E-13  0.0  0.00000E+00    !COMP 5                     
   220: 1.35827E-01  1.68015E-03  1.01410E-03  1.14771E-14  0.0  2.92154E-02                                
   221: 9.72267E-01  3.19571E-02  3.81097E-02  5.00328E-13  0.0  0.00000E+00    !COMP 6                     
   222: 1.31033E-01  1.68397E-03  9.81951E-04  1.08141E-14  0.0  2.82489E-02                                
   223: 9.34697E-01  3.14240E-02  3.51588E-02  4.61715E-13  0.0  0.00000E+00    !COMP 7                     
   224: 1.29379E-01  1.71972E-03  9.88437E-04  1.11322E-14  0.0  2.78895E-02                                
   225: 9.18171E-01  3.24715E-02  3.63251E-02  4.77078E-13  0.0  0.00000E+00    !COMP 8                     
   226: 1.27682E-01  1.74989E-03  9.95175E-04  1.12209E-14  0.0  2.75202E-02                                
   227: 9.01293E-01  3.35945E-02  3.74499E-02  4.91900E-13  0.0  0.00000E+00    !COMP 9                     
   228: 1.31116E-01  1.75528E-03  1.03522E-03  1.14771E-14  0.0  2.81877E-02                                
   229: 9.24925E-01  3.49853E-02  4.20693E-02  5.52387E-13  0.0  0.00000E+00    !COMP 10                    
   230: 1.29463E-01  1.79499E-03  1.04291E-03  1.18534E-14  0.0  2.78259E-02                                
   231: 9.08456E-01  3.61032E-02  4.33215E-02  5.68857E-13  0.0  0.00000E+00    !COMP 11                    
   232:                                                                                                     
   233: ! THERMAL-HYDRAULIC CARD                                                                            
   234: %THER                                                                                               
   235: 100.                                   ! Percent power in %                                         
   236: 693.75e6                               ! Reactor thermal power for quarter geometry in Watt         
   237: 559.15  82.12102                       ! Inlet coolant temp. (Kelvin) and Fuel Assembly Mass flow ra
   238: 4.11950E-03  6.8E-05  5.71E-04  1.2655E-2 ! Fuel meat rad., gap thinkness, cladding thinkness and pi
   239: 264  25                                ! Number of fuel pin and guide tubes                         
   240: 0.019                                  ! FRACTION OF HEAT DEPOSITED IN COOLANT                      
   241: 1                                                                                                   
   242:                                                                                                     
   243: %EJCT                                                                                               
   244: ! Final Bank Pos (steps)   Starts Move (seconds)   Speed (steps/seconds)                            
   245:    150.                     0.0                     0.0       ! Bank 1                              
   246:    200.                     0.0                     0.0       ! Bank 2                              
   247:    228.                     0.0                     780.0     ! Bank 3                              
   248:    200.                     0.0                     0.0       ! Bank 4                              
   249:    200.                     0.0                     0.0       ! Bank 5                              
   250:    200.                     0.0                     0.0       ! Bank 6                              
   251:    200.                     0.0                     0.0       ! Bank 7                              
   252: 1.  0.01  1.0  0.1            ! (seconds) total time, 1st time step, when to start 2nd time step, 2n
   253: 0.0002584 0.00152 0.0013908 0.0030704 0.001102 0.0002584 !beta                                      
   254: 0.0128  0.0318  0.119   0.3181  1.4027  3.9286           !decay constants                           
   255: 2.8E7    4.4E5     ! Neutron velocity                                                               
  ========================================INPUT DATA   ENDS HERE=====================================



                                             START READING INPUT
  ***************************************************************************************************
  CALCULATION MODE :                 ROD EJECTION CALCULATION

  CASE ID :   NEACRP Problem                                                                                    
   10.803 CM NODE SIZE                                                                               


            >>>> READING MACROSCOPIC CROSS SECTIONS <<<<
            --------------------------------------------

     MATERIAL  1
    GROUP   TRANSPORT    DIFFUSION  ABSORPTION    REMOVAL      NU*FISS      FISSION    FISS. SPCTR
       1     0.053206    6.264981    0.000373    0.026829     0.000000     0.000000     1.000000
       2     0.386406    0.862651    0.017722    0.017722     0.000000     0.000000     0.000000
   --SCATTERING MATRIX--
     G/G'          1          2
      1        0.000000    0.026455
      2        0.000000    0.000000

     MATERIAL  2
    GROUP   TRANSPORT    DIFFUSION  ABSORPTION    REMOVAL      NU*FISS      FISSION    FISS. SPCTR
       1     0.295609    1.127616    0.001188    0.024349     0.000000     0.000000     1.000000
       2     2.459310    0.135539    0.252618    0.252618     0.000000     0.000000     0.000000
   --SCATTERING MATRIX--
     G/G'          1          2
      1        0.000000    0.023161
      2        0.000000    0.000000

     MATERIAL  3
    GROUP   TRANSPORT    DIFFUSION  ABSORPTION    REMOVAL      NU*FISS      FISSION    FISS. SPCTR
       1     0.295609    1.127616    0.001188    0.021269     0.000000     0.000000     1.000000
       2     2.459310    0.135539    0.252618    0.252618     0.000000     0.000000     0.000000
   --SCATTERING MATRIX--
     G/G'          1          2
      1        0.000000    0.020081
      2        0.000000    0.000000

     MATERIAL  4
    GROUP   TRANSPORT    DIFFUSION  ABSORPTION    REMOVAL      NU*FISS      FISSION    FISS. SPCTR
       1     0.222117    1.500710    0.008718    0.026968     0.004983     0.000000     1.000000
       2     0.803140    0.415038    0.065255    0.065255     0.083903     0.000000     0.000000
   --SCATTERING MATRIX--
     G/G'          1          2
      1        0.000000    0.018250
      2        0.000000    0.000000

     MATERIAL  5
    GROUP   TRANSPORT    DIFFUSION  ABSORPTION    REMOVAL      NU*FISS      FISSION    FISS. SPCTR
       1     0.221914    1.502083    0.009061    0.027065     0.005577     0.000000     1.000000
       2     0.795538    0.419004    0.072335    0.072335     0.099863     0.000000     0.000000
   --SCATTERING MATRIX--
     G/G'          1          2
      1        0.000000    0.018004
      2        0.000000    0.000000

     MATERIAL  6
    GROUP   TRANSPORT    DIFFUSION  ABSORPTION    REMOVAL      NU*FISS      FISSION    FISS. SPCTR
       1     0.221715    1.503432    0.009385    0.027152     0.006150     0.000000     1.000000
       2     0.789253    0.422340    0.078920    0.078920     0.114667     0.000000     0.000000
   --SCATTERING MATRIX--
     G/G'          1          2
      1        0.000000    0.017767
      2        0.000000    0.000000

     MATERIAL  7
    GROUP   TRANSPORT    DIFFUSION  ABSORPTION    REMOVAL      NU*FISS      FISSION    FISS. SPCTR
       1     0.222039    1.501238    0.009317    0.026455     0.005550     0.000000     1.000000
       2     0.776230    0.429426    0.079633    0.079633     0.098558     0.000000     0.000000
   --SCATTERING MATRIX--
     G/G'          1          2
      1        0.000000    0.017138
      2        0.000000    0.000000

     MATERIAL  8
    GROUP   TRANSPORT    DIFFUSION  ABSORPTION    REMOVAL      NU*FISS      FISSION    FISS. SPCTR
       1     0.222083    1.500940    0.009400    0.026250     0.005541     0.000000     1.000000
       2     0.769969    0.432918    0.082109    0.082109     0.098006     0.000000     0.000000
   --SCATTERING MATRIX--
     G/G'          1          2
      1        0.000000    0.016850
      2        0.000000    0.000000

     MATERIAL  9
    GROUP   TRANSPORT    DIFFUSION  ABSORPTION    REMOVAL      NU*FISS      FISSION    FISS. SPCTR
       1     0.222127    1.500643    0.009483    0.026045     0.005531     0.000000     1.000000
       2     0.763813    0.436407    0.084591    0.084591     0.097411     0.000000     0.000000
   --SCATTERING MATRIX--
     G/G'          1          2
      1        0.000000    0.016563
      2        0.000000    0.000000

     MATERIAL 10
    GROUP   TRANSPORT    DIFFUSION  ABSORPTION    REMOVAL      NU*FISS      FISSION    FISS. SPCTR
       1     0.221836    1.502612    0.009637    0.026542     0.006124     0.000000     1.000000
       2     0.770705    0.432504    0.086119    0.086119     0.113241     0.000000     0.000000
   --SCATTERING MATRIX--
     G/G'          1          2
      1        0.000000    0.016904
      2        0.000000    0.000000

     MATERIAL 11
    GROUP   TRANSPORT    DIFFUSION  ABSORPTION    REMOVAL      NU*FISS      FISSION    FISS. SPCTR
       1     0.221878    1.502327    0.009719    0.026337     0.006114     0.000000     1.000000
       2     0.764704    0.435899    0.088549    0.088549     0.112635     0.000000     0.000000
   --SCATTERING MATRIX--
     G/G'          1          2
      1        0.000000    0.016617
      2        0.000000    0.000000

  ...Macroscopic CX Card is sucessfully read...


            >>>>>READING CORE GEOMETRY<<<<<
            -------------------------------
  Number of assembly in x, y and z directions respectively :
           9           9          18
  Number of nodes in x, y and z directions respectively :
          17          17          18

  x-directed nodes divison (delta-x)
    10.80  10.80  10.80  10.80  10.80  10.80  10.80  10.80  10.80  10.80
    10.80  10.80  10.80  10.80  10.80  10.80  10.80
  y-directed nodes divison (delta-y)
    10.80  10.80  10.80  10.80  10.80  10.80  10.80  10.80  10.80  10.80
    10.80  10.80  10.80  10.80  10.80  10.80  10.80

  Planar Region :  1
        1  2  3  4  5  6  7  8  9 10 11 12 13 14 15 16 17
    17  1  1  1  1  1  1  1  1  1  1  1  1  1  1  1  2  2 
    16  1  1  1  1  1  1  1  1  1  1  1  1  1  1  1  2  2 
    15  1  1  1  1  1  1  1  1  1  1  1  1  1  1  1  2  2 
    14  1  1  1  1  1  1  1  1  1  1  1  1  1  3  3  2  2 
    13  1  1  1  1  1  1  1  1  1  1  1  1  1  3  3  2  2 
    12  1  1  1  1  1  1  1  1  1  1  1  1  1  2  2       
    11  1  1  1  1  1  1  1  1  1  1  1  1  1  2  2       
    10  1  1  1  1  1  1  1  1  1  1  1  3  3  2  2       
     9  1  1  1  1  1  1  1  1  1  1  1  3  3  2  2       
     8  1  1  1  1  1  1  1  1  1  3  3  2  2             
     7  1  1  1  1  1  1  1  1  1  3  3  2  2             
     6  1  1  1  1  1  1  1  3  3  2  2                   
     5  1  1  1  1  1  1  1  3  3  2  2                   
     4  1  1  1  3  3  2  2  2  2                         
     3  1  1  1  3  3  2  2  2  2                         
     2  2  2  2  2  2                                     
     1  2  2  2  2  2                                     
  Planar Region :  2
        1  2  3  4  5  6  7  8  9 10 11 12 13 14 15 16 17
    17  4  5  5  4  4  5  5  4  4  5  5  4  4  6  6  2  2 
    16  5  4  4  5  5  4  4  5  5  4  4  6  6  6  6  2  2 
    15  5  4  4  5  5  4  4  5  5  4  4  6  6  6  6  2  2 
    14  4  5  5  4  4  5  5  4  4  5  5  6  6  3  3  2  2 
    13  4  5  5  4  4  5  5  4  4  5  5  6  6  3  3  2  2 
    12  5  4  4  5  5  4  4  5  5  6  6  6  6  2  2       
    11  5  4  4  5  5  4  4  5  5  6  6  6  6  2  2       
    10  4  5  5  4  4  5  5  4  4  6  6  3  3  2  2       
     9  4  5  5  4  4  5  5  4  4  6  6  3  3  2  2       
     8  5  4  4  5  5  6  6  6  6  3  3  2  2             
     7  5  4  4  5  5  6  6  6  6  3  3  2  2             
     6  4  6  6  6  6  6  6  3  3  2  2                   
     5  4  6  6  6  6  6  6  3  3  2  2                   
     4  6  6  6  3  3  2  2  2  2                         
     3  6  6  6  3  3  2  2  2  2                         
     2  2  2  2  2  2                                     
     1  2  2  2  2  2                                     
  Planar Region :  3
        1  2  3  4  5  6  7  8  9 10 11 12 13 14 15 16 17
    17  4  9  9  4  4  9  9  4  4  7  7  4  4  6  6  2  2 
    16  9  4  4  8  8  4  4  8  8  4  4  11 11 6  6  2  2 
    15  9  4  4  8  8  4  4  8  8  4  4  11 11 6  6  2  2 
    14  4  8  8  4  4  8  8  4  4  8  8  6  6  3  3  2  2 
    13  4  8  8  4  4  8  8  4  4  8  8  6  6  3  3  2  2 
    12  9  4  4  8  8  4  4  8  8  10 10 6  6  2  2       
    11  9  4  4  8  8  4  4  8  8  10 10 6  6  2  2       
    10  4  8  8  4  4  8  8  4  4  6  6  3  3  2  2       
     9  4  8  8  4  4  8  8  4  4  6  6  3  3  2  2       
     8  7  4  4  8  8  10 10 6  6  3  3  2  2             
     7  7  4  4  8  8  10 10 6  6  3  3  2  2             
     6  4  11 11 6  6  6  6  3  3  2  2                   
     5  4  11 11 6  6  6  6  3  3  2  2                   
     4  6  6  6  3  3  2  2  2  2                         
     3  6  6  6  3  3  2  2  2  2                         
     2  2  2  2  2  2                                     
     1  2  2  2  2  2                                     

  Planar Region Assignment to planes.
 --------------------------------------
   Plane Number     Planar Region    delta-z
       18 (TOP)            1          30.00
       17                  3           8.00
       16                  3          12.80
       15                  3          12.80
       14                  3          30.00
       13                  3          30.00
       12                  3          30.00
       11                  3          30.00
       10                  3          30.00
        9                  3          30.00
        8                  3          30.00
        7                  3          30.00
        6                  3          30.00
        5                  3          30.00
        4                  3          15.00
        3                  3          11.00
        2                  2           7.70
        1 (BOTTOM)         1          30.00

   Boundary conditions
  X-directed West   : REFLECTIVE
  X-directed East   : ZERO FLUX
  Y-directed North  : REFLECTIVE
  Y-directed South  : ZERO FLUX
  Z-directed Bottom : ZERO FLUX
  Z-directed Top    : ZERO FLUX

  ...Core geometry is sucessfully read...


            >>>>       READING BORON CONCENTRATION        <<<<
            --------------------------------------------------

  ...Boron Concentration card is sucessfully read...


            >>>>      READING FUEL TEMPERATURE      <<<<
            --------------------------------------------

  ...Fuel Temperature is card sucessfully read...


            >>>>   READING MODERATOR TEMPERATURE    <<<<
            --------------------------------------------

  ...Moderator Temperature Card is sucessfully read...


            >>>>       READING COOLANT DENSITY      <<<<
            --------------------------------------------

  ...Coolant Density Card is sucessfully read...


            >>>> READING CONTROL RODS INSERTION <<<<
            --------------------------------------------
  NUMBER OF CONTROL ROD BANK  :  7
  MAX. NUMBER OF STEPS  : 228
  FULLY INSERTED POSITION (cm): 37.7 (FROM BOTTOM OF THE CORE)
  STEP SIZE (cm)              :   1.5942
  INITIAL CONTROL ROD BANK POSITION (STEPS) : 
  (0 means fully inserted) 
    Bank  1  Bank  2  Bank  3  Bank  4  Bank  5  Bank  6  Bank  7
    150.0    200.0    150.0    200.0    200.0    200.0    200.0

  CONTROL ROD BANK MAP : 
  1  0  2  0  0  0  3  0  0
  0  4  0  0  0  6  0  0  0
  2  0  5  0  6  0  6  0  0
  0  0  0  4  0  0  0  0  0
  0  0  6  0  7  0  0  0  0
  0  6  0  0  0  0  0  0  0
  3  0  6  0  0  0  0  0  0
  0  0  0  0  0  0  0  0  0
  0  0  0  0  0  0  0  0  0

  MATERIAL CX INCREMENT OR DECREMENT DUE TO CR INSERTION : 
    MATERIAL  1
    GROUP   TRANSPORT  ABSORPTION      NU*FISS      FISSION
       1     0.003732    0.002478    -0.000103    -0.000000
       2    -0.021993    0.025587    -0.002823    -0.000000
   --SCATTERING MATRIX--
     G/G'        1        2
      1      0.000000 -0.003193
      2      0.000000  0.000000
    MATERIAL  2
    GROUP   TRANSPORT  ABSORPTION      NU*FISS      FISSION
       1     0.003732    0.002478    -0.000103    -0.000000
       2    -0.021993    0.025587    -0.002823    -0.000000
   --SCATTERING MATRIX--
     G/G'        1        2
      1      0.000000 -0.003193
      2      0.000000  0.000000
    MATERIAL  3
    GROUP   TRANSPORT  ABSORPTION      NU*FISS      FISSION
       1     0.003732    0.002478    -0.000103    -0.000000
       2    -0.021993    0.025587    -0.002823    -0.000000
   --SCATTERING MATRIX--
     G/G'        1        2
      1      0.000000 -0.003193
      2      0.000000  0.000000
    MATERIAL  4
    GROUP   TRANSPORT  ABSORPTION      NU*FISS      FISSION
       1     0.003732    0.002478    -0.000103    -0.000000
       2    -0.021993    0.025587    -0.002823    -0.000000
   --SCATTERING MATRIX--
     G/G'        1        2
      1      0.000000 -0.003193
      2      0.000000  0.000000
    MATERIAL  5
    GROUP   TRANSPORT  ABSORPTION      NU*FISS      FISSION
       1     0.003732    0.002478    -0.000103    -0.000000
       2    -0.021993    0.025587    -0.002823    -0.000000
   --SCATTERING MATRIX--
     G/G'        1        2
      1      0.000000 -0.003193
      2      0.000000  0.000000
    MATERIAL  6
    GROUP   TRANSPORT  ABSORPTION      NU*FISS      FISSION
       1     0.003741    0.002429    -0.000123    -0.000000
       2    -0.016750    0.025648    -0.003281    -0.000000
   --SCATTERING MATRIX--
     G/G'        1        2
      1      0.000000 -0.003142
      2      0.000000  0.000000
    MATERIAL  7
    GROUP   TRANSPORT  ABSORPTION      NU*FISS      FISSION
       1     0.003732    0.002478    -0.000103    -0.000000
       2    -0.021993    0.025587    -0.002823    -0.000000
   --SCATTERING MATRIX--
     G/G'        1        2
      1      0.000000 -0.003193
      2      0.000000  0.000000
    MATERIAL  8
    GROUP   TRANSPORT  ABSORPTION      NU*FISS      FISSION
       1     0.003732    0.002478    -0.000103    -0.000000
       2    -0.021993    0.025587    -0.002823    -0.000000
   --SCATTERING MATRIX--
     G/G'        1        2
      1      0.000000 -0.003193
      2      0.000000  0.000000
    MATERIAL  9
    GROUP   TRANSPORT  ABSORPTION      NU*FISS      FISSION
       1     0.003732    0.002478    -0.000103    -0.000000
       2    -0.021993    0.025587    -0.002823    -0.000000
   --SCATTERING MATRIX--
     G/G'        1        2
      1      0.000000 -0.003193
      2      0.000000  0.000000
    MATERIAL 10
    GROUP   TRANSPORT  ABSORPTION      NU*FISS      FISSION
       1     0.003732    0.002478    -0.000103    -0.000000
       2    -0.021993    0.025587    -0.002823    -0.000000
   --SCATTERING MATRIX--
     G/G'        1        2
      1      0.000000 -0.003193
      2      0.000000  0.000000
    MATERIAL 11
    GROUP   TRANSPORT  ABSORPTION      NU*FISS      FISSION
       1     0.003732    0.002478    -0.000103    -0.000000
       2    -0.021993    0.025587    -0.002823    -0.000000
   --SCATTERING MATRIX--
     G/G'        1        2
      1      0.000000 -0.003193
      2      0.000000  0.000000

  ...Control Rods Insertion card is sucessfully read...


            >>>>     READING ROD EJECTION DATA      <<<<
            --------------------------------------------

  ...Rod Ejection Card is sucessfully read...


            >>>>   READING THERMAL-HYDRAULIC DATA   <<<<
            --------------------------------------------
  REACTOR PERCENT POWER (%)                :    100.00000
  REACTOR POWER (Watt)                     :   6.9375E+08
  COOLANT INLET TEMPERATURE (Kelvin)       :   5.5915E+02
  FUEL ASSEMBLY MASS FLOW RATE (Kg/s)      :   8.2121E+01
  FUEL MEAT RADIUS (m)                     :   4.1195E-03
  GAP THICKNESS (m)                        :   6.8000E-05
  CLAD THICKNESS (m)                       :   5.7100E-04
  PIN PITCH(m)                             :   1.2655E-02
  FRACTION OF HEAT DEPOSITED IN COOL.      :   1.9000E-02

  ...Thermal-hydraulic Card is sucessfully read...


  **********************************  STOP READING INPUT  *******************************************

  TRANSIENT RESULTS :

  Step  Time(s)  React.($)   Rel. Power   Avg. Tm   Max. Tm   Avg. Tf   Max. Tf
 --------------------------------------------------------------------------------
   0     0.000    0.0000     1.0000E+00    302.50    330.38    537.47   1579.12
   1     0.010    0.0088     1.0085E+00    302.50    330.38    537.48   1579.13
   2     0.020    0.0228     1.0242E+00    302.50    330.38    537.50   1579.15
   3     0.030    0.0277     1.0344E+00    302.50    330.39    537.54   1579.18
   4     0.040    0.0314     1.0430E+00    302.50    330.39    537.58   1579.22
   5     0.050    0.0373     1.0516E+00    302.50    330.39    537.63   1579.27
   6     0.060    0.0384     1.0553E+00    302.50    330.39    537.68   1579.33
   7     0.070    0.0409     1.0594E+00    302.50    330.39    537.73   1579.38
   8     0.080    0.0416     1.0611E+00    302.50    330.39    537.78   1579.44
   9     0.090    0.0417     1.0617E+00    302.50    330.39    537.83   1579.50
  10     0.100    0.0407     1.0619E+00    302.50    330.39    537.88   1579.55
  11     0.110    0.0406     1.0619E+00    302.51    330.39    537.93   1579.61
  12     0.120    0.0404     1.0619E+00    302.51    330.39    537.98   1579.67
  13     0.130    0.0403     1.0619E+00    302.51    330.39    538.02   1579.73
  14     0.140    0.0401     1.0619E+00    302.51    330.39    538.07   1579.78
  15     0.150    0.0400     1.0619E+00    302.51    330.39    538.12   1579.84
  16     0.160    0.0397     1.0617E+00    302.51    330.39    538.16   1579.90
  17     0.170    0.0395     1.0617E+00    302.51    330.40    538.20   1579.96
  18     0.180    0.0393     1.0617E+00    302.51    330.40    538.25   1580.02
  19     0.190    0.0391     1.0614E+00    302.52    330.41    538.29   1580.07
  20     0.200    0.0388     1.0614E+00    302.52    330.41    538.34   1580.13
  21     0.210    0.0385     1.0614E+00    302.52    330.42    538.38   1580.19
  22     0.220    0.0384     1.0614E+00    302.52    330.42    538.42   1580.25
  23     0.230    0.0388     1.0614E+00    302.52    330.43    538.46   1580.30
  24     0.240    0.0386     1.0613E+00    302.53    330.44    538.50   1580.36
  25     0.250    0.0380     1.0613E+00    302.53    330.45    538.54   1580.42
  26     0.260    0.0377     1.0613E+00    302.53    330.45    538.59   1580.48
  27     0.270    0.0375     1.0613E+00    302.53    330.46    538.63   1580.53
  28     0.280    0.0370     1.0612E+00    302.54    330.47    538.67   1580.59
  29     0.290    0.0370     1.0612E+00    302.54    330.48    538.71   1580.65
  30     0.300    0.0358     1.0599E+00    302.54    330.49    538.75   1580.70
  31     0.310    0.0357     1.0599E+00    302.54    330.50    538.78   1580.76
  32     0.320    0.0354     1.0598E+00    302.54    330.50    538.82   1580.81
  33     0.330    0.0351     1.0598E+00    302.55    330.51    538.86   1580.87
  34     0.340    0.0349     1.0598E+00    302.55    330.52    538.90   1580.93
  35     0.350    0.0352     1.0598E+00    302.55    330.53    538.94   1580.98
  36     0.360    0.0351     1.0598E+00    302.55    330.54    538.97   1581.04
  37     0.370    0.0336     1.0586E+00    302.56    330.55    539.01   1581.09
  38     0.380    0.0336     1.0586E+00    302.56    330.56    539.05   1581.14
  39     0.390    0.0333     1.0585E+00    302.56    330.57    539.08   1581.20
  40     0.400    0.0332     1.0585E+00    302.56    330.58    539.12   1581.25
  41     0.410    0.0332     1.0585E+00    302.57    330.59    539.16   1581.30
  42     0.420    0.0330     1.0585E+00    302.57    330.60    539.19   1581.36
  43     0.430    0.0326     1.0585E+00    302.57    330.61    539.23   1581.41
  44     0.440    0.0319     1.0575E+00    302.57    330.62    539.26   1581.46
  45     0.450    0.0319     1.0575E+00    302.58    330.63    539.30   1581.51
  46     0.460    0.0317     1.0575E+00    302.58    330.64    539.33   1581.57
  47     0.470    0.0319     1.0575E+00    302.58    330.65    539.36   1581.62
  48     0.480    0.0317     1.0575E+00    302.58    330.66    539.40   1581.67
  49     0.490    0.0310     1.0574E+00    302.59    330.67    539.43   1581.72
  50     0.500    0.0309     1.0574E+00    302.59    330.68    539.47   1581.77
  51     0.510    0.0303     1.0564E+00    302.59    330.69    539.50   1581.82
  52     0.520    0.0302     1.0564E+00    302.59    330.70    539.53   1581.87
  53     0.530    0.0301     1.0564E+00    302.59    330.71    539.57   1581.92
  54     0.540    0.0298     1.0564E+00    302.60    330.72    539.60   1581.97
  55     0.550    0.0301     1.0563E+00    302.60    330.73    539.63   1582.03
  56     0.560    0.0297     1.0563E+00    302.60    330.74    539.66   1582.08
  57     0.570    0.0285     1.0555E+00    302.60    330.75    539.70   1582.12
  58     0.580    0.0282     1.0555E+00    302.61    330.76    539.73   1582.17
  59     0.590    0.0283     1.0555E+00    302.61    330.77    539.76   1582.22
  60     0.600    0.0281     1.0555E+00    302.61    330.78    539.79   1582.27
  61     0.610    0.0284     1.0554E+00    302.61    330.79    539.82   1582.32
  62     0.620    0.0285     1.0554E+00    302.61    330.80    539.85   1582.37
  63     0.630    0.0280     1.0554E+00    302.62    330.81    539.88   1582.42
  64     0.640    0.0283     1.0545E+00    302.62    330.82    539.92   1582.47
  65     0.650    0.0280     1.0545E+00    302.62    330.83    539.95   1582.52
  66     0.660    0.0276     1.0545E+00    302.62    330.84    539.98   1582.56
  67     0.670    0.0276     1.0545E+00    302.62    330.85    540.01   1582.61
  68     0.680    0.0274     1.0545E+00    302.63    330.86    540.04   1582.66
  69     0.690    0.0275     1.0545E+00    302.63    330.86    540.07   1582.71
  70     0.700    0.0267     1.0537E+00    302.63    330.87    540.10   1582.75
  71     0.710    0.0268     1.0536E+00    302.63    330.88    540.13   1582.80
  72     0.720    0.0264     1.0536E+00    302.63    330.89    540.16   1582.85
  73     0.730    0.0262     1.0536E+00    302.64    330.90    540.18   1582.89
  74     0.740    0.0259     1.0536E+00    302.64    330.91    540.21   1582.94
  75     0.750    0.0255     1.0536E+00    302.64    330.92    540.24   1582.99
  76     0.760    0.0253     1.0536E+00    302.64    330.92    540.27   1583.03
  77     0.770    0.0253     1.0535E+00    302.64    330.93    540.30   1583.08
  78     0.780    0.0251     1.0528E+00    302.64    330.94    540.33   1583.13
  79     0.790    0.0248     1.0527E+00    302.65    330.95    540.36   1583.17
  80     0.800    0.0248     1.0527E+00    302.65    330.96    540.39   1583.22
  81     0.810    0.0246     1.0527E+00    302.65    330.96    540.41   1583.26
  82     0.820    0.0248     1.0527E+00    302.65    330.97    540.44   1583.31
  83     0.830    0.0245     1.0527E+00    302.65    330.98    540.47   1583.35
  84     0.840    0.0246     1.0527E+00    302.65    330.99    540.50   1583.40
  85     0.850    0.0244     1.0526E+00    302.66    330.99    540.53   1583.44
  86     0.860    0.0245     1.0526E+00    302.66    331.00    540.55   1583.49
  87     0.870    0.0234     1.0518E+00    302.66    331.01    540.58   1583.53
  88     0.880    0.0235     1.0518E+00    302.66    331.02    540.61   1583.58
  89     0.890    0.0231     1.0518E+00    302.66    331.02    540.63   1583.62
  90     0.900    0.0232     1.0518E+00    302.66    331.03    540.66   1583.67
  91     0.910    0.0235     1.0518E+00    302.66    331.04    540.69   1583.71
  92     0.920    0.0230     1.0518E+00    302.67    331.04    540.72   1583.75
  93     0.930    0.0232     1.0518E+00    302.67    331.05    540.74   1583.80
  94     0.940    0.0231     1.0517E+00    302.67    331.06    540.77   1583.84
  95     0.950    0.0229     1.0517E+00    302.67    331.06    540.80   1583.89
  96     0.960    0.0227     1.0516E+00    302.67    331.07    540.82   1583.93
  97     0.970    0.0223     1.0509E+00    302.67    331.08    540.85   1583.97
  98     0.980    0.0221     1.0509E+00    302.67    331.08    540.87   1584.02
  99     0.990    0.0219     1.0509E+00    302.68    331.09    540.90   1584.06
 100     1.000    0.0219     1.0508E+00    302.68    331.09    540.92   1584.10

   WARNING: SOME NEGATIVE CXs (DUE TO CR INSERTION) ARE SUPPRESSED TO ZERO IN SUBROUTINE CROD_UPDT


 Total time :    45.3650894      seconds
