                       ###########################################################
                       #                     ADPRES 1.1                          #
                       #        ABU DHABI POLYTECHNIC REACTOR SIMULATOR          #
                       ###########################################################  


  ========================================INPUT DATA STARTS HERE=====================================
     1: ! CALCULATION MODE CARD                                                                             
     2: %MODE                                                                                               
     3: RODEJECT                                                                                            
     4:                                                                                                     
     5: ! CASE CARD                                                                                         
     6: %CASE                                                                                               
     7: NEACRP Problem                                                                                      
     8: 10.803 CM NODE SIZE                                                                                 
     9:                                                                                                     
    10: ! XSEC CARD                                                                                         
    11: %XSEC                                                                                               
    12: 2  11    ! Number of groups and number of materials                                                 
    13: !  sigtr        siga        nu*sigf       sigf      chi sigs_g1 sigs_g2                             
    14: 5.32058E-02  3.73279E-04  0.00000E+00  0.00000E+00  1.0  0.0  2.64554E-02                           
    15: 3.86406E-01  1.77215E-02  0.00000E+00  0.00000E+00  0.0  0.0  0.00000E+00  /COMP 1                  
    16: 2.95609E-01  1.18782E-03  0.00000E+00  0.00000E+00  1.0  0.0  2.31613E-02                           
    17: 2.45931E+00  2.52618E-01  0.00000E+00  0.00000E+00  0.0  0.0  0.00000E+00  /COMP 2                  
    18: 2.95609E-01  1.18782E-03  0.00000E+00  0.00000E+00  1.0  0.0  2.00808E-02                           
    19: 2.45931E+00  2.52618E-01  0.00000E+00  0.00000E+00  0.0  0.0  0.00000E+00  /COMP 3                  
    20: 2.22117E-01  8.71774E-03  4.98277E-03  1.90224E-03  1.0  0.0  1.82498E-02                           
    21: 8.03140E-01  6.52550E-02  8.39026E-02  3.43581E-02  0.0  0.0  0.00000E+00  /COMP 4                  
    22: 2.21914E-01  9.06133E-03  5.57659E-03  2.14498E-03  1.0  0.0  1.80040E-02                           
    23: 7.95538E-01  7.23354E-02  9.98629E-02  4.08938E-02  0.0  0.0  0.00000E+00  /COMP 5                  
    24: 2.21715E-01  9.38496E-03  6.15047E-03  2.37972E-03  1.0  0.0  1.77670E-02                           
    25: 7.89253E-01  7.89203E-02  1.14667E-01  4.69561E-02  0.0  0.0  0.00000E+00  /COMP 6                  
    26: 2.22039E-01  9.31692E-03  5.55010E-03  2.13629E-03  1.0  0.0  1.71381E-02                           
    27: 7.76230E-01  7.96328E-02  9.85576E-02  4.03596E-02  0.0  0.0  0.00000E+00  /COMP 7                  
    28: 2.22083E-01  9.40032E-03  5.54083E-03  2.13318E-03  1.0  0.0  1.68501E-02                           
    29: 7.69969E-01  8.21087E-02  9.80059E-02  4.01338E-02  0.0  0.0  0.00000E+00  /COMP 8                  
    30: 2.22127E-01  9.48286E-03  5.53137E-03  2.13003E-03  1.0  0.0  1.65626E-02                           
    31: 7.63813E-01  8.45912E-02  9.74109E-02  3.98902E-02  0.0  0.0  0.00000E+00  /COMP 9                  
    32: 2.21836E-01  9.63720E-03  6.12382E-03  2.37097E-03  1.0  0.0  1.69043E-02                           
    33: 7.70705E-01  8.61187E-02  1.13241E-01  4.63724E-02  0.0  0.0  0.00000E+00  /COMP 10                 
    34: 2.21878E-01  9.71937E-03  6.11444E-03  2.36781E-03  1.0  0.0  1.66175E-02                           
    35: 7.64704E-01  8.85488E-02  1.12635E-01  4.61246E-02  0.0  0.0  0.00000E+00  /COMP 11                 
    36:                                                                                                     
    37: ! GEOMETRY CARD                                                                                     
    38: %GEOM                                                                                               
    39: 17 9 18               !nx, ny, nz                                                                   
    40: 17*21.606             !x-direction assembly size in cm                                              
    41:   17*2                !x-direction assembly divided 2x2                                             
    42: 8*21.606 10.803       !y-direction assembly size in cm                                              
    43:   8*2       1         !y-direction assembly divided 2x2                                             
    44: 30.  7.7  11.0  15.0  10*30.0  2*12.8  8.0  30.      !z-direction size  in cm (from bottom to top)  
    45: 18*1                 !z-direction assembly divided into 20 cm each                                  
    46: 3                    !np number of planar type                                                      
    47: 1  2  15*3  1        !planar assignment (from bottom to top)                                        
    48: ! Planar_Reg 1                                                                                      
    49: 2  1  1  1  1  1  1  1  1  1  1  1  1  1  1  1  2                                                   
    50: 2  1  1  1  1  1  1  1  1  1  1  1  1  1  1  1  2                                                   
    51: 2  3  1  1  1  1  1  1  1  1  1  1  1  1  1  3  2                                                   
    52: 0  2  1  1  1  1  1  1  1  1  1  1  1  1  1  2  0                                                   
    53: 0  2  3  1  1  1  1  1  1  1  1  1  1  1  3  2  0                                                   
    54: 0  0  2  3  1  1  1  1  1  1  1  1  1  3  2  0  0                                                   
    55: 0  0  0  2  3  1  1  1  1  1  1  1  3  2  0  0  0                                                   
    56: 0  0  0  0  2  2  3  1  1  1  3  2  2  0  0  0  0                                                   
    57: 0  0  0  0  0  0  2  2  2  2  2  0  0  0  0  0  0                                                   
    58: ! Planar_Reg 2                                                                                      
    59: 2  6  4  5  4  5  4  5  4  5  4  5  4  5  4  6  2                                                   
    60: 2  6  6  4  5  4  5  4  5  4  5  4  5  4  6  6  2                                                   
    61: 2  3  6  5  4  5  4  5  4  5  4  5  4  5  6  3  2                                                   
    62: 0  2  6  6  5  4  5  4  5  4  5  4  5  6  6  2  0                                                   
    63: 0  2  3  6  4  5  4  5  4  5  4  5  4  6  3  2  0                                                   
    64: 0  0  2  3  6  6  5  4  5  4  5  6  6  3  2  0  0                                                   
    65: 0  0  0  2  3  6  6  6  4  6  6  6  3  2  0  0  0                                                   
    66: 0  0  0  0  2  2  3  6  6  6  3  2  2  0  0  0  0                                                   
    67: 0  0  0  0  0  0  2  2  2  2  2  0  0  0  0  0  0                                                   
    68: ! Planar_Reg 3                                                                                      
    69: 2  6  4  7  4  9  4  9  4  9  4  9  4  7  4  6  2                                                   
    70: 2  6 11  4  8  4  8  4  9  4  8  4  8  4 11  6  2                                                   
    71: 2  3  6  8  4  8  4  8  4  8  4  8  4  8  6  3  2                                                   
    72: 0  2  6 10  8  4  8  4  9  4  8  4  8 10  6  2  0                                                   
    73: 0  2  3  6  4  8  4  8  4  8  4  8  4  6  3  2  0                                                   
    74: 0  0  2  3  6 10  8  4  7  4  8 10  6  3  2  0  0                                                   
    75: 0  0  0  2  3  6  6 11  4 11  6  6  3  2  0  0  0                                                   
    76: 0  0  0  0  2  2  3  6  6  6  3  2  2  0  0  0  0                                                   
    77: 0  0  0  0  0  0  2  2  2  2  2  0  0  0  0  0  0                                                   
    78: ! Boundary conditions (east), (west), (north), (south), (bottom), (top)                             
    79: 1 1 2 1 1 1                                                                                         
    80:                                                                                                     
    81: ! CONTROL CARD                                                                                      
    82: %CROD                                                                                               
    83: 8  228.                        ! Number of CR banks and max number of banks                         
    84: 37.7 1.5942237                ! Zero step pos. (cm) and cm/step (total 228 steps)                   
    85: 0.  0.  0.  228.  0.  228.  0.  0.           ! CR Bank pos.                                         
    86: 0  0  3  0  0  0  2  0  1  0  2  0  0  0  8  0  0                                                   
    87: 0  0  0  6  0  0  0  4  0  4  0  0  0  6  0  0  0                                                   
    88: 0  0  6  0  6  0  5  0  2  0  5  0  6  0  6  0  0                                                   
    89: 0  0  0  0  0  4  0  0  0  0  0  4  0  0  0  0  0                                                   
    90: 0  0  0  0  7  0  6  0  0  0  6  0  7  0  0  0  0                                                   
    91: 0  0  0  0  0  0  0  6  0  6  0  0  0  0  0  0  0                                                   
    92: 0  0  0  0  0  0  6  0  3  0  6  0  0  0  0  0  0                                                   
    93: 0  0  0  0  0  0  0  0  0  0  0  0  0  0  0  0  0                                                   
    94: 0  0  0  0  0  0  0  0  0  0  0  0  0  0  0  0  0                                                   
    95: ! CX changes                                                                                        
    96: !  sigtr        siga        nu*sigf      sigf      sigs_g1   sigs_g2                                
    97:  3.73220E-03  2.47770E-03 -1.02786E-04 -3.77989E-05  0.0 -3.19253E-03                               
    98: -2.19926E-02  2.55875E-02 -2.82319E-03 -1.15483E-03  0.0  0.00000E+00    /COMP 1                    
    99:  3.73220E-03  2.47770E-03 -1.02786E-04 -3.77989E-05  0.0 -3.19253E-03                               
   100: -2.19926E-02  2.55875E-02 -2.82319E-03 -1.15483E-03  0.0  0.00000E+00    /COMP 2                    
   101:  3.73220E-03  2.47770E-03 -1.02786E-04 -3.77989E-05  0.0 -3.19253E-03                               
   102: -2.19926E-02  2.55875E-02 -2.82319E-03 -1.15483E-03  0.0  0.00000E+00    /COMP 3                    
   103:  3.73220E-03  2.47770E-03 -1.02786E-04 -3.77989E-05  0.0 -3.19253E-03                               
   104: -2.19926E-02  2.55875E-02 -2.82319E-03 -1.15483E-03  0.0  0.00000E+00    /COMP 4                    
   105:  3.73220E-03  2.47770E-03 -1.02786E-04 -3.77989E-05  0.0 -3.19253E-03                               
   106: -2.19926E-02  2.55875E-02 -2.82319E-03 -1.15483E-03  0.0  0.00000E+00    /COMP 5                    
   107:  3.74092E-03  2.42926E-03 -1.22634E-04 -4.59250E-05  0.0 -3.14239E-03                               
   108: -1.67503E-02  2.56478E-02 -3.28086E-03 -1.34262E-03  0.0  0.00000E+00    /COMP 6                    
   109:  3.73220E-03  2.47770E-03 -1.02786E-04 -3.77989E-05  0.0 -3.19253E-03                               
   110: -2.19926E-02  2.55875E-02 -2.82319E-03 -1.15483E-03  0.0  0.00000E+00    /COMP 7                    
   111:  3.73220E-03  2.47770E-03 -1.02786E-04 -3.77989E-05  0.0 -3.19253E-03                               
   112: -2.19926E-02  2.55875E-02 -2.82319E-03 -1.15483E-03  0.0  0.00000E+00    /COMP 8                    
   113:  3.73220E-03  2.47770E-03 -1.02786E-04 -3.77989E-05  0.0 -3.19253E-03                               
   114: -2.19926E-02  2.55875E-02 -2.82319E-03 -1.15483E-03  0.0  0.00000E+00    /COMP 9                    
   115:  3.73220E-03  2.47770E-03 -1.02786E-04 -3.77989E-05  0.0 -3.19253E-03                               
   116: -2.19926E-02  2.55875E-02 -2.82319E-03 -1.15483E-03  0.0  0.00000E+00    /COMP 10                   
   117:  3.73220E-03  2.47770E-03 -1.02786E-04 -3.77989E-05  0.0 -3.19253E-03                               
   118: -2.19926E-02  2.55875E-02 -2.82319E-03 -1.15483E-03  0.0  0.00000E+00    /COMP 11                   
   119: 1                                                                                                   
   120:                                                                                                     
   121: ! CRITICAL BORON SEARCH CARD                                                                        
   122: %BCON                                                                                               
   123: 1131.9  1200.2  !Boron concentration ref. in ppm                                                    
   124: ! CX change per unit ppm change of Boron concentration                                              
   125: !  sigtr          siga         nu*sigf       sigf      sigs_g1   sigs_g2                            
   126:  6.11833E-08  1.87731E-07  0.00000E+00  0.00000E+00  0.0  7.91457E-10                               
   127:  5.17535E-06  1.02635E-05  0.00000E+00  0.00000E+00  0.0  0.00000E+00    /COMP 1                    
   128:  0.00000E+00  0.00000E+00  0.00000E+00  0.00000E+00  0.0  0.00000E+00                               
   129:  7.76184E-04  8.44695E-05  0.00000E+00  0.00000E+00  0.0  0.00000E+00    /COMP 2                    
   130:  0.00000E+00  0.00000E+00  0.00000E+00  0.00000E+00  0.0  0.00000E+00                               
   131:  7.76184E-04  8.44695E-05  0.00000E+00  0.00000E+00  0.0  0.00000E+00    /COMP 3                    
   132:  3.47809E-08  1.28505E-07 -1.12099E-09 -5.48359E-10  0.0 -1.08590E-07                               
   133: -9.76510E-06  7.08807E-06 -2.43045E-06 -9.95273E-07  0.0  0.00000E+00    /COMP 4                    
   134:  3.53826E-08  1.26709E-07 -1.67880E-09 -7.77979E-10  0.0 -1.06951E-07                               
   135: -8.50169E-06  6.82311E-06 -2.72445E-06 -1.11566E-06  0.0  0.00000E+00    /COMP 5                    
   136:  3.59838E-08  1.24986E-07 -2.21038E-09 -9.96655E-10  0.0 -1.05374E-07                               
   137: -7.46251E-06  6.59798E-06 -2.95883E-06 -1.21164E-06  0.0  0.00000E+00    /COMP 6                    
   138:  3.37806E-08  1.19869E-07 -1.71323E-09 -7.77979E-10  0.0 -1.00873E-07                               
   139: -6.73744E-06  6.29310E-06 -2.55359E-06 -1.04561E-06  0.0  0.00000E+00    /COMP 7                    
   140:  3.32495E-08  1.17585E-07 -1.72421E-09 -7.93326E-10  0.0 -9.88578E-08                               
   141: -6.19725E-06  6.11904E-06 -2.48880E-06 -1.01904E-06  0.0  0.00000E+00    /COMP 8                    
   142:  3.27201E-08  1.15319E-07 -1.73502E-09 -7.96916E-10  0.0 -9.68489E-08                               
   143: -5.68220E-06  5.94711E-06 -2.42240E-06 -9.91815E-07  0.0  0.00000E+00    /COMP 9                    
   144:  3.43859E-08  1.18186E-07 -2.24335E-09 -9.96655E-10  0.0 -9.93312E-08                               
   145: -5.86898E-06  6.08443E-06 -2.77657E-06 -1.13696E-06  0.0  0.00000E+00    /COMP 10                   
   146:  3.38559E-08  1.15917E-07 -2.25369E-09 -1.01112E-09  0.0 -9.73291E-08                               
   147: -5.38345E-06  5.91697E-06 -2.70780E-06 -1.10878E-06  0.0  0.00000E+00                               
   148:                                                                                                     
   149: ! FUEL TEMPERATURE CARD                                                                             
   150: %FTEM                                                                                               
   151: 891.19  891.45  ! Average Fuel Temperature and fuel temperature Ref. in Kelvin                      
   152: ! CX change per Fuel Temperature Changes                                                            
   153: !  sigtr          siga         nu*sigf       sigf      sigs_g1   sigs_g2                            
   154:  0.00000E+00  0.00000E+00  0.00000E+00  0.00000E+00  0.00000E+00  0.00000E+00                       
   155:  0.00000E+00  0.00000E+00  0.00000E+00  0.00000E+00  0.00000E+00  0.00000E+00    /COMP 1            
   156:  0.00000E+00  0.00000E+00  0.00000E+00  0.00000E+00  0.00000E+00  0.00000E+00                       
   157:  0.00000E+00  0.00000E+00  0.00000E+00  0.00000E+00  0.00000E+00  0.00000E+00    /COMP 2            
   158:  0.00000E+00  0.00000E+00  0.00000E+00  0.00000E+00  0.00000E+00  0.00000E+00                       
   159:  0.00000E+00  0.00000E+00  0.00000E+00  0.00000E+00  0.00000E+00  0.00000E+00    /COMP 3            
   160: -3.09197E-05  3.49709E-05  6.40134E-07  2.22662E-07  0.00000E+00 -2.75536E-05                       
   161: -1.37292E-04 -3.71806E-05 -5.63037E-05 -2.30564E-05  0.00000E+00  0.00000E+00    /COMP 4            
   162: -3.08607E-05  3.51798E-05  9.97431E-07  3.69389E-07  0.00000E+00 -2.76766E-05                       
   163: -1.17481E-04 -3.77039E-05 -6.04155E-05 -2.47402E-05  0.00000E+00  0.00000E+00    /COMP 5            
   164: -3.09165E-05  3.53841E-05  1.41847E-06  5.42386E-07  0.00000E+00 -2.78390E-05                       
   165: -1.01337E-04 -3.77558E-05 -6.30960E-05 -2.58379E-05  0.00000E+00  0.00000E+00    /COMP 6            
   166: -3.13746E-05  3.48699E-05  9.45431E-07  3.69389E-07  0.00000E+00 -2.73550E-05                       
   167: -1.08271E-04 -3.72748E-05 -5.79662E-05 -2.37320E-05  0.00000E+00  0.00000E+00    /COMP 7            
   168: -3.15503E-05  3.47274E-05  9.26078E-07  3.39044E-07  0.00000E+00 -2.72381E-05                       
   169: -1.05521E-04 -3.71808E-05 -5.71108E-05 -2.33804E-05  0.00000E+00  0.00000E+00    /COMP 8            
   170: -3.17281E-05  3.46026E-05  9.05802E-07  3.30425E-07  0.00000E+00 -2.71169E-05                       
   171: -1.02525E-04 -3.70201E-05 -5.61543E-05 -2.29872E-05  0.00000E+00  0.00000E+00    /COMP 9            
   172: -3.14192E-05  3.50637E-05  1.35642E-06  5.42386E-07  0.00000E+00 -2.75049E-05                       
   173: -9.38886E-05 -3.71403E-05 -6.05052E-05 -2.47739E-05  0.00000E+00  0.00000E+00    /COMP 10           
   174: -3.15908E-05  3.49119E-05  1.33336E-06  5.06596E-07  0.00000E+00 -2.73835E-05                       
   175: -9.17126E-05 -3.69909E-05 -5.96284E-05 -2.44141E-05  0.00000E+00  0.00000E+00    /COMP 11           
   176:                                                                                                     
   177:                                                                                                     
   178: ! MODERATOR TEMPERATURE CARD                                                                        
   179: %MTEM                                                                                               
   180: 559.19  579.75  ! Average Moderator Temperature and Moderator temperature Ref. Kelvin               
   181: ! CX change per Moderator Temperature Changes                                                       
   182: !  sigtr          siga         nu*sigf       sigf     sigs_g1   sigs_g2                             
   183:  0.00000E+00  0.00000E+00  0.00000E+00  0.00000E+00  0.0  0.00000E+00                               
   184:  0.00000E+00  0.00000E+00  0.00000E+00  0.00000E+00  0.0  0.00000E+00    /COMP 1                    
   185:  0.00000E+00  0.00000E+00  0.00000E+00  0.00000E+00  0.0  0.00000E+00                               
   186:  0.00000E+00  0.00000E+00  0.00000E+00  0.00000E+00  0.0  0.00000E+00    /COMP 2                    
   187:  0.00000E+00  0.00000E+00  0.00000E+00  0.00000E+00  0.0  0.00000E+00                               
   188:  0.00000E+00  0.00000E+00  0.00000E+00  0.00000E+00  0.0  0.00000E+00    /COMP 3                    
   189: -2.03310E-06  2.12191E-07  1.24709E-07  4.45177E-08  0.0  8.09676E-07                               
   190: -1.08674E-04 -3.15597E-05 -4.16439E-05 -1.70531E-05  0.0  0.00000E+00    /COMP 4                    
   191: -1.98080E-06  2.26000E-07  1.35145E-07  4.88317E-08  0.0  8.58474E-07                               
   192: -9.06150E-05 -3.21435E-05 -4.53102E-05 -1.85545E-05  0.0  0.00000E+00    /COMP 5                    
   193: -1.92434E-06  2.39939E-07  1.49084E-07  5.45976E-08  0.0  9.03494E-07                               
   194: -7.62786E-05 -3.23776E-05 -4.78475E-05 -1.95937E-05  0.0  0.00000E+00    /COMP 6                    
   195: -2.69634E-06  2.48530E-07  1.40773E-07  4.88317E-08  0.0  7.01311E-07                               
   196: -7.62435E-05 -3.00119E-05 -4.20202E-05 -1.72074E-05  0.0  0.00000E+00    /COMP 7                    
   197: -3.07905E-06  2.61854E-07  1.43235E-07  5.22556E-08  0.0  6.17380E-07                               
   198: -7.33397E-05 -2.91929E-05 -4.07701E-05 -1.66956E-05  0.0  0.00000E+00    /COMP 8                    
   199: -3.53877E-06  2.74313E-07  1.46019E-07  5.34284E-08  0.0  5.16547E-07                               
   200: -7.13711E-05 -2.83041E-05 -3.94319E-05 -1.61475E-05  0.0  0.00000E+00    /COMP 9                    
   201: -2.63907E-06  2.64289E-07  1.55858E-07  5.45976E-08  0.0  7.44320E-07                               
   202: -6.39554E-05 -3.03509E-05 -4.44431E-05 -1.81997E-05  0.0  0.00000E+00    /COMP 10                   
   203: -3.02147E-06  2.79060E-07  1.58814E-07  5.86766E-08  0.0  6.59521E-07                               
   204: -6.16984E-05 -2.95626E-05 -4.31588E-05 -1.76738E-05  0.0  0.00000E+00    /COMP 11                   
   205:                                                                                                     
   206: ! COOLANT DENSITY CARD                                                                              
   207: %CDEN                                                                                               
   208: 0.7464  0.7125  ! Average Coolant Density and Coolant Density Ref. in g/cm3                         
   209: ! CX change per Coolant Density Changes                                                             
   210: !  sigtr          siga         nu*sigf       sigf     sigs_g1   sigs_g2                             
   211: 7.45756E-02  2.07688E-04  0.00000E+00  0.00000E+00  0.0  3.71310E-02                                
   212: 5.33634E-01  7.58421E-03  0.00000E+00  0.00000E+00  0.0  0.00000E+00    /COMP 1                     
   213: 0.00000E+00  0.00000E+00  0.00000E+00  0.00000E+00  0.0  0.00000E+00                                
   214: 0.00000E+00  0.00000E+00  0.00000E+00  0.00000E+00  0.0  0.00000E+00    /COMP 2                     
   215: 0.00000E+00  0.00000E+00  0.00000E+00  0.00000E+00  0.0  0.00000E+00                                
   216: 0.00000E+00  0.00000E+00  0.00000E+00  0.00000E+00  0.0  0.00000E+00    /COMP 3                     
   217: 1.35665E-01  1.55185E-03  9.20694E-04  3.18680E-04  0.0  2.93195E-02                                
   218: 9.92628E-01  2.52662E-02  2.47746E-02  1.01452E-02  0.0  0.00000E+00    /COMP 4                     
   219: 1.35748E-01  1.61491E-03  9.64160E-04  3.36573E-04  0.0  2.92696E-02                                
   220: 9.81985E-01  2.86667E-02  3.14993E-02  1.28990E-02  0.0  0.00000E+00    /COMP 5                     
   221: 1.35827E-01  1.68015E-03  1.01410E-03  3.57207E-04  0.0  2.92154E-02                                
   222: 9.72267E-01  3.19571E-02  3.81097E-02  1.56060E-02  0.0  0.00000E+00    /COMP 6                     
   223: 1.31033E-01  1.68397E-03  9.81951E-04  3.36573E-04  0.0  2.82489E-02                                
   224: 9.34697E-01  3.14240E-02  3.51588E-02  1.44016E-02  0.0  0.00000E+00    /COMP 7                     
   225: 1.29379E-01  1.71972E-03  9.88437E-04  3.46474E-04  0.0  2.78895E-02                                
   226: 9.18171E-01  3.24715E-02  3.63251E-02  1.48808E-02  0.0  0.00000E+00    /COMP 8                     
   227: 1.27682E-01  1.74989E-03  9.95175E-04  3.49236E-04  0.0  2.75202E-02                                
   228: 9.01293E-01  3.35945E-02  3.74499E-02  1.53431E-02  0.0  0.00000E+00    /COMP 9                     
   229: 1.31116E-01  1.75528E-03  1.03522E-03  3.57207E-04  0.0  2.81877E-02                                
   230: 9.24925E-01  3.49853E-02  4.20693E-02  1.72298E-02  0.0  0.00000E+00    /COMP 10                    
   231: 1.29463E-01  1.79499E-03  1.04291E-03  3.68921E-04  0.0  2.78259E-02                                
   232: 9.08456E-01  3.61032E-02  4.33215E-02  1.77435E-02  0.0  0.00000E+00    /COMP 11                    
   233:                                                                                                     
   234: ! THERMAL-HYDRAULIC CARD                                                                            
   235: %THER                                                                                               
   236: 0.0001                                 ! Percent power in %                                         
   237: 1387.5e6                               ! Reactor thermal power for quarter geometry in Watt         
   238: 559.15  82.12102                       ! Inlet coolant temp. (Kelvin) and Fuel Assembly Mass flow ra
   239: 4.11950E-03  6.8E-05  5.71E-04  1.2655E-2 ! Fuel meat rad., gap thinkness, cladding thinkness and pi
   240: 264  25                                ! Number of fuel pin and guide tubes                         
   241: 0.019                                  ! FRACTION OF HEAT DEPOSITED IN COOLANT                      
   242: 1                                                                                                   
   243:                                                                                                     
   244: %EJCT                                                                                               
   245: ! Final Bank Pos (steps)     Starts Move (seconds)     Speed (steps/seconds)                        
   246:      0.                       0.0                     0.0       ! Bank 1                            
   247:      0.                       0.0                     0.0       ! Bank 2                            
   248:      0.                       0.0                     0.0       ! Bank 3                            
   249:      228.                     0.0                     0.0       ! Bank 4                            
   250:      0.                       0.0                     0.0       ! Bank 5                            
   251:      228.                     0.0                     0.0       ! Bank 6                            
   252:      0.                       0.0                     0.0       ! Bank 7                            
   253:      228.                     0.0                  2280.0       ! Bank 8                            
   254: 5.  0.005  1.0  0.05            ! (seconds) total time, 1st time step, when to start 2nd time step, 
   255: 0.0002584 0.00152 0.0013908 0.0030704 0.001102 0.0002584 !beta                                      
   256: 0.0128  0.0318  0.119   0.3181  1.4027  3.9286           !decay constants                           
   257: 2.8E7    4.4E5     ! Neutron velocity                                                               
  ========================================INPUT DATA   ENDS HERE=====================================



                                             START READING INPUT
  ***************************************************************************************************
  CALCULATION MODE :                 ROD EJECTION CALCULATION

  CASE ID :   NEACRP Problem                                                                                    
   10.803 CM NODE SIZE                                                                               


            >>>> READING MACROSCOPIC CROSS SECTIONS <<<<
            --------------------------------------------

     MATERIAL  1
    GROUP   TRANSPORT    DIFFUSION  ABSORPTION    REMOVAL      NU*FISS      FISSION    FISS. SPCTR
       1     0.053206    6.264981    0.000373    0.026829     0.000000     0.000000     1.000000
       2     0.386406    0.862651    0.017722    0.017722     0.000000     0.000000     0.000000
   --SCATTERING MATRIX--
     G/G'          1          2
      1        0.000000    0.026455
      2        0.000000    0.000000

     MATERIAL  2
    GROUP   TRANSPORT    DIFFUSION  ABSORPTION    REMOVAL      NU*FISS      FISSION    FISS. SPCTR
       1     0.295609    1.127616    0.001188    0.024349     0.000000     0.000000     1.000000
       2     2.459310    0.135539    0.252618    0.252618     0.000000     0.000000     0.000000
   --SCATTERING MATRIX--
     G/G'          1          2
      1        0.000000    0.023161
      2        0.000000    0.000000

     MATERIAL  3
    GROUP   TRANSPORT    DIFFUSION  ABSORPTION    REMOVAL      NU*FISS      FISSION    FISS. SPCTR
       1     0.295609    1.127616    0.001188    0.021269     0.000000     0.000000     1.000000
       2     2.459310    0.135539    0.252618    0.252618     0.000000     0.000000     0.000000
   --SCATTERING MATRIX--
     G/G'          1          2
      1        0.000000    0.020081
      2        0.000000    0.000000

     MATERIAL  4
    GROUP   TRANSPORT    DIFFUSION  ABSORPTION    REMOVAL      NU*FISS      FISSION    FISS. SPCTR
       1     0.222117    1.500710    0.008718    0.026968     0.004983     0.001902     1.000000
       2     0.803140    0.415038    0.065255    0.065255     0.083903     0.034358     0.000000
   --SCATTERING MATRIX--
     G/G'          1          2
      1        0.000000    0.018250
      2        0.000000    0.000000

     MATERIAL  5
    GROUP   TRANSPORT    DIFFUSION  ABSORPTION    REMOVAL      NU*FISS      FISSION    FISS. SPCTR
       1     0.221914    1.502083    0.009061    0.027065     0.005577     0.002145     1.000000
       2     0.795538    0.419004    0.072335    0.072335     0.099863     0.040894     0.000000
   --SCATTERING MATRIX--
     G/G'          1          2
      1        0.000000    0.018004
      2        0.000000    0.000000

     MATERIAL  6
    GROUP   TRANSPORT    DIFFUSION  ABSORPTION    REMOVAL      NU*FISS      FISSION    FISS. SPCTR
       1     0.221715    1.503432    0.009385    0.027152     0.006150     0.002380     1.000000
       2     0.789253    0.422340    0.078920    0.078920     0.114667     0.046956     0.000000
   --SCATTERING MATRIX--
     G/G'          1          2
      1        0.000000    0.017767
      2        0.000000    0.000000

     MATERIAL  7
    GROUP   TRANSPORT    DIFFUSION  ABSORPTION    REMOVAL      NU*FISS      FISSION    FISS. SPCTR
       1     0.222039    1.501238    0.009317    0.026455     0.005550     0.002136     1.000000
       2     0.776230    0.429426    0.079633    0.079633     0.098558     0.040360     0.000000
   --SCATTERING MATRIX--
     G/G'          1          2
      1        0.000000    0.017138
      2        0.000000    0.000000

     MATERIAL  8
    GROUP   TRANSPORT    DIFFUSION  ABSORPTION    REMOVAL      NU*FISS      FISSION    FISS. SPCTR
       1     0.222083    1.500940    0.009400    0.026250     0.005541     0.002133     1.000000
       2     0.769969    0.432918    0.082109    0.082109     0.098006     0.040134     0.000000
   --SCATTERING MATRIX--
     G/G'          1          2
      1        0.000000    0.016850
      2        0.000000    0.000000

     MATERIAL  9
    GROUP   TRANSPORT    DIFFUSION  ABSORPTION    REMOVAL      NU*FISS      FISSION    FISS. SPCTR
       1     0.222127    1.500643    0.009483    0.026045     0.005531     0.002130     1.000000
       2     0.763813    0.436407    0.084591    0.084591     0.097411     0.039890     0.000000
   --SCATTERING MATRIX--
     G/G'          1          2
      1        0.000000    0.016563
      2        0.000000    0.000000

     MATERIAL 10
    GROUP   TRANSPORT    DIFFUSION  ABSORPTION    REMOVAL      NU*FISS      FISSION    FISS. SPCTR
       1     0.221836    1.502612    0.009637    0.026542     0.006124     0.002371     1.000000
       2     0.770705    0.432504    0.086119    0.086119     0.113241     0.046372     0.000000
   --SCATTERING MATRIX--
     G/G'          1          2
      1        0.000000    0.016904
      2        0.000000    0.000000

     MATERIAL 11
    GROUP   TRANSPORT    DIFFUSION  ABSORPTION    REMOVAL      NU*FISS      FISSION    FISS. SPCTR
       1     0.221878    1.502327    0.009719    0.026337     0.006114     0.002368     1.000000
       2     0.764704    0.435899    0.088549    0.088549     0.112635     0.046125     0.000000
   --SCATTERING MATRIX--
     G/G'          1          2
      1        0.000000    0.016617
      2        0.000000    0.000000

  ...Macroscopic CX Card is sucessfully read...


            >>>>>READING CORE GEOMETRY<<<<<
            -------------------------------
  Number of assembly in x, y and z directions respectively :
          17           9          18
  Number of nodes in x, y and z directions respectively :
          34          17          18

  x-directed nodes divison (delta-x)
    10.80  10.80  10.80  10.80  10.80  10.80  10.80  10.80  10.80  10.80
    10.80  10.80  10.80  10.80  10.80  10.80  10.80  10.80  10.80  10.80
    10.80  10.80  10.80  10.80  10.80  10.80  10.80  10.80  10.80  10.80
    10.80  10.80  10.80  10.80
  y-directed nodes divison (delta-y)
    10.80  10.80  10.80  10.80  10.80  10.80  10.80  10.80  10.80  10.80
    10.80  10.80  10.80  10.80  10.80  10.80  10.80

  Planar Region :  1
        1  2  3  4  5  6  7  8  9 10 11 12 13 14 15 16 17 18 19 20 21 22 23 24 25 26 27 28 29 30 31 32 33 34
    17  2  2  1  1  1  1  1  1  1  1  1  1  1  1  1  1  1  1  1  1  1  1  1  1  1  1  1  1  1  1  1  1  2  2 
    16  2  2  1  1  1  1  1  1  1  1  1  1  1  1  1  1  1  1  1  1  1  1  1  1  1  1  1  1  1  1  1  1  2  2 
    15  2  2  1  1  1  1  1  1  1  1  1  1  1  1  1  1  1  1  1  1  1  1  1  1  1  1  1  1  1  1  1  1  2  2 
    14  2  2  3  3  1  1  1  1  1  1  1  1  1  1  1  1  1  1  1  1  1  1  1  1  1  1  1  1  1  1  3  3  2  2 
    13  2  2  3  3  1  1  1  1  1  1  1  1  1  1  1  1  1  1  1  1  1  1  1  1  1  1  1  1  1  1  3  3  2  2 
    12        2  2  1  1  1  1  1  1  1  1  1  1  1  1  1  1  1  1  1  1  1  1  1  1  1  1  1  1  2  2       
    11        2  2  1  1  1  1  1  1  1  1  1  1  1  1  1  1  1  1  1  1  1  1  1  1  1  1  1  1  2  2       
    10        2  2  3  3  1  1  1  1  1  1  1  1  1  1  1  1  1  1  1  1  1  1  1  1  1  1  3  3  2  2       
     9        2  2  3  3  1  1  1  1  1  1  1  1  1  1  1  1  1  1  1  1  1  1  1  1  1  1  3  3  2  2       
     8              2  2  3  3  1  1  1  1  1  1  1  1  1  1  1  1  1  1  1  1  1  1  3  3  2  2             
     7              2  2  3  3  1  1  1  1  1  1  1  1  1  1  1  1  1  1  1  1  1  1  3  3  2  2             
     6                    2  2  3  3  1  1  1  1  1  1  1  1  1  1  1  1  1  1  3  3  2  2                   
     5                    2  2  3  3  1  1  1  1  1  1  1  1  1  1  1  1  1  1  3  3  2  2                   
     4                          2  2  2  2  3  3  1  1  1  1  1  1  3  3  2  2  2  2                         
     3                          2  2  2  2  3  3  1  1  1  1  1  1  3  3  2  2  2  2                         
     2                                      2  2  2  2  2  2  2  2  2  2                                     
     1                                      2  2  2  2  2  2  2  2  2  2                                     
  Planar Region :  2
        1  2  3  4  5  6  7  8  9 10 11 12 13 14 15 16 17 18 19 20 21 22 23 24 25 26 27 28 29 30 31 32 33 34
    17  2  2  6  6  4  4  5  5  4  4  5  5  4  4  5  5  4  4  5  5  4  4  5  5  4  4  5  5  4  4  6  6  2  2 
    16  2  2  6  6  6  6  4  4  5  5  4  4  5  5  4  4  5  5  4  4  5  5  4  4  5  5  4  4  6  6  6  6  2  2 
    15  2  2  6  6  6  6  4  4  5  5  4  4  5  5  4  4  5  5  4  4  5  5  4  4  5  5  4  4  6  6  6  6  2  2 
    14  2  2  3  3  6  6  5  5  4  4  5  5  4  4  5  5  4  4  5  5  4  4  5  5  4  4  5  5  6  6  3  3  2  2 
    13  2  2  3  3  6  6  5  5  4  4  5  5  4  4  5  5  4  4  5  5  4  4  5  5  4  4  5  5  6  6  3  3  2  2 
    12        2  2  6  6  6  6  5  5  4  4  5  5  4  4  5  5  4  4  5  5  4  4  5  5  6  6  6  6  2  2       
    11        2  2  6  6  6  6  5  5  4  4  5  5  4  4  5  5  4  4  5  5  4  4  5  5  6  6  6  6  2  2       
    10        2  2  3  3  6  6  4  4  5  5  4  4  5  5  4  4  5  5  4  4  5  5  4  4  6  6  3  3  2  2       
     9        2  2  3  3  6  6  4  4  5  5  4  4  5  5  4  4  5  5  4  4  5  5  4  4  6  6  3  3  2  2       
     8              2  2  3  3  6  6  6  6  5  5  4  4  5  5  4  4  5  5  6  6  6  6  3  3  2  2             
     7              2  2  3  3  6  6  6  6  5  5  4  4  5  5  4  4  5  5  6  6  6  6  3  3  2  2             
     6                    2  2  3  3  6  6  6  6  6  6  4  4  6  6  6  6  6  6  3  3  2  2                   
     5                    2  2  3  3  6  6  6  6  6  6  4  4  6  6  6  6  6  6  3  3  2  2                   
     4                          2  2  2  2  3  3  6  6  6  6  6  6  3  3  2  2  2  2                         
     3                          2  2  2  2  3  3  6  6  6  6  6  6  3  3  2  2  2  2                         
     2                                      2  2  2  2  2  2  2  2  2  2                                     
     1                                      2  2  2  2  2  2  2  2  2  2                                     
  Planar Region :  3
        1  2  3  4  5  6  7  8  9 10 11 12 13 14 15 16 17 18 19 20 21 22 23 24 25 26 27 28 29 30 31 32 33 34
    17  2  2  6  6  4  4  7  7  4  4  9  9  4  4  9  9  4  4  9  9  4  4  9  9  4  4  7  7  4  4  6  6  2  2 
    16  2  2  6  6  11 11 4  4  8  8  4  4  8  8  4  4  9  9  4  4  8  8  4  4  8  8  4  4  11 11 6  6  2  2 
    15  2  2  6  6  11 11 4  4  8  8  4  4  8  8  4  4  9  9  4  4  8  8  4  4  8  8  4  4  11 11 6  6  2  2 
    14  2  2  3  3  6  6  8  8  4  4  8  8  4  4  8  8  4  4  8  8  4  4  8  8  4  4  8  8  6  6  3  3  2  2 
    13  2  2  3  3  6  6  8  8  4  4  8  8  4  4  8  8  4  4  8  8  4  4  8  8  4  4  8  8  6  6  3  3  2  2 
    12        2  2  6  6  10 10 8  8  4  4  8  8  4  4  9  9  4  4  8  8  4  4  8  8  10 10 6  6  2  2       
    11        2  2  6  6  10 10 8  8  4  4  8  8  4  4  9  9  4  4  8  8  4  4  8  8  10 10 6  6  2  2       
    10        2  2  3  3  6  6  4  4  8  8  4  4  8  8  4  4  8  8  4  4  8  8  4  4  6  6  3  3  2  2       
     9        2  2  3  3  6  6  4  4  8  8  4  4  8  8  4  4  8  8  4  4  8  8  4  4  6  6  3  3  2  2       
     8              2  2  3  3  6  6  10 10 8  8  4  4  7  7  4  4  8  8  10 10 6  6  3  3  2  2             
     7              2  2  3  3  6  6  10 10 8  8  4  4  7  7  4  4  8  8  10 10 6  6  3  3  2  2             
     6                    2  2  3  3  6  6  6  6  11 11 4  4  11 11 6  6  6  6  3  3  2  2                   
     5                    2  2  3  3  6  6  6  6  11 11 4  4  11 11 6  6  6  6  3  3  2  2                   
     4                          2  2  2  2  3  3  6  6  6  6  6  6  3  3  2  2  2  2                         
     3                          2  2  2  2  3  3  6  6  6  6  6  6  3  3  2  2  2  2                         
     2                                      2  2  2  2  2  2  2  2  2  2                                     
     1                                      2  2  2  2  2  2  2  2  2  2                                     

  Planar Region Assignment to planes.
 --------------------------------------
   Plane Number     Planar Region    delta-z
       18 (TOP)            1          30.00
       17                  3           8.00
       16                  3          12.80
       15                  3          12.80
       14                  3          30.00
       13                  3          30.00
       12                  3          30.00
       11                  3          30.00
       10                  3          30.00
        9                  3          30.00
        8                  3          30.00
        7                  3          30.00
        6                  3          30.00
        5                  3          30.00
        4                  3          15.00
        3                  3          11.00
        2                  2           7.70
        1 (BOTTOM)         1          30.00

   Boundary conditions
  X-directed West   : ZERO INCOMING CURRENT
  X-directed East   : ZERO INCOMING CURRENT
  Y-directed North  : REFLECTIVE
  Y-directed South  : ZERO INCOMING CURRENT
  Z-directed Bottom : ZERO INCOMING CURRENT
  Z-directed Top    : ZERO INCOMING CURRENT

  ...Core geometry is sucessfully read...


            >>>>       READING BORON CONCENTRATION        <<<<
            --------------------------------------------------

  ...Boron Concentration card is sucessfully read...


            >>>>      READING FUEL TEMPERATURE      <<<<
            --------------------------------------------

  ...Fuel Temperature is card sucessfully read...


            >>>>   READING MODERATOR TEMPERATURE    <<<<
            --------------------------------------------

  ...Moderator Temperature Card is sucessfully read...


            >>>>       READING COOLANT DENSITY      <<<<
            --------------------------------------------

  ...Coolant Density Card is sucessfully read...


            >>>> READING CONTROL RODS INSERTION <<<<
            --------------------------------------------
  NUMBER OF CONTROL ROD BANK  :  8
  MAX. NUMBER OF STEPS  : 228
  FULLY INSERTED POSITION (cm): 37.7 (FROM BOTTOM OF THE CORE)
  STEP SIZE (cm)              :   1.5942
  INITIAL CONTROL ROD BANK POSITION (STEPS) : 
  (0 means fully inserted) 
    Bank  1  Bank  2  Bank  3  Bank  4  Bank  5  Bank  6  Bank  7  Bank  8
      0.0      0.0      0.0    228.0      0.0    228.0      0.0      0.0

  CONTROL ROD BANK MAP : 
  0  0  3  0  0  0  2  0  1  0  2  0  0  0  8  0  0
  0  0  0  6  0  0  0  4  0  4  0  0  0  6  0  0  0
  0  0  6  0  6  0  5  0  2  0  5  0  6  0  6  0  0
  0  0  0  0  0  4  0  0  0  0  0  4  0  0  0  0  0
  0  0  0  0  7  0  6  0  0  0  6  0  7  0  0  0  0
  0  0  0  0  0  0  0  6  0  6  0  0  0  0  0  0  0
  0  0  0  0  0  0  6  0  3  0  6  0  0  0  0  0  0
  0  0  0  0  0  0  0  0  0  0  0  0  0  0  0  0  0
  0  0  0  0  0  0  0  0  0  0  0  0  0  0  0  0  0

  MATERIAL CX INCREMENT OR DECREMENT DUE TO CR INSERTION : 
    MATERIAL  1
    GROUP   TRANSPORT  ABSORPTION      NU*FISS      FISSION
       1     0.003732    0.002478    -0.000103    -0.000038
       2    -0.021993    0.025587    -0.002823    -0.001155
   --SCATTERING MATRIX--
     G/G'        1        2
      1      0.000000 -0.003193
      2      0.000000  0.000000
    MATERIAL  2
    GROUP   TRANSPORT  ABSORPTION      NU*FISS      FISSION
       1     0.003732    0.002478    -0.000103    -0.000038
       2    -0.021993    0.025587    -0.002823    -0.001155
   --SCATTERING MATRIX--
     G/G'        1        2
      1      0.000000 -0.003193
      2      0.000000  0.000000
    MATERIAL  3
    GROUP   TRANSPORT  ABSORPTION      NU*FISS      FISSION
       1     0.003732    0.002478    -0.000103    -0.000038
       2    -0.021993    0.025587    -0.002823    -0.001155
   --SCATTERING MATRIX--
     G/G'        1        2
      1      0.000000 -0.003193
      2      0.000000  0.000000
    MATERIAL  4
    GROUP   TRANSPORT  ABSORPTION      NU*FISS      FISSION
       1     0.003732    0.002478    -0.000103    -0.000038
       2    -0.021993    0.025587    -0.002823    -0.001155
   --SCATTERING MATRIX--
     G/G'        1        2
      1      0.000000 -0.003193
      2      0.000000  0.000000
    MATERIAL  5
    GROUP   TRANSPORT  ABSORPTION      NU*FISS      FISSION
       1     0.003732    0.002478    -0.000103    -0.000038
       2    -0.021993    0.025587    -0.002823    -0.001155
   --SCATTERING MATRIX--
     G/G'        1        2
      1      0.000000 -0.003193
      2      0.000000  0.000000
    MATERIAL  6
    GROUP   TRANSPORT  ABSORPTION      NU*FISS      FISSION
       1     0.003741    0.002429    -0.000123    -0.000046
       2    -0.016750    0.025648    -0.003281    -0.001343
   --SCATTERING MATRIX--
     G/G'        1        2
      1      0.000000 -0.003142
      2      0.000000  0.000000
    MATERIAL  7
    GROUP   TRANSPORT  ABSORPTION      NU*FISS      FISSION
       1     0.003732    0.002478    -0.000103    -0.000038
       2    -0.021993    0.025587    -0.002823    -0.001155
   --SCATTERING MATRIX--
     G/G'        1        2
      1      0.000000 -0.003193
      2      0.000000  0.000000
    MATERIAL  8
    GROUP   TRANSPORT  ABSORPTION      NU*FISS      FISSION
       1     0.003732    0.002478    -0.000103    -0.000038
       2    -0.021993    0.025587    -0.002823    -0.001155
   --SCATTERING MATRIX--
     G/G'        1        2
      1      0.000000 -0.003193
      2      0.000000  0.000000
    MATERIAL  9
    GROUP   TRANSPORT  ABSORPTION      NU*FISS      FISSION
       1     0.003732    0.002478    -0.000103    -0.000038
       2    -0.021993    0.025587    -0.002823    -0.001155
   --SCATTERING MATRIX--
     G/G'        1        2
      1      0.000000 -0.003193
      2      0.000000  0.000000
    MATERIAL 10
    GROUP   TRANSPORT  ABSORPTION      NU*FISS      FISSION
       1     0.003732    0.002478    -0.000103    -0.000038
       2    -0.021993    0.025587    -0.002823    -0.001155
   --SCATTERING MATRIX--
     G/G'        1        2
      1      0.000000 -0.003193
      2      0.000000  0.000000
    MATERIAL 11
    GROUP   TRANSPORT  ABSORPTION      NU*FISS      FISSION
       1     0.003732    0.002478    -0.000103    -0.000038
       2    -0.021993    0.025587    -0.002823    -0.001155
   --SCATTERING MATRIX--
     G/G'        1        2
      1      0.000000 -0.003193
      2      0.000000  0.000000

  ...Control Rods Insertion card is sucessfully read...


            >>>>     READING ROD EJECTION DATA      <<<<
            --------------------------------------------

  ...Rod Ejection Card is sucessfully read...


            >>>>   READING THERMAL-HYDRAULIC DATA   <<<<
            --------------------------------------------
  REACTOR PERCENT POWER (%)                :      0.00010
  REACTOR POWER (Watt)                     :   1.3875E+09
  COOLANT INLET TEMPERATURE (Kelvin)       :   5.5915E+02
  FUEL ASSEMBLY MASS FLOW RATE (Kg/s)      :   8.2121E+01
  FUEL MEAT RADIUS (m)                     :   4.1195E-03
  GAP THICKNESS (m)                        :   6.8000E-05
  CLAD THICKNESS (m)                       :   5.7100E-04
  PIN PITCH(m)                             :   1.2655E-02
  FRACTION OF HEAT DEPOSITED IN COOL.      :   1.9000E-02

  ...Thermal-hydraulic Card is sucessfully read...


  **********************************  STOP READING INPUT  *******************************************

  TRANSIENT RESULTS :

  Step  Time(s)  React.($)   Rel. Power   Avg. Tm   Max. Tm   Avg. Tf   Max. Tf
 --------------------------------------------------------------------------------
   0     0.000    0.0000     1.0000E-06    286.00    286.00    286.00    286.00
   1     0.005    0.0027     1.0014E-06    286.00    286.00    286.00    286.00
   2     0.010    0.0055     1.0049E-06    286.00    286.00    286.00    286.00
   3     0.015    0.0139     1.0129E-06    286.00    286.00    286.00    286.00
   4     0.020    0.0297     1.0260E-06    286.00    286.00    286.00    286.00
   5     0.025    0.0586     1.0522E-06    286.00    286.00    286.00    286.00
   6     0.030    0.0980     1.0905E-06    286.00    286.00    286.00    286.00
   7     0.035    0.1572     1.1500E-06    286.00    286.00    286.00    286.00
   8     0.040    0.2491     1.2518E-06    286.00    286.00    286.00    286.00
   9     0.045    0.3278     1.3757E-06    286.00    286.00    286.00    286.00
  10     0.050    0.4491     1.5709E-06    286.00    286.00    286.00    286.00
  11     0.055    0.5625     1.8438E-06    286.00    286.00    286.00    286.00
  12     0.060    0.6807     2.2402E-06    286.00    286.00    286.00    286.00
  13     0.065    0.8202     2.8851E-06    286.00    286.00    286.00    286.00
  14     0.070    0.9070     3.7732E-06    286.00    286.00    286.00    286.00
  15     0.075    1.0105     5.1773E-06    286.00    286.00    286.00    286.00
  16     0.080    1.0849     7.3372E-06    286.00    286.00    286.00    286.00
  17     0.085    1.1463     1.0705E-05    286.00    286.00    286.00    286.00
  18     0.090    1.1958     1.6151E-05    286.00    286.00    286.00    286.00
  19     0.095    1.2228     2.4554E-05    286.00    286.00    286.00    286.00
  20     0.100    1.2368     3.7285E-05    286.00    286.00    286.00    286.00
  21     0.105    1.2445     5.6394E-05    286.00    286.00    286.00    286.00
  22     0.110    1.2491     8.5107E-05    286.00    286.00    286.00    286.00
  23     0.115    1.2515     1.2818E-04    286.00    286.00    286.00    286.00
  24     0.120    1.2509     1.9278E-04    286.00    286.00    286.00    286.00
  25     0.125    1.2544     2.9007E-04    286.00    286.00    286.00    286.00
  26     0.130    1.2555     4.3600E-04    286.00    286.00    286.00    286.01
  27     0.135    1.2554     6.5506E-04    286.00    286.00    286.00    286.01
  28     0.140    1.2559     9.8426E-04    286.00    286.00    286.00    286.01
  29     0.145    1.2566     1.4781E-03    286.00    286.00    286.00    286.02
  30     0.150    1.2558     2.2195E-03    286.00    286.00    286.00    286.03
  31     0.155    1.2579     3.3329E-03    286.00    286.00    286.01    286.05
  32     0.160    1.2560     5.0054E-03    286.00    286.00    286.01    286.07
  33     0.165    1.2573     7.5152E-03    286.00    286.00    286.01    286.11
  34     0.170    1.2576     1.1283E-02    286.00    286.00    286.02    286.17
  35     0.175    1.2557     1.6935E-02    286.00    286.00    286.03    286.25
  36     0.180    1.2561     2.5405E-02    286.00    286.00    286.04    286.38
  37     0.185    1.2562     3.8102E-02    286.00    286.01    286.06    286.57
  38     0.190    1.2559     5.7112E-02    286.00    286.01    286.09    286.85
  39     0.195    1.2544     8.5507E-02    286.00    286.01    286.14    287.28
  40     0.200    1.2539     1.2784E-01    286.00    286.02    286.21    287.92
  41     0.205    1.2527     1.9074E-01    286.00    286.03    286.31    288.86
  42     0.210    1.2496     2.8348E-01    286.00    286.04    286.46    290.27
  43     0.215    1.2470     4.1914E-01    286.00    286.06    286.68    292.35
  44     0.220    1.2421     6.1501E-01    286.01    286.09    287.01    295.40
  45     0.225    1.2354     8.9294E-01    286.01    286.13    287.49    299.81
  46     0.230    1.2234     1.2766E+00    286.01    286.18    288.17    306.09
  47     0.235    1.2086     1.7848E+00    286.02    286.27    289.11    314.81
  48     0.240    1.1890     2.4196E+00    286.03    286.38    290.39    326.52
  49     0.245    1.1612     3.1493E+00    286.04    286.52    292.03    341.59
  50     0.250    1.1270     3.8915E+00    286.05    286.70    294.05    359.94
  51     0.255    1.0858     4.5182E+00    286.07    286.92    296.36    380.86
  52     0.260    1.0371     4.8895E+00    286.09    287.16    298.81    403.03
  53     0.265    0.9883     4.9255E+00    286.11    287.41    301.21    424.89
  54     0.270    0.9403     4.6237E+00    286.13    287.67    303.39    444.96
  55     0.275    0.8956     4.0887E+00    286.15    287.92    305.22    462.37
  56     0.280    0.8578     3.4393E+00    286.17    288.17    306.67    476.75
  57     0.285    0.8291     2.8001E+00    286.19    288.42    307.76    488.30
  58     0.290    0.8050     2.2350E+00    286.21    288.68    308.54    497.41
  59     0.295    0.7848     1.7694E+00    286.23    288.93    309.08    504.55
  60     0.300    0.7705     1.4087E+00    286.25    289.20    309.45    510.23
  61     0.305    0.7576     1.1359E+00    286.27    289.47    309.69    514.77
  62     0.310    0.7460     9.3446E-01    286.29    289.75    309.85    518.50
  63     0.315    0.7370     7.8686E-01    286.32    290.03    309.95    521.63
  64     0.320    0.7295     6.8016E-01    286.34    290.32    310.02    524.32
  65     0.325    0.7215     6.0227E-01    286.37    290.61    310.07    526.70
  66     0.330    0.7125     5.4418E-01    286.39    290.91    310.11    528.84
  67     0.335    0.7037     5.0061E-01    286.42    291.21    310.14    530.80
  68     0.340    0.6950     4.6716E-01    286.44    291.51    310.16    532.63
  69     0.345    0.6866     4.4076E-01    286.47    291.82    310.19    534.35
  70     0.350    0.6758     4.1930E-01    286.50    292.12    310.21    535.98
  71     0.355    0.6691     4.0168E-01    286.52    292.43    310.23    537.54
  72     0.360    0.6603     3.8661E-01    286.55    292.74    310.26    539.03
  73     0.365    0.6501     3.7373E-01    286.57    293.04    310.28    540.47
  74     0.370    0.6422     3.6206E-01    286.60    293.35    310.30    541.86
  75     0.375    0.6343     3.5117E-01    286.63    293.65    310.33    543.20
  76     0.380    0.6258     3.4138E-01    286.65    293.97    310.35    544.50
  77     0.385    0.6165     3.3218E-01    286.68    294.28    310.37    545.76
  78     0.390    0.6083     3.2373E-01    286.71    294.59    310.39    546.99
  79     0.395    0.5994     3.1591E-01    286.73    294.90    310.42    548.18
  80     0.400    0.5910     3.0845E-01    286.76    295.21    310.44    549.34
  81     0.405    0.5834     3.0151E-01    286.78    295.52    310.46    550.47
  82     0.410    0.5751     2.9484E-01    286.81    295.82    310.48    551.58
  83     0.415    0.5670     2.8869E-01    286.83    296.13    310.50    552.65
  84     0.420    0.5595     2.8283E-01    286.86    296.42    310.52    553.70
  85     0.425    0.5530     2.7729E-01    286.88    296.72    310.54    554.73
  86     0.430    0.5455     2.7196E-01    286.91    297.01    310.56    555.74
  87     0.435    0.5386     2.6698E-01    286.93    297.30    310.58    556.72
  88     0.440    0.5309     2.6220E-01    286.96    297.59    310.60    557.69
  89     0.445    0.5237     2.5765E-01    286.98    297.87    310.62    558.64
  90     0.450    0.5172     2.5334E-01    287.00    298.15    310.64    559.56
  91     0.455    0.5107     2.4923E-01    287.03    298.43    310.65    560.47
  92     0.460    0.5051     2.4527E-01    287.05    298.70    310.67    561.37
  93     0.465    0.4976     2.4154E-01    287.07    298.97    310.69    562.25
  94     0.470    0.4919     2.3796E-01    287.10    299.24    310.71    563.11
  95     0.475    0.4859     2.3458E-01    287.12    299.50    310.73    563.96
  96     0.480    0.4810     2.3137E-01    287.14    299.76    310.74    564.80
  97     0.485    0.4749     2.2822E-01    287.16    300.02    310.76    565.62
  98     0.490    0.4691     2.2526E-01    287.19    300.26    310.78    566.43
  99     0.495    0.4638     2.2239E-01    287.21    300.50    310.79    567.23
 100     0.500    0.4578     2.1967E-01    287.23    300.73    310.81    568.02
 101     0.505    0.4546     2.1710E-01    287.25    300.96    310.83    568.80
 102     0.510    0.4485     2.1458E-01    287.27    301.19    310.85    569.57
 103     0.515    0.4438     2.1214E-01    287.29    301.42    310.86    570.33
 104     0.520    0.4389     2.0984E-01    287.31    301.67    310.88    571.08
 105     0.525    0.4344     2.0762E-01    287.33    301.92    310.90    571.82
 106     0.530    0.4301     2.0548E-01    287.35    302.16    310.91    572.55
 107     0.535    0.4257     2.0344E-01    287.37    302.40    310.93    573.27
 108     0.540    0.4214     2.0146E-01    287.39    302.64    310.95    573.99
 109     0.545    0.4180     1.9956E-01    287.41    302.87    310.96    574.69
 110     0.550    0.4140     1.9774E-01    287.43    303.10    310.98    575.39
 111     0.555    0.4097     1.9597E-01    287.45    303.33    311.00    576.09
 112     0.560    0.4057     1.9429E-01    287.47    303.55    311.02    576.77
 113     0.565    0.4018     1.9265E-01    287.48    303.77    311.03    577.45
 114     0.570    0.3993     1.9109E-01    287.50    303.99    311.05    578.12
 115     0.575    0.3953     1.8958E-01    287.52    304.20    311.07    578.79
 116     0.580    0.3925     1.8812E-01    287.54    304.41    311.08    579.45
 117     0.585    0.3891     1.8672E-01    287.55    304.61    311.10    580.11
 118     0.590    0.3869     1.8537E-01    287.57    304.81    311.12    580.76
 119     0.595    0.3844     1.8406E-01    287.59    305.01    311.14    581.41
 120     0.600    0.3824     1.8281E-01    287.60    305.20    311.15    582.05
 121     0.605    0.3801     1.8161E-01    287.62    305.39    311.17    582.68
 122     0.610    0.3770     1.8045E-01    287.63    305.57    311.19    583.31
 123     0.615    0.3756     1.7935E-01    287.65    305.74    311.20    583.94
 124     0.620    0.3730     1.7827E-01    287.66    305.92    311.22    584.56
 125     0.625    0.3713     1.7725E-01    287.68    306.08    311.24    585.18
 126     0.630    0.3681     1.7625E-01    287.69    306.25    311.26    585.79
 127     0.635    0.3662     1.7529E-01    287.71    306.41    311.27    586.40
 128     0.640    0.3640     1.7437E-01    287.72    306.57    311.29    587.01
 129     0.645    0.3622     1.7348E-01    287.73    306.77    311.31    587.61
 130     0.650    0.3601     1.7261E-01    287.75    306.96    311.33    588.21
 131     0.655    0.3584     1.7180E-01    287.76    307.15    311.34    588.80
 132     0.660    0.3572     1.7100E-01    287.77    307.34    311.36    589.39
 133     0.665    0.3556     1.7023E-01    287.79    307.52    311.38    589.98
 134     0.670    0.3541     1.6949E-01    287.80    307.69    311.40    590.57
 135     0.675    0.3524     1.6879E-01    287.81    307.87    311.41    591.15
 136     0.680    0.3517     1.6810E-01    287.82    308.03    311.43    591.73
 137     0.685    0.3506     1.6744E-01    287.84    308.19    311.45    592.31
 138     0.690    0.3498     1.6680E-01    287.85    308.35    311.47    592.88
 139     0.695    0.3482     1.6619E-01    287.86    308.50    311.48    593.45
 140     0.700    0.3481     1.6560E-01    287.87    308.65    311.50    594.02
 141     0.705    0.3471     1.6504E-01    287.88    308.79    311.52    594.58
 142     0.710    0.3471     1.6449E-01    287.89    308.93    311.54    595.15
 143     0.715    0.3469     1.6396E-01    287.90    309.07    311.56    595.71
 144     0.720    0.3459     1.6345E-01    287.91    309.19    311.57    596.26
 145     0.725    0.3446     1.6295E-01    287.92    309.32    311.59    596.82
 146     0.730    0.3442     1.6248E-01    287.93    309.43    311.61    597.37
 147     0.735    0.3436     1.6201E-01    287.94    309.55    311.63    597.92
 148     0.740    0.3430     1.6157E-01    287.95    309.66    311.64    598.47
 149     0.745    0.3424     1.6114E-01    287.96    309.76    311.66    599.02
 150     0.750    0.3422     1.6072E-01    287.96    309.86    311.68    599.56
 151     0.755    0.3419     1.6032E-01    287.97    309.95    311.70    600.10
 152     0.760    0.3415     1.5993E-01    287.98    310.04    311.71    600.64
 153     0.765    0.3406     1.5955E-01    287.99    310.17    311.73    601.18
 154     0.770    0.3414     1.5919E-01    288.00    310.30    311.75    601.71
 155     0.775    0.3404     1.5883E-01    288.00    310.42    311.76    602.24
 156     0.780    0.3409     1.5849E-01    288.01    310.54    311.78    602.77
 157     0.785    0.3400     1.5816E-01    288.02    310.65    311.80    603.30
 158     0.790    0.3402     1.5784E-01    288.02    310.76    311.82    603.83
 159     0.795    0.3406     1.5754E-01    288.03    310.87    311.83    604.35
 160     0.800    0.3393     1.5724E-01    288.04    310.97    311.85    604.87
 161     0.805    0.3387     1.5695E-01    288.04    311.07    311.87    605.39
 162     0.810    0.3396     1.5668E-01    288.05    311.16    311.89    605.91
 163     0.815    0.3394     1.5641E-01    288.06    311.25    311.90    606.43
 164     0.820    0.3392     1.5615E-01    288.06    311.33    311.92    606.94
 165     0.825    0.3399     1.5590E-01    288.07    311.41    311.94    607.45
 166     0.830    0.3394     1.5567E-01    288.07    311.49    311.95    607.96
 167     0.835    0.3394     1.5543E-01    288.08    311.56    311.97    608.47
 168     0.840    0.3396     1.5520E-01    288.08    311.62    311.99    608.97
 169     0.845    0.3401     1.5498E-01    288.08    311.69    312.00    609.48
 170     0.850    0.3397     1.5478E-01    288.09    311.75    312.02    609.98
 171     0.855    0.3409     1.5457E-01    288.09    311.82    312.04    610.48
 172     0.860    0.3402     1.5437E-01    288.10    311.91    312.05    610.98
 173     0.865    0.3403     1.5418E-01    288.10    311.99    312.07    611.47
 174     0.870    0.3399     1.5399E-01    288.10    312.07    312.09    611.97
 175     0.875    0.3404     1.5382E-01    288.11    312.14    312.10    612.46
 176     0.880    0.3402     1.5365E-01    288.11    312.21    312.12    612.95
 177     0.885    0.3411     1.5348E-01    288.11    312.28    312.13    613.44
 178     0.890    0.3417     1.5331E-01    288.12    312.34    312.15    613.93
 179     0.895    0.3424     1.5315E-01    288.12    312.40    312.17    614.41
 180     0.900    0.3420     1.5301E-01    288.12    312.45    312.18    614.89
 181     0.905    0.3421     1.5286E-01    288.12    312.50    312.20    615.37
 182     0.910    0.3421     1.5271E-01    288.13    312.55    312.21    615.85
 183     0.915    0.3424     1.5257E-01    288.13    312.59    312.23    616.33
 184     0.920    0.3427     1.5243E-01    288.13    312.63    312.25    616.80
 185     0.925    0.3426     1.5230E-01    288.13    312.67    312.26    617.28
 186     0.930    0.3440     1.5216E-01    288.13    312.70    312.28    617.75
 187     0.935    0.3438     1.5203E-01    288.14    312.73    312.29    618.22
 188     0.940    0.3440     1.5190E-01    288.14    312.75    312.31    618.68
 189     0.945    0.3443     1.5178E-01    288.14    312.78    312.32    619.15
 190     0.950    0.3439     1.5166E-01    288.14    312.80    312.34    619.61
 191     0.955    0.3444     1.5155E-01    288.14    312.81    312.35    620.07
 192     0.960    0.3450     1.5144E-01    288.14    312.84    312.37    620.53
 193     0.965    0.3455     1.5133E-01    288.14    312.87    312.38    620.99
 194     0.970    0.3451     1.5122E-01    288.14    312.90    312.40    621.45
 195     0.975    0.3450     1.5112E-01    288.14    312.92    312.41    621.90
 196     0.980    0.3468     1.5101E-01    288.14    312.94    312.43    622.35
 197     0.985    0.3462     1.5091E-01    288.14    312.95    312.44    622.80
 198     0.990    0.3463     1.5080E-01    288.15    312.97    312.46    623.25
 199     0.995    0.3478     1.5071E-01    288.15    312.98    312.47    623.69
 200     1.000    0.3475     1.5061E-01    288.15    312.99    312.49    624.14
 201     1.050    0.3476     1.4920E-01    288.14    312.95    312.62    628.35
 202     1.100    0.3490     1.4833E-01    288.13    312.83    312.75    632.35
 203     1.150    0.3524     1.4773E-01    288.12    312.65    312.87    636.16
 204     1.200    0.3530     1.4705E-01    288.11    312.43    312.98    639.78
 205     1.250    0.3551     1.4646E-01    288.10    312.22    313.09    643.21
 206     1.300    0.3565     1.4600E-01    288.10    312.01    313.20    646.46
 207     1.350    0.3578     1.4548E-01    288.09    311.79    313.30    649.53
 208     1.400    0.3580     1.4509E-01    288.08    311.58    313.39    652.43
 209     1.450    0.3592     1.4468E-01    288.07    311.39    313.48    655.17
 210     1.500    0.3596     1.4433E-01    288.06    311.20    313.57    657.76
 211     1.550    0.3598     1.4401E-01    288.06    311.03    313.65    660.20
 212     1.600    0.3597     1.4371E-01    288.05    310.87    313.73    662.50
 213     1.650    0.3610     1.4345E-01    288.05    310.72    313.81    664.66
 214     1.700    0.3598     1.4319E-01    288.04    310.58    313.88    666.70
 215     1.750    0.3606     1.4297E-01    288.04    310.46    313.95    668.63
 216     1.800    0.3591     1.4283E-01    288.04    310.35    314.02    670.44
 217     1.850    0.3595     1.4264E-01    288.04    310.24    314.08    672.14
 218     1.900    0.3590     1.4247E-01    288.03    310.15    314.15    673.75
 219     1.950    0.3589     1.4235E-01    288.03    310.06    314.21    675.26
 220     2.000    0.3588     1.4234E-01    288.03    309.98    314.27    676.69
 221     2.050    0.3583     1.4220E-01    288.03    309.90    314.32    678.04
 222     2.100    0.3577     1.4214E-01    288.03    309.84    314.38    679.31
 223     2.150    0.3577     1.4206E-01    288.03    309.77    314.43    680.51
 224     2.200    0.3579     1.4201E-01    288.03    309.71    314.49    681.64
 225     2.250    0.3569     1.4199E-01    288.03    309.66    314.54    682.71
 226     2.300    0.3575     1.4198E-01    288.03    309.62    314.59    683.72
 227     2.350    0.3572     1.4197E-01    288.03    309.57    314.63    684.68
 228     2.400    0.3555     1.4197E-01    288.03    309.54    314.68    685.59
 229     2.450    0.3546     1.4199E-01    288.04    309.50    314.73    686.45
 230     2.500    0.3540     1.4202E-01    288.04    309.47    314.77    687.26
 231     2.550    0.3539     1.4205E-01    288.04    309.44    314.82    688.04
 232     2.600    0.3535     1.4210E-01    288.04    309.42    314.86    688.77
 233     2.650    0.3525     1.4215E-01    288.04    309.39    314.90    689.48
 234     2.700    0.3523     1.4222E-01    288.04    309.37    314.94    690.14
 235     2.750    0.3512     1.4231E-01    288.04    309.35    314.98    690.78
 236     2.800    0.3503     1.4238E-01    288.05    309.34    315.02    691.39
 237     2.850    0.3497     1.4248E-01    288.05    309.32    315.06    691.98
 238     2.900    0.3481     1.4260E-01    288.05    309.31    315.10    692.54
 239     2.950    0.3469     1.4269E-01    288.05    309.30    315.14    693.08
 240     3.000    0.3471     1.4281E-01    288.05    309.29    315.18    693.60
 241     3.050    0.3466     1.4294E-01    288.06    309.28    315.22    694.10
 242     3.100    0.3453     1.4307E-01    288.06    309.27    315.26    694.58
 243     3.150    0.3461     1.4321E-01    288.06    309.26    315.30    695.05
 244     3.200    0.3455     1.4335E-01    288.06    309.26    315.33    695.50
 245     3.250    0.3443     1.4350E-01    288.06    309.25    315.37    695.94
 246     3.300    0.3426     1.4365E-01    288.07    309.25    315.41    696.37
 247     3.350    0.3429     1.4380E-01    288.07    309.25    315.45    696.78
 248     3.400    0.3422     1.4396E-01    288.07    309.25    315.48    697.19
 249     3.450    0.3417     1.4413E-01    288.07    309.25    315.52    697.59
 250     3.500    0.3411     1.4439E-01    288.08    309.25    315.56    697.98
 251     3.550    0.3394     1.4451E-01    288.08    309.25    315.60    698.36
 252     3.600    0.3393     1.4463E-01    288.08    309.25    315.63    698.74
 253     3.650    0.3391     1.4481E-01    288.08    309.25    315.67    699.11
 254     3.700    0.3383     1.4498E-01    288.09    309.26    315.71    699.47
 255     3.750    0.3364     1.4515E-01    288.09    309.26    315.74    699.83
 256     3.800    0.3368     1.4532E-01    288.09    309.27    315.78    700.18
 257     3.850    0.3352     1.4549E-01    288.09    309.27    315.82    700.53
 258     3.900    0.3343     1.4567E-01    288.10    309.28    315.85    700.88
 259     3.950    0.3329     1.4586E-01    288.10    309.28    315.89    701.22
 260     4.000    0.3340     1.4618E-01    288.10    309.29    315.93    701.57
 261     4.050    0.3315     1.4632E-01    288.10    309.30    315.96    701.91
 262     4.100    0.3313     1.4643E-01    288.11    309.30    316.00    702.25
 263     4.150    0.3302     1.4658E-01    288.11    309.31    316.04    702.58
 264     4.200    0.3305     1.4675E-01    288.11    309.32    316.08    702.92
 265     4.250    0.3290     1.4693E-01    288.11    309.33    316.11    703.25
 266     4.300    0.3277     1.4711E-01    288.12    309.34    316.15    703.58
 267     4.350    0.3271     1.4740E-01    288.12    309.35    316.19    703.91
 268     4.400    0.3263     1.4752E-01    288.12    309.36    316.22    704.24
 269     4.450    0.3247     1.4767E-01    288.13    309.37    316.26    704.57
 270     4.500    0.3243     1.4783E-01    288.13    309.38    316.30    704.94
 271     4.550    0.3244     1.4801E-01    288.13    309.39    316.33    705.40
 272     4.600    0.3233     1.4818E-01    288.13    309.40    316.37    705.86
 273     4.650    0.3238     1.4836E-01    288.14    309.41    316.41    706.32
 274     4.700    0.3226     1.4853E-01    288.14    309.42    316.45    706.78
 275     4.750    0.3217     1.4872E-01    288.14    309.44    316.48    707.24
 276     4.800    0.3202     1.4889E-01    288.14    309.45    316.52    707.70
 277     4.850    0.3187     1.4914E-01    288.15    309.46    316.56    708.16
 278     4.900    0.3190     1.4926E-01    288.15    309.47    316.60    708.61
 279     4.950    0.3175     1.4941E-01    288.15    309.49    316.63    709.07
 280     5.000    0.3173     1.4957E-01    288.16    309.50    316.67    709.52

   WARNING: SOME NEGATIVE CXs (DUE TO CR INSERTION) ARE SUPPRESSED TO ZERO IN SUBROUTINE CROD_UPDT


 Total time :    818.240845      seconds
