                       ###########################################################
                       #                     ADPRES 1.1                          #
                       #        ABU DHABI POLYTECHNIC REACTOR SIMULATOR          #
                       ###########################################################  


  ========================================INPUT DATA STARTS HERE=====================================
     1: ! CALCULATION MODE CARD                                                                             
     2: %MODE                                                                                               
     3: RODEJECT                                                                                            
     4:                                                                                                     
     5: ! CASE CARD                                                                                         
     6: %CASE                                                                                               
     7: NEACRP Problem                                                                                      
     8: 10.803 CM NODE SIZE                                                                                 
     9:                                                                                                     
    10: ! XSEC CARD                                                                                         
    11: %XSEC                                                                                               
    12: 2  11    ! Number of groups and number of materials                                                 
    13: !  sigtr        siga        nu*sigf       sigf      chi sigs_g1 sigs_g2                             
    14: 5.32058E-02  3.73279E-04  0.00000E+00  0.00000E+00  1.0  0.0  2.64554E-02                           
    15: 3.86406E-01  1.77215E-02  0.00000E+00  0.00000E+00  0.0  0.0  0.00000E+00  ! COMP 1                 
    16: 2.95609E-01  1.18782E-03  0.00000E+00  0.00000E+00  1.0  0.0  2.31613E-02                           
    17: 2.45931E+00  2.52618E-01  0.00000E+00  0.00000E+00  0.0  0.0  0.00000E+00  ! COMP 2                 
    18: 2.95609E-01  1.18782E-03  0.00000E+00  0.00000E+00  1.0  0.0  2.00808E-02                           
    19: 2.45931E+00  2.52618E-01  0.00000E+00  0.00000E+00  0.0  0.0  0.00000E+00  ! COMP 3                 
    20: 2.22117E-01  8.71774E-03  4.98277E-03  4.98277E-03  1.0  0.0  1.82498E-02                           
    21: 8.03140E-01  6.52550E-02  8.39026E-02  8.39026E-02  0.0  0.0  0.00000E+00  ! COMP 4                 
    22: 2.21914E-01  9.06133E-03  5.57659E-03  5.57659E-03  1.0  0.0  1.80040E-02                           
    23: 7.95538E-01  7.23354E-02  9.98629E-02  9.98629E-02  0.0  0.0  0.00000E+00  ! COMP 5                 
    24: 2.21715E-01  9.38496E-03  6.15047E-03  6.15047E-03  1.0  0.0  1.77670E-02                           
    25: 7.89253E-01  7.89203E-02  1.14667E-01  1.14667E-01  0.0  0.0  0.00000E+00  ! COMP 6                 
    26: 2.22039E-01  9.31692E-03  5.55010E-03  5.55010E-03  1.0  0.0  1.71381E-02                           
    27: 7.76230E-01  7.96328E-02  9.85576E-02  9.85576E-02  0.0  0.0  0.00000E+00  ! COMP 7                 
    28: 2.22083E-01  9.40032E-03  5.54083E-03  5.54083E-03  1.0  0.0  1.68501E-02                           
    29: 7.69969E-01  8.21087E-02  9.80059E-02  9.80059E-02  0.0  0.0  0.00000E+00  ! COMP 8                 
    30: 2.22127E-01  9.48286E-03  5.53137E-03  5.53137E-03  1.0  0.0  1.65626E-02                           
    31: 7.63813E-01  8.45912E-02  9.74109E-02  9.74109E-02  0.0  0.0  0.00000E+00  ! COMP 9                 
    32: 2.21836E-01  9.63720E-03  6.12382E-03  6.12382E-03  1.0  0.0  1.69043E-02                           
    33: 7.70705E-01  8.61187E-02  1.13241E-01  1.13241E-01  0.0  0.0  0.00000E+00  ! COMP 10                
    34: 2.21878E-01  9.71937E-03  6.11444E-03  6.11444E-03  1.0  0.0  1.66175E-02                           
    35: 7.64704E-01  8.85488E-02  1.12635E-01  1.12635E-01  0.0  0.0  0.00000E+00  ! COMP 11                
    36:                                                                                                     
    37: ! GEOMETRY CARD                                                                                     
    38: %GEOM                                                                                               
    39: 17 9 18               !nx, ny, nz                                                                   
    40: 17*21.606             !x-direction assembly size in cm                                              
    41:   17*2                !x-direction assembly divided 2x2                                             
    42: 8*21.606 10.803       !y-direction assembly size in cm                                              
    43:   8*2       1         !y-direction assembly divided 2x2                                             
    44: 30.  7.7  11.0  15.0  10*30.0  2*12.8  8.0  30.      !z-direction size  in cm (from bottom to top)  
    45: 18*1                 !z-direction assembly divided into 20 cm each                                  
    46: 3                    !np number of planar type                                                      
    47: 1  2  15*3  1        !planar assignment (from bottom to top)                                        
    48: ! Planar_Reg 1                                                                                      
    49: 2  1  1  1  1  1  1  1  1  1  1  1  1  1  1  1  2                                                   
    50: 2  1  1  1  1  1  1  1  1  1  1  1  1  1  1  1  2                                                   
    51: 2  3  1  1  1  1  1  1  1  1  1  1  1  1  1  3  2                                                   
    52: 0  2  1  1  1  1  1  1  1  1  1  1  1  1  1  2  0                                                   
    53: 0  2  3  1  1  1  1  1  1  1  1  1  1  1  3  2  0                                                   
    54: 0  0  2  3  1  1  1  1  1  1  1  1  1  3  2  0  0                                                   
    55: 0  0  0  2  3  1  1  1  1  1  1  1  3  2  0  0  0                                                   
    56: 0  0  0  0  2  2  3  1  1  1  3  2  2  0  0  0  0                                                   
    57: 0  0  0  0  0  0  2  2  2  2  2  0  0  0  0  0  0                                                   
    58: ! Planar_Reg 2                                                                                      
    59: 2  6  4  5  4  5  4  5  4  5  4  5  4  5  4  6  2                                                   
    60: 2  6  6  4  5  4  5  4  5  4  5  4  5  4  6  6  2                                                   
    61: 2  3  6  5  4  5  4  5  4  5  4  5  4  5  6  3  2                                                   
    62: 0  2  6  6  5  4  5  4  5  4  5  4  5  6  6  2  0                                                   
    63: 0  2  3  6  4  5  4  5  4  5  4  5  4  6  3  2  0                                                   
    64: 0  0  2  3  6  6  5  4  5  4  5  6  6  3  2  0  0                                                   
    65: 0  0  0  2  3  6  6  6  4  6  6  6  3  2  0  0  0                                                   
    66: 0  0  0  0  2  2  3  6  6  6  3  2  2  0  0  0  0                                                   
    67: 0  0  0  0  0  0  2  2  2  2  2  0  0  0  0  0  0                                                   
    68: ! Planar_Reg 3                                                                                      
    69: 2  6  4  7  4  9  4  9  4  9  4  9  4  7  4  6  2                                                   
    70: 2  6 11  4  8  4  8  4  9  4  8  4  8  4 11  6  2                                                   
    71: 2  3  6  8  4  8  4  8  4  8  4  8  4  8  6  3  2                                                   
    72: 0  2  6 10  8  4  8  4  9  4  8  4  8 10  6  2  0                                                   
    73: 0  2  3  6  4  8  4  8  4  8  4  8  4  6  3  2  0                                                   
    74: 0  0  2  3  6 10  8  4  7  4  8 10  6  3  2  0  0                                                   
    75: 0  0  0  2  3  6  6 11  4 11  6  6  3  2  0  0  0                                                   
    76: 0  0  0  0  2  2  3  6  6  6  3  2  2  0  0  0  0                                                   
    77: 0  0  0  0  0  0  2  2  2  2  2  0  0  0  0  0  0                                                   
    78: ! Boundary conditions (east), (west), (north), (south), (bottom), (top)                             
    79: 1 1 2 1 1 1                                                                                         
    80:                                                                                                     
    81: ! CONTROL CARD                                                                                      
    82: %CROD                                                                                               
    83: 8  228                        ! Number of CR banks and max number of banks                          
    84: 37.7 1.5942237                ! Zero step pos. (cm) and cm/step (total 228 steps)                   
    85: 100.  200.  100.  200.  200.  200.  200.  100.           ! CR Bank pos.                             
    86: 0  0  3  0  0  0  2  0  1  0  2  0  0  0  8  0  0                                                   
    87: 0  0  0  6  0  0  0  4  0  4  0  0  0  6  0  0  0                                                   
    88: 0  0  6  0  6  0  5  0  2  0  5  0  6  0  6  0  0                                                   
    89: 0  0  0  0  0  4  0  0  0  0  0  4  0  0  0  0  0                                                   
    90: 0  0  0  0  7  0  6  0  0  0  6  0  7  0  0  0  0                                                   
    91: 0  0  0  0  0  0  0  6  0  6  0  0  0  0  0  0  0                                                   
    92: 0  0  0  0  0  0  6  0  3  0  6  0  0  0  0  0  0                                                   
    93: 0  0  0  0  0  0  0  0  0  0  0  0  0  0  0  0  0                                                   
    94: 0  0  0  0  0  0  0  0  0  0  0  0  0  0  0  0  0                                                   
    95: ! CX changes                                                                                        
    96: !  sigtr        siga        nu*sigf      sigf      sigs_g1   sigs_g2                                
    97:  3.73220E-03  2.47770E-03 -1.02786E-04 -1.02786E-04  0.0   -3.19253E-03                             
    98: -2.19926E-02  2.55875E-02 -2.82319E-03 -2.82319E-03  0.0    0.00000E+00  ! COMP 1                   
    99:  3.73220E-03  2.47770E-03 -1.02786E-04 -1.02786E-04  0.0   -3.19253E-03                             
   100: -2.19926E-02  2.55875E-02 -2.82319E-03 -2.82319E-03  0.0    0.00000E+00  ! COMP 2                   
   101:  3.73220E-03  2.47770E-03 -1.02786E-04 -1.02786E-04  0.0   -3.19253E-03                             
   102: -2.19926E-02  2.55875E-02 -2.82319E-03 -2.82319E-03  0.0    0.00000E+00  ! COMP 3                   
   103:  3.73220E-03  2.47770E-03 -1.02786E-04 -1.02786E-04  0.0   -3.19253E-03                             
   104: -2.19926E-02  2.55875E-02 -2.82319E-03 -2.82319E-03  0.0    0.00000E+00  ! COMP 4                   
   105:  3.73220E-03  2.47770E-03 -1.02786E-04 -1.02786E-04  0.0   -3.19253E-03                             
   106: -2.19926E-02  2.55875E-02 -2.82319E-03 -2.82319E-03  0.0    0.00000E+00  ! COMP 5                   
   107:  3.74092E-03  2.42926E-03 -1.22634E-04 -1.22634E-04  0.0   -3.14239E-03                             
   108: -1.67503E-02  2.56478E-02 -3.28086E-03 -3.28086E-03  0.0    0.00000E+00  ! COMP 6                   
   109:  3.73220E-03  2.47770E-03 -1.02786E-04 -1.02786E-04  0.0   -3.19253E-03                             
   110: -2.19926E-02  2.55875E-02 -2.82319E-03 -2.82319E-03  0.0    0.00000E+00  ! COMP 7                   
   111:  3.73220E-03  2.47770E-03 -1.02786E-04 -1.02786E-04  0.0   -3.19253E-03                             
   112: -2.19926E-02  2.55875E-02 -2.82319E-03 -2.82319E-03  0.0    0.00000E+00  ! COMP 8                   
   113:  3.73220E-03  2.47770E-03 -1.02786E-04 -1.02786E-04  0.0   -3.19253E-03                             
   114: -2.19926E-02  2.55875E-02 -2.82319E-03 -2.82319E-03  0.0    0.00000E+00  ! COMP 9                   
   115:  3.73220E-03  2.47770E-03 -1.02786E-04 -1.02786E-04  0.0   -3.19253E-03                             
   116: -2.19926E-02  2.55875E-02 -2.82319E-03 -2.82319E-03  0.0    0.00000E+00  ! COMP 10                  
   117:  3.73220E-03  2.47770E-03 -1.02786E-04 -1.02786E-04  0.0   -3.19253E-03                             
   118: -2.19926E-02  2.55875E-02 -2.82319E-03 -2.82319E-03  0.0    0.00000E+00  ! COMP 11                  
   119: 1                                                                                                   
   120:                                                                                                     
   121: ! CRITICAL BORON SEARCH CARD                                                                        
   122: %BCON                                                                                               
   123: 1157.8  1200.2  ! Boron concentration ref. in ppm                                                   
   124: ! CX change per unit ppm change of Boron concentration                                              
   125: !  sigtr          siga         nu*sigf       sigf      sigs_g1   sigs_g2                            
   126:  6.118330E-08  1.877310E-07  0.000000E+00  0.000000E+00  0.0  7.914570E-10                          
   127:  5.175350E-06  1.026350E-05  0.000000E+00  0.000000E+00  0.0  0.000000E+00  ! COMP 1                
   128:  0.000000E+00  0.000000E+00  0.000000E+00  0.000000E+00  0.0  0.000000E+00                          
   129:  7.761840E-04  8.446950E-05  0.000000E+00  0.000000E+00  0.0  0.000000E+00  ! COMP 2                
   130:  0.000000E+00  0.000000E+00  0.000000E+00  0.000000E+00  0.0  0.000000E+00                          
   131:  7.761840E-04  8.446950E-05  0.000000E+00  0.000000E+00  0.0  0.000000E+00  ! COMP 3                
   132:  3.478090E-08  1.285050E-07 -1.120990E-09 -1.120990E-09  0.0 -1.085900E-07                          
   133: -9.765100E-06  7.088070E-06 -2.430450E-06 -2.430450E-06  0.0  0.000000E+00  ! COMP 4                
   134:  3.538260E-08  1.267090E-07 -1.678800E-09 -1.678800E-09  0.0 -1.069510E-07                          
   135: -8.501690E-06  6.823110E-06 -2.724450E-06 -2.724450E-06  0.0  0.000000E+00  ! COMP 5                
   136:  3.598380E-08  1.249860E-07 -2.210380E-09 -2.210380E-09  0.0 -1.053740E-07                          
   137: -7.462510E-06  6.597980E-06 -2.958830E-06 -2.958830E-06  0.0  0.000000E+00  ! COMP 6                
   138:  3.378060E-08  1.198690E-07 -1.713230E-09 -1.713230E-09  0.0 -1.008730E-07                          
   139: -6.737440E-06  6.293100E-06 -2.553590E-06 -2.553590E-06  0.0  0.000000E+00  ! COMP 7                
   140:  3.324950E-08  1.175850E-07 -1.724210E-09 -1.724210E-09  0.0 -9.885780E-08                          
   141: -6.197250E-06  6.119040E-06 -2.488800E-06 -2.488800E-06  0.0  0.000000E+00  ! COMP 8                
   142:  3.272010E-08  1.153190E-07 -1.735020E-09 -1.735020E-09  0.0 -9.684890E-08                          
   143: -5.682200E-06  5.947110E-06 -2.422400E-06 -2.422400E-06  0.0  0.000000E+00  ! COMP 9                
   144:  3.438590E-08  1.181860E-07 -2.243350E-09 -2.243350E-09  0.0 -9.933120E-08                          
   145: -5.868980E-06  6.084430E-06 -2.776570E-06 -2.776570E-06  0.0  0.000000E+00  ! COMP 10               
   146:  3.385590E-08  1.159170E-07 -2.253690E-09 -2.253690E-09  0.0 -9.732910E-08                          
   147: -5.383450E-06  5.916970E-06 -2.707800E-06 -2.707800E-06  0.0  0.000000E+00  ! COMP 11               
   148:                                                                                                     
   149: ! FUEL TEMPERATURE CARD                                                                             
   150: %FTEM                                                                                               
   151: 891.19  891.45  ! Average Fuel Temperature and fuel temperature Ref. in Kelvin                      
   152: ! CX change per Fuel Temperature Changes                                                            
   153: !  sigtr          siga         nu*sigf       sigf      sigs_g1   sigs_g2                            
   154:  0.000000E+00  0.000000E+00  0.000000E+00  0.000000E+00	 0.0  0.000000E+00 ! COMP 1                 
   155:  0.000000E+00  0.000000E+00	 0.000000E+00  0.000000E+00	 0.0  0.000000E+00                          
   156:  0.000000E+00  0.000000E+00  0.000000E+00  0.000000E+00	 0.0  0.000000E+00 ! COMP 2                 
   157:  0.000000E+00  0.000000E+00  0.000000E+00  0.000000E+00	 0.0  0.000000E+00                          
   158:  0.000000E+00  0.000000E+00  0.000000E+00  0.000000E+00	 0.0  0.000000E+00 ! COMP 3                 
   159:  0.000000E+00  0.000000E+00  0.000000E+00  0.000000E+00	 0.0  0.000000E+00                          
   160: -3.091970E-05  3.497090E-05  6.401340E-07  6.401340E-07	 0.0 -2.755360E-05 ! COMP 4                 
   161: -1.372920E-04 -3.718060E-05 -5.630370E-05 -5.630370E-05	 0.0  0.000000E+00                          
   162: -3.086070E-05  3.517980E-05  9.974310E-07  9.974310E-07	 0.0 -2.767660E-05 ! COMP 5                 
   163: -1.174810E-04 -3.770390E-05 -6.041550E-05 -6.041550E-05	 0.0  0.000000E+00                          
   164: -3.091650E-05  3.538410E-05  1.418470E-06  1.418470E-06	 0.0 -2.783900E-05 ! COMP 6                 
   165: -1.013370E-04 -3.775580E-05 -6.309600E-05 -6.309600E-05	 0.0  0.000000E+00                          
   166: -3.137460E-05  3.486990E-05  9.454310E-07  9.454310E-07	 0.0 -2.735500E-05 ! COMP 7                 
   167: -1.082710E-04 -3.727480E-05 -5.796620E-05 -5.796620E-05	 0.0  0.000000E+00                          
   168: -3.155030E-05  3.472740E-05  9.260780E-07  9.260780E-07	 0.0 -2.723810E-05 ! COMP 8                 
   169: -1.055210E-04 -3.718080E-05 -5.711080E-05 -5.711080E-05	 0.0  0.000000E+00                          
   170: -3.172810E-05  3.460260E-05  9.058020E-07  9.058020E-07	 0.0 -2.711690E-05 ! COMP 9                 
   171: -1.025250E-04 -3.702010E-05 -5.615430E-05 -5.615430E-05	 0.0  0.000000E+00                          
   172: -3.141920E-05  3.506370E-05  1.356420E-06  1.356420E-06	 0.0 -2.750490E-05 ! COMP 10                
   173: -9.388860E-05 -3.714030E-05 -6.050520E-05 -6.050520E-05	 0.0  0.000000E+00                          
   174: -3.159080E-05  3.491190E-05  1.333360E-06  1.333360E-06	 0.0 -2.738350E-05 ! COMP 11                
   175: -9.171260E-05 -3.699090E-05 -5.962840E-05 -5.962840E-05	 0.0  0.000000E+00                          
   176:                                                                                                     
   177: ! MODERATOR TEMPERATURE CARD                                                                        
   178: %MTEM                                                                                               
   179: 559.19  579.75  ! Average Moderator Temperature and Moderator temperature Ref. Kelvin               
   180: ! CX change per Moderator Temperature Changes                                                       
   181: !  sigtr          siga         nu*sigf       sigf     sigs_g1   sigs_g2                             
   182:  0.00000E+00   0.00000E+00   0.00000E+00   0.00000E+00	0.0	 0.00000E+00	! COMP 1                    
   183:  0.00000E+00   0.00000E+00   0.00000E+00   0.00000E+00	0.0	 0.0                                     
   184:  0.00000E+00   0.00000E+00   0.00000E+00   0.00000E+00	0.0	 0.00000E+00	! COMP 2                    
   185:  0.00000E+00   0.00000E+00   0.00000E+00   0.00000E+00	0.0	 0.0                                     
   186:  0.00000E+00   0.00000E+00   0.00000E+00   0.00000E+00	0.0	 0.00000E+00	! COMP 3                    
   187:  0.00000E+00   0.00000E+00   0.00000E+00   0.00000E+00	0.0	 0.0                                     
   188: -2.033100E-06  2.121910E-07  1.247090E-07  1.247090E-07	0.0	 8.096760E-07	! COMP 4                  
   189: -1.086740E-04 -3.155970E-05 -4.164390E-05 -4.164390E-05	0.0	 0.0                                    
   190: -1.980800E-06  2.260000E-07  1.351450E-07  1.351450E-07	0.0	 8.584740E-07	! COMP 5                  
   191: -9.061500E-05 -3.214350E-05 -4.531020E-05 -4.531020E-05	0.0	 0.0                                    
   192: -1.924340E-06  2.399390E-07  1.490840E-07  1.490840E-07	0.0	 9.034940E-07	! COMP 6                  
   193: -7.627860E-05 -3.237760E-05	-4.784750E-05 -4.784750E-05	0.0	 0.0                                    
   194: -2.696340E-06  2.485300E-07  1.407730E-07  1.407730E-07	0.0	 7.013110E-07	! COMP 7                  
   195: -7.624350E-05 -3.001190E-05	-4.202020E-05 -4.202020E-05	0.0	 0.0                                    
   196: -3.079050E-06  2.618540E-07  1.432350E-07  1.432350E-07	0.0	 6.173800E-07	! COMP 8                  
   197: -7.333970E-05 -2.919290E-05	-4.077010E-05 -4.077010E-05	0.0	 0.0                                    
   198: -3.538770E-06  2.743130E-07  1.460190E-07  1.460190E-07	0.0	 5.165470E-07	! COMP 9                  
   199: -7.137110E-05 -2.830410E-05 -3.943190E-05 -3.943190E-05	0.0	 0.0                                    
   200: -2.639070E-06  2.642890E-07  1.558580E-07  1.558580E-07	0.0	 7.443200E-07	! COMP 10                 
   201: -6.395540E-05 -3.035090E-05 -4.444310E-05 -4.444310E-05	0.0	 0.0                                    
   202: -3.021470E-06  2.790600E-07  1.588140E-07  1.588140E-07	0.0	 6.595210E-07	! COMP 11                 
   203: -6.169840E-05 -2.956260E-05	-4.315880E-05 -4.315880E-05	0.0	 0.0                                    
   204:                                                                                                     
   205: ! COOLANT DENSITY CARD                                                                              
   206: %CDEN                                                                                               
   207: 0.7464  0.7125  ! Average Coolant Density and Coolant Density Ref. in g/cm3                         
   208: ! CX change per Coolant Density Changes                                                             
   209: !  sigtr          siga         nu*sigf       sigf     sigs_g1   sigs_g2                             
   210: 7.457560E-02  2.076880E-04  0.000000E+00  0.000000E+00  0.0  3.713100E-02  ! COMP 1                 
   211: 5.336340E-01  7.584210E-03  0.000000E+00  0.000000E+00  0.0  0.0                                    
   212: 0.000000E+00  0.000000E+00  0.000000E+00  0.000000E+00  0.0  0.000000E+00  ! COMP 2                 
   213: 0.000000E+00  0.000000E+00  0.000000E+00  0.000000E+00  0.0  0.0                                    
   214: 0.000000E+00  0.000000E+00  0.000000E+00  0.000000E+00  0.0  0.000000E+00  ! COMP 3                 
   215: 0.000000E+00  0.000000E+00  0.000000E+00  0.000000E+00  0.0  0.0                                    
   216: 1.356650E-01  1.551850E-03  9.206940E-04  9.206940E-04  0.0  2.931950E-02  ! COMP 4                 
   217: 9.926280E-01  2.526620E-02  2.477460E-02  2.477460E-02  0.0  0.0                                    
   218: 1.357480E-01  1.614910E-03  9.641600E-04  9.641600E-04  0.0  2.926960E-02  ! COMP 5                 
   219: 9.819850E-01  2.866670E-02  3.149930E-02  3.149930E-02  0.0  0.0                                    
   220: 1.358270E-01  1.680150E-03  1.014100E-03  1.014100E-03  0.0  2.921540E-02  ! COMP 6                 
   221: 9.722670E-01  3.195710E-02  3.810970E-02  3.810970E-02  0.0  0.0                                    
   222: 1.310330E-01  1.683970E-03  9.819510E-04  9.819510E-04  0.0  2.824890E-02  ! COMP 7                 
   223: 9.346970E-01  3.142400E-02  3.515880E-02  3.515880E-02  0.0  0.0                                    
   224: 1.293790E-01  1.719720E-03  9.884370E-04  9.884370E-04  0.0  2.788950E-02  ! COMP 8                 
   225: 9.181710E-01  3.247150E-02  3.632510E-02  3.632510E-02  0.0  0.0                                    
   226: 1.276820E-01  1.749890E-03  9.951750E-04  9.951750E-04  0.0  2.752020E-02  ! COMP 9                 
   227: 9.012930E-01  3.359450E-02  3.744990E-02  3.744990E-02  0.0  0.0                                    
   228: 1.311160E-01  1.755280E-03  1.035220E-03  1.035220E-03  0.0  2.818770E-02  ! COMP 10                
   229: 9.249250E-01  3.498530E-02  4.206930E-02  4.206930E-02  0.0  0.0                                    
   230: 1.294630E-01  1.794990E-03  1.042910E-03  1.042910E-03  0.0  2.782590E-02  ! COMP 11                
   231: 9.084560E-01  3.610320E-02  4.332150E-02  4.332150E-02  0.0  0.0                                    
   232:                                                                                                     
   233: ! THERMAL-HYDRAULIC CARD                                                                            
   234: %THER                                                                                               
   235: 100.                                   ! Percent power in %                                         
   236: 1387.5e6                               ! Reactor thermal power for quarter geometry in Watt         
   237: 559.15  82.12102                       ! Inlet coolant temp. (Kelvin) and Fuel Assembly Mass flow ra
   238: 4.11950E-03  6.8E-05  5.71E-04  1.2655E-2 ! Fuel meat rad., gap thinkness, cladding thinkness and pi
   239: 264  25                                ! Number of fuel pin and guide tubes                         
   240: 0.019                                  ! FRACTION OF HEAT DEPOSITED IN COOLANT                      
   241: 1                                                                                                   
   242:                                                                                                     
   243: %EJCT                                                                                               
   244: ! Final Bank Pos (steps)   Starts Move (seconds)   Speed (steps/seconds)                            
   245:    100.                     0.0                     0.0    ! Bank 1                                 
   246:    200.                     0.0                     0.0       ! Bank 2                              
   247:    100.                     0.0                     0.0       ! Bank 3                              
   248:    200.                     0.0                     0.0       ! Bank 4                              
   249:    200.                     0.0                     0.0       ! Bank 5                              
   250:    200.                     0.0                     0.0       ! Bank 6                              
   251:    200.                     0.0                     0.0       ! Bank 7                              
   252:    228.                     0.0                   1280.0       ! Bank 8                             
   253: 5.  0.01  1.0  0.1            ! (seconds) total time, 1st time step, when to start 2nd time step, 2n
   254: 0.0002584 0.00152 0.0013908 0.0030704 0.001102 0.0002584 !beta                                      
   255: 0.0128  0.0318  0.119   0.3181  1.4027  3.9286           !decay constants                           
   256: 2.8E7    4.4E5     ! Neutron velocity                                                               
  ========================================INPUT DATA   ENDS HERE=====================================



                                             START READING INPUT
  ***************************************************************************************************
  CALCULATION MODE :                 ROD EJECTION CALCULATION

  CASE ID :   NEACRP Problem                                                                                    
   10.803 CM NODE SIZE                                                                               


            >>>> READING MACROSCOPIC CROSS SECTIONS <<<<
            --------------------------------------------

     MATERIAL  1
    GROUP   TRANSPORT    DIFFUSION  ABSORPTION    REMOVAL      NU*FISS      FISSION    FISS. SPCTR
       1     0.053206    6.264981    0.000373    0.026829     0.000000     0.000000     1.000000
       2     0.386406    0.862651    0.017722    0.017722     0.000000     0.000000     0.000000
   --SCATTERING MATRIX--
     G/G'          1          2
      1        0.000000    0.026455
      2        0.000000    0.000000

     MATERIAL  2
    GROUP   TRANSPORT    DIFFUSION  ABSORPTION    REMOVAL      NU*FISS      FISSION    FISS. SPCTR
       1     0.295609    1.127616    0.001188    0.024349     0.000000     0.000000     1.000000
       2     2.459310    0.135539    0.252618    0.252618     0.000000     0.000000     0.000000
   --SCATTERING MATRIX--
     G/G'          1          2
      1        0.000000    0.023161
      2        0.000000    0.000000

     MATERIAL  3
    GROUP   TRANSPORT    DIFFUSION  ABSORPTION    REMOVAL      NU*FISS      FISSION    FISS. SPCTR
       1     0.295609    1.127616    0.001188    0.021269     0.000000     0.000000     1.000000
       2     2.459310    0.135539    0.252618    0.252618     0.000000     0.000000     0.000000
   --SCATTERING MATRIX--
     G/G'          1          2
      1        0.000000    0.020081
      2        0.000000    0.000000

     MATERIAL  4
    GROUP   TRANSPORT    DIFFUSION  ABSORPTION    REMOVAL      NU*FISS      FISSION    FISS. SPCTR
       1     0.222117    1.500710    0.008718    0.026968     0.004983     0.004983     1.000000
       2     0.803140    0.415038    0.065255    0.065255     0.083903     0.083903     0.000000
   --SCATTERING MATRIX--
     G/G'          1          2
      1        0.000000    0.018250
      2        0.000000    0.000000

     MATERIAL  5
    GROUP   TRANSPORT    DIFFUSION  ABSORPTION    REMOVAL      NU*FISS      FISSION    FISS. SPCTR
       1     0.221914    1.502083    0.009061    0.027065     0.005577     0.005577     1.000000
       2     0.795538    0.419004    0.072335    0.072335     0.099863     0.099863     0.000000
   --SCATTERING MATRIX--
     G/G'          1          2
      1        0.000000    0.018004
      2        0.000000    0.000000

     MATERIAL  6
    GROUP   TRANSPORT    DIFFUSION  ABSORPTION    REMOVAL      NU*FISS      FISSION    FISS. SPCTR
       1     0.221715    1.503432    0.009385    0.027152     0.006150     0.006150     1.000000
       2     0.789253    0.422340    0.078920    0.078920     0.114667     0.114667     0.000000
   --SCATTERING MATRIX--
     G/G'          1          2
      1        0.000000    0.017767
      2        0.000000    0.000000

     MATERIAL  7
    GROUP   TRANSPORT    DIFFUSION  ABSORPTION    REMOVAL      NU*FISS      FISSION    FISS. SPCTR
       1     0.222039    1.501238    0.009317    0.026455     0.005550     0.005550     1.000000
       2     0.776230    0.429426    0.079633    0.079633     0.098558     0.098558     0.000000
   --SCATTERING MATRIX--
     G/G'          1          2
      1        0.000000    0.017138
      2        0.000000    0.000000

     MATERIAL  8
    GROUP   TRANSPORT    DIFFUSION  ABSORPTION    REMOVAL      NU*FISS      FISSION    FISS. SPCTR
       1     0.222083    1.500940    0.009400    0.026250     0.005541     0.005541     1.000000
       2     0.769969    0.432918    0.082109    0.082109     0.098006     0.098006     0.000000
   --SCATTERING MATRIX--
     G/G'          1          2
      1        0.000000    0.016850
      2        0.000000    0.000000

     MATERIAL  9
    GROUP   TRANSPORT    DIFFUSION  ABSORPTION    REMOVAL      NU*FISS      FISSION    FISS. SPCTR
       1     0.222127    1.500643    0.009483    0.026045     0.005531     0.005531     1.000000
       2     0.763813    0.436407    0.084591    0.084591     0.097411     0.097411     0.000000
   --SCATTERING MATRIX--
     G/G'          1          2
      1        0.000000    0.016563
      2        0.000000    0.000000

     MATERIAL 10
    GROUP   TRANSPORT    DIFFUSION  ABSORPTION    REMOVAL      NU*FISS      FISSION    FISS. SPCTR
       1     0.221836    1.502612    0.009637    0.026542     0.006124     0.006124     1.000000
       2     0.770705    0.432504    0.086119    0.086119     0.113241     0.113241     0.000000
   --SCATTERING MATRIX--
     G/G'          1          2
      1        0.000000    0.016904
      2        0.000000    0.000000

     MATERIAL 11
    GROUP   TRANSPORT    DIFFUSION  ABSORPTION    REMOVAL      NU*FISS      FISSION    FISS. SPCTR
       1     0.221878    1.502327    0.009719    0.026337     0.006114     0.006114     1.000000
       2     0.764704    0.435899    0.088549    0.088549     0.112635     0.112635     0.000000
   --SCATTERING MATRIX--
     G/G'          1          2
      1        0.000000    0.016617
      2        0.000000    0.000000

  ...Macroscopic CX Card is sucessfully read...


            >>>>>READING CORE GEOMETRY<<<<<
            -------------------------------
  Number of assembly in x, y and z directions respectively :
          17           9          18
  Number of nodes in x, y and z directions respectively :
          34          17          18

  x-directed nodes divison (delta-x)
    10.80  10.80  10.80  10.80  10.80  10.80  10.80  10.80  10.80  10.80
    10.80  10.80  10.80  10.80  10.80  10.80  10.80  10.80  10.80  10.80
    10.80  10.80  10.80  10.80  10.80  10.80  10.80  10.80  10.80  10.80
    10.80  10.80  10.80  10.80
  y-directed nodes divison (delta-y)
    10.80  10.80  10.80  10.80  10.80  10.80  10.80  10.80  10.80  10.80
    10.80  10.80  10.80  10.80  10.80  10.80  10.80

  Planar Region :  1
        1  2  3  4  5  6  7  8  9 10 11 12 13 14 15 16 17 18 19 20 21 22 23 24 25 26 27 28 29 30 31 32 33 34
    17  2  2  1  1  1  1  1  1  1  1  1  1  1  1  1  1  1  1  1  1  1  1  1  1  1  1  1  1  1  1  1  1  2  2 
    16  2  2  1  1  1  1  1  1  1  1  1  1  1  1  1  1  1  1  1  1  1  1  1  1  1  1  1  1  1  1  1  1  2  2 
    15  2  2  1  1  1  1  1  1  1  1  1  1  1  1  1  1  1  1  1  1  1  1  1  1  1  1  1  1  1  1  1  1  2  2 
    14  2  2  3  3  1  1  1  1  1  1  1  1  1  1  1  1  1  1  1  1  1  1  1  1  1  1  1  1  1  1  3  3  2  2 
    13  2  2  3  3  1  1  1  1  1  1  1  1  1  1  1  1  1  1  1  1  1  1  1  1  1  1  1  1  1  1  3  3  2  2 
    12        2  2  1  1  1  1  1  1  1  1  1  1  1  1  1  1  1  1  1  1  1  1  1  1  1  1  1  1  2  2       
    11        2  2  1  1  1  1  1  1  1  1  1  1  1  1  1  1  1  1  1  1  1  1  1  1  1  1  1  1  2  2       
    10        2  2  3  3  1  1  1  1  1  1  1  1  1  1  1  1  1  1  1  1  1  1  1  1  1  1  3  3  2  2       
     9        2  2  3  3  1  1  1  1  1  1  1  1  1  1  1  1  1  1  1  1  1  1  1  1  1  1  3  3  2  2       
     8              2  2  3  3  1  1  1  1  1  1  1  1  1  1  1  1  1  1  1  1  1  1  3  3  2  2             
     7              2  2  3  3  1  1  1  1  1  1  1  1  1  1  1  1  1  1  1  1  1  1  3  3  2  2             
     6                    2  2  3  3  1  1  1  1  1  1  1  1  1  1  1  1  1  1  3  3  2  2                   
     5                    2  2  3  3  1  1  1  1  1  1  1  1  1  1  1  1  1  1  3  3  2  2                   
     4                          2  2  2  2  3  3  1  1  1  1  1  1  3  3  2  2  2  2                         
     3                          2  2  2  2  3  3  1  1  1  1  1  1  3  3  2  2  2  2                         
     2                                      2  2  2  2  2  2  2  2  2  2                                     
     1                                      2  2  2  2  2  2  2  2  2  2                                     
  Planar Region :  2
        1  2  3  4  5  6  7  8  9 10 11 12 13 14 15 16 17 18 19 20 21 22 23 24 25 26 27 28 29 30 31 32 33 34
    17  2  2  6  6  4  4  5  5  4  4  5  5  4  4  5  5  4  4  5  5  4  4  5  5  4  4  5  5  4  4  6  6  2  2 
    16  2  2  6  6  6  6  4  4  5  5  4  4  5  5  4  4  5  5  4  4  5  5  4  4  5  5  4  4  6  6  6  6  2  2 
    15  2  2  6  6  6  6  4  4  5  5  4  4  5  5  4  4  5  5  4  4  5  5  4  4  5  5  4  4  6  6  6  6  2  2 
    14  2  2  3  3  6  6  5  5  4  4  5  5  4  4  5  5  4  4  5  5  4  4  5  5  4  4  5  5  6  6  3  3  2  2 
    13  2  2  3  3  6  6  5  5  4  4  5  5  4  4  5  5  4  4  5  5  4  4  5  5  4  4  5  5  6  6  3  3  2  2 
    12        2  2  6  6  6  6  5  5  4  4  5  5  4  4  5  5  4  4  5  5  4  4  5  5  6  6  6  6  2  2       
    11        2  2  6  6  6  6  5  5  4  4  5  5  4  4  5  5  4  4  5  5  4  4  5  5  6  6  6  6  2  2       
    10        2  2  3  3  6  6  4  4  5  5  4  4  5  5  4  4  5  5  4  4  5  5  4  4  6  6  3  3  2  2       
     9        2  2  3  3  6  6  4  4  5  5  4  4  5  5  4  4  5  5  4  4  5  5  4  4  6  6  3  3  2  2       
     8              2  2  3  3  6  6  6  6  5  5  4  4  5  5  4  4  5  5  6  6  6  6  3  3  2  2             
     7              2  2  3  3  6  6  6  6  5  5  4  4  5  5  4  4  5  5  6  6  6  6  3  3  2  2             
     6                    2  2  3  3  6  6  6  6  6  6  4  4  6  6  6  6  6  6  3  3  2  2                   
     5                    2  2  3  3  6  6  6  6  6  6  4  4  6  6  6  6  6  6  3  3  2  2                   
     4                          2  2  2  2  3  3  6  6  6  6  6  6  3  3  2  2  2  2                         
     3                          2  2  2  2  3  3  6  6  6  6  6  6  3  3  2  2  2  2                         
     2                                      2  2  2  2  2  2  2  2  2  2                                     
     1                                      2  2  2  2  2  2  2  2  2  2                                     
  Planar Region :  3
        1  2  3  4  5  6  7  8  9 10 11 12 13 14 15 16 17 18 19 20 21 22 23 24 25 26 27 28 29 30 31 32 33 34
    17  2  2  6  6  4  4  7  7  4  4  9  9  4  4  9  9  4  4  9  9  4  4  9  9  4  4  7  7  4  4  6  6  2  2 
    16  2  2  6  6  11 11 4  4  8  8  4  4  8  8  4  4  9  9  4  4  8  8  4  4  8  8  4  4  11 11 6  6  2  2 
    15  2  2  6  6  11 11 4  4  8  8  4  4  8  8  4  4  9  9  4  4  8  8  4  4  8  8  4  4  11 11 6  6  2  2 
    14  2  2  3  3  6  6  8  8  4  4  8  8  4  4  8  8  4  4  8  8  4  4  8  8  4  4  8  8  6  6  3  3  2  2 
    13  2  2  3  3  6  6  8  8  4  4  8  8  4  4  8  8  4  4  8  8  4  4  8  8  4  4  8  8  6  6  3  3  2  2 
    12        2  2  6  6  10 10 8  8  4  4  8  8  4  4  9  9  4  4  8  8  4  4  8  8  10 10 6  6  2  2       
    11        2  2  6  6  10 10 8  8  4  4  8  8  4  4  9  9  4  4  8  8  4  4  8  8  10 10 6  6  2  2       
    10        2  2  3  3  6  6  4  4  8  8  4  4  8  8  4  4  8  8  4  4  8  8  4  4  6  6  3  3  2  2       
     9        2  2  3  3  6  6  4  4  8  8  4  4  8  8  4  4  8  8  4  4  8  8  4  4  6  6  3  3  2  2       
     8              2  2  3  3  6  6  10 10 8  8  4  4  7  7  4  4  8  8  10 10 6  6  3  3  2  2             
     7              2  2  3  3  6  6  10 10 8  8  4  4  7  7  4  4  8  8  10 10 6  6  3  3  2  2             
     6                    2  2  3  3  6  6  6  6  11 11 4  4  11 11 6  6  6  6  3  3  2  2                   
     5                    2  2  3  3  6  6  6  6  11 11 4  4  11 11 6  6  6  6  3  3  2  2                   
     4                          2  2  2  2  3  3  6  6  6  6  6  6  3  3  2  2  2  2                         
     3                          2  2  2  2  3  3  6  6  6  6  6  6  3  3  2  2  2  2                         
     2                                      2  2  2  2  2  2  2  2  2  2                                     
     1                                      2  2  2  2  2  2  2  2  2  2                                     

  Planar Region Assignment to planes.
 --------------------------------------
   Plane Number     Planar Region    delta-z
       18 (TOP)            1          30.00
       17                  3           8.00
       16                  3          12.80
       15                  3          12.80
       14                  3          30.00
       13                  3          30.00
       12                  3          30.00
       11                  3          30.00
       10                  3          30.00
        9                  3          30.00
        8                  3          30.00
        7                  3          30.00
        6                  3          30.00
        5                  3          30.00
        4                  3          15.00
        3                  3          11.00
        2                  2           7.70
        1 (BOTTOM)         1          30.00

   Boundary conditions
  X-directed West   : ZERO INCOMING CURRENT
  X-directed East   : ZERO INCOMING CURRENT
  Y-directed North  : REFLECTIVE
  Y-directed South  : ZERO INCOMING CURRENT
  Z-directed Bottom : ZERO INCOMING CURRENT
  Z-directed Top    : ZERO INCOMING CURRENT

  ...Core geometry is sucessfully read...


            >>>>       READING BORON CONCENTRATION        <<<<
            --------------------------------------------------

  ...Boron Concentration card is sucessfully read...


            >>>>      READING FUEL TEMPERATURE      <<<<
            --------------------------------------------

  ...Fuel Temperature is card sucessfully read...


            >>>>   READING MODERATOR TEMPERATURE    <<<<
            --------------------------------------------

  ...Moderator Temperature Card is sucessfully read...


            >>>>       READING COOLANT DENSITY      <<<<
            --------------------------------------------

  ...Coolant Density Card is sucessfully read...


            >>>> READING CONTROL RODS INSERTION <<<<
            --------------------------------------------
  NUMBER OF CONTROL ROD BANK  :  8
  MAX. NUMBER OF STEPS  : 228
  FULLY INSERTED POSITION (cm): 37.7 (FROM BOTTOM OF THE CORE)
  STEP SIZE (cm)              :   1.5942
  INITIAL CONTROL ROD BANK POSITION (STEPS) : 
  (0 means fully inserted) 
    Bank  1  Bank  2  Bank  3  Bank  4  Bank  5  Bank  6  Bank  7  Bank  8
    100.0    200.0    100.0    200.0    200.0    200.0    200.0    100.0

  CONTROL ROD BANK MAP : 
  0  0  3  0  0  0  2  0  1  0  2  0  0  0  8  0  0
  0  0  0  6  0  0  0  4  0  4  0  0  0  6  0  0  0
  0  0  6  0  6  0  5  0  2  0  5  0  6  0  6  0  0
  0  0  0  0  0  4  0  0  0  0  0  4  0  0  0  0  0
  0  0  0  0  7  0  6  0  0  0  6  0  7  0  0  0  0
  0  0  0  0  0  0  0  6  0  6  0  0  0  0  0  0  0
  0  0  0  0  0  0  6  0  3  0  6  0  0  0  0  0  0
  0  0  0  0  0  0  0  0  0  0  0  0  0  0  0  0  0
  0  0  0  0  0  0  0  0  0  0  0  0  0  0  0  0  0

  MATERIAL CX INCREMENT OR DECREMENT DUE TO CR INSERTION : 
    MATERIAL  1
    GROUP   TRANSPORT  ABSORPTION      NU*FISS      FISSION
       1     0.003732    0.002478    -0.000103    -0.000103
       2    -0.021993    0.025587    -0.002823    -0.002823
   --SCATTERING MATRIX--
     G/G'        1        2
      1      0.000000 -0.003193
      2      0.000000  0.000000
    MATERIAL  2
    GROUP   TRANSPORT  ABSORPTION      NU*FISS      FISSION
       1     0.003732    0.002478    -0.000103    -0.000103
       2    -0.021993    0.025587    -0.002823    -0.002823
   --SCATTERING MATRIX--
     G/G'        1        2
      1      0.000000 -0.003193
      2      0.000000  0.000000
    MATERIAL  3
    GROUP   TRANSPORT  ABSORPTION      NU*FISS      FISSION
       1     0.003732    0.002478    -0.000103    -0.000103
       2    -0.021993    0.025587    -0.002823    -0.002823
   --SCATTERING MATRIX--
     G/G'        1        2
      1      0.000000 -0.003193
      2      0.000000  0.000000
    MATERIAL  4
    GROUP   TRANSPORT  ABSORPTION      NU*FISS      FISSION
       1     0.003732    0.002478    -0.000103    -0.000103
       2    -0.021993    0.025587    -0.002823    -0.002823
   --SCATTERING MATRIX--
     G/G'        1        2
      1      0.000000 -0.003193
      2      0.000000  0.000000
    MATERIAL  5
    GROUP   TRANSPORT  ABSORPTION      NU*FISS      FISSION
       1     0.003732    0.002478    -0.000103    -0.000103
       2    -0.021993    0.025587    -0.002823    -0.002823
   --SCATTERING MATRIX--
     G/G'        1        2
      1      0.000000 -0.003193
      2      0.000000  0.000000
    MATERIAL  6
    GROUP   TRANSPORT  ABSORPTION      NU*FISS      FISSION
       1     0.003741    0.002429    -0.000123    -0.000123
       2    -0.016750    0.025648    -0.003281    -0.003281
   --SCATTERING MATRIX--
     G/G'        1        2
      1      0.000000 -0.003142
      2      0.000000  0.000000
    MATERIAL  7
    GROUP   TRANSPORT  ABSORPTION      NU*FISS      FISSION
       1     0.003732    0.002478    -0.000103    -0.000103
       2    -0.021993    0.025587    -0.002823    -0.002823
   --SCATTERING MATRIX--
     G/G'        1        2
      1      0.000000 -0.003193
      2      0.000000  0.000000
    MATERIAL  8
    GROUP   TRANSPORT  ABSORPTION      NU*FISS      FISSION
       1     0.003732    0.002478    -0.000103    -0.000103
       2    -0.021993    0.025587    -0.002823    -0.002823
   --SCATTERING MATRIX--
     G/G'        1        2
      1      0.000000 -0.003193
      2      0.000000  0.000000
    MATERIAL  9
    GROUP   TRANSPORT  ABSORPTION      NU*FISS      FISSION
       1     0.003732    0.002478    -0.000103    -0.000103
       2    -0.021993    0.025587    -0.002823    -0.002823
   --SCATTERING MATRIX--
     G/G'        1        2
      1      0.000000 -0.003193
      2      0.000000  0.000000
    MATERIAL 10
    GROUP   TRANSPORT  ABSORPTION      NU*FISS      FISSION
       1     0.003732    0.002478    -0.000103    -0.000103
       2    -0.021993    0.025587    -0.002823    -0.002823
   --SCATTERING MATRIX--
     G/G'        1        2
      1      0.000000 -0.003193
      2      0.000000  0.000000
    MATERIAL 11
    GROUP   TRANSPORT  ABSORPTION      NU*FISS      FISSION
       1     0.003732    0.002478    -0.000103    -0.000103
       2    -0.021993    0.025587    -0.002823    -0.002823
   --SCATTERING MATRIX--
     G/G'        1        2
      1      0.000000 -0.003193
      2      0.000000  0.000000

  ...Control Rods Insertion card is sucessfully read...


            >>>>     READING ROD EJECTION DATA      <<<<
            --------------------------------------------

  ...Rod Ejection Card is sucessfully read...


            >>>>   READING THERMAL-HYDRAULIC DATA   <<<<
            --------------------------------------------
  REACTOR PERCENT POWER (%)                :    100.00000
  REACTOR POWER (Watt)                     :   1.3875E+09
  COOLANT INLET TEMPERATURE (Kelvin)       :   5.5915E+02
  FUEL ASSEMBLY MASS FLOW RATE (Kg/s)      :   8.2121E+01
  FUEL MEAT RADIUS (m)                     :   4.1195E-03
  GAP THICKNESS (m)                        :   6.8000E-05
  CLAD THICKNESS (m)                       :   5.7100E-04
  PIN PITCH(m)                             :   1.2655E-02
  FRACTION OF HEAT DEPOSITED IN COOL.      :   1.9000E-02

  ...Thermal-hydraulic Card is sucessfully read...


  **********************************  STOP READING INPUT  *******************************************

  TRANSIENT RESULTS :

  Step  Time(s)  React.($)   Rel. Power   Avg. Tm   Max. Tm   Avg. Tf   Max. Tf
 --------------------------------------------------------------------------------
   0     0.000    0.0000     1.0000E+00    302.92    330.54    544.85   1687.91
   1     0.010    0.0190     1.0147E+00    302.92    330.54    544.87   1688.00
   2     0.020    0.0302     1.0287E+00    302.92    330.54    544.90   1688.14
   3     0.030    0.0395     1.0416E+00    302.92    330.54    544.94   1688.33
   4     0.040    0.0495     1.0542E+00    302.92    330.54    544.99   1688.55
   5     0.050    0.0535     1.0634E+00    302.92    330.54    545.05   1688.80
   6     0.060    0.0567     1.0698E+00    302.92    330.54    545.11   1689.06
   7     0.070    0.0591     1.0747E+00    302.92    330.54    545.17   1689.32
   8     0.080    0.0591     1.0772E+00    302.92    330.54    545.24   1689.59
   9     0.090    0.0592     1.0783E+00    302.92    330.54    545.30   1689.86
  10     0.100    0.0587     1.0786E+00    302.92    330.54    545.36   1690.14
  11     0.110    0.0583     1.0785E+00    302.93    330.54    545.42   1690.41
  12     0.120    0.0579     1.0785E+00    302.93    330.54    545.48   1690.68
  13     0.130    0.0568     1.0783E+00    302.93    330.54    545.54   1690.96
  14     0.140    0.0569     1.0783E+00    302.93    330.54    545.60   1691.23
  15     0.150    0.0560     1.0777E+00    302.93    330.54    545.66   1691.50
  16     0.160    0.0558     1.0777E+00    302.93    330.54    545.71   1691.77
  17     0.170    0.0558     1.0772E+00    302.93    330.54    545.77   1692.04
  18     0.180    0.0559     1.0772E+00    302.94    330.54    545.82   1692.31
  19     0.190    0.0550     1.0765E+00    302.94    330.54    545.88   1692.58
  20     0.200    0.0549     1.0763E+00    302.94    330.55    545.93   1692.85
  21     0.210    0.0541     1.0757E+00    302.94    330.55    545.98   1693.11
  22     0.220    0.0542     1.0756E+00    302.95    330.55    546.03   1693.38
  23     0.230    0.0538     1.0751E+00    302.95    330.55    546.08   1693.64
  24     0.240    0.0529     1.0749E+00    302.95    330.56    546.13   1693.91
  25     0.250    0.0520     1.0743E+00    302.95    330.56    546.18   1694.17
  26     0.260    0.0518     1.0741E+00    302.96    330.57    546.23   1694.43
  27     0.270    0.0518     1.0736E+00    302.96    330.57    546.28   1694.69
  28     0.280    0.0511     1.0734E+00    302.96    330.58    546.33   1694.96
  29     0.290    0.0502     1.0729E+00    302.96    330.58    546.37   1695.21
  30     0.300    0.0505     1.0727E+00    302.97    330.59    546.42   1695.47
  31     0.310    0.0497     1.0721E+00    302.97    330.59    546.47   1695.73
  32     0.320    0.0486     1.0719E+00    302.97    330.60    546.51   1695.99
  33     0.330    0.0483     1.0714E+00    302.98    330.61    546.56   1696.25
  34     0.340    0.0486     1.0711E+00    302.98    330.61    546.60   1696.50
  35     0.350    0.0481     1.0706E+00    302.98    330.62    546.65   1696.76
  36     0.360    0.0471     1.0704E+00    302.99    330.63    546.69   1697.01
  37     0.370    0.0464     1.0699E+00    302.99    330.64    546.73   1697.26
  38     0.380    0.0464     1.0696E+00    302.99    330.64    546.77   1697.52
  39     0.390    0.0457     1.0691E+00    302.99    330.65    546.82   1697.77
  40     0.400    0.0453     1.0689E+00    303.00    330.66    546.86   1698.02
  41     0.410    0.0443     1.0686E+00    303.00    330.68    546.90   1698.27
  42     0.420    0.0441     1.0681E+00    303.00    330.69    546.94   1698.52
  43     0.430    0.0444     1.0678E+00    303.01    330.70    546.98   1698.77
  44     0.440    0.0442     1.0675E+00    303.01    330.71    547.02   1699.01
  45     0.450    0.0437     1.0671E+00    303.01    330.72    547.06   1699.26
  46     0.460    0.0432     1.0667E+00    303.02    330.74    547.10   1699.51
  47     0.470    0.0427     1.0664E+00    303.02    330.75    547.14   1699.75
  48     0.480    0.0417     1.0661E+00    303.02    330.76    547.18   1700.00
  49     0.490    0.0421     1.0658E+00    303.03    330.78    547.22   1700.24
  50     0.500    0.0421     1.0655E+00    303.03    330.79    547.26   1700.48
  51     0.510    0.0406     1.0651E+00    303.03    330.80    547.29   1700.73
  52     0.520    0.0412     1.0648E+00    303.04    330.82    547.33   1700.97
  53     0.530    0.0400     1.0645E+00    303.04    330.83    547.37   1701.21
  54     0.540    0.0402     1.0641E+00    303.04    330.84    547.40   1701.45
  55     0.550    0.0394     1.0639E+00    303.05    330.86    547.44   1701.69
  56     0.560    0.0391     1.0635E+00    303.05    330.87    547.48   1701.93
  57     0.570    0.0384     1.0633E+00    303.05    330.88    547.51   1702.17
  58     0.580    0.0384     1.0630E+00    303.06    330.90    547.55   1702.41
  59     0.590    0.0385     1.0626E+00    303.06    330.91    547.58   1702.65
  60     0.600    0.0376     1.0624E+00    303.06    330.93    547.62   1702.88
  61     0.610    0.0378     1.0621E+00    303.06    330.94    547.65   1703.12
  62     0.620    0.0372     1.0618E+00    303.07    330.95    547.69   1703.36
  63     0.630    0.0366     1.0615E+00    303.07    330.97    547.72   1703.59
  64     0.640    0.0362     1.0613E+00    303.07    330.98    547.76   1703.83
  65     0.650    0.0364     1.0611E+00    303.08    330.99    547.79   1704.06
  66     0.660    0.0362     1.0608E+00    303.08    331.01    547.82   1704.30
  67     0.670    0.0361     1.0608E+00    303.08    331.02    547.86   1704.53
  68     0.680    0.0364     1.0603E+00    303.08    331.03    547.89   1704.76
  69     0.690    0.0352     1.0601E+00    303.09    331.05    547.92   1705.00
  70     0.700    0.0348     1.0598E+00    303.09    331.08    547.95   1705.23
  71     0.710    0.0345     1.0595E+00    303.09    331.11    547.99   1705.46
  72     0.720    0.0339     1.0593E+00    303.09    331.14    548.02   1705.69
  73     0.730    0.0336     1.0591E+00    303.10    331.16    548.05   1705.92
  74     0.740    0.0334     1.0588E+00    303.10    331.19    548.08   1706.15
  75     0.750    0.0327     1.0587E+00    303.10    331.22    548.11   1706.38
  76     0.760    0.0319     1.0584E+00    303.10    331.24    548.15   1706.61
  77     0.770    0.0334     1.0582E+00    303.11    331.27    548.18   1706.84
  78     0.780    0.0321     1.0580E+00    303.11    331.29    548.21   1707.07
  79     0.790    0.0319     1.0579E+00    303.11    331.32    548.24   1707.29
  80     0.800    0.0322     1.0575E+00    303.11    331.34    548.27   1707.52
  81     0.810    0.0325     1.0575E+00    303.11    331.37    548.30   1707.75
  82     0.820    0.0316     1.0571E+00    303.12    331.39    548.33   1707.98
  83     0.830    0.0309     1.0569E+00    303.12    331.42    548.36   1708.20
  84     0.840    0.0311     1.0567E+00    303.12    331.44    548.39   1708.43
  85     0.850    0.0312     1.0567E+00    303.12    331.46    548.42   1708.65
  86     0.860    0.0310     1.0563E+00    303.12    331.49    548.45   1708.88
  87     0.870    0.0306     1.0560E+00    303.13    331.51    548.47   1709.10
  88     0.880    0.0305     1.0560E+00    303.13    331.53    548.50   1709.33
  89     0.890    0.0291     1.0557E+00    303.13    331.55    548.53   1709.55
  90     0.900    0.0303     1.0555E+00    303.13    331.58    548.56   1709.77
  91     0.910    0.0299     1.0554E+00    303.13    331.60    548.59   1709.99
  92     0.920    0.0291     1.0552E+00    303.14    331.62    548.62   1710.22
  93     0.930    0.0293     1.0549E+00    303.14    331.64    548.64   1710.44
  94     0.940    0.0290     1.0549E+00    303.14    331.66    548.67   1710.66
  95     0.950    0.0288     1.0546E+00    303.14    331.68    548.70   1710.88
  96     0.960    0.0286     1.0546E+00    303.14    331.70    548.73   1711.10
  97     0.970    0.0277     1.0542E+00    303.14    331.72    548.75   1711.32
  98     0.980    0.0278     1.0542E+00    303.15    331.74    548.78   1711.54
  99     0.990    0.0280     1.0539E+00    303.15    331.76    548.81   1711.76
 100     1.000    0.0275     1.0536E+00    303.15    331.78    548.83   1711.98
 101     1.100    0.0272     1.0539E+00    303.16    331.93    549.10   1714.17
 102     1.200    0.0264     1.0526E+00    303.17    332.07    549.35   1716.33
 103     1.300    0.0250     1.0510E+00    303.18    332.20    549.59   1718.43
 104     1.400    0.0225     1.0494E+00    303.19    332.32    549.80   1720.48
 105     1.500    0.0206     1.0482E+00    303.20    332.43    550.01   1722.48
 106     1.600    0.0193     1.0469E+00    303.21    332.54    550.20   1724.42
 107     1.700    0.0179     1.0457E+00    303.21    332.64    550.38   1726.30
 108     1.800    0.0177     1.0444E+00    303.22    332.74    550.55   1728.13
 109     1.900    0.0170     1.0438E+00    303.22    332.83    550.71   1729.91
 110     2.000    0.0166     1.0430E+00    303.23    332.92    550.87   1731.63
 111     2.100    0.0159     1.0417E+00    303.23    333.00    551.01   1733.29
 112     2.200    0.0148     1.0412E+00    303.24    333.07    551.14   1734.91
 113     2.300    0.0136     1.0403E+00    303.24    333.14    551.27   1736.46
 114     2.400    0.0127     1.0398E+00    303.24    333.21    551.39   1737.97
 115     2.500    0.0125     1.0389E+00    303.25    333.27    551.50   1739.41
 116     2.600    0.0119     1.0386E+00    303.25    333.32    551.61   1740.80
 117     2.700    0.0114     1.0378E+00    303.25    333.38    551.70   1742.14
 118     2.800    0.0106     1.0375E+00    303.25    333.43    551.80   1743.44
 119     2.900    0.0104     1.0368E+00    303.25    333.47    551.88   1744.67
 120     3.000    0.0097     1.0367E+00    303.25    333.52    551.97   1745.87
 121     3.100    0.0094     1.0361E+00    303.26    333.56    552.04   1747.02
 122     3.200    0.0095     1.0359E+00    303.26    333.60    552.12   1748.13
 123     3.300    0.0096     1.0354E+00    303.26    333.64    552.19   1749.18
 124     3.400    0.0082     1.0353E+00    303.26    333.68    552.25   1750.20
 125     3.500    0.0094     1.0347E+00    303.26    333.71    552.31   1751.17
 126     3.600    0.0087     1.0347E+00    303.26    333.74    552.37   1752.11
 127     3.700    0.0077     1.0343E+00    303.26    333.78    552.42   1753.00
 128     3.800    0.0075     1.0342E+00    303.26    333.81    552.48   1753.87
 129     3.900    0.0072     1.0340E+00    303.26    333.83    552.52   1754.69
 130     4.000    0.0080     1.0338E+00    303.26    333.86    552.57   1755.48
 131     4.100    0.0076     1.0336E+00    303.26    333.89    552.61   1756.24
 132     4.200    0.0073     1.0334E+00    303.26    333.91    552.65   1756.96
 133     4.300    0.0076     1.0333E+00    303.26    333.94    552.69   1757.66
 134     4.400    0.0070     1.0331E+00    303.26    333.96    552.73   1758.32
 135     4.500    0.0074     1.0330E+00    303.26    333.98    552.76   1758.96
 136     4.600    0.0068     1.0328E+00    303.26    334.01    552.80   1759.57
 137     4.700    0.0069     1.0328E+00    303.26    334.03    552.83   1760.16
 138     4.800    0.0065     1.0326E+00    303.26    334.05    552.86   1760.72
 139     4.900    0.0071     1.0323E+00    303.26    334.07    552.88   1761.25
 140     5.000    0.0071     1.0323E+00    303.26    334.08    552.91   1761.76

   WARNING: SOME NEGATIVE CXs (DUE TO CR INSERTION) ARE SUPPRESSED TO ZERO IN SUBROUTINE CROD_UPDT


 Total time :    262.471680      seconds
