                       ###########################################################
                       #                     ADPRES 1.1                          #
                       #        ABU DHABI POLYTECHNIC REACTOR SIMULATOR          #
                       ###########################################################  


  ========================================INPUT DATA STARTS HERE=====================================
     1: ! CALCULATION MODE CARD                                                                             
     2: %MODE                                                                                               
     3: RODEJECT                                                                                            
     4:                                                                                                     
     5: ! CASE CARD                                                                                         
     6: %CASE                                                                                               
     7: NEACRP Problem                                                                                      
     8: 10.803 CM NODE SIZE                                                                                 
     9:                                                                                                     
    10: ! XSEC CARD                                                                                         
    11: %XSEC                                                                                               
    12: 2  11    ! Number of groups and number of materials                                                 
    13: !  sigtr        siga        nu*sigf       sigf      chi sigs_g1 sigs_g2                             
    14: 5.32058E-02  3.73279E-04  0.00000E+00  0.00000E+00  1.0  0.0  2.64554E-02                           
    15: 3.86406E-01  1.77215E-02  0.00000E+00  0.00000E+00  0.0  0.0  0.00000E+00  !COMP 1                  
    16: 2.95609E-01  1.18782E-03  0.00000E+00  0.00000E+00  1.0  0.0  2.31613E-02                           
    17: 2.45931E+00  2.52618E-01  0.00000E+00  0.00000E+00  0.0  0.0  0.00000E+00  !COMP 2                  
    18: 2.95609E-01  1.18782E-03  0.00000E+00  0.00000E+00  1.0  0.0  2.00808E-02                           
    19: 2.45931E+00  2.52618E-01  0.00000E+00  0.00000E+00  0.0  0.0  0.00000E+00  !COMP 3                  
    20: 2.22117E-01  8.71774E-03  4.98277E-03  6.11190E-14  1.0  0.0  1.82498E-02                           
    21: 8.03140E-01  6.52550E-02  8.39026E-02  1.10152E-12  0.0  0.0  0.00000E+00  !COMP 4                  
    22: 2.21914E-01  9.06133E-03  5.57659E-03  6.89181E-14  1.0  0.0  1.80040E-02                           
    23: 7.95538E-01  7.23354E-02  9.98629E-02  1.31106E-12  0.0  0.0  0.00000E+00  !COMP 5                  
    24: 2.21715E-01  9.38496E-03  6.15047E-03  7.64603E-14  1.0  0.0  1.77670E-02                           
    25: 7.89253E-01  7.89203E-02  1.14667E-01  1.50541E-12  0.0  0.0  0.00000E+00  !COMP 6                  
    26: 2.22039E-01  9.31692E-03  5.55010E-03  6.86391E-14  1.0  0.0  1.71381E-02                           
    27: 7.76230E-01  7.96328E-02  9.85576E-02  1.29393E-12  0.0  0.0  0.00000E+00  !COMP 7                  
    28: 2.22083E-01  9.40032E-03  5.54083E-03  6.85391E-14  1.0  0.0  1.68501E-02                           
    29: 7.69969E-01  8.21087E-02  9.80059E-02  1.28669E-12  0.0  0.0  0.00000E+00  !COMP 8                  
    30: 2.22127E-01  9.48286E-03  5.53137E-03  6.84379E-14  1.0  0.0  1.65626E-02                           
    31: 7.63813E-01  8.45912E-02  9.74109E-02  1.27888E-12  0.0  0.0  0.00000E+00  !COMP 9                  
    32: 2.21836E-01  9.63720E-03  6.12382E-03  7.61794E-14  1.0  0.0  1.69043E-02                           
    33: 7.70705E-01  8.61187E-02  1.13241E-01  1.48670E-12  0.0  0.0  0.00000E+00  !COMP 10                 
    34: 2.21878E-01  9.71937E-03  6.11444E-03  7.60778E-14  1.0  0.0  1.66175E-02                           
    35: 7.64704E-01  8.85488E-02  1.12635E-01  1.47876E-12  0.0  0.0  0.00000E+00  !COMP 11                 
    36:                                                                                                     
    37: ! GEOMETRY CARD                                                                                     
    38: %GEOM                                                                                               
    39: 9 9 18               !nx, ny, nz                                                                    
    40: 10.803   8*21.606    !x-direction assembly size in cm                                               
    41:   1         8*2      !x-direction assembly divided 2x2                                              
    42: 8*21.606 10.803      !y-direction assembly size in cm                                               
    43:   8*2       1        !y-direction assembly divided 2x2                                              
    44: 30.  7.7  11.0  15.0  10*30.0  2*12.8  8.0  30.      !z-direction size  in cm (from bottom to top)  
    45: 18*1                 !z-direction assembly divided into 20 cm each                                  
    46: 3                    !np number of planar type                                                      
    47: 1  2  15*3  1        !planar assignment (from bottom to top)                                        
    48: ! Planar_Reg 1                                                                                      
    49:  1  1  1  1  1  1  1  1  2                                                                          
    50:  1  1  1  1  1  1  1  1  2                                                                          
    51:  1  1  1  1  1  1  1  3  2                                                                          
    52:  1  1  1  1  1  1  1  2  0                                                                          
    53:  1  1  1  1  1  1  3  2  0                                                                          
    54:  1  1  1  1  1  3  2  0  0                                                                          
    55:  1  1  1  1  3  2  0  0  0                                                                          
    56:  1  1  3  2  2  0  0  0  0                                                                          
    57:  2  2  2  0  0  0  0  0  0                                                                          
    58: ! Planar_Reg 2                                                                                      
    59:  4  5  4  5  4  5  4  6  2                                                                          
    60:  5  4  5  4  5  4  6  6  2                                                                          
    61:  4  5  4  5  4  5  6  3  2                                                                          
    62:  5  4  5  4  5  6  6  2  0                                                                          
    63:  4  5  4  5  4  6  3  2  0                                                                          
    64:  5  4  5  6  6  3  2  0  0                                                                          
    65:  4  6  6  6  3  2  0  0  0                                                                          
    66:  6  6  3  2  2  0  0  0  0                                                                          
    67:  2  2  2  0  0  0  0  0  0                                                                          
    68: ! Planar_Reg 3                                                                                      
    69:  4  9  4  9  4  7  4  6  2                                                                          
    70:  9  4  8  4  8  4 11  6  2                                                                          
    71:  4  8  4  8  4  8  6  3  2                                                                          
    72:  9  4  8  4  8 10  6  2  0                                                                          
    73:  4  8  4  8  4  6  3  2  0                                                                          
    74:  7  4  8 10  6  3  2  0  0                                                                          
    75:  4 11  6  6  3  2  0  0  0                                                                          
    76:  6  6  3  2  2  0  0  0  0                                                                          
    77:  2  2  2  0  0  0  0  0  0                                                                          
    78: ! Boundary conditions (east), (west), (north), (south), (bottom), (top)                             
    79: 1 2 2 1 1 1                                                                                         
    80:                                                                                                     
    81: ! CONTROL CARD                                                                                      
    82: %CROD                                                                                               
    83: 7    228                     ! Number of CR banks and max number of banks                           
    84: 37.7 1.5942237                ! Zero step pos. (cm) and cm/step (total 228 steps)                   
    85: 0.   0.  0.  228.   0.   0.  0.           ! CR Bank pos.                                            
    86:  1  0  2  0  0  0  3  0  0                                                                          
    87:  0  4  0  0  0  6  0  0  0                                                                          
    88:  2  0  5  0  6  0  6  0  0                                                                          
    89:  0  0  0  4  0  0  0  0  0                                                                          
    90:  0  0  6  0  7  0  0  0  0                                                                          
    91:  0  6  0  0  0  0  0  0  0                                                                          
    92:  3  0  6  0  0  0  0  0  0                                                                          
    93:  0  0  0  0  0  0  0  0  0                                                                          
    94:  0  0  0  0  0  0  0  0  0                                                                          
    95: ! CX changes                                                                                        
    96: !  sigtr        siga        nu*sigf      sigf      sigs_g1   sigs_g2                                
    97:  3.73220E-03  2.47770E-03  -1.02786E-04  -1.21448E-15  0.0  -3.19253E-03                            
    98: -2.19926E-02  2.55875E-02  -2.82319E-03  -3.70238E-14  0.0   0.00000E+00    !COMP 1                 
    99:  3.73220E-03  2.47770E-03  -1.02786E-04  -1.21448E-15  0.0  -3.19253E-03                            
   100: -2.19926E-02  2.55875E-02  -2.82319E-03  -3.70238E-14  0.0   0.00000E+00    !COMP 2                 
   101:  3.73220E-03  2.47770E-03  -1.02786E-04  -1.21448E-15  0.0  -3.19253E-03                            
   102: -2.19926E-02  2.55875E-02  -2.82319E-03  -3.70238E-14  0.0  0.00000E+00    !COMP 3                  
   103:  3.73220E-03  2.47770E-03  -1.02786E-04  -1.21448E-15  0.0  -3.19253E-03                            
   104: -2.19926E-02  2.55875E-02  -2.82319E-03  -3.70238E-14  0.0  0.00000E+00    !COMP 4                  
   105:  3.73220E-03  2.47770E-03  -1.02786E-04  -1.21448E-15  0.0  -3.19253E-03                            
   106: -2.19926E-02  2.55875E-02  -2.82319E-03  -3.70238E-14  0.0  0.00000E+00    !COMP 5                  
   107:  3.74092E-03  2.42926E-03  -1.22634E-04  -1.47557E-15  0.0  -3.14239E-03                            
   108: -1.67503E-02  2.56478E-02  -3.28086E-03  -4.30444E-14  0.0  0.00000E+00    !COMP 6                  
   109:  3.73220E-03  2.47770E-03  -1.02786E-04  -1.21448E-15  0.0  -3.19253E-03                            
   110: -2.19926E-02  2.55875E-02  -2.82319E-03  -3.70238E-14  0.0  0.00000E+00    !COMP 7                  
   111:  3.73220E-03  2.47770E-03  -1.02786E-04  -1.21448E-15  0.0  -3.19253E-03                            
   112: -2.19926E-02  2.55875E-02  -2.82319E-03  -3.70238E-14  0.0  0.00000E+00    !COMP 8                  
   113: 3.73220E-03  2.47770E-03  -1.02786E-04  -1.21448E-15  0.0  -3.19253E-03                             
   114: -2.19926E-02  2.55875E-02  -2.82319E-03  -3.70238E-14  0.0  0.00000E+00    !COMP 9                  
   115: 3.73220E-03  2.47770E-03  -1.02786E-04  -1.21448E-15  0.0  -3.19253E-03                             
   116: -2.19926E-02  2.55875E-02  -2.82319E-03  -3.70238E-14  0.0  0.00000E+00    !COMP 10                 
   117: 3.73220E-03  2.47770E-03  -1.02786E-04  -1.21448E-15  0.0  -3.19253E-03                             
   118: -2.19926E-02  2.55875E-02  -2.82319E-03  -3.70238E-14  0.0  0.00000E+00    !COMP 11                 
   119: 1                                                                                                   
   120:                                                                                                     
   121: ! BORON CONCENTRATION                                                                               
   122: %BCON                                                                                               
   123: 561.85  1200.2  ! Boron concentration ref. in ppm                                                   
   124: ! CX change per unit ppm change of Boron concentration                                              
   125: !  sigtr          siga         nu*sigf       sigf      sigs_g1   sigs_g2                            
   126: 6.11833E-08  1.87731E-07  0.00000E+00  0.00000E+00  0.0  7.91457E-10                                
   127: 5.17535E-06  1.02635E-05  0.00000E+00  0.00000E+00  0.0  0.00000E+00    !COMP 1                     
   128: 0.00000E+00  0.00000E+00  0.00000E+00  0.00000E+00  0.0  0.00000E+00                                
   129: 7.76184E-04  8.44695E-05  0.00000E+00  0.00000E+00  0.0  0.00000E+00    !COMP 2                     
   130: 0.00000E+00  0.00000E+00  0.00000E+00  0.00000E+00  0.0  0.00000E+00                                
   131: 7.76184E-04  8.44695E-05  0.00000E+00  0.00000E+00  0.0  0.00000E+00    !COMP 3                     
   132: 3.47809E-08  1.28505E-07  -1.12099E-09  -1.76188E-20  0.0  -1.08590E-07                             
   133: -9.76510E-06  7.08807E-06  -2.43045E-06  -3.19085E-17  0.0  0.00000E+00    !COMP 4                  
   134: 3.53826E-08  1.26709E-07  -1.67880E-09  -2.49965E-20  0.0  -1.06951E-07                             
   135: -8.50169E-06  6.82311E-06  -2.72445E-06  -3.57680E-17  0.0  0.00000E+00    !COMP 5                  
   136: 3.59838E-08  1.24986E-07  -2.21038E-09  -3.20225E-20  0.0  -1.05374E-07                             
   137: -7.46251E-06  6.59798E-06  -2.95883E-06  -3.88451E-17  0.0  0.00000E+00    !COMP 6                  
   138: 3.37806E-08  1.19869E-07  -1.71323E-09  -2.49965E-20  0.0  -1.00873E-07                             
   139: -6.73744E-06  6.29310E-06  -2.55359E-06  -3.35223E-17  0.0  0.00000E+00    !COMP 7                  
   140: 3.32495E-08  1.17585E-07  -1.72421E-09  -2.54896E-20  0.0  -9.88578E-08                             
   141: -6.19725E-06  6.11904E-06  -2.48880E-06  -3.26704E-17  0.0  0.00000E+00    !COMP 8                  
   142: 3.27201E-08  1.15319E-07  -1.73502E-09  -2.56049E-20  0.0  -9.68489E-08                             
   143: -5.68220E-06  5.94711E-06  -2.42240E-06  -3.17976E-17  0.0  0.00000E+00    !COMP 9                  
   144: 3.43859E-08  1.18186E-07  -2.24335E-09  -3.20225E-20  0.0  -9.93312E-08                             
   145: -5.86898E-06  6.08443E-06  -2.77657E-06  -3.64509E-17  0.0  0.00000E+00    !COMP 10                 
   146: 3.38559E-08  1.15917E-07  -2.25369E-09  -3.24873E-20  0.0  -9.73291E-08                             
   147: -5.38345E-06  5.91697E-06  -2.70780E-06  -3.55476E-17  0.0  0.00000E+00    !COMP 11                 
   148:                                                                                                     
   149: ! FUEL TEMPERATURE CARD                                                                             
   150: %FTEM                                                                                               
   151: 891.19  891.45  ! Average Fuel Temperature and fuel temperature Ref. in Kelvin                      
   152: ! CX change per Fuel Temperature Changes                                                            
   153: !  sigtr          siga         nu*sigf       sigf      sigs_g1   sigs_g2                            
   154: 0.00000E+00  0.00000E+00  0.00000E+00  0.00000E+00  0.0  0.00000E+00                                
   155: 0.00000E+00  0.00000E+00  0.00000E+00  0.00000E+00  0.0  0.00000E+00    !COMP 1                     
   156: 0.00000E+00  0.00000E+00  0.00000E+00  0.00000E+00  0.0  0.00000E+00                                
   157: 0.00000E+00  0.00000E+00  0.00000E+00  0.00000E+00  0.0  0.00000E+00    !COMP 2                     
   158: 0.00000E+00  0.00000E+00  0.00000E+00  0.00000E+00  0.0  0.00000E+00                                
   159: 0.00000E+00  0.00000E+00  0.00000E+00  0.00000E+00  0.0  0.00000E+00    !COMP 3                     
   160: -3.09197E-05  3.49709E-05  6.40134E-07  7.15412E-18  0.0  -2.75536E-05                              
   161: -0.000137292  -3.71806E-05  -5.63037E-05  -7.39188E-16  0.0  0.00000E+00    !COMP 4                 
   162: -3.08607E-05  3.51798E-05  9.97431E-07  1.18685E-17  0.0  -2.76766E-05                              
   163: -0.000117481  -3.77039E-05  -6.04155E-05  -7.9317E-16  0.0  0.00000E+00    !COMP 5                  
   164: -3.09165E-05  3.53841E-05  1.41847E-06  1.74269E-17  0.0  -2.78390E-05                              
   165: -0.000101337  -3.77558E-05  -0.000063096  -8.28363E-16  0.0  0.00000E+00    !COMP 6                 
   166: -3.13746E-05  3.48699E-05  9.45431E-07  1.18685E-17  0.0  -2.73550E-05                              
   167: -0.000108271  -3.72748E-05  -5.79662E-05  -7.60849E-16  0.0  0.00000E+00    !COMP 7                 
   168: -3.15503E-05  3.47274E-05  9.26078E-07  1.08935E-17  0.0  -2.72381E-05                              
   169: -0.000105521  -3.71808E-05  -5.71108E-05  -7.49575E-16  0.0  0.00000E+00    !COMP 8                 
   170: -3.17281E-05  3.46026E-05  9.05802E-07  1.06166E-17  0.0  -2.71169E-05                              
   171: -0.000102525  -3.70201E-05  -5.61543E-05  -7.36969E-16  0.0  0.00000E+00    !COMP 9                 
   172: -3.14192E-05  3.50637E-05  1.35642E-06  1.74269E-17  0.0  -2.75049E-05                              
   173: -9.38886E-05  -3.71403E-05  -6.05052E-05  -7.94252E-16  0.0  0.00000E+00    !COMP 10                
   174: -3.15908E-05  3.49119E-05  1.33336E-06  1.62769E-17  0.0  -2.73835E-05                              
   175: -9.17126E-05  -3.69909E-05  -5.96284E-05  -7.82716E-16  0.0  0.00000E+00    !COMP 11                
   176:                                                                                                     
   177: ! MODERATOR TEMPERATURE CARD                                                                        
   178: %MTEM                                                                                               
   179: 559.19  579.75  ! Average Moderator Temperature and Moderator temperature Ref. Kelvin               
   180: ! CX change per Moderator Temperature Changes                                                       
   181: !  sigtr          siga         nu*sigf       sigf     sigs_g1   sigs_g2                             
   182:  0.00000E+00  0.00000E+00  0.00000E+00  0.00000E+00  0.0  0.00000E+00                               
   183:  0.00000E+00  0.00000E+00  0.00000E+00  0.00000E+00  0.0  0.00000E+00    !COMP 1                    
   184:  0.00000E+00  0.00000E+00  0.00000E+00  0.00000E+00  0.0  0.00000E+00                               
   185:  0.00000E+00  0.00000E+00  0.00000E+00  0.00000E+00  0.0  0.00000E+00    !COMP 2                    
   186:  0.00000E+00  0.00000E+00  0.00000E+00  0.00000E+00  0.0  0.00000E+00                               
   187:  0.00000E+00  0.00000E+00  0.00000E+00  0.00000E+00  0.0  0.00000E+00    !COMP 3                    
   188: -2.03310E-06  2.12191E-07  1.24709E-07  1.43035E-18  0.0  8.09676E-07                               
   189: -1.08674E-04 -3.15597E-05 -4.16439E-05 -5.46722E-16  0.0  0.00000E+00    !COMP 4                    
   190: -1.98080E-06  2.26000E-07  1.35145E-07  1.56896E-18  0.0  8.58474E-07                               
   191: -9.06150E-05 -3.21435E-05  -4.53102E-05  -5.94857E-16  0.0  0.00000E+00    !COMP 5                  
   192: -1.92434E-06  2.39939E-07  1.49084E-07  1.75422E-18  0.0  9.03494E-07                               
   193: -7.62786E-05  -3.23776E-05  -4.78475E-05  -6.28174E-16  0.0  0.00000E+00    !COMP 6                 
   194: -2.69634E-06  2.48530E-07  1.40773E-07  1.56896E-18  0.0  7.01311E-07                               
   195: -7.62435E-05  -3.00119E-05  -4.20202E-05  -5.51669E-16  0.0  0.00000E+00    !COMP 7                 
   196: -3.07905E-06  2.61854E-07  1.43235E-07  1.67897E-18  0.0  6.17380E-07                               
   197: -7.33397E-05  -2.91929E-05  -4.07701E-05  -5.35261E-16  0.0  0.00000E+00    !COMP 8                 
   198: -3.53877E-06  2.74313E-07  1.46019E-07  1.71665E-18  0.0  5.16547E-07                               
   199: -7.13711E-05  -2.83041E-05  -3.94319E-05  -5.17689E-16  0.0  0.00000E+00    !COMP 9                 
   200: -2.63907E-06  2.64289E-07  1.55858E-07  1.75422E-18  0.0  7.44320E-07                               
   201: -6.39554E-05  -3.03509E-05  -4.44431E-05  -5.83483E-16  0.0  0.00000E+00    !COMP 10                
   202: -3.02147E-06  2.79060E-07  1.58814E-07  1.88528E-18  0.0  6.59521E-07                               
   203: -6.16984E-05  -2.95626E-05  -4.31588E-05  -5.66622E-16  0.0  0.00000E+00    !COMP 11                
   204:                                                                                                     
   205: ! COOLANT DENSITY CARD                                                                              
   206: %CDEN                                                                                               
   207: 0.7464  0.7125  ! Average Coolant Density and Coolant Density Ref. in g/cm3                         
   208: ! CX change per Coolant Density Changes                                                             
   209: !  sigtr          siga         nu*sigf       sigf     sigs_g1   sigs_g2                             
   210: 7.45756E-02  2.07688E-04  0.00000E+00  0.00000E+00  0.0  3.71310E-02                                
   211: 5.33634E-01  7.58421E-03  0.00000E+00  0.00000E+00  0.0  0.00000E+00    !COMP 1                     
   212: 0.00000E+00  0.00000E+00  0.00000E+00  0.00000E+00  0.0  0.00000E+00                                
   213: 0.00000E+00  0.00000E+00  0.00000E+00  0.00000E+00  0.0  0.00000E+00    !COMP 2                     
   214: 0.00000E+00  0.00000E+00  0.00000E+00  0.00000E+00  0.0  0.00000E+00                                
   215: 0.00000E+00  0.00000E+00  0.00000E+00  0.00000E+00  0.0  0.00000E+00    !COMP 3                     
   216: 1.35665E-01  1.55185E-03  9.20694E-04  1.02392E-14  0.0  2.93195E-02                                
   217: 9.92628E-01  2.52662E-02  2.47746E-02  3.25255E-13  0.0  0.00000E+00    !COMP 4                     
   218: 1.35748E-01  1.61491E-03  9.64160E-04  1.08141E-14  0.0  2.92696E-02                                
   219: 9.81985E-01  2.86667E-02  3.14993E-02  4.13542E-13  0.0  0.00000E+00    !COMP 5                     
   220: 1.35827E-01  1.68015E-03  1.01410E-03  1.14771E-14  0.0  2.92154E-02                                
   221: 9.72267E-01  3.19571E-02  3.81097E-02  5.00328E-13  0.0  0.00000E+00    !COMP 6                     
   222: 1.31033E-01  1.68397E-03  9.81951E-04  1.08141E-14  0.0  2.82489E-02                                
   223: 9.34697E-01  3.14240E-02  3.51588E-02  4.61715E-13  0.0  0.00000E+00    !COMP 7                     
   224: 1.29379E-01  1.71972E-03  9.88437E-04  1.11322E-14  0.0  2.78895E-02                                
   225: 9.18171E-01  3.24715E-02  3.63251E-02  4.77078E-13  0.0  0.00000E+00    !COMP 8                     
   226: 1.27682E-01  1.74989E-03  9.95175E-04  1.12209E-14  0.0  2.75202E-02                                
   227: 9.01293E-01  3.35945E-02  3.74499E-02  4.91900E-13  0.0  0.00000E+00    !COMP 9                     
   228: 1.31116E-01  1.75528E-03  1.03522E-03  1.14771E-14  0.0  2.81877E-02                                
   229: 9.24925E-01  3.49853E-02  4.20693E-02  5.52387E-13  0.0  0.00000E+00    !COMP 10                    
   230: 1.29463E-01  1.79499E-03  1.04291E-03  1.18534E-14  0.0  2.78259E-02                                
   231: 9.08456E-01  3.61032E-02  4.33215E-02  5.68857E-13  0.0  0.00000E+00    !COMP 11                    
   232: 1                                                                                                   
   233:                                                                                                     
   234: ! THERMAL-HYDRAULIC CARD                                                                            
   235: %THER                                                                                               
   236: 0.0001                                 ! Percent power in %                                         
   237: 693.75e6                               ! Reactor thermal power for quarter geometry in Watt         
   238: 559.15  82.12102                       ! Inlet coolant temp. (Kelvin) and Fuel Assembly Mass flow ra
   239: 4.11950E-03  6.8E-05  5.71E-04  1.2655E-2 ! Fuel meat rad., gap thinkness, cladding thinkness and pi
   240: 264  25                                ! Number of fuel pin and guide tubes                         
   241: 0.019                                  ! FRACTION OF HEAT DEPOSITED IN COOLANT                      
   242: 1                                                                                                   
   243:                                                                                                     
   244: %EJCT                                                                                               
   245: ! Final Bank Pos (steps)     Starts Move (seconds)     Speed (steps/seconds)                        
   246:      228.                     0.0                     2280.0    ! Bank 1                            
   247:      0.                       0.0                     0.0       ! Bank 2                            
   248:      0.                       0.0                     0.0       ! Bank 3                            
   249:      228.                     0.0                     0.0       ! Bank 4                            
   250:      0.                       0.0                     0.0       ! Bank 5                            
   251:      0.                       0.0                     0.0       ! Bank 6                            
   252:      0.                       0.0                     0.0       ! Bank 7                            
   253: 5.0  0.01  1.0  0.1            ! (seconds) total time, 1st time step, when to start 2nd time step, 2
   254: 0.0002584 0.00152 0.0013908 0.0030704 0.001102 0.0002584 !beta                                      
   255: 0.0128  0.0318  0.119   0.3181  1.4027  3.9286           !decay constants                           
   256: 2.8E7    4.4E5     ! Neutron velocity                                                               
  ========================================INPUT DATA   ENDS HERE=====================================



                                             START READING INPUT
  ***************************************************************************************************
  CALCULATION MODE :                 ROD EJECTION CALCULATION

  CASE ID :   NEACRP Problem                                                                                    
   10.803 CM NODE SIZE                                                                               


            >>>> READING MACROSCOPIC CROSS SECTIONS <<<<
            --------------------------------------------

     MATERIAL  1
    GROUP   TRANSPORT    DIFFUSION  ABSORPTION    REMOVAL      NU*FISS      FISSION    FISS. SPCTR
       1     0.053206    6.264981    0.000373    0.026829     0.000000     0.000000     1.000000
       2     0.386406    0.862651    0.017722    0.017722     0.000000     0.000000     0.000000
   --SCATTERING MATRIX--
     G/G'          1          2
      1        0.000000    0.026455
      2        0.000000    0.000000

     MATERIAL  2
    GROUP   TRANSPORT    DIFFUSION  ABSORPTION    REMOVAL      NU*FISS      FISSION    FISS. SPCTR
       1     0.295609    1.127616    0.001188    0.024349     0.000000     0.000000     1.000000
       2     2.459310    0.135539    0.252618    0.252618     0.000000     0.000000     0.000000
   --SCATTERING MATRIX--
     G/G'          1          2
      1        0.000000    0.023161
      2        0.000000    0.000000

     MATERIAL  3
    GROUP   TRANSPORT    DIFFUSION  ABSORPTION    REMOVAL      NU*FISS      FISSION    FISS. SPCTR
       1     0.295609    1.127616    0.001188    0.021269     0.000000     0.000000     1.000000
       2     2.459310    0.135539    0.252618    0.252618     0.000000     0.000000     0.000000
   --SCATTERING MATRIX--
     G/G'          1          2
      1        0.000000    0.020081
      2        0.000000    0.000000

     MATERIAL  4
    GROUP   TRANSPORT    DIFFUSION  ABSORPTION    REMOVAL      NU*FISS      FISSION    FISS. SPCTR
       1     0.222117    1.500710    0.008718    0.026968     0.004983     0.000000     1.000000
       2     0.803140    0.415038    0.065255    0.065255     0.083903     0.000000     0.000000
   --SCATTERING MATRIX--
     G/G'          1          2
      1        0.000000    0.018250
      2        0.000000    0.000000

     MATERIAL  5
    GROUP   TRANSPORT    DIFFUSION  ABSORPTION    REMOVAL      NU*FISS      FISSION    FISS. SPCTR
       1     0.221914    1.502083    0.009061    0.027065     0.005577     0.000000     1.000000
       2     0.795538    0.419004    0.072335    0.072335     0.099863     0.000000     0.000000
   --SCATTERING MATRIX--
     G/G'          1          2
      1        0.000000    0.018004
      2        0.000000    0.000000

     MATERIAL  6
    GROUP   TRANSPORT    DIFFUSION  ABSORPTION    REMOVAL      NU*FISS      FISSION    FISS. SPCTR
       1     0.221715    1.503432    0.009385    0.027152     0.006150     0.000000     1.000000
       2     0.789253    0.422340    0.078920    0.078920     0.114667     0.000000     0.000000
   --SCATTERING MATRIX--
     G/G'          1          2
      1        0.000000    0.017767
      2        0.000000    0.000000

     MATERIAL  7
    GROUP   TRANSPORT    DIFFUSION  ABSORPTION    REMOVAL      NU*FISS      FISSION    FISS. SPCTR
       1     0.222039    1.501238    0.009317    0.026455     0.005550     0.000000     1.000000
       2     0.776230    0.429426    0.079633    0.079633     0.098558     0.000000     0.000000
   --SCATTERING MATRIX--
     G/G'          1          2
      1        0.000000    0.017138
      2        0.000000    0.000000

     MATERIAL  8
    GROUP   TRANSPORT    DIFFUSION  ABSORPTION    REMOVAL      NU*FISS      FISSION    FISS. SPCTR
       1     0.222083    1.500940    0.009400    0.026250     0.005541     0.000000     1.000000
       2     0.769969    0.432918    0.082109    0.082109     0.098006     0.000000     0.000000
   --SCATTERING MATRIX--
     G/G'          1          2
      1        0.000000    0.016850
      2        0.000000    0.000000

     MATERIAL  9
    GROUP   TRANSPORT    DIFFUSION  ABSORPTION    REMOVAL      NU*FISS      FISSION    FISS. SPCTR
       1     0.222127    1.500643    0.009483    0.026045     0.005531     0.000000     1.000000
       2     0.763813    0.436407    0.084591    0.084591     0.097411     0.000000     0.000000
   --SCATTERING MATRIX--
     G/G'          1          2
      1        0.000000    0.016563
      2        0.000000    0.000000

     MATERIAL 10
    GROUP   TRANSPORT    DIFFUSION  ABSORPTION    REMOVAL      NU*FISS      FISSION    FISS. SPCTR
       1     0.221836    1.502612    0.009637    0.026542     0.006124     0.000000     1.000000
       2     0.770705    0.432504    0.086119    0.086119     0.113241     0.000000     0.000000
   --SCATTERING MATRIX--
     G/G'          1          2
      1        0.000000    0.016904
      2        0.000000    0.000000

     MATERIAL 11
    GROUP   TRANSPORT    DIFFUSION  ABSORPTION    REMOVAL      NU*FISS      FISSION    FISS. SPCTR
       1     0.221878    1.502327    0.009719    0.026337     0.006114     0.000000     1.000000
       2     0.764704    0.435899    0.088549    0.088549     0.112635     0.000000     0.000000
   --SCATTERING MATRIX--
     G/G'          1          2
      1        0.000000    0.016617
      2        0.000000    0.000000

  ...Macroscopic CX Card is sucessfully read...


            >>>>>READING CORE GEOMETRY<<<<<
            -------------------------------
  Number of assembly in x, y and z directions respectively :
           9           9          18
  Number of nodes in x, y and z directions respectively :
          17          17          18

  x-directed nodes divison (delta-x)
    10.80  10.80  10.80  10.80  10.80  10.80  10.80  10.80  10.80  10.80
    10.80  10.80  10.80  10.80  10.80  10.80  10.80
  y-directed nodes divison (delta-y)
    10.80  10.80  10.80  10.80  10.80  10.80  10.80  10.80  10.80  10.80
    10.80  10.80  10.80  10.80  10.80  10.80  10.80

  Planar Region :  1
        1  2  3  4  5  6  7  8  9 10 11 12 13 14 15 16 17
    17  1  1  1  1  1  1  1  1  1  1  1  1  1  1  1  2  2 
    16  1  1  1  1  1  1  1  1  1  1  1  1  1  1  1  2  2 
    15  1  1  1  1  1  1  1  1  1  1  1  1  1  1  1  2  2 
    14  1  1  1  1  1  1  1  1  1  1  1  1  1  3  3  2  2 
    13  1  1  1  1  1  1  1  1  1  1  1  1  1  3  3  2  2 
    12  1  1  1  1  1  1  1  1  1  1  1  1  1  2  2       
    11  1  1  1  1  1  1  1  1  1  1  1  1  1  2  2       
    10  1  1  1  1  1  1  1  1  1  1  1  3  3  2  2       
     9  1  1  1  1  1  1  1  1  1  1  1  3  3  2  2       
     8  1  1  1  1  1  1  1  1  1  3  3  2  2             
     7  1  1  1  1  1  1  1  1  1  3  3  2  2             
     6  1  1  1  1  1  1  1  3  3  2  2                   
     5  1  1  1  1  1  1  1  3  3  2  2                   
     4  1  1  1  3  3  2  2  2  2                         
     3  1  1  1  3  3  2  2  2  2                         
     2  2  2  2  2  2                                     
     1  2  2  2  2  2                                     
  Planar Region :  2
        1  2  3  4  5  6  7  8  9 10 11 12 13 14 15 16 17
    17  4  5  5  4  4  5  5  4  4  5  5  4  4  6  6  2  2 
    16  5  4  4  5  5  4  4  5  5  4  4  6  6  6  6  2  2 
    15  5  4  4  5  5  4  4  5  5  4  4  6  6  6  6  2  2 
    14  4  5  5  4  4  5  5  4  4  5  5  6  6  3  3  2  2 
    13  4  5  5  4  4  5  5  4  4  5  5  6  6  3  3  2  2 
    12  5  4  4  5  5  4  4  5  5  6  6  6  6  2  2       
    11  5  4  4  5  5  4  4  5  5  6  6  6  6  2  2       
    10  4  5  5  4  4  5  5  4  4  6  6  3  3  2  2       
     9  4  5  5  4  4  5  5  4  4  6  6  3  3  2  2       
     8  5  4  4  5  5  6  6  6  6  3  3  2  2             
     7  5  4  4  5  5  6  6  6  6  3  3  2  2             
     6  4  6  6  6  6  6  6  3  3  2  2                   
     5  4  6  6  6  6  6  6  3  3  2  2                   
     4  6  6  6  3  3  2  2  2  2                         
     3  6  6  6  3  3  2  2  2  2                         
     2  2  2  2  2  2                                     
     1  2  2  2  2  2                                     
  Planar Region :  3
        1  2  3  4  5  6  7  8  9 10 11 12 13 14 15 16 17
    17  4  9  9  4  4  9  9  4  4  7  7  4  4  6  6  2  2 
    16  9  4  4  8  8  4  4  8  8  4  4  11 11 6  6  2  2 
    15  9  4  4  8  8  4  4  8  8  4  4  11 11 6  6  2  2 
    14  4  8  8  4  4  8  8  4  4  8  8  6  6  3  3  2  2 
    13  4  8  8  4  4  8  8  4  4  8  8  6  6  3  3  2  2 
    12  9  4  4  8  8  4  4  8  8  10 10 6  6  2  2       
    11  9  4  4  8  8  4  4  8  8  10 10 6  6  2  2       
    10  4  8  8  4  4  8  8  4  4  6  6  3  3  2  2       
     9  4  8  8  4  4  8  8  4  4  6  6  3  3  2  2       
     8  7  4  4  8  8  10 10 6  6  3  3  2  2             
     7  7  4  4  8  8  10 10 6  6  3  3  2  2             
     6  4  11 11 6  6  6  6  3  3  2  2                   
     5  4  11 11 6  6  6  6  3  3  2  2                   
     4  6  6  6  3  3  2  2  2  2                         
     3  6  6  6  3  3  2  2  2  2                         
     2  2  2  2  2  2                                     
     1  2  2  2  2  2                                     

  Planar Region Assignment to planes.
 --------------------------------------
   Plane Number     Planar Region    delta-z
       18 (TOP)            1          30.00
       17                  3           8.00
       16                  3          12.80
       15                  3          12.80
       14                  3          30.00
       13                  3          30.00
       12                  3          30.00
       11                  3          30.00
       10                  3          30.00
        9                  3          30.00
        8                  3          30.00
        7                  3          30.00
        6                  3          30.00
        5                  3          30.00
        4                  3          15.00
        3                  3          11.00
        2                  2           7.70
        1 (BOTTOM)         1          30.00

   Boundary conditions
  X-directed West   : REFLECTIVE
  X-directed East   : ZERO INCOMING CURRENT
  Y-directed North  : REFLECTIVE
  Y-directed South  : ZERO INCOMING CURRENT
  Z-directed Bottom : ZERO INCOMING CURRENT
  Z-directed Top    : ZERO INCOMING CURRENT

  ...Core geometry is sucessfully read...


            >>>>       READING BORON CONCENTRATION        <<<<
            --------------------------------------------------

  ...Boron Concentration card is sucessfully read...


            >>>>      READING FUEL TEMPERATURE      <<<<
            --------------------------------------------

  ...Fuel Temperature is card sucessfully read...


            >>>>   READING MODERATOR TEMPERATURE    <<<<
            --------------------------------------------

  ...Moderator Temperature Card is sucessfully read...


            >>>>       READING COOLANT DENSITY      <<<<
            --------------------------------------------
  AVERAGE COOLANT DENSITY   :  0.7464  (USED AS GUESS)
  COOLANT DENSITY REFERENCE :  0.7125

  MATERIAL CX CHANGES PER COOLANT DENSITY CHANGES : 
    MATERIAL  1
     GROUP   TRANSPORT   ABSORPTION   NU*FISS       FISSION
       1   0.74576E-01  0.20769E-03   0.00000E+00   0.00000E+00
       2   0.53363E+00  0.75842E-02   0.00000E+00   0.00000E+00
   --SCATTERING MATRIX--
     G/G'          1          2
      1      0.00000E+00  0.37131E-01
      2      0.00000E+00  0.00000E+00
    MATERIAL  2
     GROUP   TRANSPORT   ABSORPTION   NU*FISS       FISSION
       1   0.00000E+00  0.00000E+00   0.00000E+00   0.00000E+00
       2   0.00000E+00  0.00000E+00   0.00000E+00   0.00000E+00
   --SCATTERING MATRIX--
     G/G'          1          2
      1      0.00000E+00  0.00000E+00
      2      0.00000E+00  0.00000E+00
    MATERIAL  3
     GROUP   TRANSPORT   ABSORPTION   NU*FISS       FISSION
       1   0.00000E+00  0.00000E+00   0.00000E+00   0.00000E+00
       2   0.00000E+00  0.00000E+00   0.00000E+00   0.00000E+00
   --SCATTERING MATRIX--
     G/G'          1          2
      1      0.00000E+00  0.00000E+00
      2      0.00000E+00  0.00000E+00
    MATERIAL  4
     GROUP   TRANSPORT   ABSORPTION   NU*FISS       FISSION
       1   0.13566E+00  0.15519E-02   0.92069E-03   0.10239E-13
       2   0.99263E+00  0.25266E-01   0.24775E-01   0.32525E-12
   --SCATTERING MATRIX--
     G/G'          1          2
      1      0.00000E+00  0.29320E-01
      2      0.00000E+00  0.00000E+00
    MATERIAL  5
     GROUP   TRANSPORT   ABSORPTION   NU*FISS       FISSION
       1   0.13575E+00  0.16149E-02   0.96416E-03   0.10814E-13
       2   0.98198E+00  0.28667E-01   0.31499E-01   0.41354E-12
   --SCATTERING MATRIX--
     G/G'          1          2
      1      0.00000E+00  0.29270E-01
      2      0.00000E+00  0.00000E+00
    MATERIAL  6
     GROUP   TRANSPORT   ABSORPTION   NU*FISS       FISSION
       1   0.13583E+00  0.16802E-02   0.10141E-02   0.11477E-13
       2   0.97227E+00  0.31957E-01   0.38110E-01   0.50033E-12
   --SCATTERING MATRIX--
     G/G'          1          2
      1      0.00000E+00  0.29215E-01
      2      0.00000E+00  0.00000E+00
    MATERIAL  7
     GROUP   TRANSPORT   ABSORPTION   NU*FISS       FISSION
       1   0.13103E+00  0.16840E-02   0.98195E-03   0.10814E-13
       2   0.93470E+00  0.31424E-01   0.35159E-01   0.46171E-12
   --SCATTERING MATRIX--
     G/G'          1          2
      1      0.00000E+00  0.28249E-01
      2      0.00000E+00  0.00000E+00
    MATERIAL  8
     GROUP   TRANSPORT   ABSORPTION   NU*FISS       FISSION
       1   0.12938E+00  0.17197E-02   0.98844E-03   0.11132E-13
       2   0.91817E+00  0.32472E-01   0.36325E-01   0.47708E-12
   --SCATTERING MATRIX--
     G/G'          1          2
      1      0.00000E+00  0.27889E-01
      2      0.00000E+00  0.00000E+00
    MATERIAL  9
     GROUP   TRANSPORT   ABSORPTION   NU*FISS       FISSION
       1   0.12768E+00  0.17499E-02   0.99517E-03   0.11221E-13
       2   0.90129E+00  0.33595E-01   0.37450E-01   0.49190E-12
   --SCATTERING MATRIX--
     G/G'          1          2
      1      0.00000E+00  0.27520E-01
      2      0.00000E+00  0.00000E+00
    MATERIAL 10
     GROUP   TRANSPORT   ABSORPTION   NU*FISS       FISSION
       1   0.13112E+00  0.17553E-02   0.10352E-02   0.11477E-13
       2   0.92493E+00  0.34985E-01   0.42069E-01   0.55239E-12
   --SCATTERING MATRIX--
     G/G'          1          2
      1      0.00000E+00  0.28188E-01
      2      0.00000E+00  0.00000E+00
    MATERIAL 11
     GROUP   TRANSPORT   ABSORPTION   NU*FISS       FISSION
       1   0.12946E+00  0.17950E-02   0.10429E-02   0.11853E-13
       2   0.90846E+00  0.36103E-01   0.43322E-01   0.56886E-12
   --SCATTERING MATRIX--
     G/G'          1          2
      1      0.00000E+00  0.27826E-01
      2      0.00000E+00  0.00000E+00

  ...Coolant Density Card is sucessfully read...


            >>>> READING CONTROL RODS INSERTION <<<<
            --------------------------------------------
  NUMBER OF CONTROL ROD BANK  :  7
  MAX. NUMBER OF STEPS  : 228
  FULLY INSERTED POSITION (cm): 37.7 (FROM BOTTOM OF THE CORE)
  STEP SIZE (cm)              :   1.5942
  INITIAL CONTROL ROD BANK POSITION (STEPS) : 
  (0 means fully inserted) 
    Bank  1  Bank  2  Bank  3  Bank  4  Bank  5  Bank  6  Bank  7
      0.0      0.0      0.0    228.0      0.0      0.0      0.0

  CONTROL ROD BANK MAP : 
  1  0  2  0  0  0  3  0  0
  0  4  0  0  0  6  0  0  0
  2  0  5  0  6  0  6  0  0
  0  0  0  4  0  0  0  0  0
  0  0  6  0  7  0  0  0  0
  0  6  0  0  0  0  0  0  0
  3  0  6  0  0  0  0  0  0
  0  0  0  0  0  0  0  0  0
  0  0  0  0  0  0  0  0  0

  MATERIAL CX INCREMENT OR DECREMENT DUE TO CR INSERTION : 
    MATERIAL  1
    GROUP   TRANSPORT  ABSORPTION      NU*FISS      FISSION
       1     0.003732    0.002478    -0.000103    -0.000000
       2    -0.021993    0.025587    -0.002823    -0.000000
   --SCATTERING MATRIX--
     G/G'        1        2
      1      0.000000 -0.003193
      2      0.000000  0.000000
    MATERIAL  2
    GROUP   TRANSPORT  ABSORPTION      NU*FISS      FISSION
       1     0.003732    0.002478    -0.000103    -0.000000
       2    -0.021993    0.025587    -0.002823    -0.000000
   --SCATTERING MATRIX--
     G/G'        1        2
      1      0.000000 -0.003193
      2      0.000000  0.000000
    MATERIAL  3
    GROUP   TRANSPORT  ABSORPTION      NU*FISS      FISSION
       1     0.003732    0.002478    -0.000103    -0.000000
       2    -0.021993    0.025587    -0.002823    -0.000000
   --SCATTERING MATRIX--
     G/G'        1        2
      1      0.000000 -0.003193
      2      0.000000  0.000000
    MATERIAL  4
    GROUP   TRANSPORT  ABSORPTION      NU*FISS      FISSION
       1     0.003732    0.002478    -0.000103    -0.000000
       2    -0.021993    0.025587    -0.002823    -0.000000
   --SCATTERING MATRIX--
     G/G'        1        2
      1      0.000000 -0.003193
      2      0.000000  0.000000
    MATERIAL  5
    GROUP   TRANSPORT  ABSORPTION      NU*FISS      FISSION
       1     0.003732    0.002478    -0.000103    -0.000000
       2    -0.021993    0.025587    -0.002823    -0.000000
   --SCATTERING MATRIX--
     G/G'        1        2
      1      0.000000 -0.003193
      2      0.000000  0.000000
    MATERIAL  6
    GROUP   TRANSPORT  ABSORPTION      NU*FISS      FISSION
       1     0.003741    0.002429    -0.000123    -0.000000
       2    -0.016750    0.025648    -0.003281    -0.000000
   --SCATTERING MATRIX--
     G/G'        1        2
      1      0.000000 -0.003142
      2      0.000000  0.000000
    MATERIAL  7
    GROUP   TRANSPORT  ABSORPTION      NU*FISS      FISSION
       1     0.003732    0.002478    -0.000103    -0.000000
       2    -0.021993    0.025587    -0.002823    -0.000000
   --SCATTERING MATRIX--
     G/G'        1        2
      1      0.000000 -0.003193
      2      0.000000  0.000000
    MATERIAL  8
    GROUP   TRANSPORT  ABSORPTION      NU*FISS      FISSION
       1     0.003732    0.002478    -0.000103    -0.000000
       2    -0.021993    0.025587    -0.002823    -0.000000
   --SCATTERING MATRIX--
     G/G'        1        2
      1      0.000000 -0.003193
      2      0.000000  0.000000
    MATERIAL  9
    GROUP   TRANSPORT  ABSORPTION      NU*FISS      FISSION
       1     0.003732    0.002478    -0.000103    -0.000000
       2    -0.021993    0.025587    -0.002823    -0.000000
   --SCATTERING MATRIX--
     G/G'        1        2
      1      0.000000 -0.003193
      2      0.000000  0.000000
    MATERIAL 10
    GROUP   TRANSPORT  ABSORPTION      NU*FISS      FISSION
       1     0.003732    0.002478    -0.000103    -0.000000
       2    -0.021993    0.025587    -0.002823    -0.000000
   --SCATTERING MATRIX--
     G/G'        1        2
      1      0.000000 -0.003193
      2      0.000000  0.000000
    MATERIAL 11
    GROUP   TRANSPORT  ABSORPTION      NU*FISS      FISSION
       1     0.003732    0.002478    -0.000103    -0.000000
       2    -0.021993    0.025587    -0.002823    -0.000000
   --SCATTERING MATRIX--
     G/G'        1        2
      1      0.000000 -0.003193
      2      0.000000  0.000000

  ...Control Rods Insertion card is sucessfully read...


            >>>>     READING ROD EJECTION DATA      <<<<
            --------------------------------------------

  ...Rod Ejection Card is sucessfully read...


            >>>>   READING THERMAL-HYDRAULIC DATA   <<<<
            --------------------------------------------
  REACTOR PERCENT POWER (%)                :      0.00010
  REACTOR POWER (Watt)                     :   6.9375E+08
  COOLANT INLET TEMPERATURE (Kelvin)       :   5.5915E+02
  FUEL ASSEMBLY MASS FLOW RATE (Kg/s)      :   8.2121E+01
  FUEL MEAT RADIUS (m)                     :   4.1195E-03
  GAP THICKNESS (m)                        :   6.8000E-05
  CLAD THICKNESS (m)                       :   5.7100E-04
  PIN PITCH(m)                             :   1.2655E-02
  FRACTION OF HEAT DEPOSITED IN COOL.      :   1.9000E-02

  ...Thermal-hydraulic Card is sucessfully read...


  **********************************  STOP READING INPUT  *******************************************

  TRANSIENT RESULTS :

  Step  Time(s)  React.($)   Rel. Power   Avg. Tm   Max. Tm   Avg. Tf   Max. Tf
 --------------------------------------------------------------------------------
   0     0.000    0.0000     1.0000E-06    286.00    286.00    286.00    286.00
   1     0.010    0.0117     1.0095E-06    286.00    286.00    286.00    286.00
   2     0.020    0.0598     1.0526E-06    286.00    286.00    286.00    286.00
   3     0.030    0.1808     1.1727E-06    286.00    286.00    286.00    286.00
   4     0.040    0.3893     1.4516E-06    286.00    286.00    286.00    286.00
   5     0.050    0.5928     1.9317E-06    286.00    286.00    286.00    286.00
   6     0.060    0.7672     2.7417E-06    286.00    286.00    286.00    286.00
   7     0.070    0.9017     4.1076E-06    286.00    286.00    286.00    286.00
   8     0.080    0.9980     6.4345E-06    286.00    286.00    286.00    286.00
   9     0.090    1.0528     1.0207E-05    286.00    286.00    286.00    286.00
  10     0.100    1.0673     1.5487E-05    286.00    286.00    286.00    286.00
  11     0.110    1.0689     2.2360E-05    286.00    286.00    286.00    286.00
  12     0.120    1.0697     3.1219E-05    286.00    286.00    286.00    286.00
  13     0.130    1.0712     4.2788E-05    286.00    286.00    286.00    286.00
  14     0.140    1.0696     5.7738E-05    286.00    286.00    286.00    286.00
  15     0.150    1.0723     7.7545E-05    286.00    286.00    286.00    286.00
  16     0.160    1.0720     1.0306E-04    286.00    286.00    286.00    286.00
  17     0.170    1.0717     1.3687E-04    286.00    286.00    286.00    286.00
  18     0.180    1.0721     1.8153E-04    286.00    286.00    286.00    286.00
  19     0.190    1.0721     2.3980E-04    286.00    286.00    286.00    286.01
  20     0.200    1.0715     3.1544E-04    286.00    286.00    286.00    286.01
  21     0.210    1.0720     4.1542E-04    286.00    286.00    286.00    286.01
  22     0.220    1.0724     5.4717E-04    286.00    286.00    286.00    286.01
  23     0.230    1.0724     7.1719E-04    286.00    286.00    286.00    286.02
  24     0.240    1.0710     9.4240E-04    286.00    286.00    286.00    286.02
  25     0.250    1.0716     1.2344E-03    286.00    286.00    286.01    286.03
  26     0.260    1.0709     1.6143E-03    286.00    286.00    286.01    286.04
  27     0.270    1.0724     2.1190E-03    286.00    286.00    286.01    286.06
  28     0.280    1.0724     2.7746E-03    286.00    286.00    286.01    286.07
  29     0.290    1.0715     3.6229E-03    286.00    286.00    286.02    286.10
  30     0.300    1.0721     4.7631E-03    286.00    286.00    286.02    286.13
  31     0.310    1.0721     6.2471E-03    286.00    286.00    286.03    286.17
  32     0.320    1.0717     8.1656E-03    286.00    286.00    286.03    286.22
  33     0.330    1.0714     1.0681E-02    286.00    286.00    286.04    286.29
  34     0.340    1.0712     1.4011E-02    286.00    286.01    286.06    286.38
  35     0.350    1.0704     1.8330E-02    286.00    286.01    286.08    286.49
  36     0.360    1.0712     2.3923E-02    286.00    286.01    286.10    286.65
  37     0.370    1.0702     3.1226E-02    286.00    286.01    286.13    286.85
  38     0.380    1.0719     4.0920E-02    286.00    286.01    286.17    287.11
  39     0.390    1.0691     5.3236E-02    286.00    286.02    286.22    287.45
  40     0.400    1.0693     6.9658E-02    286.00    286.03    286.29    287.89
  41     0.410    1.0694     9.0744E-02    286.00    286.03    286.38    288.47
  42     0.420    1.0688     1.1787E-01    286.01    286.04    286.50    289.22
  43     0.430    1.0666     1.5223E-01    286.01    286.06    286.64    290.19
  44     0.440    1.0639     1.9465E-01    286.01    286.07    286.84    291.44
  45     0.450    1.0621     2.4836E-01    286.01    286.10    287.08    293.02
  46     0.460    1.0587     3.1385E-01    286.01    286.12    287.38    295.01
  47     0.470    1.0545     3.9311E-01    286.02    286.16    287.76    297.51
  48     0.480    1.0509     4.8832E-01    286.02    286.20    288.24    300.60
  49     0.490    1.0449     5.9539E-01    286.03    286.26    288.81    304.37
  50     0.500    1.0369     7.1069E-01    286.04    286.33    289.49    308.85
  51     0.510    1.0304     8.3499E-01    286.05    286.41    290.29    314.10
  52     0.520    1.0192     9.5278E-01    286.06    286.51    291.19    320.07
  53     0.530    1.0081     1.0584E+00    286.07    286.62    292.17    326.68
  54     0.540    0.9953     1.1421E+00    286.09    286.76    293.22    333.77
  55     0.550    0.9835     1.1961E+00    286.11    286.91    294.30    341.16
  56     0.560    0.9690     1.2194E+00    286.12    287.07    295.38    348.66
  57     0.570    0.9554     1.2083E+00    286.15    287.25    296.43    356.05
  58     0.580    0.9409     1.1688E+00    286.17    287.45    297.41    363.16
  59     0.590    0.9275     1.1071E+00    286.19    287.66    298.32    369.87
  60     0.600    0.9128     1.0269E+00    286.22    287.88    299.13    376.06
  61     0.610    0.9011     9.4493E-01    286.25    288.12    299.85    381.73
  62     0.620    0.8882     8.6630E-01    286.28    288.36    300.49    386.91
  63     0.630    0.8760     7.9086E-01    286.31    288.62    301.05    391.63
  64     0.640    0.8657     7.2399E-01    286.34    288.89    301.54    395.92
  65     0.650    0.8577     6.6857E-01    286.37    289.16    301.98    399.88
  66     0.660    0.8458     6.2045E-01    286.41    289.45    302.37    403.54
  67     0.670    0.8381     5.7950E-01    286.44    289.73    302.73    406.95
  68     0.680    0.8257     5.4372E-01    286.48    290.03    303.06    410.14
  69     0.690    0.8191     5.1536E-01    286.51    290.31    303.37    413.15
  70     0.700    0.8092     4.9097E-01    286.55    290.60    303.65    416.02
  71     0.710    0.7993     4.6819E-01    286.58    290.89    303.92    418.75
  72     0.720    0.7914     4.4989E-01    286.62    291.18    304.17    421.36
  73     0.730    0.7828     4.3377E-01    286.66    291.46    304.41    423.87
  74     0.740    0.7753     4.1923E-01    286.69    291.75    304.64    426.29
  75     0.750    0.7673     4.0594E-01    286.73    292.04    304.86    428.64
  76     0.760    0.7594     3.9394E-01    286.76    292.32    305.07    430.90
  77     0.770    0.7524     3.8301E-01    286.80    292.60    305.27    433.10
  78     0.780    0.7453     3.7300E-01    286.83    292.88    305.47    435.24
  79     0.790    0.7373     3.6307E-01    286.87    293.15    305.66    437.32
  80     0.800    0.7298     3.5469E-01    286.90    293.42    305.84    439.34
  81     0.810    0.7233     3.4683E-01    286.94    293.69    306.02    441.32
  82     0.820    0.7174     3.3950E-01    286.97    293.98    306.19    443.25
  83     0.830    0.7101     3.3253E-01    287.01    294.27    306.36    445.14
  84     0.840    0.7030     3.2575E-01    287.04    294.55    306.52    446.98
  85     0.850    0.6966     3.1935E-01    287.07    294.82    306.68    448.79
  86     0.860    0.6910     3.1383E-01    287.10    295.10    306.83    450.56
  87     0.870    0.6853     3.0895E-01    287.13    295.36    306.99    452.30
  88     0.880    0.6799     3.0379E-01    287.17    295.62    307.13    454.01
  89     0.890    0.6731     2.9889E-01    287.20    295.88    307.28    455.69
  90     0.900    0.6698     2.9492E-01    287.23    296.13    307.42    457.34
  91     0.910    0.6644     2.9062E-01    287.26    296.37    307.56    458.96
  92     0.920    0.6595     2.8674E-01    287.29    296.61    307.70    460.57
  93     0.930    0.6541     2.8325E-01    287.31    296.84    307.83    462.14
  94     0.940    0.6500     2.7980E-01    287.34    297.06    307.97    463.70
  95     0.950    0.6453     2.7684E-01    287.37    297.27    308.10    465.23
  96     0.960    0.6406     2.7350E-01    287.40    297.48    308.22    466.75
  97     0.970    0.6374     2.7074E-01    287.42    297.72    308.35    468.24
  98     0.980    0.6332     2.6829E-01    287.45    297.96    308.48    469.72
  99     0.990    0.6290     2.6573E-01    287.47    298.19    308.60    471.19
 100     1.000    0.6266     2.6334E-01    287.50    298.42    308.72    472.63
 101     1.100    0.6224     2.6252E-01    287.68    299.96    309.94    486.69
 102     1.200    0.5968     2.4990E-01    287.82    301.20    311.03    499.60
 103     1.300    0.5760     2.4012E-01    287.92    302.14    312.01    511.52
 104     1.400    0.5588     2.3301E-01    288.00    302.95    312.90    522.58
 105     1.500    0.5460     2.2767E-01    288.06    303.52    313.72    532.88
 106     1.600    0.5314     2.2331E-01    288.11    303.95    314.47    542.48
 107     1.700    0.5206     2.1972E-01    288.16    304.32    315.17    551.46
 108     1.800    0.5096     2.1682E-01    288.20    304.62    315.82    559.86
 109     1.900    0.4993     2.1417E-01    288.23    304.88    316.42    567.72
 110     2.000    0.4887     2.1131E-01    288.26    305.11    316.99    575.06
 111     2.100    0.4809     2.0924E-01    288.29    305.32    317.51    581.94
 112     2.200    0.4733     2.0813E-01    288.32    305.52    318.01    588.44
 113     2.300    0.4658     2.0673E-01    288.35    305.71    318.47    594.56
 114     2.400    0.4581     2.0573E-01    288.38    305.89    318.92    600.34
 115     2.500    0.4521     2.0488E-01    288.40    306.06    319.34    605.81
 116     2.600    0.4436     2.0297E-01    288.42    306.22    319.73    610.94
 117     2.700    0.4384     2.0273E-01    288.44    306.37    320.10    615.82
 118     2.800    0.4334     2.0193E-01    288.47    306.52    320.45    620.44
 119     2.900    0.4258     2.0073E-01    288.49    306.66    320.78    624.79
 120     3.000    0.4212     2.0069E-01    288.51    306.79    321.10    628.96
 121     3.100    0.4180     2.0044E-01    288.52    306.93    321.41    632.93
 122     3.200    0.4119     2.0023E-01    288.54    307.05    321.70    636.73
 123     3.300    0.4079     2.0001E-01    288.56    307.17    321.98    640.36
 124     3.400    0.4030     1.9971E-01    288.58    307.29    322.25    643.82
 125     3.500    0.3976     1.9949E-01    288.59    307.40    322.51    647.14
 126     3.600    0.3939     1.9937E-01    288.61    307.51    322.75    650.32
 127     3.700    0.3887     1.9925E-01    288.62    307.62    322.99    653.37
 128     3.800    0.3852     1.9916E-01    288.64    307.72    323.22    656.30
 129     3.900    0.3803     1.9913E-01    288.65    307.82    323.44    659.12
 130     4.000    0.3771     1.9909E-01    288.67    307.92    323.65    661.83
 131     4.100    0.3736     1.9909E-01    288.68    308.02    323.85    664.44
 132     4.200    0.3702     1.9911E-01    288.69    308.11    324.05    666.96
 133     4.300    0.3665     1.9914E-01    288.71    308.20    324.24    669.39
 134     4.400    0.3626     1.9920E-01    288.72    308.29    324.42    671.74
 135     4.500    0.3598     1.9927E-01    288.73    308.37    324.60    674.01
 136     4.600    0.3568     1.9938E-01    288.74    308.45    324.78    676.21
 137     4.700    0.3532     1.9952E-01    288.75    308.53    324.94    678.34
 138     4.800    0.3504     1.9968E-01    288.76    308.61    325.11    680.41
 139     4.900    0.3478     1.9983E-01    288.77    308.69    325.27    682.41

   WARNING: SOME NEGATIVE CXs (DUE TO CR INSERTION) ARE SUPPRESSED TO ZERO IN SUBROUTINE CROD_UPDT


 Total time :    327.570892      seconds
