                       ###########################################################
                       #                     ADPRES 1.1                          #
                       #        ABU DHABI POLYTECHNIC REACTOR SIMULATOR          #
                       ###########################################################  


  ========================================INPUT DATA STARTS HERE=====================================
     1: ! CALCULATION MODE CARD                                                                             
     2: %MODE                                                                                               
     3: RODEJECT                                                                                            
     4:                                                                                                     
     5: ! CASE CARD                                                                                         
     6: %CASE                                                                                               
     7: NEACRP Problem                                                                                      
     8: 10.803 CM NODE SIZE                                                                                 
     9:                                                                                                     
    10: ! XSEC CARD                                                                                         
    11: %XSEC                                                                                               
    12: 2  11    ! Number of groups and number of materials                                                 
    13: !  sigtr        siga        nu*sigf       sigf      chi sigs_g1 sigs_g2                             
    14: 5.32058E-02  3.73279E-04  0.00000E+00  0.00000E+00  1.0  0.0  2.64554E-02                           
    15: 3.86406E-01  1.77215E-02  0.00000E+00  0.00000E+00  0.0  0.0  0.00000E+00  /COMP 1                  
    16: 2.95609E-01  1.18782E-03  0.00000E+00  0.00000E+00  1.0  0.0  2.31613E-02                           
    17: 2.45931E+00  2.52618E-01  0.00000E+00  0.00000E+00  0.0  0.0  0.00000E+00  /COMP 2                  
    18: 2.95609E-01  1.18782E-03  0.00000E+00  0.00000E+00  1.0  0.0  2.00808E-02                           
    19: 2.45931E+00  2.52618E-01  0.00000E+00  0.00000E+00  0.0  0.0  0.00000E+00  /COMP 3                  
    20: 2.22117E-01  8.71774E-03  4.98277E-03  1.90224E-03  1.0  0.0  1.82498E-02                           
    21: 8.03140E-01  6.52550E-02  8.39026E-02  3.43581E-02  0.0  0.0  0.00000E+00  /COMP 4                  
    22: 2.21914E-01  9.06133E-03  5.57659E-03  2.14498E-03  1.0  0.0  1.80040E-02                           
    23: 7.95538E-01  7.23354E-02  9.98629E-02  4.08938E-02  0.0  0.0  0.00000E+00  /COMP 5                  
    24: 2.21715E-01  9.38496E-03  6.15047E-03  2.37972E-03  1.0  0.0  1.77670E-02                           
    25: 7.89253E-01  7.89203E-02  1.14667E-01  4.69561E-02  0.0  0.0  0.00000E+00  /COMP 6                  
    26: 2.22039E-01  9.31692E-03  5.55010E-03  2.13629E-03  1.0  0.0  1.71381E-02                           
    27: 7.76230E-01  7.96328E-02  9.85576E-02  4.03596E-02  0.0  0.0  0.00000E+00  /COMP 7                  
    28: 2.22083E-01  9.40032E-03  5.54083E-03  2.13318E-03  1.0  0.0  1.68501E-02                           
    29: 7.69969E-01  8.21087E-02  9.80059E-02  4.01338E-02  0.0  0.0  0.00000E+00  /COMP 8                  
    30: 2.22127E-01  9.48286E-03  5.53137E-03  2.13003E-03  1.0  0.0  1.65626E-02                           
    31: 7.63813E-01  8.45912E-02  9.74109E-02  3.98902E-02  0.0  0.0  0.00000E+00  /COMP 9                  
    32: 2.21836E-01  9.63720E-03  6.12382E-03  2.37097E-03  1.0  0.0  1.69043E-02                           
    33: 7.70705E-01  8.61187E-02  1.13241E-01  4.63724E-02  0.0  0.0  0.00000E+00  /COMP 10                 
    34: 2.21878E-01  9.71937E-03  6.11444E-03  2.36781E-03  1.0  0.0  1.66175E-02                           
    35: 7.64704E-01  8.85488E-02  1.12635E-01  4.61246E-02  0.0  0.0  0.00000E+00  /COMP 11                 
    36:                                                                                                     
    37: ! GEOMETRY CARD                                                                                     
    38: %GEOM                                                                                               
    39: 9 9 18               !nx, ny, nz                                                                    
    40: 10.803   8*21.606    !x-direction assembly size in cm                                               
    41:   1         8*2      !x-direction assembly divided 2x2                                              
    42: 8*21.606 10.803      !y-direction assembly size in cm                                               
    43:   8*2       1        !y-direction assembly divided 2x2                                              
    44: 30.  7.7  11.0  15.0  10*30.0  2*12.8  8.0  30.      !z-direction size  in cm (from bottom to top)  
    45: 18*1                 !z-direction assembly divided into 20 cm each                                  
    46: 3                    !np number of planar type                                                      
    47: 1  2  15*3  1        !planar assignment (from bottom to top)                                        
    48: ! Planar_Reg 1                                                                                      
    49:  1  1  1  1  1  1  1  1  2                                                                          
    50:  1  1  1  1  1  1  1  1  2                                                                          
    51:  1  1  1  1  1  1  1  3  2                                                                          
    52:  1  1  1  1  1  1  1  2  0                                                                          
    53:  1  1  1  1  1  1  3  2  0                                                                          
    54:  1  1  1  1  1  3  2  0  0                                                                          
    55:  1  1  1  1  3  2  0  0  0                                                                          
    56:  1  1  3  2  2  0  0  0  0                                                                          
    57:  2  2  2  0  0  0  0  0  0                                                                          
    58: ! Planar_Reg 2                                                                                      
    59:  4  5  4  5  4  5  4  6  2                                                                          
    60:  5  4  5  4  5  4  6  6  2                                                                          
    61:  4  5  4  5  4  5  6  3  2                                                                          
    62:  5  4  5  4  5  6  6  2  0                                                                          
    63:  4  5  4  5  4  6  3  2  0                                                                          
    64:  5  4  5  6  6  3  2  0  0                                                                          
    65:  4  6  6  6  3  2  0  0  0                                                                          
    66:  6  6  3  2  2  0  0  0  0                                                                          
    67:  2  2  2  0  0  0  0  0  0                                                                          
    68: ! Planar_Reg 3                                                                                      
    69:  4  9  4  9  4  7  4  6  2                                                                          
    70:  9  4  8  4  8  4 11  6  2                                                                          
    71:  4  8  4  8  4  8  6  3  2                                                                          
    72:  9  4  8  4  8 10  6  2  0                                                                          
    73:  4  8  4  8  4  6  3  2  0                                                                          
    74:  7  4  8 10  6  3  2  0  0                                                                          
    75:  4 11  6  6  3  2  0  0  0                                                                          
    76:  6  6  3  2  2  0  0  0  0                                                                          
    77:  2  2  2  0  0  0  0  0  0                                                                          
    78: ! Boundary conditions (east), (west), (north), (south), (bottom), (top)                             
    79: 1 2 2 1 1 1                                                                                         
    80:                                                                                                     
    81: ! CONTROL CARD                                                                                      
    82: %CROD                                                                                               
    83: 7    228                      ! Number of CR banks and max number of banks                          
    84: 37.7 1.5942237                ! Zero step pos. (cm) and cm/step (total 228 steps)                   
    85: 100.00  200.00  100.00  200.00  200.00  200.00  200.00           ! CR Bank pos.                     
    86:  1  0  2  0  0  0  3  0  0                                                                          
    87:  0  4  0  0  0  6  0  0  0                                                                          
    88:  2  0  5  0  6  0  6  0  0                                                                          
    89:  0  0  0  4  0  0  0  0  0                                                                          
    90:  0  0  6  0  7  0  0  0  0                                                                          
    91:  0  6  0  0  0  0  0  0  0                                                                          
    92:  3  0  6  0  0  0  0  0  0                                                                          
    93:  0  0  0  0  0  0  0  0  0                                                                          
    94:  0  0  0  0  0  0  0  0  0                                                                          
    95: ! CX changes                                                                                        
    96: !  sigtr        siga        nu*sigf      sigf      sigs_g1   sigs_g2                                
    97:  3.73220E-03  2.47770E-03 -1.02786E-04 -3.77989E-05  0.0 -3.19253E-03                               
    98: -2.19926E-02  2.55875E-02 -2.82319E-03 -1.15483E-03  0.0  0.00000E+00    /COMP 1                    
    99:  3.73220E-03  2.47770E-03 -1.02786E-04 -3.77989E-05  0.0 -3.19253E-03                               
   100: -2.19926E-02  2.55875E-02 -2.82319E-03 -1.15483E-03  0.0  0.00000E+00    /COMP 2                    
   101:  3.73220E-03  2.47770E-03 -1.02786E-04 -3.77989E-05  0.0 -3.19253E-03                               
   102: -2.19926E-02  2.55875E-02 -2.82319E-03 -1.15483E-03  0.0  0.00000E+00    /COMP 3                    
   103:  3.73220E-03  2.47770E-03 -1.02786E-04 -3.77989E-05  0.0 -3.19253E-03                               
   104: -2.19926E-02  2.55875E-02 -2.82319E-03 -1.15483E-03  0.0  0.00000E+00    /COMP 4                    
   105:  3.73220E-03  2.47770E-03 -1.02786E-04 -3.77989E-05  0.0 -3.19253E-03                               
   106: -2.19926E-02  2.55875E-02 -2.82319E-03 -1.15483E-03  0.0  0.00000E+00    /COMP 5                    
   107:  3.74092E-03  2.42926E-03 -1.22634E-04 -4.59250E-05  0.0 -3.14239E-03                               
   108: -1.67503E-02  2.56478E-02 -3.28086E-03 -1.34262E-03  0.0  0.00000E+00    /COMP 6                    
   109:  3.73220E-03  2.47770E-03 -1.02786E-04 -3.77989E-05  0.0 -3.19253E-03                               
   110: -2.19926E-02  2.55875E-02 -2.82319E-03 -1.15483E-03  0.0  0.00000E+00    /COMP 7                    
   111:  3.73220E-03  2.47770E-03 -1.02786E-04 -3.77989E-05  0.0 -3.19253E-03                               
   112: -2.19926E-02  2.55875E-02 -2.82319E-03 -1.15483E-03  0.0  0.00000E+00    /COMP 8                    
   113:  3.73220E-03  2.47770E-03 -1.02786E-04 -3.77989E-05  0.0 -3.19253E-03                               
   114: -2.19926E-02  2.55875E-02 -2.82319E-03 -1.15483E-03  0.0  0.00000E+00    /COMP 9                    
   115:  3.73220E-03  2.47770E-03 -1.02786E-04 -3.77989E-05  0.0 -3.19253E-03                               
   116: -2.19926E-02  2.55875E-02 -2.82319E-03 -1.15483E-03  0.0  0.00000E+00    /COMP 10                   
   117:  3.73220E-03  2.47770E-03 -1.02786E-04 -3.77989E-05  0.0 -3.19253E-03                               
   118: -2.19926E-02  2.55875E-02 -2.82319E-03 -1.15483E-03  0.0  0.00000E+00    /COMP 11                   
   119: 1                                                                                                   
   120:                                                                                                     
   121: ! CRITICAL BORON SEARCH CARD                                                                        
   122: %BCON                                                                                               
   123: 1158.2  1200.2  !Boron concentration ref. in ppm                                                    
   124: ! CX change per unit ppm change of Boron concentration                                              
   125: !  sigtr          siga         nu*sigf       sigf      sigs_g1   sigs_g2                            
   126:  6.11833E-08  1.87731E-07  0.00000E+00  0.00000E+00  0.0  7.91457E-10                               
   127:  5.17535E-06  1.02635E-05  0.00000E+00  0.00000E+00  0.0  0.00000E+00    /COMP 1                    
   128:  0.00000E+00  0.00000E+00  0.00000E+00  0.00000E+00  0.0  0.00000E+00                               
   129:  7.76184E-04  8.44695E-05  0.00000E+00  0.00000E+00  0.0  0.00000E+00    /COMP 2                    
   130:  0.00000E+00  0.00000E+00  0.00000E+00  0.00000E+00  0.0  0.00000E+00                               
   131:  7.76184E-04  8.44695E-05  0.00000E+00  0.00000E+00  0.0  0.00000E+00    /COMP 3                    
   132:  3.47809E-08  1.28505E-07 -1.12099E-09 -5.48359E-10  0.0 -1.08590E-07                               
   133: -9.76510E-06  7.08807E-06 -2.43045E-06 -9.95273E-07  0.0  0.00000E+00    /COMP 4                    
   134:  3.53826E-08  1.26709E-07 -1.67880E-09 -7.77979E-10  0.0 -1.06951E-07                               
   135: -8.50169E-06  6.82311E-06 -2.72445E-06 -1.11566E-06  0.0  0.00000E+00    /COMP 5                    
   136:  3.59838E-08  1.24986E-07 -2.21038E-09 -9.96655E-10  0.0 -1.05374E-07                               
   137: -7.46251E-06  6.59798E-06 -2.95883E-06 -1.21164E-06  0.0  0.00000E+00    /COMP 6                    
   138:  3.37806E-08  1.19869E-07 -1.71323E-09 -7.77979E-10  0.0 -1.00873E-07                               
   139: -6.73744E-06  6.29310E-06 -2.55359E-06 -1.04561E-06  0.0  0.00000E+00    /COMP 7                    
   140:  3.32495E-08  1.17585E-07 -1.72421E-09 -7.93326E-10  0.0 -9.88578E-08                               
   141: -6.19725E-06  6.11904E-06 -2.48880E-06 -1.01904E-06  0.0  0.00000E+00    /COMP 8                    
   142:  3.27201E-08  1.15319E-07 -1.73502E-09 -7.96916E-10  0.0 -9.68489E-08                               
   143: -5.68220E-06  5.94711E-06 -2.42240E-06 -9.91815E-07  0.0  0.00000E+00    /COMP 9                    
   144:  3.43859E-08  1.18186E-07 -2.24335E-09 -9.96655E-10  0.0 -9.93312E-08                               
   145: -5.86898E-06  6.08443E-06 -2.77657E-06 -1.13696E-06  0.0  0.00000E+00    /COMP 10                   
   146:  3.38559E-08  1.15917E-07 -2.25369E-09 -1.01112E-09  0.0 -9.73291E-08                               
   147: -5.38345E-06  5.91697E-06 -2.70780E-06 -1.10878E-06  0.0  0.00000E+00                               
   148:                                                                                                     
   149: ! FUEL TEMPERATURE CARD                                                                             
   150: %FTEM                                                                                               
   151: 891.19  891.45  ! Average Fuel Temperature and fuel temperature Ref. in Kelvin                      
   152: ! CX change per Fuel Temperature Changes                                                            
   153: !  sigtr          siga         nu*sigf       sigf      sigs_g1   sigs_g2                            
   154:  0.00000E+00  0.00000E+00  0.00000E+00  0.00000E+00  0.00000E+00  0.00000E+00                       
   155:  0.00000E+00  0.00000E+00  0.00000E+00  0.00000E+00  0.00000E+00  0.00000E+00    /COMP 1            
   156:  0.00000E+00  0.00000E+00  0.00000E+00  0.00000E+00  0.00000E+00  0.00000E+00                       
   157:  0.00000E+00  0.00000E+00  0.00000E+00  0.00000E+00  0.00000E+00  0.00000E+00    /COMP 2            
   158:  0.00000E+00  0.00000E+00  0.00000E+00  0.00000E+00  0.00000E+00  0.00000E+00                       
   159:  0.00000E+00  0.00000E+00  0.00000E+00  0.00000E+00  0.00000E+00  0.00000E+00    /COMP 3            
   160: -3.09197E-05  3.49709E-05  6.40134E-07  2.22662E-07  0.00000E+00 -2.75536E-05                       
   161: -1.37292E-04 -3.71806E-05 -5.63037E-05 -2.30564E-05  0.00000E+00  0.00000E+00    /COMP 4            
   162: -3.08607E-05  3.51798E-05  9.97431E-07  3.69389E-07  0.00000E+00 -2.76766E-05                       
   163: -1.17481E-04 -3.77039E-05 -6.04155E-05 -2.47402E-05  0.00000E+00  0.00000E+00    /COMP 5            
   164: -3.09165E-05  3.53841E-05  1.41847E-06  5.42386E-07  0.00000E+00 -2.78390E-05                       
   165: -1.01337E-04 -3.77558E-05 -6.30960E-05 -2.58379E-05  0.00000E+00  0.00000E+00    /COMP 6            
   166: -3.13746E-05  3.48699E-05  9.45431E-07  3.69389E-07  0.00000E+00 -2.73550E-05                       
   167: -1.08271E-04 -3.72748E-05 -5.79662E-05 -2.37320E-05  0.00000E+00  0.00000E+00    /COMP 7            
   168: -3.15503E-05  3.47274E-05  9.26078E-07  3.39044E-07  0.00000E+00 -2.72381E-05                       
   169: -1.05521E-04 -3.71808E-05 -5.71108E-05 -2.33804E-05  0.00000E+00  0.00000E+00    /COMP 8            
   170: -3.17281E-05  3.46026E-05  9.05802E-07  3.30425E-07  0.00000E+00 -2.71169E-05                       
   171: -1.02525E-04 -3.70201E-05 -5.61543E-05 -2.29872E-05  0.00000E+00  0.00000E+00    /COMP 9            
   172: -3.14192E-05  3.50637E-05  1.35642E-06  5.42386E-07  0.00000E+00 -2.75049E-05                       
   173: -9.38886E-05 -3.71403E-05 -6.05052E-05 -2.47739E-05  0.00000E+00  0.00000E+00    /COMP 10           
   174: -3.15908E-05  3.49119E-05  1.33336E-06  5.06596E-07  0.00000E+00 -2.73835E-05                       
   175: -9.17126E-05 -3.69909E-05 -5.96284E-05 -2.44141E-05  0.00000E+00  0.00000E+00    /COMP 11           
   176:                                                                                                     
   177:                                                                                                     
   178: ! MODERATOR TEMPERATURE CARD                                                                        
   179: %MTEM                                                                                               
   180: 559.19  579.75  ! Average Moderator Temperature and Moderator temperature Ref. Kelvin               
   181: ! CX change per Moderator Temperature Changes                                                       
   182: !  sigtr          siga         nu*sigf       sigf     sigs_g1   sigs_g2                             
   183:  0.00000E+00  0.00000E+00  0.00000E+00  0.00000E+00  0.0  0.00000E+00                               
   184:  0.00000E+00  0.00000E+00  0.00000E+00  0.00000E+00  0.0  0.00000E+00    /COMP 1                    
   185:  0.00000E+00  0.00000E+00  0.00000E+00  0.00000E+00  0.0  0.00000E+00                               
   186:  0.00000E+00  0.00000E+00  0.00000E+00  0.00000E+00  0.0  0.00000E+00    /COMP 2                    
   187:  0.00000E+00  0.00000E+00  0.00000E+00  0.00000E+00  0.0  0.00000E+00                               
   188:  0.00000E+00  0.00000E+00  0.00000E+00  0.00000E+00  0.0  0.00000E+00    /COMP 3                    
   189: -2.03310E-06  2.12191E-07  1.24709E-07  4.45177E-08  0.0  8.09676E-07                               
   190: -1.08674E-04 -3.15597E-05 -4.16439E-05 -1.70531E-05  0.0  0.00000E+00    /COMP 4                    
   191: -1.98080E-06  2.26000E-07  1.35145E-07  4.88317E-08  0.0  8.58474E-07                               
   192: -9.06150E-05 -3.21435E-05 -4.53102E-05 -1.85545E-05  0.0  0.00000E+00    /COMP 5                    
   193: -1.92434E-06  2.39939E-07  1.49084E-07  5.45976E-08  0.0  9.03494E-07                               
   194: -7.62786E-05 -3.23776E-05 -4.78475E-05 -1.95937E-05  0.0  0.00000E+00    /COMP 6                    
   195: -2.69634E-06  2.48530E-07  1.40773E-07  4.88317E-08  0.0  7.01311E-07                               
   196: -7.62435E-05 -3.00119E-05 -4.20202E-05 -1.72074E-05  0.0  0.00000E+00    /COMP 7                    
   197: -3.07905E-06  2.61854E-07  1.43235E-07  5.22556E-08  0.0  6.17380E-07                               
   198: -7.33397E-05 -2.91929E-05 -4.07701E-05 -1.66956E-05  0.0  0.00000E+00    /COMP 8                    
   199: -3.53877E-06  2.74313E-07  1.46019E-07  5.34284E-08  0.0  5.16547E-07                               
   200: -7.13711E-05 -2.83041E-05 -3.94319E-05 -1.61475E-05  0.0  0.00000E+00    /COMP 9                    
   201: -2.63907E-06  2.64289E-07  1.55858E-07  5.45976E-08  0.0  7.44320E-07                               
   202: -6.39554E-05 -3.03509E-05 -4.44431E-05 -1.81997E-05  0.0  0.00000E+00    /COMP 10                   
   203: -3.02147E-06  2.79060E-07  1.58814E-07  5.86766E-08  0.0  6.59521E-07                               
   204: -6.16984E-05 -2.95626E-05 -4.31588E-05 -1.76738E-05  0.0  0.00000E+00    /COMP 11                   
   205:                                                                                                     
   206: ! COOLANT DENSITY CARD                                                                              
   207: %CDEN                                                                                               
   208: 0.7464  0.7125  ! Average Coolant Density and Coolant Density Ref. in g/cm3                         
   209: ! CX change per Coolant Density Changes                                                             
   210: !  sigtr          siga         nu*sigf       sigf     sigs_g1   sigs_g2                             
   211: 7.45756E-02  2.07688E-04  0.00000E+00  0.00000E+00  0.0  3.71310E-02                                
   212: 5.33634E-01  7.58421E-03  0.00000E+00  0.00000E+00  0.0  0.00000E+00    /COMP 1                     
   213: 0.00000E+00  0.00000E+00  0.00000E+00  0.00000E+00  0.0  0.00000E+00                                
   214: 0.00000E+00  0.00000E+00  0.00000E+00  0.00000E+00  0.0  0.00000E+00    /COMP 2                     
   215: 0.00000E+00  0.00000E+00  0.00000E+00  0.00000E+00  0.0  0.00000E+00                                
   216: 0.00000E+00  0.00000E+00  0.00000E+00  0.00000E+00  0.0  0.00000E+00    /COMP 3                     
   217: 1.35665E-01  1.55185E-03  9.20694E-04  3.18680E-04  0.0  2.93195E-02                                
   218: 9.92628E-01  2.52662E-02  2.47746E-02  1.01452E-02  0.0  0.00000E+00    /COMP 4                     
   219: 1.35748E-01  1.61491E-03  9.64160E-04  3.36573E-04  0.0  2.92696E-02                                
   220: 9.81985E-01  2.86667E-02  3.14993E-02  1.28990E-02  0.0  0.00000E+00    /COMP 5                     
   221: 1.35827E-01  1.68015E-03  1.01410E-03  3.57207E-04  0.0  2.92154E-02                                
   222: 9.72267E-01  3.19571E-02  3.81097E-02  1.56060E-02  0.0  0.00000E+00    /COMP 6                     
   223: 1.31033E-01  1.68397E-03  9.81951E-04  3.36573E-04  0.0  2.82489E-02                                
   224: 9.34697E-01  3.14240E-02  3.51588E-02  1.44016E-02  0.0  0.00000E+00    /COMP 7                     
   225: 1.29379E-01  1.71972E-03  9.88437E-04  3.46474E-04  0.0  2.78895E-02                                
   226: 9.18171E-01  3.24715E-02  3.63251E-02  1.48808E-02  0.0  0.00000E+00    /COMP 8                     
   227: 1.27682E-01  1.74989E-03  9.95175E-04  3.49236E-04  0.0  2.75202E-02                                
   228: 9.01293E-01  3.35945E-02  3.74499E-02  1.53431E-02  0.0  0.00000E+00    /COMP 9                     
   229: 1.31116E-01  1.75528E-03  1.03522E-03  3.57207E-04  0.0  2.81877E-02                                
   230: 9.24925E-01  3.49853E-02  4.20693E-02  1.72298E-02  0.0  0.00000E+00    /COMP 10                    
   231: 1.29463E-01  1.79499E-03  1.04291E-03  3.68921E-04  0.0  2.78259E-02                                
   232: 9.08456E-01  3.61032E-02  4.33215E-02  1.77435E-02  0.0  0.00000E+00    /COMP 11                    
   233: 1                                                                                                   
   234:                                                                                                     
   235: ! THERMAL-HYDRAULIC CARD                                                                            
   236: %THER                                                                                               
   237: 100.                                   ! Percent power in %                                         
   238: 693.75e6                               ! Reactor thermal power for quarter geometry in Watt         
   239: 559.15  82.12102                       ! Inlet coolant temp. (Kelvin) and Fuel Assembly Mass flow ra
   240: 4.11950E-03  6.8E-05  5.71E-04  1.2655E-2 ! Fuel meat rad., gap thinkness, cladding thinkness and pi
   241: 264  25                                ! Number of fuel pin and guide tubes                         
   242: 0.019                                  ! FRACTION OF HEAT DEPOSITED IN COOLANT                      
   243: 1                                                                                                   
   244:                                                                                                     
   245: %EJCT                                                                                               
   246: ! Final Bank Pos (steps)   Starts Move (seconds)   Speed (steps/seconds)                            
   247:    228.                     0.0                     1280.0    ! Bank 1                              
   248:    200.                     0.0                     0.0       ! Bank 2                              
   249:    100.                     0.0                     0.0       ! Bank 3                              
   250:    200.                     0.0                     0.0       ! Bank 4                              
   251:    200.                     0.0                     0.0       ! Bank 5                              
   252:    200.                     0.0                     0.0       ! Bank 6                              
   253:    200.                     0.0                     0.0       ! Bank 7                              
   254: 5.  0.01  1.0  0.1            ! (seconds) total time, 1st time step, when to start 2nd time step, 2n
   255: 0.0002584 0.00152 0.0013908 0.0030704 0.001102 0.0002584 !beta                                      
   256: 0.0128  0.0318  0.119   0.3181  1.4027  3.9286           !decay constants                           
   257: 2.8E7    4.4E5     ! Neutron velocity                                                               
  ========================================INPUT DATA   ENDS HERE=====================================



                                             START READING INPUT
  ***************************************************************************************************
  CALCULATION MODE :                 ROD EJECTION CALCULATION

  CASE ID :   NEACRP Problem                                                                                    
   10.803 CM NODE SIZE                                                                               


            >>>> READING MACROSCOPIC CROSS SECTIONS <<<<
            --------------------------------------------

     MATERIAL  1
    GROUP   TRANSPORT    DIFFUSION  ABSORPTION    REMOVAL      NU*FISS      FISSION    FISS. SPCTR
       1     0.053206    6.264981    0.000373    0.026829     0.000000     0.000000     1.000000
       2     0.386406    0.862651    0.017722    0.017722     0.000000     0.000000     0.000000
   --SCATTERING MATRIX--
     G/G'          1          2
      1        0.000000    0.026455
      2        0.000000    0.000000

     MATERIAL  2
    GROUP   TRANSPORT    DIFFUSION  ABSORPTION    REMOVAL      NU*FISS      FISSION    FISS. SPCTR
       1     0.295609    1.127616    0.001188    0.024349     0.000000     0.000000     1.000000
       2     2.459310    0.135539    0.252618    0.252618     0.000000     0.000000     0.000000
   --SCATTERING MATRIX--
     G/G'          1          2
      1        0.000000    0.023161
      2        0.000000    0.000000

     MATERIAL  3
    GROUP   TRANSPORT    DIFFUSION  ABSORPTION    REMOVAL      NU*FISS      FISSION    FISS. SPCTR
       1     0.295609    1.127616    0.001188    0.021269     0.000000     0.000000     1.000000
       2     2.459310    0.135539    0.252618    0.252618     0.000000     0.000000     0.000000
   --SCATTERING MATRIX--
     G/G'          1          2
      1        0.000000    0.020081
      2        0.000000    0.000000

     MATERIAL  4
    GROUP   TRANSPORT    DIFFUSION  ABSORPTION    REMOVAL      NU*FISS      FISSION    FISS. SPCTR
       1     0.222117    1.500710    0.008718    0.026968     0.004983     0.001902     1.000000
       2     0.803140    0.415038    0.065255    0.065255     0.083903     0.034358     0.000000
   --SCATTERING MATRIX--
     G/G'          1          2
      1        0.000000    0.018250
      2        0.000000    0.000000

     MATERIAL  5
    GROUP   TRANSPORT    DIFFUSION  ABSORPTION    REMOVAL      NU*FISS      FISSION    FISS. SPCTR
       1     0.221914    1.502083    0.009061    0.027065     0.005577     0.002145     1.000000
       2     0.795538    0.419004    0.072335    0.072335     0.099863     0.040894     0.000000
   --SCATTERING MATRIX--
     G/G'          1          2
      1        0.000000    0.018004
      2        0.000000    0.000000

     MATERIAL  6
    GROUP   TRANSPORT    DIFFUSION  ABSORPTION    REMOVAL      NU*FISS      FISSION    FISS. SPCTR
       1     0.221715    1.503432    0.009385    0.027152     0.006150     0.002380     1.000000
       2     0.789253    0.422340    0.078920    0.078920     0.114667     0.046956     0.000000
   --SCATTERING MATRIX--
     G/G'          1          2
      1        0.000000    0.017767
      2        0.000000    0.000000

     MATERIAL  7
    GROUP   TRANSPORT    DIFFUSION  ABSORPTION    REMOVAL      NU*FISS      FISSION    FISS. SPCTR
       1     0.222039    1.501238    0.009317    0.026455     0.005550     0.002136     1.000000
       2     0.776230    0.429426    0.079633    0.079633     0.098558     0.040360     0.000000
   --SCATTERING MATRIX--
     G/G'          1          2
      1        0.000000    0.017138
      2        0.000000    0.000000

     MATERIAL  8
    GROUP   TRANSPORT    DIFFUSION  ABSORPTION    REMOVAL      NU*FISS      FISSION    FISS. SPCTR
       1     0.222083    1.500940    0.009400    0.026250     0.005541     0.002133     1.000000
       2     0.769969    0.432918    0.082109    0.082109     0.098006     0.040134     0.000000
   --SCATTERING MATRIX--
     G/G'          1          2
      1        0.000000    0.016850
      2        0.000000    0.000000

     MATERIAL  9
    GROUP   TRANSPORT    DIFFUSION  ABSORPTION    REMOVAL      NU*FISS      FISSION    FISS. SPCTR
       1     0.222127    1.500643    0.009483    0.026045     0.005531     0.002130     1.000000
       2     0.763813    0.436407    0.084591    0.084591     0.097411     0.039890     0.000000
   --SCATTERING MATRIX--
     G/G'          1          2
      1        0.000000    0.016563
      2        0.000000    0.000000

     MATERIAL 10
    GROUP   TRANSPORT    DIFFUSION  ABSORPTION    REMOVAL      NU*FISS      FISSION    FISS. SPCTR
       1     0.221836    1.502612    0.009637    0.026542     0.006124     0.002371     1.000000
       2     0.770705    0.432504    0.086119    0.086119     0.113241     0.046372     0.000000
   --SCATTERING MATRIX--
     G/G'          1          2
      1        0.000000    0.016904
      2        0.000000    0.000000

     MATERIAL 11
    GROUP   TRANSPORT    DIFFUSION  ABSORPTION    REMOVAL      NU*FISS      FISSION    FISS. SPCTR
       1     0.221878    1.502327    0.009719    0.026337     0.006114     0.002368     1.000000
       2     0.764704    0.435899    0.088549    0.088549     0.112635     0.046125     0.000000
   --SCATTERING MATRIX--
     G/G'          1          2
      1        0.000000    0.016617
      2        0.000000    0.000000

  ...Macroscopic CX Card is sucessfully read...


            >>>>>READING CORE GEOMETRY<<<<<
            -------------------------------
  Number of assembly in x, y and z directions respectively :
           9           9          18
  Number of nodes in x, y and z directions respectively :
          17          17          18

  x-directed nodes divison (delta-x)
    10.80  10.80  10.80  10.80  10.80  10.80  10.80  10.80  10.80  10.80
    10.80  10.80  10.80  10.80  10.80  10.80  10.80
  y-directed nodes divison (delta-y)
    10.80  10.80  10.80  10.80  10.80  10.80  10.80  10.80  10.80  10.80
    10.80  10.80  10.80  10.80  10.80  10.80  10.80

  Planar Region :  1
        1  2  3  4  5  6  7  8  9 10 11 12 13 14 15 16 17
    17  1  1  1  1  1  1  1  1  1  1  1  1  1  1  1  2  2 
    16  1  1  1  1  1  1  1  1  1  1  1  1  1  1  1  2  2 
    15  1  1  1  1  1  1  1  1  1  1  1  1  1  1  1  2  2 
    14  1  1  1  1  1  1  1  1  1  1  1  1  1  3  3  2  2 
    13  1  1  1  1  1  1  1  1  1  1  1  1  1  3  3  2  2 
    12  1  1  1  1  1  1  1  1  1  1  1  1  1  2  2       
    11  1  1  1  1  1  1  1  1  1  1  1  1  1  2  2       
    10  1  1  1  1  1  1  1  1  1  1  1  3  3  2  2       
     9  1  1  1  1  1  1  1  1  1  1  1  3  3  2  2       
     8  1  1  1  1  1  1  1  1  1  3  3  2  2             
     7  1  1  1  1  1  1  1  1  1  3  3  2  2             
     6  1  1  1  1  1  1  1  3  3  2  2                   
     5  1  1  1  1  1  1  1  3  3  2  2                   
     4  1  1  1  3  3  2  2  2  2                         
     3  1  1  1  3  3  2  2  2  2                         
     2  2  2  2  2  2                                     
     1  2  2  2  2  2                                     
  Planar Region :  2
        1  2  3  4  5  6  7  8  9 10 11 12 13 14 15 16 17
    17  4  5  5  4  4  5  5  4  4  5  5  4  4  6  6  2  2 
    16  5  4  4  5  5  4  4  5  5  4  4  6  6  6  6  2  2 
    15  5  4  4  5  5  4  4  5  5  4  4  6  6  6  6  2  2 
    14  4  5  5  4  4  5  5  4  4  5  5  6  6  3  3  2  2 
    13  4  5  5  4  4  5  5  4  4  5  5  6  6  3  3  2  2 
    12  5  4  4  5  5  4  4  5  5  6  6  6  6  2  2       
    11  5  4  4  5  5  4  4  5  5  6  6  6  6  2  2       
    10  4  5  5  4  4  5  5  4  4  6  6  3  3  2  2       
     9  4  5  5  4  4  5  5  4  4  6  6  3  3  2  2       
     8  5  4  4  5  5  6  6  6  6  3  3  2  2             
     7  5  4  4  5  5  6  6  6  6  3  3  2  2             
     6  4  6  6  6  6  6  6  3  3  2  2                   
     5  4  6  6  6  6  6  6  3  3  2  2                   
     4  6  6  6  3  3  2  2  2  2                         
     3  6  6  6  3  3  2  2  2  2                         
     2  2  2  2  2  2                                     
     1  2  2  2  2  2                                     
  Planar Region :  3
        1  2  3  4  5  6  7  8  9 10 11 12 13 14 15 16 17
    17  4  9  9  4  4  9  9  4  4  7  7  4  4  6  6  2  2 
    16  9  4  4  8  8  4  4  8  8  4  4  11 11 6  6  2  2 
    15  9  4  4  8  8  4  4  8  8  4  4  11 11 6  6  2  2 
    14  4  8  8  4  4  8  8  4  4  8  8  6  6  3  3  2  2 
    13  4  8  8  4  4  8  8  4  4  8  8  6  6  3  3  2  2 
    12  9  4  4  8  8  4  4  8  8  10 10 6  6  2  2       
    11  9  4  4  8  8  4  4  8  8  10 10 6  6  2  2       
    10  4  8  8  4  4  8  8  4  4  6  6  3  3  2  2       
     9  4  8  8  4  4  8  8  4  4  6  6  3  3  2  2       
     8  7  4  4  8  8  10 10 6  6  3  3  2  2             
     7  7  4  4  8  8  10 10 6  6  3  3  2  2             
     6  4  11 11 6  6  6  6  3  3  2  2                   
     5  4  11 11 6  6  6  6  3  3  2  2                   
     4  6  6  6  3  3  2  2  2  2                         
     3  6  6  6  3  3  2  2  2  2                         
     2  2  2  2  2  2                                     
     1  2  2  2  2  2                                     

  Planar Region Assignment to planes.
 --------------------------------------
   Plane Number     Planar Region    delta-z
       18 (TOP)            1          30.00
       17                  3           8.00
       16                  3          12.80
       15                  3          12.80
       14                  3          30.00
       13                  3          30.00
       12                  3          30.00
       11                  3          30.00
       10                  3          30.00
        9                  3          30.00
        8                  3          30.00
        7                  3          30.00
        6                  3          30.00
        5                  3          30.00
        4                  3          15.00
        3                  3          11.00
        2                  2           7.70
        1 (BOTTOM)         1          30.00

   Boundary conditions
  X-directed West   : REFLECTIVE
  X-directed East   : ZERO INCOMING CURRENT
  Y-directed North  : REFLECTIVE
  Y-directed South  : ZERO INCOMING CURRENT
  Z-directed Bottom : ZERO INCOMING CURRENT
  Z-directed Top    : ZERO INCOMING CURRENT

  ...Core geometry is sucessfully read...


            >>>>       READING BORON CONCENTRATION        <<<<
            --------------------------------------------------

  ...Boron Concentration card is sucessfully read...


            >>>>      READING FUEL TEMPERATURE      <<<<
            --------------------------------------------

  ...Fuel Temperature is card sucessfully read...


            >>>>   READING MODERATOR TEMPERATURE    <<<<
            --------------------------------------------

  ...Moderator Temperature Card is sucessfully read...


            >>>>       READING COOLANT DENSITY      <<<<
            --------------------------------------------
  AVERAGE COOLANT DENSITY   :  0.7464  (USED AS GUESS)
  COOLANT DENSITY REFERENCE :  0.7125

  MATERIAL CX CHANGES PER COOLANT DENSITY CHANGES : 
    MATERIAL  1
     GROUP   TRANSPORT   ABSORPTION   NU*FISS       FISSION
       1   0.74576E-01  0.20769E-03   0.00000E+00   0.00000E+00
       2   0.53363E+00  0.75842E-02   0.00000E+00   0.00000E+00
   --SCATTERING MATRIX--
     G/G'          1          2
      1      0.00000E+00  0.37131E-01
      2      0.00000E+00  0.00000E+00
    MATERIAL  2
     GROUP   TRANSPORT   ABSORPTION   NU*FISS       FISSION
       1   0.00000E+00  0.00000E+00   0.00000E+00   0.00000E+00
       2   0.00000E+00  0.00000E+00   0.00000E+00   0.00000E+00
   --SCATTERING MATRIX--
     G/G'          1          2
      1      0.00000E+00  0.00000E+00
      2      0.00000E+00  0.00000E+00
    MATERIAL  3
     GROUP   TRANSPORT   ABSORPTION   NU*FISS       FISSION
       1   0.00000E+00  0.00000E+00   0.00000E+00   0.00000E+00
       2   0.00000E+00  0.00000E+00   0.00000E+00   0.00000E+00
   --SCATTERING MATRIX--
     G/G'          1          2
      1      0.00000E+00  0.00000E+00
      2      0.00000E+00  0.00000E+00
    MATERIAL  4
     GROUP   TRANSPORT   ABSORPTION   NU*FISS       FISSION
       1   0.13566E+00  0.15519E-02   0.92069E-03   0.31868E-03
       2   0.99263E+00  0.25266E-01   0.24775E-01   0.10145E-01
   --SCATTERING MATRIX--
     G/G'          1          2
      1      0.00000E+00  0.29320E-01
      2      0.00000E+00  0.00000E+00
    MATERIAL  5
     GROUP   TRANSPORT   ABSORPTION   NU*FISS       FISSION
       1   0.13575E+00  0.16149E-02   0.96416E-03   0.33657E-03
       2   0.98198E+00  0.28667E-01   0.31499E-01   0.12899E-01
   --SCATTERING MATRIX--
     G/G'          1          2
      1      0.00000E+00  0.29270E-01
      2      0.00000E+00  0.00000E+00
    MATERIAL  6
     GROUP   TRANSPORT   ABSORPTION   NU*FISS       FISSION
       1   0.13583E+00  0.16802E-02   0.10141E-02   0.35721E-03
       2   0.97227E+00  0.31957E-01   0.38110E-01   0.15606E-01
   --SCATTERING MATRIX--
     G/G'          1          2
      1      0.00000E+00  0.29215E-01
      2      0.00000E+00  0.00000E+00
    MATERIAL  7
     GROUP   TRANSPORT   ABSORPTION   NU*FISS       FISSION
       1   0.13103E+00  0.16840E-02   0.98195E-03   0.33657E-03
       2   0.93470E+00  0.31424E-01   0.35159E-01   0.14402E-01
   --SCATTERING MATRIX--
     G/G'          1          2
      1      0.00000E+00  0.28249E-01
      2      0.00000E+00  0.00000E+00
    MATERIAL  8
     GROUP   TRANSPORT   ABSORPTION   NU*FISS       FISSION
       1   0.12938E+00  0.17197E-02   0.98844E-03   0.34647E-03
       2   0.91817E+00  0.32472E-01   0.36325E-01   0.14881E-01
   --SCATTERING MATRIX--
     G/G'          1          2
      1      0.00000E+00  0.27889E-01
      2      0.00000E+00  0.00000E+00
    MATERIAL  9
     GROUP   TRANSPORT   ABSORPTION   NU*FISS       FISSION
       1   0.12768E+00  0.17499E-02   0.99517E-03   0.34924E-03
       2   0.90129E+00  0.33595E-01   0.37450E-01   0.15343E-01
   --SCATTERING MATRIX--
     G/G'          1          2
      1      0.00000E+00  0.27520E-01
      2      0.00000E+00  0.00000E+00
    MATERIAL 10
     GROUP   TRANSPORT   ABSORPTION   NU*FISS       FISSION
       1   0.13112E+00  0.17553E-02   0.10352E-02   0.35721E-03
       2   0.92493E+00  0.34985E-01   0.42069E-01   0.17230E-01
   --SCATTERING MATRIX--
     G/G'          1          2
      1      0.00000E+00  0.28188E-01
      2      0.00000E+00  0.00000E+00
    MATERIAL 11
     GROUP   TRANSPORT   ABSORPTION   NU*FISS       FISSION
       1   0.12946E+00  0.17950E-02   0.10429E-02   0.36892E-03
       2   0.90846E+00  0.36103E-01   0.43322E-01   0.17743E-01
   --SCATTERING MATRIX--
     G/G'          1          2
      1      0.00000E+00  0.27826E-01
      2      0.00000E+00  0.00000E+00

  ...Coolant Density Card is sucessfully read...


            >>>> READING CONTROL RODS INSERTION <<<<
            --------------------------------------------
  NUMBER OF CONTROL ROD BANK  :  7
  MAX. NUMBER OF STEPS  : 228
  FULLY INSERTED POSITION (cm): 37.7 (FROM BOTTOM OF THE CORE)
  STEP SIZE (cm)              :   1.5942
  INITIAL CONTROL ROD BANK POSITION (STEPS) : 
  (0 means fully inserted) 
    Bank  1  Bank  2  Bank  3  Bank  4  Bank  5  Bank  6  Bank  7
    100.0    200.0    100.0    200.0    200.0    200.0    200.0

  CONTROL ROD BANK MAP : 
  1  0  2  0  0  0  3  0  0
  0  4  0  0  0  6  0  0  0
  2  0  5  0  6  0  6  0  0
  0  0  0  4  0  0  0  0  0
  0  0  6  0  7  0  0  0  0
  0  6  0  0  0  0  0  0  0
  3  0  6  0  0  0  0  0  0
  0  0  0  0  0  0  0  0  0
  0  0  0  0  0  0  0  0  0

  MATERIAL CX INCREMENT OR DECREMENT DUE TO CR INSERTION : 
    MATERIAL  1
    GROUP   TRANSPORT  ABSORPTION      NU*FISS      FISSION
       1     0.003732    0.002478    -0.000103    -0.000038
       2    -0.021993    0.025587    -0.002823    -0.001155
   --SCATTERING MATRIX--
     G/G'        1        2
      1      0.000000 -0.003193
      2      0.000000  0.000000
    MATERIAL  2
    GROUP   TRANSPORT  ABSORPTION      NU*FISS      FISSION
       1     0.003732    0.002478    -0.000103    -0.000038
       2    -0.021993    0.025587    -0.002823    -0.001155
   --SCATTERING MATRIX--
     G/G'        1        2
      1      0.000000 -0.003193
      2      0.000000  0.000000
    MATERIAL  3
    GROUP   TRANSPORT  ABSORPTION      NU*FISS      FISSION
       1     0.003732    0.002478    -0.000103    -0.000038
       2    -0.021993    0.025587    -0.002823    -0.001155
   --SCATTERING MATRIX--
     G/G'        1        2
      1      0.000000 -0.003193
      2      0.000000  0.000000
    MATERIAL  4
    GROUP   TRANSPORT  ABSORPTION      NU*FISS      FISSION
       1     0.003732    0.002478    -0.000103    -0.000038
       2    -0.021993    0.025587    -0.002823    -0.001155
   --SCATTERING MATRIX--
     G/G'        1        2
      1      0.000000 -0.003193
      2      0.000000  0.000000
    MATERIAL  5
    GROUP   TRANSPORT  ABSORPTION      NU*FISS      FISSION
       1     0.003732    0.002478    -0.000103    -0.000038
       2    -0.021993    0.025587    -0.002823    -0.001155
   --SCATTERING MATRIX--
     G/G'        1        2
      1      0.000000 -0.003193
      2      0.000000  0.000000
    MATERIAL  6
    GROUP   TRANSPORT  ABSORPTION      NU*FISS      FISSION
       1     0.003741    0.002429    -0.000123    -0.000046
       2    -0.016750    0.025648    -0.003281    -0.001343
   --SCATTERING MATRIX--
     G/G'        1        2
      1      0.000000 -0.003142
      2      0.000000  0.000000
    MATERIAL  7
    GROUP   TRANSPORT  ABSORPTION      NU*FISS      FISSION
       1     0.003732    0.002478    -0.000103    -0.000038
       2    -0.021993    0.025587    -0.002823    -0.001155
   --SCATTERING MATRIX--
     G/G'        1        2
      1      0.000000 -0.003193
      2      0.000000  0.000000
    MATERIAL  8
    GROUP   TRANSPORT  ABSORPTION      NU*FISS      FISSION
       1     0.003732    0.002478    -0.000103    -0.000038
       2    -0.021993    0.025587    -0.002823    -0.001155
   --SCATTERING MATRIX--
     G/G'        1        2
      1      0.000000 -0.003193
      2      0.000000  0.000000
    MATERIAL  9
    GROUP   TRANSPORT  ABSORPTION      NU*FISS      FISSION
       1     0.003732    0.002478    -0.000103    -0.000038
       2    -0.021993    0.025587    -0.002823    -0.001155
   --SCATTERING MATRIX--
     G/G'        1        2
      1      0.000000 -0.003193
      2      0.000000  0.000000
    MATERIAL 10
    GROUP   TRANSPORT  ABSORPTION      NU*FISS      FISSION
       1     0.003732    0.002478    -0.000103    -0.000038
       2    -0.021993    0.025587    -0.002823    -0.001155
   --SCATTERING MATRIX--
     G/G'        1        2
      1      0.000000 -0.003193
      2      0.000000  0.000000
    MATERIAL 11
    GROUP   TRANSPORT  ABSORPTION      NU*FISS      FISSION
       1     0.003732    0.002478    -0.000103    -0.000038
       2    -0.021993    0.025587    -0.002823    -0.001155
   --SCATTERING MATRIX--
     G/G'        1        2
      1      0.000000 -0.003193
      2      0.000000  0.000000

  ...Control Rods Insertion card is sucessfully read...


            >>>>     READING ROD EJECTION DATA      <<<<
            --------------------------------------------

  ...Rod Ejection Card is sucessfully read...


            >>>>   READING THERMAL-HYDRAULIC DATA   <<<<
            --------------------------------------------
  REACTOR PERCENT POWER (%)                :    100.00000
  REACTOR POWER (Watt)                     :   6.9375E+08
  COOLANT INLET TEMPERATURE (Kelvin)       :   5.5915E+02
  FUEL ASSEMBLY MASS FLOW RATE (Kg/s)      :   8.2121E+01
  FUEL MEAT RADIUS (m)                     :   4.1195E-03
  GAP THICKNESS (m)                        :   6.8000E-05
  CLAD THICKNESS (m)                       :   5.7100E-04
  PIN PITCH(m)                             :   1.2655E-02
  FRACTION OF HEAT DEPOSITED IN COOL.      :   1.9000E-02

  ...Thermal-hydraulic Card is sucessfully read...


  **********************************  STOP READING INPUT  *******************************************

   INITIAL MULTIPLICATION EFFECTIVE (K-EFF) =  0.999962
   WARNING: THE STEADY STATE K-EFF IS NOT EQUAL TO 1.0
   AND NOW IT IS FORCED TO 1.0 BY MODIFYING THE nu*sigf CROSS SECTIONS 


  TRANSIENT RESULTS :

  Step  Time(s)  React.($)   Rel. Power   CR Bank Pos. (1-end)
 --------------------------------------------------------------
   0     0.000    0.0000     1.0000E+00   100.00   200.00   100.00   200.00   200.00   200.00   200.00
   1     0.010    0.0000     1.0167E+00   112.80   200.00   100.00   200.00   200.00   200.00   200.00
   2     0.020    0.0000     1.0327E+00   125.60   200.00   100.00   200.00   200.00   200.00   200.00
   3     0.030    0.0000     1.0464E+00   138.40   200.00   100.00   200.00   200.00   200.00   200.00
   4     0.040    0.0000     1.0607E+00   151.20   200.00   100.00   200.00   200.00   200.00   200.00
   5     0.050    0.0000     1.0706E+00   164.00   200.00   100.00   200.00   200.00   200.00   200.00
   6     0.060    0.0000     1.0771E+00   176.80   200.00   100.00   200.00   200.00   200.00   200.00
   7     0.070    0.0000     1.0817E+00   189.60   200.00   100.00   200.00   200.00   200.00   200.00
   8     0.080    0.0000     1.0838E+00   202.40   200.00   100.00   200.00   200.00   200.00   200.00
   9     0.090    0.0000     1.0846E+00   215.20   200.00   100.00   200.00   200.00   200.00   200.00
  10     0.100    0.0000     1.0848E+00   228.00   200.00   100.00   200.00   200.00   200.00   200.00
  11     0.110    0.0000     1.0848E+00   228.00   200.00   100.00   200.00   200.00   200.00   200.00
  12     0.120    0.0000     1.0847E+00   228.00   200.00   100.00   200.00   200.00   200.00   200.00
  13     0.130    0.0000     1.0846E+00   228.00   200.00   100.00   200.00   200.00   200.00   200.00
  14     0.140    0.0000     1.0846E+00   228.00   200.00   100.00   200.00   200.00   200.00   200.00
  15     0.150    0.0000     1.0846E+00   228.00   200.00   100.00   200.00   200.00   200.00   200.00
  16     0.160    0.0000     1.0846E+00   228.00   200.00   100.00   200.00   200.00   200.00   200.00
  17     0.170    0.0000     1.0837E+00   228.00   200.00   100.00   200.00   200.00   200.00   200.00
  18     0.180    0.0000     1.0837E+00   228.00   200.00   100.00   200.00   200.00   200.00   200.00
  19     0.190    0.0000     1.0837E+00   228.00   200.00   100.00   200.00   200.00   200.00   200.00
  20     0.200    0.0000     1.0827E+00   228.00   200.00   100.00   200.00   200.00   200.00   200.00
  21     0.210    0.0000     1.0827E+00   228.00   200.00   100.00   200.00   200.00   200.00   200.00
  22     0.220    0.0000     1.0826E+00   228.00   200.00   100.00   200.00   200.00   200.00   200.00
  23     0.230    0.0000     1.0817E+00   228.00   200.00   100.00   200.00   200.00   200.00   200.00
  24     0.240    0.0000     1.0817E+00   228.00   200.00   100.00   200.00   200.00   200.00   200.00
  25     0.250    0.0000     1.0810E+00   228.00   200.00   100.00   200.00   200.00   200.00   200.00
  26     0.260    0.0000     1.0810E+00   228.00   200.00   100.00   200.00   200.00   200.00   200.00
  27     0.270    0.0000     1.0802E+00   228.00   200.00   100.00   200.00   200.00   200.00   200.00
  28     0.280    0.0000     1.0802E+00   228.00   200.00   100.00   200.00   200.00   200.00   200.00
  29     0.290    0.0000     1.0796E+00   228.00   200.00   100.00   200.00   200.00   200.00   200.00
  30     0.300    0.0000     1.0796E+00   228.00   200.00   100.00   200.00   200.00   200.00   200.00
  31     0.310    0.0000     1.0788E+00   228.00   200.00   100.00   200.00   200.00   200.00   200.00
  32     0.320    0.0000     1.0788E+00   228.00   200.00   100.00   200.00   200.00   200.00   200.00
  33     0.330    0.0000     1.0781E+00   228.00   200.00   100.00   200.00   200.00   200.00   200.00
  34     0.340    0.0000     1.0781E+00   228.00   200.00   100.00   200.00   200.00   200.00   200.00
  35     0.350    0.0000     1.0774E+00   228.00   200.00   100.00   200.00   200.00   200.00   200.00
  36     0.360    0.0000     1.0774E+00   228.00   200.00   100.00   200.00   200.00   200.00   200.00
  37     0.370    0.0000     1.0767E+00   228.00   200.00   100.00   200.00   200.00   200.00   200.00
  38     0.380    0.0000     1.0767E+00   228.00   200.00   100.00   200.00   200.00   200.00   200.00
  39     0.390    0.0000     1.0758E+00   228.00   200.00   100.00   200.00   200.00   200.00   200.00
  40     0.400    0.0000     1.0758E+00   228.00   200.00   100.00   200.00   200.00   200.00   200.00
  41     0.410    0.0000     1.0752E+00   228.00   200.00   100.00   200.00   200.00   200.00   200.00
  42     0.420    0.0000     1.0752E+00   228.00   200.00   100.00   200.00   200.00   200.00   200.00
  43     0.430    0.0000     1.0744E+00   228.00   200.00   100.00   200.00   200.00   200.00   200.00
  44     0.440    0.0000     1.0744E+00   228.00   200.00   100.00   200.00   200.00   200.00   200.00
  45     0.450    0.0000     1.0738E+00   228.00   200.00   100.00   200.00   200.00   200.00   200.00
  46     0.460    0.0000     1.0738E+00   228.00   200.00   100.00   200.00   200.00   200.00   200.00
  47     0.470    0.0000     1.0731E+00   228.00   200.00   100.00   200.00   200.00   200.00   200.00
  48     0.480    0.0000     1.0731E+00   228.00   200.00   100.00   200.00   200.00   200.00   200.00
  49     0.490    0.0000     1.0724E+00   228.00   200.00   100.00   200.00   200.00   200.00   200.00
  50     0.500    0.0000     1.0724E+00   228.00   200.00   100.00   200.00   200.00   200.00   200.00
  51     0.510    0.0000     1.0717E+00   228.00   200.00   100.00   200.00   200.00   200.00   200.00
  52     0.520    0.0000     1.0717E+00   228.00   200.00   100.00   200.00   200.00   200.00   200.00
  53     0.530    0.0000     1.0710E+00   228.00   200.00   100.00   200.00   200.00   200.00   200.00
  54     0.540    0.0000     1.0710E+00   228.00   200.00   100.00   200.00   200.00   200.00   200.00
  55     0.550    0.0000     1.0706E+00   228.00   200.00   100.00   200.00   200.00   200.00   200.00
  56     0.560    0.0000     1.0705E+00   228.00   200.00   100.00   200.00   200.00   200.00   200.00
  57     0.570    0.0000     1.0699E+00   228.00   200.00   100.00   200.00   200.00   200.00   200.00
  58     0.580    0.0000     1.0699E+00   228.00   200.00   100.00   200.00   200.00   200.00   200.00
  59     0.590    0.0000     1.0699E+00   228.00   200.00   100.00   200.00   200.00   200.00   200.00
  60     0.600    0.0000     1.0691E+00   228.00   200.00   100.00   200.00   200.00   200.00   200.00
  61     0.610    0.0000     1.0691E+00   228.00   200.00   100.00   200.00   200.00   200.00   200.00
  62     0.620    0.0000     1.0684E+00   228.00   200.00   100.00   200.00   200.00   200.00   200.00
  63     0.630    0.0000     1.0684E+00   228.00   200.00   100.00   200.00   200.00   200.00   200.00
  64     0.640    0.0000     1.0677E+00   228.00   200.00   100.00   200.00   200.00   200.00   200.00
  65     0.650    0.0000     1.0677E+00   228.00   200.00   100.00   200.00   200.00   200.00   200.00
  66     0.660    0.0000     1.0677E+00   228.00   200.00   100.00   200.00   200.00   200.00   200.00
  67     0.670    0.0000     1.0670E+00   228.00   200.00   100.00   200.00   200.00   200.00   200.00
  68     0.680    0.0000     1.0670E+00   228.00   200.00   100.00   200.00   200.00   200.00   200.00
  69     0.690    0.0000     1.0670E+00   228.00   200.00   100.00   200.00   200.00   200.00   200.00
  70     0.700    0.0000     1.0663E+00   228.00   200.00   100.00   200.00   200.00   200.00   200.00
  71     0.710    0.0000     1.0663E+00   228.00   200.00   100.00   200.00   200.00   200.00   200.00
  72     0.720    0.0000     1.0662E+00   228.00   200.00   100.00   200.00   200.00   200.00   200.00
  73     0.730    0.0000     1.0655E+00   228.00   200.00   100.00   200.00   200.00   200.00   200.00
  74     0.740    0.0000     1.0655E+00   228.00   200.00   100.00   200.00   200.00   200.00   200.00
  75     0.750    0.0000     1.0655E+00   228.00   200.00   100.00   200.00   200.00   200.00   200.00
  76     0.760    0.0000     1.0647E+00   228.00   200.00   100.00   200.00   200.00   200.00   200.00
  77     0.770    0.0000     1.0647E+00   228.00   200.00   100.00   200.00   200.00   200.00   200.00
  78     0.780    0.0000     1.0647E+00   228.00   200.00   100.00   200.00   200.00   200.00   200.00
  79     0.790    0.0000     1.0641E+00   228.00   200.00   100.00   200.00   200.00   200.00   200.00
  80     0.800    0.0000     1.0641E+00   228.00   200.00   100.00   200.00   200.00   200.00   200.00
  81     0.810    0.0000     1.0641E+00   228.00   200.00   100.00   200.00   200.00   200.00   200.00
  82     0.820    0.0000     1.0635E+00   228.00   200.00   100.00   200.00   200.00   200.00   200.00
  83     0.830    0.0000     1.0635E+00   228.00   200.00   100.00   200.00   200.00   200.00   200.00
  84     0.840    0.0000     1.0635E+00   228.00   200.00   100.00   200.00   200.00   200.00   200.00
  85     0.850    0.0000     1.0629E+00   228.00   200.00   100.00   200.00   200.00   200.00   200.00
  86     0.860    0.0000     1.0629E+00   228.00   200.00   100.00   200.00   200.00   200.00   200.00
  87     0.870    0.0000     1.0629E+00   228.00   200.00   100.00   200.00   200.00   200.00   200.00
  88     0.880    0.0000     1.0622E+00   228.00   200.00   100.00   200.00   200.00   200.00   200.00
  89     0.890    0.0000     1.0622E+00   228.00   200.00   100.00   200.00   200.00   200.00   200.00
  90     0.900    0.0000     1.0622E+00   228.00   200.00   100.00   200.00   200.00   200.00   200.00
  91     0.910    0.0000     1.0615E+00   228.00   200.00   100.00   200.00   200.00   200.00   200.00
  92     0.920    0.0000     1.0615E+00   228.00   200.00   100.00   200.00   200.00   200.00   200.00
  93     0.930    0.0000     1.0615E+00   228.00   200.00   100.00   200.00   200.00   200.00   200.00
  94     0.940    0.0000     1.0610E+00   228.00   200.00   100.00   200.00   200.00   200.00   200.00
  95     0.950    0.0000     1.0610E+00   228.00   200.00   100.00   200.00   200.00   200.00   200.00
  96     0.960    0.0000     1.0609E+00   228.00   200.00   100.00   200.00   200.00   200.00   200.00
  97     0.970    0.0000     1.0609E+00   228.00   200.00   100.00   200.00   200.00   200.00   200.00
  98     0.980    0.0000     1.0603E+00   228.00   200.00   100.00   200.00   200.00   200.00   200.00
  99     0.990    0.0000     1.0603E+00   228.00   200.00   100.00   200.00   200.00   200.00   200.00
 100     1.000    0.0000     1.0603E+00   228.00   200.00   100.00   200.00   200.00   200.00   200.00
 101     1.000    0.0000     1.0603E+00   228.00   200.00   100.00   200.00   200.00   200.00   200.00
 102     1.000    0.0000     1.0602E+00   228.00   200.00   100.00   200.00   200.00   200.00   200.00
 103     1.000    0.0000     1.0582E+00   228.00   200.00   100.00   200.00   200.00   200.00   200.00
 104     1.000    0.0000     1.0566E+00   228.00   200.00   100.00   200.00   200.00   200.00   200.00
 105     1.000    0.0000     1.0551E+00   228.00   200.00   100.00   200.00   200.00   200.00   200.00
 106     1.000    0.0000     1.0540E+00   228.00   200.00   100.00   200.00   200.00   200.00   200.00
 107     1.000    0.0000     1.0522E+00   228.00   200.00   100.00   200.00   200.00   200.00   200.00
 108     1.000    0.0000     1.0512E+00   228.00   200.00   100.00   200.00   200.00   200.00   200.00
 109     1.000    0.0000     1.0498E+00   228.00   200.00   100.00   200.00   200.00   200.00   200.00
 110     1.000    0.0000     1.0492E+00   228.00   200.00   100.00   200.00   200.00   200.00   200.00
 111     1.000    0.0000     1.0474E+00   228.00   200.00   100.00   200.00   200.00   200.00   200.00
 112     1.000    0.0000     1.0473E+00   228.00   200.00   100.00   200.00   200.00   200.00   200.00
 113     1.000    0.0000     1.0461E+00   228.00   200.00   100.00   200.00   200.00   200.00   200.00
 114     1.000    0.0000     1.0453E+00   228.00   200.00   100.00   200.00   200.00   200.00   200.00
 115     1.000    0.0000     1.0444E+00   228.00   200.00   100.00   200.00   200.00   200.00   200.00
 116     1.000    0.0000     1.0438E+00   228.00   200.00   100.00   200.00   200.00   200.00   200.00
 117     1.000    0.0000     1.0434E+00   228.00   200.00   100.00   200.00   200.00   200.00   200.00
 118     1.000    0.0000     1.0427E+00   228.00   200.00   100.00   200.00   200.00   200.00   200.00
 119     1.000    0.0000     1.0419E+00   228.00   200.00   100.00   200.00   200.00   200.00   200.00
 120     1.000    0.0000     1.0417E+00   228.00   200.00   100.00   200.00   200.00   200.00   200.00
 121     1.000    0.0000     1.0412E+00   228.00   200.00   100.00   200.00   200.00   200.00   200.00
 122     1.000    0.0000     1.0407E+00   228.00   200.00   100.00   200.00   200.00   200.00   200.00
 123     1.000    0.0000     1.0403E+00   228.00   200.00   100.00   200.00   200.00   200.00   200.00
 124     1.000    0.0000     1.0395E+00   228.00   200.00   100.00   200.00   200.00   200.00   200.00
 125     1.000    0.0000     1.0395E+00   228.00   200.00   100.00   200.00   200.00   200.00   200.00
 126     1.000    0.0000     1.0393E+00   228.00   200.00   100.00   200.00   200.00   200.00   200.00
 127     1.000    0.0000     1.0387E+00   228.00   200.00   100.00   200.00   200.00   200.00   200.00
 128     1.000    0.0000     1.0387E+00   228.00   200.00   100.00   200.00   200.00   200.00   200.00
 129     1.000    0.0000     1.0385E+00   228.00   200.00   100.00   200.00   200.00   200.00   200.00
 130     1.000    0.0000     1.0380E+00   228.00   200.00   100.00   200.00   200.00   200.00   200.00
 131     1.000    0.0000     1.0380E+00   228.00   200.00   100.00   200.00   200.00   200.00   200.00
 132     1.000    0.0000     1.0377E+00   228.00   200.00   100.00   200.00   200.00   200.00   200.00
 133     1.000    0.0000     1.0377E+00   228.00   200.00   100.00   200.00   200.00   200.00   200.00
 134     1.000    0.0000     1.0373E+00   228.00   200.00   100.00   200.00   200.00   200.00   200.00
 135     1.000    0.0000     1.0373E+00   228.00   200.00   100.00   200.00   200.00   200.00   200.00
 136     1.000    0.0000     1.0366E+00   228.00   200.00   100.00   200.00   200.00   200.00   200.00
 137     1.000    0.0000     1.0366E+00   228.00   200.00   100.00   200.00   200.00   200.00   200.00
 138     1.000    0.0000     1.0366E+00   228.00   200.00   100.00   200.00   200.00   200.00   200.00
 139     1.000    0.0000     1.0366E+00   228.00   200.00   100.00   200.00   200.00   200.00   200.00
 140     1.000    0.0000     1.0365E+00   228.00   200.00   100.00   200.00   200.00   200.00   200.00
 141     1.000    0.0000     1.0363E+00   228.00   200.00   100.00   200.00   200.00   200.00   200.00

   WARNING: SOME NEGATIVE CXs (DUE TO CR INSERTION) ARE SUPPRESSED TO ZERO IN SUBROUTINE CROD_UPDT


 Total time :    112.476723      seconds
