                       ###########################################################
                       #                     ADPRES 1.1                          #
                       #        ABU DHABI POLYTECHNIC REACTOR SIMULATOR          #
                       ###########################################################  


  ========================================INPUT DATA STARTS HERE=====================================
     1: ! IAEA2D input data                                                                                 
     2: ! ADJOINT PROBLEM                                                                                   
     3: ! NODE SIZE = 20 CM                                                                                 
     4:                                                                                                     
     5: %MODE                                                                                               
     6: ADJOINT                                                                                             
     7: %CASE                                                                                               
     8: IAEA2D                                                                                              
     9: PROBLEM TEST                                                                                        
    10: %XSEC                                                                                               
    11: 2  4    ! Number of groups and number of materials                                                  
    12: ! sigtr   siga   nu*sigf sigf   chi   sigs_g1  sigs_g2                                              
    13: !	MATERIAL 1                                                                                        
    14: 0.222222  0.010  0.000  0.000    1.0   0.1922   0.020                                               
    15: 0.833333  0.080  0.135  0.135    0.0   0.000    0.7533   ! MAT1 : Outer Fuel                        
    16: 0.222222  0.010  0.000  0.000    1.0   0.1922   0.020                                               
    17: 0.833333  0.085  0.135  0.135    0.0   0.000    0.7483   ! MAT2 : Inner Fuel                        
    18: 0.222222  0.0100 0.000  0.000    1.0   0.1922   0.020                                               
    19: 0.833333  0.1300 0.135  0.135    0.0   0.000    0.7033   ! MAT3 : Inner Fuel + Control Rod          
    20: 0.166667  0.000  0.000  0.000    0.0   0.1267   0.040                                               
    21: 1.111111  0.010  0.000  0.000    0.0   0.000    1.1011   ! MAT4 : Reflector                         
    22: %GEOM                                                                                               
    23: 9 9 2          !nx, ny, nz                                                                          
    24: 10.0 8*20.0    !x-direction assembly size in cm                                                     
    25: 9*1            !x-direction assembly divided into 20 cm each                                        
    26: 10.0 8*20.0    !y-direction assembly size in cm                                                     
    27: 9*1            !y-direction assembly divided into 20 cm each                                        
    28: 2*10.0         !z-direction assembly size in cm                                                     
    29: 1 1            !z-direction assembly divided into 20 cm each                                        
    30: 1              !np number of planar type                                                            
    31: 1 1            !planar assignment (from bottom to top)                                              
    32: ! Planar_type_1                                                                                     
    33:  4 4 4 4 0 0 0 0 0                                                                                  
    34:  1 1 1 4 4 4 0 0 0                                                                                  
    35:  2 2 1 1 1 4 4 0 0                                                                                  
    36:  2 2 2 2 1 1 4 4 0                                                                                  
    37:  3 2 2 2 3 1 1 4 0                                                                                  
    38:  2 2 2 2 2 2 1 4 4                                                                                  
    39:  2 2 2 2 2 2 1 1 4                                                                                  
    40:  2 2 2 2 2 2 2 1 4                                                                                  
    41:  3 2 2 2 3 2 2 1 4                                                                                  
    42: ! Boundary conditions (east), (west), (north), (south), (bottom), (top)                             
    43: 1 2 1 2 2 2                                                                                         
  ========================================INPUT DATA   ENDS HERE=====================================



                                             START READING INPUT
  ***************************************************************************************************
  CALCULATION MODE :                      ADJOINT CALCULATION

  CASE ID :   IAEA2D                                                                                            
   PROBLEM TEST                                                                                      


            >>>> READING MACROSCOPIC CROSS SECTIONS <<<<
            --------------------------------------------

     MATERIAL  1
    GROUP   TRANSPORT    DIFFUSION  ABSORPTION    REMOVAL      NU*FISS      KAP*FIS    FISS. SPCTR
       1     0.222222    1.500002    0.010000    0.030000     0.000000     0.000000     1.000000
       2     0.833333    0.400000    0.080000    0.080000     0.135000     0.135000     0.000000
   --SCATTERING MATRIX--
     G/G'          1          2
      1        0.192200    0.020000
      2        0.000000    0.753300

     MATERIAL  2
    GROUP   TRANSPORT    DIFFUSION  ABSORPTION    REMOVAL      NU*FISS      KAP*FIS    FISS. SPCTR
       1     0.222222    1.500002    0.010000    0.030000     0.000000     0.000000     1.000000
       2     0.833333    0.400000    0.085000    0.085000     0.135000     0.135000     0.000000
   --SCATTERING MATRIX--
     G/G'          1          2
      1        0.192200    0.020000
      2        0.000000    0.748300

     MATERIAL  3
    GROUP   TRANSPORT    DIFFUSION  ABSORPTION    REMOVAL      NU*FISS      KAP*FIS    FISS. SPCTR
       1     0.222222    1.500002    0.010000    0.030000     0.000000     0.000000     1.000000
       2     0.833333    0.400000    0.130000    0.130000     0.135000     0.135000     0.000000
   --SCATTERING MATRIX--
     G/G'          1          2
      1        0.192200    0.020000
      2        0.000000    0.703300

     MATERIAL  4
    GROUP   TRANSPORT    DIFFUSION  ABSORPTION    REMOVAL      NU*FISS      KAP*FIS    FISS. SPCTR
       1     0.166667    1.999996    0.000000    0.040000     0.000000     0.000000     0.000000
       2     1.111111    0.300000    0.010000    0.010000     0.000000     0.000000     0.000000
   --SCATTERING MATRIX--
     G/G'          1          2
      1        0.126700    0.040000
      2        0.000000    1.101100

  ...Macroscopic CX Card is sucessfully read...


            >>>>>READING CORE GEOMETRY<<<<<
            -------------------------------
  Number of assembly in x, y and z directions respectively :
           9           9           2
  Number of nodes in x, y and z directions respectively :
           9           9           2

  x-directed nodes divison (delta-x)
    10.00  20.00  20.00  20.00  20.00  20.00  20.00  20.00  20.00
  y-directed nodes divison (delta-y)
    10.00  20.00  20.00  20.00  20.00  20.00  20.00  20.00  20.00

  Planar Region :  1
        1  2  3  4  5  6  7  8  9
     9  4  4  4  4                
     8  1  1  1  4  4  4          
     7  2  2  1  1  1  4  4       
     6  2  2  2  2  1  1  4  4    
     5  3  2  2  2  3  1  1  4    
     4  2  2  2  2  2  2  1  4  4 
     3  2  2  2  2  2  2  1  1  4 
     2  2  2  2  2  2  2  2  1  4 
     1  3  2  2  2  3  2  2  1  4 

  Planar Region Assignment to planes.
 --------------------------------------
   Plane Number     Planar Region    delta-z
        2 (TOP)            1          10.00
        1 (BOTTOM)         1          10.00

   Boundary conditions
  X-directed West   : REFLECTIVE
  X-directed East   : ZERO INCOMING CURRENT
  Y-directed North  : ZERO INCOMING CURRENT
  Y-directed South  : REFLECTIVE
  Z-directed Bottom : REFLECTIVE
  Z-directed Top    : REFLECTIVE

  ...Core geometry is sucessfully read...


  **********************************  STOP READING INPUT  *******************************************


  ================================================================================================
                                        CALCULATION RESULTS
  ================================================================================================

   Itr     k-eff     Fis.Src Error   Inner Error
  ----------------------------------------------------
    1     1.827821    6.81857E-01    1.20479E+02
    2     1.723933    4.95106E-01    1.00000E+00
    3     1.370105    3.92714E-01    6.31933E-01
    4     1.178137    2.37380E-01    4.60376E-01
    5     1.027426    2.98471E-01    4.12952E-01
    6     1.058580    4.71287E-02    3.80993E-01
    7     1.042956    6.99795E-02    3.44481E-01
    8     1.035766    5.86996E-02    2.95568E-01
    9     1.032369    5.18776E-02    2.47485E-01
   10     0.984145    5.63992E+00    2.03246E-01
   11     1.042681    1.79169E+00    1.40285E+02
   12     1.040830    1.26792E-01    1.00000E+00
   13     1.037024    7.18993E-02    3.56973E-01
   14     1.034814    4.30772E-02    2.56302E-01
   15     1.028370    1.33039E-01    1.71768E-01
   16     1.032113    5.20084E-02    1.18481E-01
   17     1.032026    1.14544E-02    6.10511E-02
   18     1.032106    9.52383E-03    3.28898E-02
   19     1.032171    9.20971E-03    2.23574E-02
   20     1.033073    1.38220E-01    1.61591E-02
   21     1.031635    6.43511E-02    1.20129E-01
   22     1.032196    1.92426E-02    4.16436E-02
   23     1.032431    1.09776E-02    1.09776E-02
   24     1.032555    9.48298E-03    1.03175E-02
   25     1.042036    9.84666E-01    9.32215E-03
   26     1.031701    4.43545E-01    7.39734E-01
   27     1.034474    4.62710E-02    2.82921E-01
   28     1.034822    1.12366E-02    6.66292E-02
   29     1.034802    9.34390E-03    4.59299E-02
   30     1.034375    4.14734E-02    2.57350E-02
   31     1.034598    1.16603E-02    3.58050E-02
   32     1.034488    4.62358E-03    1.42288E-02
   33     1.034462    3.91853E-03    8.26779E-03
   34     1.034446    3.63758E-03    7.32950E-03
   35     1.033087    4.19423E-01    6.40966E-03
   36     1.034940    1.98042E-01    3.47724E-01
   37     1.033753    2.00292E-02    1.37472E-01
   38     1.033606    6.84579E-03    2.59593E-02
   39     1.033625    5.51576E-03    1.93690E-02
   40     1.033867    2.80253E-02    9.17192E-03
   41     1.033717    8.44574E-03    2.37738E-02
   42     1.033781    3.30887E-03    6.56688E-03
   43     1.033793    2.28789E-03    4.30637E-03
   44     1.033798    1.94728E-03    4.35186E-03
   45     1.033849    2.46338E-02    3.79489E-03
   46     1.033748    1.18210E-02    2.08913E-02
   47     1.033831    1.91180E-03    7.44357E-03
   48     1.033847    9.23895E-04    4.03912E-03
   49     1.033851    7.08570E-04    3.38776E-03
   50     1.033877    1.80270E-02    2.41705E-03
   51     1.033777    9.16695E-03    1.55741E-02
   52     1.033858    1.05969E-03    5.97854E-03
   53     1.033880    3.66680E-04    2.32534E-03
   54     1.033886    2.57141E-04    2.03463E-03
   55     1.034144    2.16703E-02    1.34983E-03
   56     1.033833    1.29658E-02    1.88131E-02
   57     1.033933    1.34047E-03    8.66201E-03
   58     1.033951    3.02893E-04    2.13094E-03
   59     1.033953    2.59565E-04    1.71336E-03
   60     1.033942    2.22992E-03    9.69324E-04
   61     1.033952    7.87205E-04    1.92037E-03
   62     1.033946    1.17928E-04    4.19605E-04
   63     1.033944    9.40046E-05    2.09241E-04
   64     1.033944    9.30190E-05    1.89479E-04
   65     1.033936    2.07961E-03    1.62375E-04
   66     1.033950    8.07994E-04    1.81038E-03
   67     1.033942    9.60442E-05    4.80641E-04
   68     1.033939    3.94114E-05    2.63909E-04
   69     1.033939    3.32579E-05    2.34192E-04
   70     1.033924    1.81398E-03    1.61180E-04
   71     1.033943    8.38904E-04    1.56518E-03
   72     1.033936    9.95514E-05    5.57315E-04
   73     1.033934    2.60966E-05    1.90633E-04
   74     1.033934    1.87214E-05    1.56872E-04
   75     1.033934    2.17130E-04    8.89479E-05
   76     1.033934    9.63317E-05    1.81231E-04
   77     1.033934    1.08261E-05    5.55218E-05
   78     1.033934    7.15566E-06    1.54660E-05
   79     1.033934    6.67051E-06    1.00902E-05
   80     1.033934    1.97141E-04    8.89725E-06
   81     1.033934    9.22131E-05    1.65620E-04
   82     1.033934    1.10894E-05    5.07743E-05
   83     1.033934    5.29430E-06    2.42663E-05
   84     1.033934    4.05603E-06    1.19577E-05
   85     1.033934    1.04977E-04    5.76846E-06
   86     1.033934    6.16427E-05    8.99664E-05
   87     1.033934    5.38965E-06    4.09756E-05
   88     1.033934    3.35096E-06    7.34158E-06

 MULTIPLICATION EFFECTIVE (K-EFF) =  1.033934


     Radial Power Distribution
   ==============================
           1       2       3       4       5       6       7       8       9
     9                                                                        
     8   0.404   0.790   0.663                                                
     7   0.558   1.135   1.154   0.901   0.578                                
     6   0.563   1.243   1.284   1.087   0.819   0.559                        
     5   0.367   1.293   1.423   1.167   0.562   0.819   0.578                
     4   0.733   1.591   1.628   1.441   1.167   1.087   0.901                
     3   0.880   1.793   1.779   1.628   1.423   1.284   1.154   0.663        
     2   0.794   1.739   1.793   1.591   1.293   1.243   1.135   0.790        
     1   0.226   0.794   0.880   0.733   0.367   0.563   0.558   0.404        

   MAX POS.       Maximum Value
  (  2,  3)          1.793


     Axial Power Density Distribution
   ====================================

     Plane Number        Power      Height
    -----------------------------------------
         2  (TOP)        1.000       20.00
         1  (BOTTOM)     1.000       10.00

   MAX POS.       Maximum Value
    (  2)             1.000


     Radial Flux Distribution
   ==============================
    Group :   1
             1          2          3          4          5          6          7          8          9
     9   3.304E-03  3.138E-03  2.382E-03  9.583E-04                                                        
     8   1.190E-02  1.162E-02  9.826E-03  5.445E-03  2.436E-03  7.807E-04                                  
     7   1.713E-02  1.738E-02  1.691E-02  1.327E-02  8.546E-03  3.669E-03  8.891E-04                       
     6   1.756E-02  1.915E-02  1.971E-02  1.667E-02  1.217E-02  8.298E-03  3.669E-03  7.807E-04            
     5   1.567E-02  2.016E-02  2.188E-02  1.817E-02  1.194E-02  1.217E-02  8.546E-03  2.436E-03            
     4   2.284E-02  2.450E-02  2.504E-02  2.220E-02  1.817E-02  1.667E-02  1.327E-02  5.445E-03  9.583E-04 
     3   2.706E-02  2.758E-02  2.737E-02  2.504E-02  2.188E-02  1.971E-02  1.691E-02  9.826E-03  2.382E-03 
     2   2.476E-02  2.678E-02  2.758E-02  2.450E-02  2.016E-02  1.915E-02  1.738E-02  1.162E-02  3.138E-03 
     1   1.930E-02  2.476E-02  2.706E-02  2.284E-02  1.567E-02  1.756E-02  1.713E-02  1.190E-02  3.304E-03 

    Group :   2
             1          2          3          4          5          6          7          8          9
     9   1.835E-03  1.751E-03  1.308E-03  3.298E-04                                                        
     8   1.286E-02  1.256E-02  1.055E-02  3.364E-03  1.298E-03  2.800E-04                                  
     7   1.776E-02  1.805E-02  1.836E-02  1.434E-02  9.188E-03  2.281E-03  3.140E-04                       
     6   1.790E-02  1.978E-02  2.043E-02  1.729E-02  1.302E-02  8.887E-03  2.281E-03  2.800E-04            
     5   1.168E-02  2.056E-02  2.263E-02  1.857E-02  8.936E-03  1.302E-02  9.188E-03  1.298E-03            
     4   2.333E-02  2.531E-02  2.589E-02  2.293E-02  1.857E-02  1.729E-02  1.434E-02  3.364E-03  3.298E-04 
     3   2.798E-02  2.852E-02  2.830E-02  2.589E-02  2.263E-02  2.043E-02  1.836E-02  1.055E-02  1.308E-03 
     2   2.526E-02  2.766E-02  2.852E-02  2.531E-02  2.056E-02  1.978E-02  1.805E-02  1.256E-02  1.751E-03 
     1   1.441E-02  2.526E-02  2.798E-02  2.333E-02  1.168E-02  1.790E-02  1.776E-02  1.286E-02  1.835E-03 



 Total time :   0.10919999999999999       seconds
