                       ###########################################################
                       #                     ADPRES 1.1                          #
                       #        ABU DHABI POLYTECHNIC REACTOR SIMULATOR          #
                       ###########################################################  


  ========================================INPUT DATA STARTS HERE=====================================
     1: ! CALCULATION MODE CARD                                                                             
     2: %MODE                                                                                               
     3: RODEJECT                                                                                            
     4:                                                                                                     
     5: ! CASE CARD                                                                                         
     6: %CASE                                                                                               
     7: NEACRP Problem                                                                                      
     8: 10.803 CM NODE SIZE                                                                                 
     9:                                                                                                     
    10: ! XSEC CARD                                                                                         
    11: %XSEC                                                                                               
    12: 2  11    ! Number of groups and number of materials                                                 
    13: !  sigtr        siga        nu*sigf     kappa*sigf  chi sigs_g1 sigs_g2                             
    14: 5.32058E-02  3.73279E-04  0.00000E+00  0.00000E+00  1.0  0.0  2.64554E-02                           
    15: 3.86406E-01  1.77215E-02  0.00000E+00  0.00000E+00  0.0  0.0  0.00000E+00  !COMP 1                  
    16: 2.95609E-01  1.18782E-03  0.00000E+00  0.00000E+00  1.0  0.0  2.31613E-02                           
    17: 2.45931E+00  2.52618E-01  0.00000E+00  0.00000E+00  0.0  0.0  0.00000E+00  !COMP 2                  
    18: 2.95609E-01  1.18782E-03  0.00000E+00  0.00000E+00  1.0  0.0  2.00808E-02                           
    19: 2.45931E+00  2.52618E-01  0.00000E+00  0.00000E+00  0.0  0.0  0.00000E+00  !COMP 3                  
    20: 2.22117E-01  8.71774E-03  4.98277E-03  6.11190E-14  1.0  0.0  1.82498E-02                           
    21: 8.03140E-01  6.52550E-02  8.39026E-02  1.10152E-12  0.0  0.0  0.00000E+00  !COMP 4                  
    22: 2.21914E-01  9.06133E-03  5.57659E-03  6.89181E-14  1.0  0.0  1.80040E-02                           
    23: 7.95538E-01  7.23354E-02  9.98629E-02  1.31106E-12  0.0  0.0  0.00000E+00  !COMP 5                  
    24: 2.21715E-01  9.38496E-03  6.15047E-03  7.64603E-14  1.0  0.0  1.77670E-02                           
    25: 7.89253E-01  7.89203E-02  1.14667E-01  1.50541E-12  0.0  0.0  0.00000E+00  !COMP 6                  
    26: 2.22039E-01  9.31692E-03  5.55010E-03  6.86391E-14  1.0  0.0  1.71381E-02                           
    27: 7.76230E-01  7.96328E-02  9.85576E-02  1.29393E-12  0.0  0.0  0.00000E+00  !COMP 7                  
    28: 2.22083E-01  9.40032E-03  5.54083E-03  6.85391E-14  1.0  0.0  1.68501E-02                           
    29: 7.69969E-01  8.21087E-02  9.80059E-02  1.28669E-12  0.0  0.0  0.00000E+00  !COMP 8                  
    30: 2.22127E-01  9.48286E-03  5.53137E-03  6.84379E-14  1.0  0.0  1.65626E-02                           
    31: 7.63813E-01  8.45912E-02  9.74109E-02  1.27888E-12  0.0  0.0  0.00000E+00  !COMP 9                  
    32: 2.21836E-01  9.63720E-03  6.12382E-03  7.61794E-14  1.0  0.0  1.69043E-02                           
    33: 7.70705E-01  8.61187E-02  1.13241E-01  1.48670E-12  0.0  0.0  0.00000E+00  !COMP 10                 
    34: 2.21878E-01  9.71937E-03  6.11444E-03  7.60778E-14  1.0  0.0  1.66175E-02                           
    35: 7.64704E-01  8.85488E-02  1.12635E-01  1.47876E-12  0.0  0.0  0.00000E+00  !COMP 11                 
    36:                                                                                                     
    37: ! GEOMETRY CARD                                                                                     
    38: %GEOM                                                                                               
    39: 17 9 18               !nx, ny, nz                                                                   
    40: 17*21.606             !x-direction assembly size in cm                                              
    41:   17*2                !x-direction assembly divided 2x2                                             
    42: 8*21.606 10.803       !y-direction assembly size in cm                                              
    43:   8*2       1         !y-direction assembly divided 2x2                                             
    44: 30.  7.7  11.0  15.0  10*30.0  2*12.8  8.0  30.      !z-direction size  in cm (from bottom to top)  
    45: 18*1                 !z-direction assembly divided into 20 cm each                                  
    46: 3                    !np number of planar type                                                      
    47: 1  2  15*3  1        !planar assignment (from bottom to top)                                        
    48: ! Planar_Reg 1                                                                                      
    49: 2  1  1  1  1  1  1  1  1  1  1  1  1  1  1  1  2                                                   
    50: 2  1  1  1  1  1  1  1  1  1  1  1  1  1  1  1  2                                                   
    51: 2  3  1  1  1  1  1  1  1  1  1  1  1  1  1  3  2                                                   
    52: 0  2  1  1  1  1  1  1  1  1  1  1  1  1  1  2  0                                                   
    53: 0  2  3  1  1  1  1  1  1  1  1  1  1  1  3  2  0                                                   
    54: 0  0  2  3  1  1  1  1  1  1  1  1  1  3  2  0  0                                                   
    55: 0  0  0  2  3  1  1  1  1  1  1  1  3  2  0  0  0                                                   
    56: 0  0  0  0  2  2  3  1  1  1  3  2  2  0  0  0  0                                                   
    57: 0  0  0  0  0  0  2  2  2  2  2  0  0  0  0  0  0                                                   
    58: ! Planar_Reg 2                                                                                      
    59: 2  6  4  5  4  5  4  5  4  5  4  5  4  5  4  6  2                                                   
    60: 2  6  6  4  5  4  5  4  5  4  5  4  5  4  6  6  2                                                   
    61: 2  3  6  5  4  5  4  5  4  5  4  5  4  5  6  3  2                                                   
    62: 0  2  6  6  5  4  5  4  5  4  5  4  5  6  6  2  0                                                   
    63: 0  2  3  6  4  5  4  5  4  5  4  5  4  6  3  2  0                                                   
    64: 0  0  2  3  6  6  5  4  5  4  5  6  6  3  2  0  0                                                   
    65: 0  0  0  2  3  6  6  6  4  6  6  6  3  2  0  0  0                                                   
    66: 0  0  0  0  2  2  3  6  6  6  3  2  2  0  0  0  0                                                   
    67: 0  0  0  0  0  0  2  2  2  2  2  0  0  0  0  0  0                                                   
    68: ! Planar_Reg 3                                                                                      
    69: 2  6  4  7  4  9  4  9  4  9  4  9  4  7  4  6  2                                                   
    70: 2  6 11  4  8  4  8  4  9  4  8  4  8  4 11  6  2                                                   
    71: 2  3  6  8  4  8  4  8  4  8  4  8  4  8  6  3  2                                                   
    72: 0  2  6 10  8  4  8  4  9  4  8  4  8 10  6  2  0                                                   
    73: 0  2  3  6  4  8  4  8  4  8  4  8  4  6  3  2  0                                                   
    74: 0  0  2  3  6 10  8  4  7  4  8 10  6  3  2  0  0                                                   
    75: 0  0  0  2  3  6  6 11  4 11  6  6  3  2  0  0  0                                                   
    76: 0  0  0  0  2  2  3  6  6  6  3  2  2  0  0  0  0                                                   
    77: 0  0  0  0  0  0  2  2  2  2  2  0  0  0  0  0  0                                                   
    78: ! Boundary conditions (east), (west), (north), (south), (bottom), (top)                             
    79: 0 0 2 0 0 0                                                                                         
    80:                                                                                                     
    81: ! CONTROL CARD                                                                                      
    82: %CROD                                                                                               
    83: 8  228.                        ! Number of CR banks and max number of banks                         
    84: 37.7 1.5942237                ! Zero step pos. (cm) and cm/step (total 228 steps)                   
    85: 0.  0.  0.  228.  0.  228.  0.  0.           ! CR Bank pos.                                         
    86: 0  0  3  0  0  0  2  0  1  0  2  0  0  0  8  0  0                                                   
    87: 0  0  0  6  0  0  0  4  0  4  0  0  0  6  0  0  0                                                   
    88: 0  0  6  0  6  0  5  0  2  0  5  0  6  0  6  0  0                                                   
    89: 0  0  0  0  0  4  0  0  0  0  0  4  0  0  0  0  0                                                   
    90: 0  0  0  0  7  0  6  0  0  0  6  0  7  0  0  0  0                                                   
    91: 0  0  0  0  0  0  0  6  0  6  0  0  0  0  0  0  0                                                   
    92: 0  0  0  0  0  0  6  0  3  0  6  0  0  0  0  0  0                                                   
    93: 0  0  0  0  0  0  0  0  0  0  0  0  0  0  0  0  0                                                   
    94: 0  0  0  0  0  0  0  0  0  0  0  0  0  0  0  0  0                                                   
    95: ! CX changes                                                                                        
    96: !  sigtr        siga        nu*sigf        kappa*sigf      sigs_g1   sigs_g2                        
    97:  3.73220E-03  2.47770E-03  -1.02786E-04  -1.21448E-15  0.0  -3.19253E-03                            
    98: -2.19926E-02  2.55875E-02  -2.82319E-03  -3.70238E-14  0.0   0.00000E+00    !COMP 1                 
    99:  3.73220E-03  2.47770E-03  -1.02786E-04  -1.21448E-15  0.0  -3.19253E-03                            
   100: -2.19926E-02  2.55875E-02  -2.82319E-03  -3.70238E-14  0.0   0.00000E+00    !COMP 2                 
   101:  3.73220E-03  2.47770E-03  -1.02786E-04  -1.21448E-15  0.0  -3.19253E-03                            
   102: -2.19926E-02  2.55875E-02  -2.82319E-03  -3.70238E-14  0.0   0.00000E+00    !COMP 3                 
   103:  3.73220E-03  2.47770E-03  -1.02786E-04  -1.21448E-15  0.0  -3.19253E-03                            
   104: -2.19926E-02  2.55875E-02  -2.82319E-03  -3.70238E-14  0.0   0.00000E+00    !COMP 4                 
   105:  3.73220E-03  2.47770E-03  -1.02786E-04  -1.21448E-15  0.0  -3.19253E-03                            
   106: -2.19926E-02  2.55875E-02  -2.82319E-03  -3.70238E-14  0.0   0.00000E+00    !COMP 5                 
   107:  3.74092E-03  2.42926E-03  -1.22634E-04  -1.47557E-15  0.0  -3.14239E-03                            
   108: -1.67503E-02  2.56478E-02  -3.28086E-03  -4.30444E-14  0.0   0.00000E+00    !COMP 6                 
   109:  3.73220E-03  2.47770E-03  -1.02786E-04  -1.21448E-15  0.0  -3.19253E-03                            
   110: -2.19926E-02  2.55875E-02  -2.82319E-03  -3.70238E-14  0.0   0.00000E+00    !COMP 7                 
   111:  3.73220E-03  2.47770E-03  -1.02786E-04  -1.21448E-15  0.0  -3.19253E-03                            
   112: -2.19926E-02  2.55875E-02  -2.82319E-03  -3.70238E-14  0.0   0.00000E+00    !COMP 8                 
   113:  3.73220E-03  2.47770E-03  -1.02786E-04  -1.21448E-15  0.0  -3.19253E-03                            
   114: -2.19926E-02  2.55875E-02  -2.82319E-03  -3.70238E-14  0.0   0.00000E+00    !COMP 9                 
   115:  3.73220E-03  2.47770E-03  -1.02786E-04  -1.21448E-15  0.0  -3.19253E-03                            
   116: -2.19926E-02  2.55875E-02  -2.82319E-03  -3.70238E-14  0.0   0.00000E+00    !COMP 10                
   117:  3.73220E-03  2.47770E-03  -1.02786E-04  -1.21448E-15  0.0  -3.19253E-03                            
   118: -2.19926E-02  2.55875E-02  -2.82319E-03  -3.70238E-14  0.0   0.00000E+00    !COMP 11                
   119: 1                                                                                                   
   120:                                                                                                     
   121: ! CRITICAL BORON SEARCH CARD                                                                        
   122: %BCON                                                                                               
   123: 1131.80  1200.2  ! BC and BC ref. in ppm                                                            
   124: ! CX change per unit ppm change of Boron concentration                                              
   125: !  sigtr          siga         nu*sigf    kappa*sigf  sigs_g1   sigs_g2                             
   126:  6.11833E-08  1.87731E-07   0.00000E+00   0.00000E+00  0.0   7.91457E-10                            
   127:  5.17535E-06  1.02635E-05   0.00000E+00   0.00000E+00  0.0   0.00000E+00    !COMP 1                 
   128:  0.00000E+00  0.00000E+00   0.00000E+00   0.00000E+00  0.0   0.00000E+00                            
   129:  7.76184E-04  8.44695E-05   0.00000E+00   0.00000E+00  0.0   0.00000E+00    !COMP 2                 
   130:  0.00000E+00  0.00000E+00   0.00000E+00   0.00000E+00  0.0   0.00000E+00                            
   131:  7.76184E-04  8.44695E-05   0.00000E+00   0.00000E+00  0.0   0.00000E+00    !COMP 3                 
   132:  3.47809E-08  1.28505E-07  -1.12099E-09  -1.76188E-20  0.0  -1.08590E-07                            
   133: -9.76510E-06  7.08807E-06  -2.43045E-06  -3.19085E-17  0.0   0.00000E+00    !COMP 4                 
   134:  3.53826E-08  1.26709E-07  -1.67880E-09  -2.49965E-20  0.0  -1.06951E-07                            
   135: -8.50169E-06  6.82311E-06  -2.72445E-06  -3.57680E-17  0.0   0.00000E+00    !COMP 5                 
   136:  3.59838E-08  1.24986E-07  -2.21038E-09  -3.20225E-20  0.0  -1.05374E-07                            
   137: -7.46251E-06  6.59798E-06  -2.95883E-06  -3.88451E-17  0.0   0.00000E+00    !COMP 6                 
   138:  3.37806E-08  1.19869E-07  -1.71323E-09  -2.49965E-20  0.0  -1.00873E-07                            
   139: -6.73744E-06  6.29310E-06  -2.55359E-06  -3.35223E-17  0.0   0.00000E+00    !COMP 7                 
   140:  3.32495E-08  1.17585E-07  -1.72421E-09  -2.54896E-20  0.0  -9.88578E-08                            
   141: -6.19725E-06  6.11904E-06  -2.48880E-06  -3.26704E-17  0.0   0.00000E+00    !COMP 8                 
   142:  3.27201E-08  1.15319E-07  -1.73502E-09  -2.56049E-20  0.0  -9.68489E-08                            
   143: -5.68220E-06  5.94711E-06  -2.42240E-06  -3.17976E-17  0.0   0.00000E+00    !COMP 9                 
   144:  3.43859E-08  1.18186E-07  -2.24335E-09  -3.20225E-20  0.0  -9.93312E-08                            
   145: -5.86898E-06  6.08443E-06  -2.77657E-06  -3.64509E-17  0.0   0.00000E+00    !COMP 10                
   146:  3.38559E-08  1.15917E-07  -2.25369E-09  -3.24873E-20  0.0  -9.73291E-08                            
   147: -5.38345E-06  5.91697E-06  -2.70780E-06  -3.55476E-17  0.0   0.00000E+00    !COMP 11                
   148: 1                                                                                                   
   149:                                                                                                     
   150: ! FUEL TEMPERATURE CARD                                                                             
   151: %FTEM                                                                                               
   152: 891.19  891.45  ! Average Fuel Temperature and fuel temperature Ref. in Kelvin                      
   153: ! CX change per Fuel Temperature Changes                                                            
   154: !  sigtr          siga         nu*sigf     kappa*sigf sigs_g1   sigs_g2                             
   155:  0.00000E+00   0.00000E+00   0.00000E+00   0.00000E+00  0.0   0.00000E+00                           
   156:  0.00000E+00   0.00000E+00   0.00000E+00   0.00000E+00  0.0   0.00000E+00    !COMP 1                
   157:  0.00000E+00   0.00000E+00   0.00000E+00   0.00000E+00  0.0   0.00000E+00                           
   158:  0.00000E+00   0.00000E+00   0.00000E+00   0.00000E+00  0.0   0.00000E+00    !COMP 2                
   159:  0.00000E+00   0.00000E+00   0.00000E+00   0.00000E+00  0.0   0.00000E+00                           
   160:  0.00000E+00   0.00000E+00   0.00000E+00   0.00000E+00  0.0   0.00000E+00    !COMP 3                
   161: -3.09197E-05   3.49709E-05   6.40134E-07   7.15412E-18  0.0  -2.75536E-05                           
   162: -0.000137292  -3.71806E-05  -5.63037E-05  -7.39188E-16  0.0   0.00000E+00    !COMP 4                
   163: -3.08607E-05   3.51798E-05   9.97431E-07   1.18685E-17  0.0  -2.76766E-05                           
   164: -0.000117481  -3.77039E-05  -6.04155E-05  -7.93170E-16  0.0   0.00000E+00    !COMP 5                
   165: -3.09165E-05   3.53841E-05   1.41847E-06   1.74269E-17  0.0  -2.78390E-05                           
   166: -0.000101337  -3.77558E-05  -0.000063096  -8.28363E-16  0.0   0.00000E+00    !COMP 6                
   167: -3.13746E-05   3.48699E-05   9.45431E-07   1.18685E-17  0.0  -2.73550E-05                           
   168: -0.000108271  -3.72748E-05  -5.79662E-05  -7.60849E-16  0.0   0.00000E+00    !COMP 7                
   169: -3.15503E-05   3.47274E-05   9.26078E-07   1.08935E-17  0.0  -2.72381E-05                           
   170: -0.000105521  -3.71808E-05  -5.71108E-05  -7.49575E-16  0.0   0.00000E+00    !COMP 8                
   171: -3.17281E-05   3.46026E-05   9.05802E-07   1.06166E-17  0.0  -2.71169E-05                           
   172: -0.000102525  -3.70201E-05  -5.61543E-05  -7.36969E-16  0.0   0.00000E+00    !COMP 9                
   173: -3.14192E-05   3.50637E-05   1.35642E-06   1.74269E-17  0.0  -2.75049E-05                           
   174: -9.38886E-05  -3.71403E-05  -6.05052E-05  -7.94252E-16  0.0   0.00000E+00    !COMP 10               
   175: -3.15908E-05   3.49119E-05   1.33336E-06   1.62769E-17  0.0  -2.73835E-05                           
   176: -9.17126E-05  -3.69909E-05  -5.96284E-05  -7.82716E-16  0.0   0.00000E+00    !COMP 11               
   177:                                                                                                     
   178: ! MODERATOR TEMPERATURE CARD                                                                        
   179: %MTEM                                                                                               
   180: 559.19  579.75  ! Average Moderator Temperature and Moderator temperature Ref. Kelvin               
   181: ! CX change per Moderator Temperature Changes                                                       
   182: !  sigtr          siga         nu*sigf     kappa*sigf  sigs_g1   sigs_g2                            
   183:  0.00000E+00   0.00000E+00   0.00000E+00   0.00000E+00  0.0  0.00000E+00                            
   184:  0.00000E+00   0.00000E+00   0.00000E+00   0.00000E+00  0.0  0.00000E+00    !COMP 1                 
   185:  0.00000E+00   0.00000E+00   0.00000E+00   0.00000E+00  0.0  0.00000E+00                            
   186:  0.00000E+00   0.00000E+00   0.00000E+00   0.00000E+00  0.0  0.00000E+00    !COMP 2                 
   187:  0.00000E+00   0.00000E+00   0.00000E+00   0.00000E+00  0.0  0.00000E+00                            
   188:  0.00000E+00   0.00000E+00   0.00000E+00   0.00000E+00  0.0  0.00000E+00    !COMP 3                 
   189: -2.03310E-06   2.12191E-07   1.24709E-07   1.43035E-18  0.0  8.09676E-07                            
   190: -1.08674E-04  -3.15597E-05  -4.16439E-05  -5.46722E-16  0.0  0.00000E+00    !COMP 4                 
   191: -1.98080E-06   2.26000E-07   1.35145E-07   1.56896E-18  0.0  8.58474E-07                            
   192: -9.06150E-05  -3.21435E-05  -4.53102E-05  -5.94857E-16  0.0  0.00000E+00    !COMP 5                 
   193: -1.92434E-06   2.39939E-07   1.49084E-07   1.75422E-18  0.0  9.03494E-07                            
   194: -7.62786E-05  -3.23776E-05  -4.78475E-05  -6.28174E-16  0.0  0.00000E+00    !COMP 6                 
   195: -2.69634E-06   2.48530E-07   1.40773E-07   1.56896E-18  0.0  7.01311E-07                            
   196: -7.62435E-05  -3.00119E-05  -4.20202E-05  -5.51669E-16  0.0  0.00000E+00    !COMP 7                 
   197: -3.07905E-06   2.61854E-07   1.43235E-07   1.67897E-18  0.0  6.17380E-07                            
   198: -7.33397E-05  -2.91929E-05  -4.07701E-05  -5.35261E-16  0.0  0.00000E+00    !COMP 8                 
   199: -3.53877E-06   2.74313E-07   1.46019E-07   1.71665E-18  0.0  5.16547E-07                            
   200: -7.13711E-05  -2.83041E-05  -3.94319E-05  -5.17689E-16  0.0  0.00000E+00    !COMP 9                 
   201: -2.63907E-06   2.64289E-07   1.55858E-07   1.75422E-18  0.0  7.44320E-07                            
   202: -6.39554E-05  -3.03509E-05  -4.44431E-05  -5.83483E-16  0.0  0.00000E+00    !COMP 10                
   203: -3.02147E-06   2.79060E-07   1.58814E-07   1.88528E-18  0.0  6.59521E-07                            
   204: -6.16984E-05  -2.95626E-05  -4.31588E-05  -5.66622E-16  0.0  0.00000E+00    !COMP 11                
   205:                                                                                                     
   206: ! COOLANT DENSITY CARD                                                                              
   207: %CDEN                                                                                               
   208: 0.7464  0.7125  ! Average Coolant Density and Coolant Density Ref. in g/cm3                         
   209: ! CX change per Coolant Density Changes                                                             
   210: !  sigtr          siga         nu*sigf  kappa*sigf sigs_g1   sigs_g2                                
   211: 7.45756E-02  2.07688E-04  0.00000E+00  0.00000E+00  0.0  3.71310E-02                                
   212: 5.33634E-01  7.58421E-03  0.00000E+00  0.00000E+00  0.0  0.00000E+00    !COMP 1                     
   213: 0.00000E+00  0.00000E+00  0.00000E+00  0.00000E+00  0.0  0.00000E+00                                
   214: 0.00000E+00  0.00000E+00  0.00000E+00  0.00000E+00  0.0  0.00000E+00    !COMP 2                     
   215: 0.00000E+00  0.00000E+00  0.00000E+00  0.00000E+00  0.0  0.00000E+00                                
   216: 0.00000E+00  0.00000E+00  0.00000E+00  0.00000E+00  0.0  0.00000E+00    !COMP 3                     
   217: 1.35665E-01  1.55185E-03  9.20694E-04  1.02392E-14  0.0  2.93195E-02                                
   218: 9.92628E-01  2.52662E-02  2.47746E-02  3.25255E-13  0.0  0.00000E+00    !COMP 4                     
   219: 1.35748E-01  1.61491E-03  9.64160E-04  1.08141E-14  0.0  2.92696E-02                                
   220: 9.81985E-01  2.86667E-02  3.14993E-02  4.13542E-13  0.0  0.00000E+00    !COMP 5                     
   221: 1.35827E-01  1.68015E-03  1.01410E-03  1.14771E-14  0.0  2.92154E-02                                
   222: 9.72267E-01  3.19571E-02  3.81097E-02  5.00328E-13  0.0  0.00000E+00    !COMP 6                     
   223: 1.31033E-01  1.68397E-03  9.81951E-04  1.08141E-14  0.0  2.82489E-02                                
   224: 9.34697E-01  3.14240E-02  3.51588E-02  4.61715E-13  0.0  0.00000E+00    !COMP 7                     
   225: 1.29379E-01  1.71972E-03  9.88437E-04  1.11322E-14  0.0  2.78895E-02                                
   226: 9.18171E-01  3.24715E-02  3.63251E-02  4.77078E-13  0.0  0.00000E+00    !COMP 8                     
   227: 1.27682E-01  1.74989E-03  9.95175E-04  1.12209E-14  0.0  2.75202E-02                                
   228: 9.01293E-01  3.35945E-02  3.74499E-02  4.91900E-13  0.0  0.00000E+00    !COMP 9                     
   229: 1.31116E-01  1.75528E-03  1.03522E-03  1.14771E-14  0.0  2.81877E-02                                
   230: 9.24925E-01  3.49853E-02  4.20693E-02  5.52387E-13  0.0  0.00000E+00    !COMP 10                    
   231: 1.29463E-01  1.79499E-03  1.04291E-03  1.18534E-14  0.0  2.78259E-02                                
   232: 9.08456E-01  3.61032E-02  4.33215E-02  5.68857E-13  0.0  0.00000E+00    !COMP 11                    
   233:                                                                                                     
   234: ! THERMAL-HYDRAULIC CARD                                                                            
   235: %THER                                                                                               
   236: 0.0001                                 ! Percent power in %                                         
   237: 1387.5e6                               ! Reactor thermal power for half geometry in Watt            
   238: 559.15  82.12102                       ! Inlet coolant temp. (Kelvin) and Fuel Assembly Mass flow ra
   239: 4.11950E-03  6.8E-05  5.71E-04  1.2655E-2 ! Fuel meat rad., gap thinkness, cladding thinkness and pi
   240: 264  25                                ! Number of fuel pin and guide tubes                         
   241: 0.019                                  ! FRACTION OF HEAT DEPOSITED IN COOLANT                      
   242: 1                                                                                                   
   243:                                                                                                     
   244: %EJCT                                                                                               
   245: ! Final Bank Pos (steps)     Starts Move (seconds)     Speed (steps/seconds)                        
   246:      0.                       0.0                     0.0       ! Bank 1                            
   247:      0.                       0.0                     0.0       ! Bank 2                            
   248:      0.                       0.0                     0.0       ! Bank 3                            
   249:      228.                     0.0                     0.0       ! Bank 4                            
   250:      0.                       0.0                     0.0       ! Bank 5                            
   251:      228.                     0.0                     0.0       ! Bank 6                            
   252:      0.                       0.0                     0.0       ! Bank 7                            
   253:      228.                     0.0                  2280.0       ! Bank 8                            
   254: 5.  0.005  1.0  0.05            ! (seconds) total time, 1st time step, when to start 2nd time step, 
   255: 0.0002584 0.00152 0.0013908 0.0030704 0.001102 0.0002584 !beta                                      
   256: 0.0128  0.0318  0.119   0.3181  1.4027  3.9286           !decay constants                           
   257: 2.8E7    4.4E5     ! Neutron velocity                                                               
   258: 1                                                                                                   
  ========================================INPUT DATA   ENDS HERE=====================================



                                             START READING INPUT
  ***************************************************************************************************
  CALCULATION MODE :                 ROD EJECTION CALCULATION

  CASE ID :   NEACRP Problem                                                                                    
   10.803 CM NODE SIZE                                                                               


            >>>> READING MACROSCOPIC CROSS SECTIONS <<<<
            --------------------------------------------

     MATERIAL  1
    GROUP   TRANSPORT    DIFFUSION  ABSORPTION    REMOVAL      NU*FISS      KAP*FIS    FISS. SPCTR
       1     0.053206    6.264981    0.000373    0.026829     0.000000     0.000000     1.000000
       2     0.386406    0.862651    0.017722    0.017722     0.000000     0.000000     0.000000
   --SCATTERING MATRIX--
     G/G'          1          2
      1        0.000000    0.026455
      2        0.000000    0.000000

     MATERIAL  2
    GROUP   TRANSPORT    DIFFUSION  ABSORPTION    REMOVAL      NU*FISS      KAP*FIS    FISS. SPCTR
       1     0.295609    1.127616    0.001188    0.024349     0.000000     0.000000     1.000000
       2     2.459310    0.135539    0.252618    0.252618     0.000000     0.000000     0.000000
   --SCATTERING MATRIX--
     G/G'          1          2
      1        0.000000    0.023161
      2        0.000000    0.000000

     MATERIAL  3
    GROUP   TRANSPORT    DIFFUSION  ABSORPTION    REMOVAL      NU*FISS      KAP*FIS    FISS. SPCTR
       1     0.295609    1.127616    0.001188    0.021269     0.000000     0.000000     1.000000
       2     2.459310    0.135539    0.252618    0.252618     0.000000     0.000000     0.000000
   --SCATTERING MATRIX--
     G/G'          1          2
      1        0.000000    0.020081
      2        0.000000    0.000000

     MATERIAL  4
    GROUP   TRANSPORT    DIFFUSION  ABSORPTION    REMOVAL      NU*FISS      KAP*FIS    FISS. SPCTR
       1     0.222117    1.500711    0.008718    0.026968     0.004983     0.000000     1.000000
       2     0.803140    0.415038    0.065255    0.065255     0.083903     0.000000     0.000000
   --SCATTERING MATRIX--
     G/G'          1          2
      1        0.000000    0.018250
      2        0.000000    0.000000

     MATERIAL  5
    GROUP   TRANSPORT    DIFFUSION  ABSORPTION    REMOVAL      NU*FISS      KAP*FIS    FISS. SPCTR
       1     0.221914    1.502083    0.009061    0.027065     0.005577     0.000000     1.000000
       2     0.795538    0.419004    0.072335    0.072335     0.099863     0.000000     0.000000
   --SCATTERING MATRIX--
     G/G'          1          2
      1        0.000000    0.018004
      2        0.000000    0.000000

     MATERIAL  6
    GROUP   TRANSPORT    DIFFUSION  ABSORPTION    REMOVAL      NU*FISS      KAP*FIS    FISS. SPCTR
       1     0.221715    1.503432    0.009385    0.027152     0.006150     0.000000     1.000000
       2     0.789253    0.422340    0.078920    0.078920     0.114667     0.000000     0.000000
   --SCATTERING MATRIX--
     G/G'          1          2
      1        0.000000    0.017767
      2        0.000000    0.000000

     MATERIAL  7
    GROUP   TRANSPORT    DIFFUSION  ABSORPTION    REMOVAL      NU*FISS      KAP*FIS    FISS. SPCTR
       1     0.222039    1.501238    0.009317    0.026455     0.005550     0.000000     1.000000
       2     0.776230    0.429426    0.079633    0.079633     0.098558     0.000000     0.000000
   --SCATTERING MATRIX--
     G/G'          1          2
      1        0.000000    0.017138
      2        0.000000    0.000000

     MATERIAL  8
    GROUP   TRANSPORT    DIFFUSION  ABSORPTION    REMOVAL      NU*FISS      KAP*FIS    FISS. SPCTR
       1     0.222083    1.500940    0.009400    0.026250     0.005541     0.000000     1.000000
       2     0.769969    0.432918    0.082109    0.082109     0.098006     0.000000     0.000000
   --SCATTERING MATRIX--
     G/G'          1          2
      1        0.000000    0.016850
      2        0.000000    0.000000

     MATERIAL  9
    GROUP   TRANSPORT    DIFFUSION  ABSORPTION    REMOVAL      NU*FISS      KAP*FIS    FISS. SPCTR
       1     0.222127    1.500643    0.009483    0.026045     0.005531     0.000000     1.000000
       2     0.763813    0.436407    0.084591    0.084591     0.097411     0.000000     0.000000
   --SCATTERING MATRIX--
     G/G'          1          2
      1        0.000000    0.016563
      2        0.000000    0.000000

     MATERIAL 10
    GROUP   TRANSPORT    DIFFUSION  ABSORPTION    REMOVAL      NU*FISS      KAP*FIS    FISS. SPCTR
       1     0.221836    1.502612    0.009637    0.026542     0.006124     0.000000     1.000000
       2     0.770705    0.432504    0.086119    0.086119     0.113241     0.000000     0.000000
   --SCATTERING MATRIX--
     G/G'          1          2
      1        0.000000    0.016904
      2        0.000000    0.000000

     MATERIAL 11
    GROUP   TRANSPORT    DIFFUSION  ABSORPTION    REMOVAL      NU*FISS      KAP*FIS    FISS. SPCTR
       1     0.221878    1.502327    0.009719    0.026337     0.006114     0.000000     1.000000
       2     0.764704    0.435899    0.088549    0.088549     0.112635     0.000000     0.000000
   --SCATTERING MATRIX--
     G/G'          1          2
      1        0.000000    0.016618
      2        0.000000    0.000000

  ...Macroscopic CX Card is sucessfully read...


            >>>>>READING CORE GEOMETRY<<<<<
            -------------------------------
  Number of assembly in x, y and z directions respectively :
          17           9          18
  Number of nodes in x, y and z directions respectively :
          34          17          18

  x-directed nodes divison (delta-x)
    10.80  10.80  10.80  10.80  10.80  10.80  10.80  10.80  10.80  10.80
    10.80  10.80  10.80  10.80  10.80  10.80  10.80  10.80  10.80  10.80
    10.80  10.80  10.80  10.80  10.80  10.80  10.80  10.80  10.80  10.80
    10.80  10.80  10.80  10.80
  y-directed nodes divison (delta-y)
    10.80  10.80  10.80  10.80  10.80  10.80  10.80  10.80  10.80  10.80
    10.80  10.80  10.80  10.80  10.80  10.80  10.80

  Planar Region :  1
        1  2  3  4  5  6  7  8  9 10 11 12 13 14 15 16 17 18 19 20 21 22 23 24 25 26 27 28 29 30 31 32 33 34
    17  2  2  1  1  1  1  1  1  1  1  1  1  1  1  1  1  1  1  1  1  1  1  1  1  1  1  1  1  1  1  1  1  2  2 
    16  2  2  1  1  1  1  1  1  1  1  1  1  1  1  1  1  1  1  1  1  1  1  1  1  1  1  1  1  1  1  1  1  2  2 
    15  2  2  1  1  1  1  1  1  1  1  1  1  1  1  1  1  1  1  1  1  1  1  1  1  1  1  1  1  1  1  1  1  2  2 
    14  2  2  3  3  1  1  1  1  1  1  1  1  1  1  1  1  1  1  1  1  1  1  1  1  1  1  1  1  1  1  3  3  2  2 
    13  2  2  3  3  1  1  1  1  1  1  1  1  1  1  1  1  1  1  1  1  1  1  1  1  1  1  1  1  1  1  3  3  2  2 
    12        2  2  1  1  1  1  1  1  1  1  1  1  1  1  1  1  1  1  1  1  1  1  1  1  1  1  1  1  2  2       
    11        2  2  1  1  1  1  1  1  1  1  1  1  1  1  1  1  1  1  1  1  1  1  1  1  1  1  1  1  2  2       
    10        2  2  3  3  1  1  1  1  1  1  1  1  1  1  1  1  1  1  1  1  1  1  1  1  1  1  3  3  2  2       
     9        2  2  3  3  1  1  1  1  1  1  1  1  1  1  1  1  1  1  1  1  1  1  1  1  1  1  3  3  2  2       
     8              2  2  3  3  1  1  1  1  1  1  1  1  1  1  1  1  1  1  1  1  1  1  3  3  2  2             
     7              2  2  3  3  1  1  1  1  1  1  1  1  1  1  1  1  1  1  1  1  1  1  3  3  2  2             
     6                    2  2  3  3  1  1  1  1  1  1  1  1  1  1  1  1  1  1  3  3  2  2                   
     5                    2  2  3  3  1  1  1  1  1  1  1  1  1  1  1  1  1  1  3  3  2  2                   
     4                          2  2  2  2  3  3  1  1  1  1  1  1  3  3  2  2  2  2                         
     3                          2  2  2  2  3  3  1  1  1  1  1  1  3  3  2  2  2  2                         
     2                                      2  2  2  2  2  2  2  2  2  2                                     
     1                                      2  2  2  2  2  2  2  2  2  2                                     
  Planar Region :  2
        1  2  3  4  5  6  7  8  9 10 11 12 13 14 15 16 17 18 19 20 21 22 23 24 25 26 27 28 29 30 31 32 33 34
    17  2  2  6  6  4  4  5  5  4  4  5  5  4  4  5  5  4  4  5  5  4  4  5  5  4  4  5  5  4  4  6  6  2  2 
    16  2  2  6  6  6  6  4  4  5  5  4  4  5  5  4  4  5  5  4  4  5  5  4  4  5  5  4  4  6  6  6  6  2  2 
    15  2  2  6  6  6  6  4  4  5  5  4  4  5  5  4  4  5  5  4  4  5  5  4  4  5  5  4  4  6  6  6  6  2  2 
    14  2  2  3  3  6  6  5  5  4  4  5  5  4  4  5  5  4  4  5  5  4  4  5  5  4  4  5  5  6  6  3  3  2  2 
    13  2  2  3  3  6  6  5  5  4  4  5  5  4  4  5  5  4  4  5  5  4  4  5  5  4  4  5  5  6  6  3  3  2  2 
    12        2  2  6  6  6  6  5  5  4  4  5  5  4  4  5  5  4  4  5  5  4  4  5  5  6  6  6  6  2  2       
    11        2  2  6  6  6  6  5  5  4  4  5  5  4  4  5  5  4  4  5  5  4  4  5  5  6  6  6  6  2  2       
    10        2  2  3  3  6  6  4  4  5  5  4  4  5  5  4  4  5  5  4  4  5  5  4  4  6  6  3  3  2  2       
     9        2  2  3  3  6  6  4  4  5  5  4  4  5  5  4  4  5  5  4  4  5  5  4  4  6  6  3  3  2  2       
     8              2  2  3  3  6  6  6  6  5  5  4  4  5  5  4  4  5  5  6  6  6  6  3  3  2  2             
     7              2  2  3  3  6  6  6  6  5  5  4  4  5  5  4  4  5  5  6  6  6  6  3  3  2  2             
     6                    2  2  3  3  6  6  6  6  6  6  4  4  6  6  6  6  6  6  3  3  2  2                   
     5                    2  2  3  3  6  6  6  6  6  6  4  4  6  6  6  6  6  6  3  3  2  2                   
     4                          2  2  2  2  3  3  6  6  6  6  6  6  3  3  2  2  2  2                         
     3                          2  2  2  2  3  3  6  6  6  6  6  6  3  3  2  2  2  2                         
     2                                      2  2  2  2  2  2  2  2  2  2                                     
     1                                      2  2  2  2  2  2  2  2  2  2                                     
  Planar Region :  3
        1  2  3  4  5  6  7  8  9 10 11 12 13 14 15 16 17 18 19 20 21 22 23 24 25 26 27 28 29 30 31 32 33 34
    17  2  2  6  6  4  4  7  7  4  4  9  9  4  4  9  9  4  4  9  9  4  4  9  9  4  4  7  7  4  4  6  6  2  2 
    16  2  2  6  6  11 11 4  4  8  8  4  4  8  8  4  4  9  9  4  4  8  8  4  4  8  8  4  4  11 11 6  6  2  2 
    15  2  2  6  6  11 11 4  4  8  8  4  4  8  8  4  4  9  9  4  4  8  8  4  4  8  8  4  4  11 11 6  6  2  2 
    14  2  2  3  3  6  6  8  8  4  4  8  8  4  4  8  8  4  4  8  8  4  4  8  8  4  4  8  8  6  6  3  3  2  2 
    13  2  2  3  3  6  6  8  8  4  4  8  8  4  4  8  8  4  4  8  8  4  4  8  8  4  4  8  8  6  6  3  3  2  2 
    12        2  2  6  6  10 10 8  8  4  4  8  8  4  4  9  9  4  4  8  8  4  4  8  8  10 10 6  6  2  2       
    11        2  2  6  6  10 10 8  8  4  4  8  8  4  4  9  9  4  4  8  8  4  4  8  8  10 10 6  6  2  2       
    10        2  2  3  3  6  6  4  4  8  8  4  4  8  8  4  4  8  8  4  4  8  8  4  4  6  6  3  3  2  2       
     9        2  2  3  3  6  6  4  4  8  8  4  4  8  8  4  4  8  8  4  4  8  8  4  4  6  6  3  3  2  2       
     8              2  2  3  3  6  6  10 10 8  8  4  4  7  7  4  4  8  8  10 10 6  6  3  3  2  2             
     7              2  2  3  3  6  6  10 10 8  8  4  4  7  7  4  4  8  8  10 10 6  6  3  3  2  2             
     6                    2  2  3  3  6  6  6  6  11 11 4  4  11 11 6  6  6  6  3  3  2  2                   
     5                    2  2  3  3  6  6  6  6  11 11 4  4  11 11 6  6  6  6  3  3  2  2                   
     4                          2  2  2  2  3  3  6  6  6  6  6  6  3  3  2  2  2  2                         
     3                          2  2  2  2  3  3  6  6  6  6  6  6  3  3  2  2  2  2                         
     2                                      2  2  2  2  2  2  2  2  2  2                                     
     1                                      2  2  2  2  2  2  2  2  2  2                                     

  Planar Region Assignment to planes.
 --------------------------------------
   Plane Number     Planar Region    delta-z
       18 (TOP)            1          30.00
       17                  3           8.00
       16                  3          12.80
       15                  3          12.80
       14                  3          30.00
       13                  3          30.00
       12                  3          30.00
       11                  3          30.00
       10                  3          30.00
        9                  3          30.00
        8                  3          30.00
        7                  3          30.00
        6                  3          30.00
        5                  3          30.00
        4                  3          15.00
        3                  3          11.00
        2                  2           7.70
        1 (BOTTOM)         1          30.00

   Boundary conditions
  X-directed West   : ZERO FLUX
  X-directed East   : ZERO FLUX
  Y-directed North  : REFLECTIVE
  Y-directed South  : ZERO FLUX
  Z-directed Bottom : ZERO FLUX
  Z-directed Top    : ZERO FLUX

  ...Core geometry is sucessfully read...


            >>>> READING CONTROL RODS INSERTION <<<<
            --------------------------------------------
  NUMBER OF CONTROL ROD BANK  :  8
  MAX. NUMBER OF STEPS        : 228
  FULLY INSERTED POSITION (cm): 37.7 (FROM BOTTOM OF THE CORE)
  STEP SIZE (cm)              :   1.5942
  CR CUSPING CORRECTION       : NOT ACTIVE
  INITIAL CONTROL ROD BANK POSITION (STEPS) : 
  (0 means fully inserted) 
    Bank  1  Bank  2  Bank  3  Bank  4  Bank  5  Bank  6  Bank  7  Bank  8
      0.0      0.0      0.0    228.0      0.0    228.0      0.0      0.0

  CONTROL ROD BANK MAP : 
  0  0  3  0  0  0  2  0  1  0  2  0  0  0  8  0  0
  0  0  0  6  0  0  0  4  0  4  0  0  0  6  0  0  0
  0  0  6  0  6  0  5  0  2  0  5  0  6  0  6  0  0
  0  0  0  0  0  4  0  0  0  0  0  4  0  0  0  0  0
  0  0  0  0  7  0  6  0  0  0  6  0  7  0  0  0  0
  0  0  0  0  0  0  0  6  0  6  0  0  0  0  0  0  0
  0  0  0  0  0  0  6  0  3  0  6  0  0  0  0  0  0
  0  0  0  0  0  0  0  0  0  0  0  0  0  0  0  0  0
  0  0  0  0  0  0  0  0  0  0  0  0  0  0  0  0  0

  MATERIAL CX INCREMENT OR DECREMENT DUE TO CR INSERTION : 
    MATERIAL  1
    GROUP   TRANSPORT  ABSORPTION      NU*FISS      FISSION
       1     0.003732    0.002478    -0.000103    -0.000000
       2    -0.021993    0.025587    -0.002823    -0.000000
   --SCATTERING MATRIX--
     G/G'        1        2
      1      0.000000 -0.003193
      2      0.000000  0.000000
    MATERIAL  2
    GROUP   TRANSPORT  ABSORPTION      NU*FISS      FISSION
       1     0.003732    0.002478    -0.000103    -0.000000
       2    -0.021993    0.025587    -0.002823    -0.000000
   --SCATTERING MATRIX--
     G/G'        1        2
      1      0.000000 -0.003193
      2      0.000000  0.000000
    MATERIAL  3
    GROUP   TRANSPORT  ABSORPTION      NU*FISS      FISSION
       1     0.003732    0.002478    -0.000103    -0.000000
       2    -0.021993    0.025587    -0.002823    -0.000000
   --SCATTERING MATRIX--
     G/G'        1        2
      1      0.000000 -0.003193
      2      0.000000  0.000000
    MATERIAL  4
    GROUP   TRANSPORT  ABSORPTION      NU*FISS      FISSION
       1     0.003732    0.002478    -0.000103    -0.000000
       2    -0.021993    0.025587    -0.002823    -0.000000
   --SCATTERING MATRIX--
     G/G'        1        2
      1      0.000000 -0.003193
      2      0.000000  0.000000
    MATERIAL  5
    GROUP   TRANSPORT  ABSORPTION      NU*FISS      FISSION
       1     0.003732    0.002478    -0.000103    -0.000000
       2    -0.021993    0.025587    -0.002823    -0.000000
   --SCATTERING MATRIX--
     G/G'        1        2
      1      0.000000 -0.003193
      2      0.000000  0.000000
    MATERIAL  6
    GROUP   TRANSPORT  ABSORPTION      NU*FISS      FISSION
       1     0.003741    0.002429    -0.000123    -0.000000
       2    -0.016750    0.025648    -0.003281    -0.000000
   --SCATTERING MATRIX--
     G/G'        1        2
      1      0.000000 -0.003142
      2      0.000000  0.000000
    MATERIAL  7
    GROUP   TRANSPORT  ABSORPTION      NU*FISS      FISSION
       1     0.003732    0.002478    -0.000103    -0.000000
       2    -0.021993    0.025587    -0.002823    -0.000000
   --SCATTERING MATRIX--
     G/G'        1        2
      1      0.000000 -0.003193
      2      0.000000  0.000000
    MATERIAL  8
    GROUP   TRANSPORT  ABSORPTION      NU*FISS      FISSION
       1     0.003732    0.002478    -0.000103    -0.000000
       2    -0.021993    0.025587    -0.002823    -0.000000
   --SCATTERING MATRIX--
     G/G'        1        2
      1      0.000000 -0.003193
      2      0.000000  0.000000
    MATERIAL  9
    GROUP   TRANSPORT  ABSORPTION      NU*FISS      FISSION
       1     0.003732    0.002478    -0.000103    -0.000000
       2    -0.021993    0.025587    -0.002823    -0.000000
   --SCATTERING MATRIX--
     G/G'        1        2
      1      0.000000 -0.003193
      2      0.000000  0.000000
    MATERIAL 10
    GROUP   TRANSPORT  ABSORPTION      NU*FISS      FISSION
       1     0.003732    0.002478    -0.000103    -0.000000
       2    -0.021993    0.025587    -0.002823    -0.000000
   --SCATTERING MATRIX--
     G/G'        1        2
      1      0.000000 -0.003193
      2      0.000000  0.000000
    MATERIAL 11
    GROUP   TRANSPORT  ABSORPTION      NU*FISS      FISSION
       1     0.003732    0.002478    -0.000103    -0.000000
       2    -0.021993    0.025587    -0.002823    -0.000000
   --SCATTERING MATRIX--
     G/G'        1        2
      1      0.000000 -0.003193
      2      0.000000  0.000000

  ...Control Rods Insertion card is sucessfully read...


            >>>>     READING ROD EJECTION DATA      <<<<
            --------------------------------------------
                           Bank  1  Bank  2  Bank  3  Bank  4  Bank  5  Bank  6  Bank  7  Bank  8
  FINAL BANK POS. (STEP)      0.0      0.0      0.0    228.0      0.0    228.0      0.0    228.0
  STARTS MOVE (SECOND)        0.0      0.0      0.0      0.0      0.0      0.0      0.0      0.0
  SPEED (STEP/SECOND)         0.0      0.0      0.0      0.0      0.0      0.0      0.0   2280.0

  TIME PARAMETERS IN SECONDS : 
    TOTAL SIMULATION TIME         :   5.00
    FIRST TIME STEP               : 0.0050
    SECOND TIME STEP              : 0.0500
    WHEN SECOND TIME STEP APPLY?  :   1.00

  DELAYED NEUTRON FRACTION : 
    0.00026    0.00152    0.00139    0.00307    0.00110    0.00026

  PRECUSOR DECAY CONSTANT (1/s): 
    0.01280    0.03180    0.11900    0.31810    1.40270    3.92860

  NEUTRON VELOCITY (cm/s) : 
    2.80000E+07    4.40000E+05

  ...Rod Ejection Card is sucessfully read...


            >>>>   READING THERMAL-HYDRAULIC DATA   <<<<
            --------------------------------------------
  REACTOR PERCENT POWER (%)                :      0.00010
  REACTOR POWER (Watt)                     :   1.3875E+09
  COOLANT INLET TEMPERATURE (Kelvin)       :   5.5915E+02
  FUEL ASSEMBLY MASS FLOW RATE (Kg/s)      :   8.2121E+01
  FUEL MEAT RADIUS (m)                     :   4.1195E-03
  GAP THICKNESS (m)                        :   6.8000E-05
  CLAD THICKNESS (m)                       :   5.7100E-04
  PIN PITCH(m)                             :   1.2655E-02
  FRACTION OF HEAT DEPOSITED IN COOL.      :   1.9000E-02

  ...Thermal-hydraulic Card is sucessfully read...


            >>>>       READING BORON CONCENTRATION        <<<<
            --------------------------------------------------
  BORON CONCENTRATION SET       : 1131.80
  BORON CONCENTRATION REFERENCE : 1200.20

  MATERIAL CX CHANGES PER PPM BORON CHANGES : 
    MATERIAL  1
     GROUP   TRANSPORT   ABSORPTION   NU*FISS       FISSION
       1     0.000000    0.000000   0.00000E+00   0.00000E+00
       2     0.000005    0.000010   0.00000E+00   0.00000E+00
   --SCATTERING MATRIX--
     G/G'          1          2
      1      0.00000E+00  0.79146E-09
      2      0.00000E+00  0.00000E+00
    MATERIAL  2
     GROUP   TRANSPORT   ABSORPTION   NU*FISS       FISSION
       1     0.000000    0.000000   0.00000E+00   0.00000E+00
       2     0.000776    0.000084   0.00000E+00   0.00000E+00
   --SCATTERING MATRIX--
     G/G'          1          2
      1      0.00000E+00  0.00000E+00
      2      0.00000E+00  0.00000E+00
    MATERIAL  3
     GROUP   TRANSPORT   ABSORPTION   NU*FISS       FISSION
       1     0.000000    0.000000   0.00000E+00   0.00000E+00
       2     0.000776    0.000084   0.00000E+00   0.00000E+00
   --SCATTERING MATRIX--
     G/G'          1          2
      1      0.00000E+00  0.00000E+00
      2      0.00000E+00  0.00000E+00
    MATERIAL  4
     GROUP   TRANSPORT   ABSORPTION   NU*FISS       FISSION
       1     0.000000    0.000000  -0.11210E-08  -0.17619E-19
       2    -0.000010    0.000007  -0.24305E-05  -0.31909E-16
   --SCATTERING MATRIX--
     G/G'          1          2
      1      0.00000E+00 -0.10859E-06
      2      0.00000E+00  0.00000E+00
    MATERIAL  5
     GROUP   TRANSPORT   ABSORPTION   NU*FISS       FISSION
       1     0.000000    0.000000  -0.16788E-08  -0.24996E-19
       2    -0.000009    0.000007  -0.27244E-05  -0.35768E-16
   --SCATTERING MATRIX--
     G/G'          1          2
      1      0.00000E+00 -0.10695E-06
      2      0.00000E+00  0.00000E+00
    MATERIAL  6
     GROUP   TRANSPORT   ABSORPTION   NU*FISS       FISSION
       1     0.000000    0.000000  -0.22104E-08  -0.32023E-19
       2    -0.000007    0.000007  -0.29588E-05  -0.38845E-16
   --SCATTERING MATRIX--
     G/G'          1          2
      1      0.00000E+00 -0.10537E-06
      2      0.00000E+00  0.00000E+00
    MATERIAL  7
     GROUP   TRANSPORT   ABSORPTION   NU*FISS       FISSION
       1     0.000000    0.000000  -0.17132E-08  -0.24996E-19
       2    -0.000007    0.000006  -0.25536E-05  -0.33522E-16
   --SCATTERING MATRIX--
     G/G'          1          2
      1      0.00000E+00 -0.10087E-06
      2      0.00000E+00  0.00000E+00
    MATERIAL  8
     GROUP   TRANSPORT   ABSORPTION   NU*FISS       FISSION
       1     0.000000    0.000000  -0.17242E-08  -0.25490E-19
       2    -0.000006    0.000006  -0.24888E-05  -0.32670E-16
   --SCATTERING MATRIX--
     G/G'          1          2
      1      0.00000E+00 -0.98858E-07
      2      0.00000E+00  0.00000E+00
    MATERIAL  9
     GROUP   TRANSPORT   ABSORPTION   NU*FISS       FISSION
       1     0.000000    0.000000  -0.17350E-08  -0.25605E-19
       2    -0.000006    0.000006  -0.24224E-05  -0.31798E-16
   --SCATTERING MATRIX--
     G/G'          1          2
      1      0.00000E+00 -0.96849E-07
      2      0.00000E+00  0.00000E+00
    MATERIAL 10
     GROUP   TRANSPORT   ABSORPTION   NU*FISS       FISSION
       1     0.000000    0.000000  -0.22434E-08  -0.32023E-19
       2    -0.000006    0.000006  -0.27766E-05  -0.36451E-16
   --SCATTERING MATRIX--
     G/G'          1          2
      1      0.00000E+00 -0.99331E-07
      2      0.00000E+00  0.00000E+00
    MATERIAL 11
     GROUP   TRANSPORT   ABSORPTION   NU*FISS       FISSION
       1     0.000000    0.000000  -0.22537E-08  -0.32487E-19
       2    -0.000005    0.000006  -0.27078E-05  -0.35548E-16
   --SCATTERING MATRIX--
     G/G'          1          2
      1      0.00000E+00 -0.97329E-07
      2      0.00000E+00  0.00000E+00

  ...Boron Concentration card is sucessfully read...


            >>>>      READING FUEL TEMPERATURE      <<<<
            --------------------------------------------

  ...Fuel Temperature is card sucessfully read...


            >>>>   READING MODERATOR TEMPERATURE    <<<<
            --------------------------------------------

  ...Moderator Temperature Card is sucessfully read...


            >>>>       READING COOLANT DENSITY      <<<<
            --------------------------------------------

  ...Coolant Density Card is sucessfully read...


  **********************************  STOP READING INPUT  *******************************************

  TRANSIENT RESULTS :

  Step  Time(s)  React.($)   Rel. Power   Avg. Tm   Max. Tm   Avg. Tf   Max. Tf
 --------------------------------------------------------------------------------
   0     0.000    0.0000     1.0000E-06    286.00    286.00    286.00    286.00
   1     0.005    0.0010     1.0009E-06    286.00    286.00    286.00    286.00
   2     0.010    0.0046     1.0041E-06    286.00    286.00    286.00    286.00
   3     0.015    0.0135     1.0119E-06    286.00    286.00    286.00    286.00
   4     0.020    0.0280     1.0251E-06    286.00    286.00    286.00    286.00
   5     0.025    0.0571     1.0510E-06    286.00    286.00    286.00    286.00
   6     0.030    0.0966     1.0893E-06    286.00    286.00    286.00    286.00
   7     0.035    0.1539     1.1480E-06    286.00    286.00    286.00    286.00
   8     0.040    0.2460     1.2485E-06    286.00    286.00    286.00    286.00
   9     0.045    0.3253     1.3713E-06    286.00    286.00    286.00    286.00
  10     0.050    0.4458     1.5666E-06    286.00    286.00    286.00    286.00
  11     0.055    0.5585     1.8370E-06    286.00    286.00    286.00    286.00
  12     0.060    0.6775     2.2281E-06    286.00    286.00    286.00    286.00
  13     0.065    0.8166     2.8663E-06    286.00    286.00    286.00    286.00
  14     0.070    0.9051     3.7450E-06    286.00    286.00    286.00    286.00
  15     0.075    1.0072     5.1340E-06    286.00    286.00    286.00    286.00
  16     0.080    1.0820     7.2648E-06    286.00    286.00    286.00    286.00
  17     0.085    1.1422     1.0582E-05    286.00    286.00    286.00    286.00
  18     0.090    1.1935     1.5934E-05    286.00    286.00    286.00    286.00
  19     0.095    1.2201     2.4175E-05    286.00    286.00    286.00    286.00
  20     0.100    1.2343     3.6641E-05    286.00    286.00    286.00    286.00
  21     0.105    1.2415     5.5309E-05    286.00    286.00    286.00    286.00
  22     0.110    1.2460     8.3289E-05    286.00    286.00    286.00    286.00
  23     0.115    1.2489     1.2520E-04    286.00    286.00    286.00    286.00
  24     0.120    1.2508     1.8802E-04    286.00    286.00    286.00    286.00
  25     0.125    1.2521     2.8214E-04    286.00    286.00    286.00    286.00
  26     0.130    1.2530     4.2322E-04    286.00    286.00    286.00    286.01
  27     0.135    1.2535     6.3452E-04    286.00    286.00    286.00    286.01
  28     0.140    1.2539     9.5126E-04    286.00    286.00    286.00    286.01
  29     0.145    1.2543     1.4266E-03    286.00    286.00    286.00    286.02
  30     0.150    1.2543     2.1383E-03    286.00    286.00    286.00    286.03
  31     0.155    1.2543     3.2040E-03    286.00    286.00    286.01    286.05
  32     0.160    1.2544     4.8005E-03    286.00    286.00    286.01    286.07
  33     0.165    1.2543     7.1907E-03    286.00    286.00    286.01    286.11
  34     0.170    1.2543     1.0773E-02    286.00    286.00    286.02    286.16
  35     0.175    1.2543     1.6137E-02    286.00    286.00    286.03    286.24
  36     0.180    1.2541     2.4163E-02    286.00    286.00    286.04    286.36
  37     0.185    1.2537     3.6157E-02    286.00    286.01    286.06    286.54
  38     0.190    1.2534     5.4095E-02    286.00    286.01    286.09    286.81
  39     0.195    1.2528     8.0851E-02    286.00    286.01    286.13    287.22
  40     0.200    1.2517     1.2062E-01    286.00    286.02    286.20    287.82
  41     0.205    1.2503     1.7956E-01    286.00    286.03    286.29    288.71
  42     0.210    1.2482     2.6644E-01    286.00    286.04    286.43    290.04
  43     0.215    1.2451     3.9344E-01    286.00    286.06    286.64    291.99
  44     0.220    1.2406     5.7733E-01    286.01    286.08    286.95    294.85
  45     0.225    1.2339     8.3854E-01    286.01    286.12    287.40    299.00
  46     0.230    1.2241     1.2000E+00    286.01    286.18    288.04    304.90
  47     0.235    1.2102     1.6810E+00    286.02    286.25    288.93    313.12
  48     0.240    1.1909     2.2872E+00    286.03    286.36    290.13    324.22
  49     0.245    1.1652     2.9941E+00    286.04    286.50    291.70    338.59
  50     0.250    1.1320     3.7292E+00    286.05    286.68    293.64    356.22
  51     0.255    1.0917     4.3751E+00    286.07    286.89    295.88    376.55
  52     0.260    1.0454     4.7914E+00    286.09    287.13    298.28    398.38
  53     0.265    0.9963     4.8822E+00    286.10    287.38    300.68    420.14
  54     0.270    0.9481     4.6397E+00    286.13    287.65    302.87    440.38
  55     0.275    0.9035     4.1412E+00    286.15    287.91    304.75    458.08
  56     0.280    0.8652     3.5153E+00    286.17    288.18    306.24    472.84
  57     0.285    0.8334     2.8760E+00    286.19    288.44    307.38    484.76
  58     0.290    0.8079     2.2999E+00    286.21    288.71    308.19    494.19
  59     0.295    0.7875     1.8213E+00    286.23    288.98    308.76    501.59
  60     0.300    0.7713     1.4455E+00    286.25    289.26    309.15    507.42
  61     0.305    0.7580     1.1608E+00    286.28    289.55    309.40    512.08
  62     0.310    0.7469     9.5087E-01    286.30    289.85    309.56    515.88
  63     0.315    0.7368     7.9691E-01    286.33    290.15    309.66    519.05
  64     0.320    0.7276     6.8477E-01    286.35    290.45    309.73    521.76
  65     0.325    0.7188     6.0296E-01    286.38    290.75    309.77    524.14
  66     0.330    0.7099     5.4234E-01    286.40    291.07    309.80    526.28
  67     0.335    0.7011     4.9687E-01    286.43    291.38    309.82    528.23
  68     0.340    0.6923     4.6214E-01    286.46    291.70    309.84    530.04
  69     0.345    0.6836     4.3514E-01    286.48    292.02    309.86    531.74
  70     0.350    0.6746     4.1326E-01    286.51    292.33    309.87    533.34
  71     0.355    0.6657     3.9532E-01    286.54    292.65    309.88    534.87
  72     0.360    0.6567     3.8006E-01    286.57    292.97    309.90    536.34
  73     0.365    0.6477     3.6680E-01    286.59    293.28    309.92    537.75
  74     0.370    0.6387     3.5493E-01    286.62    293.60    309.93    539.11
  75     0.375    0.6299     3.4427E-01    286.65    293.91    309.95    540.43
  76     0.380    0.6211     3.3454E-01    286.67    294.23    309.96    541.71
  77     0.385    0.6125     3.2556E-01    286.70    294.55    309.98    542.94
  78     0.390    0.6040     3.1727E-01    286.73    294.87    310.00    544.14
  79     0.395    0.5956     3.0952E-01    286.75    295.18    310.01    545.31
  80     0.400    0.5874     3.0232E-01    286.78    295.50    310.03    546.45
  81     0.405    0.5794     2.9555E-01    286.80    295.81    310.04    547.56
  82     0.410    0.5714     2.8914E-01    286.83    296.12    310.06    548.64
  83     0.415    0.5636     2.8310E-01    286.86    296.43    310.08    549.69
  84     0.420    0.5559     2.7730E-01    286.88    296.73    310.09    550.73
  85     0.425    0.5485     2.7191E-01    286.91    297.03    310.11    551.73
  86     0.430    0.5410     2.6668E-01    286.93    297.32    310.12    552.72
  87     0.435    0.5341     2.6185E-01    286.96    297.62    310.14    553.69
  88     0.440    0.5270     2.5722E-01    286.98    297.91    310.15    554.63
  89     0.445    0.5202     2.5283E-01    287.00    298.19    310.17    555.56
  90     0.450    0.5136     2.4864E-01    287.03    298.48    310.18    556.47
  91     0.455    0.5070     2.4464E-01    287.05    298.75    310.20    557.37
  92     0.460    0.5007     2.4085E-01    287.08    299.03    310.21    558.25
  93     0.465    0.4945     2.3723E-01    287.10    299.30    310.23    559.11
  94     0.470    0.4885     2.3378E-01    287.12    299.57    310.24    559.96
  95     0.475    0.4827     2.3048E-01    287.14    299.83    310.26    560.79
  96     0.480    0.4769     2.2731E-01    287.17    300.09    310.27    561.62
  97     0.485    0.4714     2.2430E-01    287.19    300.33    310.29    562.43
  98     0.490    0.4660     2.2142E-01    287.21    300.58    310.30    563.22
  99     0.495    0.4607     2.1865E-01    287.23    300.81    310.32    564.01
 100     0.500    0.4556     2.1600E-01    287.25    301.05    310.33    564.79
 101     0.505    0.4507     2.1347E-01    287.27    301.28    310.35    565.55
 102     0.510    0.4458     2.1104E-01    287.29    301.50    310.36    566.31
 103     0.515    0.4411     2.0871E-01    287.32    301.74    310.38    567.05
 104     0.520    0.4366     2.0647E-01    287.34    301.99    310.39    567.79
 105     0.525    0.4322     2.0432E-01    287.36    302.24    310.41    568.52
 106     0.530    0.4279     2.0227E-01    287.38    302.48    310.42    569.24
 107     0.535    0.4238     2.0028E-01    287.39    302.73    310.44    569.95
 108     0.540    0.4197     1.9833E-01    287.41    302.96    310.45    570.66
 109     0.545    0.4157     1.9645E-01    287.43    303.20    310.47    571.35
 110     0.550    0.4120     1.9468E-01    287.45    303.43    310.49    572.04
 111     0.555    0.4084     1.9299E-01    287.47    303.66    310.50    572.73
 112     0.560    0.4049     1.9134E-01    287.49    303.88    310.52    573.40
 113     0.565    0.4016     1.8980E-01    287.51    304.10    310.53    574.07
 114     0.570    0.3983     1.8829E-01    287.52    304.32    310.55    574.74
 115     0.575    0.3952     1.8685E-01    287.54    304.53    310.57    575.40
 116     0.580    0.3922     1.8546E-01    287.56    304.73    310.58    576.05
 117     0.585    0.3893     1.8411E-01    287.57    304.94    310.60    576.70
 118     0.590    0.3865     1.8282E-01    287.59    305.14    310.61    577.34
 119     0.595    0.3838     1.8157E-01    287.61    305.33    310.63    577.98
 120     0.600    0.3813     1.8037E-01    287.62    305.52    310.65    578.61
 121     0.605    0.3788     1.7922E-01    287.64    305.71    310.66    579.24
 122     0.610    0.3765     1.7811E-01    287.65    305.89    310.68    579.86
 123     0.615    0.3742     1.7705E-01    287.67    306.06    310.70    580.48
 124     0.620    0.3721     1.7601E-01    287.68    306.23    310.71    581.09
 125     0.625    0.3700     1.7502E-01    287.70    306.40    310.73    581.70
 126     0.630    0.3681     1.7406E-01    287.71    306.56    310.75    582.31
 127     0.635    0.3662     1.7314E-01    287.73    306.72    310.76    582.91
 128     0.640    0.3645     1.7226E-01    287.74    306.90    310.78    583.51
 129     0.645    0.3628     1.7141E-01    287.75    307.10    310.80    584.11
 130     0.650    0.3612     1.7059E-01    287.77    307.29    310.81    584.70
 131     0.655    0.3597     1.6981E-01    287.78    307.48    310.83    585.29
 132     0.660    0.3583     1.6905E-01    287.79    307.66    310.85    585.88
 133     0.665    0.3570     1.6832E-01    287.81    307.84    310.86    586.46
 134     0.670    0.3557     1.6762E-01    287.82    308.01    310.88    587.04
 135     0.675    0.3545     1.6695E-01    287.83    308.18    310.90    587.62
 136     0.680    0.3534     1.6630E-01    287.84    308.35    310.92    588.19
 137     0.685    0.3524     1.6568E-01    287.85    308.51    310.93    588.77
 138     0.690    0.3514     1.6508E-01    287.86    308.66    310.95    589.33
 139     0.695    0.3505     1.6450E-01    287.88    308.81    310.97    589.90
 140     0.700    0.3496     1.6393E-01    287.89    308.96    310.98    590.46
 141     0.705    0.3488     1.6339E-01    287.90    309.10    311.00    591.02
 142     0.710    0.3481     1.6287E-01    287.91    309.24    311.02    591.58
 143     0.715    0.3474     1.6237E-01    287.92    309.37    311.04    592.14
 144     0.720    0.3468     1.6188E-01    287.93    309.49    311.05    592.69
 145     0.725    0.3462     1.6142E-01    287.94    309.61    311.07    593.24
 146     0.730    0.3457     1.6097E-01    287.94    309.73    311.09    593.79
 147     0.735    0.3452     1.6053E-01    287.95    309.84    311.10    594.34
 148     0.740    0.3448     1.6010E-01    287.96    309.94    311.12    594.88
 149     0.745    0.3444     1.5970E-01    287.97    310.04    311.14    595.43
 150     0.750    0.3440     1.5931E-01    287.98    310.13    311.16    595.97
 151     0.755    0.3437     1.5893E-01    287.99    310.21    311.17    596.50
 152     0.760    0.3435     1.5857E-01    288.00    310.32    311.19    597.04
 153     0.765    0.3432     1.5822E-01    288.00    310.45    311.21    597.57
 154     0.770    0.3431     1.5788E-01    288.01    310.58    311.22    598.10
 155     0.775    0.3429     1.5755E-01    288.02    310.70    311.24    598.63
 156     0.780    0.3428     1.5724E-01    288.02    310.82    311.26    599.16
 157     0.785    0.3427     1.5694E-01    288.03    310.93    311.28    599.69
 158     0.790    0.3426     1.5664E-01    288.04    311.04    311.29    600.21
 159     0.795    0.3426     1.5636E-01    288.04    311.14    311.31    600.73
 160     0.800    0.3425     1.5609E-01    288.05    311.24    311.33    601.25
 161     0.805    0.3426     1.5582E-01    288.06    311.33    311.34    601.77
 162     0.810    0.3426     1.5557E-01    288.06    311.42    311.36    602.28
 163     0.815    0.3427     1.5532E-01    288.07    311.50    311.38    602.80
 164     0.820    0.3427     1.5508E-01    288.07    311.58    311.39    603.31
 165     0.825    0.3428     1.5485E-01    288.08    311.66    311.41    603.82
 166     0.830    0.3429     1.5462E-01    288.08    311.73    311.43    604.33
 167     0.835    0.3431     1.5440E-01    288.09    311.80    311.44    604.83
 168     0.840    0.3432     1.5420E-01    288.09    311.86    311.46    605.34
 169     0.845    0.3434     1.5399E-01    288.09    311.92    311.48    605.84
 170     0.850    0.3436     1.5380E-01    288.10    311.99    311.49    606.34
 171     0.855    0.3438     1.5362E-01    288.10    312.08    311.51    606.84
 172     0.860    0.3440     1.5344E-01    288.11    312.16    311.52    607.33
 173     0.865    0.3442     1.5327E-01    288.11    312.24    311.54    607.83
 174     0.870    0.3444     1.5310E-01    288.11    312.32    311.56    608.32
 175     0.875    0.3447     1.5293E-01    288.12    312.39    311.57    608.81
 176     0.880    0.3449     1.5278E-01    288.12    312.45    311.59    609.30
 177     0.885    0.3452     1.5262E-01    288.12    312.51    311.61    609.78
 178     0.890    0.3455     1.5247E-01    288.12    312.57    311.62    610.27
 179     0.895    0.3457     1.5233E-01    288.13    312.63    311.64    610.75
 180     0.900    0.3460     1.5218E-01    288.13    312.67    311.65    611.23
 181     0.905    0.3463     1.5205E-01    288.13    312.72    311.67    611.71
 182     0.910    0.3466     1.5192E-01    288.13    312.76    311.68    612.19
 183     0.915    0.3469     1.5179E-01    288.14    312.80    311.70    612.66
 184     0.920    0.3472     1.5166E-01    288.14    312.83    311.72    613.14
 185     0.925    0.3475     1.5154E-01    288.14    312.87    311.73    613.61
 186     0.930    0.3478     1.5142E-01    288.14    312.89    311.75    614.08
 187     0.935    0.3481     1.5130E-01    288.14    312.92    311.76    614.55
 188     0.940    0.3485     1.5120E-01    288.14    312.94    311.78    615.01
 189     0.945    0.3488     1.5110E-01    288.14    312.96    311.79    615.48
 190     0.950    0.3491     1.5099E-01    288.14    312.98    311.81    615.94
 191     0.955    0.3494     1.5089E-01    288.15    313.01    311.82    616.40
 192     0.960    0.3497     1.5079E-01    288.15    313.03    311.84    616.86
 193     0.965    0.3501     1.5069E-01    288.15    313.06    311.85    617.31
 194     0.970    0.3504     1.5059E-01    288.15    313.08    311.87    617.77
 195     0.975    0.3507     1.5050E-01    288.15    313.09    311.88    618.22
 196     0.980    0.3510     1.5040E-01    288.15    313.11    311.90    618.67
 197     0.985    0.3513     1.5031E-01    288.15    313.12    311.91    619.12
 198     0.990    0.3516     1.5022E-01    288.15    313.13    311.92    619.57
 199     0.995    0.3520     1.5014E-01    288.15    313.14    311.94    620.01
 200     1.000    0.3523     1.5005E-01    288.15    313.14    311.95    620.45
 201     1.050    0.3521     1.4866E-01    288.14    313.08    312.09    624.65
 202     1.100    0.3545     1.4791E-01    288.13    312.92    312.21    628.65
 203     1.150    0.3566     1.4728E-01    288.12    312.71    312.33    632.45
 204     1.200    0.3584     1.4673E-01    288.11    312.47    312.45    636.06
 205     1.250    0.3600     1.4625E-01    288.10    312.25    312.55    639.49
 206     1.300    0.3613     1.4579E-01    288.09    312.02    312.66    642.73
 207     1.350    0.3623     1.4534E-01    288.08    311.80    312.76    645.79
 208     1.400    0.3632     1.4497E-01    288.07    311.57    312.85    648.69
 209     1.450    0.3639     1.4458E-01    288.07    311.37    312.95    651.43
 210     1.500    0.3644     1.4429E-01    288.06    311.17    313.03    654.01
 211     1.550    0.3648     1.4400E-01    288.05    311.00    313.12    656.45
 212     1.600    0.3650     1.4369E-01    288.05    310.83    313.20    658.74
 213     1.650    0.3652     1.4348E-01    288.04    310.68    313.27    660.91
 214     1.700    0.3651     1.4323E-01    288.04    310.55    313.35    662.95
 215     1.750    0.3651     1.4306E-01    288.04    310.42    313.42    664.87
 216     1.800    0.3650     1.4289E-01    288.03    310.31    313.49    666.68
 217     1.850    0.3648     1.4274E-01    288.03    310.21    313.56    668.39
 218     1.900    0.3644     1.4258E-01    288.03    310.11    313.62    670.00
 219     1.950    0.3641     1.4249E-01    288.03    310.03    313.68    671.51
 220     2.000    0.3638     1.4241E-01    288.03    309.95    313.74    672.95
 221     2.050    0.3634     1.4234E-01    288.03    309.88    313.80    674.30
 222     2.100    0.3629     1.4228E-01    288.03    309.81    313.86    675.57
 223     2.150    0.3625     1.4225E-01    288.03    309.75    313.91    676.78
 224     2.200    0.3619     1.4221E-01    288.03    309.69    313.96    677.92
 225     2.250    0.3614     1.4220E-01    288.03    309.64    314.02    678.99
 226     2.300    0.3609     1.4219E-01    288.03    309.60    314.07    680.01
 227     2.350    0.3603     1.4220E-01    288.03    309.56    314.12    680.98
 228     2.400    0.3597     1.4223E-01    288.03    309.52    314.16    681.90
 229     2.450    0.3591     1.4226E-01    288.03    309.49    314.21    682.77
 230     2.500    0.3584     1.4231E-01    288.04    309.46    314.26    683.60
 231     2.550    0.3578     1.4236E-01    288.04    309.43    314.30    684.39
 232     2.600    0.3571     1.4243E-01    288.04    309.41    314.35    685.14
 233     2.650    0.3565     1.4252E-01    288.04    309.39    314.39    685.86
 234     2.700    0.3558     1.4262E-01    288.04    309.37    314.43    686.54
 235     2.750    0.3551     1.4272E-01    288.04    309.35    314.48    687.20
 236     2.800    0.3544     1.4282E-01    288.05    309.34    314.52    687.83
 237     2.850    0.3537     1.4292E-01    288.05    309.32    314.56    688.43
 238     2.900    0.3530     1.4305E-01    288.05    309.31    314.60    689.01
 239     2.950    0.3524     1.4319E-01    288.05    309.30    314.64    689.57
 240     3.000    0.3516     1.4333E-01    288.05    309.29    314.68    690.12
 241     3.050    0.3509     1.4346E-01    288.06    309.29    314.73    690.64
 242     3.100    0.3502     1.4361E-01    288.06    309.28    314.77    691.15
 243     3.150    0.3494     1.4375E-01    288.06    309.28    314.80    691.64
 244     3.200    0.3487     1.4390E-01    288.06    309.27    314.84    692.11
 245     3.250    0.3479     1.4405E-01    288.07    309.27    314.88    692.58
 246     3.300    0.3472     1.4421E-01    288.07    309.27    314.92    693.03
 247     3.350    0.3464     1.4438E-01    288.07    309.27    314.96    693.47
 248     3.400    0.3457     1.4454E-01    288.07    309.27    315.00    693.91
 249     3.450    0.3449     1.4471E-01    288.08    309.27    315.04    694.33
 250     3.500    0.3441     1.4488E-01    288.08    309.28    315.08    694.74
 251     3.550    0.3434     1.4505E-01    288.08    309.28    315.12    695.15
 252     3.600    0.3426     1.4523E-01    288.08    309.28    315.16    695.55
 253     3.650    0.3418     1.4540E-01    288.09    309.29    315.19    695.95
 254     3.700    0.3410     1.4558E-01    288.09    309.29    315.23    696.34
 255     3.750    0.3402     1.4576E-01    288.09    309.30    315.27    696.72
 256     3.800    0.3394     1.4594E-01    288.09    309.31    315.31    697.10
 257     3.850    0.3386     1.4612E-01    288.10    309.31    315.35    697.48
 258     3.900    0.3378     1.4631E-01    288.10    309.32    315.39    697.85
 259     3.950    0.3370     1.4649E-01    288.10    309.33    315.42    698.22
 260     4.000    0.3362     1.4667E-01    288.10    309.34    315.46    698.59
 261     4.050    0.3354     1.4685E-01    288.11    309.34    315.50    698.95
 262     4.100    0.3346     1.4703E-01    288.11    309.35    315.54    699.31
 263     4.150    0.3338     1.4722E-01    288.11    309.36    315.58    699.67
 264     4.200    0.3330     1.4740E-01    288.12    309.37    315.62    700.03
 265     4.250    0.3321     1.4758E-01    288.12    309.38    315.65    700.39
 266     4.300    0.3313     1.4776E-01    288.12    309.40    315.69    700.74
 267     4.350    0.3306     1.4797E-01    288.12    309.41    315.73    701.10
 268     4.400    0.3297     1.4813E-01    288.13    309.42    315.77    701.45
 269     4.450    0.3289     1.4832E-01    288.13    309.43    315.81    701.87
 270     4.500    0.3280     1.4849E-01    288.13    309.44    315.85    702.36
 271     4.550    0.3272     1.4868E-01    288.14    309.45    315.88    702.84
 272     4.600    0.3264     1.4887E-01    288.14    309.47    315.92    703.33
 273     4.650    0.3255     1.4902E-01    288.14    309.48    315.96    703.81
 274     4.700    0.3247     1.4920E-01    288.14    309.49    316.00    704.30
 275     4.750    0.3238     1.4937E-01    288.15    309.50    316.04    704.78
 276     4.800    0.3230     1.4954E-01    288.15    309.52    316.08    705.26
 277     4.850    0.3222     1.4972E-01    288.15    309.53    316.11    705.74
 278     4.900    0.3214     1.4990E-01    288.16    309.54    316.15    706.21
 279     4.950    0.3205     1.5005E-01    288.16    309.56    316.19    706.69
 280     5.000    0.3197     1.5025E-01    288.16    309.57    316.23    707.16


 Total time :    1283.0458240000000       seconds
