                       ###########################################################
                       #                     ADPRES 1.1                          #
                       #        ABU DHABI POLYTECHNIC REACTOR SIMULATOR          #
                       ###########################################################  


  ========================================INPUT DATA STARTS HERE=====================================
     1: ! DVP BWR REACTOR PROBLEM                                                                           
     2: ! THIS PROBLEM IS TO DEMONSTRATE ADF FEATURE IN ADPRES                                              
     3: !See:                                                                                               
     4: !=========                                                                                          
     5: ! K.S. Smith, Assembly Homogenization Techniques for LWR Analysis.                                  
     6: ! Progress in Nuclear Energy, Vol. 17 No.3, pp. 303-335, 1986.                                      
     7: !=========                                                                                          
     8: ! PDQ K-EFF: 1.027008 (HETEROGENEOUS SOLUTION) -> REF                                               
     9: ! QUANDRY K-EFF: 1.026773  (ANALYTIC NODAL METHOD)                                                  
    10: ! ADPRES  K-EFF: 1.026794  (NODAL EXPANSION METHOD 4TH ORDER)                                       
    11: !                                           QUANDRY       ADPRES                                    
    12: ! Maximum Error in assembly power            2.4%          3.4%                                     
    13: ! Average Error in rodded assembly power     1.5%          1.3%                                     
    14:                                                                                                     
    15:                                                                                                     
    16: %MODE                                                                                               
    17: FORWARD                                                                                             
    18: %CASE                                                                                               
    19: DVP                                                                                                 
    20: PROBLEM TEST                                                                                        
    21: %XSEC                                                                                               
    22: 2  4    ! Number of groups and number of materials                                                  
    23: ! sigtr    siga   nu*sigf    sigf   chi sigs_g1 sigs_g2                                             
    24: ! COMPOSITION 1                                                                                     
    25: 0.20574  0.00654  0.00415  0.00415  1.0  0.0  0.01462                                               
    26: 0.68866  0.04850  0.06099  0.06099  0.0  0.0  0.00000                                               
    27: ! COMPOSITION 2                                                                                     
    28: 0.23793  0.00944  0.00437  0.00437  1.0  0.0  0.01798                                               
    29: 0.85348  0.06661  0.07142  0.07142  0.0  0.0  0.00000                                               
    30: ! COMPOSITION 3                                                                                     
    31: 0.24090  0.00696  0.00437  0.00437  1.0  0.0  0.02030                                               
    32: 0.88551  0.05106  0.06330  0.06330  0.0  0.0  0.00000                                               
    33: ! COMPOSITION 4                                                                                     
    34: 0.23600  0.000038  0.00000  0.00000  1.0  0.0  0.04575                                              
    35: 1.36422  0.01031  0.00000  0.00000  0.0  0.0  0.00000                                               
    36: %GEOM                                                                                               
    37: 12 12 2        !nx, ny, nz                                                                          
    38: 12*15.313    !x-direction assembly size in cm                                                       
    39: 12*1         !x-direction assembly divided into 20 cm each                                          
    40: 12*15.313    !y-direction assembly size in cm                                                       
    41: 12*1         !y-direction assembly divided into 20 cm each                                          
    42: 2*15.313     !z-direction assembly size in cm                                                       
    43: 2*1          !z-direction assembly divided into 20 cm each                                          
    44: 1            !np number of planar type                                                              
    45: 1 1          !planar assignment (from bottom to top)                                                
    46: ! Planar_type_1                                                                                     
    47:  4 4 4 4 4 4 4 4 4 0 0 0                                                                            
    48:  1 1 3 4 4 4 4 4 4 4 0 0                                                                            
    49:  1 3 3 1 4 4 4 4 4 4 4 0                                                                            
    50:  1 3 3 3 1 1 3 4 4 4 4 4                                                                            
    51:  1 3 3 1 1 1 3 3 4 4 4 4                                                                            
    52:  1 1 1 1 1 1 1 3 3 4 4 4                                                                            
    53:  1 1 1 1 1 1 1 3 1 4 4 4                                                                            
    54:  1 2 2 1 1 3 3 3 1 4 4 4                                                                            
    55:  1 2 2 1 1 3 3 1 3 1 4 4                                                                            
    56:  1 1 1 1 1 1 1 1 1 3 3 4                                                                            
    57:  1 1 1 1 1 1 1 1 1 3 1 4                                                                            
    58:  1 2 2 1 1 2 2 1 1 3 1 4                                                                            
    59: ! Boundary conditions (east), (west), (north), (south), (bottom), (top)                             
    60: 0 2 0 2 2 2                                                                                         
    61: %ADF                                                                                                
    62: !g1 -> east  west  north  south                                                                     
    63: !g2 -> east  west  north  south                                                                     
    64: ! COMPOSITION 1                                                                                     
    65:   0.9966 0.9288 0.9966 0.9288  1.0000  1.0000                                                       
    66:   1.1332 1.6570 1.1332 1.6570  1.0000  1.0000                                                       
    67: ! COMPOSITION 2                                                                                     
    68:   1.0787 0.8423 1.0787 0.8423  1.0000  1.0000                                                       
    69:   1.6423 0.6809 1.6423 0.6809  1.0000  1.0000                                                       
    70: ! COMPOSITION 3                                                                                     
    71:   0.9989 0.9114 0.9989 0.9114  1.0000  1.0000                                                       
    72:   1.1664 1.5805 1.1664 1.5805  1.0000  1.0000                                                       
    73: ! COMPOSITION 4                                                                                     
    74: 1.0000  1.0000  1.0000  1.0000  1.0000  1.0000                                                      
    75: 1.0000  1.0000  1.0000  1.0000  1.0000  1.0000                                                      
    76: ! ADF ROTATION DUE TO DIAGONALLY SYMMETRIC ADFs                                                     
    77:  1     ! 90 degree counter clock-wise                                                               
    78:  2  2  1  1  1  2                                                                                   
    79:  2  2  3  3  1  2                                                                                   
    80:  2  2  5  5  1  2                                                                                   
    81:  2  2  7  7  1  2                                                                                   
    82:  2  2  9  9  1  2                                                                                   
    83:  2  2 11 11  1  2                                                                                   
    84:  4  4  1  1  1  2                                                                                   
    85:  4  4  3  3  1  2                                                                                   
    86:  4  4  5  5  1  2                                                                                   
    87:  4  4  7  7  1  2                                                                                   
    88:  4  4  9  9  1  2                                                                                   
    89:  6  6  1  1  1  2                                                                                   
    90:  6  6  3  3  1  2                                                                                   
    91:  6  6  5  5  1  2                                                                                   
    92:  6  6  7  7  1  2                                                                                   
    93:  6  6  9  9  1  2                                                                                   
    94:  8  8  1  1  1  2                                                                                   
    95:  8  8  3  3  1  2                                                                                   
    96:  8  8  5  5  1  2                                                                                   
    97:  8  8  7  7  1  2                                                                                   
    98: 10 10  1  1  1  2                                                                                   
    99: 10 10  3  3  1  2                                                                                   
   100:  0  0  0  0  0  0                                                                                   
   101:  2      ! 180 degree counter clock-wise                                                             
   102:  2  2  2  2  1  2                                                                                   
   103:  2  2  4  4  1  2                                                                                   
   104:  2  2  6  6  1  2                                                                                   
   105:  2  2  8  8  1  2                                                                                   
   106:  2  2 10 10  1  2                                                                                   
   107:  4  4  2  2  1  2                                                                                   
   108:  4  4  4  4  1  2                                                                                   
   109:  4  4  6  6  1  2                                                                                   
   110:  4  4  8  8  1  2                                                                                   
   111:  4  4 10 10  1  2                                                                                   
   112:  6  6  2  2  1  2                                                                                   
   113:  6  6  4  4  1  2                                                                                   
   114:  6  6  6  6  1  2                                                                                   
   115:  6  6  8  8  1  2                                                                                   
   116:  8  8  2  2  1  2                                                                                   
   117:  8  8  4  4  1  2                                                                                   
   118:  8  8  6  6  1  2                                                                                   
   119:  8  8  8  8  1  2                                                                                   
   120: 10 10  2  2  1  2                                                                                   
   121: 10 10  4  4  1  2                                                                                   
   122:  0  0  0  0  0  0                                                                                   
   123:  3     ! 270 degree counter clock-wise                                                              
   124:  1  1  2  2  1  2                                                                                   
   125:  1  1  4  4  1  2                                                                                   
   126:  1  1  6  6  1  2                                                                                   
   127:  1  1  8  8  1  2                                                                                   
   128:  1  1 10 10  1  2                                                                                   
   129:  3  3  2  2  1  2                                                                                   
   130:  3  3  4  4  1  2                                                                                   
   131:  3  3  6  6  1  2                                                                                   
   132:  3  3  8  8  1  2                                                                                   
   133:  3  3 10 10  1  2                                                                                   
   134:  5  5  2  2  1  2                                                                                   
   135:  5  5  4  4  1  2                                                                                   
   136:  5  5  6  6  1  2                                                                                   
   137:  5  5  8  8  1  2                                                                                   
   138:  7  7  2  2  1  2                                                                                   
   139:  7  7  4  4  1  2                                                                                   
   140:  7  7  6  6  1  2                                                                                   
   141:  7  7  8  8  1  2                                                                                   
   142:  9  9  2  2  1  2                                                                                   
   143:  9  9  4  4  1  2                                                                                   
   144:  9  9  6  6  1  2                                                                                   
   145: 11 11  2  2  1  2                                                                                   
   146:  0  0  0  0  0  0                                                                                   
   147:  0   ! ADF INPUTS END                                                                               
   148:  ! ADF PRINT (OPTIONAL)                                                                             
   149:  1                                                                                                  
  ========================================INPUT DATA   ENDS HERE=====================================



                                             START READING INPUT
  ***************************************************************************************************
  CALCULATION MODE :                      FORWARD CALCULATION

  CASE ID :   DVP                                                                                               
   PROBLEM TEST                                                                                      


            >>>> READING MACROSCOPIC CROSS SECTIONS <<<<
            --------------------------------------------

     MATERIAL  1
    GROUP   TRANSPORT    DIFFUSION  ABSORPTION    REMOVAL      NU*FISS      FISSION    FISS. SPCTR
       1     0.205740    1.620168    0.006540    0.021160     0.004150     0.004150     1.000000
       2     0.688660    0.484032    0.048500    0.048500     0.060990     0.060990     0.000000
   --SCATTERING MATRIX--
     G/G'          1          2
      1        0.000000    0.014620
      2        0.000000    0.000000

     MATERIAL  2
    GROUP   TRANSPORT    DIFFUSION  ABSORPTION    REMOVAL      NU*FISS      FISSION    FISS. SPCTR
       1     0.237930    1.400972    0.009440    0.027420     0.004370     0.004370     1.000000
       2     0.853480    0.390558    0.066610    0.066610     0.071420     0.071420     0.000000
   --SCATTERING MATRIX--
     G/G'          1          2
      1        0.000000    0.017980
      2        0.000000    0.000000

     MATERIAL  3
    GROUP   TRANSPORT    DIFFUSION  ABSORPTION    REMOVAL      NU*FISS      FISSION    FISS. SPCTR
       1     0.240900    1.383700    0.006960    0.027260     0.004370     0.004370     1.000000
       2     0.885510    0.376431    0.051060    0.051060     0.063300     0.063300     0.000000
   --SCATTERING MATRIX--
     G/G'          1          2
      1        0.000000    0.020300
      2        0.000000    0.000000

     MATERIAL  4
    GROUP   TRANSPORT    DIFFUSION  ABSORPTION    REMOVAL      NU*FISS      FISSION    FISS. SPCTR
       1     0.236000    1.412429    0.000038    0.045788     0.000000     0.000000     1.000000
       2     1.364220    0.244340    0.010310    0.010310     0.000000     0.000000     0.000000
   --SCATTERING MATRIX--
     G/G'          1          2
      1        0.000000    0.045750
      2        0.000000    0.000000

  ...Macroscopic CX Card is sucessfully read...


            >>>>>READING CORE GEOMETRY<<<<<
            -------------------------------
  Number of assembly in x, y and z directions respectively :
          12          12           2
  Number of nodes in x, y and z directions respectively :
          12          12           2

  x-directed nodes divison (delta-x)
    15.31  15.31  15.31  15.31  15.31  15.31  15.31  15.31  15.31  15.31
    15.31  15.31
  y-directed nodes divison (delta-y)
    15.31  15.31  15.31  15.31  15.31  15.31  15.31  15.31  15.31  15.31
    15.31  15.31

  Planar Region :  1
        1  2  3  4  5  6  7  8  9 10 11 12
    12  4  4  4  4  4  4  4  4  4          
    11  1  1  3  4  4  4  4  4  4  4       
    10  1  3  3  1  4  4  4  4  4  4  4    
     9  1  3  3  3  1  1  3  4  4  4  4  4 
     8  1  3  3  1  1  1  3  3  4  4  4  4 
     7  1  1  1  1  1  1  1  3  3  4  4  4 
     6  1  1  1  1  1  1  1  3  1  4  4  4 
     5  1  2  2  1  1  3  3  3  1  4  4  4 
     4  1  2  2  1  1  3  3  1  3  1  4  4 
     3  1  1  1  1  1  1  1  1  1  3  3  4 
     2  1  1  1  1  1  1  1  1  1  3  1  4 
     1  1  2  2  1  1  2  2  1  1  3  1  4 

  Planar Region Assignment to planes.
 --------------------------------------
   Plane Number     Planar Region    delta-z
        2 (TOP)            1          15.31
        1 (BOTTOM)         1          15.31

   Boundary conditions
  X-directed West   : REFLECTIVE
  X-directed East   : ZERO FLUX
  Y-directed North  : ZERO FLUX
  Y-directed South  : REFLECTIVE
  Z-directed Bottom : REFLECTIVE
  Z-directed Top    : REFLECTIVE

  ...Core geometry is sucessfully read...


          >>>>>READING ASSEMBLY DISCONTINUITY FACTOR<<<<<
          -----------------------------------------------

  ADF VALUES ON PLANAR NUMBER :   1

    GROUP :   1

   EAST ADF
           1       2       3       4       5       6       7       8       9      10      11      12
    12  1.0000  1.0000  1.0000  1.0000  1.0000  1.0000  1.0000  1.0000  1.0000                        
    11  0.9966  0.9288  0.9989  1.0000  1.0000  1.0000  1.0000  1.0000  1.0000  1.0000                
    10  0.9966  0.9114  0.9989  0.9288  1.0000  1.0000  1.0000  1.0000  1.0000  1.0000  1.0000        
     9  0.9966  0.9114  0.9989  0.9114  0.9966  0.9288  0.9989  1.0000  1.0000  1.0000  1.0000  1.0000
     8  0.9966  0.9114  0.9989  0.9288  0.9966  0.9288  0.9989  0.9114  1.0000  1.0000  1.0000  1.0000
     7  0.9966  0.9288  0.9966  0.9288  0.9966  0.9288  0.9966  0.9114  0.9989  1.0000  1.0000  1.0000
     6  0.9966  0.9288  0.9966  0.9288  0.9966  0.9288  0.9966  0.9114  0.9966  1.0000  1.0000  1.0000
     5  0.9966  0.8423  1.0787  0.9288  0.9966  0.9114  0.9989  0.9114  0.9966  1.0000  1.0000  1.0000
     4  0.9966  0.8423  1.0787  0.9288  0.9966  0.9114  0.9989  0.9288  0.9989  0.9288  1.0000  1.0000
     3  0.9966  0.9288  0.9966  0.9288  0.9966  0.9288  0.9966  0.9288  0.9966  0.9114  0.9989  1.0000
     2  0.9966  0.9288  0.9966  0.9288  0.9966  0.9288  0.9966  0.9288  0.9966  0.9114  0.9966  1.0000
     1  0.9966  0.8423  1.0787  0.9288  0.9966  0.8423  1.0787  0.9288  0.9966  0.9114  0.9966  1.0000


   WEST ADF
           1       2       3       4       5       6       7       8       9      10      11      12
    12  1.0000  1.0000  1.0000  1.0000  1.0000  1.0000  1.0000  1.0000  1.0000                        
    11  0.9288  0.9966  0.9114  1.0000  1.0000  1.0000  1.0000  1.0000  1.0000  1.0000                
    10  0.9288  0.9989  0.9114  0.9966  1.0000  1.0000  1.0000  1.0000  1.0000  1.0000  1.0000        
     9  0.9288  0.9989  0.9114  0.9989  0.9288  0.9966  0.9114  1.0000  1.0000  1.0000  1.0000  1.0000
     8  0.9288  0.9989  0.9114  0.9966  0.9288  0.9966  0.9114  0.9989  1.0000  1.0000  1.0000  1.0000
     7  0.9288  0.9966  0.9288  0.9966  0.9288  0.9966  0.9288  0.9989  0.9114  1.0000  1.0000  1.0000
     6  0.9288  0.9966  0.9288  0.9966  0.9288  0.9966  0.9288  0.9989  0.9288  1.0000  1.0000  1.0000
     5  0.9288  1.0787  0.8423  0.9966  0.9288  0.9989  0.9114  0.9989  0.9288  1.0000  1.0000  1.0000
     4  0.9288  1.0787  0.8423  0.9966  0.9288  0.9989  0.9114  0.9966  0.9114  0.9966  1.0000  1.0000
     3  0.9288  0.9966  0.9288  0.9966  0.9288  0.9966  0.9288  0.9966  0.9288  0.9989  0.9114  1.0000
     2  0.9288  0.9966  0.9288  0.9966  0.9288  0.9966  0.9288  0.9966  0.9288  0.9989  0.9288  1.0000
     1  0.9288  1.0787  0.8423  0.9966  0.9288  1.0787  0.8423  0.9966  0.9288  0.9989  0.9288  1.0000


   NORTH ADF
           1       2       3       4       5       6       7       8       9      10      11      12
    12  1.0000  1.0000  1.0000  1.0000  1.0000  1.0000  1.0000  1.0000  1.0000                        
    11  0.9966  0.9966  0.9989  1.0000  1.0000  1.0000  1.0000  1.0000  1.0000  1.0000                
    10  0.9288  0.9114  0.9114  0.9288  1.0000  1.0000  1.0000  1.0000  1.0000  1.0000  1.0000        
     9  0.9966  0.9989  0.9989  0.9989  0.9966  0.9966  0.9989  1.0000  1.0000  1.0000  1.0000  1.0000
     8  0.9288  0.9114  0.9114  0.9288  0.9288  0.9288  0.9114  0.9114  1.0000  1.0000  1.0000  1.0000
     7  0.9966  0.9966  0.9966  0.9966  0.9966  0.9966  0.9966  0.9989  0.9989  1.0000  1.0000  1.0000
     6  0.9288  0.9288  0.9288  0.9288  0.9288  0.9288  0.9288  0.9114  0.9288  1.0000  1.0000  1.0000
     5  0.9966  1.0787  1.0787  0.9966  0.9966  0.9989  0.9989  0.9989  0.9966  1.0000  1.0000  1.0000
     4  0.9288  0.8423  0.8423  0.9288  0.9288  0.9114  0.9114  0.9288  0.9114  0.9288  1.0000  1.0000
     3  0.9966  0.9966  0.9966  0.9966  0.9966  0.9966  0.9966  0.9966  0.9966  0.9989  0.9989  1.0000
     2  0.9288  0.9288  0.9288  0.9288  0.9288  0.9288  0.9288  0.9288  0.9288  0.9114  0.9288  1.0000
     1  0.9966  1.0787  1.0787  0.9966  0.9966  1.0787  1.0787  0.9966  0.9966  0.9989  0.9966  1.0000


   SOUTH ADF
           1       2       3       4       5       6       7       8       9      10      11      12
    12  1.0000  1.0000  1.0000  1.0000  1.0000  1.0000  1.0000  1.0000  1.0000                        
    11  0.9288  0.9288  0.9114  1.0000  1.0000  1.0000  1.0000  1.0000  1.0000  1.0000                
    10  0.9966  0.9989  0.9989  0.9966  1.0000  1.0000  1.0000  1.0000  1.0000  1.0000  1.0000        
     9  0.9288  0.9114  0.9114  0.9114  0.9288  0.9288  0.9114  1.0000  1.0000  1.0000  1.0000  1.0000
     8  0.9966  0.9989  0.9989  0.9966  0.9966  0.9966  0.9989  0.9989  1.0000  1.0000  1.0000  1.0000
     7  0.9288  0.9288  0.9288  0.9288  0.9288  0.9288  0.9288  0.9114  0.9114  1.0000  1.0000  1.0000
     6  0.9966  0.9966  0.9966  0.9966  0.9966  0.9966  0.9966  0.9989  0.9966  1.0000  1.0000  1.0000
     5  0.9288  0.8423  0.8423  0.9288  0.9288  0.9114  0.9114  0.9114  0.9288  1.0000  1.0000  1.0000
     4  0.9966  1.0787  1.0787  0.9966  0.9966  0.9989  0.9989  0.9966  0.9989  0.9966  1.0000  1.0000
     3  0.9288  0.9288  0.9288  0.9288  0.9288  0.9288  0.9288  0.9288  0.9288  0.9114  0.9114  1.0000
     2  0.9966  0.9966  0.9966  0.9966  0.9966  0.9966  0.9966  0.9966  0.9966  0.9989  0.9966  1.0000
     1  0.9288  0.8423  0.8423  0.9288  0.9288  0.8423  0.8423  0.9288  0.9288  0.9114  0.9288  1.0000


   TOP ADF
           1       2       3       4       5       6       7       8       9      10      11      12
    12  1.0000  1.0000  1.0000  1.0000  1.0000  1.0000  1.0000  1.0000  1.0000                        
    11  1.0000  1.0000  1.0000  1.0000  1.0000  1.0000  1.0000  1.0000  1.0000  1.0000                
    10  1.0000  1.0000  1.0000  1.0000  1.0000  1.0000  1.0000  1.0000  1.0000  1.0000  1.0000        
     9  1.0000  1.0000  1.0000  1.0000  1.0000  1.0000  1.0000  1.0000  1.0000  1.0000  1.0000  1.0000
     8  1.0000  1.0000  1.0000  1.0000  1.0000  1.0000  1.0000  1.0000  1.0000  1.0000  1.0000  1.0000
     7  1.0000  1.0000  1.0000  1.0000  1.0000  1.0000  1.0000  1.0000  1.0000  1.0000  1.0000  1.0000
     6  1.0000  1.0000  1.0000  1.0000  1.0000  1.0000  1.0000  1.0000  1.0000  1.0000  1.0000  1.0000
     5  1.0000  1.0000  1.0000  1.0000  1.0000  1.0000  1.0000  1.0000  1.0000  1.0000  1.0000  1.0000
     4  1.0000  1.0000  1.0000  1.0000  1.0000  1.0000  1.0000  1.0000  1.0000  1.0000  1.0000  1.0000
     3  1.0000  1.0000  1.0000  1.0000  1.0000  1.0000  1.0000  1.0000  1.0000  1.0000  1.0000  1.0000
     2  1.0000  1.0000  1.0000  1.0000  1.0000  1.0000  1.0000  1.0000  1.0000  1.0000  1.0000  1.0000
     1  1.0000  1.0000  1.0000  1.0000  1.0000  1.0000  1.0000  1.0000  1.0000  1.0000  1.0000  1.0000


   BOTTOM ADF
           1       2       3       4       5       6       7       8       9      10      11      12
    12  1.0000  1.0000  1.0000  1.0000  1.0000  1.0000  1.0000  1.0000  1.0000                        
    11  1.0000  1.0000  1.0000  1.0000  1.0000  1.0000  1.0000  1.0000  1.0000  1.0000                
    10  1.0000  1.0000  1.0000  1.0000  1.0000  1.0000  1.0000  1.0000  1.0000  1.0000  1.0000        
     9  1.0000  1.0000  1.0000  1.0000  1.0000  1.0000  1.0000  1.0000  1.0000  1.0000  1.0000  1.0000
     8  1.0000  1.0000  1.0000  1.0000  1.0000  1.0000  1.0000  1.0000  1.0000  1.0000  1.0000  1.0000
     7  1.0000  1.0000  1.0000  1.0000  1.0000  1.0000  1.0000  1.0000  1.0000  1.0000  1.0000  1.0000
     6  1.0000  1.0000  1.0000  1.0000  1.0000  1.0000  1.0000  1.0000  1.0000  1.0000  1.0000  1.0000
     5  1.0000  1.0000  1.0000  1.0000  1.0000  1.0000  1.0000  1.0000  1.0000  1.0000  1.0000  1.0000
     4  1.0000  1.0000  1.0000  1.0000  1.0000  1.0000  1.0000  1.0000  1.0000  1.0000  1.0000  1.0000
     3  1.0000  1.0000  1.0000  1.0000  1.0000  1.0000  1.0000  1.0000  1.0000  1.0000  1.0000  1.0000
     2  1.0000  1.0000  1.0000  1.0000  1.0000  1.0000  1.0000  1.0000  1.0000  1.0000  1.0000  1.0000
     1  1.0000  1.0000  1.0000  1.0000  1.0000  1.0000  1.0000  1.0000  1.0000  1.0000  1.0000  1.0000




    GROUP :   2

   EAST ADF
           1       2       3       4       5       6       7       8       9      10      11      12
    12  1.0000  1.0000  1.0000  1.0000  1.0000  1.0000  1.0000  1.0000  1.0000                        
    11  1.1332  1.6570  1.1664  1.0000  1.0000  1.0000  1.0000  1.0000  1.0000  1.0000                
    10  1.1332  1.5805  1.1664  1.6570  1.0000  1.0000  1.0000  1.0000  1.0000  1.0000  1.0000        
     9  1.1332  1.5805  1.1664  1.5805  1.1332  1.6570  1.1664  1.0000  1.0000  1.0000  1.0000  1.0000
     8  1.1332  1.5805  1.1664  1.6570  1.1332  1.6570  1.1664  1.5805  1.0000  1.0000  1.0000  1.0000
     7  1.1332  1.6570  1.1332  1.6570  1.1332  1.6570  1.1332  1.5805  1.1664  1.0000  1.0000  1.0000
     6  1.1332  1.6570  1.1332  1.6570  1.1332  1.6570  1.1332  1.5805  1.1332  1.0000  1.0000  1.0000
     5  1.1332  0.6809  1.6423  1.6570  1.1332  1.5805  1.1664  1.5805  1.1332  1.0000  1.0000  1.0000
     4  1.1332  0.6809  1.6423  1.6570  1.1332  1.5805  1.1664  1.6570  1.1664  1.6570  1.0000  1.0000
     3  1.1332  1.6570  1.1332  1.6570  1.1332  1.6570  1.1332  1.6570  1.1332  1.5805  1.1664  1.0000
     2  1.1332  1.6570  1.1332  1.6570  1.1332  1.6570  1.1332  1.6570  1.1332  1.5805  1.1332  1.0000
     1  1.1332  0.6809  1.6423  1.6570  1.1332  0.6809  1.6423  1.6570  1.1332  1.5805  1.1332  1.0000


   WEST ADF
           1       2       3       4       5       6       7       8       9      10      11      12
    12  1.0000  1.0000  1.0000  1.0000  1.0000  1.0000  1.0000  1.0000  1.0000                        
    11  1.6570  1.1332  1.5805  1.0000  1.0000  1.0000  1.0000  1.0000  1.0000  1.0000                
    10  1.6570  1.1664  1.5805  1.1332  1.0000  1.0000  1.0000  1.0000  1.0000  1.0000  1.0000        
     9  1.6570  1.1664  1.5805  1.1664  1.6570  1.1332  1.5805  1.0000  1.0000  1.0000  1.0000  1.0000
     8  1.6570  1.1664  1.5805  1.1332  1.6570  1.1332  1.5805  1.1664  1.0000  1.0000  1.0000  1.0000
     7  1.6570  1.1332  1.6570  1.1332  1.6570  1.1332  1.6570  1.1664  1.5805  1.0000  1.0000  1.0000
     6  1.6570  1.1332  1.6570  1.1332  1.6570  1.1332  1.6570  1.1664  1.6570  1.0000  1.0000  1.0000
     5  1.6570  1.6423  0.6809  1.1332  1.6570  1.1664  1.5805  1.1664  1.6570  1.0000  1.0000  1.0000
     4  1.6570  1.6423  0.6809  1.1332  1.6570  1.1664  1.5805  1.1332  1.5805  1.1332  1.0000  1.0000
     3  1.6570  1.1332  1.6570  1.1332  1.6570  1.1332  1.6570  1.1332  1.6570  1.1664  1.5805  1.0000
     2  1.6570  1.1332  1.6570  1.1332  1.6570  1.1332  1.6570  1.1332  1.6570  1.1664  1.6570  1.0000
     1  1.6570  1.6423  0.6809  1.1332  1.6570  1.6423  0.6809  1.1332  1.6570  1.1664  1.6570  1.0000


   NORTH ADF
           1       2       3       4       5       6       7       8       9      10      11      12
    12  1.0000  1.0000  1.0000  1.0000  1.0000  1.0000  1.0000  1.0000  1.0000                        
    11  1.1332  1.1332  1.1664  1.0000  1.0000  1.0000  1.0000  1.0000  1.0000  1.0000                
    10  1.6570  1.5805  1.5805  1.6570  1.0000  1.0000  1.0000  1.0000  1.0000  1.0000  1.0000        
     9  1.1332  1.1664  1.1664  1.1664  1.1332  1.1332  1.1664  1.0000  1.0000  1.0000  1.0000  1.0000
     8  1.6570  1.5805  1.5805  1.6570  1.6570  1.6570  1.5805  1.5805  1.0000  1.0000  1.0000  1.0000
     7  1.1332  1.1332  1.1332  1.1332  1.1332  1.1332  1.1332  1.1664  1.1664  1.0000  1.0000  1.0000
     6  1.6570  1.6570  1.6570  1.6570  1.6570  1.6570  1.6570  1.5805  1.6570  1.0000  1.0000  1.0000
     5  1.1332  1.6423  1.6423  1.1332  1.1332  1.1664  1.1664  1.1664  1.1332  1.0000  1.0000  1.0000
     4  1.6570  0.6809  0.6809  1.6570  1.6570  1.5805  1.5805  1.6570  1.5805  1.6570  1.0000  1.0000
     3  1.1332  1.1332  1.1332  1.1332  1.1332  1.1332  1.1332  1.1332  1.1332  1.1664  1.1664  1.0000
     2  1.6570  1.6570  1.6570  1.6570  1.6570  1.6570  1.6570  1.6570  1.6570  1.5805  1.6570  1.0000
     1  1.1332  1.6423  1.6423  1.1332  1.1332  1.6423  1.6423  1.1332  1.1332  1.1664  1.1332  1.0000


   SOUTH ADF
           1       2       3       4       5       6       7       8       9      10      11      12
    12  1.0000  1.0000  1.0000  1.0000  1.0000  1.0000  1.0000  1.0000  1.0000                        
    11  1.6570  1.6570  1.5805  1.0000  1.0000  1.0000  1.0000  1.0000  1.0000  1.0000                
    10  1.1332  1.1664  1.1664  1.1332  1.0000  1.0000  1.0000  1.0000  1.0000  1.0000  1.0000        
     9  1.6570  1.5805  1.5805  1.5805  1.6570  1.6570  1.5805  1.0000  1.0000  1.0000  1.0000  1.0000
     8  1.1332  1.1664  1.1664  1.1332  1.1332  1.1332  1.1664  1.1664  1.0000  1.0000  1.0000  1.0000
     7  1.6570  1.6570  1.6570  1.6570  1.6570  1.6570  1.6570  1.5805  1.5805  1.0000  1.0000  1.0000
     6  1.1332  1.1332  1.1332  1.1332  1.1332  1.1332  1.1332  1.1664  1.1332  1.0000  1.0000  1.0000
     5  1.6570  0.6809  0.6809  1.6570  1.6570  1.5805  1.5805  1.5805  1.6570  1.0000  1.0000  1.0000
     4  1.1332  1.6423  1.6423  1.1332  1.1332  1.1664  1.1664  1.1332  1.1664  1.1332  1.0000  1.0000
     3  1.6570  1.6570  1.6570  1.6570  1.6570  1.6570  1.6570  1.6570  1.6570  1.5805  1.5805  1.0000
     2  1.1332  1.1332  1.1332  1.1332  1.1332  1.1332  1.1332  1.1332  1.1332  1.1664  1.1332  1.0000
     1  1.6570  0.6809  0.6809  1.6570  1.6570  0.6809  0.6809  1.6570  1.6570  1.5805  1.6570  1.0000


   TOP ADF
           1       2       3       4       5       6       7       8       9      10      11      12
    12  1.0000  1.0000  1.0000  1.0000  1.0000  1.0000  1.0000  1.0000  1.0000                        
    11  1.0000  1.0000  1.0000  1.0000  1.0000  1.0000  1.0000  1.0000  1.0000  1.0000                
    10  1.0000  1.0000  1.0000  1.0000  1.0000  1.0000  1.0000  1.0000  1.0000  1.0000  1.0000        
     9  1.0000  1.0000  1.0000  1.0000  1.0000  1.0000  1.0000  1.0000  1.0000  1.0000  1.0000  1.0000
     8  1.0000  1.0000  1.0000  1.0000  1.0000  1.0000  1.0000  1.0000  1.0000  1.0000  1.0000  1.0000
     7  1.0000  1.0000  1.0000  1.0000  1.0000  1.0000  1.0000  1.0000  1.0000  1.0000  1.0000  1.0000
     6  1.0000  1.0000  1.0000  1.0000  1.0000  1.0000  1.0000  1.0000  1.0000  1.0000  1.0000  1.0000
     5  1.0000  1.0000  1.0000  1.0000  1.0000  1.0000  1.0000  1.0000  1.0000  1.0000  1.0000  1.0000
     4  1.0000  1.0000  1.0000  1.0000  1.0000  1.0000  1.0000  1.0000  1.0000  1.0000  1.0000  1.0000
     3  1.0000  1.0000  1.0000  1.0000  1.0000  1.0000  1.0000  1.0000  1.0000  1.0000  1.0000  1.0000
     2  1.0000  1.0000  1.0000  1.0000  1.0000  1.0000  1.0000  1.0000  1.0000  1.0000  1.0000  1.0000
     1  1.0000  1.0000  1.0000  1.0000  1.0000  1.0000  1.0000  1.0000  1.0000  1.0000  1.0000  1.0000


   BOTTOM ADF
           1       2       3       4       5       6       7       8       9      10      11      12
    12  1.0000  1.0000  1.0000  1.0000  1.0000  1.0000  1.0000  1.0000  1.0000                        
    11  1.0000  1.0000  1.0000  1.0000  1.0000  1.0000  1.0000  1.0000  1.0000  1.0000                
    10  1.0000  1.0000  1.0000  1.0000  1.0000  1.0000  1.0000  1.0000  1.0000  1.0000  1.0000        
     9  1.0000  1.0000  1.0000  1.0000  1.0000  1.0000  1.0000  1.0000  1.0000  1.0000  1.0000  1.0000
     8  1.0000  1.0000  1.0000  1.0000  1.0000  1.0000  1.0000  1.0000  1.0000  1.0000  1.0000  1.0000
     7  1.0000  1.0000  1.0000  1.0000  1.0000  1.0000  1.0000  1.0000  1.0000  1.0000  1.0000  1.0000
     6  1.0000  1.0000  1.0000  1.0000  1.0000  1.0000  1.0000  1.0000  1.0000  1.0000  1.0000  1.0000
     5  1.0000  1.0000  1.0000  1.0000  1.0000  1.0000  1.0000  1.0000  1.0000  1.0000  1.0000  1.0000
     4  1.0000  1.0000  1.0000  1.0000  1.0000  1.0000  1.0000  1.0000  1.0000  1.0000  1.0000  1.0000
     3  1.0000  1.0000  1.0000  1.0000  1.0000  1.0000  1.0000  1.0000  1.0000  1.0000  1.0000  1.0000
     2  1.0000  1.0000  1.0000  1.0000  1.0000  1.0000  1.0000  1.0000  1.0000  1.0000  1.0000  1.0000
     1  1.0000  1.0000  1.0000  1.0000  1.0000  1.0000  1.0000  1.0000  1.0000  1.0000  1.0000  1.0000



   ...Assembly Discontinuity Factors are sucessfully read...


  **********************************  STOP READING INPUT  *******************************************


  ================================================================================================
                                        CALCULATION RESULTS
  ================================================================================================

   Itr     k-eff     Fis.Src Error   Inner Error
  ----------------------------------------------------
    1     1.422201    4.36517E+00    2.80160E+00
    2     1.241539    1.00000E+00    9.20961E-01
    3     1.091294    3.33699E-01    2.73362E-01
    4     1.037118    2.14712E-01    2.60026E-01
    5     0.993198    5.34383E-01    2.49116E-01
    6     1.017364    5.99691E-02    2.40387E-01
    7     1.017038    8.11036E-02    2.32873E-01
    8     1.017739    7.24609E-02    2.26384E-01
    9     1.018731    6.16935E-02    2.20183E-01
   10     1.026180    5.86957E-01    2.13893E-01
   11     1.022801    1.86611E-01    2.07767E-01
   12     1.024233    1.37036E-02    1.99647E-01
   13     1.024599    1.37350E-02    1.92002E-01
   14     1.024787    1.39682E-02    1.82482E-01
   15     1.027129    2.39498E-01    1.70844E-01
   16     1.025637    9.06312E-02    1.58595E-01
   17     1.026356    6.41472E-03    1.42068E-01
   18     1.026455    4.66235E-03    1.27512E-01
   19     1.026461    4.11194E-03    1.11178E-01
   20     1.026427    1.12873E-01    9.38720E-02
   21     1.026304    4.74999E-02    7.78975E-02
   22     1.026586    5.77660E-03    6.21861E-02
   23     1.026642    3.66340E-03    5.06130E-02
   24     1.026656    3.11301E-03    3.98779E-02
   25     1.026882    9.58310E-02    3.06491E-02
   26     1.026572    4.88019E-02    2.36911E-02
   27     1.026752    2.35807E-03    1.78252E-02
   28     1.026784    1.35450E-03    1.37225E-02
   29     1.026786    1.10494E-03    1.08096E-02
   30     1.026739    1.12948E-02    8.30541E-03
   31     1.026765    4.45328E-03    6.41839E-03
   32     1.026748    7.97673E-04    4.93977E-03
   33     1.026748    6.07827E-04    3.86427E-03
   34     1.026750    5.49453E-04    3.00444E-03
   35     1.026834    2.44950E-02    2.32049E-03
   36     1.026753    9.90545E-03    3.16735E-03
   37     1.026781    9.73216E-04    1.55978E-03
   38     1.026790    4.93589E-04    1.25549E-03
   39     1.026793    3.61227E-04    1.08137E-03
   40     1.026801    4.35112E-03    8.66882E-04
   41     1.026793    2.00368E-03    7.01929E-04
   42     1.026785    2.61171E-04    5.54521E-04
   43     1.026785    1.85626E-04    4.85139E-04
   44     1.026785    1.63552E-04    4.04028E-04
   45     1.026796    6.21843E-03    3.30913E-04
   46     1.026788    2.79558E-03    7.68192E-04
   47     1.026788    3.28241E-04    3.87595E-04
   48     1.026790    1.90932E-04    3.09235E-04
   49     1.026791    1.46223E-04    2.42204E-04
   50     1.026798    1.99271E-03    1.88430E-04
   51     1.026792    9.10069E-04    2.29995E-04
   52     1.026790    9.97502E-05    1.48125E-04
   53     1.026790    7.33280E-05    1.14638E-04
   54     1.026790    6.48623E-05    9.26352E-05
   55     1.026798    2.18380E-03    7.58837E-05
   56     1.026792    8.79145E-04    2.51293E-04
   57     1.026792    1.18634E-04    1.35999E-04
   58     1.026793    7.28258E-05    1.08762E-04
   59     1.026793    5.70144E-05    8.54241E-05
   60     1.026794    7.31568E-04    6.70663E-05
   61     1.026793    3.27444E-04    8.55989E-05
   62     1.026792    3.95184E-05    5.16269E-05
   63     1.026793    2.93023E-05    4.10331E-05
   64     1.026793    2.55271E-05    3.30843E-05
   65     1.026796    8.53412E-04    2.75688E-05
   66     1.026794    3.53817E-04    1.02678E-04
   67     1.026793    4.69021E-05    5.31542E-05
   68     1.026793    2.93798E-05    4.21937E-05
   69     1.026794    2.28008E-05    3.37450E-05
   70     1.026795    2.94413E-04    2.57265E-05
   71     1.026794    1.29791E-04    3.48506E-05
   72     1.026793    1.52375E-05    2.05545E-05
   73     1.026793    1.16372E-05    1.62803E-05
   74     1.026794    1.00678E-05    1.34720E-05
   75     1.026794    2.34911E-05    1.11098E-05
   76     1.026794    3.24687E-06    9.18505E-06

 MULTIPLICATION EFFECTIVE (K-EFF) =  1.026794


     Radial Power Distribution
   ==============================
           1       2       3       4       5       6       7       8       9      10      11      12
    12                                                                                                
    11   0.565   0.529   0.535                                                                        
    10   0.888   1.036   0.907   0.629                                                                
     9   1.195   1.442   1.334   1.075   0.754   0.578   0.516                                        
     8   1.363   1.635   1.545   1.148   0.958   0.821   0.806   0.575                                
     7   1.358   1.364   1.322   1.237   1.153   1.048   0.926   0.819   0.513                        
     6   1.249   1.213   1.210   1.247   1.266   1.237   1.125   1.035   0.572                        
     5   1.102   0.892   0.916   1.199   1.332   1.625   1.513   1.204   0.715                        
     4   1.022   0.824   0.863   1.162   1.318   1.633   1.518   1.066   0.912   0.520                
     3   1.012   0.985   1.026   1.139   1.228   1.256   1.179   1.019   0.846   0.692   0.412        
     2   0.980   0.957   0.991   1.076   1.116   1.080   1.022   0.952   0.850   0.768   0.395        
     1   0.922   0.747   0.772   0.999   1.017   0.806   0.762   0.884   0.841   0.790   0.417        



   MAX POS.       Maximum Value
  (  8,  2)          1.635


     Axial Power Density Distribution
   ====================================

     Plane Number        Power      Height
    -----------------------------------------
         2  (TOP)        1.000       30.63
         1  (BOTTOM)     1.000       15.31

   MAX POS.       Maximum Value
    (  1)             1.000


     Radial Flux Distribution
   ==============================
    Group :   1
             1          2          3          4          5          6          7          8          9         10         11         12
    12   9.864E-04  8.845E-04  5.891E-04  1.858E-04  3.071E-05                                                                              
    11   5.680E-03  5.155E-03  3.936E-03  1.325E-03  3.047E-04  8.111E-05  4.187E-05  1.248E-05                                             
    10   1.011E-02  9.516E-03  8.123E-03  5.597E-03  1.979E-03  1.076E-03  6.186E-04  1.752E-04  2.371E-05                                  
     9   1.358E-02  1.311E-02  1.194E-02  9.851E-03  7.418E-03  5.676E-03  3.831E-03  1.098E-03  2.055E-04  2.371E-05                       
     8   1.554E-02  1.514E-02  1.427E-02  1.289E-02  1.114E-02  9.426E-03  7.413E-03  4.437E-03  1.095E-03  1.738E-04  1.231E-05            
     7   1.577E-02  1.554E-02  1.506E-02  1.437E-02  1.344E-02  1.218E-02  1.039E-02  7.419E-03  3.793E-03  6.076E-04  4.093E-05            
     6   1.453E-02  1.397E-02  1.392E-02  1.450E-02  1.471E-02  1.408E-02  1.251E-02  9.529E-03  5.504E-03  1.030E-03  7.535E-05            
     5   1.268E-02  9.997E-03  1.027E-02  1.380E-02  1.517E-02  1.503E-02  1.374E-02  1.102E-02  6.906E-03  1.766E-03  2.577E-04  2.515E-05 
     4   1.175E-02  9.233E-03  9.667E-03  1.337E-02  1.500E-02  1.510E-02  1.399E-02  1.179E-02  8.512E-03  4.636E-03  1.063E-03  1.455E-04 
     3   1.177E-02  1.133E-02  1.181E-02  1.325E-02  1.426E-02  1.429E-02  1.342E-02  1.180E-02  9.508E-03  6.340E-03  3.029E-03  4.493E-04 
     2   1.140E-02  1.101E-02  1.140E-02  1.253E-02  1.298E-02  1.244E-02  1.176E-02  1.108E-02  9.689E-03  7.093E-03  3.835E-03  6.558E-04 
     1   1.061E-02  8.365E-03  8.656E-03  1.150E-02  1.170E-02  9.034E-03  8.533E-03  1.016E-02  9.583E-03  7.301E-03  4.086E-03  7.177E-04 



    Group :   2
             1          2          3          4          5          6          7          8          9         10         11         12
    12   6.805E-03  6.126E-03  4.498E-03  2.282E-03  7.474E-04  2.173E-04  8.235E-05  2.958E-05                                             
    11   5.451E-03  5.126E-03  5.180E-03  9.300E-03  4.407E-03  1.802E-03  9.062E-04  3.735E-04  8.678E-05  1.123E-05                       
    10   8.338E-03  9.692E-03  8.525E-03  6.196E-03  1.339E-02  8.456E-03  5.203E-03  2.393E-03  6.361E-04  1.063E-04  1.124E-05            
     9   1.124E-02  1.351E-02  1.253E-02  1.006E-02  7.296E-03  5.591E-03  4.995E-03  7.817E-03  2.920E-03  6.345E-04  8.618E-05            
     8   1.281E-02  1.527E-02  1.444E-02  1.082E-02  8.964E-03  7.702E-03  7.537E-03  5.528E-03  7.798E-03  2.371E-03  3.683E-04  2.911E-05 
     7   1.270E-02  1.281E-02  1.242E-02  1.157E-02  1.078E-02  9.796E-03  8.724E-03  7.677E-03  4.963E-03  5.095E-03  8.796E-04  7.908E-05 
     6   1.168E-02  1.137E-02  1.134E-02  1.165E-02  1.184E-02  1.162E-02  1.062E-02  9.677E-03  5.558E-03  8.055E-03  1.665E-03  1.938E-04 
     5   1.033E-02  7.098E-03  7.292E-03  1.124E-02  1.252E-02  1.518E-02  1.418E-02  1.127E-02  6.939E-03  1.196E-02  3.760E-03  6.162E-04 
     4   9.577E-03  6.561E-03  6.866E-03  1.089E-02  1.238E-02  1.526E-02  1.419E-02  1.008E-02  8.505E-03  5.124E-03  7.495E-03  1.793E-03 
     3   9.459E-03  9.232E-03  9.620E-03  1.065E-02  1.149E-02  1.180E-02  1.108E-02  9.536E-03  7.967E-03  6.473E-03  3.997E-03  3.432E-03 
     2   9.163E-03  8.966E-03  9.287E-03  1.006E-02  1.043E-02  1.013E-02  9.576E-03  8.902E-03  7.982E-03  7.176E-03  3.831E-03  4.541E-03 
     1   8.643E-03  5.942E-03  6.146E-03  9.367E-03  9.535E-03  6.414E-03  6.062E-03  8.282E-03  7.902E-03  7.382E-03  4.041E-03  4.959E-03 





 Total time :   0.171599999      seconds
