                       ###########################################################
                       #                     ADPRES 1.1                          #
                       #        ABU DHABI POLYTECHNIC REACTOR SIMULATOR          #
                       ###########################################################  


  ========================================INPUT DATA STARTS HERE=====================================
     1: ! IAEA3D Fixed Source input data                                                                    
     2: ! NODE SIZE = 20 cm                                                                                 
     3:                                                                                                     
     4: %MODE                                                                                               
     5: FIXEDSRC                                                                                            
     6: %CASE                                                                                               
     7: IAEA3D                                                                                              
     8: 20 CM NODE SIZE                                                                                     
     9: %   XSEC                                                                                            
    10: 2  5    ! Number of groups and number of materials                                                  
    11: ! sigtr   siga   nu*sigf sigf   chi   sigs_g1  sigs_g2                                              
    12: 0.222222  0.010  0.000   0.000     1.0   0.1922   0.020                                             
    13: 0.833333  0.080  0.0675  0.0675    0.0   0.000    0.7533   ! MAT1 : Outer Fuel                      
    14: 0.222222  0.010  0.000   0.000     1.0   0.1922   0.020                                             
    15: 0.833333  0.085  0.0675  0.0675    0.0   0.000    0.7483   ! MAT2 : Inner Fuel                      
    16: 0.222222  0.0100 0.000   0.000     1.0   0.1922   0.020                                             
    17: 0.833333  0.1300 0.0675  0.0675    0.0   0.000    0.7033   ! MAT3 : Inner Fuel + Control Rod        
    18: 0.166667  0.000  0.000   0.000     0.0   0.1267   0.040                                             
    19: 1.111111  0.010  0.000   0.000     0.0   0.000    1.1011   ! MAT4 : Reflector                       
    20: 0.166667  0.000  0.000   0.000     0.0   0.000    0.040                                             
    21: 1.111111  0.055  0.000   0.000     0.0   0.000    0.000    ! MAT5 : Reflector + Control Rod	        
    22: %GEOM                                                                                               
    23: 9 9 19     !nx, ny, nz                                                                              
    24: 10 8*20    !x-direction assembly size in cm                                                         
    25: 1  8*1     !x-direction assembly divided into 20 cm each                                            
    26: 8*20 10    !y-direction assembly size in cm                                                         
    27: 8*1  1     !y-direction assembly divided into 20 cm each                                            
    28: 19*20      !z-direction nodal  in cm                                                                
    29: 19*1       !z-direction assembly divided into 20 cm each                                            
    30: 4          !np number of planar type                                                                
    31: 1  13*2  4*3  4     !planar assignment (from bottom to top)                                         
    32: ! Planar_type_1 (Bottom Reflector)                                                                  
    33:   4  4  4  4  4  4  4  4  4                                                                         
    34:   4  4  4  4  4  4  4  4  4                                                                         
    35:   4  4  4  4  4  4  4  4  4                                                                         
    36:   4  4  4  4  4  4  4  4  4                                                                         
    37:   4  4  4  4  4  4  4  4  0                                                                         
    38:   4  4  4  4  4  4  4  4  0                                                                         
    39:   4  4  4  4  4  4  4  0  0                                                                         
    40:   4  4  4  4  4  4  0  0  0                                                                         
    41:   4  4  4  4  0  0  0  0  0                                                                         
    42: ! Planar_type_2 (Fuel)                                                                              
    43:   3  2  2  2  3  2  2  1  4                                                                         
    44:   2  2  2  2  2  2  2  1  4                                                                         
    45:   2  2  2  2  2  2  1  1  4                                                                         
    46:   2  2  2  2  2  2  1  4  4                                                                         
    47:   3  2  2  2  3  1  1  4  0                                                                         
    48:   2  2  2  2  1  1  4  4  0                                                                         
    49:   2  2  1  1  1  4  4  0  0                                                                         
    50:   1  1  1  4  4  4  0  0  0                                                                         
    51:   4  4  4  4  0  0  0  0  0                                                                         
    52: ! Planar_type_3 (Fuel+Partial Control Rods)                                                         
    53:   3  2  2  2  3  2  2  1  4                                                                         
    54:   2  2  2  2  2  2  2  1  4                                                                         
    55:   2  2  3  2  2  2  1  1  4                                                                         
    56:   2  2  2  2  2  2  1  4  4                                                                         
    57:   3  2  2  2  3  1  1  4  0                                                                         
    58:   2  2  2  2  1  1  4  4  0                                                                         
    59:   2  2  1  1  1  4  4  0  0                                                                         
    60:   1  1  1  4  4  4  0  0  0                                                                         
    61:   4  4  4  4  0  0  0  0  0                                                                         
    62: ! Planar_type_4 (Top reflectors)                                                                    
    63:   5  4  4  4  5  4  4  4  4                                                                         
    64:   4  4  4  4  4  4  4  4  4                                                                         
    65:   4  4  5  4  4  4  4  4  4                                                                         
    66:   4  4  4  4  4  4  4  4  4                                                                         
    67:   5  4  4  4  5  4  4  4  0                                                                         
    68:   4  4  4  4  4  4  4  4  0                                                                         
    69:   4  4  4  4  4  4  4  0  0                                                                         
    70:   4  4  4  4  4  4  0  0  0                                                                         
    71:   4  4  4  4  0  0  0  0  0                                                                         
    72: ! Boundary conditions (east), (west), (north), (south), (bottom), (top)                             
    73: 1 2 2 1 1 1                                                                                         
    74: %ESRC                                                                                               
    75: 2         ! Number of source                                                                        
    76: ! Repeat this input segment according to the number of sources                                      
    77: 1.0       ! Source Density (n/cm3.s)                                                                
    78: 1.0  0.0  ! Source energy spectrum                                                                  
    79: 10        ! z-position of the source                                                                
    80: 2  9      ! x-y position of the source                                                              
    81: 2  8                                                                                                
    82: 1  8                                                                                                
    83: 0  0      ! x-y position ends                                                                       
    84: 0         !  z-position ends                                                                        
    85: 2.0       ! Source Density (n/cm3.s)                                                                
    86: 1.0  0.0  ! Source energy spectrum                                                                  
    87: 10        ! z-position of the source                                                                
    88: 1  9      ! x-y position of the source                                                              
    89: 0  0      ! x-y position ends                                                                       
    90: 0         !  z-position ends                                                                        
  ========================================INPUT DATA   ENDS HERE=====================================



                                             START READING INPUT
  ***************************************************************************************************
  CALCULATION MODE :                 FIXED SOURCE CALCULATION

  CASE ID :   IAEA3D                                                                                            
   20 CM NODE SIZE                                                                                   


            >>>> READING MACROSCOPIC CROSS SECTIONS <<<<
            --------------------------------------------

     MATERIAL  1
    GROUP   TRANSPORT    DIFFUSION  ABSORPTION    REMOVAL      NU*FISS      KAP*FIS    FISS. SPCTR
       1     0.222222    1.500002    0.010000    0.030000     0.000000     0.000000     1.000000
       2     0.833333    0.400000    0.080000    0.080000     0.067500     0.067500     0.000000
   --SCATTERING MATRIX--
     G/G'          1          2
      1        0.192200    0.020000
      2        0.000000    0.753300

     MATERIAL  2
    GROUP   TRANSPORT    DIFFUSION  ABSORPTION    REMOVAL      NU*FISS      KAP*FIS    FISS. SPCTR
       1     0.222222    1.500002    0.010000    0.030000     0.000000     0.000000     1.000000
       2     0.833333    0.400000    0.085000    0.085000     0.067500     0.067500     0.000000
   --SCATTERING MATRIX--
     G/G'          1          2
      1        0.192200    0.020000
      2        0.000000    0.748300

     MATERIAL  3
    GROUP   TRANSPORT    DIFFUSION  ABSORPTION    REMOVAL      NU*FISS      KAP*FIS    FISS. SPCTR
       1     0.222222    1.500002    0.010000    0.030000     0.000000     0.000000     1.000000
       2     0.833333    0.400000    0.130000    0.130000     0.067500     0.067500     0.000000
   --SCATTERING MATRIX--
     G/G'          1          2
      1        0.192200    0.020000
      2        0.000000    0.703300

     MATERIAL  4
    GROUP   TRANSPORT    DIFFUSION  ABSORPTION    REMOVAL      NU*FISS      KAP*FIS    FISS. SPCTR
       1     0.166667    1.999996    0.000000    0.040000     0.000000     0.000000     0.000000
       2     1.111111    0.300000    0.010000    0.010000     0.000000     0.000000     0.000000
   --SCATTERING MATRIX--
     G/G'          1          2
      1        0.126700    0.040000
      2        0.000000    1.101100

     MATERIAL  5
    GROUP   TRANSPORT    DIFFUSION  ABSORPTION    REMOVAL      NU*FISS      KAP*FIS    FISS. SPCTR
       1     0.166667    1.999996    0.000000    0.040000     0.000000     0.000000     0.000000
       2     1.111111    0.300000    0.055000    0.055000     0.000000     0.000000     0.000000
   --SCATTERING MATRIX--
     G/G'          1          2
      1        0.000000    0.040000
      2        0.000000    0.000000

  ...Macroscopic CX Card is sucessfully read...


            >>>>>READING CORE GEOMETRY<<<<<
            -------------------------------
  Number of assembly in x, y and z directions respectively :
           9           9          19
  Number of nodes in x, y and z directions respectively :
           9           9          19

  x-directed nodes divison (delta-x)
    10.00  20.00  20.00  20.00  20.00  20.00  20.00  20.00  20.00
  y-directed nodes divison (delta-y)
    20.00  20.00  20.00  20.00  20.00  20.00  20.00  20.00  10.00

  Planar Region :  1
        1  2  3  4  5  6  7  8  9
     9  4  4  4  4  4  4  4  4  4 
     8  4  4  4  4  4  4  4  4  4 
     7  4  4  4  4  4  4  4  4  4 
     6  4  4  4  4  4  4  4  4  4 
     5  4  4  4  4  4  4  4  4    
     4  4  4  4  4  4  4  4  4    
     3  4  4  4  4  4  4  4       
     2  4  4  4  4  4  4          
     1  4  4  4  4                
  Planar Region :  2
        1  2  3  4  5  6  7  8  9
     9  3  2  2  2  3  2  2  1  4 
     8  2  2  2  2  2  2  2  1  4 
     7  2  2  2  2  2  2  1  1  4 
     6  2  2  2  2  2  2  1  4  4 
     5  3  2  2  2  3  1  1  4    
     4  2  2  2  2  1  1  4  4    
     3  2  2  1  1  1  4  4       
     2  1  1  1  4  4  4          
     1  4  4  4  4                
  Planar Region :  3
        1  2  3  4  5  6  7  8  9
     9  3  2  2  2  3  2  2  1  4 
     8  2  2  2  2  2  2  2  1  4 
     7  2  2  2  2  2  2  1  1  4 
     6  2  2  2  2  2  2  1  4  4 
     5  3  2  2  2  3  1  1  4    
     4  2  2  2  2  1  1  4  4    
     3  2  2  1  1  1  4  4       
     2  1  1  1  4  4  4          
     1  4  4  4  4                
  Planar Region :  4
        1  2  3  4  5  6  7  8  9
     9  3  2  2  2  3  2  2  1  4 
     8  2  2  2  2  2  2  2  1  4 
     7  2  2  2  2  2  2  1  1  4 
     6  2  2  2  2  2  2  1  4  4 
     5  3  2  2  2  3  1  1  4    
     4  2  2  2  2  1  1  4  4    
     3  2  2  1  1  1  4  4       
     2  1  1  1  4  4  4          
     1  4  4  4  4                

  Planar Region Assignment to planes.
 --------------------------------------
   Plane Number     Planar Region    delta-z
       19 (TOP)            4          20.00
       18                  3          20.00
       17                  3          20.00
       16                  3          20.00
       15                  3          20.00
       14                  2          20.00
       13                  2          20.00
       12                  2          20.00
       11                  2          20.00
       10                  2          20.00
        9                  2          20.00
        8                  2          20.00
        7                  2          20.00
        6                  2          20.00
        5                  2          20.00
        4                  2          20.00
        3                  2          20.00
        2                  2          20.00
        1 (BOTTOM)         1          20.00

   Boundary conditions
  X-directed West   : REFLECTIVE
  X-directed East   : ZERO INCOMING CURRENT
  Y-directed North  : REFLECTIVE
  Y-directed South  : ZERO INCOMING CURRENT
  Z-directed Bottom : ZERO INCOMING CURRENT
  Z-directed Top    : ZERO INCOMING CURRENT

  ...Core geometry is sucessfully read...


            >>>>>READING EXTRA SOURCE<<<<<
            -------------------------------
     SOURCE   1
 -----------------
  Source Density  :  1.000E+00  n/(m^3*s)
  Source Spectrum :  1.00  0.00
  Source Position 
   Plane number :  10
         1  2  3  4  5  6  7  8  9
      9  0  X  0  0  0  0  0  0  0
      8  X  X  0  0  0  0  0  0  0
      7  0  0  0  0  0  0  0  0  0
      6  0  0  0  0  0  0  0  0  0
      5  0  0  0  0  0  0  0  0  0
      4  0  0  0  0  0  0  0  0  0
      3  0  0  0  0  0  0  0  0  0
      2  0  0  0  0  0  0  0  0  0
      1  0  0  0  0  0  0  0  0  0

     SOURCE   2
 -----------------
  Source Density  :  2.000E+00  n/(m^3*s)
  Source Spectrum :  1.00  0.00
  Source Position 
   Plane number :  10
         1  2  3  4  5  6  7  8  9
      9  X  0  0  0  0  0  0  0  0
      8  0  0  0  0  0  0  0  0  0
      7  0  0  0  0  0  0  0  0  0
      6  0  0  0  0  0  0  0  0  0
      5  0  0  0  0  0  0  0  0  0
      4  0  0  0  0  0  0  0  0  0
      3  0  0  0  0  0  0  0  0  0
      2  0  0  0  0  0  0  0  0  0
      1  0  0  0  0  0  0  0  0  0



  **********************************  STOP READING INPUT  *******************************************


  ================================================================================================
                                        CALCULATION RESULTS
  ================================================================================================

   Itr   Fis.Src Error   Inner Error
  ----------------------------------------------------
    1    2.83508E+00    6.45469E+04
    2    7.31721E-01    1.30318E+03
    3    7.43520E-01    1.19371E+01
    4    6.75091E-01    2.38067E+03
    5    1.30468E+04    9.42933E+00
    6    2.22604E+00    2.81920E+01
    7    7.69680E-01    8.79908E+02
    8    5.72536E-01    5.23894E+01
    9    5.66739E-01    3.71981E+01
   10    3.39056E+04    7.16675E+00
   11    1.55702E+00    1.22233E+05
   12    7.78985E-01    5.33088E+02
   13    5.60035E-01    5.83464E+02
   14    5.60015E-01    4.36437E+00
   15    7.93970E+03    5.00182E+00
   16    1.52468E+00    1.18304E+03
   17    7.90898E-01    1.10034E+02
   18    5.52844E-01    5.54722E+01
   19    5.55999E-01    1.80892E+01
   20    5.55056E+03    1.01949E+01
   21    1.45228E+00    3.27338E+02
   22    7.71722E-01    1.98293E+02
   23    5.44499E-01    4.58230E+01
   24    5.53298E-01    1.43040E+01
   25    1.41558E+03    2.50728E+00
   26    1.50878E+00    2.04293E+03
   27    6.77687E-01    7.30208E+01
   28    5.34936E-01    8.75775E+00
   29    5.51621E-01    3.18034E+00
   30    2.86140E+02    5.28408E+00
   31    1.50326E+00    1.08413E+03
   32    4.47653E-01    1.93226E+01
   33    4.93547E-01    2.09471E+00
   34    4.88410E-01    2.13095E+00
   35    1.25559E+01    2.77000E+00
   36    9.98599E-01    7.68218E+00
   37    2.48995E-01    2.31841E+00
   38    2.27046E-01    7.14950E-01
   39    1.77886E-01    7.84629E-01
   40    5.75657E-01    6.03706E-01
   41    1.62865E-01    5.75903E-01
   42    3.27879E-02    4.95607E-01
   43    2.51082E-02    4.15359E-01
   44    1.69925E-02    3.01510E-01
   45    3.62930E-02    2.05781E-01
   46    1.22046E-02    1.42221E-01
   47    2.33849E-03    8.23871E-02
   48    1.75725E-03    5.71214E-02
   49    1.17132E-03    3.28815E-02
   50    2.42841E-03    1.61410E-02
   51    8.31129E-04    9.89235E-03
   52    1.56325E-04    5.32889E-03
   53    1.17670E-04    3.52788E-03
   54    7.83884E-05    1.97210E-03
   55    1.62719E-04    1.11844E-03
   56    5.60334E-05    6.78754E-04
   57    1.03900E-05    3.63307E-04
   58    7.84144E-06    2.39598E-04
   59    5.22605E-06    1.33599E-04
   60    1.10213E-05    7.56370E-05
   61    3.76791E-06    4.58534E-05
   62    6.89589E-07    2.45059E-05
   63    5.40652E-07    1.61550E-05
   64    3.81875E-07    9.00145E-06

 MULTIPLICATION EFFECTIVE (K-EFF) =  0.507400


     Radial Power Distribution
   ==============================
           1       2       3       4       5       6       7       8       9
     9   4.198   8.536   2.454   0.335   0.030   0.005   0.001   0.000        
     8   8.536  13.890   3.914   0.546   0.074   0.010   0.002   0.000        
     7   2.454   3.914   1.394   0.252   0.038   0.006   0.001   0.000        
     6   0.335   0.546   0.252   0.070   0.013   0.002   0.000                
     5   0.030   0.074   0.038   0.013   0.002   0.001   0.000                
     4   0.005   0.010   0.006   0.002   0.001   0.000                        
     3   0.001   0.002   0.001   0.000   0.000                                
     2   0.000   0.000   0.000                                                
     1                                                                        

   MAX POS.       Maximum Value
  (  8,  2)         13.890


     Axial Power Density Distribution
   ====================================

     Plane Number        Power      Height
    -----------------------------------------
        19  (TOP)        0.000      380.00
        18               0.000      360.00
        17               0.000      340.00
        16               0.000      320.00
        15               0.002      300.00
        14               0.011      280.00
        13               0.072      260.00
        12               0.493      240.00
        11               3.323      220.00
        10               9.200      200.00
         9               3.323      180.00
         8               0.493      160.00
         7               0.072      140.00
         6               0.011      120.00
         5               0.002      100.00
         4               0.000       80.00
         3               0.000       60.00
         2               0.000       40.00
         1  (BOTTOM)     0.000       20.00

   MAX POS.       Maximum Value
    ( 10)             9.200


     Radial Flux Distribution
   ==============================
    Group :   1
             1          2          3          4          5          6          7          8          9
     9   3.999E+00  2.902E+00  7.783E-01  1.057E-01  1.327E-02  1.788E-03  2.511E-04  3.809E-05            
     8   2.902E+00  2.331E+00  6.218E-01  8.571E-02  1.193E-02  1.580E-03  2.347E-04  3.356E-05            
     7   7.783E-01  6.218E-01  2.196E-01  3.948E-02  6.002E-03  9.403E-04  1.431E-04  2.236E-05            
     6   1.057E-01  8.571E-02  3.948E-02  1.102E-02  2.118E-03  3.633E-04  6.532E-05                       
     5   1.327E-02  1.193E-02  6.002E-03  2.118E-03  5.231E-04  1.079E-04  2.125E-05                       
     4   1.788E-03  1.580E-03  9.403E-04  3.633E-04  1.079E-04  2.726E-05                                  
     3   2.511E-04  2.347E-04  1.431E-04  6.532E-05  2.125E-05                                             
     2   3.809E-05  3.356E-05  2.236E-05                                                                   
     1                                                                                                     

    Group :   2
             1          2          3          4          5          6          7          8          9
     9   6.484E-01  6.592E-01  1.895E-01  2.591E-02  2.333E-03  4.134E-04  6.187E-05  1.041E-05            
     8   6.592E-01  5.363E-01  1.511E-01  2.109E-02  2.875E-03  3.849E-04  5.822E-05                       
     7   1.895E-01  1.511E-01  5.383E-02  9.711E-03  1.475E-03  2.314E-04  3.698E-05                       
     6   2.591E-02  2.109E-02  9.711E-03  2.707E-03  5.166E-04  8.921E-05  1.788E-05  1.560E-05            
     5   2.333E-03  2.875E-03  1.475E-03  5.166E-04  9.212E-05  2.665E-05                                  
     4   4.134E-04  3.849E-04  2.314E-04  8.921E-05  2.665E-05                                             
     3   6.187E-05  5.822E-05  3.698E-05  1.788E-05                                                        
     2   1.041E-05                        1.560E-05                                                        
     1                                                                                                     



 Total time :   0.42120199999999997       seconds
