                       ###########################################################
                       #                     ADPRES 1.1                          #
                       #        ABU DHABI POLYTECHNIC REACTOR SIMULATOR          #
                       ###########################################################  


  ========================================INPUT DATA STARTS HERE=====================================
     1: ! IAEA3D input data                                                                                 
     2: ! NODE SIZE = 10 cm                                                                                 
     3: ! PARCS K-EFF  : 1.029096                                                                           
     4: ! ADPRES K-EFF : 1.029084 (ERROR = 1.2 PCM)                                                         
     5: ! MAXIMUM ASSEMBLY ERROR = 0.33 %                                                                   
     6:                                                                                                     
     7: %MODE                                                                                               
     8: FORWARD                                                                                             
     9: %CASE                                                                                               
    10: IAEA3D                                                                                              
    11: 10 CM NODE SIZE                                                                                     
    12: %XSEC                                                                                               
    13: 2  5    ! Number of groups and number of materials                                                  
    14: ! sigtr   siga   nu*sigf sigf   chi   sigs_g1  sigs_g2                                              
    15: 0.222222  0.010  0.000  0.000    1.0   0.1922   0.020                                               
    16: 0.833333  0.080  0.135  0.135    0.0   0.000    0.7533   ! MAT1 : Outer Fuel                        
    17: 0.222222  0.010  0.000  0.000    1.0   0.1922   0.020                                               
    18: 0.833333  0.085  0.135  0.135    0.0   0.000    0.7483   ! MAT2 : Inner Fuel                        
    19: 0.222222  0.0100 0.000  0.000    1.0   0.1922   0.020                                               
    20: 0.833333  0.1300 0.135  0.135    0.0   0.000    0.7033   ! MAT3 : Inner Fuel + Control Rod          
    21: 0.166667  0.000  0.000  0.000    0.0   0.1267   0.040                                               
    22: 1.111111  0.010  0.000  0.000    0.0   0.000    1.1011   ! MAT4 : Reflector                         
    23: 0.166667  0.000  0.000  0.000    0.0   0.000    0.040                                               
    24: 1.111111  0.055  0.000  0.000    0.0   0.000    0.000    ! MAT5 : Reflector + Control Rod           
    25: %GEOM                                                                                               
    26: 9 9 19         !nx, ny, nz                                                                          
    27: 10.0 8*20.0    !x-direction assembly size in cm                                                     
    28: 1  8*2         !x-direction assembly divided into 2 (10 cm each)                                    
    29: 8*20.0 10.0    !y-direction assembly size in cm                                                     
    30: 8*2  1         !y-direction assembly divided into 2 (10 cm each)                                    
    31: 19*20.0        !z-direction assembly  in cm                                                         
    32: 19*1           !z-direction nodal is not divided                                                    
    33: 4              !np number of planar type                                                            
    34: 1  13*2  4*3  4     !planar assignment (from bottom to top)                                         
    35: ! Planar_type_1 (Bottom Reflector)                                                                  
    36:   4  4  4  4  4  4  4  4  4                                                                         
    37:   4  4  4  4  4  4  4  4  4                                                                         
    38:   4  4  4  4  4  4  4  4  4                                                                         
    39:   4  4  4  4  4  4  4  4  4                                                                         
    40:   4  4  4  4  4  4  4  4  0                                                                         
    41:   4  4  4  4  4  4  4  4  0                                                                         
    42:   4  4  4  4  4  4  4  0  0                                                                         
    43:   4  4  4  4  4  4  0  0  0                                                                         
    44:   4  4  4  4  0  0  0  0  0                                                                         
    45: ! Planar_type_2 (Fuel)                                                                              
    46:   3  2  2  2  3  2  2  1  4                                                                         
    47:   2  2  2  2  2  2  2  1  4                                                                         
    48:   2  2  2  2  2  2  1  1  4                                                                         
    49:   2  2  2  2  2  2  1  4  4                                                                         
    50:   3  2  2  2  3  1  1  4  0                                                                         
    51:   2  2  2  2  1  1  4  4  0                                                                         
    52:   2  2  1  1  1  4  4  0  0                                                                         
    53:   1  1  1  4  4  4  0  0  0                                                                         
    54:   4  4  4  4  0  0  0  0  0                                                                         
    55: ! Planar_type_3 (Fuel+Partial Control Rods)                                                         
    56:   3  2  2  2  3  2  2  1  4                                                                         
    57:   2  2  2  2  2  2  2  1  4                                                                         
    58:   2  2  3  2  2  2  1  1  4                                                                         
    59:   2  2  2  2  2  2  1  4  4                                                                         
    60:   3  2  2  2  3  1  1  4  0                                                                         
    61:   2  2  2  2  1  1  4  4  0                                                                         
    62:   2  2  1  1  1  4  4  0  0                                                                         
    63:   1  1  1  4  4  4  0  0  0                                                                         
    64:   4  4  4  4  0  0  0  0  0                                                                         
    65: ! Planar_type_4 (Top reflectors)                                                                    
    66:   5  4  4  4  5  4  4  4  4                                                                         
    67:   4  4  4  4  4  4  4  4  4                                                                         
    68:   4  4  5  4  4  4  4  4  4                                                                         
    69:   4  4  4  4  4  4  4  4  4                                                                         
    70:   5  4  4  4  5  4  4  4  0                                                                         
    71:   4  4  4  4  4  4  4  4  0                                                                         
    72:   4  4  4  4  4  4  4  0  0                                                                         
    73:   4  4  4  4  4  4  0  0  0                                                                         
    74:   4  4  4  4  0  0  0  0  0                                                                         
    75: ! Boundary conditions (east), (west), (north), (south), (bottom), (top)                             
    76: 1 2 2 1 1 1                                                                                         
  ========================================INPUT DATA   ENDS HERE=====================================



                                             START READING INPUT
  ***************************************************************************************************
  CALCULATION MODE :                      FORWARD CALCULATION

  CASE ID :   IAEA3D                                                                                            
   10 CM NODE SIZE                                                                                   


            >>>> READING MACROSCOPIC CROSS SECTIONS <<<<
            --------------------------------------------

     MATERIAL  1
    GROUP   TRANSPORT    DIFFUSION  ABSORPTION    REMOVAL      NU*FISS      FISSION    FISS. SPCTR
       1     0.222222    1.500002    0.010000    0.030000     0.000000     0.000000     1.000000
       2     0.833333    0.400000    0.080000    0.080000     0.135000     0.135000     0.000000
   --SCATTERING MATRIX--
     G/G'          1          2
      1        0.192200    0.020000
      2        0.000000    0.753300

     MATERIAL  2
    GROUP   TRANSPORT    DIFFUSION  ABSORPTION    REMOVAL      NU*FISS      FISSION    FISS. SPCTR
       1     0.222222    1.500002    0.010000    0.030000     0.000000     0.000000     1.000000
       2     0.833333    0.400000    0.085000    0.085000     0.135000     0.135000     0.000000
   --SCATTERING MATRIX--
     G/G'          1          2
      1        0.192200    0.020000
      2        0.000000    0.748300

     MATERIAL  3
    GROUP   TRANSPORT    DIFFUSION  ABSORPTION    REMOVAL      NU*FISS      FISSION    FISS. SPCTR
       1     0.222222    1.500002    0.010000    0.030000     0.000000     0.000000     1.000000
       2     0.833333    0.400000    0.130000    0.130000     0.135000     0.135000     0.000000
   --SCATTERING MATRIX--
     G/G'          1          2
      1        0.192200    0.020000
      2        0.000000    0.703300

     MATERIAL  4
    GROUP   TRANSPORT    DIFFUSION  ABSORPTION    REMOVAL      NU*FISS      FISSION    FISS. SPCTR
       1     0.166667    1.999996    0.000000    0.040000     0.000000     0.000000     0.000000
       2     1.111111    0.300000    0.010000    0.010000     0.000000     0.000000     0.000000
   --SCATTERING MATRIX--
     G/G'          1          2
      1        0.126700    0.040000
      2        0.000000    1.101100

     MATERIAL  5
    GROUP   TRANSPORT    DIFFUSION  ABSORPTION    REMOVAL      NU*FISS      FISSION    FISS. SPCTR
       1     0.166667    1.999996    0.000000    0.040000     0.000000     0.000000     0.000000
       2     1.111111    0.300000    0.055000    0.055000     0.000000     0.000000     0.000000
   --SCATTERING MATRIX--
     G/G'          1          2
      1        0.000000    0.040000
      2        0.000000    0.000000

  ...Macroscopic CX Card is sucessfully read...


            >>>>>READING CORE GEOMETRY<<<<<
            -------------------------------
  Number of assembly in x, y and z directions respectively :
           9           9          19
  Number of nodes in x, y and z directions respectively :
          17          17          19

  x-directed nodes divison (delta-x)
    10.00  10.00  10.00  10.00  10.00  10.00  10.00  10.00  10.00  10.00
    10.00  10.00  10.00  10.00  10.00  10.00  10.00
  y-directed nodes divison (delta-y)
    10.00  10.00  10.00  10.00  10.00  10.00  10.00  10.00  10.00  10.00
    10.00  10.00  10.00  10.00  10.00  10.00  10.00

  Planar Region :  1
        1  2  3  4  5  6  7  8  9 10 11 12 13 14 15 16 17
    17  4  4  4  4  4  4  4  4  4  4  4  4  4  4  4  4  4 
    16  4  4  4  4  4  4  4  4  4  4  4  4  4  4  4  4  4 
    15  4  4  4  4  4  4  4  4  4  4  4  4  4  4  4  4  4 
    14  4  4  4  4  4  4  4  4  4  4  4  4  4  4  4  4  4 
    13  4  4  4  4  4  4  4  4  4  4  4  4  4  4  4  4  4 
    12  4  4  4  4  4  4  4  4  4  4  4  4  4  4  4  4  4 
    11  4  4  4  4  4  4  4  4  4  4  4  4  4  4  4  4  4 
    10  4  4  4  4  4  4  4  4  4  4  4  4  4  4  4       
     9  4  4  4  4  4  4  4  4  4  4  4  4  4  4  4       
     8  4  4  4  4  4  4  4  4  4  4  4  4  4  4  4       
     7  4  4  4  4  4  4  4  4  4  4  4  4  4  4  4       
     6  4  4  4  4  4  4  4  4  4  4  4  4  4             
     5  4  4  4  4  4  4  4  4  4  4  4  4  4             
     4  4  4  4  4  4  4  4  4  4  4  4                   
     3  4  4  4  4  4  4  4  4  4  4  4                   
     2  4  4  4  4  4  4  4                               
     1  4  4  4  4  4  4  4                               
  Planar Region :  2
        1  2  3  4  5  6  7  8  9 10 11 12 13 14 15 16 17
    17  3  2  2  2  2  2  2  3  3  2  2  2  2  1  1  4  4 
    16  2  2  2  2  2  2  2  2  2  2  2  2  2  1  1  4  4 
    15  2  2  2  2  2  2  2  2  2  2  2  2  2  1  1  4  4 
    14  2  2  2  2  2  2  2  2  2  2  2  1  1  1  1  4  4 
    13  2  2  2  2  2  2  2  2  2  2  2  1  1  1  1  4  4 
    12  2  2  2  2  2  2  2  2  2  2  2  1  1  4  4  4  4 
    11  2  2  2  2  2  2  2  2  2  2  2  1  1  4  4  4  4 
    10  3  2  2  2  2  2  2  3  3  1  1  1  1  4  4       
     9  3  2  2  2  2  2  2  3  3  1  1  1  1  4  4       
     8  2  2  2  2  2  2  2  1  1  1  1  4  4  4  4       
     7  2  2  2  2  2  2  2  1  1  1  1  4  4  4  4       
     6  2  2  2  1  1  1  1  1  1  4  4  4  4             
     5  2  2  2  1  1  1  1  1  1  4  4  4  4             
     4  1  1  1  1  1  4  4  4  4  4  4                   
     3  1  1  1  1  1  4  4  4  4  4  4                   
     2  4  4  4  4  4  4  4                               
     1  4  4  4  4  4  4  4                               
  Planar Region :  3
        1  2  3  4  5  6  7  8  9 10 11 12 13 14 15 16 17
    17  3  2  2  2  2  2  2  3  3  2  2  2  2  1  1  4  4 
    16  2  2  2  2  2  2  2  2  2  2  2  2  2  1  1  4  4 
    15  2  2  2  2  2  2  2  2  2  2  2  2  2  1  1  4  4 
    14  2  2  2  2  2  2  2  2  2  2  2  1  1  1  1  4  4 
    13  2  2  2  2  2  2  2  2  2  2  2  1  1  1  1  4  4 
    12  2  2  2  2  2  2  2  2  2  2  2  1  1  4  4  4  4 
    11  2  2  2  2  2  2  2  2  2  2  2  1  1  4  4  4  4 
    10  3  2  2  2  2  2  2  3  3  1  1  1  1  4  4       
     9  3  2  2  2  2  2  2  3  3  1  1  1  1  4  4       
     8  2  2  2  2  2  2  2  1  1  1  1  4  4  4  4       
     7  2  2  2  2  2  2  2  1  1  1  1  4  4  4  4       
     6  2  2  2  1  1  1  1  1  1  4  4  4  4             
     5  2  2  2  1  1  1  1  1  1  4  4  4  4             
     4  1  1  1  1  1  4  4  4  4  4  4                   
     3  1  1  1  1  1  4  4  4  4  4  4                   
     2  4  4  4  4  4  4  4                               
     1  4  4  4  4  4  4  4                               
  Planar Region :  4
        1  2  3  4  5  6  7  8  9 10 11 12 13 14 15 16 17
    17  3  2  2  2  2  2  2  3  3  2  2  2  2  1  1  4  4 
    16  2  2  2  2  2  2  2  2  2  2  2  2  2  1  1  4  4 
    15  2  2  2  2  2  2  2  2  2  2  2  2  2  1  1  4  4 
    14  2  2  2  2  2  2  2  2  2  2  2  1  1  1  1  4  4 
    13  2  2  2  2  2  2  2  2  2  2  2  1  1  1  1  4  4 
    12  2  2  2  2  2  2  2  2  2  2  2  1  1  4  4  4  4 
    11  2  2  2  2  2  2  2  2  2  2  2  1  1  4  4  4  4 
    10  3  2  2  2  2  2  2  3  3  1  1  1  1  4  4       
     9  3  2  2  2  2  2  2  3  3  1  1  1  1  4  4       
     8  2  2  2  2  2  2  2  1  1  1  1  4  4  4  4       
     7  2  2  2  2  2  2  2  1  1  1  1  4  4  4  4       
     6  2  2  2  1  1  1  1  1  1  4  4  4  4             
     5  2  2  2  1  1  1  1  1  1  4  4  4  4             
     4  1  1  1  1  1  4  4  4  4  4  4                   
     3  1  1  1  1  1  4  4  4  4  4  4                   
     2  4  4  4  4  4  4  4                               
     1  4  4  4  4  4  4  4                               

  Planar Region Assignment to planes.
 --------------------------------------
   Plane Number     Planar Region    delta-z
       19 (TOP)            4          20.00
       18                  3          20.00
       17                  3          20.00
       16                  3          20.00
       15                  3          20.00
       14                  2          20.00
       13                  2          20.00
       12                  2          20.00
       11                  2          20.00
       10                  2          20.00
        9                  2          20.00
        8                  2          20.00
        7                  2          20.00
        6                  2          20.00
        5                  2          20.00
        4                  2          20.00
        3                  2          20.00
        2                  2          20.00
        1 (BOTTOM)         1          20.00

   Boundary conditions
  X-directed West   : REFLECTIVE
  X-directed East   : ZERO INCOMING CURRENT
  Y-directed North  : REFLECTIVE
  Y-directed South  : ZERO INCOMING CURRENT
  Z-directed Bottom : ZERO INCOMING CURRENT
  Z-directed Top    : ZERO INCOMING CURRENT

  ...Core geometry is sucessfully read...


  **********************************  STOP READING INPUT  *******************************************


  ================================================================================================
                                        CALCULATION RESULTS
  ================================================================================================

   Itr     k-eff     Fis.Src Error   Inner Error
  ----------------------------------------------------
    1     1.216747    9.77280E+00    5.17157E+00
    2     1.115883    1.00000E+00    9.33730E-01
    3     1.047221    2.77684E-01    3.43671E-01
    4     1.024857    1.64408E-01    2.88138E-01
     ...FISSION SOURCE EXTRAPOLATED...
    5     1.002060    6.28427E-01    2.39608E-01
    6     1.019158    1.27165E-01    2.00361E-01
    7     1.019005    7.96670E-02    1.63816E-01
    8     1.019156    8.04555E-02    1.28861E-01
    9     1.019545    7.54126E-02    1.00257E-01
     ...FISSION SOURCE EXTRAPOLATED...
   10     1.027263    3.93549E+01    7.75859E-02
   11     1.026195    1.16697E+00    2.59215E-01
   12     1.026360    5.47333E-02    1.09962E-01
   13     1.025883    3.06735E-02    8.07664E-02
   14     1.025607    2.29952E-02    6.23925E-02
     ...FISSION SOURCE EXTRAPOLATED...
   15     1.021398    2.04146E+00    4.74918E-02
   16     1.026423    5.18945E-01    1.02437E-01
   17     1.026711    6.98863E-02    4.57268E-02
   18     1.026789    4.86665E-02    3.33315E-02
   19     1.026890    3.73739E-02    2.61261E-02
     ...FISSION SOURCE EXTRAPOLATED...
   20     1.028008    4.42578E-01    2.13254E-02
   21     1.027804    1.37691E-01    4.59181E-02
   22     1.027860    1.07808E-02    2.98325E-02
   23     1.027827    1.04847E-02    2.14848E-02
   24     1.027811    9.58306E-03    1.58608E-02
     ...FISSION SOURCE EXTRAPOLATED...
   25     1.027766    9.32097E-01    1.20588E-02
   26     1.028542    3.48586E-01    7.60069E-02
   27     1.028683    3.71096E-02    3.55878E-02
   28     1.028679    2.14227E-02    2.45993E-02
   29     1.028687    1.49140E-02    1.72103E-02
     ...FISSION SOURCE EXTRAPOLATED...
   30     1.028798    7.54419E-02    1.24441E-02
   31     1.028840    2.33313E-02    1.11376E-02
   32     1.028849    4.98922E-03    8.88365E-03
   33     1.028846    4.91758E-03    6.52027E-03
   34     1.028848    4.44803E-03    5.03832E-03
     ...FISSION SOURCE EXTRAPOLATED...
   35     1.029055    2.74691E-01    3.95130E-03
   36     1.029116    1.25585E-01    2.66427E-02
   37     1.029123    1.00086E-02    1.24113E-02
   38     1.029098    4.26711E-03    7.78332E-03
   39     1.029082    2.44549E-03    4.83506E-03
     ...FISSION SOURCE EXTRAPOLATED...
   40     1.028944    2.18110E-02    3.25963E-03
   41     1.029051    1.19577E-02    2.74582E-03
   42     1.029047    2.46533E-03    1.89610E-03
   43     1.029048    1.54975E-03    1.35893E-03
   44     1.029049    1.22666E-03    1.02441E-03
     ...FISSION SOURCE EXTRAPOLATED...
   45     1.029110    8.22379E-02    7.96223E-04
   46     1.029080    3.81667E-02    9.64758E-03
   47     1.029077    4.17842E-03    5.04454E-03
   48     1.029075    2.76768E-03    3.07822E-03
   49     1.029074    1.78120E-03    1.80341E-03
     ...FISSION SOURCE EXTRAPOLATED...
   50     1.029065    8.77732E-03    1.04583E-03
   51     1.029071    3.39914E-03    8.87217E-04
   52     1.029070    7.21712E-04    6.38552E-04
   53     1.029070    5.06701E-04    4.57024E-04
   54     1.029071    4.64880E-04    3.37223E-04
     ...FISSION SOURCE EXTRAPOLATED...
   55     1.029102    4.98816E-02    2.56295E-04
   56     1.029094    2.01902E-02    4.95968E-03
   57     1.029095    1.21443E-03    2.83973E-03
   58     1.029095    1.27716E-03    1.34929E-03
   59     1.029095    1.11106E-03    9.21485E-04
     ...FISSION SOURCE EXTRAPOLATED...
   60     1.029092    8.05939E-03    6.59486E-04
   61     1.029092    2.63481E-03    7.55494E-04
   62     1.029091    3.82775E-04    4.55581E-04
   63     1.029090    2.64177E-04    2.64189E-04
   64     1.029090    2.28334E-04    1.88765E-04
     ...FISSION SOURCE EXTRAPOLATED...
   65     1.029077    4.66032E-03    1.58795E-04
   66     1.029083    2.09957E-03    5.73969E-04
   67     1.029081    1.37892E-04    3.58512E-04
   68     1.029081    1.22860E-04    2.41661E-04
   69     1.029082    9.95309E-05    1.74422E-04
     ...FISSION SOURCE EXTRAPOLATED...
   70     1.029095    1.66831E-02    1.30194E-04
   71     1.029085    1.04396E-02    1.47075E-03
   72     1.029084    9.90090E-04    7.45272E-04
   73     1.029084    6.67314E-04    3.95399E-04
   74     1.029084    4.89438E-04    2.96079E-04
     ...FISSION SOURCE EXTRAPOLATED...
   75     1.029084    1.57078E-03    2.46514E-04
   76     1.029084    5.05706E-04    2.65918E-04
   77     1.029084    6.23819E-05    1.93836E-04
   78     1.029084    6.22085E-05    1.41376E-04
   79     1.029084    5.00618E-05    1.03985E-04
     ...FISSION SOURCE EXTRAPOLATED...
   80     1.029083    5.02660E-04    7.51446E-05
   81     1.029084    2.82416E-04    6.90605E-05
   82     1.029084    3.80290E-05    4.41924E-05
   83     1.029084    2.11881E-05    2.76558E-05
   84     1.029084    1.98566E-05    1.74645E-05
     ...FISSION SOURCE EXTRAPOLATED...
   85     1.029084    5.94076E-04    1.26676E-05
   86     1.029084    2.23461E-04    6.56917E-05
   87     1.029084    2.41341E-05    4.25188E-05
   88     1.029084    1.73117E-05    2.18889E-05
   89     1.029084    9.77448E-06    1.25681E-05
     ...FISSION SOURCE EXTRAPOLATED...
   90     1.029084    1.85918E-04    7.82160E-06
   91     1.029084    7.42058E-05    1.92653E-05
   92     1.029084    1.53965E-05    1.28075E-05
   93     1.029084    8.43661E-06    8.89731E-06

 MULTIPLICATION EFFECTIVE (K-EFF) =  1.029084
