                       ###########################################################
                       #                     ADPRES 1.1                          #
                       #        ABU DHABI POLYTECHNIC REACTOR SIMULATOR          #
                       ###########################################################  


  ========================================INPUT DATA STARTS HERE=====================================
     1: ! IAEA3D input data                                                                                 
     2: ! NODE SIZE = 20 cm                                                                                 
     3: ! MOSRA K-EFF  : 1.02897                                                                            
     4: ! ADPRES K-EFF : 1.028969                                                                           
     5: %MODE                                                                                               
     6: FORWARD                                                                                             
     7: %CASE                                                                                               
     8: IAEA3D                                                                                              
     9: 20 CM NODE SIZE                                                                                     
    10: %   XSEC                                                                                            
    11: 2  5    ! Number of groups and number of materials                                                  
    12: ! sigtr   siga   nu*sigf sigf   chi   sigs_g1  sigs_g2                                              
    13: 0.222222  0.010  0.000  0.000    1.0   0.1922   0.020                                               
    14: 0.833333  0.080  0.135  0.135    0.0   0.000    0.7533   ! MAT1 : Outer Fuel                        
    15: 0.222222  0.010  0.000  0.000    1.0   0.1922   0.020                                               
    16: 0.833333  0.085  0.135  0.135    0.0   0.000    0.7483   ! MAT2 : Inner Fuel                        
    17: 0.222222  0.0100 0.000  0.000    1.0   0.1922   0.020                                               
    18: 0.833333  0.1300 0.135  0.135    0.0   0.000    0.7033   ! MAT3 : Inner Fuel + Control Rod          
    19: 0.166667  0.000  0.000  0.000    0.0   0.1267   0.040                                               
    20: 1.111111  0.010  0.000  0.000    0.0   0.000    1.1011   ! MAT4 : Reflector                         
    21: 0.166667  0.000  0.000  0.000    0.0   0.000    0.040                                               
    22: 1.111111  0.055  0.000  0.000    0.0   0.000    0.000    ! MAT5 : Reflector + Control Rod           
    23: %GEOM                                                                                               
    24: 9 9 19     !nx, ny, nz                                                                              
    25: 10 8*20    !x-direction assembly size in cm                                                         
    26: 1  8*2     !x-direction assembly divided into 20 cm each                                            
    27: 8*20 10    !y-direction assembly size in cm                                                         
    28: 8*2  1     !y-direction assembly divided into 20 cm each                                            
    29: 19*20      !z-direction nodal  in cm                                                                
    30: 19*1       !z-direction assembly divided into 20 cm each                                            
    31: 4          !np number of planar type                                                                
    32: 1  13*2  4*3  4     !planar assignment (from bottom to top)                                         
    33: ! Planar_type_1 (Bottom Reflector)                                                                  
    34:   4  4  4  4  4  4  4  4  4                                                                         
    35:   4  4  4  4  4  4  4  4  4                                                                         
    36:   4  4  4  4  4  4  4  4  4                                                                         
    37:   4  4  4  4  4  4  4  4  4                                                                         
    38:   4  4  4  4  4  4  4  4  0                                                                         
    39:   4  4  4  4  4  4  4  4  0                                                                         
    40:   4  4  4  4  4  4  4  0  0                                                                         
    41:   4  4  4  4  4  4  0  0  0                                                                         
    42:   4  4  4  4  0  0  0  0  0                                                                         
    43: ! Planar_type_2 (Fuel)                                                                              
    44:   3  2  2  2  3  2  2  1  4                                                                         
    45:   2  2  2  2  2  2  2  1  4                                                                         
    46:   2  2  2  2  2  2  1  1  4                                                                         
    47:   2  2  2  2  2  2  1  4  4                                                                         
    48:   3  2  2  2  3  1  1  4  0                                                                         
    49:   2  2  2  2  1  1  4  4  0                                                                         
    50:   2  2  1  1  1  4  4  0  0                                                                         
    51:   1  1  1  4  4  4  0  0  0                                                                         
    52:   4  4  4  4  0  0  0  0  0                                                                         
    53: ! Planar_type_3 (Fuel+Partial Control Rods)                                                         
    54:   3  2  2  2  3  2  2  1  4                                                                         
    55:   2  2  2  2  2  2  2  1  4                                                                         
    56:   2  2  3  2  2  2  1  1  4                                                                         
    57:   2  2  2  2  2  2  1  4  4                                                                         
    58:   3  2  2  2  3  1  1  4  0                                                                         
    59:   2  2  2  2  1  1  4  4  0                                                                         
    60:   2  2  1  1  1  4  4  0  0                                                                         
    61:   1  1  1  4  4  4  0  0  0                                                                         
    62:   4  4  4  4  0  0  0  0  0                                                                         
    63: ! Planar_type_4 (Top reflectors)                                                                    
    64:   5  4  4  4  5  4  4  4  4                                                                         
    65:   4  4  4  4  4  4  4  4  4                                                                         
    66:   4  4  5  4  4  4  4  4  4                                                                         
    67:   4  4  4  4  4  4  4  4  4                                                                         
    68:   5  4  4  4  5  4  4  4  0                                                                         
    69:   4  4  4  4  4  4  4  4  0                                                                         
    70:   4  4  4  4  4  4  4  0  0                                                                         
    71:   4  4  4  4  4  4  0  0  0                                                                         
    72:   4  4  4  4  0  0  0  0  0                                                                         
    73: ! Boundary conditions (east), (west), (north), (south), (bottom), (top)                             
    74: 1 2 2 1 1 1                                                                                         
  ========================================INPUT DATA   ENDS HERE=====================================



                                             START READING INPUT
  ***************************************************************************************************
  CALCULATION MODE :                      FORWARD CALCULATION

  CASE ID :   IAEA3D                                                                                            
   20 CM NODE SIZE                                                                                   


            >>>> READING MACROSCOPIC CROSS SECTIONS <<<<
            --------------------------------------------

     MATERIAL  1
    GROUP   TRANSPORT    DIFFUSION  ABSORPTION    REMOVAL      NU*FISS      KAP*FIS    FISS. SPCTR
       1     0.222222    1.500002    0.010000    0.030000     0.000000     0.000000     1.000000
       2     0.833333    0.400000    0.080000    0.080000     0.135000     0.135000     0.000000
   --SCATTERING MATRIX--
     G/G'          1          2
      1        0.192200    0.020000
      2        0.000000    0.753300

     MATERIAL  2
    GROUP   TRANSPORT    DIFFUSION  ABSORPTION    REMOVAL      NU*FISS      KAP*FIS    FISS. SPCTR
       1     0.222222    1.500002    0.010000    0.030000     0.000000     0.000000     1.000000
       2     0.833333    0.400000    0.085000    0.085000     0.135000     0.135000     0.000000
   --SCATTERING MATRIX--
     G/G'          1          2
      1        0.192200    0.020000
      2        0.000000    0.748300

     MATERIAL  3
    GROUP   TRANSPORT    DIFFUSION  ABSORPTION    REMOVAL      NU*FISS      KAP*FIS    FISS. SPCTR
       1     0.222222    1.500002    0.010000    0.030000     0.000000     0.000000     1.000000
       2     0.833333    0.400000    0.130000    0.130000     0.135000     0.135000     0.000000
   --SCATTERING MATRIX--
     G/G'          1          2
      1        0.192200    0.020000
      2        0.000000    0.703300

     MATERIAL  4
    GROUP   TRANSPORT    DIFFUSION  ABSORPTION    REMOVAL      NU*FISS      KAP*FIS    FISS. SPCTR
       1     0.166667    1.999996    0.000000    0.040000     0.000000     0.000000     0.000000
       2     1.111111    0.300000    0.010000    0.010000     0.000000     0.000000     0.000000
   --SCATTERING MATRIX--
     G/G'          1          2
      1        0.126700    0.040000
      2        0.000000    1.101100

     MATERIAL  5
    GROUP   TRANSPORT    DIFFUSION  ABSORPTION    REMOVAL      NU*FISS      KAP*FIS    FISS. SPCTR
       1     0.166667    1.999996    0.000000    0.040000     0.000000     0.000000     0.000000
       2     1.111111    0.300000    0.055000    0.055000     0.000000     0.000000     0.000000
   --SCATTERING MATRIX--
     G/G'          1          2
      1        0.000000    0.040000
      2        0.000000    0.000000

  ...Macroscopic CX Card is sucessfully read...


            >>>>>READING CORE GEOMETRY<<<<<
            -------------------------------
  Number of assembly in x, y and z directions respectively :
           9           9          19
  Number of nodes in x, y and z directions respectively :
          17          17          19

  x-directed nodes divison (delta-x)
    10.00  10.00  10.00  10.00  10.00  10.00  10.00  10.00  10.00  10.00
    10.00  10.00  10.00  10.00  10.00  10.00  10.00
  y-directed nodes divison (delta-y)
    10.00  10.00  10.00  10.00  10.00  10.00  10.00  10.00  10.00  10.00
    10.00  10.00  10.00  10.00  10.00  10.00  10.00

  Planar Region :  1
        1  2  3  4  5  6  7  8  9 10 11 12 13 14 15 16 17
    17  4  4  4  4  4  4  4  4  4  4  4  4  4  4  4  4  4 
    16  4  4  4  4  4  4  4  4  4  4  4  4  4  4  4  4  4 
    15  4  4  4  4  4  4  4  4  4  4  4  4  4  4  4  4  4 
    14  4  4  4  4  4  4  4  4  4  4  4  4  4  4  4  4  4 
    13  4  4  4  4  4  4  4  4  4  4  4  4  4  4  4  4  4 
    12  4  4  4  4  4  4  4  4  4  4  4  4  4  4  4  4  4 
    11  4  4  4  4  4  4  4  4  4  4  4  4  4  4  4  4  4 
    10  4  4  4  4  4  4  4  4  4  4  4  4  4  4  4       
     9  4  4  4  4  4  4  4  4  4  4  4  4  4  4  4       
     8  4  4  4  4  4  4  4  4  4  4  4  4  4  4  4       
     7  4  4  4  4  4  4  4  4  4  4  4  4  4  4  4       
     6  4  4  4  4  4  4  4  4  4  4  4  4  4             
     5  4  4  4  4  4  4  4  4  4  4  4  4  4             
     4  4  4  4  4  4  4  4  4  4  4  4                   
     3  4  4  4  4  4  4  4  4  4  4  4                   
     2  4  4  4  4  4  4  4                               
     1  4  4  4  4  4  4  4                               
  Planar Region :  2
        1  2  3  4  5  6  7  8  9 10 11 12 13 14 15 16 17
    17  3  2  2  2  2  2  2  3  3  2  2  2  2  1  1  4  4 
    16  2  2  2  2  2  2  2  2  2  2  2  2  2  1  1  4  4 
    15  2  2  2  2  2  2  2  2  2  2  2  2  2  1  1  4  4 
    14  2  2  2  2  2  2  2  2  2  2  2  1  1  1  1  4  4 
    13  2  2  2  2  2  2  2  2  2  2  2  1  1  1  1  4  4 
    12  2  2  2  2  2  2  2  2  2  2  2  1  1  4  4  4  4 
    11  2  2  2  2  2  2  2  2  2  2  2  1  1  4  4  4  4 
    10  3  2  2  2  2  2  2  3  3  1  1  1  1  4  4       
     9  3  2  2  2  2  2  2  3  3  1  1  1  1  4  4       
     8  2  2  2  2  2  2  2  1  1  1  1  4  4  4  4       
     7  2  2  2  2  2  2  2  1  1  1  1  4  4  4  4       
     6  2  2  2  1  1  1  1  1  1  4  4  4  4             
     5  2  2  2  1  1  1  1  1  1  4  4  4  4             
     4  1  1  1  1  1  4  4  4  4  4  4                   
     3  1  1  1  1  1  4  4  4  4  4  4                   
     2  4  4  4  4  4  4  4                               
     1  4  4  4  4  4  4  4                               
  Planar Region :  3
        1  2  3  4  5  6  7  8  9 10 11 12 13 14 15 16 17
    17  3  2  2  2  2  2  2  3  3  2  2  2  2  1  1  4  4 
    16  2  2  2  2  2  2  2  2  2  2  2  2  2  1  1  4  4 
    15  2  2  2  2  2  2  2  2  2  2  2  2  2  1  1  4  4 
    14  2  2  2  2  2  2  2  2  2  2  2  1  1  1  1  4  4 
    13  2  2  2  2  2  2  2  2  2  2  2  1  1  1  1  4  4 
    12  2  2  2  2  2  2  2  2  2  2  2  1  1  4  4  4  4 
    11  2  2  2  2  2  2  2  2  2  2  2  1  1  4  4  4  4 
    10  3  2  2  2  2  2  2  3  3  1  1  1  1  4  4       
     9  3  2  2  2  2  2  2  3  3  1  1  1  1  4  4       
     8  2  2  2  2  2  2  2  1  1  1  1  4  4  4  4       
     7  2  2  2  2  2  2  2  1  1  1  1  4  4  4  4       
     6  2  2  2  1  1  1  1  1  1  4  4  4  4             
     5  2  2  2  1  1  1  1  1  1  4  4  4  4             
     4  1  1  1  1  1  4  4  4  4  4  4                   
     3  1  1  1  1  1  4  4  4  4  4  4                   
     2  4  4  4  4  4  4  4                               
     1  4  4  4  4  4  4  4                               
  Planar Region :  4
        1  2  3  4  5  6  7  8  9 10 11 12 13 14 15 16 17
    17  3  2  2  2  2  2  2  3  3  2  2  2  2  1  1  4  4 
    16  2  2  2  2  2  2  2  2  2  2  2  2  2  1  1  4  4 
    15  2  2  2  2  2  2  2  2  2  2  2  2  2  1  1  4  4 
    14  2  2  2  2  2  2  2  2  2  2  2  1  1  1  1  4  4 
    13  2  2  2  2  2  2  2  2  2  2  2  1  1  1  1  4  4 
    12  2  2  2  2  2  2  2  2  2  2  2  1  1  4  4  4  4 
    11  2  2  2  2  2  2  2  2  2  2  2  1  1  4  4  4  4 
    10  3  2  2  2  2  2  2  3  3  1  1  1  1  4  4       
     9  3  2  2  2  2  2  2  3  3  1  1  1  1  4  4       
     8  2  2  2  2  2  2  2  1  1  1  1  4  4  4  4       
     7  2  2  2  2  2  2  2  1  1  1  1  4  4  4  4       
     6  2  2  2  1  1  1  1  1  1  4  4  4  4             
     5  2  2  2  1  1  1  1  1  1  4  4  4  4             
     4  1  1  1  1  1  4  4  4  4  4  4                   
     3  1  1  1  1  1  4  4  4  4  4  4                   
     2  4  4  4  4  4  4  4                               
     1  4  4  4  4  4  4  4                               

  Planar Region Assignment to planes.
 --------------------------------------
   Plane Number     Planar Region    delta-z
       19 (TOP)            4          20.00
       18                  3          20.00
       17                  3          20.00
       16                  3          20.00
       15                  3          20.00
       14                  2          20.00
       13                  2          20.00
       12                  2          20.00
       11                  2          20.00
       10                  2          20.00
        9                  2          20.00
        8                  2          20.00
        7                  2          20.00
        6                  2          20.00
        5                  2          20.00
        4                  2          20.00
        3                  2          20.00
        2                  2          20.00
        1 (BOTTOM)         1          20.00

   Boundary conditions
  X-directed West   : REFLECTIVE
  X-directed East   : ZERO INCOMING CURRENT
  Y-directed North  : REFLECTIVE
  Y-directed South  : ZERO INCOMING CURRENT
  Z-directed Bottom : ZERO INCOMING CURRENT
  Z-directed Top    : ZERO INCOMING CURRENT

  ...Core geometry is sucessfully read...


  **********************************  STOP READING INPUT  *******************************************


  ================================================================================================
                                        CALCULATION RESULTS
  ================================================================================================

   Itr     k-eff     Fis.Src Error   Inner Error
  ----------------------------------------------------
    1     1.224237    2.23058E+00    5.12189E+00
    2     1.197868    1.00000E+00    1.16900E+01
    3     1.098047    2.83489E-01    2.14364E+00
    4     1.048855    1.82296E-01    6.28252E-01
    5     1.007231    2.96430E-01    5.26570E-01
    6     1.020057    2.74720E-02    4.40401E-01
    7     1.017242    9.39876E-02    3.70244E-01
    8     1.016423    8.71169E-02    3.02637E-01
    9     1.016531    7.97972E-02    2.44830E-01
   10     1.023764    4.34958E+02    1.97516E-01
   11     1.022027    1.06181E+00    1.91569E+00
   12     1.023733    4.36394E-02    1.00095E+00
   13     1.023530    3.52269E-02    1.95269E-01
   14     1.023348    3.65015E-02    1.43597E-01
   15     1.021344    3.92133E+01    1.14435E-01
   16     1.025281    1.13680E+00    1.57024E+00
   17     1.026033    6.49875E-02    7.68730E-01
   18     1.025929    2.25116E-02    1.41494E-01
   19     1.025887    1.89880E-02    9.82575E-02
   20     1.026512    1.26066E+00    7.62163E-02
   21     1.027168    4.38053E-01    4.95765E-01
   22     1.027537    2.45623E-02    3.38102E-01
   23     1.027411    1.49753E-02    7.91018E-02
   24     1.027308    1.19388E-02    5.18127E-02
   25     1.025684    3.77572E-01    3.81030E-02
   26     1.027326    1.74194E-01    1.72953E-01
   27     1.027426    2.54127E-02    1.06876E-01
   28     1.027456    1.61903E-02    3.29173E-02
   29     1.027502    1.24503E-02    2.47641E-02
   30     1.028535    2.74346E-01    2.05667E-02
   31     1.028003    1.37843E-01    1.52856E-01
   32     1.028157    1.09867E-02    1.13573E-01
   33     1.028136    7.37212E-03    2.92465E-02
   34     1.028115    6.15656E-03    1.96568E-02
   35     1.027709    2.64959E-01    1.51703E-02
   36     1.028247    1.38529E-01    1.40404E-01
   37     1.028337    1.81500E-02    9.18028E-02
   38     1.028347    1.04220E-02    2.46714E-02
   39     1.028364    7.85954E-03    1.73526E-02
   40     1.028690    1.07863E-01    1.40820E-02
   41     1.028554    5.72070E-02    6.19783E-02
   42     1.028612    4.83453E-03    4.76123E-02
   43     1.028608    3.63118E-03    1.51383E-02
   44     1.028604    3.44950E-03    1.04615E-02
   45     1.028578    1.82390E-01    8.16775E-03
   46     1.028724    1.01022E-01    1.04892E-01
   47     1.028785    1.03079E-02    7.54132E-02
   48     1.028784    5.12388E-03    1.76007E-02
   49     1.028787    3.83025E-03    1.17070E-02
   50     1.028883    5.57861E-02    9.19012E-03
   51     1.028862    3.09932E-02    3.14425E-02
   52     1.028885    2.39259E-03    2.41349E-02
   53     1.028882    1.86282E-03    8.38275E-03
   54     1.028880    1.83264E-03    5.79991E-03
   55     1.028863    9.03514E-02    4.50068E-03
   56     1.028930    5.19072E-02    5.44656E-02
   57     1.028955    5.08934E-03    3.96920E-02
   58     1.028955    2.49241E-03    9.30880E-03
   59     1.028956    1.87999E-03    6.12023E-03
   60     1.029003    3.31000E-02    4.75217E-03
   61     1.028993    1.91779E-02    1.87243E-02
   62     1.029003    1.41700E-03    1.42326E-02
   63     1.029001    1.02903E-03    4.58355E-03
   64     1.029000    9.54970E-04    3.09722E-03
   65     1.028963    4.79324E-02    2.37379E-03
   66     1.029014    2.81823E-02    2.94898E-02
   67     1.029023    3.05219E-03    2.15265E-02
   68     1.029024    1.60673E-03    4.98362E-03
   69     1.029026    1.20061E-03    3.26356E-03
   70     1.029056    1.55251E-02    2.54502E-03
   71     1.029044    8.89750E-03    8.81306E-03
   72     1.029048    7.36073E-04    6.74213E-03
   73     1.029048    5.54003E-04    2.30561E-03
   74     1.029047    5.18735E-04    1.57843E-03
   75     1.029019    4.21530E-02    1.21688E-03
   76     1.029054    2.51317E-02    2.62976E-02
   77     1.029060    2.61914E-03    1.90745E-02
   78     1.029061    1.28741E-03    4.03945E-03
   79     1.029062    9.15293E-04    2.50157E-03
   80     1.029072    4.98696E-03    1.91407E-03
   81     1.029069    2.13841E-03    2.56526E-03
   82     1.029070    2.93266E-04    1.90771E-03
   83     1.029071    2.83593E-04    1.17146E-03
   84     1.029071    2.70652E-04    8.66237E-04
   85     1.029095    3.41982E-02    6.80599E-04
   86     1.029085    2.15123E-02    2.02376E-02
   87     1.029089    1.04285E-03    1.48651E-02
   88     1.029087    3.43056E-04    2.91010E-03
   89     1.029085    2.92642E-04    1.65972E-03
   90     1.029073    2.77268E-03    1.18281E-03
   91     1.029082    1.60136E-03    1.41020E-03
   92     1.029081    1.67309E-04    1.08973E-03
   93     1.029081    1.18179E-04    5.47355E-04
   94     1.029081    1.15629E-04    4.03339E-04
   95     1.029093    1.50982E-02    3.11887E-04
   96     1.029084    9.70607E-03    8.88295E-03
   97     1.029084    4.99674E-04    6.58507E-03
   98     1.029084    2.46701E-04    1.21274E-03
   99     1.029083    1.73236E-04    7.05581E-04
  100     1.029082    6.25748E-04    4.29055E-04
  101     1.029083    3.11274E-04    3.28423E-04
  102     1.029082    4.25547E-05    2.38642E-04
  103     1.029082    3.51397E-05    1.69139E-04
  104     1.029082    3.34372E-05    1.25721E-04
  105     1.029070    6.07921E-03    9.68874E-05
  106     1.029081    4.01112E-03    3.55875E-03
  107     1.029081    2.75224E-04    2.60961E-03
  108     1.029081    1.56152E-04    5.60578E-04
  109     1.029082    1.36364E-04    3.11141E-04
  110     1.029084    7.27958E-04    2.41651E-04
  111     1.029083    3.12661E-04    4.20830E-04
  112     1.029083    6.54443E-05    3.41738E-04
  113     1.029083    5.95486E-05    1.78301E-04
  114     1.029083    5.32832E-05    1.34271E-04
  115     1.029084    9.12823E-04    1.08672E-04
  116     1.029084    5.43726E-04    5.26292E-04
  117     1.029084    1.61113E-05    4.06895E-04
  118     1.029084    8.57498E-06    1.13987E-04
  119     1.029084    9.36566E-06    7.18780E-05
  120     1.029083    1.55366E-03    5.15378E-05
  121     1.029083    1.07078E-03    8.29961E-04
  122     1.029083    8.46724E-05    5.80687E-04
  123     1.029083    3.43177E-05    1.09542E-04
  124     1.029083    2.55889E-05    6.30029E-05
  125     1.029084    1.54505E-04    4.42540E-05
  126     1.029083    5.81092E-05    8.95975E-05
  127     1.029083    1.29156E-05    6.74999E-05
  128     1.029084    1.00558E-05    2.90966E-05
  129     1.029084    8.48754E-06    2.25391E-05
  130     1.029083    1.24746E-04    1.81277E-05
  131     1.029084    7.39007E-05    7.04482E-05
  132     1.029084    4.68227E-06    5.47429E-05
  133     1.029084    2.44767E-06    1.51528E-05
  134     1.029084    2.40498E-06    1.03281E-05
  135     1.029065    1.17930E-02    7.46340E-06
  136     1.029082    7.09636E-03    6.25537E-03
  137     1.029082    5.70979E-04    3.60624E-03
  138     1.029083    3.37294E-04    9.47038E-04
  139     1.029084    2.70630E-04    4.12359E-04
  140     1.029088    1.65274E-03    3.15119E-04
  141     1.029086    7.90495E-04    9.40757E-04
  142     1.029086    1.00115E-04    7.54218E-04
  143     1.029086    8.31894E-05    3.05669E-04
  144     1.029086    7.13950E-05    2.20766E-04
  145     1.029087    1.75240E-03    1.74324E-04
  146     1.029087    1.17389E-03    1.02203E-03
  147     1.029087    9.62940E-05    6.80130E-04
  148     1.029086    6.69961E-05    1.71843E-04
  149     1.029086    5.61960E-05    1.21675E-04
  150     1.029080    2.82634E-03    7.37816E-05
  151     1.029085    1.53920E-03    1.81501E-03
  152     1.029085    9.64720E-05    1.33496E-03
  153     1.029085    5.51419E-05    3.00918E-04
  154     1.029085    4.68744E-05    1.54336E-04
  155     1.029085    7.26512E-04    1.09994E-04
  156     1.029085    3.45309E-04    3.90030E-04
  157     1.029085    4.68141E-05    1.71144E-04
  158     1.029085    3.20061E-05    6.50796E-05
  159     1.029085    2.61725E-05    4.59517E-05
  160     1.029084    2.45581E-03    3.65177E-05
  161     1.029084    1.27675E-03    1.59130E-03
  162     1.029084    1.03987E-04    1.13317E-03
  163     1.029084    5.34803E-05    2.84696E-04
  164     1.029084    3.85432E-05    1.49956E-04
  165     1.029084    2.45513E-04    1.08502E-04
  166     1.029084    1.21310E-04    1.37546E-04
  167     1.029084    2.52399E-05    7.58228E-05
  168     1.029084    1.55229E-05    5.08341E-05
  169     1.029084    1.38638E-05    3.70004E-05
  170     1.029086    2.70439E-03    2.77495E-05
  171     1.029084    1.43609E-03    1.45457E-03
  172     1.029084    8.08704E-05    8.28803E-04
  173     1.029084    6.82865E-05    1.72437E-04
  174     1.029084    6.20179E-05    1.02520E-04
  175     1.029084    3.44294E-04    7.50783E-05
  176     1.029084    1.31165E-04    1.81870E-04
  177     1.029084    2.53340E-05    1.00328E-04
  178     1.029084    1.47981E-05    5.18222E-05
  179     1.029084    1.34761E-05    3.84691E-05
  180     1.029084    1.31790E-04    3.07743E-05
  181     1.029084    7.24530E-05    7.43620E-05
  182     1.029084    4.73580E-06    5.82570E-05
  183     1.029084    3.59955E-06    2.28528E-05
  184     1.029084    3.59954E-06    1.62154E-05
  185     1.029087    4.74544E-04    1.19163E-05
  186     1.029084    3.25294E-04    2.53290E-04
  187     1.029084    1.51759E-05    1.89719E-04
  188     1.029084    7.95830E-06    3.60922E-05
  189     1.029084    7.22226E-06    2.25068E-05
  190     1.029084    4.21478E-05    1.13310E-05
  191     1.029084    1.40889E-05    2.42029E-05
  192     1.029084    5.09093E-06    1.05796E-05
  193     1.029084    3.78859E-06    5.70003E-06

 MULTIPLICATION EFFECTIVE (K-EFF) =  1.029084


     Radial Power Distribution
   ==============================
           1       2       3       4       5       6       7       8       9
     9   0.727   1.277   1.418   1.191   0.610   0.953   0.960   0.779        
     8   1.277   1.392   1.427   1.287   1.070   1.055   0.976   0.759        
     7   1.418   1.427   1.365   1.308   1.179   1.089   1.001   0.713        
     6   1.191   1.287   1.308   1.176   0.971   0.924   0.868                
     5   0.610   1.070   1.179   0.971   0.476   0.701   0.613                
     4   0.953   1.055   1.089   0.924   0.701   0.600                        
     3   0.960   0.976   1.001   0.868   0.613                                
     2   0.779   0.759   0.713                                                
     1                                                                        

   MAX POS.       Maximum Value
  (  8,  3)          1.427


     Axial Power Density Distribution
   ====================================

     Plane Number        Power      Height
    -----------------------------------------
        19  (TOP)        0.000      380.00
        18               0.193      360.00
        17               0.352      340.00
        16               0.538      320.00
        15               0.744      300.00
        14               0.976      280.00
        13               1.183      260.00
        12               1.350      240.00
        11               1.471      220.00
        10               1.540      200.00
         9               1.555      180.00
         8               1.515      160.00
         7               1.421      140.00
         6               1.276      120.00
         5               1.086      100.00
         4               0.857       80.00
         3               0.597       60.00
         2               0.346       40.00
         1  (BOTTOM)     0.000       20.00

   MAX POS.       Maximum Value
    (  9)             1.555


     Radial Flux Distribution
   ==============================
    Group :   1
             1          2          3          4          5          6          7          8          9
     9   1.897E-02  2.445E-02  2.679E-02  2.278E-02  1.592E-02  1.827E-02  1.810E-02  1.256E-02  2.085E-03 
     8   2.445E-02  2.633E-02  2.699E-02  2.434E-02  2.049E-02  1.994E-02  1.835E-02  1.226E-02  1.991E-03 
     7   2.679E-02  2.699E-02  2.631E-02  2.474E-02  2.228E-02  2.052E-02  1.788E-02  1.028E-02  1.506E-03 
     6   2.278E-02  2.434E-02  2.474E-02  2.224E-02  1.858E-02  1.738E-02  1.388E-02  3.669E-03  4.439E-04 
     5   1.592E-02  2.049E-02  2.228E-02  1.858E-02  1.237E-02  1.272E-02  8.876E-03  1.494E-03            
     4   1.827E-02  1.994E-02  2.052E-02  1.738E-02  1.272E-02  8.607E-03  2.457E-03  3.572E-04            
     3   1.810E-02  1.835E-02  1.788E-02  1.388E-02  8.876E-03  2.457E-03  4.011E-04                       
     2   1.256E-02  1.226E-02  1.028E-02  3.669E-03  1.494E-03  3.572E-04                                  
     1   2.085E-03  1.991E-03  1.506E-03  4.439E-04                                                        

    Group :   2
             1          2          3          4          5          6          7          8          9
     9   1.102E-02  1.915E-02  2.125E-02  1.786E-02  9.242E-03  1.434E-02  1.445E-02  1.164E-02  1.612E-02 
     8   1.915E-02  2.086E-02  2.136E-02  1.930E-02  1.607E-02  1.586E-02  1.468E-02  1.134E-02  1.533E-02 
     7   2.125E-02  2.136E-02  2.031E-02  1.959E-02  1.771E-02  1.637E-02  1.500E-02  1.063E-02  1.178E-02 
     6   1.786E-02  1.930E-02  1.959E-02  1.764E-02  1.459E-02  1.388E-02  1.297E-02  2.513E-02  5.687E-03 
     5   9.242E-03  1.607E-02  1.771E-02  1.459E-02  7.212E-03  1.051E-02  9.134E-03  1.215E-02            
     4   1.434E-02  1.586E-02  1.637E-02  1.388E-02  1.051E-02  8.937E-03  1.678E-02  4.524E-03            
     3   1.445E-02  1.468E-02  1.500E-02  1.297E-02  9.134E-03  1.678E-02  5.171E-03                       
     2   1.164E-02  1.134E-02  1.063E-02  2.513E-02  1.215E-02  4.524E-03                                  
     1   1.612E-02  1.533E-02  1.178E-02  5.687E-03                                                        



 Total time :    3.30721998      seconds
