                       ###########################################################
                       #                     ADPRES 1.1                          #
                       #        ABU DHABI POLYTECHNIC REACTOR SIMULATOR          #
                       ###########################################################  


  ========================================INPUT DATA STARTS HERE=====================================
     1: ! IAEA2D input data                                                                                 
     2: ! 2 Dimensional Problem                                                                             
     3: ! NODE SIZE = 20 CM                                                                                 
     4: ! MOSRA K-EFF  = 1.03393                                                                            
     5: ! ADPRES K-EFF = 1.033934                                                                           
     6:                                                                                                     
     7: %MODE                                                                                               
     8: FORWARD                                                                                             
     9: %CASE                                                                                               
    10: IAEA2D                                                                                              
    11: PROBLEM TEST                                                                                        
    12: %XSEC                                                                                               
    13: 2  4    ! Number of groups and number of materials                                                  
    14: ! sigtr   siga   nu*sigf sigf   chi   sigs_g1  sigs_g2                                              
    15: !	MATERIAL 1                                                                                        
    16: 0.222222  0.010  0.000  0.000    1.0   0.1922   0.020                                               
    17: 0.833333  0.080  0.135  0.135    0.0   0.000    0.7533   ! MAT1 : Outer Fuel                        
    18: 0.222222  0.010  0.000  0.000    1.0   0.1922   0.020                                               
    19: 0.833333  0.085  0.135  0.135    0.0   0.000    0.7483   ! MAT2 : Inner Fuel                        
    20: 0.222222  0.0100 0.000  0.000    1.0   0.1922   0.020                                               
    21: 0.833333  0.1300 0.135  0.135    0.0   0.000    0.7033   ! MAT3 : Inner Fuel + Control Rod          
    22: 0.166667  0.000  0.000  0.000    0.0   0.1267   0.040                                               
    23: 1.111111  0.010  0.000  0.000    0.0   0.000    1.1011   ! MAT4 : Reflector                         
    24: %GEOM                                                                                               
    25: 9 9 2          !nx, ny, nz                                                                          
    26: 10.0 8*20.0    !x-direction assembly size in cm                                                     
    27: 1 2 1 2 1 2 1 2 1            !x-direction assembly divided into 20 cm each                          
    28: 10.0 8*20.0    !y-direction assembly size in cm                                                     
    29: 1 2 1 2 1 2 1 2 1            !y-direction assembly divided into 20 cm each                          
    30: 2*10.0         !z-direction assembly size in cm                                                     
    31: 1 1            !z-direction assembly divided into 20 cm each                                        
    32: 1              !np number of planar type                                                            
    33: 1 1            !planar assignment (from bottom to top)                                              
    34: ! Planar_type_1                                                                                     
    35:  4 4 4 4 0 0 0 0 0                                                                                  
    36:  1 1 1 4 4 4 0 0 0                                                                                  
    37:  2 2 1 1 1 4 4 0 0                                                                                  
    38:  2 2 2 2 1 1 4 4 0                                                                                  
    39:  3 2 2 2 3 1 1 4 0                                                                                  
    40:  2 2 2 2 2 2 1 4 4                                                                                  
    41:  2 2 2 2 2 2 1 1 4                                                                                  
    42:  2 2 2 2 2 2 2 1 4                                                                                  
    43:  3 2 2 2 3 2 2 1 4                                                                                  
    44: ! Boundary conditions (east), (west), (north), (south), (bottom), (top)                             
    45: 1 1 1 1 1 1                                                                                         
  ========================================INPUT DATA   ENDS HERE=====================================



                                             START READING INPUT
  ***************************************************************************************************
  CALCULATION MODE :                      FORWARD CALCULATION

  CASE ID :   IAEA2D                                                                                            
   PROBLEM TEST                                                                                      


            >>>> READING MACROSCOPIC CROSS SECTIONS <<<<
            --------------------------------------------

     MATERIAL  1
    GROUP   TRANSPORT    DIFFUSION  ABSORPTION    REMOVAL      NU*FISS      FISSION    FISS. SPCTR
       1     0.222222    1.500002    0.010000    0.030000     0.000000     0.000000     1.000000
       2     0.833333    0.400000    0.080000    0.080000     0.135000     0.135000     0.000000
   --SCATTERING MATRIX--
     G/G'          1          2
      1        0.192200    0.020000
      2        0.000000    0.753300

     MATERIAL  2
    GROUP   TRANSPORT    DIFFUSION  ABSORPTION    REMOVAL      NU*FISS      FISSION    FISS. SPCTR
       1     0.222222    1.500002    0.010000    0.030000     0.000000     0.000000     1.000000
       2     0.833333    0.400000    0.085000    0.085000     0.135000     0.135000     0.000000
   --SCATTERING MATRIX--
     G/G'          1          2
      1        0.192200    0.020000
      2        0.000000    0.748300

     MATERIAL  3
    GROUP   TRANSPORT    DIFFUSION  ABSORPTION    REMOVAL      NU*FISS      FISSION    FISS. SPCTR
       1     0.222222    1.500002    0.010000    0.030000     0.000000     0.000000     1.000000
       2     0.833333    0.400000    0.130000    0.130000     0.135000     0.135000     0.000000
   --SCATTERING MATRIX--
     G/G'          1          2
      1        0.192200    0.020000
      2        0.000000    0.703300

     MATERIAL  4
    GROUP   TRANSPORT    DIFFUSION  ABSORPTION    REMOVAL      NU*FISS      FISSION    FISS. SPCTR
       1     0.166667    1.999996    0.000000    0.040000     0.000000     0.000000     0.000000
       2     1.111111    0.300000    0.010000    0.010000     0.000000     0.000000     0.000000
   --SCATTERING MATRIX--
     G/G'          1          2
      1        0.126700    0.040000
      2        0.000000    1.101100

  ...Macroscopic CX Card is sucessfully read...


            >>>>>READING CORE GEOMETRY<<<<<
            -------------------------------
  Number of assembly in x, y and z directions respectively :
           9           9           2
  Number of nodes in x, y and z directions respectively :
          13          13           2

  x-directed nodes divison (delta-x)
    10.00  10.00  10.00  20.00  10.00  10.00  20.00  10.00  10.00  20.00
    10.00  10.00  20.00
  y-directed nodes divison (delta-y)
    10.00  10.00  10.00  20.00  10.00  10.00  20.00  10.00  10.00  20.00
    10.00  10.00  20.00

  Planar Region :  1
        1  2  3  4  5  6  7  8  9 10 11 12 13
    13  4  4  4  4  4  4                      
    12  1  1  1  1  4  4  4  4  4             
    11  1  1  1  1  4  4  4  4  4             
    10  2  2  2  1  1  1  1  4  4  4          
     9  2  2  2  2  2  2  1  1  1  4  4  4    
     8  2  2  2  2  2  2  1  1  1  4  4  4    
     7  3  2  2  2  2  2  3  1  1  1  4  4    
     6  2  2  2  2  2  2  2  2  2  1  4  4  4 
     5  2  2  2  2  2  2  2  2  2  1  4  4  4 
     4  2  2  2  2  2  2  2  2  2  1  1  1  4 
     3  2  2  2  2  2  2  2  2  2  2  1  1  4 
     2  2  2  2  2  2  2  2  2  2  2  1  1  4 
     1  3  2  2  2  2  2  3  2  2  2  1  1  4 

  Planar Region Assignment to planes.
 --------------------------------------
   Plane Number     Planar Region    delta-z
        2 (TOP)            1          10.00
        1 (BOTTOM)         1          10.00

   Boundary conditions
  X-directed West   : ZERO INCOMING CURRENT
  X-directed East   : ZERO INCOMING CURRENT
  Y-directed North  : ZERO INCOMING CURRENT
  Y-directed South  : ZERO INCOMING CURRENT
  Z-directed Bottom : ZERO INCOMING CURRENT
  Z-directed Top    : ZERO INCOMING CURRENT

  ...Core geometry is sucessfully read...


  **********************************  STOP READING INPUT  *******************************************


  ================================================================================================
                                        CALCULATION RESULTS
  ================================================================================================

   Itr     k-eff     Fis.Src Error   Inner Error
  ----------------------------------------------------
    1     0.568209    2.74267E+01    7.25413E+00
    2     0.548893    1.00000E+00    9.66736E-01
    3     0.531721    1.00000E+00    4.91391E-01
    4     0.523534    3.40731E-01    2.70816E-01
     ...FISSION SOURCE EXTRAPOLATED...
    5     0.519692    1.40766E+00    2.19374E-01
    6     0.527375    1.48721E-01    1.77058E-01
    7     0.526708    9.07732E-02    1.33708E-01
    8     0.527272    7.87326E-02    9.86650E-02
    9     0.527966    7.11197E-02    7.13868E-02
     ...FISSION SOURCE EXTRAPOLATED...
   10     0.531891    6.28816E-01    5.09249E-02
   11     0.531028    1.32159E-01    6.77982E-02
   12     0.530830    1.94911E-02    3.68972E-02
   13     0.530778    1.72209E-02    2.33844E-02
   14     0.530818    1.62742E-02    1.60422E-02
     ...FISSION SOURCE EXTRAPOLATED...
   15     0.531638    2.53753E-01    1.13038E-02
   16     0.531621    6.95915E-02    3.22507E-02
   17     0.531546    8.76897E-03    1.38118E-02
   18     0.531500    2.72128E-03    7.60724E-03
   19     0.531496    2.51272E-03    4.66372E-03
     ...FISSION SOURCE EXTRAPOLATED...
   20     0.531651    8.10298E-02    2.98237E-03
   21     0.531786    2.56614E-02    1.05553E-02
   22     0.531707    8.06847E-03    4.40748E-03
   23     0.531665    6.50704E-03    2.52727E-03
   24     0.531648    5.54346E-03    1.64252E-03
     ...FISSION SOURCE EXTRAPOLATED...
   25     0.531583    2.98483E-02    1.08852E-03
   26     0.531599    4.54190E-03    3.02773E-03
   27     0.531601    1.15755E-03    5.89293E-04
   28     0.531600    1.12496E-03    3.79567E-04
   29     0.531599    1.07949E-03    2.59185E-04
     ...FISSION SOURCE EXTRAPOLATED...
   30     0.531570    2.66966E-02    1.86812E-04
   31     0.531580    7.11426E-03    3.15484E-03
   32     0.531577    1.09968E-03    4.42043E-04
   33     0.531576    6.97749E-04    2.24637E-04
   34     0.531576    4.06396E-04    1.45657E-04
     ...FISSION SOURCE EXTRAPOLATED...
   35     0.531578    3.68452E-03    1.07939E-04
   36     0.531581    1.09517E-03    3.15439E-04
   37     0.531580    3.00962E-04    1.31119E-04
   38     0.531580    1.44620E-04    8.32247E-05
   39     0.531580    7.85078E-05    6.18448E-05
     ...FISSION SOURCE EXTRAPOLATED...
   40     0.531579    3.00931E-03    4.69718E-05
   41     0.531584    1.00788E-03    3.99943E-04
   42     0.531583    2.11629E-04    2.45328E-04
   43     0.531581    1.43053E-04    1.23352E-04
   44     0.531581    1.18630E-04    7.75546E-05
     ...FISSION SOURCE EXTRAPOLATED...
   45     0.531579    5.60673E-04    4.92585E-05
   46     0.531580    1.32579E-04    6.29326E-05
   47     0.531580    1.71192E-05    1.64212E-05
   48     0.531580    1.72095E-05    1.10622E-05
   49     0.531580    1.63035E-05    7.93100E-06
     ...FISSION SOURCE EXTRAPOLATED...
   50     0.531579    5.97980E-04    7.48197E-06
   51     0.531579    1.86417E-04    8.99433E-05
   52     0.531579    3.02769E-05    4.14702E-05
   53     0.531579    2.00810E-05    2.26642E-05
   54     0.531579    1.78963E-05    1.52664E-05
     ...FISSION SOURCE EXTRAPOLATED...
   55     0.531580    3.07141E-04    1.04524E-05
   56     0.531580    8.76279E-05    2.84364E-05
   57     0.531580    2.20626E-05    1.20268E-05
   58     0.531580    1.26962E-05    6.87610E-06
   59     0.531580    6.03588E-06    5.95679E-06

 MULTIPLICATION EFFECTIVE (K-EFF) =  0.531580
