                       ###########################################################
                       #                     ADPRES 1.1                          #
                       #        ABU DHABI POLYTECHNIC REACTOR SIMULATOR          #
                       ###########################################################  


  ========================================INPUT DATA STARTS HERE=====================================
     1: ! TRANSIENT LMW BENCHMARK INPUT DATA                                                                
     2:                                                                                                     
     3: %MODE                                                                                               
     4: RODEJECT                                                                                            
     5: %CASE                                                                                               
     6: LMW  TRANSIENT                                                                                      
     7: 20 CM NODE SIZE                                                                                     
     8: %   XSEC                                                                                            
     9: 2  3    ! Number of groups and number of materials                                                  
    10: !  sigtr      siga      nu*sigf    sigf    chi sigs_g1  sigs_g2                                     
    11: 0.2340967  0.01040206  0.006478  0.006478  1.0  0.0  0.017556                                       
    12: 0.9355255  0.08766217  0.112733  0.112733  0.0  0.0  0.000000  / MAT 1 (INNER CORE)                 
    13: 0.2338179  0.01099263  0.007503  0.007503  1.0  0.0  0.017178                                       
    14: 0.9508216  0.09925634  0.137800  0.137800  0.0  0.0  0.000000  / MAT 2 (OUTER CORE)                 
    15: 0.2039700  0.00266057  0.000000  0.000000  1.0  0.0  0.027597                                       
    16: 1.2626167  0.04936351  0.000000  0.000000  0.0  0.0  0.000000  / MAT 3 (REFLECTOR)                  
    17:                                                                                                     
    18: ! GEOMETRY CARD                                                                                     
    19: %GEOM                                                                                               
    20: 6 6 10               !nx, ny, nz                                                                    
    21: 10.0 5*20.0          !x-direction assembly size in cm                                               
    22: 1    5*1             !x-direction assembly division                                                 
    23: 10.0 5*20.0          !y-direction assembly size in cm                                               
    24: 1    5*1             !y-direction assembly division                                                 
    25: 10*20.0              !z-direction size  in cm (from bottom to top)                                  
    26: 10*2                 !z-direction assembly division                                                 
    27: 2                    !np number of planar type                                                      
    28: 1  8*2  1            !planar assignment (from bottom to top)                                        
    29: ! Planar_Reg 1                                                                                      
    30: 3  3  3  3  3  0                                                                                    
    31: 3  3  3  3  3  3                                                                                    
    32: 3  3  3  3  3  3                                                                                    
    33: 3  3  3  3  3  3                                                                                    
    34: 3  3  3  3  3  3                                                                                    
    35: 3  3  3  3  3  3                                                                                    
    36: ! Planar_Reg 2                                                                                      
    37: 3  3  3  3  3  0                                                                                    
    38: 2  2  2  2  3  3                                                                                    
    39: 1  1  1  2  2  3                                                                                    
    40: 1  1  1  1  2  3                                                                                    
    41: 1  1  1  1  2  3                                                                                    
    42: 1  1  1  1  2  3                                                                                    
    43: ! Boundary conditions (east), (west), (north), (south), (bottom), (top)                             
    44: 1 2 1 2 1 1                                                                                         
    45:                                                                                                     
    46: ! CONTROL CARD                                                                                      
    47: %CROD                                                                                               
    48: 2   180                          ! Number of CR banks and Max number of steps                       
    49: 0.  1.0                          ! Zero step pos. (cm from bottom) and step size (cm/step)          
    50: 180.  100.                       ! CR Bank pos.                                                     
    51: 0  0  0  0  0  0                                                                                    
    52: 0  0  0  0  0  0                                                                                    
    53: 2  0  0  0  0  0                                                                                    
    54: 0  0  1  0  0  0                                                                                    
    55: 0  0  0  0  0  0                                                                                    
    56: 1  0  0  2  0  0                                                                                    
    57: ! CX changes                                                                                        
    58: !  sigtr    siga   nu*sigf   sigf    sigs_g1  sigs_g2                                               
    59:  0.00000  0.00055  0.00000  0.00000  0.00000  0.00000                                               
    60:  0.00000  0.00380  0.00000  0.00000  0.00000  0.00000                                               
    61:  0.00028 -0.00004 -0.00103 -0.00103  0.00000  0.00038                                               
    62: -0.01530 -0.00779 -0.02507 -0.02507  0.00000  0.00000                                               
    63:  0.03013  0.00829  0.00648  0.00648  0.00000 -0.01004                                               
    64: -0.32709  0.04210  0.11273  0.11273  0.00000  0.00000                                               
    65: 1                                                                                                   
    66:                                                                                                     
    67: ! ROD EJECTION CARD                                                                                 
    68:                                                                                                     
    69: %EJCT                                                                                               
    70: ! Final Bank Pos (steps)     Starts Move (seconds)     Speed (steps/seconds)                        
    71:      60.                       7.5                     3.0    ! Bank 1                              
    72:      180.                       0.0                     3.0    ! Bank 2                             
    73: 60.  0.25  70.0  1.0            ! (seconds) total time, 1st time step, when to start 2nd time step, 
    74: 0.00025    0.00138    0.00122    0.00265    0.00083    0.00017           !beta                      
    75: 0.01270    0.03170    0.11500    0.31100    1.40000    3.87000           !decay constants           
    76: 1.25E7    2.5E5     ! Neutron velocity                                                              
    77: 1                                                                                                   
  ========================================INPUT DATA   ENDS HERE=====================================



                                             START READING INPUT
  ***************************************************************************************************
  CALCULATION MODE :                 ROD EJECTION CALCULATION

  CASE ID :   LMW  TRANSIENT                                                                                    
   20 CM NODE SIZE                                                                                   


            >>>> READING MACROSCOPIC CROSS SECTIONS <<<<
            --------------------------------------------

     MATERIAL  1
    GROUP   TRANSPORT    DIFFUSION  ABSORPTION    REMOVAL      NU*FISS      FISSION    FISS. SPCTR
       1     0.234097    1.423913    0.010402    0.027958     0.006478     0.006478     1.000000
       2     0.935525    0.356306    0.087662    0.087662     0.112733     0.112733     0.000000
   --SCATTERING MATRIX--
     G/G'          1          2
      1        0.000000    0.017556
      2        0.000000    0.000000

     MATERIAL  2
    GROUP   TRANSPORT    DIFFUSION  ABSORPTION    REMOVAL      NU*FISS      FISSION    FISS. SPCTR
       1     0.233818    1.425611    0.010993    0.028171     0.007503     0.007503     1.000000
       2     0.950822    0.350574    0.099256    0.099256     0.137800     0.137800     0.000000
   --SCATTERING MATRIX--
     G/G'          1          2
      1        0.000000    0.017178
      2        0.000000    0.000000

     MATERIAL  3
    GROUP   TRANSPORT    DIFFUSION  ABSORPTION    REMOVAL      NU*FISS      FISSION    FISS. SPCTR
       1     0.203970    1.634227    0.002661    0.030258     0.000000     0.000000     1.000000
       2     1.262617    0.264002    0.049364    0.049364     0.000000     0.000000     0.000000
   --SCATTERING MATRIX--
     G/G'          1          2
      1        0.000000    0.027597
      2        0.000000    0.000000

  ...Macroscopic CX Card is sucessfully read...


            >>>>>READING CORE GEOMETRY<<<<<
            -------------------------------
  Number of assembly in x, y and z directions respectively :
           6           6          10
  Number of nodes in x, y and z directions respectively :
           6           6          20

  x-directed nodes divison (delta-x)
    10.00  20.00  20.00  20.00  20.00  20.00
  y-directed nodes divison (delta-y)
    10.00  20.00  20.00  20.00  20.00  20.00

  Planar Region :  1
        1  2  3  4  5  6
     6  3  3  3  3  3    
     5  3  3  3  3  3  3 
     4  3  3  3  3  3  3 
     3  3  3  3  3  3  3 
     2  3  3  3  3  3  3 
     1  3  3  3  3  3  3 
  Planar Region :  2
        1  2  3  4  5  6
     6  3  3  3  3  3    
     5  2  2  2  2  3  3 
     4  1  1  1  2  2  3 
     3  1  1  1  1  2  3 
     2  1  1  1  1  2  3 
     1  1  1  1  1  2  3 

  Planar Region Assignment to planes.
 --------------------------------------
   Plane Number     Planar Region    delta-z
       20 (TOP)            1          10.00
       19                  1          10.00
       18                  2          10.00
       17                  2          10.00
       16                  2          10.00
       15                  2          10.00
       14                  2          10.00
       13                  2          10.00
       12                  2          10.00
       11                  2          10.00
       10                  2          10.00
        9                  2          10.00
        8                  2          10.00
        7                  2          10.00
        6                  2          10.00
        5                  2          10.00
        4                  2          10.00
        3                  2          10.00
        2                  1          10.00
        1 (BOTTOM)         1          10.00

   Boundary conditions
  X-directed West   : REFLECTIVE
  X-directed East   : ZERO INCOMING CURRENT
  Y-directed North  : ZERO INCOMING CURRENT
  Y-directed South  : REFLECTIVE
  Z-directed Bottom : ZERO INCOMING CURRENT
  Z-directed Top    : ZERO INCOMING CURRENT

  ...Core geometry is sucessfully read...


            >>>> READING CONTROL RODS INSERTION <<<<
            --------------------------------------------
  NUMBER OF CONTROL ROD BANK  :  2
  MAX. NUMBER OF STEPS  : 180
  FULLY INSERTED POSITION (cm):  0.0 (FROM BOTTOM OF THE CORE)
  STEP SIZE (cm)              :   1.0000
  INITIAL CONTROL ROD BANK POSITION (STEPS) : 
  (0 means fully inserted) 
    Bank  1  Bank  2
    180.0    100.0

  CONTROL ROD BANK MAP : 
  0  0  0  0  0  0
  0  0  0  0  0  0
  2  0  0  0  0  0
  0  0  1  0  0  0
  0  0  0  0  0  0
  1  0  0  2  0  0

  MATERIAL CX INCREMENT OR DECREMENT DUE TO CR INSERTION : 
    MATERIAL  1
    GROUP   TRANSPORT  ABSORPTION      NU*FISS      FISSION
       1     0.000000    0.000550     0.000000     0.000000
       2     0.000000    0.003800     0.000000     0.000000
   --SCATTERING MATRIX--
     G/G'        1        2
      1      0.000000  0.000000
      2      0.000000  0.000000
    MATERIAL  2
    GROUP   TRANSPORT  ABSORPTION      NU*FISS      FISSION
       1     0.000280   -0.000040    -0.001030    -0.001030
       2    -0.015300   -0.007790    -0.025070    -0.025070
   --SCATTERING MATRIX--
     G/G'        1        2
      1      0.000000  0.000380
      2      0.000000  0.000000
    MATERIAL  3
    GROUP   TRANSPORT  ABSORPTION      NU*FISS      FISSION
       1     0.030130    0.008290     0.006480     0.006480
       2    -0.327090    0.042100     0.112730     0.112730
   --SCATTERING MATRIX--
     G/G'        1        2
      1      0.000000 -0.010040
      2      0.000000  0.000000

  ...Control Rods Insertion card is sucessfully read...


            >>>>     READING ROD EJECTION DATA      <<<<
            --------------------------------------------
                           Bank  1  Bank  2
  FINAL BANK POS. (STEP)     60.0    180.0
  STARTS MOVE (SECOND)        7.5      0.0
  SPEED (STEP/SECOND)         3.0      3.0

  TIME PARAMETERS IN SECONDS : 
    TOTAL SIMULATION TIME         :  60.00
    FIRST TIME STEP               : 0.2500
    SECOND TIME STEP              : 1.0000
    WHEN SECOND TIME STEP APPLY?  :  70.00

  DELAYED NEUTRON FRACTION : 
    0.00025    0.00138    0.00122    0.00265    0.00083    0.00017

  PRECUSOR DECAY CONSTANT (1/s): 
    0.01270    0.03170    0.11500    0.31100    1.40000    3.87000

  NEUTRON VELOCITY (cm/s) : 
    1.25000E+07    2.50000E+05

  ...Rod Ejection Card is sucessfully read...


  **********************************  STOP READING INPUT  *******************************************

  TRANSIENT RESULTS :

  Step  Time(s)  React.($)   Rel. Power   CR Bank Pos. (1-end)
 --------------------------------------------------------------
   0     0.000    0.0000     1.0000E+00   180.00   100.00
   1     0.250    0.0035     1.0039E+00   180.00   100.75
   2     0.500    0.0089     1.0101E+00   180.00   101.50
   3     0.750    0.0134     1.0157E+00   180.00   102.25
   4     1.000    0.0147     1.0182E+00   180.00   103.00
   5     1.250    0.0178     1.0228E+00   180.00   103.75
   6     1.500    0.0223     1.0291E+00   180.00   104.50
   7     1.750    0.0267     1.0357E+00   180.00   105.25
   8     2.000    0.0294     1.0407E+00   180.00   106.00
   9     2.250    0.0312     1.0446E+00   180.00   106.75
  10     2.500    0.0357     1.0519E+00   180.00   107.50
  11     2.750    0.0402     1.0595E+00   180.00   108.25
  12     3.000    0.0471     1.0705E+00   180.00   109.00
  13     3.250    0.0478     1.0743E+00   180.00   109.75
  14     3.500    0.0512     1.0815E+00   180.00   110.50
  15     3.750    0.0575     1.0926E+00   180.00   111.25
  16     4.000    0.0583     1.0972E+00   180.00   112.00
  17     4.250    0.0617     1.1050E+00   180.00   112.75
  18     4.500    0.0658     1.1142E+00   180.00   113.50
  19     4.750    0.0700     1.1236E+00   180.00   114.25
  20     5.000    0.0721     1.1307E+00   180.00   115.00
  21     5.250    0.0742     1.1379E+00   180.00   115.75
  22     5.500    0.0783     1.1479E+00   180.00   116.50
  23     5.750    0.0825     1.1584E+00   180.00   117.25
  24     6.000    0.0858     1.1680E+00   180.00   118.00
  25     6.250    0.0866     1.1746E+00   180.00   118.75
  26     6.500    0.0923     1.1879E+00   180.00   119.50
  27     6.750    0.0956     1.1984E+00   180.00   120.25
  28     7.000    0.0988     1.2091E+00   180.00   121.00
  29     7.250    0.1022     1.2203E+00   180.00   121.75
  30     7.500    0.1059     1.2323E+00   180.00   122.50
  31     7.750    0.1091     1.2440E+00   179.25   123.25
  32     8.000    0.1104     1.2529E+00   178.50   124.00
  33     8.250    0.1122     1.2626E+00   177.75   124.75
  34     8.500    0.1157     1.2751E+00   177.00   125.50
  35     8.750    0.1190     1.2878E+00   176.25   126.25
  36     9.000    0.1210     1.2988E+00   175.50   127.00
  37     9.250    0.1217     1.3076E+00   174.75   127.75
  38     9.500    0.1249     1.3207E+00   174.00   128.50
  39     9.750    0.1285     1.3348E+00   173.25   129.25
  40    10.000    0.1311     1.3477E+00   172.50   130.00
  41    10.250    0.1329     1.3593E+00   171.75   130.75
  42    10.500    0.1363     1.3740E+00   171.00   131.50
  43    10.750    0.1387     1.3874E+00   170.25   132.25
  44    11.000    0.1387     1.3969E+00   169.50   133.00
  45    11.250    0.1396     1.4078E+00   168.75   133.75
  46    11.500    0.1423     1.4219E+00   168.00   134.50
  47    11.750    0.1443     1.4352E+00   167.25   135.25
  48    12.000    0.1449     1.4461E+00   166.50   136.00
  49    12.250    0.1448     1.4558E+00   165.75   136.75
  50    12.500    0.1471     1.4697E+00   165.00   137.50
  51    12.750    0.1492     1.4838E+00   164.25   138.25
  52    13.000    0.1522     1.4998E+00   163.50   139.00
  53    13.250    0.1512     1.5086E+00   162.75   139.75
  54    13.500    0.1521     1.5205E+00   162.00   140.50
  55    13.750    0.1554     1.5376E+00   161.25   141.25
  56    14.000    0.1534     1.5446E+00   160.50   142.00
  57    14.250    0.1538     1.5559E+00   159.75   142.75
  58    14.500    0.1557     1.5703E+00   159.00   143.50
  59    14.750    0.1548     1.5792E+00   158.25   144.25
  60    15.000    0.1537     1.5875E+00   157.50   145.00
  61    15.250    0.1525     1.5952E+00   156.75   145.75
  62    15.500    0.1536     1.6077E+00   156.00   146.50
  63    15.750    0.1543     1.6193E+00   155.25   147.25
  64    16.000    0.1535     1.6280E+00   154.50   148.00
  65    16.250    0.1515     1.6340E+00   153.75   148.75
  66    16.500    0.1524     1.6455E+00   153.00   149.50
  67    16.750    0.1532     1.6573E+00   152.25   150.25
  68    17.000    0.1520     1.6650E+00   151.50   151.00
  69    17.250    0.1498     1.6701E+00   150.75   151.75
  70    17.500    0.1494     1.6787E+00   150.00   152.50
  71    17.750    0.1476     1.6843E+00   149.25   153.25
  72    18.000    0.1447     1.6872E+00   148.50   154.00
  73    18.250    0.1420     1.6899E+00   147.75   154.75
  74    18.500    0.1423     1.6986E+00   147.00   155.50
  75    18.750    0.1411     1.7043E+00   146.25   156.25
  76    19.000    0.1383     1.7065E+00   145.50   157.00
  77    19.250    0.1350     1.7070E+00   144.75   157.75
  78    19.500    0.1340     1.7121E+00   144.00   158.50
  79    19.750    0.1337     1.7185E+00   143.25   159.25
  80    20.000    0.1310     1.7199E+00   142.50   160.00
  81    20.250    0.1277     1.7194E+00   141.75   160.75
  82    20.500    0.1253     1.7205E+00   141.00   161.50
  83    20.750    0.1225     1.7205E+00   140.25   162.25
  84    21.000    0.1188     1.7182E+00   139.50   163.00
  85    21.250    0.1129     1.7106E+00   138.75   163.75
  86    21.500    0.1126     1.7143E+00   138.00   164.50
  87    21.750    0.1094     1.7120E+00   137.25   165.25
  88    22.000    0.1049     1.7065E+00   136.50   166.00
  89    22.250    0.1001     1.7001E+00   135.75   166.75
  90    22.500    0.0983     1.6991E+00   135.00   167.50
  91    22.750    0.0963     1.6979E+00   134.25   168.25
  92    23.000    0.0921     1.6917E+00   133.50   169.00
  93    23.250    0.0870     1.6835E+00   132.75   169.75
  94    23.500    0.0832     1.6773E+00   132.00   170.50
  95    23.750    0.0827     1.6776E+00   131.25   171.25
  96    24.000    0.0747     1.6630E+00   130.50   172.00
  97    24.250    0.0705     1.6550E+00   129.75   172.75
  98    24.500    0.0699     1.6538E+00   129.00   173.50
  99    24.750    0.0609     1.6366E+00   128.25   174.25
 100    25.000    0.0549     1.6242E+00   127.50   175.00
 101    25.250    0.0488     1.6114E+00   126.75   175.75
 102    25.500    0.0465     1.6052E+00   126.00   176.50
 103    25.750    0.0430     1.5968E+00   125.25   177.25
 104    26.000    0.0369     1.5837E+00   124.50   178.00
 105    26.250    0.0306     1.5699E+00   123.75   178.75
 106    26.500    0.0264     1.5594E+00   123.00   179.50
 107    26.750    0.0247     1.5531E+00   122.25   180.00
 108    27.000    0.0183     1.5389E+00   121.50   180.00
 109    27.250    0.0102     1.5214E+00   120.75   180.00
 110    27.500    0.0052     1.5088E+00   120.00   180.00
 111    27.750   -0.0010     1.4941E+00   119.25   180.00
 112    28.000   -0.0088     1.4765E+00   118.50   180.00
 113    28.250   -0.0160     1.4598E+00   117.75   180.00
 114    28.500   -0.0182     1.4506E+00   117.00   180.00
 115    28.750   -0.0233     1.4372E+00   116.25   180.00
 116    29.000   -0.0305     1.4205E+00   115.50   180.00
 117    29.250   -0.0377     1.4036E+00   114.75   180.00
 118    29.500   -0.0421     1.3908E+00   114.00   180.00
 119    29.750   -0.0450     1.3801E+00   113.25   180.00
 120    30.000   -0.0523     1.3633E+00   112.50   180.00
 121    30.250   -0.0596     1.3465E+00   111.75   180.00
 122    30.500   -0.0662     1.3304E+00   111.00   180.00
 123    30.750   -0.0725     1.3149E+00   110.25   180.00
 124    31.000   -0.0789     1.2991E+00   109.50   180.00
 125    31.250   -0.0899     1.2774E+00   108.75   180.00
 126    31.500   -0.0915     1.2674E+00   108.00   180.00
 127    31.750   -0.0978     1.2519E+00   107.25   180.00
 128    32.000   -0.1057     1.2346E+00   106.50   180.00
 129    32.250   -0.1136     1.2172E+00   105.75   180.00
 130    32.500   -0.1175     1.2045E+00   105.00   180.00
 131    32.750   -0.1215     1.1919E+00   104.25   180.00
 132    33.000   -0.1293     1.1751E+00   103.50   180.00
 133    33.250   -0.1372     1.1582E+00   102.75   180.00
 134    33.500   -0.1435     1.1431E+00   102.00   180.00
 135    33.750   -0.1450     1.1332E+00   101.25   180.00
 136    34.000   -0.1567     1.1130E+00   100.50   180.00
 137    34.250   -0.1631     1.0981E+00    99.75   180.00
 138    34.500   -0.1643     1.0885E+00    99.00   180.00
 139    34.750   -0.1770     1.0679E+00    98.25   180.00
 140    35.000   -0.1851     1.0517E+00    97.50   180.00
 141    35.250   -0.1932     1.0356E+00    96.75   180.00
 142    35.500   -0.1964     1.0241E+00    96.00   180.00
 143    35.750   -0.2012     1.0115E+00    95.25   180.00
 144    36.000   -0.2093     9.9613E-01    94.50   180.00
 145    36.250   -0.2173     9.8088E-01    93.75   180.00
 146    36.500   -0.2229     9.6786E-01    93.00   180.00
 147    36.750   -0.2253     9.5772E-01    92.25   180.00
 148    37.000   -0.2332     9.4318E-01    91.50   180.00
 149    37.250   -0.2426     9.2758E-01    90.75   180.00
 150    37.500   -0.2490     9.1449E-01    90.00   180.00
 151    37.750   -0.2556     9.0140E-01    89.25   180.00
 152    38.000   -0.2648     8.8648E-01    88.50   180.00
 153    38.250   -0.2726     8.7273E-01    87.75   180.00
 154    38.500   -0.2749     8.6310E-01    87.00   180.00
 155    38.750   -0.2804     8.5150E-01    86.25   180.00
 156    39.000   -0.2881     8.3849E-01    85.50   180.00
 157    39.250   -0.2957     8.2566E-01    84.75   180.00
 158    39.500   -0.3003     8.1501E-01    84.00   180.00
 159    39.750   -0.3034     8.0557E-01    83.25   180.00
 160    40.000   -0.3109     7.9341E-01    82.50   180.00
 161    40.250   -0.3184     7.8142E-01    81.75   180.00
 162    40.500   -0.3251     7.7005E-01    81.00   180.00
 163    40.750   -0.3312     7.5922E-01    80.25   180.00
 164    41.000   -0.3371     7.4863E-01    79.50   180.00
 165    41.250   -0.3475     7.3555E-01    78.75   180.00
 166    41.500   -0.3489     7.2779E-01    78.00   180.00
 167    41.750   -0.3545     7.1786E-01    77.25   180.00
 168    42.000   -0.3614     7.0732E-01    76.50   180.00
 169    42.250   -0.3682     6.9695E-01    75.75   180.00
 170    42.500   -0.3717     6.8857E-01    75.00   180.00
 171    42.750   -0.3750     6.8037E-01    74.25   180.00
 172    43.000   -0.3818     6.7061E-01    73.50   180.00
 173    43.250   -0.3884     6.6098E-01    72.75   180.00
 174    43.500   -0.3936     6.5218E-01    72.00   180.00
 175    43.750   -0.3949     6.4544E-01    71.25   180.00
 176    44.000   -0.4041     6.3509E-01    70.50   180.00
 177    44.250   -0.4092     6.2672E-01    69.75   180.00
 178    44.500   -0.4101     6.2049E-01    69.00   180.00
 179    44.750   -0.4195     6.1051E-01    68.25   180.00
 180    45.000   -0.4253     6.0225E-01    67.50   180.00
 181    45.250   -0.4309     5.9411E-01    66.75   180.00
 182    45.500   -0.4332     5.8759E-01    66.00   180.00
 183    45.750   -0.4365     5.8075E-01    65.25   180.00
 184    46.000   -0.4420     5.7311E-01    64.50   180.00
 185    46.250   -0.4473     5.6562E-01    63.75   180.00
 186    46.500   -0.4511     5.5891E-01    63.00   180.00
 187    46.750   -0.4527     5.5318E-01    62.25   180.00
 188    47.000   -0.4579     5.4615E-01    61.50   180.00
 189    47.250   -0.4635     5.3905E-01    60.75   180.00
 190    47.500   -0.4678     5.3253E-01    60.00   180.00
 191    47.750   -0.4678     5.2777E-01    60.00   180.00
 192    48.000   -0.4678     5.2314E-01    60.00   180.00
 193    48.250   -0.4678     5.1863E-01    60.00   180.00
 194    48.500   -0.4678     5.1423E-01    60.00   180.00
 195    48.750   -0.4678     5.0994E-01    60.00   180.00
 196    49.000   -0.4678     5.0573E-01    60.00   180.00
 197    49.250   -0.4678     5.0162E-01    60.00   180.00
 198    49.500   -0.4678     4.9760E-01    60.00   180.00
 199    49.750   -0.4678     4.9365E-01    60.00   180.00
 200    50.000   -0.4678     4.8978E-01    60.00   180.00
 201    50.250   -0.4678     4.8599E-01    60.00   180.00
 202    50.500   -0.4678     4.8226E-01    60.00   180.00
 203    50.750   -0.4678     4.7860E-01    60.00   180.00
 204    51.000   -0.4678     4.7501E-01    60.00   180.00
 205    51.250   -0.4678     4.7148E-01    60.00   180.00
 206    51.500   -0.4678     4.6801E-01    60.00   180.00
 207    51.750   -0.4678     4.6460E-01    60.00   180.00
 208    52.000   -0.4678     4.6123E-01    60.00   180.00
 209    52.250   -0.4678     4.5792E-01    60.00   180.00
 210    52.500   -0.4678     4.5466E-01    60.00   180.00
 211    52.750   -0.4678     4.5146E-01    60.00   180.00
 212    53.000   -0.4678     4.4830E-01    60.00   180.00
 213    53.250   -0.4678     4.4519E-01    60.00   180.00
 214    53.500   -0.4678     4.4212E-01    60.00   180.00
 215    53.750   -0.4678     4.3910E-01    60.00   180.00
 216    54.000   -0.4678     4.3612E-01    60.00   180.00
 217    54.250   -0.4678     4.3317E-01    60.00   180.00
 218    54.500   -0.4678     4.3027E-01    60.00   180.00
 219    54.750   -0.4678     4.2742E-01    60.00   180.00
 220    55.000   -0.4678     4.2464E-01    60.00   180.00
 221    55.250   -0.4678     4.2189E-01    60.00   180.00
 222    55.500   -0.4678     4.1918E-01    60.00   180.00
 223    55.750   -0.4678     4.1651E-01    60.00   180.00
 224    56.000   -0.4678     4.1386E-01    60.00   180.00
 225    56.250   -0.4678     4.1126E-01    60.00   180.00
 226    56.500   -0.4678     4.0868E-01    60.00   180.00
 227    56.750   -0.4678     4.0614E-01    60.00   180.00
 228    57.000   -0.4678     4.0362E-01    60.00   180.00
 229    57.250   -0.4678     4.0114E-01    60.00   180.00
 230    57.500   -0.4678     3.9869E-01    60.00   180.00
 231    57.750   -0.4678     3.9625E-01    60.00   180.00
 232    58.000   -0.4678     3.9386E-01    60.00   180.00
 233    58.250   -0.4678     3.9147E-01    60.00   180.00
 234    58.500   -0.4678     3.8913E-01    60.00   180.00
 235    58.750   -0.4678     3.8680E-01    60.00   180.00
 236    59.000   -0.4678     3.8450E-01    60.00   180.00
 237    59.250   -0.4678     3.8222E-01    60.00   180.00
 238    59.500   -0.4678     3.7996E-01    60.00   180.00
 239    59.750   -0.4678     3.7775E-01    60.00   180.00
 240    60.000   -0.4678     3.7558E-01    60.00   180.00
 241    60.250   -0.4678     3.7342E-01    60.00   180.00
 242    60.500   -0.4678     3.7128E-01    60.00   180.00
 243    60.750   -0.4678     3.6915E-01    60.00   180.00
 244    61.000   -0.4678     3.6707E-01    60.00   180.00
 245    61.250   -0.4678     3.6499E-01    60.00   180.00
 246    61.500   -0.4678     3.6294E-01    60.00   180.00
 247    61.750   -0.4678     3.6091E-01    60.00   180.00
 248    62.000   -0.4678     3.5889E-01    60.00   180.00
 249    62.250   -0.4678     3.5690E-01    60.00   180.00
 250    62.500   -0.4678     3.5492E-01    60.00   180.00
 251    62.750   -0.4678     3.5295E-01    60.00   180.00
 252    63.000   -0.4678     3.5102E-01    60.00   180.00
 253    63.250   -0.4678     3.4912E-01    60.00   180.00
 254    63.500   -0.4678     3.4722E-01    60.00   180.00
 255    63.750   -0.4678     3.4534E-01    60.00   180.00
 256    64.000   -0.4678     3.4349E-01    60.00   180.00
 257    64.250   -0.4678     3.4164E-01    60.00   180.00
 258    64.500   -0.4678     3.3981E-01    60.00   180.00
 259    64.750   -0.4678     3.3800E-01    60.00   180.00
 260    65.000   -0.4678     3.3620E-01    60.00   180.00
 261    65.250   -0.4678     3.3442E-01    60.00   180.00
 262    65.500   -0.4678     3.3267E-01    60.00   180.00
 263    65.750   -0.4678     3.3093E-01    60.00   180.00
 264    66.000   -0.4678     3.2920E-01    60.00   180.00
 265    66.250   -0.4678     3.2747E-01    60.00   180.00
 266    66.500   -0.4678     3.2578E-01    60.00   180.00
 267    66.750   -0.4678     3.2409E-01    60.00   180.00
 268    67.000   -0.4678     3.2241E-01    60.00   180.00
 269    67.250   -0.4678     3.2074E-01    60.00   180.00
 270    67.500   -0.4678     3.1910E-01    60.00   180.00
 271    67.750   -0.4678     3.1749E-01    60.00   180.00
 272    68.000   -0.4678     3.1587E-01    60.00   180.00
 273    68.250   -0.4678     3.1426E-01    60.00   180.00
 274    68.500   -0.4678     3.1266E-01    60.00   180.00
 275    68.750   -0.4678     3.1108E-01    60.00   180.00
 276    69.000   -0.4678     3.0952E-01    60.00   180.00
 277    69.250   -0.4678     3.0796E-01    60.00   180.00
 278    69.500   -0.4678     3.0642E-01    60.00   180.00
 279    69.750   -0.4678     3.0489E-01    60.00   180.00
 280    70.000   -0.4678     3.0337E-01    60.00   180.00


 Total time :    14.0712891      seconds
