           ###########################################################
           #                     ADPRES 1.2                          #
           #        ABU DHABI POLYTECHNIC REACTOR SIMULATOR          #
           ###########################################################


  =============================INPUT DATA STARTS HERE===========================
     1: ! CRITICAL BORON CONCENTRATION SEARCH CALCULATION                                                   
     2: ! FOR PWR NEACRP BENCHMARK                                                                          
     3: %MODE                                                                                               
     4: BCSEARCH                                                                                            
     5:                                                                                                     
     6: ! CASE CARD                                                                                         
     7: %CASE                                                                                               
     8: NEACRP Critical Boron Concentration Search - Case C2                                                
     9: 10.803 CM NODE SIZE                                                                                 
    10:                                                                                                     
    11: %ITER                                                                                               
    12: 800 2 1.e-5 1.e-5 5 40 60 80                                                                        
    13:                                                                                                     
    14: ! XSEC CARD                                                                                         
    15: %XSEC                                                                                               
    16: 2  11    ! Number of groups and number of materials                                                 
    17: !  sigtr        siga        nu*sigf     kappa*sigf  chi sigs_g1 sigs_g2                             
    18: 5.32058E-02  3.73279E-04  0.00000E+00  0.00000E+00  1.0  0.0  2.64554E-02                           
    19: 3.86406E-01  1.77215E-02  0.00000E+00  0.00000E+00  0.0  0.0  0.00000E+00  !COMP 1                  
    20: 2.95609E-01  1.18782E-03  0.00000E+00  0.00000E+00  1.0  0.0  2.31613E-02                           
    21: 2.45931E+00  2.52618E-01  0.00000E+00  0.00000E+00  0.0  0.0  0.00000E+00  !COMP 2                  
    22: 2.95609E-01  1.18782E-03  0.00000E+00  0.00000E+00  1.0  0.0  2.00808E-02                           
    23: 2.45931E+00  2.52618E-01  0.00000E+00  0.00000E+00  0.0  0.0  0.00000E+00  !COMP 3                  
    24: 2.22117E-01  8.71774E-03  4.98277E-03  6.11190E-14  1.0  0.0  1.82498E-02                           
    25: 8.03140E-01  6.52550E-02  8.39026E-02  1.10152E-12  0.0  0.0  0.00000E+00  !COMP 4                  
    26: 2.21914E-01  9.06133E-03  5.57659E-03  6.89181E-14  1.0  0.0  1.80040E-02                           
    27: 7.95538E-01  7.23354E-02  9.98629E-02  1.31106E-12  0.0  0.0  0.00000E+00  !COMP 5                  
    28: 2.21715E-01  9.38496E-03  6.15047E-03  7.64603E-14  1.0  0.0  1.77670E-02                           
    29: 7.89253E-01  7.89203E-02  1.14667E-01  1.50541E-12  0.0  0.0  0.00000E+00  !COMP 6                  
    30: 2.22039E-01  9.31692E-03  5.55010E-03  6.86391E-14  1.0  0.0  1.71381E-02                           
    31: 7.76230E-01  7.96328E-02  9.85576E-02  1.29393E-12  0.0  0.0  0.00000E+00  !COMP 7                  
    32: 2.22083E-01  9.40032E-03  5.54083E-03  6.85391E-14  1.0  0.0  1.68501E-02                           
    33: 7.69969E-01  8.21087E-02  9.80059E-02  1.28669E-12  0.0  0.0  0.00000E+00  !COMP 8                  
    34: 2.22127E-01  9.48286E-03  5.53137E-03  6.84379E-14  1.0  0.0  1.65626E-02                           
    35: 7.63813E-01  8.45912E-02  9.74109E-02  1.27888E-12  0.0  0.0  0.00000E+00  !COMP 9                  
    36: 2.21836E-01  9.63720E-03  6.12382E-03  7.61794E-14  1.0  0.0  1.69043E-02                           
    37: 7.70705E-01  8.61187E-02  1.13241E-01  1.48670E-12  0.0  0.0  0.00000E+00  !COMP 10                 
    38: 2.21878E-01  9.71937E-03  6.11444E-03  7.60778E-14  1.0  0.0  1.66175E-02                           
    39: 7.64704E-01  8.85488E-02  1.12635E-01  1.47876E-12  0.0  0.0  0.00000E+00  !COMP 11                 
    40:                                                                                                     
    41: ! GEOMETRY CARD                                                                                     
    42: %GEOM                                                                                               
    43: 17 9 18               !nx, ny, nz                                                                   
    44: 17*21.606             !x-direction assembly size in cm                                              
    45:   17*2                !x-direction assembly divided 2x2                                             
    46: 8*21.606 10.803       !y-direction assembly size in cm                                              
    47:   8*2       1         !y-direction assembly divided 2x2                                             
    48: 30.  7.7  11.0  15.0  10*30.0  2*12.8  8.0  30.      !z-direction size  in cm (from bottom to top)  
    49: 18*1                 !z-direction assembly divided into 20 cm each                                  
    50: 3                    !np number of planar type                                                      
    51: 1  2  15*3  1        !planar assignment (from bottom to top)                                        
    52: ! Planar_Reg 1                                                                                      
    53: 2  1  1  1  1  1  1  1  1  1  1  1  1  1  1  1  2                                                   
    54: 2  1  1  1  1  1  1  1  1  1  1  1  1  1  1  1  2                                                   
    55: 2  3  1  1  1  1  1  1  1  1  1  1  1  1  1  3  2                                                   
    56: 0  2  1  1  1  1  1  1  1  1  1  1  1  1  1  2  0                                                   
    57: 0  2  3  1  1  1  1  1  1  1  1  1  1  1  3  2  0                                                   
    58: 0  0  2  3  1  1  1  1  1  1  1  1  1  3  2  0  0                                                   
    59: 0  0  0  2  3  1  1  1  1  1  1  1  3  2  0  0  0                                                   
    60: 0  0  0  0  2  2  3  1  1  1  3  2  2  0  0  0  0                                                   
    61: 0  0  0  0  0  0  2  2  2  2  2  0  0  0  0  0  0                                                   
    62: ! Planar_Reg 2                                                                                      
    63: 2  6  4  5  4  5  4  5  4  5  4  5  4  5  4  6  2                                                   
    64: 2  6  6  4  5  4  5  4  5  4  5  4  5  4  6  6  2                                                   
    65: 2  3  6  5  4  5  4  5  4  5  4  5  4  5  6  3  2                                                   
    66: 0  2  6  6  5  4  5  4  5  4  5  4  5  6  6  2  0                                                   
    67: 0  2  3  6  4  5  4  5  4  5  4  5  4  6  3  2  0                                                   
    68: 0  0  2  3  6  6  5  4  5  4  5  6  6  3  2  0  0                                                   
    69: 0  0  0  2  3  6  6  6  4  6  6  6  3  2  0  0  0                                                   
    70: 0  0  0  0  2  2  3  6  6  6  3  2  2  0  0  0  0                                                   
    71: 0  0  0  0  0  0  2  2  2  2  2  0  0  0  0  0  0                                                   
    72: ! Planar_Reg 3                                                                                      
    73: 2  6  4  7  4  9  4  9  4  9  4  9  4  7  4  6  2                                                   
    74: 2  6 11  4  8  4  8  4  9  4  8  4  8  4 11  6  2                                                   
    75: 2  3  6  8  4  8  4  8  4  8  4  8  4  8  6  3  2                                                   
    76: 0  2  6 10  8  4  8  4  9  4  8  4  8 10  6  2  0                                                   
    77: 0  2  3  6  4  8  4  8  4  8  4  8  4  6  3  2  0                                                   
    78: 0  0  2  3  6 10  8  4  7  4  8 10  6  3  2  0  0                                                   
    79: 0  0  0  2  3  6  6 11  4 11  6  6  3  2  0  0  0                                                   
    80: 0  0  0  0  2  2  3  6  6  6  3  2  2  0  0  0  0                                                   
    81: 0  0  0  0  0  0  2  2  2  2  2  0  0  0  0  0  0                                                   
    82: ! Boundary conditions (east), (west), (north), (south), (bottom), (top)                             
    83: 0 0 2 0 0 0                                                                                         
    84:                                                                                                     
    85: ! CONTROL CARD                                                                                      
    86: %CROD                                                                                               
    87: 8  228                        ! Number of CR banks and max number of banks                          
    88: 37.7 1.5942237                ! Zero step pos. (cm) and cm/step (total 228 steps)                   
    89: 100.  200.  100.  200.  200.  200.  200.  100.           ! CR Bank pos.                             
    90: 0  0  3  0  0  0  2  0  1  0  2  0  0  0  8  0  0                                                   
    91: 0  0  0  6  0  0  0  4  0  4  0  0  0  6  0  0  0                                                   
    92: 0  0  6  0  6  0  5  0  2  0  5  0  6  0  6  0  0                                                   
    93: 0  0  0  0  0  4  0  0  0  0  0  4  0  0  0  0  0                                                   
    94: 0  0  0  0  7  0  6  0  0  0  6  0  7  0  0  0  0                                                   
    95: 0  0  0  0  0  0  0  6  0  6  0  0  0  0  0  0  0                                                   
    96: 0  0  0  0  0  0  6  0  3  0  6  0  0  0  0  0  0                                                   
    97: 0  0  0  0  0  0  0  0  0  0  0  0  0  0  0  0  0                                                   
    98: 0  0  0  0  0  0  0  0  0  0  0  0  0  0  0  0  0                                                   
    99: ! CX changes                                                                                        
   100: !  sigtr        siga        nu*sigf        kappa*sigf      sigs_g1   sigs_g2                        
   101:  3.73220E-03  2.47770E-03  -1.02786E-04  -1.21448E-15  0.0  -3.19253E-03                            
   102: -2.19926E-02  2.55875E-02  -2.82319E-03  -3.70238E-14  0.0   0.00000E+00    !COMP 1                 
   103:  3.73220E-03  2.47770E-03  -1.02786E-04  -1.21448E-15  0.0  -3.19253E-03                            
   104: -2.19926E-02  2.55875E-02  -2.82319E-03  -3.70238E-14  0.0   0.00000E+00    !COMP 2                 
   105:  3.73220E-03  2.47770E-03  -1.02786E-04  -1.21448E-15  0.0  -3.19253E-03                            
   106: -2.19926E-02  2.55875E-02  -2.82319E-03  -3.70238E-14  0.0   0.00000E+00    !COMP 3                 
   107:  3.73220E-03  2.47770E-03  -1.02786E-04  -1.21448E-15  0.0  -3.19253E-03                            
   108: -2.19926E-02  2.55875E-02  -2.82319E-03  -3.70238E-14  0.0   0.00000E+00    !COMP 4                 
   109:  3.73220E-03  2.47770E-03  -1.02786E-04  -1.21448E-15  0.0  -3.19253E-03                            
   110: -2.19926E-02  2.55875E-02  -2.82319E-03  -3.70238E-14  0.0   0.00000E+00    !COMP 5                 
   111:  3.74092E-03  2.42926E-03  -1.22634E-04  -1.47557E-15  0.0  -3.14239E-03                            
   112: -1.67503E-02  2.56478E-02  -3.28086E-03  -4.30444E-14  0.0   0.00000E+00    !COMP 6                 
   113:  3.73220E-03  2.47770E-03  -1.02786E-04  -1.21448E-15  0.0  -3.19253E-03                            
   114: -2.19926E-02  2.55875E-02  -2.82319E-03  -3.70238E-14  0.0   0.00000E+00    !COMP 7                 
   115:  3.73220E-03  2.47770E-03  -1.02786E-04  -1.21448E-15  0.0  -3.19253E-03                            
   116: -2.19926E-02  2.55875E-02  -2.82319E-03  -3.70238E-14  0.0   0.00000E+00    !COMP 8                 
   117:  3.73220E-03  2.47770E-03  -1.02786E-04  -1.21448E-15  0.0  -3.19253E-03                            
   118: -2.19926E-02  2.55875E-02  -2.82319E-03  -3.70238E-14  0.0   0.00000E+00    !COMP 9                 
   119:  3.73220E-03  2.47770E-03  -1.02786E-04  -1.21448E-15  0.0  -3.19253E-03                            
   120: -2.19926E-02  2.55875E-02  -2.82319E-03  -3.70238E-14  0.0   0.00000E+00    !COMP 10                
   121:  3.73220E-03  2.47770E-03  -1.02786E-04  -1.21448E-15  0.0  -3.19253E-03                            
   122: -2.19926E-02  2.55875E-02  -2.82319E-03  -3.70238E-14  0.0   0.00000E+00    !COMP 11                
   123: 1                                                                                                   
   124:                                                                                                     
   125: ! CRITICAL BORON SEARCH CARD                                                                        
   126: %CBCS                                                                                               
   127: 1200.2  ! Boron concentration ref. in ppm                                                           
   128: ! CX change per unit ppm change of Boron concentration                                              
   129: !  sigtr          siga         nu*sigf    kappa*sigf  sigs_g1   sigs_g2                             
   130:  6.11833E-08  1.87731E-07   0.00000E+00   0.00000E+00  0.0   7.91457E-10                            
   131:  5.17535E-06  1.02635E-05   0.00000E+00   0.00000E+00  0.0   0.00000E+00    !COMP 1                 
   132:  0.00000E+00  0.00000E+00   0.00000E+00   0.00000E+00  0.0   0.00000E+00                            
   133:  7.76184E-04  8.44695E-05   0.00000E+00   0.00000E+00  0.0   0.00000E+00    !COMP 2                 
   134:  0.00000E+00  0.00000E+00   0.00000E+00   0.00000E+00  0.0   0.00000E+00                            
   135:  7.76184E-04  8.44695E-05   0.00000E+00   0.00000E+00  0.0   0.00000E+00    !COMP 3                 
   136:  3.47809E-08  1.28505E-07  -1.12099E-09  -1.76188E-20  0.0  -1.08590E-07                            
   137: -9.76510E-06  7.08807E-06  -2.43045E-06  -3.19085E-17  0.0   0.00000E+00    !COMP 4                 
   138:  3.53826E-08  1.26709E-07  -1.67880E-09  -2.49965E-20  0.0  -1.06951E-07                            
   139: -8.50169E-06  6.82311E-06  -2.72445E-06  -3.57680E-17  0.0   0.00000E+00    !COMP 5                 
   140:  3.59838E-08  1.24986E-07  -2.21038E-09  -3.20225E-20  0.0  -1.05374E-07                            
   141: -7.46251E-06  6.59798E-06  -2.95883E-06  -3.88451E-17  0.0   0.00000E+00    !COMP 6                 
   142:  3.37806E-08  1.19869E-07  -1.71323E-09  -2.49965E-20  0.0  -1.00873E-07                            
   143: -6.73744E-06  6.29310E-06  -2.55359E-06  -3.35223E-17  0.0   0.00000E+00    !COMP 7                 
   144:  3.32495E-08  1.17585E-07  -1.72421E-09  -2.54896E-20  0.0  -9.88578E-08                            
   145: -6.19725E-06  6.11904E-06  -2.48880E-06  -3.26704E-17  0.0   0.00000E+00    !COMP 8                 
   146:  3.27201E-08  1.15319E-07  -1.73502E-09  -2.56049E-20  0.0  -9.68489E-08                            
   147: -5.68220E-06  5.94711E-06  -2.42240E-06  -3.17976E-17  0.0   0.00000E+00    !COMP 9                 
   148:  3.43859E-08  1.18186E-07  -2.24335E-09  -3.20225E-20  0.0  -9.93312E-08                            
   149: -5.86898E-06  6.08443E-06  -2.77657E-06  -3.64509E-17  0.0   0.00000E+00    !COMP 10                
   150:  3.38559E-08  1.15917E-07  -2.25369E-09  -3.24873E-20  0.0  -9.73291E-08                            
   151: -5.38345E-06  5.91697E-06  -2.70780E-06  -3.55476E-17  0.0   0.00000E+00    !COMP 11                
   152:                                                                                                     
   153: ! FUEL TEMPERATURE CARD                                                                             
   154: %FTEM                                                                                               
   155: 891.19  891.45  ! Average Fuel Temperature and fuel temperature Ref. in Kelvin                      
   156: ! CX change per Fuel Temperature Changes                                                            
   157: !  sigtr          siga         nu*sigf     kappa*sigf sigs_g1   sigs_g2                             
   158:  0.00000E+00   0.00000E+00   0.00000E+00   0.00000E+00  0.0   0.00000E+00                           
   159:  0.00000E+00   0.00000E+00   0.00000E+00   0.00000E+00  0.0   0.00000E+00    !COMP 1                
   160:  0.00000E+00   0.00000E+00   0.00000E+00   0.00000E+00  0.0   0.00000E+00                           
   161:  0.00000E+00   0.00000E+00   0.00000E+00   0.00000E+00  0.0   0.00000E+00    !COMP 2                
   162:  0.00000E+00   0.00000E+00   0.00000E+00   0.00000E+00  0.0   0.00000E+00                           
   163:  0.00000E+00   0.00000E+00   0.00000E+00   0.00000E+00  0.0   0.00000E+00    !COMP 3                
   164: -3.09197E-05   3.49709E-05   6.40134E-07   7.15412E-18  0.0  -2.75536E-05                           
   165: -0.000137292  -3.71806E-05  -5.63037E-05  -7.39188E-16  0.0   0.00000E+00    !COMP 4                
   166: -3.08607E-05   3.51798E-05   9.97431E-07   1.18685E-17  0.0  -2.76766E-05                           
   167: -0.000117481  -3.77039E-05  -6.04155E-05  -7.93170E-16  0.0   0.00000E+00    !COMP 5                
   168: -3.09165E-05   3.53841E-05   1.41847E-06   1.74269E-17  0.0  -2.78390E-05                           
   169: -0.000101337  -3.77558E-05  -0.000063096  -8.28363E-16  0.0   0.00000E+00    !COMP 6                
   170: -3.13746E-05   3.48699E-05   9.45431E-07   1.18685E-17  0.0  -2.73550E-05                           
   171: -0.000108271  -3.72748E-05  -5.79662E-05  -7.60849E-16  0.0   0.00000E+00    !COMP 7                
   172: -3.15503E-05   3.47274E-05   9.26078E-07   1.08935E-17  0.0  -2.72381E-05                           
   173: -0.000105521  -3.71808E-05  -5.71108E-05  -7.49575E-16  0.0   0.00000E+00    !COMP 8                
   174: -3.17281E-05   3.46026E-05   9.05802E-07   1.06166E-17  0.0  -2.71169E-05                           
   175: -0.000102525  -3.70201E-05  -5.61543E-05  -7.36969E-16  0.0   0.00000E+00    !COMP 9                
   176: -3.14192E-05   3.50637E-05   1.35642E-06   1.74269E-17  0.0  -2.75049E-05                           
   177: -9.38886E-05  -3.71403E-05  -6.05052E-05  -7.94252E-16  0.0   0.00000E+00    !COMP 10               
   178: -3.15908E-05   3.49119E-05   1.33336E-06   1.62769E-17  0.0  -2.73835E-05                           
   179: -9.17126E-05  -3.69909E-05  -5.96284E-05  -7.82716E-16  0.0   0.00000E+00    !COMP 11               
   180:                                                                                                     
   181: ! MODERATOR TEMPERATURE CARD                                                                        
   182: %MTEM                                                                                               
   183: 559.19  579.75  ! Average Moderator Temperature and Moderator temperature Ref. Kelvin               
   184: ! CX change per Moderator Temperature Changes                                                       
   185: !  sigtr          siga         nu*sigf     kappa*sigf  sigs_g1   sigs_g2                            
   186:  0.00000E+00   0.00000E+00   0.00000E+00   0.00000E+00  0.0  0.00000E+00                            
   187:  0.00000E+00   0.00000E+00   0.00000E+00   0.00000E+00  0.0  0.00000E+00    !COMP 1                 
   188:  0.00000E+00   0.00000E+00   0.00000E+00   0.00000E+00  0.0  0.00000E+00                            
   189:  0.00000E+00   0.00000E+00   0.00000E+00   0.00000E+00  0.0  0.00000E+00    !COMP 2                 
   190:  0.00000E+00   0.00000E+00   0.00000E+00   0.00000E+00  0.0  0.00000E+00                            
   191:  0.00000E+00   0.00000E+00   0.00000E+00   0.00000E+00  0.0  0.00000E+00    !COMP 3                 
   192: -2.03310E-06   2.12191E-07   1.24709E-07   1.43035E-18  0.0  8.09676E-07                            
   193: -1.08674E-04  -3.15597E-05  -4.16439E-05  -5.46722E-16  0.0  0.00000E+00    !COMP 4                 
   194: -1.98080E-06   2.26000E-07   1.35145E-07   1.56896E-18  0.0  8.58474E-07                            
   195: -9.06150E-05  -3.21435E-05  -4.53102E-05  -5.94857E-16  0.0  0.00000E+00    !COMP 5                 
   196: -1.92434E-06   2.39939E-07   1.49084E-07   1.75422E-18  0.0  9.03494E-07                            
   197: -7.62786E-05  -3.23776E-05  -4.78475E-05  -6.28174E-16  0.0  0.00000E+00    !COMP 6                 
   198: -2.69634E-06   2.48530E-07   1.40773E-07   1.56896E-18  0.0  7.01311E-07                            
   199: -7.62435E-05  -3.00119E-05  -4.20202E-05  -5.51669E-16  0.0  0.00000E+00    !COMP 7                 
   200: -3.07905E-06   2.61854E-07   1.43235E-07   1.67897E-18  0.0  6.17380E-07                            
   201: -7.33397E-05  -2.91929E-05  -4.07701E-05  -5.35261E-16  0.0  0.00000E+00    !COMP 8                 
   202: -3.53877E-06   2.74313E-07   1.46019E-07   1.71665E-18  0.0  5.16547E-07                            
   203: -7.13711E-05  -2.83041E-05  -3.94319E-05  -5.17689E-16  0.0  0.00000E+00    !COMP 9                 
   204: -2.63907E-06   2.64289E-07   1.55858E-07   1.75422E-18  0.0  7.44320E-07                            
   205: -6.39554E-05  -3.03509E-05  -4.44431E-05  -5.83483E-16  0.0  0.00000E+00    !COMP 10                
   206: -3.02147E-06   2.79060E-07   1.58814E-07   1.88528E-18  0.0  6.59521E-07                            
   207: -6.16984E-05  -2.95626E-05  -4.31588E-05  -5.66622E-16  0.0  0.00000E+00    !COMP 11                
   208:                                                                                                     
   209: ! COOLANT DENSITY CARD                                                                              
   210: %CDEN                                                                                               
   211: 0.7464  0.7125  ! Average Coolant Density and Coolant Density Ref. in g/cm3                         
   212: ! CX change per Coolant Density Changes                                                             
   213: !  sigtr          siga         nu*sigf  kappa*sigf sigs_g1   sigs_g2                                
   214: 7.45756E-02  2.07688E-04  0.00000E+00  0.00000E+00  0.0  3.71310E-02                                
   215: 5.33634E-01  7.58421E-03  0.00000E+00  0.00000E+00  0.0  0.00000E+00    !COMP 1                     
   216: 0.00000E+00  0.00000E+00  0.00000E+00  0.00000E+00  0.0  0.00000E+00                                
   217: 0.00000E+00  0.00000E+00  0.00000E+00  0.00000E+00  0.0  0.00000E+00    !COMP 2                     
   218: 0.00000E+00  0.00000E+00  0.00000E+00  0.00000E+00  0.0  0.00000E+00                                
   219: 0.00000E+00  0.00000E+00  0.00000E+00  0.00000E+00  0.0  0.00000E+00    !COMP 3                     
   220: 1.35665E-01  1.55185E-03  9.20694E-04  1.02392E-14  0.0  2.93195E-02                                
   221: 9.92628E-01  2.52662E-02  2.47746E-02  3.25255E-13  0.0  0.00000E+00    !COMP 4                     
   222: 1.35748E-01  1.61491E-03  9.64160E-04  1.08141E-14  0.0  2.92696E-02                                
   223: 9.81985E-01  2.86667E-02  3.14993E-02  4.13542E-13  0.0  0.00000E+00    !COMP 5                     
   224: 1.35827E-01  1.68015E-03  1.01410E-03  1.14771E-14  0.0  2.92154E-02                                
   225: 9.72267E-01  3.19571E-02  3.81097E-02  5.00328E-13  0.0  0.00000E+00    !COMP 6                     
   226: 1.31033E-01  1.68397E-03  9.81951E-04  1.08141E-14  0.0  2.82489E-02                                
   227: 9.34697E-01  3.14240E-02  3.51588E-02  4.61715E-13  0.0  0.00000E+00    !COMP 7                     
   228: 1.29379E-01  1.71972E-03  9.88437E-04  1.11322E-14  0.0  2.78895E-02                                
   229: 9.18171E-01  3.24715E-02  3.63251E-02  4.77078E-13  0.0  0.00000E+00    !COMP 8                     
   230: 1.27682E-01  1.74989E-03  9.95175E-04  1.12209E-14  0.0  2.75202E-02                                
   231: 9.01293E-01  3.35945E-02  3.74499E-02  4.91900E-13  0.0  0.00000E+00    !COMP 9                     
   232: 1.31116E-01  1.75528E-03  1.03522E-03  1.14771E-14  0.0  2.81877E-02                                
   233: 9.24925E-01  3.49853E-02  4.20693E-02  5.52387E-13  0.0  0.00000E+00    !COMP 10                    
   234: 1.29463E-01  1.79499E-03  1.04291E-03  1.18534E-14  0.0  2.78259E-02                                
   235: 9.08456E-01  3.61032E-02  4.33215E-02  5.68857E-13  0.0  0.00000E+00    !COMP 11                    
   236:                                                                                                     
   237: ! THERMAL-HYDRAULIC CARD                                                                            
   238: %THER                                                                                               
   239: 100.                                   ! Percent power in %                                         
   240: 1387.5e6                               ! Reactor thermal power for half geometry in Watt            
   241: 559.15  82.12102                       ! Inlet coolant temp. (Kelvin) and Fuel Assembly Mass flow ra
   242: 4.11950E-03  6.8E-05  5.71E-04  1.2655E-2 ! Fuel meat rad., gap thinkness, cladding thinkness and pi
   243: 264  25                                ! Number of fuel pin and guide tubes                         
   244: 0.019                                  ! FRACTION OF HEAT DEPOSITED IN COOLANT                      
   245: 1                                                                                                   
  =============================INPUT DATA   ENDS HERE===========================



                              START READING INPUT
  ******************************************************************************
  CALCULATION MODE : CRITICAL BORON CONCENTRATION SEARCH WITH T-H FEEDBACK       

  CASE ID : NEACRP Critical Boron Concentration Search - Case C2                                                
  10.803 CM NODE SIZE                                                                                 


            >>>> READING MACROSCOPIC CROSS SECTIONS <<<<
            --------------------------------------------

     MATERIAL  1
    GROUP   TRANSPORT  DIFFUSION  ABSORPTION  REMOVAL    NU*FISS    KAP*FIS   FISS. SPCTR
       1     0.053206  6.264981   0.000373    0.026829   0.000000   0.000000  1.000000
       2     0.386406  0.862651   0.017722    0.017722   0.000000   0.000000  0.000000
   --SCATTERING MATRIX--
     G/G'          1          2
      1        0.000000    0.026455
      2        0.000000    0.000000

     MATERIAL  2
    GROUP   TRANSPORT  DIFFUSION  ABSORPTION  REMOVAL    NU*FISS    KAP*FIS   FISS. SPCTR
       1     0.295609  1.127616   0.001188    0.024349   0.000000   0.000000  1.000000
       2     2.459310  0.135539   0.252618    0.252618   0.000000   0.000000  0.000000
   --SCATTERING MATRIX--
     G/G'          1          2
      1        0.000000    0.023161
      2        0.000000    0.000000

     MATERIAL  3
    GROUP   TRANSPORT  DIFFUSION  ABSORPTION  REMOVAL    NU*FISS    KAP*FIS   FISS. SPCTR
       1     0.295609  1.127616   0.001188    0.021269   0.000000   0.000000  1.000000
       2     2.459310  0.135539   0.252618    0.252618   0.000000   0.000000  0.000000
   --SCATTERING MATRIX--
     G/G'          1          2
      1        0.000000    0.020081
      2        0.000000    0.000000

     MATERIAL  4
    GROUP   TRANSPORT  DIFFUSION  ABSORPTION  REMOVAL    NU*FISS    KAP*FIS   FISS. SPCTR
       1     0.222117  1.500711   0.008718    0.026968   0.004983   0.000000  1.000000
       2     0.803140  0.415038   0.065255    0.065255   0.083903   0.000000  0.000000
   --SCATTERING MATRIX--
     G/G'          1          2
      1        0.000000    0.018250
      2        0.000000    0.000000

     MATERIAL  5
    GROUP   TRANSPORT  DIFFUSION  ABSORPTION  REMOVAL    NU*FISS    KAP*FIS   FISS. SPCTR
       1     0.221914  1.502083   0.009061    0.027065   0.005577   0.000000  1.000000
       2     0.795538  0.419004   0.072335    0.072335   0.099863   0.000000  0.000000
   --SCATTERING MATRIX--
     G/G'          1          2
      1        0.000000    0.018004
      2        0.000000    0.000000

     MATERIAL  6
    GROUP   TRANSPORT  DIFFUSION  ABSORPTION  REMOVAL    NU*FISS    KAP*FIS   FISS. SPCTR
       1     0.221715  1.503432   0.009385    0.027152   0.006150   0.000000  1.000000
       2     0.789253  0.422340   0.078920    0.078920   0.114667   0.000000  0.000000
   --SCATTERING MATRIX--
     G/G'          1          2
      1        0.000000    0.017767
      2        0.000000    0.000000

     MATERIAL  7
    GROUP   TRANSPORT  DIFFUSION  ABSORPTION  REMOVAL    NU*FISS    KAP*FIS   FISS. SPCTR
       1     0.222039  1.501238   0.009317    0.026455   0.005550   0.000000  1.000000
       2     0.776230  0.429426   0.079633    0.079633   0.098558   0.000000  0.000000
   --SCATTERING MATRIX--
     G/G'          1          2
      1        0.000000    0.017138
      2        0.000000    0.000000

     MATERIAL  8
    GROUP   TRANSPORT  DIFFUSION  ABSORPTION  REMOVAL    NU*FISS    KAP*FIS   FISS. SPCTR
       1     0.222083  1.500940   0.009400    0.026250   0.005541   0.000000  1.000000
       2     0.769969  0.432918   0.082109    0.082109   0.098006   0.000000  0.000000
   --SCATTERING MATRIX--
     G/G'          1          2
      1        0.000000    0.016850
      2        0.000000    0.000000

     MATERIAL  9
    GROUP   TRANSPORT  DIFFUSION  ABSORPTION  REMOVAL    NU*FISS    KAP*FIS   FISS. SPCTR
       1     0.222127  1.500643   0.009483    0.026045   0.005531   0.000000  1.000000
       2     0.763813  0.436407   0.084591    0.084591   0.097411   0.000000  0.000000
   --SCATTERING MATRIX--
     G/G'          1          2
      1        0.000000    0.016563
      2        0.000000    0.000000

     MATERIAL 10
    GROUP   TRANSPORT  DIFFUSION  ABSORPTION  REMOVAL    NU*FISS    KAP*FIS   FISS. SPCTR
       1     0.221836  1.502612   0.009637    0.026542   0.006124   0.000000  1.000000
       2     0.770705  0.432504   0.086119    0.086119   0.113241   0.000000  0.000000
   --SCATTERING MATRIX--
     G/G'          1          2
      1        0.000000    0.016904
      2        0.000000    0.000000

     MATERIAL 11
    GROUP   TRANSPORT  DIFFUSION  ABSORPTION  REMOVAL    NU*FISS    KAP*FIS   FISS. SPCTR
       1     0.221878  1.502327   0.009719    0.026337   0.006114   0.000000  1.000000
       2     0.764704  0.435899   0.088549    0.088549   0.112635   0.000000  0.000000
   --SCATTERING MATRIX--
     G/G'          1          2
      1        0.000000    0.016618
      2        0.000000    0.000000

  ...Macroscopic CX Card is successfully read...


            >>>>>READING CORE GEOMETRY<<<<<
            -------------------------------
  Number of assembly in x, y and z directions respectively :
          17           9          18
  Number of nodes in x, y and z directions respectively :
          34          17          18

  x-directed nodes division (delta-x)
    10.80  10.80  10.80  10.80  10.80  10.80  10.80  10.80  10.80  10.80
    10.80  10.80  10.80  10.80  10.80  10.80  10.80  10.80  10.80  10.80
    10.80  10.80  10.80  10.80  10.80  10.80  10.80  10.80  10.80  10.80
    10.80  10.80  10.80  10.80
  y-directed nodes division (delta-y)
    10.80  10.80  10.80  10.80  10.80  10.80  10.80  10.80  10.80  10.80
    10.80  10.80  10.80  10.80  10.80  10.80  10.80

   Planar Region :  1
        1  2  3  4  5  6  7  8  9 10 11 12 13 14 15 16 17 18 19 20 21 22 23 24 25 26 27 28 29 30 31 32 33 34
    17  2  2  1  1  1  1  1  1  1  1  1  1  1  1  1  1  1  1  1  1  1  1  1  1  1  1  1  1  1  1  1  1  2  2 
    16  2  2  1  1  1  1  1  1  1  1  1  1  1  1  1  1  1  1  1  1  1  1  1  1  1  1  1  1  1  1  1  1  2  2 
    15  2  2  1  1  1  1  1  1  1  1  1  1  1  1  1  1  1  1  1  1  1  1  1  1  1  1  1  1  1  1  1  1  2  2 
    14  2  2  3  3  1  1  1  1  1  1  1  1  1  1  1  1  1  1  1  1  1  1  1  1  1  1  1  1  1  1  3  3  2  2 
    13  2  2  3  3  1  1  1  1  1  1  1  1  1  1  1  1  1  1  1  1  1  1  1  1  1  1  1  1  1  1  3  3  2  2 
    12        2  2  1  1  1  1  1  1  1  1  1  1  1  1  1  1  1  1  1  1  1  1  1  1  1  1  1  1  2  2       
    11        2  2  1  1  1  1  1  1  1  1  1  1  1  1  1  1  1  1  1  1  1  1  1  1  1  1  1  1  2  2       
    10        2  2  3  3  1  1  1  1  1  1  1  1  1  1  1  1  1  1  1  1  1  1  1  1  1  1  3  3  2  2       
     9        2  2  3  3  1  1  1  1  1  1  1  1  1  1  1  1  1  1  1  1  1  1  1  1  1  1  3  3  2  2       
     8              2  2  3  3  1  1  1  1  1  1  1  1  1  1  1  1  1  1  1  1  1  1  3  3  2  2             
     7              2  2  3  3  1  1  1  1  1  1  1  1  1  1  1  1  1  1  1  1  1  1  3  3  2  2             
     6                    2  2  3  3  1  1  1  1  1  1  1  1  1  1  1  1  1  1  3  3  2  2                   
     5                    2  2  3  3  1  1  1  1  1  1  1  1  1  1  1  1  1  1  3  3  2  2                   
     4                          2  2  2  2  3  3  1  1  1  1  1  1  3  3  2  2  2  2                         
     3                          2  2  2  2  3  3  1  1  1  1  1  1  3  3  2  2  2  2                         
     2                                      2  2  2  2  2  2  2  2  2  2                                     
     1                                      2  2  2  2  2  2  2  2  2  2                                     
   Planar Region :  2
        1  2  3  4  5  6  7  8  9 10 11 12 13 14 15 16 17 18 19 20 21 22 23 24 25 26 27 28 29 30 31 32 33 34
    17  2  2  6  6  4  4  5  5  4  4  5  5  4  4  5  5  4  4  5  5  4  4  5  5  4  4  5  5  4  4  6  6  2  2 
    16  2  2  6  6  6  6  4  4  5  5  4  4  5  5  4  4  5  5  4  4  5  5  4  4  5  5  4  4  6  6  6  6  2  2 
    15  2  2  6  6  6  6  4  4  5  5  4  4  5  5  4  4  5  5  4  4  5  5  4  4  5  5  4  4  6  6  6  6  2  2 
    14  2  2  3  3  6  6  5  5  4  4  5  5  4  4  5  5  4  4  5  5  4  4  5  5  4  4  5  5  6  6  3  3  2  2 
    13  2  2  3  3  6  6  5  5  4  4  5  5  4  4  5  5  4  4  5  5  4  4  5  5  4  4  5  5  6  6  3  3  2  2 
    12        2  2  6  6  6  6  5  5  4  4  5  5  4  4  5  5  4  4  5  5  4  4  5  5  6  6  6  6  2  2       
    11        2  2  6  6  6  6  5  5  4  4  5  5  4  4  5  5  4  4  5  5  4  4  5  5  6  6  6  6  2  2       
    10        2  2  3  3  6  6  4  4  5  5  4  4  5  5  4  4  5  5  4  4  5  5  4  4  6  6  3  3  2  2       
     9        2  2  3  3  6  6  4  4  5  5  4  4  5  5  4  4  5  5  4  4  5  5  4  4  6  6  3  3  2  2       
     8              2  2  3  3  6  6  6  6  5  5  4  4  5  5  4  4  5  5  6  6  6  6  3  3  2  2             
     7              2  2  3  3  6  6  6  6  5  5  4  4  5  5  4  4  5  5  6  6  6  6  3  3  2  2             
     6                    2  2  3  3  6  6  6  6  6  6  4  4  6  6  6  6  6  6  3  3  2  2                   
     5                    2  2  3  3  6  6  6  6  6  6  4  4  6  6  6  6  6  6  3  3  2  2                   
     4                          2  2  2  2  3  3  6  6  6  6  6  6  3  3  2  2  2  2                         
     3                          2  2  2  2  3  3  6  6  6  6  6  6  3  3  2  2  2  2                         
     2                                      2  2  2  2  2  2  2  2  2  2                                     
     1                                      2  2  2  2  2  2  2  2  2  2                                     
   Planar Region :  3
        1  2  3  4  5  6  7  8  9 10 11 12 13 14 15 16 17 18 19 20 21 22 23 24 25 26 27 28 29 30 31 32 33 34
    17  2  2  6  6  4  4  7  7  4  4  9  9  4  4  9  9  4  4  9  9  4  4  9  9  4  4  7  7  4  4  6  6  2  2 
    16  2  2  6  6  11 11 4  4  8  8  4  4  8  8  4  4  9  9  4  4  8  8  4  4  8  8  4  4  11 11 6  6  2  2 
    15  2  2  6  6  11 11 4  4  8  8  4  4  8  8  4  4  9  9  4  4  8  8  4  4  8  8  4  4  11 11 6  6  2  2 
    14  2  2  3  3  6  6  8  8  4  4  8  8  4  4  8  8  4  4  8  8  4  4  8  8  4  4  8  8  6  6  3  3  2  2 
    13  2  2  3  3  6  6  8  8  4  4  8  8  4  4  8  8  4  4  8  8  4  4  8  8  4  4  8  8  6  6  3  3  2  2 
    12        2  2  6  6  10 10 8  8  4  4  8  8  4  4  9  9  4  4  8  8  4  4  8  8  10 10 6  6  2  2       
    11        2  2  6  6  10 10 8  8  4  4  8  8  4  4  9  9  4  4  8  8  4  4  8  8  10 10 6  6  2  2       
    10        2  2  3  3  6  6  4  4  8  8  4  4  8  8  4  4  8  8  4  4  8  8  4  4  6  6  3  3  2  2       
     9        2  2  3  3  6  6  4  4  8  8  4  4  8  8  4  4  8  8  4  4  8  8  4  4  6  6  3  3  2  2       
     8              2  2  3  3  6  6  10 10 8  8  4  4  7  7  4  4  8  8  10 10 6  6  3  3  2  2             
     7              2  2  3  3  6  6  10 10 8  8  4  4  7  7  4  4  8  8  10 10 6  6  3  3  2  2             
     6                    2  2  3  3  6  6  6  6  11 11 4  4  11 11 6  6  6  6  3  3  2  2                   
     5                    2  2  3  3  6  6  6  6  11 11 4  4  11 11 6  6  6  6  3  3  2  2                   
     4                          2  2  2  2  3  3  6  6  6  6  6  6  3  3  2  2  2  2                         
     3                          2  2  2  2  3  3  6  6  6  6  6  6  3  3  2  2  2  2                         
     2                                      2  2  2  2  2  2  2  2  2  2                                     
     1                                      2  2  2  2  2  2  2  2  2  2                                     

  Planar Region Assignment to planes.
 --------------------------------------
   Plane Number     Planar Region    delta-z
       18 (TOP)            1          30.00
       17                  3           8.00
       16                  3          12.80
       15                  3          12.80
       14                  3          30.00
       13                  3          30.00
       12                  3          30.00
       11                  3          30.00
       10                  3          30.00
        9                  3          30.00
        8                  3          30.00
        7                  3          30.00
        6                  3          30.00
        5                  3          30.00
        4                  3          15.00
        3                  3          11.00
        2                  2           7.70
        1 (BOTTOM)         1          30.00

   Boundary conditions
  X-directed West   : ZERO FLUX
  X-directed East   : ZERO FLUX
  Y-directed North  : REFLECTIVE
  Y-directed South  : ZERO FLUX
  Z-directed Bottom : ZERO FLUX
  Z-directed Top    : ZERO FLUX

  ...Core geometry is successfully read...


            >>>> READING BORON CONCENTRATION FOR BC SEARCH <<<<
            --------------------------------------------------

  ...Critical Boron Search card is successfully read...


            >>>> READING CONTROL RODS INSERTION <<<<
            --------------------------------------------
  NUMBER OF CONTROL ROD BANK  :  8
  MAX. NUMBER OF STEPS        : 228
  FULLY INSERTED POSITION (cm): 37.7 (FROM BOTTOM OF THE CORE)
  STEP SIZE (cm)              :   1.5942
  INITIAL CONTROL ROD BANK POSITION (STEPS) : 
  (0 means fully inserted) 
    Bank  1  Bank  2  Bank  3  Bank  4  Bank  5  Bank  6  Bank  7  Bank  8
    100.0    200.0    100.0    200.0    200.0    200.0    200.0    100.0

  CONTROL ROD BANK MAP : 
  0  0  3  0  0  0  2  0  1  0  2  0  0  0  8  0  0
  0  0  0  6  0  0  0  4  0  4  0  0  0  6  0  0  0
  0  0  6  0  6  0  5  0  2  0  5  0  6  0  6  0  0
  0  0  0  0  0  4  0  0  0  0  0  4  0  0  0  0  0
  0  0  0  0  7  0  6  0  0  0  6  0  7  0  0  0  0
  0  0  0  0  0  0  0  6  0  6  0  0  0  0  0  0  0
  0  0  0  0  0  0  6  0  3  0  6  0  0  0  0  0  0
  0  0  0  0  0  0  0  0  0  0  0  0  0  0  0  0  0
  0  0  0  0  0  0  0  0  0  0  0  0  0  0  0  0  0

  MATERIAL CX INCREMENT OR DECREMENT DUE TO CR INSERTION : 
    MATERIAL  1
    GROUP   TRANSPORT  ABSORPTION      NU*FISS      FISSION
       1     0.003732    0.002478    -0.000103    -0.000000
       2    -0.021993    0.025587    -0.002823    -0.000000
   --SCATTERING MATRIX--
     G/G'        1        2
      1      0.000000 -0.003193
      2      0.000000  0.000000
    MATERIAL  2
    GROUP   TRANSPORT  ABSORPTION      NU*FISS      FISSION
       1     0.003732    0.002478    -0.000103    -0.000000
       2    -0.021993    0.025587    -0.002823    -0.000000
   --SCATTERING MATRIX--
     G/G'        1        2
      1      0.000000 -0.003193
      2      0.000000  0.000000
    MATERIAL  3
    GROUP   TRANSPORT  ABSORPTION      NU*FISS      FISSION
       1     0.003732    0.002478    -0.000103    -0.000000
       2    -0.021993    0.025587    -0.002823    -0.000000
   --SCATTERING MATRIX--
     G/G'        1        2
      1      0.000000 -0.003193
      2      0.000000  0.000000
    MATERIAL  4
    GROUP   TRANSPORT  ABSORPTION      NU*FISS      FISSION
       1     0.003732    0.002478    -0.000103    -0.000000
       2    -0.021993    0.025587    -0.002823    -0.000000
   --SCATTERING MATRIX--
     G/G'        1        2
      1      0.000000 -0.003193
      2      0.000000  0.000000
    MATERIAL  5
    GROUP   TRANSPORT  ABSORPTION      NU*FISS      FISSION
       1     0.003732    0.002478    -0.000103    -0.000000
       2    -0.021993    0.025587    -0.002823    -0.000000
   --SCATTERING MATRIX--
     G/G'        1        2
      1      0.000000 -0.003193
      2      0.000000  0.000000
    MATERIAL  6
    GROUP   TRANSPORT  ABSORPTION      NU*FISS      FISSION
       1     0.003741    0.002429    -0.000123    -0.000000
       2    -0.016750    0.025648    -0.003281    -0.000000
   --SCATTERING MATRIX--
     G/G'        1        2
      1      0.000000 -0.003142
      2      0.000000  0.000000
    MATERIAL  7
    GROUP   TRANSPORT  ABSORPTION      NU*FISS      FISSION
       1     0.003732    0.002478    -0.000103    -0.000000
       2    -0.021993    0.025587    -0.002823    -0.000000
   --SCATTERING MATRIX--
     G/G'        1        2
      1      0.000000 -0.003193
      2      0.000000  0.000000
    MATERIAL  8
    GROUP   TRANSPORT  ABSORPTION      NU*FISS      FISSION
       1     0.003732    0.002478    -0.000103    -0.000000
       2    -0.021993    0.025587    -0.002823    -0.000000
   --SCATTERING MATRIX--
     G/G'        1        2
      1      0.000000 -0.003193
      2      0.000000  0.000000
    MATERIAL  9
    GROUP   TRANSPORT  ABSORPTION      NU*FISS      FISSION
       1     0.003732    0.002478    -0.000103    -0.000000
       2    -0.021993    0.025587    -0.002823    -0.000000
   --SCATTERING MATRIX--
     G/G'        1        2
      1      0.000000 -0.003193
      2      0.000000  0.000000
    MATERIAL 10
    GROUP   TRANSPORT  ABSORPTION      NU*FISS      FISSION
       1     0.003732    0.002478    -0.000103    -0.000000
       2    -0.021993    0.025587    -0.002823    -0.000000
   --SCATTERING MATRIX--
     G/G'        1        2
      1      0.000000 -0.003193
      2      0.000000  0.000000
    MATERIAL 11
    GROUP   TRANSPORT  ABSORPTION      NU*FISS      FISSION
       1     0.003732    0.002478    -0.000103    -0.000000
       2    -0.021993    0.025587    -0.002823    -0.000000
   --SCATTERING MATRIX--
     G/G'        1        2
      1      0.000000 -0.003193
      2      0.000000  0.000000

  ...Control Rods Insertion card is successfully read...


            >>>>>READING ITERATION CONTROL<<<<<
            ------------------------------------
  MAXIMUM NUMBER OF OUTER ITERATION                     :   800
  MAXIMUM NUMBER OF INNER ITERATION                     :     2
  FISSION SOURCE ERROR CRITERIA                     :    1.000E-05
  FLUX ERROR CRITERIA                               :    1.000E-05
  OUTER ITERATION FISSION SOURCE EXTRAPOLATION INTERVAL :     5
  NODAL UPDATE INTERVAL                                 :    40
  MAX. NUMBER OF T-H ITERATION                          :    60
  MAX. NUMBER OF OUTER ITERATION PER T-H ITERATION      :    80


            >>>>   READING THERMAL-HYDRAULIC DATA   <<<<
            --------------------------------------------
  REACTOR PERCENT POWER (%)                :    100.00000
  REACTOR POWER (Watt)                     :   1.3875E+09
  COOLANT INLET TEMPERATURE (Kelvin)       :   5.5915E+02
  FUEL ASSEMBLY MASS FLOW RATE (Kg/s)      :   8.2121E+01
  FUEL MEAT RADIUS (m)                     :   4.1195E-03
  GAP THICKNESS (m)                        :   6.8000E-05
  CLAD THICKNESS (m)                       :   5.7100E-04
  PIN PITCH(m)                             :   1.2655E-02
  FRACTION OF HEAT DEPOSITED IN COOL.      :   1.9000E-02

  ...Thermal-hydraulic Card is successfully read...


            >>>>      READING FUEL TEMPERATURE      <<<<
            --------------------------------------------

  ...Fuel Temperature is card successfully read...


            >>>>   READING MODERATOR TEMPERATURE    <<<<
            --------------------------------------------

  ...Moderator Temperature Card is successfully read...


            >>>>       READING COOLANT DENSITY      <<<<
            --------------------------------------------

  ...Coolant Density Card is successfully read...


  ************************  STOP READING INPUT  ********************************


 =========================================================================
                   CRITICAL BORON CONCENTRATION SEARCH
 =========================================================================

Itr  Boron Conc.   K-EFF     FLUX ERR.    FISS. SRC. ERR.  DOPPLER ERR.
 -----------------------------------------------------------------------
  1  1200.20       1.00654   1.35575E-03  1.86490E-04      7.87766E+01
  2  1208.05       0.99665   1.04590E-03  5.43383E-05      5.52007E+01
  3  1205.39       0.99549   1.23491E-04  4.67356E-05      1.84191E+01
  4  1215.80       0.99423   2.04927E-06  4.38482E-06      2.28505E+00
  5  1168.38       0.99879   1.92045E-06  4.59999E-06      1.10903E+00
  6  1155.81       1.00002   2.66262E-06  7.62412E-06      3.51666E-01
  7  1156.06       1.00000   9.42974E-06  9.93314E-06      5.19231E-02


     Radial Power Distribution
   ==============================
           1       2       3       4       5       6       7       8       9      10      11      12
     9           0.722   0.833   1.123   1.177   1.120   1.157   1.021   0.902   1.021   1.157   1.120
     8           0.575   0.941   1.088   1.154   1.192   1.171   1.124   1.021   1.124   1.171   1.192
     7                   0.913   1.010   1.133   1.174   1.203   1.171   1.157   1.171   1.203   1.174
     6                   0.643   0.980   1.034   1.142   1.174   1.192   1.120   1.192   1.174   1.142
     5                           0.711   0.914   1.034   1.133   1.154   1.177   1.154   1.133   1.034
     4                                   0.711   0.980   1.010   1.088   1.123   1.088   1.010   0.980
     3                                           0.643   0.913   0.941   0.833   0.941   0.913   0.643
     2                                                           0.575   0.722   0.575                
     1                                                                                                

          13      14      15      16      17
     9   1.177   1.123   0.833   0.722        
     8   1.154   1.088   0.941   0.575        
     7   1.133   1.010   0.913                
     6   1.034   0.980   0.643                
     5   0.914   0.711                        
     4   0.711                                
     3                                        
     2                                        
     1                                        

   MAX POS.       Maximum Value
  (  7,  7)          1.203


     Axial Power Density Distribution
   ====================================

     Plane Number        Power      Height
    -----------------------------------------
        18  (TOP)        0.000      427.30
        17               0.020      397.30
        16               0.041      389.30
        15               0.080      376.50
        14               0.198      363.70
        13               0.430      333.70
        12               0.685      303.70
        11               0.958      273.70
        10               1.267      243.70
         9               1.629      213.70
         8               2.004      183.70
         7               2.230      153.70
         6               2.202      123.70
         5               1.801       93.70
         4               1.215       63.70
         3               0.764       48.70
         2               0.476       37.70
         1  (BOTTOM)     0.000       30.00

   MAX POS.       Maximum Value
    (  7)             2.230


     Radial Flux Distribution
   ==============================
    Group :   1
             1          2          3          4          5          6          7          8          9         10         11         12
     9   9.865E-04  7.002E-03  1.025E-02  1.267E-02  1.358E-02  1.339E-02  1.337E-02  1.220E-02  1.127E-02  1.220E-02  1.337E-02  1.339E-02 
     8   7.336E-04  5.665E-03  1.028E-02  1.254E-02  1.338E-02  1.376E-02  1.358E-02  1.297E-02  1.220E-02  1.297E-02  1.358E-02  1.376E-02 
     7   1.779E-04  2.068E-03  9.064E-03  1.184E-02  1.303E-02  1.361E-02  1.390E-02  1.358E-02  1.337E-02  1.358E-02  1.390E-02  1.361E-02 
     6              8.856E-04  6.313E-03  1.053E-02  1.202E-02  1.312E-02  1.361E-02  1.376E-02  1.339E-02  1.376E-02  1.361E-02  1.312E-02 
     5              1.845E-04  1.727E-03  6.925E-03  1.032E-02  1.202E-02  1.303E-02  1.338E-02  1.358E-02  1.338E-02  1.303E-02  1.202E-02 
     4                         2.287E-04  1.794E-03  6.925E-03  1.053E-02  1.184E-02  1.254E-02  1.267E-02  1.254E-02  1.184E-02  1.053E-02 
     3                                    2.287E-04  1.727E-03  6.313E-03  9.064E-03  1.028E-02  1.025E-02  1.028E-02  9.064E-03  6.313E-03 
     2                                               1.845E-04  8.856E-04  2.068E-03  5.665E-03  7.002E-03  5.665E-03  2.068E-03  8.856E-04 
     1                                                                     1.779E-04  7.336E-04  9.865E-04  7.336E-04  1.779E-04            

            13         14         15         16         17
     9   1.358E-02  1.267E-02  1.025E-02  7.002E-03  9.865E-04 
     8   1.338E-02  1.254E-02  1.028E-02  5.665E-03  7.336E-04 
     7   1.303E-02  1.184E-02  9.064E-03  2.068E-03  1.779E-04 
     6   1.202E-02  1.053E-02  6.313E-03  8.856E-04            
     5   1.032E-02  6.925E-03  1.727E-03  1.845E-04            
     4   6.925E-03  1.794E-03  2.287E-04                       
     3   1.727E-03  2.287E-04                                  
     2   1.845E-04                                             
     1                                                         

    Group :   2
             1          2          3          4          5          6          7          8          9         10         11         12
     9   4.485E-04  6.904E-03  1.100E-02  1.247E-02  1.559E-02  1.239E-02  1.525E-02  1.129E-02  1.189E-02  1.129E-02  1.525E-02  1.239E-02 
     8   3.334E-04  5.442E-03  8.973E-03  1.438E-02  1.278E-02  1.575E-02  1.295E-02  1.484E-02  1.129E-02  1.484E-02  1.295E-02  1.575E-02 
     7   7.195E-05  8.481E-04  8.638E-03  1.109E-02  1.492E-02  1.297E-02  1.587E-02  1.295E-02  1.525E-02  1.295E-02  1.587E-02  1.297E-02 
     6              3.992E-04  6.049E-03  9.254E-03  1.136E-02  1.503E-02  1.297E-02  1.575E-02  1.239E-02  1.575E-02  1.297E-02  1.503E-02 
     5              7.470E-05  7.118E-04  6.692E-03  1.198E-02  1.136E-02  1.492E-02  1.278E-02  1.559E-02  1.278E-02  1.492E-02  1.136E-02 
     4                         9.196E-05  7.417E-04  6.692E-03  9.254E-03  1.109E-02  1.438E-02  1.247E-02  1.438E-02  1.109E-02  9.254E-03 
     3                                    9.196E-05  7.118E-04  6.049E-03  8.638E-03  8.973E-03  1.100E-02  8.973E-03  8.638E-03  6.049E-03 
     2                                               7.470E-05  3.992E-04  8.481E-04  5.442E-03  6.904E-03  5.442E-03  8.481E-04  3.992E-04 
     1                                                                     7.195E-05  3.334E-04  4.485E-04  3.334E-04  7.195E-05            

            13         14         15         16         17
     9   1.559E-02  1.247E-02  1.100E-02  6.904E-03  4.485E-04 
     8   1.278E-02  1.438E-02  8.973E-03  5.442E-03  3.334E-04 
     7   1.492E-02  1.109E-02  8.638E-03  8.481E-04  7.195E-05 
     6   1.136E-02  9.254E-03  6.049E-03  3.992E-04            
     5   1.198E-02  6.692E-03  7.118E-04  7.470E-05            
     4   6.692E-03  7.417E-04  9.196E-05                       
     3   7.118E-04  9.196E-05                                  
     2   7.470E-05                                             
     1                                                         


   HEAT FLUX HOT CHANNEL FACTOR :  2.256

  AVERAGE DOPPLER TEMPERATURE     :   813.0 K (  539.9 C)
  MAX FUEL CENTERLINE TEMPERATURE :  1950.9 K ( 1677.8 C)
  AVERAGE MODERATOR TEMPERATURE   :   583.7 K (  310.6 C)
  MAXIMUM MODERATOR TEMPERATURE   :   603.9 K (  330.8 C)
  OUTLET MODERATOR TEMPERATURE    :   597.0 K (  323.9 C)
  AVERAGE MODERATOR DENSITY       :   700.4 kg/m3 (  0.700 g/cc)
  OUTLET MODERATOR DENSITY        :   668.3 kg/m3 (  0.668 g/cc)


  CPU time breakdown in seconds
    Input reading time   :    0.0070  ( 0.5%)
    XSEC processing time :    0.0103  ( 0.7%)
    CMFD time            :    1.1071  (74.3%)
    Nodal update time    :    0.3429  (23.0%)
    T-H time             :    0.0228  ( 1.5%)
    ------------------------------------------
    Total time           :    1.4900
